filename: 01
xmlFile: /Users/admin/ocwslidedata/ocw.kyoto-u.ac.jp/002-004-(〜2010年)哲学講義/01/slide.xml
dir: /Users/admin/ocwslidedata/ocw.kyoto-u.ac.jp/002-004-(〜2010年)哲学講義/01
XML:
<presentation language="ja"><slide page="1"><body><p>ா㒌ኬᏕᩝᏕ㒂ူᏕㅦ⩇2006ᖳᗐ</p></body></slide><slide page="2"><body><p>ူᏕ䛮䛵ర䛑䇮♣ఌ䛴▩Ⓩපභ㈀䛭䛈䜑䚸ᴣᛍ䚹䛴᳠ゞ</p></body></slide><slide page="3"><body><p>▩Ⓩපභ㈀䛮䛵䠑䟺䠃䟻䇮පභᛮ䠌々ᩐ䛴▩Ⓩ䜬䞀䜼䜫䝷䝌䛱䜎䜑භྜྷషᴏ䛴᧧షᑊ㇗</p></body></slide><slide page="4"><body><p>▩Ⓩපභ㈀䛮䛵䠑䟺䠄䟻䇮♣ఌ䛴ᵋᠺさ௲</p></body></slide><slide page="5"><body><p>ူᏕⓏၡ㢗䛮䛵ర䛑䠑䇮㡷ᇡᶋ᩷Ⓩ䟺䠏ໜᣋⓏ䟻䛰ၡ䛊</p></body></slide><slide page="6"><body><p>▩Ⓩපභ㈀䠌䚸ெ⛸(race)䚹䟺䚸 Ằ᪐䟺ᛮ䟻(ethnicity)䚹䟻䟺䠃䟻䇮⏍∸ᏕⓏさᅄ䟺䟽♣ఌⓏさᅄ䟻䛱䜎䜑ฦ㢦</p></body></slide><slide page="7"><body><p>▩Ⓩපභ㈀䠌䚸ெ⛸(race)䚹䟺䚸 Ằ᪐䟺ᛮ䟻(ethnicity)䚹䟻䟺䠄䟻䇮䚸ெ⛸䚹ᴣᛍ䛴ྱណ</p></body></slide><slide page="8"><body><p>▩Ⓩපභ㈀䠌䚸ெ⛸(race)䚹䟺䚸 Ằ᪐䟺ᛮ䟻(ethnicity)䚹䟻䟺䠅䟻䇮஥ౚ䟺Bernier, 1684䟻</p></body></slide><slide page="9"><body><p>䚸ெ⛸䟺Ằ᪐ᛮ䟻䚹䛱䜄䛪䜕䜑ၡ㢗⩄(1)䇮䚸ெ⛸䟺Ằ᪐䟻ᕣื䚹ၡ㢗䟺䠃䟻䠌䚸Color Blind䚹㐘ິ</p></body></slide><slide page="10"><body><p>䚸ெ⛸䟺Ằ᪐ᛮ䟻䚹䛱䜄䛪䜕䜑ၡ㢗⩄(2)䇮䚸ெ⛸䟺Ằ᪐䟻ᕣื䚹ၡ㢗䟺䠄䟻䠌䜦䝙䝱䜿䝷䝌䝮䜾䝤㐘ິ</p></body></slide><slide page="11"><body><p>䚸ெ⛸䟺Ằ᪐ᛮ䟻䚹䛱䜄䛪䜕䜑ၡ㢗⩄(3)䇮䚸ெ⛸䟺Ằ᪐ᛮ䟻䚹䛵Ꮛᅹ䛟䜑䛴䛑䠑䟺䠃䟻䠌ெ⛸䝿ᮇ㈻୹⩇</p></body></slide><slide page="12"><body><p>䚸ெ⛸䟺Ằ᪐ᛮ䟻䚹䛱䜄䛪䜕䜑ၡ㢗⩄(4)䇮䚸ெ⛸䟺Ằ᪐ᛮ䟻䚹䛵Ꮛᅹ䛟䜑䛴䛑䠑䟺䠄䟻䠌ெ⛸䝿ᵋᠺ୹⩇</p></body></slide><slide page="13"><body><p>䚸ெ⛸䟺Ằ᪐ᛮ䟻䚹䛱䜄䛪䜕䜑ၡ㢗⩄(5)䇮䚸ெ⛸䟺Ằ᪐ᛮ䟻䚹䛵Ꮛᅹ䛟䜑䛴䛑䠑䟺䠅䟻䠌䚸ን⛸䚹䛴ኣ⩇ᛮ</p></body></slide><slide page="14"><body><p>䚸ெ⛸䟺Ằ᪐ᛮ䟻䚹䛱䜄䛪䜕䜑ၡ㢗⩄ (6)䇮䚸ெ⛸䟺Ằ᪐ᛮ䟻䚹䛵Ꮛᅹ䛟䜑䛴䛑䠑䟺䠆䟻䠌䚸ெ⛸䚹䛵⾪⌟ᆵን⛸䛑䠑</p></body></slide><slide page="15"><body><p>䚸ெ⛸䟺Ằ᪐ᛮ䟻䚹䛱䜄䛪䜕䜑ၡ㢗⩄(7)䇮䚸ெ⛸䟺Ằ᪐ᛮ䟻䚹䛵Ꮛᅹ䛟䜑䛴䛑䠑䟺䠇䟻䠌䚸ெ⛸䚹䛵㐿ఎᏄን⛸䛑䠑</p></body></slide><slide page="16"><body><p>䚸ெ⛸䟺Ằ᪐ᛮ䟻䚹䛱䜄䛪䜕䜑ၡ㢗⩄(8)䇮䚸ெ⛸䟺Ằ᪐ᛮ䟻䚹䛵Ꮛᅹ䛟䜑䛴䛑䠑䟺䠈䟻䠌䚸ெ⛸䚹䛴ᐁᅹㄵ䝿ཬᐁᅹㄵ䝿㐠ර୹⩇</p></body></slide><slide page="17"><body><p>䚸ெ⛸䟺Ằ᪐ᛮ䟻䚹䛱䜄䛪䜕䜑ၡ㢗⩄(9)䇮䚸⏍∸⛸䚹䛵Ꮛᅹ䛟䜑䛴䛑䠑䟺䠃䟻䠌⏍∸⛸䛮䛵䠑</p></body></slide><slide page="18"><body><p>䚸ெ⛸䟺Ằ᪐ᛮ䟻䚹䛱䜄䛪䜕䜑ၡ㢗⩄(10)䇮䚸⏍∸⛸䚹䛵Ꮛᅹ䛟䜑䛴䛑䠑䟺䠄䟻䠌⏍∸⛸䛴ฦ㢦Ἢ䛱㛭䛟䜑ㄵண</p></body></slide><slide page="19"><body><p>䚸ெ⛸䟺Ằ᪐ᛮ䟻䚹䛱䜄䛪䜕䜑ၡ㢗⩄(11)䇮䚸⏍∸⛸䚹䛵Ꮛᅹ䛟䜑䛴䛑䠑䟺䠅䟻䠌⛸䝿ᐁᅹㄵ䠁⛸䝿ཬᐁᅹㄵ</p></body></slide><slide page="20"><body><p>䚸ெ⛸䟺Ằ᪐ᛮ䟻䚹䛱䜄䛪䜕䜑ၡ㢗⩄(12)䇮䚸ᮇ㈻䚹䛵Ꮛᅹ䛟䜑䛴䛑䠑䟺䠃䟻䠌ᮇ㈻୹⩇vs ཬᮇ㈻୹⩇</p></body></slide><slide page="21"><body><p>䚸ெ⛸䟺Ằ᪐ᛮ䟻䚹䛱䜄䛪䜕䜑ၡ㢗⩄(13)䇮䚸ᮇ㈻䚹䛵Ꮛᅹ䛟䜑䛴䛑䠑䟺䠄䟻䠌ཬᮇ㈻୹⩇䠌ㄵ⌦ᐁッ୹⩇䟺䚸ᮇ㈻䚹䛮䛵ゕㄊⓏぞ⣑䛱㐛䛔䛰䛊䟻</p></body></slide><slide page="22"><body><p>䚸ெ⛸䟺Ằ᪐ᛮ䟻䚹䛱䜄䛪䜕䜑ၡ㢗⩄(14)䇮䚸ᮇ㈻䚹䛵Ꮛᅹ䛟䜑䛴䛑䠑䟺䠅䟻䠌ཬᮇ㈻୹⩇䠌䜳䝳䜨䝷䛱䜎䜑ᐁッ୹⩇䛴ᚥᗇ໩䟺䚸ᮇ㈻䚹䛵ゕㄊⓏぞ⣑䛮䛝䛬䛟䜏Ꮛᅹ䛝䛰䛊䟻</p></body></slide><slide page="23"><body><p>䚸ெ⛸䟺Ằ᪐ᛮ䟻䚹䛱䜄䛪䜕䜑ၡ㢗⩄(15)䇮䚸ᮇ㈻䚹䛵Ꮛᅹ䛟䜑䛴䛑䠑䟺䠆䟻䠌ཬᮇ㈻୹⩇䠌᪝ᖏゕㄊ୹⩇䝿ᐁᏋ୹⩇䝿䝡䜽䝌䝦䝄䝷୹⩇</p></body></slide><slide page="24"><body><p>䚸ெ⛸䟺Ằ᪐ᛮ䟻䚹䛱䜄䛪䜕䜑ၡ㢗⩄(16)䇮䚸ᮇ㈻䚹䛵Ꮛᅹ䛟䜑䛴䛑䠑䟺䠇䟻䠌ཬᮇ㈻୹⩇䠌♣ఌᵋᠺ୹⩇</p></body></slide><slide page="25"><body><p>䚸ெ⛸䟺Ằ᪐ᛮ䟻䚹䛱䜄䛪䜕䜑ၡ㢗⩄(17)䇮䚸ᮇ㈻䚹䛵Ꮛᅹ䛟䜑䛴䛑䠑䟺䠈䟻䠌䚸ᐓ᪐Ⓩ㢦జᛮ䚹䟺භ㏳ᛮ㈻䛴ྫྷᏽ䠁㢦జᛮ䛴々㞟䛰䝑䝇䝌䝳䞀䜳䛮䛊䛌௥᱄䟻</p></body></slide><slide page="26"><body><p>䚸ெ⛸䟺Ằ᪐ᛮ䟻䚹䛱䜄䛪䜕䜑ၡ㢗⩄(18)䇮ᮇ㈻䛵Ꮛᅹ䛟䜑䛴䛑䠑䟺䠉䟻䠌ᮇ㈻୹⩇䛴ᚗ⮾䟺ᵕ┞ㄵ⌦䛴᩺ᒈ㛜䛮䝑䜮䝿䜦䝮䜽䝌䝊䝰䜽୹⩇䟻</p></body></slide><slide page="27"><body><p>ᵕ┞ᴣᛍ䇮ᚪ↓ᛮ䝿ྊ⬗ᛮ䝿⌟ᐁᛮ䟺䝿ഃ↓ᛮ䟻</p></body></slide><slide page="28"><body><p>ㄵ⌦Ꮥ䛴┘Ⓩ䇮೸ධᛮ䛮Ᏸධᛮ</p></body></slide><slide page="29"><body><p>ㄵ⌦మ⣌䛴Ᏸධᛮ䇮ᵕ┞ㄵ⌦䛴Ᏸධᛮッ᪺䛮䚮䚸ᵕ┞䚹ᴣᛍ䛴ᚗᶊ</p></body></slide><slide page="30"><body><p>ᵕ┞࿤㢗䛴┷⌦ᇱ‵䇮ᵕ┞ㄵ⌦䛱ណ࿝ㄵ䜘୙䛎䜑</p></body></slide><slide page="31"><body><p>ྊ⬗ୠ⏲(possible worlds)䇮ᵕ┞ᴣᛍ䜘䚸ྊ⬗ୠ⏲(possible worlds)䚹䛱ᑊ䛟䜑䚸㔖໩(quantification)䚹䛮䛝䛬よ㔐䛟䜑</p></body></slide><slide page="32"><body><p>㔖໩Ꮔ(quantifier)</p></body></slide><slide page="33"><body><p>ྊ⬗ୠ⏲㔖໩(quantification overpossible worlds)䛮䛝䛬䛴ᵕ┞</p></body></slide><slide page="34"><body><p>ྊ⬗ୠ⏲ណ࿝ㄵ䛱䛐䛗䜑┷⌦㛭ᩐ</p></body></slide><slide page="35"><body><p>ᵕ┞ㄵ⌦䛑䜏ᮇ㈻୹⩇䛾</p></body></slide><slide page="36"><body><p>ᮇ㈻䜘ᕙ䜑ူᏕⓏၡ㢗䇮Ꮛᅹㄵ䝿ヾㆉㄵ䝿౮ೋ䛮ᐁᅹ䛴ၡ㢗</p></body></slide><slide page="37"><body><p>䚸ெ⛸䟺Ằ᪐ᛮ䟻䚹䛱䜄䛪䜕䜑ၡ㢗⩄䠌䜄䛮䜇䇮䚸ெ⛸䚹䛱䜄䛪䜕䜑ၡ㢗䛴⩻ᐳ䛑䜏ぜ䛎䛬䛕䜑ူᏕ䛴ၡ㢗䛴㡷ᇡᶋ᩷ᛮ</p></body></slide><slide page="38"><body><p>ူᏕ䛴Ꮛᅹ⌦⏜(raison d䇲être)(1)䇮಴ื⛁Ꮥฦ໩ᚃ䛴ူᏕ䛴䛈䜐᪁</p></body></slide><slide page="39"><body><p>ူᏕ䛴Ꮛᅹ⌦⏜(raison d䇲être) (2)䇮㡷ᇡᶋ᩷ᛮ䟺䠃䟻䠌㡷ᇡᶋ᩷Ⓩၡ㢗䛵᧻జၡ㢗䛭䛵䛰䛊</p></body></slide><slide page="40"><body><p>ူᏕ䛴Ꮛᅹ⌦⏜(raison d䇲être)(3) 䇮㡷ᇡᶋ᩷ᛮ䟺䠄䟻䠌䚸▩䚹䛴మ⣌䝿మโ䛴᭞᩺⿞⨠䝿◫├໩㜭Ḿ⿞⨠䛮䛝䛬䛴ူᏕ</p></body></slide><slide page="41"><body><p>ူᏕ䛴Ꮛᅹ⌦⏜(raison d䇲être)(4)䇮පභᛮ䟺䠃䟻䠌㡷ᇡᶋ᩷ၡ㢗䛮಴ืၡ㢗䛴㛭౿</p></body></slide><slide page="42"><body><p>ူᏕ䛴Ꮛᅹ⌦⏜(raison d䇲être)(5)䇮පභᛮ䟺䠄䟻䠌㡷ᇡᶋ᩷Ⓩၡ㢗䛮಴ืၡ㢗䛴┞பష⏕</p></body></slide><slide page="43"><body><p>ူᏕ䛴Ꮛᅹ⌦⏜(raison d䇲être)(6)䇮පභᛮ䟺䠅䟻䠌㡷ᇡᶋ᩷ၡ㢗䛱䜎䜑಴ืၡ㢗䟺♣ఌⓏၡ㢗䟻䛴䚸▩Ⓩ䝿පභ໩䚹</p></body></slide><slide page="44"><body><p>䚸ெ⛸䟺Ằ᪐ᛮ䟻䚹䛱䜄䛪䜕䜑ၡ㢗⩄䛑䜏ぜ䛎䛬䛓䛥䛙䛮䇮ူᏕ䛴Ꮛᅹ⌦⏜䛮䛣䛴௘஥</p></body></slide></presentation>
ページ: 1 -----
<slide page="1"><body><p>ா㒌ኬᏕᩝᏕ㒂ူᏕㅦ⩇2006ᖳᗐ</p></body></slide>
in Sheet Class, page: 1
title = ""
body = "<p>ா㒌ኬᏕᩝᏕ㒂ူᏕㅦ⩇2006ᖳᗐ</p>"
makeWordArrayJp
paragraph: ா㒌ኬᏕᩝᏕ㒂ူᏕㅦ⩇2006ᖳᗐ
ページ: 2 -----
<slide page="2"><body><p>ူᏕ䛮䛵ర䛑䇮♣ఌ䛴▩Ⓩපභ㈀䛭䛈䜑䚸ᴣᛍ䚹䛴᳠ゞ</p></body></slide>
in Sheet Class, page: 2
title = ""
body = "<p>ူᏕ䛮䛵ర䛑䇮♣ఌ䛴▩Ⓩපභ㈀䛭䛈䜑䚸ᴣᛍ䚹䛴᳠ゞ</p>"
makeWordArrayJp
paragraph: ူᏕ䛮䛵ర䛑䇮♣ఌ䛴▩Ⓩපභ㈀䛭䛈䜑䚸ᴣᛍ䚹䛴᳠ゞ
▩Ⓩ :	名詞,サ変接続,*,*,*,*,*	false	1
ページ: 3 -----
<slide page="3"><body><p>▩Ⓩපභ㈀䛮䛵䠑䟺䠃䟻䇮පභᛮ䠌々ᩐ䛴▩Ⓩ䜬䞀䜼䜫䝷䝌䛱䜎䜑භྜྷషᴏ䛴᧧షᑊ㇗</p></body></slide>
in Sheet Class, page: 3
title = ""
body = "<p>▩Ⓩපභ㈀䛮䛵䠑䟺䠃䟻䇮පභᛮ䠌々ᩐ䛴▩Ⓩ䜬䞀䜼䜫䝷䝌䛱䜎䜑භྜྷషᴏ䛴᧧షᑊ㇗</p>"
makeWordArrayJp
paragraph: ▩Ⓩපභ㈀䛮䛵䠑䟺䠃䟻䇮පභᛮ䠌々ᩐ䛴▩Ⓩ䜬䞀䜼䜫䝷䝌䛱䜎䜑භྜྷషᴏ䛴᧧షᑊ㇗
▩Ⓩ :	名詞,サ変接続,*,*,*,*,*	false	1
▩Ⓩ :	名詞,サ変接続,*,*,*,*,*	false	2
ページ: 4 -----
<slide page="4"><body><p>▩Ⓩපභ㈀䛮䛵䠑䟺䠄䟻䇮♣ఌ䛴ᵋᠺさ௲</p></body></slide>
in Sheet Class, page: 4
title = ""
body = "<p>▩Ⓩපභ㈀䛮䛵䠑䟺䠄䟻䇮♣ఌ䛴ᵋᠺさ௲</p>"
makeWordArrayJp
paragraph: ▩Ⓩපභ㈀䛮䛵䠑䟺䠄䟻䇮♣ఌ䛴ᵋᠺさ௲
▩Ⓩ :	名詞,サ変接続,*,*,*,*,*	false	1
ページ: 5 -----
<slide page="5"><body><p>ူᏕⓏၡ㢗䛮䛵ర䛑䠑䇮㡷ᇡᶋ᩷Ⓩ䟺䠏ໜᣋⓏ䟻䛰ၡ䛊</p></body></slide>
in Sheet Class, page: 5
title = ""
body = "<p>ူᏕⓏၡ㢗䛮䛵ర䛑䠑䇮㡷ᇡᶋ᩷Ⓩ䟺䠏ໜᣋⓏ䟻䛰ၡ䛊</p>"
makeWordArrayJp
paragraph: ူᏕⓏၡ㢗䛮䛵ర䛑䠑䇮㡷ᇡᶋ᩷Ⓩ䟺䠏ໜᣋⓏ䟻䛰ၡ䛊
ページ: 6 -----
<slide page="6"><body><p>▩Ⓩපභ㈀䠌䚸ெ⛸(race)䚹䟺䚸 Ằ᪐䟺ᛮ䟻(ethnicity)䚹䟻䟺䠃䟻䇮⏍∸ᏕⓏさᅄ䟺䟽♣ఌⓏさᅄ䟻䛱䜎䜑ฦ㢦</p></body></slide>
in Sheet Class, page: 6
title = ""
body = "<p>▩Ⓩපභ㈀䠌䚸ெ⛸(race)䚹䟺䚸 Ằ᪐䟺ᛮ䟻(ethnicity)䚹䟻䟺䠃䟻䇮⏍∸ᏕⓏさᅄ䟺䟽♣ఌⓏさᅄ䟻䛱䜎䜑ฦ㢦</p>"
makeWordArrayJp
paragraph: ▩Ⓩපභ㈀䠌䚸ெ⛸(race)䚹䟺䚸 Ằ᪐䟺ᛮ䟻(ethnicity)䚹䟻䟺䠃䟻䇮⏍∸ᏕⓏさᅄ䟺䟽♣ఌⓏさᅄ䟻䛱䜎䜑ฦ㢦
▩Ⓩ :	名詞,サ変接続,*,*,*,*,*	false	1
⛸( :	名詞,サ変接続,*,*,*,*,*	false	1
race :	名詞,一般,*,*,*,*,*	false	1
ethnicity :	名詞,一般,*,*,*,*,*	false	1
⏍∸ :	名詞,サ変接続,*,*,*,*,*	false	1
ページ: 7 -----
<slide page="7"><body><p>▩Ⓩපභ㈀䠌䚸ெ⛸(race)䚹䟺䚸 Ằ᪐䟺ᛮ䟻(ethnicity)䚹䟻䟺䠄䟻䇮䚸ெ⛸䚹ᴣᛍ䛴ྱណ</p></body></slide>
in Sheet Class, page: 7
title = ""
body = "<p>▩Ⓩපභ㈀䠌䚸ெ⛸(race)䚹䟺䚸 Ằ᪐䟺ᛮ䟻(ethnicity)䚹䟻䟺䠄䟻䇮䚸ெ⛸䚹ᴣᛍ䛴ྱណ</p>"
makeWordArrayJp
paragraph: ▩Ⓩපභ㈀䠌䚸ெ⛸(race)䚹䟺䚸 Ằ᪐䟺ᛮ䟻(ethnicity)䚹䟻䟺䠄䟻䇮䚸ெ⛸䚹ᴣᛍ䛴ྱណ
▩Ⓩ :	名詞,サ変接続,*,*,*,*,*	false	1
⛸( :	名詞,サ変接続,*,*,*,*,*	false	1
race :	名詞,一般,*,*,*,*,*	false	1
ethnicity :	名詞,一般,*,*,*,*,*	false	1
ページ: 8 -----
<slide page="8"><body><p>▩Ⓩපභ㈀䠌䚸ெ⛸(race)䚹䟺䚸 Ằ᪐䟺ᛮ䟻(ethnicity)䚹䟻䟺䠅䟻䇮஥ౚ䟺Bernier, 1684䟻</p></body></slide>
in Sheet Class, page: 8
title = ""
body = "<p>▩Ⓩපභ㈀䠌䚸ெ⛸(race)䚹䟺䚸 Ằ᪐䟺ᛮ䟻(ethnicity)䚹䟻䟺䠅䟻䇮஥ౚ䟺Bernier, 1684䟻</p>"
makeWordArrayJp
paragraph: ▩Ⓩපභ㈀䠌䚸ெ⛸(race)䚹䟺䚸 Ằ᪐䟺ᛮ䟻(ethnicity)䚹䟻䟺䠅䟻䇮஥ౚ䟺Bernier, 1684䟻
▩Ⓩ :	名詞,サ変接続,*,*,*,*,*	false	1
⛸( :	名詞,サ変接続,*,*,*,*,*	false	1
race :	名詞,一般,*,*,*,*,*	false	1
ethnicity :	名詞,一般,*,*,*,*,*	false	1
Bernier :	名詞,一般,*,*,*,*,*	false	1
ページ: 9 -----
<slide page="9"><body><p>䚸ெ⛸䟺Ằ᪐ᛮ䟻䚹䛱䜄䛪䜕䜑ၡ㢗⩄(1)䇮䚸ெ⛸䟺Ằ᪐䟻ᕣื䚹ၡ㢗䟺䠃䟻䠌䚸Color Blind䚹㐘ິ</p></body></slide>
in Sheet Class, page: 9
title = ""
body = "<p>䚸ெ⛸䟺Ằ᪐ᛮ䟻䚹䛱䜄䛪䜕䜑ၡ㢗⩄(1)䇮䚸ெ⛸䟺Ằ᪐䟻ᕣื䚹ၡ㢗䟺䠃䟻䠌䚸Color Blind䚹㐘ິ</p>"
makeWordArrayJp
paragraph: 䚸ெ⛸䟺Ằ᪐ᛮ䟻䚹䛱䜄䛪䜕䜑ၡ㢗⩄(1)䇮䚸ெ⛸䟺Ằ᪐䟻ᕣื䚹ၡ㢗䟺䠃䟻䠌䚸Color Blind䚹㐘ິ
⩄( :	名詞,サ変接続,*,*,*,*,*	false	1
Color :	名詞,一般,*,*,*,*,*	false	1
Blind :	名詞,固有名詞,組織,*,*,*,*	false	1
ページ: 10 -----
<slide page="10"><body><p>䚸ெ⛸䟺Ằ᪐ᛮ䟻䚹䛱䜄䛪䜕䜑ၡ㢗⩄(2)䇮䚸ெ⛸䟺Ằ᪐䟻ᕣื䚹ၡ㢗䟺䠄䟻䠌䜦䝙䝱䜿䝷䝌䝮䜾䝤㐘ິ</p></body></slide>
in Sheet Class, page: 10
title = ""
body = "<p>䚸ெ⛸䟺Ằ᪐ᛮ䟻䚹䛱䜄䛪䜕䜑ၡ㢗⩄(2)䇮䚸ெ⛸䟺Ằ᪐䟻ᕣื䚹ၡ㢗䟺䠄䟻䠌䜦䝙䝱䜿䝷䝌䝮䜾䝤㐘ິ</p>"
makeWordArrayJp
paragraph: 䚸ெ⛸䟺Ằ᪐ᛮ䟻䚹䛱䜄䛪䜕䜑ၡ㢗⩄(2)䇮䚸ெ⛸䟺Ằ᪐䟻ᕣื䚹ၡ㢗䟺䠄䟻䠌䜦䝙䝱䜿䝷䝌䝮䜾䝤㐘ິ
⩄( :	名詞,サ変接続,*,*,*,*,*	false	1
ページ: 11 -----
<slide page="11"><body><p>䚸ெ⛸䟺Ằ᪐ᛮ䟻䚹䛱䜄䛪䜕䜑ၡ㢗⩄(3)䇮䚸ெ⛸䟺Ằ᪐ᛮ䟻䚹䛵Ꮛᅹ䛟䜑䛴䛑䠑䟺䠃䟻䠌ெ⛸䝿ᮇ㈻୹⩇</p></body></slide>
in Sheet Class, page: 11
title = ""
body = "<p>䚸ெ⛸䟺Ằ᪐ᛮ䟻䚹䛱䜄䛪䜕䜑ၡ㢗⩄(3)䇮䚸ெ⛸䟺Ằ᪐ᛮ䟻䚹䛵Ꮛᅹ䛟䜑䛴䛑䠑䟺䠃䟻䠌ெ⛸䝿ᮇ㈻୹⩇</p>"
makeWordArrayJp
paragraph: 䚸ெ⛸䟺Ằ᪐ᛮ䟻䚹䛱䜄䛪䜕䜑ၡ㢗⩄(3)䇮䚸ெ⛸䟺Ằ᪐ᛮ䟻䚹䛵Ꮛᅹ䛟䜑䛴䛑䠑䟺䠃䟻䠌ெ⛸䝿ᮇ㈻୹⩇
⩄( :	名詞,サ変接続,*,*,*,*,*	false	1
ページ: 12 -----
<slide page="12"><body><p>䚸ெ⛸䟺Ằ᪐ᛮ䟻䚹䛱䜄䛪䜕䜑ၡ㢗⩄(4)䇮䚸ெ⛸䟺Ằ᪐ᛮ䟻䚹䛵Ꮛᅹ䛟䜑䛴䛑䠑䟺䠄䟻䠌ெ⛸䝿ᵋᠺ୹⩇</p></body></slide>
in Sheet Class, page: 12
title = ""
body = "<p>䚸ெ⛸䟺Ằ᪐ᛮ䟻䚹䛱䜄䛪䜕䜑ၡ㢗⩄(4)䇮䚸ெ⛸䟺Ằ᪐ᛮ䟻䚹䛵Ꮛᅹ䛟䜑䛴䛑䠑䟺䠄䟻䠌ெ⛸䝿ᵋᠺ୹⩇</p>"
makeWordArrayJp
paragraph: 䚸ெ⛸䟺Ằ᪐ᛮ䟻䚹䛱䜄䛪䜕䜑ၡ㢗⩄(4)䇮䚸ெ⛸䟺Ằ᪐ᛮ䟻䚹䛵Ꮛᅹ䛟䜑䛴䛑䠑䟺䠄䟻䠌ெ⛸䝿ᵋᠺ୹⩇
⩄( :	名詞,サ変接続,*,*,*,*,*	false	1
ページ: 13 -----
<slide page="13"><body><p>䚸ெ⛸䟺Ằ᪐ᛮ䟻䚹䛱䜄䛪䜕䜑ၡ㢗⩄(5)䇮䚸ெ⛸䟺Ằ᪐ᛮ䟻䚹䛵Ꮛᅹ䛟䜑䛴䛑䠑䟺䠅䟻䠌䚸ን⛸䚹䛴ኣ⩇ᛮ</p></body></slide>
in Sheet Class, page: 13
title = ""
body = "<p>䚸ெ⛸䟺Ằ᪐ᛮ䟻䚹䛱䜄䛪䜕䜑ၡ㢗⩄(5)䇮䚸ெ⛸䟺Ằ᪐ᛮ䟻䚹䛵Ꮛᅹ䛟䜑䛴䛑䠑䟺䠅䟻䠌䚸ን⛸䚹䛴ኣ⩇ᛮ</p>"
makeWordArrayJp
paragraph: 䚸ெ⛸䟺Ằ᪐ᛮ䟻䚹䛱䜄䛪䜕䜑ၡ㢗⩄(5)䇮䚸ெ⛸䟺Ằ᪐ᛮ䟻䚹䛵Ꮛᅹ䛟䜑䛴䛑䠑䟺䠅䟻䠌䚸ን⛸䚹䛴ኣ⩇ᛮ
⩄( :	名詞,サ変接続,*,*,*,*,*	false	1
ページ: 14 -----
<slide page="14"><body><p>䚸ெ⛸䟺Ằ᪐ᛮ䟻䚹䛱䜄䛪䜕䜑ၡ㢗⩄ (6)䇮䚸ெ⛸䟺Ằ᪐ᛮ䟻䚹䛵Ꮛᅹ䛟䜑䛴䛑䠑䟺䠆䟻䠌䚸ெ⛸䚹䛵⾪⌟ᆵን⛸䛑䠑</p></body></slide>
in Sheet Class, page: 14
title = ""
body = "<p>䚸ெ⛸䟺Ằ᪐ᛮ䟻䚹䛱䜄䛪䜕䜑ၡ㢗⩄ (6)䇮䚸ெ⛸䟺Ằ᪐ᛮ䟻䚹䛵Ꮛᅹ䛟䜑䛴䛑䠑䟺䠆䟻䠌䚸ெ⛸䚹䛵⾪⌟ᆵን⛸䛑䠑</p>"
makeWordArrayJp
paragraph: 䚸ெ⛸䟺Ằ᪐ᛮ䟻䚹䛱䜄䛪䜕䜑ၡ㢗⩄ (6)䇮䚸ெ⛸䟺Ằ᪐ᛮ䟻䚹䛵Ꮛᅹ䛟䜑䛴䛑䠑䟺䠆䟻䠌䚸ெ⛸䚹䛵⾪⌟ᆵን⛸䛑䠑
ページ: 15 -----
<slide page="15"><body><p>䚸ெ⛸䟺Ằ᪐ᛮ䟻䚹䛱䜄䛪䜕䜑ၡ㢗⩄(7)䇮䚸ெ⛸䟺Ằ᪐ᛮ䟻䚹䛵Ꮛᅹ䛟䜑䛴䛑䠑䟺䠇䟻䠌䚸ெ⛸䚹䛵㐿ఎᏄን⛸䛑䠑</p></body></slide>
in Sheet Class, page: 15
title = ""
body = "<p>䚸ெ⛸䟺Ằ᪐ᛮ䟻䚹䛱䜄䛪䜕䜑ၡ㢗⩄(7)䇮䚸ெ⛸䟺Ằ᪐ᛮ䟻䚹䛵Ꮛᅹ䛟䜑䛴䛑䠑䟺䠇䟻䠌䚸ெ⛸䚹䛵㐿ఎᏄን⛸䛑䠑</p>"
makeWordArrayJp
paragraph: 䚸ெ⛸䟺Ằ᪐ᛮ䟻䚹䛱䜄䛪䜕䜑ၡ㢗⩄(7)䇮䚸ெ⛸䟺Ằ᪐ᛮ䟻䚹䛵Ꮛᅹ䛟䜑䛴䛑䠑䟺䠇䟻䠌䚸ெ⛸䚹䛵㐿ఎᏄን⛸䛑䠑
⩄( :	名詞,サ変接続,*,*,*,*,*	false	1
ページ: 16 -----
<slide page="16"><body><p>䚸ெ⛸䟺Ằ᪐ᛮ䟻䚹䛱䜄䛪䜕䜑ၡ㢗⩄(8)䇮䚸ெ⛸䟺Ằ᪐ᛮ䟻䚹䛵Ꮛᅹ䛟䜑䛴䛑䠑䟺䠈䟻䠌䚸ெ⛸䚹䛴ᐁᅹㄵ䝿ཬᐁᅹㄵ䝿㐠ර୹⩇</p></body></slide>
in Sheet Class, page: 16
title = ""
body = "<p>䚸ெ⛸䟺Ằ᪐ᛮ䟻䚹䛱䜄䛪䜕䜑ၡ㢗⩄(8)䇮䚸ெ⛸䟺Ằ᪐ᛮ䟻䚹䛵Ꮛᅹ䛟䜑䛴䛑䠑䟺䠈䟻䠌䚸ெ⛸䚹䛴ᐁᅹㄵ䝿ཬᐁᅹㄵ䝿㐠ර୹⩇</p>"
makeWordArrayJp
paragraph: 䚸ெ⛸䟺Ằ᪐ᛮ䟻䚹䛱䜄䛪䜕䜑ၡ㢗⩄(8)䇮䚸ெ⛸䟺Ằ᪐ᛮ䟻䚹䛵Ꮛᅹ䛟䜑䛴䛑䠑䟺䠈䟻䠌䚸ெ⛸䚹䛴ᐁᅹㄵ䝿ཬᐁᅹㄵ䝿㐠ර୹⩇
⩄( :	名詞,サ変接続,*,*,*,*,*	false	1
ページ: 17 -----
<slide page="17"><body><p>䚸ெ⛸䟺Ằ᪐ᛮ䟻䚹䛱䜄䛪䜕䜑ၡ㢗⩄(9)䇮䚸⏍∸⛸䚹䛵Ꮛᅹ䛟䜑䛴䛑䠑䟺䠃䟻䠌⏍∸⛸䛮䛵䠑</p></body></slide>
in Sheet Class, page: 17
title = ""
body = "<p>䚸ெ⛸䟺Ằ᪐ᛮ䟻䚹䛱䜄䛪䜕䜑ၡ㢗⩄(9)䇮䚸⏍∸⛸䚹䛵Ꮛᅹ䛟䜑䛴䛑䠑䟺䠃䟻䠌⏍∸⛸䛮䛵䠑</p>"
makeWordArrayJp
paragraph: 䚸ெ⛸䟺Ằ᪐ᛮ䟻䚹䛱䜄䛪䜕䜑ၡ㢗⩄(9)䇮䚸⏍∸⛸䚹䛵Ꮛᅹ䛟䜑䛴䛑䠑䟺䠃䟻䠌⏍∸⛸䛮䛵䠑
⩄( :	名詞,サ変接続,*,*,*,*,*	false	1
⏍∸⛸ :	名詞,サ変接続,*,*,*,*,*	false	1
⏍∸⛸ :	名詞,サ変接続,*,*,*,*,*	false	2
ページ: 18 -----
<slide page="18"><body><p>䚸ெ⛸䟺Ằ᪐ᛮ䟻䚹䛱䜄䛪䜕䜑ၡ㢗⩄(10)䇮䚸⏍∸⛸䚹䛵Ꮛᅹ䛟䜑䛴䛑䠑䟺䠄䟻䠌⏍∸⛸䛴ฦ㢦Ἢ䛱㛭䛟䜑ㄵண</p></body></slide>
in Sheet Class, page: 18
title = ""
body = "<p>䚸ெ⛸䟺Ằ᪐ᛮ䟻䚹䛱䜄䛪䜕䜑ၡ㢗⩄(10)䇮䚸⏍∸⛸䚹䛵Ꮛᅹ䛟䜑䛴䛑䠑䟺䠄䟻䠌⏍∸⛸䛴ฦ㢦Ἢ䛱㛭䛟䜑ㄵண</p>"
makeWordArrayJp
paragraph: 䚸ெ⛸䟺Ằ᪐ᛮ䟻䚹䛱䜄䛪䜕䜑ၡ㢗⩄(10)䇮䚸⏍∸⛸䚹䛵Ꮛᅹ䛟䜑䛴䛑䠑䟺䠄䟻䠌⏍∸⛸䛴ฦ㢦Ἢ䛱㛭䛟䜑ㄵண
⩄( :	名詞,サ変接続,*,*,*,*,*	false	1
⏍∸⛸ :	名詞,サ変接続,*,*,*,*,*	false	1
⏍∸⛸ :	名詞,サ変接続,*,*,*,*,*	false	2
ページ: 19 -----
<slide page="19"><body><p>䚸ெ⛸䟺Ằ᪐ᛮ䟻䚹䛱䜄䛪䜕䜑ၡ㢗⩄(11)䇮䚸⏍∸⛸䚹䛵Ꮛᅹ䛟䜑䛴䛑䠑䟺䠅䟻䠌⛸䝿ᐁᅹㄵ䠁⛸䝿ཬᐁᅹㄵ</p></body></slide>
in Sheet Class, page: 19
title = ""
body = "<p>䚸ெ⛸䟺Ằ᪐ᛮ䟻䚹䛱䜄䛪䜕䜑ၡ㢗⩄(11)䇮䚸⏍∸⛸䚹䛵Ꮛᅹ䛟䜑䛴䛑䠑䟺䠅䟻䠌⛸䝿ᐁᅹㄵ䠁⛸䝿ཬᐁᅹㄵ</p>"
makeWordArrayJp
paragraph: 䚸ெ⛸䟺Ằ᪐ᛮ䟻䚹䛱䜄䛪䜕䜑ၡ㢗⩄(11)䇮䚸⏍∸⛸䚹䛵Ꮛᅹ䛟䜑䛴䛑䠑䟺䠅䟻䠌⛸䝿ᐁᅹㄵ䠁⛸䝿ཬᐁᅹㄵ
⩄( :	名詞,サ変接続,*,*,*,*,*	false	1
⏍∸⛸ :	名詞,サ変接続,*,*,*,*,*	false	1
ページ: 20 -----
<slide page="20"><body><p>䚸ெ⛸䟺Ằ᪐ᛮ䟻䚹䛱䜄䛪䜕䜑ၡ㢗⩄(12)䇮䚸ᮇ㈻䚹䛵Ꮛᅹ䛟䜑䛴䛑䠑䟺䠃䟻䠌ᮇ㈻୹⩇vs ཬᮇ㈻୹⩇</p></body></slide>
in Sheet Class, page: 20
title = ""
body = "<p>䚸ெ⛸䟺Ằ᪐ᛮ䟻䚹䛱䜄䛪䜕䜑ၡ㢗⩄(12)䇮䚸ᮇ㈻䚹䛵Ꮛᅹ䛟䜑䛴䛑䠑䟺䠃䟻䠌ᮇ㈻୹⩇vs ཬᮇ㈻୹⩇</p>"
makeWordArrayJp
paragraph: 䚸ெ⛸䟺Ằ᪐ᛮ䟻䚹䛱䜄䛪䜕䜑ၡ㢗⩄(12)䇮䚸ᮇ㈻䚹䛵Ꮛᅹ䛟䜑䛴䛑䠑䟺䠃䟻䠌ᮇ㈻୹⩇vs ཬᮇ㈻୹⩇
⩄( :	名詞,サ変接続,*,*,*,*,*	false	1
vs :	名詞,固有名詞,組織,*,*,*,*	false	1
ページ: 21 -----
<slide page="21"><body><p>䚸ெ⛸䟺Ằ᪐ᛮ䟻䚹䛱䜄䛪䜕䜑ၡ㢗⩄(13)䇮䚸ᮇ㈻䚹䛵Ꮛᅹ䛟䜑䛴䛑䠑䟺䠄䟻䠌ཬᮇ㈻୹⩇䠌ㄵ⌦ᐁッ୹⩇䟺䚸ᮇ㈻䚹䛮䛵ゕㄊⓏぞ⣑䛱㐛䛔䛰䛊䟻</p></body></slide>
in Sheet Class, page: 21
title = ""
body = "<p>䚸ெ⛸䟺Ằ᪐ᛮ䟻䚹䛱䜄䛪䜕䜑ၡ㢗⩄(13)䇮䚸ᮇ㈻䚹䛵Ꮛᅹ䛟䜑䛴䛑䠑䟺䠄䟻䠌ཬᮇ㈻୹⩇䠌ㄵ⌦ᐁッ୹⩇䟺䚸ᮇ㈻䚹䛮䛵ゕㄊⓏぞ⣑䛱㐛䛔䛰䛊䟻</p>"
makeWordArrayJp
paragraph: 䚸ெ⛸䟺Ằ᪐ᛮ䟻䚹䛱䜄䛪䜕䜑ၡ㢗⩄(13)䇮䚸ᮇ㈻䚹䛵Ꮛᅹ䛟䜑䛴䛑䠑䟺䠄䟻䠌ཬᮇ㈻୹⩇䠌ㄵ⌦ᐁッ୹⩇䟺䚸ᮇ㈻䚹䛮䛵ゕㄊⓏぞ⣑䛱㐛䛔䛰䛊䟻
⩄( :	名詞,サ変接続,*,*,*,*,*	false	1
ページ: 22 -----
<slide page="22"><body><p>䚸ெ⛸䟺Ằ᪐ᛮ䟻䚹䛱䜄䛪䜕䜑ၡ㢗⩄(14)䇮䚸ᮇ㈻䚹䛵Ꮛᅹ䛟䜑䛴䛑䠑䟺䠅䟻䠌ཬᮇ㈻୹⩇䠌䜳䝳䜨䝷䛱䜎䜑ᐁッ୹⩇䛴ᚥᗇ໩䟺䚸ᮇ㈻䚹䛵ゕㄊⓏぞ⣑䛮䛝䛬䛟䜏Ꮛᅹ䛝䛰䛊䟻</p></body></slide>
in Sheet Class, page: 22
title = ""
body = "<p>䚸ெ⛸䟺Ằ᪐ᛮ䟻䚹䛱䜄䛪䜕䜑ၡ㢗⩄(14)䇮䚸ᮇ㈻䚹䛵Ꮛᅹ䛟䜑䛴䛑䠑䟺䠅䟻䠌ཬᮇ㈻୹⩇䠌䜳䝳䜨䝷䛱䜎䜑ᐁッ୹⩇䛴ᚥᗇ໩䟺䚸ᮇ㈻䚹䛵ゕㄊⓏぞ⣑䛮䛝䛬䛟䜏Ꮛᅹ䛝䛰䛊䟻</p>"
makeWordArrayJp
paragraph: 䚸ெ⛸䟺Ằ᪐ᛮ䟻䚹䛱䜄䛪䜕䜑ၡ㢗⩄(14)䇮䚸ᮇ㈻䚹䛵Ꮛᅹ䛟䜑䛴䛑䠑䟺䠅䟻䠌ཬᮇ㈻୹⩇䠌䜳䝳䜨䝷䛱䜎䜑ᐁッ୹⩇䛴ᚥᗇ໩䟺䚸ᮇ㈻䚹䛵ゕㄊⓏぞ⣑䛮䛝䛬䛟䜏Ꮛᅹ䛝䛰䛊䟻
⩄( :	名詞,サ変接続,*,*,*,*,*	false	1
ページ: 23 -----
<slide page="23"><body><p>䚸ெ⛸䟺Ằ᪐ᛮ䟻䚹䛱䜄䛪䜕䜑ၡ㢗⩄(15)䇮䚸ᮇ㈻䚹䛵Ꮛᅹ䛟䜑䛴䛑䠑䟺䠆䟻䠌ཬᮇ㈻୹⩇䠌᪝ᖏゕㄊ୹⩇䝿ᐁᏋ୹⩇䝿䝡䜽䝌䝦䝄䝷୹⩇</p></body></slide>
in Sheet Class, page: 23
title = ""
body = "<p>䚸ெ⛸䟺Ằ᪐ᛮ䟻䚹䛱䜄䛪䜕䜑ၡ㢗⩄(15)䇮䚸ᮇ㈻䚹䛵Ꮛᅹ䛟䜑䛴䛑䠑䟺䠆䟻䠌ཬᮇ㈻୹⩇䠌᪝ᖏゕㄊ୹⩇䝿ᐁᏋ୹⩇䝿䝡䜽䝌䝦䝄䝷୹⩇</p>"
makeWordArrayJp
paragraph: 䚸ெ⛸䟺Ằ᪐ᛮ䟻䚹䛱䜄䛪䜕䜑ၡ㢗⩄(15)䇮䚸ᮇ㈻䚹䛵Ꮛᅹ䛟䜑䛴䛑䠑䟺䠆䟻䠌ཬᮇ㈻୹⩇䠌᪝ᖏゕㄊ୹⩇䝿ᐁᏋ୹⩇䝿䝡䜽䝌䝦䝄䝷୹⩇
⩄( :	名詞,サ変接続,*,*,*,*,*	false	1
ページ: 24 -----
<slide page="24"><body><p>䚸ெ⛸䟺Ằ᪐ᛮ䟻䚹䛱䜄䛪䜕䜑ၡ㢗⩄(16)䇮䚸ᮇ㈻䚹䛵Ꮛᅹ䛟䜑䛴䛑䠑䟺䠇䟻䠌ཬᮇ㈻୹⩇䠌♣ఌᵋᠺ୹⩇</p></body></slide>
in Sheet Class, page: 24
title = ""
body = "<p>䚸ெ⛸䟺Ằ᪐ᛮ䟻䚹䛱䜄䛪䜕䜑ၡ㢗⩄(16)䇮䚸ᮇ㈻䚹䛵Ꮛᅹ䛟䜑䛴䛑䠑䟺䠇䟻䠌ཬᮇ㈻୹⩇䠌♣ఌᵋᠺ୹⩇</p>"
makeWordArrayJp
paragraph: 䚸ெ⛸䟺Ằ᪐ᛮ䟻䚹䛱䜄䛪䜕䜑ၡ㢗⩄(16)䇮䚸ᮇ㈻䚹䛵Ꮛᅹ䛟䜑䛴䛑䠑䟺䠇䟻䠌ཬᮇ㈻୹⩇䠌♣ఌᵋᠺ୹⩇
⩄( :	名詞,サ変接続,*,*,*,*,*	false	1
ページ: 25 -----
<slide page="25"><body><p>䚸ெ⛸䟺Ằ᪐ᛮ䟻䚹䛱䜄䛪䜕䜑ၡ㢗⩄(17)䇮䚸ᮇ㈻䚹䛵Ꮛᅹ䛟䜑䛴䛑䠑䟺䠈䟻䠌䚸ᐓ᪐Ⓩ㢦జᛮ䚹䟺භ㏳ᛮ㈻䛴ྫྷᏽ䠁㢦జᛮ䛴々㞟䛰䝑䝇䝌䝳䞀䜳䛮䛊䛌௥᱄䟻</p></body></slide>
in Sheet Class, page: 25
title = ""
body = "<p>䚸ெ⛸䟺Ằ᪐ᛮ䟻䚹䛱䜄䛪䜕䜑ၡ㢗⩄(17)䇮䚸ᮇ㈻䚹䛵Ꮛᅹ䛟䜑䛴䛑䠑䟺䠈䟻䠌䚸ᐓ᪐Ⓩ㢦జᛮ䚹䟺භ㏳ᛮ㈻䛴ྫྷᏽ䠁㢦జᛮ䛴々㞟䛰䝑䝇䝌䝳䞀䜳䛮䛊䛌௥᱄䟻</p>"
makeWordArrayJp
paragraph: 䚸ெ⛸䟺Ằ᪐ᛮ䟻䚹䛱䜄䛪䜕䜑ၡ㢗⩄(17)䇮䚸ᮇ㈻䚹䛵Ꮛᅹ䛟䜑䛴䛑䠑䟺䠈䟻䠌䚸ᐓ᪐Ⓩ㢦జᛮ䚹䟺භ㏳ᛮ㈻䛴ྫྷᏽ䠁㢦జᛮ䛴々㞟䛰䝑䝇䝌䝳䞀䜳䛮䛊䛌௥᱄䟻
⩄( :	名詞,サ変接続,*,*,*,*,*	false	1
ページ: 26 -----
<slide page="26"><body><p>䚸ெ⛸䟺Ằ᪐ᛮ䟻䚹䛱䜄䛪䜕䜑ၡ㢗⩄(18)䇮ᮇ㈻䛵Ꮛᅹ䛟䜑䛴䛑䠑䟺䠉䟻䠌ᮇ㈻୹⩇䛴ᚗ⮾䟺ᵕ┞ㄵ⌦䛴᩺ᒈ㛜䛮䝑䜮䝿䜦䝮䜽䝌䝊䝰䜽୹⩇䟻</p></body></slide>
in Sheet Class, page: 26
title = ""
body = "<p>䚸ெ⛸䟺Ằ᪐ᛮ䟻䚹䛱䜄䛪䜕䜑ၡ㢗⩄(18)䇮ᮇ㈻䛵Ꮛᅹ䛟䜑䛴䛑䠑䟺䠉䟻䠌ᮇ㈻୹⩇䛴ᚗ⮾䟺ᵕ┞ㄵ⌦䛴᩺ᒈ㛜䛮䝑䜮䝿䜦䝮䜽䝌䝊䝰䜽୹⩇䟻</p>"
makeWordArrayJp
paragraph: 䚸ெ⛸䟺Ằ᪐ᛮ䟻䚹䛱䜄䛪䜕䜑ၡ㢗⩄(18)䇮ᮇ㈻䛵Ꮛᅹ䛟䜑䛴䛑䠑䟺䠉䟻䠌ᮇ㈻୹⩇䛴ᚗ⮾䟺ᵕ┞ㄵ⌦䛴᩺ᒈ㛜䛮䝑䜮䝿䜦䝮䜽䝌䝊䝰䜽୹⩇䟻
⩄( :	名詞,サ変接続,*,*,*,*,*	false	1
ページ: 27 -----
<slide page="27"><body><p>ᵕ┞ᴣᛍ䇮ᚪ↓ᛮ䝿ྊ⬗ᛮ䝿⌟ᐁᛮ䟺䝿ഃ↓ᛮ䟻</p></body></slide>
in Sheet Class, page: 27
title = ""
body = "<p>ᵕ┞ᴣᛍ䇮ᚪ↓ᛮ䝿ྊ⬗ᛮ䝿⌟ᐁᛮ䟺䝿ഃ↓ᛮ䟻</p>"
makeWordArrayJp
paragraph: ᵕ┞ᴣᛍ䇮ᚪ↓ᛮ䝿ྊ⬗ᛮ䝿⌟ᐁᛮ䟺䝿ഃ↓ᛮ䟻
ページ: 28 -----
<slide page="28"><body><p>ㄵ⌦Ꮥ䛴┘Ⓩ䇮೸ධᛮ䛮Ᏸධᛮ</p></body></slide>
in Sheet Class, page: 28
title = ""
body = "<p>ㄵ⌦Ꮥ䛴┘Ⓩ䇮೸ධᛮ䛮Ᏸධᛮ</p>"
makeWordArrayJp
paragraph: ㄵ⌦Ꮥ䛴┘Ⓩ䇮೸ධᛮ䛮Ᏸධᛮ
┘Ⓩ :	名詞,サ変接続,*,*,*,*,*	false	1
ページ: 29 -----
<slide page="29"><body><p>ㄵ⌦మ⣌䛴Ᏸධᛮ䇮ᵕ┞ㄵ⌦䛴Ᏸධᛮッ᪺䛮䚮䚸ᵕ┞䚹ᴣᛍ䛴ᚗᶊ</p></body></slide>
in Sheet Class, page: 29
title = ""
body = "<p>ㄵ⌦మ⣌䛴Ᏸධᛮ䇮ᵕ┞ㄵ⌦䛴Ᏸධᛮッ᪺䛮䚮䚸ᵕ┞䚹ᴣᛍ䛴ᚗᶊ</p>"
makeWordArrayJp
paragraph: ㄵ⌦మ⣌䛴Ᏸධᛮ䇮ᵕ┞ㄵ⌦䛴Ᏸධᛮッ᪺䛮䚮䚸ᵕ┞䚹ᴣᛍ䛴ᚗᶊ
ページ: 30 -----
<slide page="30"><body><p>ᵕ┞࿤㢗䛴┷⌦ᇱ‵䇮ᵕ┞ㄵ⌦䛱ណ࿝ㄵ䜘୙䛎䜑</p></body></slide>
in Sheet Class, page: 30
title = ""
body = "<p>ᵕ┞࿤㢗䛴┷⌦ᇱ‵䇮ᵕ┞ㄵ⌦䛱ណ࿝ㄵ䜘୙䛎䜑</p>"
makeWordArrayJp
paragraph: ᵕ┞࿤㢗䛴┷⌦ᇱ‵䇮ᵕ┞ㄵ⌦䛱ណ࿝ㄵ䜘୙䛎䜑
┷⌦ :	名詞,サ変接続,*,*,*,*,*	false	1
ページ: 31 -----
<slide page="31"><body><p>ྊ⬗ୠ⏲(possible worlds)䇮ᵕ┞ᴣᛍ䜘䚸ྊ⬗ୠ⏲(possible worlds)䚹䛱ᑊ䛟䜑䚸㔖໩(quantification)䚹䛮䛝䛬よ㔐䛟䜑</p></body></slide>
in Sheet Class, page: 31
title = ""
body = "<p>ྊ⬗ୠ⏲(possible worlds)䇮ᵕ┞ᴣᛍ䜘䚸ྊ⬗ୠ⏲(possible worlds)䚹䛱ᑊ䛟䜑䚸㔖໩(quantification)䚹䛮䛝䛬よ㔐䛟䜑</p>"
makeWordArrayJp
paragraph: ྊ⬗ୠ⏲(possible worlds)䇮ᵕ┞ᴣᛍ䜘䚸ྊ⬗ୠ⏲(possible worlds)䚹䛱ᑊ䛟䜑䚸㔖໩(quantification)䚹䛮䛝䛬よ㔐䛟䜑
⏲( :	名詞,サ変接続,*,*,*,*,*	false	1
possible :	名詞,固有名詞,組織,*,*,*,*	false	1
worlds :	名詞,固有名詞,組織,*,*,*,*	false	1
⏲( :	名詞,サ変接続,*,*,*,*,*	false	2
possible :	名詞,固有名詞,組織,*,*,*,*	false	2
worlds :	名詞,固有名詞,組織,*,*,*,*	false	2
quantification :	名詞,一般,*,*,*,*,*	false	1
ページ: 32 -----
<slide page="32"><body><p>㔖໩Ꮔ(quantifier)</p></body></slide>
in Sheet Class, page: 32
title = ""
body = "<p>㔖໩Ꮔ(quantifier)</p>"
makeWordArrayJp
paragraph: 㔖໩Ꮔ(quantifier)
quantifier :	名詞,一般,*,*,*,*,*	false	1
ページ: 33 -----
<slide page="33"><body><p>ྊ⬗ୠ⏲㔖໩(quantification overpossible worlds)䛮䛝䛬䛴ᵕ┞</p></body></slide>
in Sheet Class, page: 33
title = ""
body = "<p>ྊ⬗ୠ⏲㔖໩(quantification overpossible worlds)䛮䛝䛬䛴ᵕ┞</p>"
makeWordArrayJp
paragraph: ྊ⬗ୠ⏲㔖໩(quantification overpossible worlds)䛮䛝䛬䛴ᵕ┞
quantification :	名詞,固有名詞,組織,*,*,*,*	false	1
overpossible :	名詞,固有名詞,組織,*,*,*,*	false	1
worlds :	名詞,固有名詞,組織,*,*,*,*	false	1
ページ: 34 -----
<slide page="34"><body><p>ྊ⬗ୠ⏲ណ࿝ㄵ䛱䛐䛗䜑┷⌦㛭ᩐ</p></body></slide>
in Sheet Class, page: 34
title = ""
body = "<p>ྊ⬗ୠ⏲ណ࿝ㄵ䛱䛐䛗䜑┷⌦㛭ᩐ</p>"
makeWordArrayJp
paragraph: ྊ⬗ୠ⏲ណ࿝ㄵ䛱䛐䛗䜑┷⌦㛭ᩐ
┷⌦ :	名詞,サ変接続,*,*,*,*,*	false	1
ページ: 35 -----
<slide page="35"><body><p>ᵕ┞ㄵ⌦䛑䜏ᮇ㈻୹⩇䛾</p></body></slide>
in Sheet Class, page: 35
title = ""
body = "<p>ᵕ┞ㄵ⌦䛑䜏ᮇ㈻୹⩇䛾</p>"
makeWordArrayJp
paragraph: ᵕ┞ㄵ⌦䛑䜏ᮇ㈻୹⩇䛾
ページ: 36 -----
<slide page="36"><body><p>ᮇ㈻䜘ᕙ䜑ူᏕⓏၡ㢗䇮Ꮛᅹㄵ䝿ヾㆉㄵ䝿౮ೋ䛮ᐁᅹ䛴ၡ㢗</p></body></slide>
in Sheet Class, page: 36
title = ""
body = "<p>ᮇ㈻䜘ᕙ䜑ူᏕⓏၡ㢗䇮Ꮛᅹㄵ䝿ヾㆉㄵ䝿౮ೋ䛮ᐁᅹ䛴ၡ㢗</p>"
makeWordArrayJp
paragraph: ᮇ㈻䜘ᕙ䜑ူᏕⓏၡ㢗䇮Ꮛᅹㄵ䝿ヾㆉㄵ䝿౮ೋ䛮ᐁᅹ䛴ၡ㢗
ページ: 37 -----
<slide page="37"><body><p>䚸ெ⛸䟺Ằ᪐ᛮ䟻䚹䛱䜄䛪䜕䜑ၡ㢗⩄䠌䜄䛮䜇䇮䚸ெ⛸䚹䛱䜄䛪䜕䜑ၡ㢗䛴⩻ᐳ䛑䜏ぜ䛎䛬䛕䜑ူᏕ䛴ၡ㢗䛴㡷ᇡᶋ᩷ᛮ</p></body></slide>
in Sheet Class, page: 37
title = ""
body = "<p>䚸ெ⛸䟺Ằ᪐ᛮ䟻䚹䛱䜄䛪䜕䜑ၡ㢗⩄䠌䜄䛮䜇䇮䚸ெ⛸䚹䛱䜄䛪䜕䜑ၡ㢗䛴⩻ᐳ䛑䜏ぜ䛎䛬䛕䜑ူᏕ䛴ၡ㢗䛴㡷ᇡᶋ᩷ᛮ</p>"
makeWordArrayJp
paragraph: 䚸ெ⛸䟺Ằ᪐ᛮ䟻䚹䛱䜄䛪䜕䜑ၡ㢗⩄䠌䜄䛮䜇䇮䚸ெ⛸䚹䛱䜄䛪䜕䜑ၡ㢗䛴⩻ᐳ䛑䜏ぜ䛎䛬䛕䜑ူᏕ䛴ၡ㢗䛴㡷ᇡᶋ᩷ᛮ
ページ: 38 -----
<slide page="38"><body><p>ူᏕ䛴Ꮛᅹ⌦⏜(raison d䇲être)(1)䇮಴ื⛁Ꮥฦ໩ᚃ䛴ူᏕ䛴䛈䜐᪁</p></body></slide>
in Sheet Class, page: 38
title = ""
body = "<p>ူᏕ䛴Ꮛᅹ⌦⏜(raison d䇲être)(1)䇮಴ื⛁Ꮥฦ໩ᚃ䛴ူᏕ䛴䛈䜐᪁</p>"
makeWordArrayJp
paragraph: ူᏕ䛴Ꮛᅹ⌦⏜(raison d䇲être)(1)䇮಴ื⛁Ꮥฦ໩ᚃ䛴ူᏕ䛴䛈䜐᪁
⌦⏜( :	名詞,サ変接続,*,*,*,*,*	false	1
raison :	名詞,固有名詞,組織,*,*,*,*	false	1
être :	名詞,一般,*,*,*,*,*	false	1
)( :	名詞,サ変接続,*,*,*,*,*	false	1
ページ: 39 -----
<slide page="39"><body><p>ူᏕ䛴Ꮛᅹ⌦⏜(raison d䇲être) (2)䇮㡷ᇡᶋ᩷ᛮ䟺䠃䟻䠌㡷ᇡᶋ᩷Ⓩၡ㢗䛵᧻జၡ㢗䛭䛵䛰䛊</p></body></slide>
in Sheet Class, page: 39
title = ""
body = "<p>ူᏕ䛴Ꮛᅹ⌦⏜(raison d䇲être) (2)䇮㡷ᇡᶋ᩷ᛮ䟺䠃䟻䠌㡷ᇡᶋ᩷Ⓩၡ㢗䛵᧻జၡ㢗䛭䛵䛰䛊</p>"
makeWordArrayJp
paragraph: ူᏕ䛴Ꮛᅹ⌦⏜(raison d䇲être) (2)䇮㡷ᇡᶋ᩷ᛮ䟺䠃䟻䠌㡷ᇡᶋ᩷Ⓩၡ㢗䛵᧻జၡ㢗䛭䛵䛰䛊
⌦⏜( :	名詞,サ変接続,*,*,*,*,*	false	1
raison :	名詞,固有名詞,組織,*,*,*,*	false	1
être :	名詞,一般,*,*,*,*,*	false	1
ページ: 40 -----
<slide page="40"><body><p>ူᏕ䛴Ꮛᅹ⌦⏜(raison d䇲être)(3) 䇮㡷ᇡᶋ᩷ᛮ䟺䠄䟻䠌䚸▩䚹䛴మ⣌䝿మโ䛴᭞᩺⿞⨠䝿◫├໩㜭Ḿ⿞⨠䛮䛝䛬䛴ူᏕ</p></body></slide>
in Sheet Class, page: 40
title = ""
body = "<p>ူᏕ䛴Ꮛᅹ⌦⏜(raison d䇲être)(3) 䇮㡷ᇡᶋ᩷ᛮ䟺䠄䟻䠌䚸▩䚹䛴మ⣌䝿మโ䛴᭞᩺⿞⨠䝿◫├໩㜭Ḿ⿞⨠䛮䛝䛬䛴ူᏕ</p>"
makeWordArrayJp
paragraph: ူᏕ䛴Ꮛᅹ⌦⏜(raison d䇲être)(3) 䇮㡷ᇡᶋ᩷ᛮ䟺䠄䟻䠌䚸▩䚹䛴మ⣌䝿మโ䛴᭞᩺⿞⨠䝿◫├໩㜭Ḿ⿞⨠䛮䛝䛬䛴ူᏕ
⌦⏜( :	名詞,サ変接続,*,*,*,*,*	false	1
raison :	名詞,固有名詞,組織,*,*,*,*	false	1
être :	名詞,一般,*,*,*,*,*	false	1
)( :	名詞,サ変接続,*,*,*,*,*	false	1
◫├ :	名詞,サ変接続,*,*,*,*,*	false	1
ページ: 41 -----
<slide page="41"><body><p>ူᏕ䛴Ꮛᅹ⌦⏜(raison d䇲être)(4)䇮පභᛮ䟺䠃䟻䠌㡷ᇡᶋ᩷ၡ㢗䛮಴ืၡ㢗䛴㛭౿</p></body></slide>
in Sheet Class, page: 41
title = ""
body = "<p>ူᏕ䛴Ꮛᅹ⌦⏜(raison d䇲être)(4)䇮පභᛮ䟺䠃䟻䠌㡷ᇡᶋ᩷ၡ㢗䛮಴ืၡ㢗䛴㛭౿</p>"
makeWordArrayJp
paragraph: ူᏕ䛴Ꮛᅹ⌦⏜(raison d䇲être)(4)䇮පභᛮ䟺䠃䟻䠌㡷ᇡᶋ᩷ၡ㢗䛮಴ืၡ㢗䛴㛭౿
⌦⏜( :	名詞,サ変接続,*,*,*,*,*	false	1
raison :	名詞,固有名詞,組織,*,*,*,*	false	1
être :	名詞,一般,*,*,*,*,*	false	1
)( :	名詞,サ変接続,*,*,*,*,*	false	1
ページ: 42 -----
<slide page="42"><body><p>ူᏕ䛴Ꮛᅹ⌦⏜(raison d䇲être)(5)䇮පභᛮ䟺䠄䟻䠌㡷ᇡᶋ᩷Ⓩၡ㢗䛮಴ืၡ㢗䛴┞பష⏕</p></body></slide>
in Sheet Class, page: 42
title = ""
body = "<p>ူᏕ䛴Ꮛᅹ⌦⏜(raison d䇲être)(5)䇮පභᛮ䟺䠄䟻䠌㡷ᇡᶋ᩷Ⓩၡ㢗䛮಴ืၡ㢗䛴┞பష⏕</p>"
makeWordArrayJp
paragraph: ူᏕ䛴Ꮛᅹ⌦⏜(raison d䇲être)(5)䇮පභᛮ䟺䠄䟻䠌㡷ᇡᶋ᩷Ⓩၡ㢗䛮಴ืၡ㢗䛴┞பష⏕
⌦⏜( :	名詞,サ変接続,*,*,*,*,*	false	1
raison :	名詞,固有名詞,組織,*,*,*,*	false	1
être :	名詞,一般,*,*,*,*,*	false	1
)( :	名詞,サ変接続,*,*,*,*,*	false	1
ページ: 43 -----
<slide page="43"><body><p>ူᏕ䛴Ꮛᅹ⌦⏜(raison d䇲être)(6)䇮පභᛮ䟺䠅䟻䠌㡷ᇡᶋ᩷ၡ㢗䛱䜎䜑಴ืၡ㢗䟺♣ఌⓏၡ㢗䟻䛴䚸▩Ⓩ䝿පභ໩䚹</p></body></slide>
in Sheet Class, page: 43
title = ""
body = "<p>ူᏕ䛴Ꮛᅹ⌦⏜(raison d䇲être)(6)䇮පභᛮ䟺䠅䟻䠌㡷ᇡᶋ᩷ၡ㢗䛱䜎䜑಴ืၡ㢗䟺♣ఌⓏၡ㢗䟻䛴䚸▩Ⓩ䝿පභ໩䚹</p>"
makeWordArrayJp
paragraph: ူᏕ䛴Ꮛᅹ⌦⏜(raison d䇲être)(6)䇮පභᛮ䟺䠅䟻䠌㡷ᇡᶋ᩷ၡ㢗䛱䜎䜑಴ืၡ㢗䟺♣ఌⓏၡ㢗䟻䛴䚸▩Ⓩ䝿පභ໩䚹
⌦⏜( :	名詞,サ変接続,*,*,*,*,*	false	1
raison :	名詞,固有名詞,組織,*,*,*,*	false	1
être :	名詞,一般,*,*,*,*,*	false	1
)( :	名詞,サ変接続,*,*,*,*,*	false	1
▩Ⓩ :	名詞,サ変接続,*,*,*,*,*	false	1
ページ: 44 -----
<slide page="44"><body><p>䚸ெ⛸䟺Ằ᪐ᛮ䟻䚹䛱䜄䛪䜕䜑ၡ㢗⩄䛑䜏ぜ䛎䛬䛓䛥䛙䛮䇮ူᏕ䛴Ꮛᅹ⌦⏜䛮䛣䛴௘஥</p></body></slide>
in Sheet Class, page: 44
title = ""
body = "<p>䚸ெ⛸䟺Ằ᪐ᛮ䟻䚹䛱䜄䛪䜕䜑ၡ㢗⩄䛑䜏ぜ䛎䛬䛓䛥䛙䛮䇮ူᏕ䛴Ꮛᅹ⌦⏜䛮䛣䛴௘஥</p>"
makeWordArrayJp
paragraph: 䚸ெ⛸䟺Ằ᪐ᛮ䟻䚹䛱䜄䛪䜕䜑ၡ㢗⩄䛑䜏ぜ䛎䛬䛓䛥䛙䛮䇮ူᏕ䛴Ꮛᅹ⌦⏜䛮䛣䛴௘஥
⌦⏜ :	名詞,サ変接続,*,*,*,*,*	false	1
