┷⌦(2)
)((5)
overpossible(1)
vs(1)
worlds(2)
⛸((3)
race(3)
quantifier(1)
⏍∸⛸(3)
possible(1)
┘Ⓩ(1)
être(6)
⌦⏜((6)
Blind(1)
⏲((1)
▩Ⓩ(7)
quantification(2)
⌦⏜(1)
⩄((17)
raison(6)
◫├(1)
Color(1)
⏍∸(1)
ethnicity(3)
Bernier(1)
{ 1 } { 2 } { 3 } { 4 } { 5 } { 6 } { 7 } { 8 } { 9 } { 10 } { 11 } { 12 } { 13 } { 14 } { 15 } { 16 } { 17 } { 18 } { 19 } { 20 } { 21 } { 22 } { 23 } { 24 } { 25 } { 26 } { 27 } { 28 } { 29 } { 30 } { 31 } { 32 } { 33 } { 34 } { 35 } { 36 } { 37 } { 38 } { 39 } { 40 } { 41 } { 42 } { 43 } { 44 } 
Segment{ 2 }, Segment{ 3 }
コサイン類似度: 1.0
Segment{ 3 }, Segment{ 4 }
コサイン類似度: 1.0
Segment{ 4 }, Segment{ 5 }
コサイン類似度: NaN
Segment{ 5 }, Segment{ 6 }
コサイン類似度: NaN
Segment{ 6 }, Segment{ 7 }
コサイン類似度: 0.511181506574051
Segment{ 7 }, Segment{ 8 }
コサイン類似度: 0.511181506574051
Segment{ 8 }, Segment{ 9 }
コサイン類似度: 0.0
Segment{ 9 }, Segment{ 10 }
コサイン類似度: 0.04155858174616914
Segment{ 10 }, Segment{ 11 }
コサイン類似度: 1.0
Segment{ 11 }, Segment{ 12 }
コサイン類似度: 1.0
Segment{ 12 }, Segment{ 13 }
コサイン類似度: 1.0
Segment{ 13 }, Segment{ 14 }
コサイン類似度: NaN
Segment{ 14 }, Segment{ 15 }
コサイン類似度: NaN
Segment{ 15 }, Segment{ 16 }
コサイン類似度: 1.0
Segment{ 16 }, Segment{ 17 }
コサイン類似度: 0.08789381029635715
Segment{ 17 }, Segment{ 18 }
コサイン類似度: 0.9999999999999999
Segment{ 18 }, Segment{ 19 }
コサイン類似度: 0.9962469539236631
Segment{ 19 }, Segment{ 20 }
コサイン類似度: 0.010205026192650703
Segment{ 20 }, Segment{ 21 }
コサイン類似度: 0.05872202195147035
Segment{ 21 }, Segment{ 22 }
コサイン類似度: 1.0
Segment{ 22 }, Segment{ 23 }
コサイン類似度: 1.0
Segment{ 23 }, Segment{ 24 }
コサイン類似度: 1.0
Segment{ 24 }, Segment{ 25 }
コサイン類似度: 1.0
Segment{ 25 }, Segment{ 26 }
コサイン類似度: 1.0
Segment{ 26 }, Segment{ 27 }
コサイン類似度: NaN
Segment{ 27 }, Segment{ 28 }
コサイン類似度: NaN
Segment{ 28 }, Segment{ 29 }
コサイン類似度: NaN
Segment{ 29 }, Segment{ 30 }
コサイン類似度: NaN
Segment{ 30 }, Segment{ 31 }
コサイン類似度: 0.0
Segment{ 31 }, Segment{ 32 }
コサイン類似度: 0.0
Segment{ 32 }, Segment{ 33 }
コサイン類似度: 0.0
Segment{ 33 }, Segment{ 34 }
コサイン類似度: 0.0
Segment{ 34 }, Segment{ 35 }
コサイン類似度: NaN
Segment{ 35 }, Segment{ 36 }
コサイン類似度: NaN
Segment{ 36 }, Segment{ 37 }
コサイン類似度: NaN
Segment{ 37 }, Segment{ 38 }
コサイン類似度: NaN
Segment{ 38 }, Segment{ 39 }
コサイン類似度: 0.8219949365267865
Segment{ 39 }, Segment{ 40 }
コサイン類似度: 0.27236735535142165
Segment{ 40 }, Segment{ 41 }
コサイン類似度: 0.3313491887216096
Segment{ 41 }, Segment{ 42 }
コサイン類似度: 1.0000000000000002
Segment{ 42 }, Segment{ 43 }
コサイン類似度: 0.9262946453452421
Segment{ 43 }, Segment{ 44 }
コサイン類似度: 0.0
┷⌦(2)
)((4)
overpossible(1)
vs(1)
worlds(2)
⛸((3)
race(3)
quantifier(1)
⏍∸⛸(3)
possible(1)
┘Ⓩ(1)
être(5)
⌦⏜((5)
Blind(1)
⏲((1)
▩Ⓩ(7)
quantification(2)
⌦⏜(1)
⩄((17)
raison(5)
◫├(1)
Color(1)
⏍∸(1)
ethnicity(3)
Bernier(1)
{ 1 } { 2 } { 3 } { 4 } { 5 } { 6 } { 7 } { 8 } { 9 } { 10 } { 11 } { 12 } { 13 } { 14 } { 15 } { 16 } { 17 } { 18 } { 19 } { 20 } { 21 } { 22 } { 23 } { 24 } { 25 } { 26 } { 27 } { 28 } { 29 } { 30 } { 31 } { 32 } { 33 } { 34 } { 35 } { 36 } { 37 } { 38 } { 39 } { 40 } { 41 42 } { 43 } { 44 } 
Segment{ 2 }, Segment{ 3 }
コサイン類似度: 1.0
Segment{ 3 }, Segment{ 4 }
コサイン類似度: 1.0
Segment{ 4 }, Segment{ 5 }
コサイン類似度: NaN
Segment{ 5 }, Segment{ 6 }
コサイン類似度: NaN
Segment{ 6 }, Segment{ 7 }
コサイン類似度: 0.511181506574051
Segment{ 7 }, Segment{ 8 }
コサイン類似度: 0.511181506574051
Segment{ 8 }, Segment{ 9 }
コサイン類似度: 0.0
Segment{ 9 }, Segment{ 10 }
コサイン類似度: 0.04155858174616914
Segment{ 10 }, Segment{ 11 }
コサイン類似度: 1.0
Segment{ 11 }, Segment{ 12 }
コサイン類似度: 1.0
Segment{ 12 }, Segment{ 13 }
コサイン類似度: 1.0
Segment{ 13 }, Segment{ 14 }
コサイン類似度: NaN
Segment{ 14 }, Segment{ 15 }
コサイン類似度: NaN
Segment{ 15 }, Segment{ 16 }
コサイン類似度: 1.0
Segment{ 16 }, Segment{ 17 }
コサイン類似度: 0.08789381029635715
Segment{ 17 }, Segment{ 18 }
コサイン類似度: 0.9999999999999999
Segment{ 18 }, Segment{ 19 }
コサイン類似度: 0.9962469539236631
Segment{ 19 }, Segment{ 20 }
コサイン類似度: 0.010205026192650703
Segment{ 20 }, Segment{ 21 }
コサイン類似度: 0.05872202195147035
Segment{ 21 }, Segment{ 22 }
コサイン類似度: 1.0
Segment{ 22 }, Segment{ 23 }
コサイン類似度: 1.0
Segment{ 23 }, Segment{ 24 }
コサイン類似度: 1.0
Segment{ 24 }, Segment{ 25 }
コサイン類似度: 1.0
Segment{ 25 }, Segment{ 26 }
コサイン類似度: 1.0
Segment{ 26 }, Segment{ 27 }
コサイン類似度: NaN
Segment{ 27 }, Segment{ 28 }
コサイン類似度: NaN
Segment{ 28 }, Segment{ 29 }
コサイン類似度: NaN
Segment{ 29 }, Segment{ 30 }
コサイン類似度: NaN
Segment{ 30 }, Segment{ 31 }
コサイン類似度: 0.0
Segment{ 31 }, Segment{ 32 }
コサイン類似度: 0.0
Segment{ 32 }, Segment{ 33 }
コサイン類似度: 0.0
Segment{ 33 }, Segment{ 34 }
コサイン類似度: 0.0
Segment{ 34 }, Segment{ 35 }
コサイン類似度: NaN
Segment{ 35 }, Segment{ 36 }
コサイン類似度: NaN
Segment{ 36 }, Segment{ 37 }
コサイン類似度: NaN
Segment{ 37 }, Segment{ 38 }
コサイン類似度: NaN
Segment{ 38 }, Segment{ 39 }
コサイン類似度: 0.810884854079383
Segment{ 39 }, Segment{ 40 }
コサイン類似度: 0.31855912392113933
Segment{ 40 }, Segment{ 41 42 }
コサイン類似度: 0.3928537107562665
Segment{ 41 42 }, Segment{ 43 }
コサイン類似度: 0.948378444835772
Segment{ 43 }, Segment{ 44 }
コサイン類似度: 0.0
┷⌦(2)
)((4)
overpossible(1)
vs(1)
worlds(2)
⛸((3)
race(3)
quantifier(1)
⏍∸⛸(3)
possible(1)
┘Ⓩ(1)
être(5)
⌦⏜((5)
Blind(1)
⏲((1)
▩Ⓩ(6)
quantification(2)
⌦⏜(1)
⩄((17)
raison(5)
◫├(1)
Color(1)
⏍∸(1)
ethnicity(3)
Bernier(1)
{ 1 } { 2 3 } { 4 } { 5 } { 6 } { 7 } { 8 } { 9 } { 10 } { 11 } { 12 } { 13 } { 14 } { 15 } { 16 } { 17 } { 18 } { 19 } { 20 } { 21 } { 22 } { 23 } { 24 } { 25 } { 26 } { 27 } { 28 } { 29 } { 30 } { 31 } { 32 } { 33 } { 34 } { 35 } { 36 } { 37 } { 38 } { 39 } { 40 } { 41 42 } { 43 } { 44 } 
Segment{ 2 3 }, Segment{ 4 }
コサイン類似度: 1.0
Segment{ 4 }, Segment{ 5 }
コサイン類似度: NaN
Segment{ 5 }, Segment{ 6 }
コサイン類似度: NaN
Segment{ 6 }, Segment{ 7 }
コサイン類似度: 0.5150787536377127
Segment{ 7 }, Segment{ 8 }
コサイン類似度: 0.5150787536377127
Segment{ 8 }, Segment{ 9 }
コサイン類似度: 0.0
Segment{ 9 }, Segment{ 10 }
コサイン類似度: 0.04155858174616914
Segment{ 10 }, Segment{ 11 }
コサイン類似度: 1.0
Segment{ 11 }, Segment{ 12 }
コサイン類似度: 1.0
Segment{ 12 }, Segment{ 13 }
コサイン類似度: 1.0
Segment{ 13 }, Segment{ 14 }
コサイン類似度: NaN
Segment{ 14 }, Segment{ 15 }
コサイン類似度: NaN
Segment{ 15 }, Segment{ 16 }
コサイン類似度: 1.0
Segment{ 16 }, Segment{ 17 }
コサイン類似度: 0.08789381029635715
Segment{ 17 }, Segment{ 18 }
コサイン類似度: 0.9999999999999999
Segment{ 18 }, Segment{ 19 }
コサイン類似度: 0.9962469539236631
Segment{ 19 }, Segment{ 20 }
コサイン類似度: 0.010205026192650703
Segment{ 20 }, Segment{ 21 }
コサイン類似度: 0.05872202195147035
Segment{ 21 }, Segment{ 22 }
コサイン類似度: 1.0
Segment{ 22 }, Segment{ 23 }
コサイン類似度: 1.0
Segment{ 23 }, Segment{ 24 }
コサイン類似度: 1.0
Segment{ 24 }, Segment{ 25 }
コサイン類似度: 1.0
Segment{ 25 }, Segment{ 26 }
コサイン類似度: 1.0
Segment{ 26 }, Segment{ 27 }
コサイン類似度: NaN
Segment{ 27 }, Segment{ 28 }
コサイン類似度: NaN
Segment{ 28 }, Segment{ 29 }
コサイン類似度: NaN
Segment{ 29 }, Segment{ 30 }
コサイン類似度: NaN
Segment{ 30 }, Segment{ 31 }
コサイン類似度: 0.0
Segment{ 31 }, Segment{ 32 }
コサイン類似度: 0.0
Segment{ 32 }, Segment{ 33 }
コサイン類似度: 0.0
Segment{ 33 }, Segment{ 34 }
コサイン類似度: 0.0
Segment{ 34 }, Segment{ 35 }
コサイン類似度: NaN
Segment{ 35 }, Segment{ 36 }
コサイン類似度: NaN
Segment{ 36 }, Segment{ 37 }
コサイン類似度: NaN
Segment{ 37 }, Segment{ 38 }
コサイン類似度: NaN
Segment{ 38 }, Segment{ 39 }
コサイン類似度: 0.810884854079383
Segment{ 39 }, Segment{ 40 }
コサイン類似度: 0.31855912392113933
Segment{ 40 }, Segment{ 41 42 }
コサイン類似度: 0.3928537107562665
Segment{ 41 42 }, Segment{ 43 }
コサイン類似度: 0.9316112943169008
Segment{ 43 }, Segment{ 44 }
コサイン類似度: 0.0
┷⌦(2)
)((4)
overpossible(1)
vs(1)
worlds(2)
⛸((3)
race(3)
quantifier(1)
⏍∸⛸(3)
possible(1)
┘Ⓩ(1)
être(5)
⌦⏜((5)
Blind(1)
⏲((1)
▩Ⓩ(5)
quantification(2)
⌦⏜(1)
⩄((17)
raison(5)
◫├(1)
Color(1)
⏍∸(1)
ethnicity(3)
Bernier(1)
{ 1 } { 2 3 4 } { 5 } { 6 } { 7 } { 8 } { 9 } { 10 } { 11 } { 12 } { 13 } { 14 } { 15 } { 16 } { 17 } { 18 } { 19 } { 20 } { 21 } { 22 } { 23 } { 24 } { 25 } { 26 } { 27 } { 28 } { 29 } { 30 } { 31 } { 32 } { 33 } { 34 } { 35 } { 36 } { 37 } { 38 } { 39 } { 40 } { 41 42 } { 43 } { 44 } 
Segment{ 2 3 4 }, Segment{ 5 }
コサイン類似度: NaN
Segment{ 5 }, Segment{ 6 }
コサイン類似度: NaN
Segment{ 6 }, Segment{ 7 }
コサイン類似度: 0.521387245906701
Segment{ 7 }, Segment{ 8 }
コサイン類似度: 0.521387245906701
Segment{ 8 }, Segment{ 9 }
コサイン類似度: 0.0
Segment{ 9 }, Segment{ 10 }
コサイン類似度: 0.04155858174616914
Segment{ 10 }, Segment{ 11 }
コサイン類似度: 1.0
Segment{ 11 }, Segment{ 12 }
コサイン類似度: 1.0
Segment{ 12 }, Segment{ 13 }
コサイン類似度: 1.0
Segment{ 13 }, Segment{ 14 }
コサイン類似度: NaN
Segment{ 14 }, Segment{ 15 }
コサイン類似度: NaN
Segment{ 15 }, Segment{ 16 }
コサイン類似度: 1.0
Segment{ 16 }, Segment{ 17 }
コサイン類似度: 0.08789381029635715
Segment{ 17 }, Segment{ 18 }
コサイン類似度: 0.9999999999999999
Segment{ 18 }, Segment{ 19 }
コサイン類似度: 0.9962469539236631
Segment{ 19 }, Segment{ 20 }
コサイン類似度: 0.010205026192650703
Segment{ 20 }, Segment{ 21 }
コサイン類似度: 0.05872202195147035
Segment{ 21 }, Segment{ 22 }
コサイン類似度: 1.0
Segment{ 22 }, Segment{ 23 }
コサイン類似度: 1.0
Segment{ 23 }, Segment{ 24 }
コサイン類似度: 1.0
Segment{ 24 }, Segment{ 25 }
コサイン類似度: 1.0
Segment{ 25 }, Segment{ 26 }
コサイン類似度: 1.0
Segment{ 26 }, Segment{ 27 }
コサイン類似度: NaN
Segment{ 27 }, Segment{ 28 }
コサイン類似度: NaN
Segment{ 28 }, Segment{ 29 }
コサイン類似度: NaN
Segment{ 29 }, Segment{ 30 }
コサイン類似度: NaN
Segment{ 30 }, Segment{ 31 }
コサイン類似度: 0.0
Segment{ 31 }, Segment{ 32 }
コサイン類似度: 0.0
Segment{ 32 }, Segment{ 33 }
コサイン類似度: 0.0
Segment{ 33 }, Segment{ 34 }
コサイン類似度: 0.0
Segment{ 34 }, Segment{ 35 }
コサイン類似度: NaN
Segment{ 35 }, Segment{ 36 }
コサイン類似度: NaN
Segment{ 36 }, Segment{ 37 }
コサイン類似度: NaN
Segment{ 37 }, Segment{ 38 }
コサイン類似度: NaN
Segment{ 38 }, Segment{ 39 }
コサイン類似度: 0.810884854079383
Segment{ 39 }, Segment{ 40 }
コサイン類似度: 0.31855912392113933
Segment{ 40 }, Segment{ 41 42 }
コサイン類似度: 0.3928537107562665
Segment{ 41 42 }, Segment{ 43 }
コサイン類似度: 0.9056625856802981
Segment{ 43 }, Segment{ 44 }
コサイン類似度: 0.0
┷⌦(2)
)((4)
overpossible(1)
vs(1)
worlds(2)
⛸((3)
race(3)
quantifier(1)
⏍∸⛸(3)
possible(1)
┘Ⓩ(1)
être(5)
⌦⏜((5)
Blind(1)
⏲((1)
▩Ⓩ(5)
quantification(2)
⌦⏜(1)
⩄((16)
raison(5)
◫├(1)
Color(1)
⏍∸(1)
ethnicity(3)
Bernier(1)
{ 1 } { 2 3 4 } { 5 } { 6 } { 7 } { 8 } { 9 } { 10 11 } { 12 } { 13 } { 14 } { 15 } { 16 } { 17 } { 18 } { 19 } { 20 } { 21 } { 22 } { 23 } { 24 } { 25 } { 26 } { 27 } { 28 } { 29 } { 30 } { 31 } { 32 } { 33 } { 34 } { 35 } { 36 } { 37 } { 38 } { 39 } { 40 } { 41 42 } { 43 } { 44 } 
Segment{ 2 3 4 }, Segment{ 5 }
コサイン類似度: NaN
Segment{ 5 }, Segment{ 6 }
コサイン類似度: NaN
Segment{ 6 }, Segment{ 7 }
コサイン類似度: 0.521387245906701
Segment{ 7 }, Segment{ 8 }
コサイン類似度: 0.521387245906701
Segment{ 8 }, Segment{ 9 }
コサイン類似度: 0.0
Segment{ 9 }, Segment{ 10 11 }
コサイン類似度: 0.044151078568834795
Segment{ 10 11 }, Segment{ 12 }
コサイン類似度: 1.0
Segment{ 12 }, Segment{ 13 }
コサイン類似度: 1.0
Segment{ 13 }, Segment{ 14 }
コサイン類似度: NaN
Segment{ 14 }, Segment{ 15 }
コサイン類似度: NaN
Segment{ 15 }, Segment{ 16 }
コサイン類似度: 1.0
Segment{ 16 }, Segment{ 17 }
コサイン類似度: 0.09334070869305827
Segment{ 17 }, Segment{ 18 }
コサイン類似度: 1.0
Segment{ 18 }, Segment{ 19 }
コサイン類似度: 0.9957828116191433
Segment{ 19 }, Segment{ 20 }
コサイン類似度: 0.01149560297447948
Segment{ 20 }, Segment{ 21 }
コサイン類似度: 0.06237828615518053
Segment{ 21 }, Segment{ 22 }
コサイン類似度: 1.0
Segment{ 22 }, Segment{ 23 }
コサイン類似度: 1.0
Segment{ 23 }, Segment{ 24 }
コサイン類似度: 1.0
Segment{ 24 }, Segment{ 25 }
コサイン類似度: 1.0
Segment{ 25 }, Segment{ 26 }
コサイン類似度: 1.0
Segment{ 26 }, Segment{ 27 }
コサイン類似度: NaN
Segment{ 27 }, Segment{ 28 }
コサイン類似度: NaN
Segment{ 28 }, Segment{ 29 }
コサイン類似度: NaN
Segment{ 29 }, Segment{ 30 }
コサイン類似度: NaN
Segment{ 30 }, Segment{ 31 }
コサイン類似度: 0.0
Segment{ 31 }, Segment{ 32 }
コサイン類似度: 0.0
Segment{ 32 }, Segment{ 33 }
コサイン類似度: 0.0
Segment{ 33 }, Segment{ 34 }
コサイン類似度: 0.0
Segment{ 34 }, Segment{ 35 }
コサイン類似度: NaN
Segment{ 35 }, Segment{ 36 }
コサイン類似度: NaN
Segment{ 36 }, Segment{ 37 }
コサイン類似度: NaN
Segment{ 37 }, Segment{ 38 }
コサイン類似度: NaN
Segment{ 38 }, Segment{ 39 }
コサイン類似度: 0.810884854079383
Segment{ 39 }, Segment{ 40 }
コサイン類似度: 0.31855912392113933
Segment{ 40 }, Segment{ 41 42 }
コサイン類似度: 0.3928537107562665
Segment{ 41 42 }, Segment{ 43 }
コサイン類似度: 0.9056625856802981
Segment{ 43 }, Segment{ 44 }
コサイン類似度: 0.0
┷⌦(2)
)((4)
overpossible(1)
vs(1)
worlds(2)
⛸((3)
race(3)
quantifier(1)
⏍∸⛸(3)
possible(1)
┘Ⓩ(1)
être(5)
⌦⏜((5)
Blind(1)
⏲((1)
▩Ⓩ(5)
quantification(2)
⌦⏜(1)
⩄((15)
raison(5)
◫├(1)
Color(1)
⏍∸(1)
ethnicity(3)
Bernier(1)
{ 1 } { 2 3 4 } { 5 } { 6 } { 7 } { 8 } { 9 } { 10 11 12 } { 13 } { 14 } { 15 } { 16 } { 17 } { 18 } { 19 } { 20 } { 21 } { 22 } { 23 } { 24 } { 25 } { 26 } { 27 } { 28 } { 29 } { 30 } { 31 } { 32 } { 33 } { 34 } { 35 } { 36 } { 37 } { 38 } { 39 } { 40 } { 41 42 } { 43 } { 44 } 
Segment{ 2 3 4 }, Segment{ 5 }
コサイン類似度: NaN
Segment{ 5 }, Segment{ 6 }
コサイン類似度: NaN
Segment{ 6 }, Segment{ 7 }
コサイン類似度: 0.521387245906701
Segment{ 7 }, Segment{ 8 }
コサイン類似度: 0.521387245906701
Segment{ 8 }, Segment{ 9 }
コサイン類似度: 0.0
Segment{ 9 }, Segment{ 10 11 12 }
コサイン類似度: 0.047088160934801115
Segment{ 10 11 12 }, Segment{ 13 }
コサイン類似度: 1.0
Segment{ 13 }, Segment{ 14 }
コサイン類似度: NaN
Segment{ 14 }, Segment{ 15 }
コサイン類似度: NaN
Segment{ 15 }, Segment{ 16 }
コサイン類似度: 1.0
Segment{ 16 }, Segment{ 17 }
コサイン類似度: 0.09950371902099892
Segment{ 17 }, Segment{ 18 }
コサイン類似度: 1.0
Segment{ 18 }, Segment{ 19 }
コサイン類似度: 0.99522852511998
Segment{ 19 }, Segment{ 20 }
コサイン類似度: 0.013045451257138733
Segment{ 20 }, Segment{ 21 }
コサイン類似度: 0.06651901052377392
Segment{ 21 }, Segment{ 22 }
コサイン類似度: 1.0
Segment{ 22 }, Segment{ 23 }
コサイン類似度: 1.0
Segment{ 23 }, Segment{ 24 }
コサイン類似度: 1.0
Segment{ 24 }, Segment{ 25 }
コサイン類似度: 1.0
Segment{ 25 }, Segment{ 26 }
コサイン類似度: 1.0
Segment{ 26 }, Segment{ 27 }
コサイン類似度: NaN
Segment{ 27 }, Segment{ 28 }
コサイン類似度: NaN
Segment{ 28 }, Segment{ 29 }
コサイン類似度: NaN
Segment{ 29 }, Segment{ 30 }
コサイン類似度: NaN
Segment{ 30 }, Segment{ 31 }
コサイン類似度: 0.0
Segment{ 31 }, Segment{ 32 }
コサイン類似度: 0.0
Segment{ 32 }, Segment{ 33 }
コサイン類似度: 0.0
Segment{ 33 }, Segment{ 34 }
コサイン類似度: 0.0
Segment{ 34 }, Segment{ 35 }
コサイン類似度: NaN
Segment{ 35 }, Segment{ 36 }
コサイン類似度: NaN
Segment{ 36 }, Segment{ 37 }
コサイン類似度: NaN
Segment{ 37 }, Segment{ 38 }
コサイン類似度: NaN
Segment{ 38 }, Segment{ 39 }
コサイン類似度: 0.810884854079383
Segment{ 39 }, Segment{ 40 }
コサイン類似度: 0.31855912392113933
Segment{ 40 }, Segment{ 41 42 }
コサイン類似度: 0.3928537107562665
Segment{ 41 42 }, Segment{ 43 }
コサイン類似度: 0.9056625856802981
Segment{ 43 }, Segment{ 44 }
コサイン類似度: 0.0
┷⌦(2)
)((4)
overpossible(1)
vs(1)
worlds(2)
⛸((3)
race(3)
quantifier(1)
⏍∸⛸(3)
possible(1)
┘Ⓩ(1)
être(5)
⌦⏜((5)
Blind(1)
⏲((1)
▩Ⓩ(5)
quantification(2)
⌦⏜(1)
⩄((14)
raison(5)
◫├(1)
Color(1)
⏍∸(1)
ethnicity(3)
Bernier(1)
{ 1 } { 2 3 4 } { 5 } { 6 } { 7 } { 8 } { 9 } { 10 11 12 13 } { 14 } { 15 } { 16 } { 17 } { 18 } { 19 } { 20 } { 21 } { 22 } { 23 } { 24 } { 25 } { 26 } { 27 } { 28 } { 29 } { 30 } { 31 } { 32 } { 33 } { 34 } { 35 } { 36 } { 37 } { 38 } { 39 } { 40 } { 41 42 } { 43 } { 44 } 
Segment{ 2 3 4 }, Segment{ 5 }
コサイン類似度: NaN
Segment{ 5 }, Segment{ 6 }
コサイン類似度: NaN
Segment{ 6 }, Segment{ 7 }
コサイン類似度: 0.521387245906701
Segment{ 7 }, Segment{ 8 }
コサイン類似度: 0.521387245906701
Segment{ 8 }, Segment{ 9 }
コサイン類似度: 0.0
Segment{ 9 }, Segment{ 10 11 12 13 }
コサイン類似度: 0.050443327230531826
Segment{ 10 11 12 13 }, Segment{ 14 }
コサイン類似度: NaN
Segment{ 14 }, Segment{ 15 }
コサイン類似度: NaN
Segment{ 15 }, Segment{ 16 }
コサイン類似度: 1.0
Segment{ 16 }, Segment{ 17 }
コサイン類似度: 0.10653312363426526
Segment{ 17 }, Segment{ 18 }
コサイン類似度: 1.0
Segment{ 18 }, Segment{ 19 }
コサイン類似度: 0.9945596793567968
Segment{ 19 }, Segment{ 20 }
コサイン類似度: 0.014928329458729694
Segment{ 20 }, Segment{ 21 }
コサイン類似度: 0.07124704998790964
Segment{ 21 }, Segment{ 22 }
コサイン類似度: 1.0
Segment{ 22 }, Segment{ 23 }
コサイン類似度: 1.0
Segment{ 23 }, Segment{ 24 }
コサイン類似度: 1.0
Segment{ 24 }, Segment{ 25 }
コサイン類似度: 1.0
Segment{ 25 }, Segment{ 26 }
コサイン類似度: 1.0
Segment{ 26 }, Segment{ 27 }
コサイン類似度: NaN
Segment{ 27 }, Segment{ 28 }
コサイン類似度: NaN
Segment{ 28 }, Segment{ 29 }
コサイン類似度: NaN
Segment{ 29 }, Segment{ 30 }
コサイン類似度: NaN
Segment{ 30 }, Segment{ 31 }
コサイン類似度: 0.0
Segment{ 31 }, Segment{ 32 }
コサイン類似度: 0.0
Segment{ 32 }, Segment{ 33 }
コサイン類似度: 0.0
Segment{ 33 }, Segment{ 34 }
コサイン類似度: 0.0
Segment{ 34 }, Segment{ 35 }
コサイン類似度: NaN
Segment{ 35 }, Segment{ 36 }
コサイン類似度: NaN
Segment{ 36 }, Segment{ 37 }
コサイン類似度: NaN
Segment{ 37 }, Segment{ 38 }
コサイン類似度: NaN
Segment{ 38 }, Segment{ 39 }
コサイン類似度: 0.810884854079383
Segment{ 39 }, Segment{ 40 }
コサイン類似度: 0.31855912392113933
Segment{ 40 }, Segment{ 41 42 }
コサイン類似度: 0.3928537107562665
Segment{ 41 42 }, Segment{ 43 }
コサイン類似度: 0.9056625856802981
Segment{ 43 }, Segment{ 44 }
コサイン類似度: 0.0
┷⌦(2)
)((4)
overpossible(1)
vs(1)
worlds(2)
⛸((3)
race(3)
quantifier(1)
⏍∸⛸(3)
possible(1)
┘Ⓩ(1)
être(5)
⌦⏜((5)
Blind(1)
⏲((1)
▩Ⓩ(5)
quantification(2)
⌦⏜(1)
⩄((13)
raison(5)
◫├(1)
Color(1)
⏍∸(1)
ethnicity(3)
Bernier(1)
{ 1 } { 2 3 4 } { 5 } { 6 } { 7 } { 8 } { 9 } { 10 11 12 13 } { 14 } { 15 16 } { 17 } { 18 } { 19 } { 20 } { 21 } { 22 } { 23 } { 24 } { 25 } { 26 } { 27 } { 28 } { 29 } { 30 } { 31 } { 32 } { 33 } { 34 } { 35 } { 36 } { 37 } { 38 } { 39 } { 40 } { 41 42 } { 43 } { 44 } 
Segment{ 2 3 4 }, Segment{ 5 }
コサイン類似度: NaN
Segment{ 5 }, Segment{ 6 }
コサイン類似度: NaN
Segment{ 6 }, Segment{ 7 }
コサイン類似度: 0.521387245906701
Segment{ 7 }, Segment{ 8 }
コサイン類似度: 0.521387245906701
Segment{ 8 }, Segment{ 9 }
コサイン類似度: 0.0
Segment{ 9 }, Segment{ 10 11 12 13 }
コサイン類似度: 0.05431254465935684
Segment{ 10 11 12 13 }, Segment{ 14 }
コサイン類似度: NaN
Segment{ 14 }, Segment{ 15 16 }
コサイン類似度: NaN
Segment{ 15 16 }, Segment{ 17 }
コサイン類似度: 0.11462410798513054
Segment{ 17 }, Segment{ 18 }
コサイン類似度: 1.0000000000000002
Segment{ 18 }, Segment{ 19 }
コサイン類似度: 0.9937432412145132
Segment{ 19 }, Segment{ 20 }
コサイン類似度: 0.01724593690474385
Segment{ 20 }, Segment{ 21 }
コサイン類似度: 0.07669649888473705
Segment{ 21 }, Segment{ 22 }
コサイン類似度: 1.0
Segment{ 22 }, Segment{ 23 }
コサイン類似度: 1.0
Segment{ 23 }, Segment{ 24 }
コサイン類似度: 1.0
Segment{ 24 }, Segment{ 25 }
コサイン類似度: 1.0
Segment{ 25 }, Segment{ 26 }
コサイン類似度: 1.0
Segment{ 26 }, Segment{ 27 }
コサイン類似度: NaN
Segment{ 27 }, Segment{ 28 }
コサイン類似度: NaN
Segment{ 28 }, Segment{ 29 }
コサイン類似度: NaN
Segment{ 29 }, Segment{ 30 }
コサイン類似度: NaN
Segment{ 30 }, Segment{ 31 }
コサイン類似度: 0.0
Segment{ 31 }, Segment{ 32 }
コサイン類似度: 0.0
Segment{ 32 }, Segment{ 33 }
コサイン類似度: 0.0
Segment{ 33 }, Segment{ 34 }
コサイン類似度: 0.0
Segment{ 34 }, Segment{ 35 }
コサイン類似度: NaN
Segment{ 35 }, Segment{ 36 }
コサイン類似度: NaN
Segment{ 36 }, Segment{ 37 }
コサイン類似度: NaN
Segment{ 37 }, Segment{ 38 }
コサイン類似度: NaN
Segment{ 38 }, Segment{ 39 }
コサイン類似度: 0.810884854079383
Segment{ 39 }, Segment{ 40 }
コサイン類似度: 0.31855912392113933
Segment{ 40 }, Segment{ 41 42 }
コサイン類似度: 0.3928537107562665
Segment{ 41 42 }, Segment{ 43 }
コサイン類似度: 0.9056625856802981
Segment{ 43 }, Segment{ 44 }
コサイン類似度: 0.0
┷⌦(2)
)((4)
overpossible(1)
vs(1)
worlds(2)
⛸((3)
race(3)
quantifier(1)
⏍∸⛸(2)
possible(1)
┘Ⓩ(1)
être(5)
⌦⏜((5)
Blind(1)
⏲((1)
▩Ⓩ(5)
quantification(2)
⌦⏜(1)
⩄((12)
raison(5)
◫├(1)
Color(1)
⏍∸(1)
ethnicity(3)
Bernier(1)
{ 1 } { 2 3 4 } { 5 } { 6 } { 7 } { 8 } { 9 } { 10 11 12 13 } { 14 } { 15 16 } { 17 18 } { 19 } { 20 } { 21 } { 22 } { 23 } { 24 } { 25 } { 26 } { 27 } { 28 } { 29 } { 30 } { 31 } { 32 } { 33 } { 34 } { 35 } { 36 } { 37 } { 38 } { 39 } { 40 } { 41 42 } { 43 } { 44 } 
Segment{ 2 3 4 }, Segment{ 5 }
コサイン類似度: NaN
Segment{ 5 }, Segment{ 6 }
コサイン類似度: NaN
Segment{ 6 }, Segment{ 7 }
コサイン類似度: 0.521387245906701
Segment{ 7 }, Segment{ 8 }
コサイン類似度: 0.521387245906701
Segment{ 8 }, Segment{ 9 }
コサイン類似度: 0.0
Segment{ 9 }, Segment{ 10 11 12 13 }
コサイン類似度: 0.058823529411764705
Segment{ 10 11 12 13 }, Segment{ 14 }
コサイン類似度: NaN
Segment{ 14 }, Segment{ 15 16 }
コサイン類似度: NaN
Segment{ 17 18 }, Segment{ 19 }
コサイン類似度: 0.9966392735416884
Segment{ 19 }, Segment{ 20 }
コサイン類似度: 0.013652592788242305
Segment{ 20 }, Segment{ 21 }
コサイン類似度: 0.08304547985373997
Segment{ 21 }, Segment{ 22 }
コサイン類似度: 1.0
Segment{ 22 }, Segment{ 23 }
コサイン類似度: 1.0
Segment{ 23 }, Segment{ 24 }
コサイン類似度: 1.0
Segment{ 24 }, Segment{ 25 }
コサイン類似度: 1.0
Segment{ 25 }, Segment{ 26 }
コサイン類似度: 1.0
Segment{ 26 }, Segment{ 27 }
コサイン類似度: NaN
Segment{ 27 }, Segment{ 28 }
コサイン類似度: NaN
Segment{ 28 }, Segment{ 29 }
コサイン類似度: NaN
Segment{ 29 }, Segment{ 30 }
コサイン類似度: NaN
Segment{ 30 }, Segment{ 31 }
コサイン類似度: 0.0
Segment{ 31 }, Segment{ 32 }
コサイン類似度: 0.0
Segment{ 32 }, Segment{ 33 }
コサイン類似度: 0.0
Segment{ 33 }, Segment{ 34 }
コサイン類似度: 0.0
Segment{ 34 }, Segment{ 35 }
コサイン類似度: NaN
Segment{ 35 }, Segment{ 36 }
コサイン類似度: NaN
Segment{ 36 }, Segment{ 37 }
コサイン類似度: NaN
Segment{ 37 }, Segment{ 38 }
コサイン類似度: NaN
Segment{ 38 }, Segment{ 39 }
コサイン類似度: 0.810884854079383
Segment{ 39 }, Segment{ 40 }
コサイン類似度: 0.31855912392113933
Segment{ 40 }, Segment{ 41 42 }
コサイン類似度: 0.3928537107562665
Segment{ 41 42 }, Segment{ 43 }
コサイン類似度: 0.9056625856802981
Segment{ 43 }, Segment{ 44 }
コサイン類似度: 0.0
┷⌦(2)
)((4)
overpossible(1)
vs(1)
worlds(2)
⛸((3)
race(3)
quantifier(1)
⏍∸⛸(2)
possible(1)
┘Ⓩ(1)
être(5)
⌦⏜((5)
Blind(1)
⏲((1)
▩Ⓩ(5)
quantification(2)
⌦⏜(1)
⩄((11)
raison(5)
◫├(1)
Color(1)
⏍∸(1)
ethnicity(3)
Bernier(1)
{ 1 } { 2 3 4 } { 5 } { 6 } { 7 } { 8 } { 9 } { 10 11 12 13 } { 14 } { 15 16 } { 17 18 } { 19 } { 20 } { 21 22 } { 23 } { 24 } { 25 } { 26 } { 27 } { 28 } { 29 } { 30 } { 31 } { 32 } { 33 } { 34 } { 35 } { 36 } { 37 } { 38 } { 39 } { 40 } { 41 42 } { 43 } { 44 } 
Segment{ 2 3 4 }, Segment{ 5 }
コサイン類似度: NaN
Segment{ 5 }, Segment{ 6 }
コサイン類似度: NaN
Segment{ 6 }, Segment{ 7 }
コサイン類似度: 0.521387245906701
Segment{ 7 }, Segment{ 8 }
コサイン類似度: 0.521387245906701
Segment{ 8 }, Segment{ 9 }
コサイン類似度: 0.0
Segment{ 9 }, Segment{ 10 11 12 13 }
コサイン類似度: 0.06415002990995843
Segment{ 10 11 12 13 }, Segment{ 14 }
コサイン類似度: NaN
Segment{ 14 }, Segment{ 15 16 }
コサイン類似度: NaN
Segment{ 17 18 }, Segment{ 19 }
コサイン類似度: 0.9960248861200666
Segment{ 19 }, Segment{ 20 }
コサイン類似度: 0.01619552660357832
Segment{ 20 }, Segment{ 21 22 }
コサイン類似度: 0.09053574604251853
Segment{ 21 22 }, Segment{ 23 }
コサイン類似度: 1.0
Segment{ 23 }, Segment{ 24 }
コサイン類似度: 1.0
Segment{ 24 }, Segment{ 25 }
コサイン類似度: 1.0
Segment{ 25 }, Segment{ 26 }
コサイン類似度: 1.0
Segment{ 26 }, Segment{ 27 }
コサイン類似度: NaN
Segment{ 27 }, Segment{ 28 }
コサイン類似度: NaN
Segment{ 28 }, Segment{ 29 }
コサイン類似度: NaN
Segment{ 29 }, Segment{ 30 }
コサイン類似度: NaN
Segment{ 30 }, Segment{ 31 }
コサイン類似度: 0.0
Segment{ 31 }, Segment{ 32 }
コサイン類似度: 0.0
Segment{ 32 }, Segment{ 33 }
コサイン類似度: 0.0
Segment{ 33 }, Segment{ 34 }
コサイン類似度: 0.0
Segment{ 34 }, Segment{ 35 }
コサイン類似度: NaN
Segment{ 35 }, Segment{ 36 }
コサイン類似度: NaN
Segment{ 36 }, Segment{ 37 }
コサイン類似度: NaN
Segment{ 37 }, Segment{ 38 }
コサイン類似度: NaN
Segment{ 38 }, Segment{ 39 }
コサイン類似度: 0.810884854079383
Segment{ 39 }, Segment{ 40 }
コサイン類似度: 0.31855912392113933
Segment{ 40 }, Segment{ 41 42 }
コサイン類似度: 0.3928537107562665
Segment{ 41 42 }, Segment{ 43 }
コサイン類似度: 0.9056625856802981
Segment{ 43 }, Segment{ 44 }
コサイン類似度: 0.0
┷⌦(2)
)((4)
overpossible(1)
vs(1)
worlds(2)
⛸((3)
race(3)
quantifier(1)
⏍∸⛸(2)
possible(1)
┘Ⓩ(1)
être(5)
⌦⏜((5)
Blind(1)
⏲((1)
▩Ⓩ(5)
quantification(2)
⌦⏜(1)
⩄((10)
raison(5)
◫├(1)
Color(1)
⏍∸(1)
ethnicity(3)
Bernier(1)
{ 1 } { 2 3 4 } { 5 } { 6 } { 7 } { 8 } { 9 } { 10 11 12 13 } { 14 } { 15 16 } { 17 18 } { 19 } { 20 } { 21 22 23 } { 24 } { 25 } { 26 } { 27 } { 28 } { 29 } { 30 } { 31 } { 32 } { 33 } { 34 } { 35 } { 36 } { 37 } { 38 } { 39 } { 40 } { 41 42 } { 43 } { 44 } 
Segment{ 2 3 4 }, Segment{ 5 }
コサイン類似度: NaN
Segment{ 5 }, Segment{ 6 }
コサイン類似度: NaN
Segment{ 6 }, Segment{ 7 }
コサイン類似度: 0.521387245906701
Segment{ 7 }, Segment{ 8 }
コサイン類似度: 0.521387245906701
Segment{ 8 }, Segment{ 9 }
コサイン類似度: 0.0
Segment{ 9 }, Segment{ 10 11 12 13 }
コサイン類似度: 0.07053456158585984
Segment{ 10 11 12 13 }, Segment{ 14 }
コサイン類似度: NaN
Segment{ 14 }, Segment{ 15 16 }
コサイン類似度: NaN
Segment{ 17 18 }, Segment{ 19 }
コサイン類似度: 0.9952285251199801
Segment{ 19 }, Segment{ 20 }
コサイン類似度: 0.01951428480627412
Segment{ 20 }, Segment{ 21 22 23 }
コサイン類似度: 0.09950371902099893
Segment{ 21 22 23 }, Segment{ 24 }
コサイン類似度: 1.0
Segment{ 24 }, Segment{ 25 }
コサイン類似度: 1.0
Segment{ 25 }, Segment{ 26 }
コサイン類似度: 1.0
Segment{ 26 }, Segment{ 27 }
コサイン類似度: NaN
Segment{ 27 }, Segment{ 28 }
コサイン類似度: NaN
Segment{ 28 }, Segment{ 29 }
コサイン類似度: NaN
Segment{ 29 }, Segment{ 30 }
コサイン類似度: NaN
Segment{ 30 }, Segment{ 31 }
コサイン類似度: 0.0
Segment{ 31 }, Segment{ 32 }
コサイン類似度: 0.0
Segment{ 32 }, Segment{ 33 }
コサイン類似度: 0.0
Segment{ 33 }, Segment{ 34 }
コサイン類似度: 0.0
Segment{ 34 }, Segment{ 35 }
コサイン類似度: NaN
Segment{ 35 }, Segment{ 36 }
コサイン類似度: NaN
Segment{ 36 }, Segment{ 37 }
コサイン類似度: NaN
Segment{ 37 }, Segment{ 38 }
コサイン類似度: NaN
Segment{ 38 }, Segment{ 39 }
コサイン類似度: 0.810884854079383
Segment{ 39 }, Segment{ 40 }
コサイン類似度: 0.31855912392113933
Segment{ 40 }, Segment{ 41 42 }
コサイン類似度: 0.3928537107562665
Segment{ 41 42 }, Segment{ 43 }
コサイン類似度: 0.9056625856802981
Segment{ 43 }, Segment{ 44 }
コサイン類似度: 0.0
┷⌦(2)
)((4)
overpossible(1)
vs(1)
worlds(2)
⛸((3)
race(3)
quantifier(1)
⏍∸⛸(2)
possible(1)
┘Ⓩ(1)
être(5)
⌦⏜((5)
Blind(1)
⏲((1)
▩Ⓩ(5)
quantification(2)
⌦⏜(1)
⩄((9)
raison(5)
◫├(1)
Color(1)
⏍∸(1)
ethnicity(3)
Bernier(1)
{ 1 } { 2 3 4 } { 5 } { 6 } { 7 } { 8 } { 9 } { 10 11 12 13 } { 14 } { 15 16 } { 17 18 } { 19 } { 20 } { 21 22 23 24 } { 25 } { 26 } { 27 } { 28 } { 29 } { 30 } { 31 } { 32 } { 33 } { 34 } { 35 } { 36 } { 37 } { 38 } { 39 } { 40 } { 41 42 } { 43 } { 44 } 
Segment{ 2 3 4 }, Segment{ 5 }
コサイン類似度: NaN
Segment{ 5 }, Segment{ 6 }
コサイン類似度: NaN
Segment{ 6 }, Segment{ 7 }
コサイン類似度: 0.521387245906701
Segment{ 7 }, Segment{ 8 }
コサイン類似度: 0.521387245906701
Segment{ 8 }, Segment{ 9 }
コサイン類似度: 0.0
Segment{ 9 }, Segment{ 10 11 12 13 }
コサイン類似度: 0.07832604499879574
Segment{ 10 11 12 13 }, Segment{ 14 }
コサイン類似度: NaN
Segment{ 14 }, Segment{ 15 16 }
コサイン類似度: NaN
Segment{ 17 18 }, Segment{ 19 }
コサイン類似度: 0.9941724026247172
Segment{ 19 }, Segment{ 20 }
コサイン類似度: 0.023955961509029327
Segment{ 20 }, Segment{ 21 22 23 24 }
コサイン類似度: 0.11043152607484655
Segment{ 21 22 23 24 }, Segment{ 25 }
コサイン類似度: 1.0
Segment{ 25 }, Segment{ 26 }
コサイン類似度: 1.0
Segment{ 26 }, Segment{ 27 }
コサイン類似度: NaN
Segment{ 27 }, Segment{ 28 }
コサイン類似度: NaN
Segment{ 28 }, Segment{ 29 }
コサイン類似度: NaN
Segment{ 29 }, Segment{ 30 }
コサイン類似度: NaN
Segment{ 30 }, Segment{ 31 }
コサイン類似度: 0.0
Segment{ 31 }, Segment{ 32 }
コサイン類似度: 0.0
Segment{ 32 }, Segment{ 33 }
コサイン類似度: 0.0
Segment{ 33 }, Segment{ 34 }
コサイン類似度: 0.0
Segment{ 34 }, Segment{ 35 }
コサイン類似度: NaN
Segment{ 35 }, Segment{ 36 }
コサイン類似度: NaN
Segment{ 36 }, Segment{ 37 }
コサイン類似度: NaN
Segment{ 37 }, Segment{ 38 }
コサイン類似度: NaN
Segment{ 38 }, Segment{ 39 }
コサイン類似度: 0.810884854079383
Segment{ 39 }, Segment{ 40 }
コサイン類似度: 0.31855912392113933
Segment{ 40 }, Segment{ 41 42 }
コサイン類似度: 0.3928537107562665
Segment{ 41 42 }, Segment{ 43 }
コサイン類似度: 0.9056625856802981
Segment{ 43 }, Segment{ 44 }
コサイン類似度: 0.0
┷⌦(2)
)((4)
overpossible(1)
vs(1)
worlds(2)
⛸((3)
race(3)
quantifier(1)
⏍∸⛸(2)
possible(1)
┘Ⓩ(1)
être(5)
⌦⏜((5)
Blind(1)
⏲((1)
▩Ⓩ(5)
quantification(2)
⌦⏜(1)
⩄((8)
raison(5)
◫├(1)
Color(1)
⏍∸(1)
ethnicity(3)
Bernier(1)
{ 1 } { 2 3 4 } { 5 } { 6 } { 7 } { 8 } { 9 } { 10 11 12 13 } { 14 } { 15 16 } { 17 18 } { 19 } { 20 } { 21 22 23 24 25 } { 26 } { 27 } { 28 } { 29 } { 30 } { 31 } { 32 } { 33 } { 34 } { 35 } { 36 } { 37 } { 38 } { 39 } { 40 } { 41 42 } { 43 } { 44 } 
Segment{ 2 3 4 }, Segment{ 5 }
コサイン類似度: NaN
Segment{ 5 }, Segment{ 6 }
コサイン類似度: NaN
Segment{ 6 }, Segment{ 7 }
コサイン類似度: 0.521387245906701
Segment{ 7 }, Segment{ 8 }
コサイン類似度: 0.521387245906701
Segment{ 8 }, Segment{ 9 }
コサイン類似度: 0.0
Segment{ 9 }, Segment{ 10 11 12 13 }
コサイン類似度: 0.08804509063256238
Segment{ 10 11 12 13 }, Segment{ 14 }
コサイン類似度: NaN
Segment{ 14 }, Segment{ 15 16 }
コサイン類似度: NaN
Segment{ 17 18 }, Segment{ 19 }
コサイン類似度: 0.9927337820337083
Segment{ 19 }, Segment{ 20 }
コサイン類似度: 0.030082841879809342
Segment{ 20 }, Segment{ 21 22 23 24 25 }
コサイン類似度: 0.12403473458920847
Segment{ 21 22 23 24 25 }, Segment{ 26 }
コサイン類似度: 1.0
Segment{ 26 }, Segment{ 27 }
コサイン類似度: NaN
Segment{ 27 }, Segment{ 28 }
コサイン類似度: NaN
Segment{ 28 }, Segment{ 29 }
コサイン類似度: NaN
Segment{ 29 }, Segment{ 30 }
コサイン類似度: NaN
Segment{ 30 }, Segment{ 31 }
コサイン類似度: 0.0
Segment{ 31 }, Segment{ 32 }
コサイン類似度: 0.0
Segment{ 32 }, Segment{ 33 }
コサイン類似度: 0.0
Segment{ 33 }, Segment{ 34 }
コサイン類似度: 0.0
Segment{ 34 }, Segment{ 35 }
コサイン類似度: NaN
Segment{ 35 }, Segment{ 36 }
コサイン類似度: NaN
Segment{ 36 }, Segment{ 37 }
コサイン類似度: NaN
Segment{ 37 }, Segment{ 38 }
コサイン類似度: NaN
Segment{ 38 }, Segment{ 39 }
コサイン類似度: 0.810884854079383
Segment{ 39 }, Segment{ 40 }
コサイン類似度: 0.31855912392113933
Segment{ 40 }, Segment{ 41 42 }
コサイン類似度: 0.3928537107562665
Segment{ 41 42 }, Segment{ 43 }
コサイン類似度: 0.9056625856802981
Segment{ 43 }, Segment{ 44 }
コサイン類似度: 0.0
┷⌦(2)
)((4)
overpossible(1)
vs(1)
worlds(2)
⛸((3)
race(3)
quantifier(1)
⏍∸⛸(2)
possible(1)
┘Ⓩ(1)
être(5)
⌦⏜((5)
Blind(1)
⏲((1)
▩Ⓩ(5)
quantification(2)
⌦⏜(1)
⩄((7)
raison(5)
◫├(1)
Color(1)
⏍∸(1)
ethnicity(3)
Bernier(1)
{ 1 } { 2 3 4 } { 5 } { 6 } { 7 } { 8 } { 9 } { 10 11 12 13 } { 14 } { 15 16 } { 17 18 } { 19 } { 20 } { 21 22 23 24 25 26 } { 27 } { 28 } { 29 } { 30 } { 31 } { 32 } { 33 } { 34 } { 35 } { 36 } { 37 } { 38 } { 39 } { 40 } { 41 42 } { 43 } { 44 } 
Segment{ 2 3 4 }, Segment{ 5 }
コサイン類似度: NaN
Segment{ 5 }, Segment{ 6 }
コサイン類似度: NaN
Segment{ 6 }, Segment{ 7 }
コサイン類似度: 0.521387245906701
Segment{ 7 }, Segment{ 8 }
コサイン類似度: 0.521387245906701
Segment{ 8 }, Segment{ 9 }
コサイン類似度: 0.0
Segment{ 9 }, Segment{ 10 11 12 13 }
コサイン類似度: 0.10050378152592121
Segment{ 10 11 12 13 }, Segment{ 14 }
コサイン類似度: NaN
Segment{ 14 }, Segment{ 15 16 }
コサイン類似度: NaN
Segment{ 17 18 }, Segment{ 19 }
コサイン類似度: 0.9907115796044094
Segment{ 19 }, Segment{ 20 }
コサイン類似度: 0.03885143449429056
Segment{ 20 }, Segment{ 21 22 23 24 25 26 }
コサイン類似度: 0.14142135623730948
Segment{ 21 22 23 24 25 26 }, Segment{ 27 }
コサイン類似度: NaN
Segment{ 27 }, Segment{ 28 }
コサイン類似度: NaN
Segment{ 28 }, Segment{ 29 }
コサイン類似度: NaN
Segment{ 29 }, Segment{ 30 }
コサイン類似度: NaN
Segment{ 30 }, Segment{ 31 }
コサイン類似度: 0.0
Segment{ 31 }, Segment{ 32 }
コサイン類似度: 0.0
Segment{ 32 }, Segment{ 33 }
コサイン類似度: 0.0
Segment{ 33 }, Segment{ 34 }
コサイン類似度: 0.0
Segment{ 34 }, Segment{ 35 }
コサイン類似度: NaN
Segment{ 35 }, Segment{ 36 }
コサイン類似度: NaN
Segment{ 36 }, Segment{ 37 }
コサイン類似度: NaN
Segment{ 37 }, Segment{ 38 }
コサイン類似度: NaN
Segment{ 38 }, Segment{ 39 }
コサイン類似度: 0.810884854079383
Segment{ 39 }, Segment{ 40 }
コサイン類似度: 0.31855912392113933
Segment{ 40 }, Segment{ 41 42 }
コサイン類似度: 0.3928537107562665
Segment{ 41 42 }, Segment{ 43 }
コサイン類似度: 0.9056625856802981
Segment{ 43 }, Segment{ 44 }
コサイン類似度: 0.0
┷⌦(2)
)((4)
overpossible(1)
vs(1)
worlds(2)
⛸((3)
race(3)
quantifier(1)
⏍∸⛸(1)
possible(1)
┘Ⓩ(1)
être(5)
⌦⏜((5)
Blind(1)
⏲((1)
▩Ⓩ(5)
quantification(2)
⌦⏜(1)
⩄((6)
raison(5)
◫├(1)
Color(1)
⏍∸(1)
ethnicity(3)
Bernier(1)
{ 1 } { 2 3 4 } { 5 } { 6 } { 7 } { 8 } { 9 } { 10 11 12 13 } { 14 } { 15 16 } { 17 18 19 } { 20 } { 21 22 23 24 25 26 } { 27 } { 28 } { 29 } { 30 } { 31 } { 32 } { 33 } { 34 } { 35 } { 36 } { 37 } { 38 } { 39 } { 40 } { 41 42 } { 43 } { 44 } 
Segment{ 2 3 4 }, Segment{ 5 }
コサイン類似度: NaN
Segment{ 5 }, Segment{ 6 }
コサイン類似度: NaN
Segment{ 6 }, Segment{ 7 }
コサイン類似度: 0.521387245906701
Segment{ 7 }, Segment{ 8 }
コサイン類似度: 0.521387245906701
Segment{ 8 }, Segment{ 9 }
コサイン類似度: 0.0
Segment{ 9 }, Segment{ 10 11 12 13 }
コサイン類似度: 0.11704114719613057
Segment{ 10 11 12 13 }, Segment{ 14 }
コサイン類似度: NaN
Segment{ 14 }, Segment{ 15 16 }
コサイン類似度: NaN
Segment{ 17 18 19 }, Segment{ 20 }
コサイン類似度: 0.01635831064016904
Segment{ 20 }, Segment{ 21 22 23 24 25 26 }
コサイン類似度: 0.1643989873053573
Segment{ 21 22 23 24 25 26 }, Segment{ 27 }
コサイン類似度: NaN
Segment{ 27 }, Segment{ 28 }
コサイン類似度: NaN
Segment{ 28 }, Segment{ 29 }
コサイン類似度: NaN
Segment{ 29 }, Segment{ 30 }
コサイン類似度: NaN
Segment{ 30 }, Segment{ 31 }
コサイン類似度: 0.0
Segment{ 31 }, Segment{ 32 }
コサイン類似度: 0.0
Segment{ 32 }, Segment{ 33 }
コサイン類似度: 0.0
Segment{ 33 }, Segment{ 34 }
コサイン類似度: 0.0
Segment{ 34 }, Segment{ 35 }
コサイン類似度: NaN
Segment{ 35 }, Segment{ 36 }
コサイン類似度: NaN
Segment{ 36 }, Segment{ 37 }
コサイン類似度: NaN
Segment{ 37 }, Segment{ 38 }
コサイン類似度: NaN
Segment{ 38 }, Segment{ 39 }
コサイン類似度: 0.810884854079383
Segment{ 39 }, Segment{ 40 }
コサイン類似度: 0.31855912392113933
Segment{ 40 }, Segment{ 41 42 }
コサイン類似度: 0.3928537107562665
Segment{ 41 42 }, Segment{ 43 }
コサイン類似度: 0.9056625856802981
Segment{ 43 }, Segment{ 44 }
コサイン類似度: 0.0
┷⌦(2)
)((3)
overpossible(1)
vs(1)
worlds(2)
⛸((3)
race(3)
quantifier(1)
⏍∸⛸(1)
possible(1)
┘Ⓩ(1)
être(4)
⌦⏜((4)
Blind(1)
⏲((1)
▩Ⓩ(5)
quantification(2)
⌦⏜(1)
⩄((6)
raison(4)
◫├(1)
Color(1)
⏍∸(1)
ethnicity(3)
Bernier(1)
{ 1 } { 2 3 4 } { 5 } { 6 } { 7 } { 8 } { 9 } { 10 11 12 13 } { 14 } { 15 16 } { 17 18 19 } { 20 } { 21 22 23 24 25 26 } { 27 } { 28 } { 29 } { 30 } { 31 } { 32 } { 33 } { 34 } { 35 } { 36 } { 37 } { 38 } { 39 } { 40 } { 41 42 43 } { 44 } 
Segment{ 2 3 4 }, Segment{ 5 }
コサイン類似度: NaN
Segment{ 5 }, Segment{ 6 }
コサイン類似度: NaN
Segment{ 6 }, Segment{ 7 }
コサイン類似度: 0.521387245906701
Segment{ 7 }, Segment{ 8 }
コサイン類似度: 0.521387245906701
Segment{ 8 }, Segment{ 9 }
コサイン類似度: 0.0
Segment{ 9 }, Segment{ 10 11 12 13 }
コサイン類似度: 0.11704114719613057
Segment{ 10 11 12 13 }, Segment{ 14 }
コサイン類似度: NaN
Segment{ 14 }, Segment{ 15 16 }
コサイン類似度: NaN
Segment{ 17 18 19 }, Segment{ 20 }
コサイン類似度: 0.01635831064016904
Segment{ 20 }, Segment{ 21 22 23 24 25 26 }
コサイン類似度: 0.1643989873053573
Segment{ 21 22 23 24 25 26 }, Segment{ 27 }
コサイン類似度: NaN
Segment{ 27 }, Segment{ 28 }
コサイン類似度: NaN
Segment{ 28 }, Segment{ 29 }
コサイン類似度: NaN
Segment{ 29 }, Segment{ 30 }
コサイン類似度: NaN
Segment{ 30 }, Segment{ 31 }
コサイン類似度: 0.0
Segment{ 31 }, Segment{ 32 }
コサイン類似度: 0.0
Segment{ 32 }, Segment{ 33 }
コサイン類似度: 0.0
Segment{ 33 }, Segment{ 34 }
コサイン類似度: 0.0
Segment{ 34 }, Segment{ 35 }
コサイン類似度: NaN
Segment{ 35 }, Segment{ 36 }
コサイン類似度: NaN
Segment{ 36 }, Segment{ 37 }
コサイン類似度: NaN
Segment{ 37 }, Segment{ 38 }
コサイン類似度: NaN
Segment{ 38 }, Segment{ 39 }
コサイン類似度: 0.7924058156930616
Segment{ 39 }, Segment{ 40 }
コサイン類似度: 0.3799802978286742
Segment{ 40 }, Segment{ 41 42 43 }
コサイン類似度: 0.4759981681339713
Segment{ 41 42 43 }, Segment{ 44 }
コサイン類似度: 0.0
┷⌦(2)
)((3)
overpossible(1)
vs(1)
worlds(2)
⛸((3)
race(3)
quantifier(1)
⏍∸⛸(1)
possible(1)
┘Ⓩ(1)
être(3)
⌦⏜((3)
Blind(1)
⏲((1)
▩Ⓩ(5)
quantification(2)
⌦⏜(1)
⩄((6)
raison(3)
◫├(1)
Color(1)
⏍∸(1)
ethnicity(3)
Bernier(1)
{ 1 } { 2 3 4 } { 5 } { 6 } { 7 } { 8 } { 9 } { 10 11 12 13 } { 14 } { 15 16 } { 17 18 19 } { 20 } { 21 22 23 24 25 26 } { 27 } { 28 } { 29 } { 30 } { 31 } { 32 } { 33 } { 34 } { 35 } { 36 } { 37 } { 38 39 } { 40 } { 41 42 43 } { 44 } 
Segment{ 2 3 4 }, Segment{ 5 }
コサイン類似度: NaN
Segment{ 5 }, Segment{ 6 }
コサイン類似度: NaN
Segment{ 6 }, Segment{ 7 }
コサイン類似度: 0.521387245906701
Segment{ 7 }, Segment{ 8 }
コサイン類似度: 0.521387245906701
Segment{ 8 }, Segment{ 9 }
コサイン類似度: 0.0
Segment{ 9 }, Segment{ 10 11 12 13 }
コサイン類似度: 0.11704114719613057
Segment{ 10 11 12 13 }, Segment{ 14 }
コサイン類似度: NaN
Segment{ 14 }, Segment{ 15 16 }
コサイン類似度: NaN
Segment{ 17 18 19 }, Segment{ 20 }
コサイン類似度: 0.01635831064016904
Segment{ 20 }, Segment{ 21 22 23 24 25 26 }
コサイン類似度: 0.1643989873053573
Segment{ 21 22 23 24 25 26 }, Segment{ 27 }
コサイン類似度: NaN
Segment{ 27 }, Segment{ 28 }
コサイン類似度: NaN
Segment{ 28 }, Segment{ 29 }
コサイン類似度: NaN
Segment{ 29 }, Segment{ 30 }
コサイン類似度: NaN
Segment{ 30 }, Segment{ 31 }
コサイン類似度: 0.0
Segment{ 31 }, Segment{ 32 }
コサイン類似度: 0.0
Segment{ 32 }, Segment{ 33 }
コサイン類似度: 0.0
Segment{ 33 }, Segment{ 34 }
コサイン類似度: 0.0
Segment{ 34 }, Segment{ 35 }
コサイン類似度: NaN
Segment{ 35 }, Segment{ 36 }
コサイン類似度: NaN
Segment{ 36 }, Segment{ 37 }
コサイン類似度: NaN
Segment{ 37 }, Segment{ 38 39 }
コサイン類似度: NaN
Segment{ 38 39 }, Segment{ 40 }
コサイン類似度: 0.5384615384615384
Segment{ 40 }, Segment{ 41 42 43 }
コサイン類似度: 0.5519473246608816
Segment{ 41 42 43 }, Segment{ 44 }
コサイン類似度: 0.0
┷⌦(2)
)((2)
overpossible(1)
vs(1)
worlds(2)
⛸((3)
race(3)
quantifier(1)
⏍∸⛸(1)
possible(1)
┘Ⓩ(1)
être(2)
⌦⏜((2)
Blind(1)
⏲((1)
▩Ⓩ(5)
quantification(2)
⌦⏜(1)
⩄((6)
raison(2)
◫├(1)
Color(1)
⏍∸(1)
ethnicity(3)
Bernier(1)
{ 1 } { 2 3 4 } { 5 } { 6 } { 7 } { 8 } { 9 } { 10 11 12 13 } { 14 } { 15 16 } { 17 18 19 } { 20 } { 21 22 23 24 25 26 } { 27 } { 28 } { 29 } { 30 } { 31 } { 32 } { 33 } { 34 } { 35 } { 36 } { 37 } { 38 39 } { 40 41 42 43 } { 44 } 
Segment{ 2 3 4 }, Segment{ 5 }
コサイン類似度: NaN
Segment{ 5 }, Segment{ 6 }
コサイン類似度: NaN
Segment{ 6 }, Segment{ 7 }
コサイン類似度: 0.521387245906701
Segment{ 7 }, Segment{ 8 }
コサイン類似度: 0.521387245906701
Segment{ 8 }, Segment{ 9 }
コサイン類似度: 0.0
Segment{ 9 }, Segment{ 10 11 12 13 }
コサイン類似度: 0.11704114719613057
Segment{ 10 11 12 13 }, Segment{ 14 }
コサイン類似度: NaN
Segment{ 14 }, Segment{ 15 16 }
コサイン類似度: NaN
Segment{ 17 18 19 }, Segment{ 20 }
コサイン類似度: 0.01635831064016904
Segment{ 20 }, Segment{ 21 22 23 24 25 26 }
コサイン類似度: 0.1643989873053573
Segment{ 21 22 23 24 25 26 }, Segment{ 27 }
コサイン類似度: NaN
Segment{ 27 }, Segment{ 28 }
コサイン類似度: NaN
Segment{ 28 }, Segment{ 29 }
コサイン類似度: NaN
Segment{ 29 }, Segment{ 30 }
コサイン類似度: NaN
Segment{ 30 }, Segment{ 31 }
コサイン類似度: 0.0
Segment{ 31 }, Segment{ 32 }
コサイン類似度: 0.0
Segment{ 32 }, Segment{ 33 }
コサイン類似度: 0.0
Segment{ 33 }, Segment{ 34 }
コサイン類似度: 0.0
Segment{ 34 }, Segment{ 35 }
コサイン類似度: NaN
Segment{ 35 }, Segment{ 36 }
コサイン類似度: NaN
Segment{ 36 }, Segment{ 37 }
コサイン類似度: NaN
Segment{ 37 }, Segment{ 38 39 }
コサイン類似度: NaN
Segment{ 40 41 42 43 }, Segment{ 44 }
コサイン類似度: 0.0
┷⌦(2)
)((2)
overpossible(1)
vs(1)
worlds(2)
⛸((2)
race(2)
quantifier(1)
⏍∸⛸(1)
possible(1)
┘Ⓩ(1)
être(2)
⌦⏜((2)
Blind(1)
⏲((1)
▩Ⓩ(4)
quantification(2)
⌦⏜(1)
⩄((6)
raison(2)
◫├(1)
Color(1)
⏍∸(1)
ethnicity(2)
Bernier(1)
{ 1 } { 2 3 4 } { 5 } { 6 7 } { 8 } { 9 } { 10 11 12 13 } { 14 } { 15 16 } { 17 18 19 } { 20 } { 21 22 23 24 25 26 } { 27 } { 28 } { 29 } { 30 } { 31 } { 32 } { 33 } { 34 } { 35 } { 36 } { 37 } { 38 39 } { 40 41 42 43 } { 44 } 
Segment{ 2 3 4 }, Segment{ 5 }
コサイン類似度: NaN
Segment{ 5 }, Segment{ 6 7 }
コサイン類似度: NaN
Segment{ 6 7 }, Segment{ 8 }
コサイン類似度: 0.5854905538443586
Segment{ 8 }, Segment{ 9 }
コサイン類似度: 0.0
Segment{ 9 }, Segment{ 10 11 12 13 }
コサイン類似度: 0.11704114719613057
Segment{ 10 11 12 13 }, Segment{ 14 }
コサイン類似度: NaN
Segment{ 14 }, Segment{ 15 16 }
コサイン類似度: NaN
Segment{ 17 18 19 }, Segment{ 20 }
コサイン類似度: 0.01635831064016904
Segment{ 20 }, Segment{ 21 22 23 24 25 26 }
コサイン類似度: 0.1643989873053573
Segment{ 21 22 23 24 25 26 }, Segment{ 27 }
コサイン類似度: NaN
Segment{ 27 }, Segment{ 28 }
コサイン類似度: NaN
Segment{ 28 }, Segment{ 29 }
コサイン類似度: NaN
Segment{ 29 }, Segment{ 30 }
コサイン類似度: NaN
Segment{ 30 }, Segment{ 31 }
コサイン類似度: 0.0
Segment{ 31 }, Segment{ 32 }
コサイン類似度: 0.0
Segment{ 32 }, Segment{ 33 }
コサイン類似度: 0.0
Segment{ 33 }, Segment{ 34 }
コサイン類似度: 0.0
Segment{ 34 }, Segment{ 35 }
コサイン類似度: NaN
Segment{ 35 }, Segment{ 36 }
コサイン類似度: NaN
Segment{ 36 }, Segment{ 37 }
コサイン類似度: NaN
Segment{ 37 }, Segment{ 38 39 }
コサイン類似度: NaN
Segment{ 40 41 42 43 }, Segment{ 44 }
コサイン類似度: 0.0
┷⌦(2)
)((2)
overpossible(1)
vs(1)
worlds(2)
⛸((1)
race(1)
quantifier(1)
⏍∸⛸(1)
possible(1)
┘Ⓩ(1)
être(2)
⌦⏜((2)
Blind(1)
⏲((1)
▩Ⓩ(3)
quantification(2)
⌦⏜(1)
⩄((6)
raison(2)
◫├(1)
Color(1)
⏍∸(1)
ethnicity(1)
Bernier(1)
{ 1 } { 2 3 4 } { 5 } { 6 7 8 } { 9 } { 10 11 12 13 } { 14 } { 15 16 } { 17 18 19 } { 20 } { 21 22 23 24 25 26 } { 27 } { 28 } { 29 } { 30 } { 31 } { 32 } { 33 } { 34 } { 35 } { 36 } { 37 } { 38 39 } { 40 41 42 43 } { 44 } 
Segment{ 2 3 4 }, Segment{ 5 }
コサイン類似度: NaN
Segment{ 5 }, Segment{ 6 7 8 }
コサイン類似度: NaN
Segment{ 6 7 8 }, Segment{ 9 }
コサイン類似度: 0.0
Segment{ 9 }, Segment{ 10 11 12 13 }
コサイン類似度: 0.11704114719613057
Segment{ 10 11 12 13 }, Segment{ 14 }
コサイン類似度: NaN
Segment{ 14 }, Segment{ 15 16 }
コサイン類似度: NaN
Segment{ 17 18 19 }, Segment{ 20 }
コサイン類似度: 0.01635831064016904
Segment{ 20 }, Segment{ 21 22 23 24 25 26 }
コサイン類似度: 0.1643989873053573
Segment{ 21 22 23 24 25 26 }, Segment{ 27 }
コサイン類似度: NaN
Segment{ 27 }, Segment{ 28 }
コサイン類似度: NaN
Segment{ 28 }, Segment{ 29 }
コサイン類似度: NaN
Segment{ 29 }, Segment{ 30 }
コサイン類似度: NaN
Segment{ 30 }, Segment{ 31 }
コサイン類似度: 0.0
Segment{ 31 }, Segment{ 32 }
コサイン類似度: 0.0
Segment{ 32 }, Segment{ 33 }
コサイン類似度: 0.0
Segment{ 33 }, Segment{ 34 }
コサイン類似度: 0.0
Segment{ 34 }, Segment{ 35 }
コサイン類似度: NaN
Segment{ 35 }, Segment{ 36 }
コサイン類似度: NaN
Segment{ 36 }, Segment{ 37 }
コサイン類似度: NaN
Segment{ 37 }, Segment{ 38 39 }
コサイン類似度: NaN
Segment{ 40 41 42 43 }, Segment{ 44 }
コサイン類似度: 0.0
┷⌦(2)
)((2)
overpossible(1)
vs(1)
worlds(2)
⛸((1)
race(1)
quantifier(1)
⏍∸⛸(1)
possible(1)
┘Ⓩ(1)
être(2)
⌦⏜((2)
Blind(1)
⏲((1)
▩Ⓩ(3)
quantification(2)
⌦⏜(1)
⩄((5)
raison(2)
◫├(1)
Color(1)
⏍∸(1)
ethnicity(1)
Bernier(1)
{ 1 } { 2 3 4 } { 5 } { 6 7 8 } { 9 } { 10 11 12 13 } { 14 } { 15 16 } { 17 18 19 } { 20 21 22 23 24 25 26 } { 27 } { 28 } { 29 } { 30 } { 31 } { 32 } { 33 } { 34 } { 35 } { 36 } { 37 } { 38 39 } { 40 41 42 43 } { 44 } 
Segment{ 2 3 4 }, Segment{ 5 }
コサイン類似度: NaN
Segment{ 5 }, Segment{ 6 7 8 }
コサイン類似度: NaN
Segment{ 6 7 8 }, Segment{ 9 }
コサイン類似度: 0.0
Segment{ 9 }, Segment{ 10 11 12 13 }
コサイン類似度: 0.14002800840280102
Segment{ 10 11 12 13 }, Segment{ 14 }
コサイン類似度: NaN
Segment{ 14 }, Segment{ 15 16 }
コサイン類似度: NaN
Segment{ 20 21 22 23 24 25 26 }, Segment{ 27 }
コサイン類似度: NaN
Segment{ 27 }, Segment{ 28 }
コサイン類似度: NaN
Segment{ 28 }, Segment{ 29 }
コサイン類似度: NaN
Segment{ 29 }, Segment{ 30 }
コサイン類似度: NaN
Segment{ 30 }, Segment{ 31 }
コサイン類似度: 0.0
Segment{ 31 }, Segment{ 32 }
コサイン類似度: 0.0
Segment{ 32 }, Segment{ 33 }
コサイン類似度: 0.0
Segment{ 33 }, Segment{ 34 }
コサイン類似度: 0.0
Segment{ 34 }, Segment{ 35 }
コサイン類似度: NaN
Segment{ 35 }, Segment{ 36 }
コサイン類似度: NaN
Segment{ 36 }, Segment{ 37 }
コサイン類似度: NaN
Segment{ 37 }, Segment{ 38 39 }
コサイン類似度: NaN
Segment{ 40 41 42 43 }, Segment{ 44 }
コサイン類似度: 0.0
┷⌦(2)
)((2)
overpossible(1)
vs(1)
worlds(2)
⛸((1)
race(1)
quantifier(1)
⏍∸⛸(1)
possible(1)
┘Ⓩ(1)
être(2)
⌦⏜((2)
Blind(1)
⏲((1)
▩Ⓩ(3)
quantification(2)
⌦⏜(1)
⩄((4)
raison(2)
◫├(1)
Color(1)
⏍∸(1)
ethnicity(1)
Bernier(1)
{ 1 } { 2 3 4 } { 5 } { 6 7 8 } { 9 10 11 12 13 } { 14 } { 15 16 } { 17 18 19 } { 20 21 22 23 24 25 26 } { 27 } { 28 } { 29 } { 30 } { 31 } { 32 } { 33 } { 34 } { 35 } { 36 } { 37 } { 38 39 } { 40 41 42 43 } { 44 } 
Segment{ 2 3 4 }, Segment{ 5 }
コサイン類似度: NaN
Segment{ 5 }, Segment{ 6 7 8 }
コサイン類似度: NaN
Segment{ 9 10 11 12 13 }, Segment{ 14 }
コサイン類似度: NaN
Segment{ 14 }, Segment{ 15 16 }
コサイン類似度: NaN
Segment{ 20 21 22 23 24 25 26 }, Segment{ 27 }
コサイン類似度: NaN
Segment{ 27 }, Segment{ 28 }
コサイン類似度: NaN
Segment{ 28 }, Segment{ 29 }
コサイン類似度: NaN
Segment{ 29 }, Segment{ 30 }
コサイン類似度: NaN
Segment{ 30 }, Segment{ 31 }
コサイン類似度: 0.0
Segment{ 31 }, Segment{ 32 }
コサイン類似度: 0.0
Segment{ 32 }, Segment{ 33 }
コサイン類似度: 0.0
Segment{ 33 }, Segment{ 34 }
コサイン類似度: 0.0
Segment{ 34 }, Segment{ 35 }
コサイン類似度: NaN
Segment{ 35 }, Segment{ 36 }
コサイン類似度: NaN
Segment{ 36 }, Segment{ 37 }
コサイン類似度: NaN
Segment{ 37 }, Segment{ 38 39 }
コサイン類似度: NaN
Segment{ 40 41 42 43 }, Segment{ 44 }
コサイン類似度: 0.0
