filename: 02
xmlFile: /home/sakamoto/OCWData/ocw.kyoto-u.ac.jp/62-海洋生物科学技術論と実習II（澤山茂樹）,2011/02/slide.xml
dir: /home/sakamoto/OCWData/ocw.kyoto-u.ac.jp/62-海洋生物科学技術論と実習II（澤山茂樹）,2011/02
XML:
<presentation language="ja"><slide page="1"><body><p>海洋無脊椎動物（ベントス）の採集・同定と生理活性物質の抽出・活性測定            平成 24年 8月 25日・26日 海洋生物機能（木下政人・豊原治彦）   海洋には陸上にはいない多くの生物が生息しているが、無脊椎動物や海藻は特に多様で 多くの未知の機能を有すると考えられている。これらの機能のなかには、人類にとって有 用なものも多く、今後の研究の進展が期待されている。  本実習では、実験所周辺に生息する海洋無脊椎動物の採集を行い、これらの生物に対し て、近年著しい進歩を見せた分子遺伝学的手法による種同定を試みるとともに、これらの 生物に含まれる有用成分の解析を行う。  【実習の流れ】 8月 25日    午前       海洋無脊椎動物の採集・固定    午後       海洋無脊椎動物からＤＮＡの調整及びＰＣＲによる遺伝子増幅       海洋無脊椎動物・海藻からのエキス調製 8月 26日    午前       ＰＣＲ産物の制限酵素処理と電気泳動分析       エキス成分の酵素阻害判定    午後       上記の続き       結果の解析・討論       後始末と掃除 </p></body></slide></presentation>
ページ: 1 -----
<slide page="1"><body><p>海洋無脊椎動物（ベントス）の採集・同定と生理活性物質の抽出・活性測定            平成 24年 8月 25日・26日 海洋生物機能（木下政人・豊原治彦）   海洋には陸上にはいない多くの生物が生息しているが、無脊椎動物や海藻は特に多様で 多くの未知の機能を有すると考えられている。これらの機能のなかには、人類にとって有 用なものも多く、今後の研究の進展が期待されている。  本実習では、実験所周辺に生息する海洋無脊椎動物の採集を行い、これらの生物に対し て、近年著しい進歩を見せた分子遺伝学的手法による種同定を試みるとともに、これらの 生物に含まれる有用成分の解析を行う。  【実習の流れ】 8月 25日    午前       海洋無脊椎動物の採集・固定    午後       海洋無脊椎動物からＤＮＡの調整及びＰＣＲによる遺伝子増幅       海洋無脊椎動物・海藻からのエキス調製 8月 26日    午前       ＰＣＲ産物の制限酵素処理と電気泳動分析       エキス成分の酵素阻害判定    午後       上記の続き       結果の解析・討論       後始末と掃除 </p></body></slide>
in Sheet Class, page: 1
title = ""
body = "<p>海洋無脊椎動物（ベントス）の採集・同定と生理活性物質の抽出・活性測定            平成 24年 8月 25日・26日 海洋生物機能（木下政人・豊原治彦）   海洋には陸上にはいない多くの生物が生息しているが、無脊椎動物や海藻は特に多様で 多くの未知の機能を有すると考えられている。これらの機能のなかには、人類にとって有 用なものも多く、今後の研究の進展が期待されている。  本実習では、実験所周辺に生息する海洋無脊椎動物の採集を行い、これらの生物に対し て、近年著しい進歩を見せた分子遺伝学的手法による種同定を試みるとともに、これらの 生物に含まれる有用成分の解析を行う。  【実習の流れ】 8月 25日    午前       海洋無脊椎動物の採集・固定    午後       海洋無脊椎動物からＤＮＡの調整及びＰＣＲによる遺伝子増幅       海洋無脊椎動物・海藻からのエキス調製 8月 26日    午前       ＰＣＲ産物の制限酵素処理と電気泳動分析       エキス成分の酵素阻害判定    午後       上記の続き       結果の解析・討論       後始末と掃除 </p>"
makeWordArrayJp
paragraph: 海洋無脊椎動物（ベントス）の採集・同定と生理活性物質の抽出・活性測定            平成 24年 8月 25日・26日 海洋生物機能（木下政人・豊原治彦）   海洋には陸上にはいない多くの生物が生息しているが、無脊椎動物や海藻は特に多様で 多くの未知の機能を有すると考えられている。これらの機能のなかには、人類にとって有 用なものも多く、今後の研究の進展が期待されている。  本実習では、実験所周辺に生息する海洋無脊椎動物の採集を行い、これらの生物に対し て、近年著しい進歩を見せた分子遺伝学的手法による種同定を試みるとともに、これらの 生物に含まれる有用成分の解析を行う。  【実習の流れ】 8月 25日    午前       海洋無脊椎動物の採集・固定    午後       海洋無脊椎動物からＤＮＡの調整及びＰＣＲによる遺伝子増幅       海洋無脊椎動物・海藻からのエキス調製 8月 26日    午前       ＰＣＲ産物の制限酵素処理と電気泳動分析       エキス成分の酵素阻害判定    午後       上記の続き       結果の解析・討論       後始末と掃除 
海洋 :	名詞,一般,*,*,*,*,海洋,カイヨウ,カイヨー	true	1
脊椎 :	名詞,一般,*,*,*,*,脊椎,セキツイ,セキツイ	true	1
動物 :	名詞,一般,*,*,*,*,動物,ドウブツ,ドーブツ	true	1
ベン :	名詞,一般,*,*,*,*,ベン,ベン,ベン	true	1
トス :	名詞,サ変接続,*,*,*,*,トス,トス,トス	true	1
採集 :	名詞,サ変接続,*,*,*,*,採集,サイシュウ,サイシュー	true	1
同定 :	名詞,サ変接続,*,*,*,*,同定,ドウテイ,ドーテイ	true	1
生理 :	名詞,一般,*,*,*,*,生理,セイリ,セイリ	true	1
活性 :	名詞,一般,*,*,*,*,活性,カッセイ,カッセイ	true	1
物質 :	名詞,一般,*,*,*,*,物質,ブッシツ,ブッシツ	true	1
抽出 :	名詞,サ変接続,*,*,*,*,抽出,チュウシュツ,チューシュツ	true	1
活性 :	名詞,一般,*,*,*,*,活性,カッセイ,カッセイ	true	2
測定 :	名詞,サ変接続,*,*,*,*,測定,ソクテイ,ソクテイ	true	1
平成 :	名詞,固有名詞,一般,*,*,*,平成,ヘイセイ,ヘイセイ	true	1
海洋 :	名詞,一般,*,*,*,*,海洋,カイヨウ,カイヨー	true	2
生物 :	名詞,一般,*,*,*,*,生物,セイブツ,セイブツ	true	1
機能 :	名詞,サ変接続,*,*,*,*,機能,キノウ,キノー	true	1
木下 :	名詞,固有名詞,人名,姓,*,*,木下,キノシタ,キノシタ	true	1
政人 :	名詞,固有名詞,人名,名,*,*,政人,マサト,マサト	true	1
豊原 :	名詞,固有名詞,人名,姓,*,*,豊原,トヨハラ,トヨハラ	true	1
治彦 :	名詞,固有名詞,人名,名,*,*,治彦,ハルヒコ,ハルヒコ	true	1
海洋 :	名詞,一般,*,*,*,*,海洋,カイヨウ,カイヨー	true	3
陸上 :	名詞,一般,*,*,*,*,陸上,リクジョウ,リクジョー	true	1
多く :	名詞,副詞可能,*,*,*,*,多く,オオク,オーク	true	1
生物 :	名詞,一般,*,*,*,*,生物,セイブツ,セイブツ	true	2
生息 :	名詞,サ変接続,*,*,*,*,生息,セイソク,セイソク	true	1
脊椎 :	名詞,一般,*,*,*,*,脊椎,セキツイ,セキツイ	true	2
動物 :	名詞,一般,*,*,*,*,動物,ドウブツ,ドーブツ	true	2
海藻 :	名詞,一般,*,*,*,*,海藻,カイソウ,カイソー	true	1
多様 :	名詞,形容動詞語幹,*,*,*,*,多様,タヨウ,タヨー	true	1
多く :	名詞,副詞可能,*,*,*,*,多く,オオク,オーク	true	2
未知 :	名詞,一般,*,*,*,*,未知,ミチ,ミチ	true	1
機能 :	名詞,サ変接続,*,*,*,*,機能,キノウ,キノー	true	2
これら :	名詞,代名詞,一般,*,*,*,これら,コレラ,コレラ	true	1
機能 :	名詞,サ変接続,*,*,*,*,機能,キノウ,キノー	true	3
なか :	名詞,非自立,副詞可能,*,*,*,なか,ナカ,ナカ	true	1
人類 :	名詞,一般,*,*,*,*,人類,ジンルイ,ジンルイ	true	1
もの :	名詞,非自立,一般,*,*,*,もの,モノ,モノ	true	1
今後 :	名詞,副詞可能,*,*,*,*,今後,コンゴ,コンゴ	true	1
研究 :	名詞,サ変接続,*,*,*,*,研究,ケンキュウ,ケンキュー	true	1
進展 :	名詞,サ変接続,*,*,*,*,進展,シンテン,シンテン	true	1
期待 :	名詞,サ変接続,*,*,*,*,期待,キタイ,キタイ	true	1
実習 :	名詞,サ変接続,*,*,*,*,実習,ジッシュウ,ジッシュー	true	1
実験 :	名詞,サ変接続,*,*,*,*,実験,ジッケン,ジッケン	true	1
周辺 :	名詞,一般,*,*,*,*,周辺,シュウヘン,シューヘン	true	1
生息 :	名詞,サ変接続,*,*,*,*,生息,セイソク,セイソク	true	2
海洋 :	名詞,一般,*,*,*,*,海洋,カイヨウ,カイヨー	true	4
脊椎 :	名詞,一般,*,*,*,*,脊椎,セキツイ,セキツイ	true	3
動物 :	名詞,一般,*,*,*,*,動物,ドウブツ,ドーブツ	true	3
採集 :	名詞,サ変接続,*,*,*,*,採集,サイシュウ,サイシュー	true	2
これら :	名詞,代名詞,一般,*,*,*,これら,コレラ,コレラ	true	2
生物 :	名詞,一般,*,*,*,*,生物,セイブツ,セイブツ	true	3
近年 :	名詞,副詞可能,*,*,*,*,近年,キンネン,キンネン	true	1
進歩 :	名詞,サ変接続,*,*,*,*,進歩,シンポ,シンポ	true	1
分子 :	名詞,一般,*,*,*,*,分子,ブンシ,ブンシ	true	1
遺伝 :	名詞,サ変接続,*,*,*,*,遺伝,イデン,イデン	true	1
手法 :	名詞,一般,*,*,*,*,手法,シュホウ,シュホー	true	1
同定 :	名詞,サ変接続,*,*,*,*,同定,ドウテイ,ドーテイ	true	2
これら :	名詞,代名詞,一般,*,*,*,これら,コレラ,コレラ	true	3
生物 :	名詞,一般,*,*,*,*,生物,セイブツ,セイブツ	true	4
有用 :	名詞,形容動詞語幹,*,*,*,*,有用,ユウヨウ,ユーヨー	true	1
成分 :	名詞,一般,*,*,*,*,成分,セイブン,セイブン	true	1
解析 :	名詞,サ変接続,*,*,*,*,解析,カイセキ,カイセキ	true	1
実習 :	名詞,サ変接続,*,*,*,*,実習,ジッシュウ,ジッシュー	true	2
流れ :	名詞,一般,*,*,*,*,流れ,ナガレ,ナガレ	true	1
午前 :	名詞,副詞可能,*,*,*,*,午前,ゴゼン,ゴゼン	true	1
海洋 :	名詞,一般,*,*,*,*,海洋,カイヨウ,カイヨー	true	5
脊椎 :	名詞,一般,*,*,*,*,脊椎,セキツイ,セキツイ	true	4
動物 :	名詞,一般,*,*,*,*,動物,ドウブツ,ドーブツ	true	4
採集 :	名詞,サ変接続,*,*,*,*,採集,サイシュウ,サイシュー	true	3
固定 :	名詞,サ変接続,*,*,*,*,固定,コテイ,コテイ	true	1
午後 :	名詞,副詞可能,*,*,*,*,午後,ゴゴ,ゴゴ	true	1
海洋 :	名詞,一般,*,*,*,*,海洋,カイヨウ,カイヨー	true	6
脊椎 :	名詞,一般,*,*,*,*,脊椎,セキツイ,セキツイ	true	5
動物 :	名詞,一般,*,*,*,*,動物,ドウブツ,ドーブツ	true	5
ＤＮＡ :	名詞,一般,*,*,*,*,ＤＮＡ,ディーエヌエイ,ディーエヌエイ	true	1
調整 :	名詞,サ変接続,*,*,*,*,調整,チョウセイ,チョーセイ	true	1
ＰＣＲ :	名詞,一般,*,*,*,*,*	false	1
遺伝子 :	名詞,一般,*,*,*,*,遺伝子,イデンシ,イデンシ	true	1
増幅 :	名詞,サ変接続,*,*,*,*,増幅,ゾウフク,ゾーフク	true	1
海洋 :	名詞,一般,*,*,*,*,海洋,カイヨウ,カイヨー	true	7
脊椎 :	名詞,一般,*,*,*,*,脊椎,セキツイ,セキツイ	true	6
動物 :	名詞,一般,*,*,*,*,動物,ドウブツ,ドーブツ	true	6
海藻 :	名詞,一般,*,*,*,*,海藻,カイソウ,カイソー	true	2
エキス :	名詞,一般,*,*,*,*,エキス,エキス,エキス	true	1
調製 :	名詞,サ変接続,*,*,*,*,調製,チョウセイ,チョーセイ	true	1
午前 :	名詞,副詞可能,*,*,*,*,午前,ゴゼン,ゴゼン	true	2
ＰＣＲ :	名詞,固有名詞,組織,*,*,*,*	false	2
産物 :	名詞,一般,*,*,*,*,産物,サンブツ,サンブツ	true	1
制限 :	名詞,サ変接続,*,*,*,*,制限,セイゲン,セイゲン	true	1
酵素 :	名詞,一般,*,*,*,*,酵素,コウソ,コーソ	true	1
処理 :	名詞,サ変接続,*,*,*,*,処理,ショリ,ショリ	true	1
電気 :	名詞,一般,*,*,*,*,電気,デンキ,デンキ	true	1
分析 :	名詞,サ変接続,*,*,*,*,分析,ブンセキ,ブンセキ	true	1
エキス :	名詞,一般,*,*,*,*,エキス,エキス,エキス	true	2
成分 :	名詞,一般,*,*,*,*,成分,セイブン,セイブン	true	2
酵素 :	名詞,一般,*,*,*,*,酵素,コウソ,コーソ	true	2
阻害 :	名詞,サ変接続,*,*,*,*,阻害,ソガイ,ソガイ	true	1
判定 :	名詞,サ変接続,*,*,*,*,判定,ハンテイ,ハンテイ	true	1
午後 :	名詞,副詞可能,*,*,*,*,午後,ゴゴ,ゴゴ	true	2
上記 :	名詞,一般,*,*,*,*,上記,ジョウキ,ジョーキ	true	1
結果 :	名詞,副詞可能,*,*,*,*,結果,ケッカ,ケッカ	true	1
解析 :	名詞,サ変接続,*,*,*,*,解析,カイセキ,カイセキ	true	2
討論 :	名詞,サ変接続,*,*,*,*,討論,トウロン,トーロン	true	1
後始末 :	名詞,サ変接続,*,*,*,*,後始末,アトシマツ,アトシマツ	true	1
掃除 :	名詞,サ変接続,*,*,*,*,掃除,ソウジ,ソージ	true	1
