構成(7)
酸素(1)
由来(1)
個体(2)
確立(1)
活性(4)
遊離(2)
付加(1)
直径(3)
一般(1)
器官(3)
成長(1)
変化(2)
配列(3)
性質(2)
出入り(1)
飽和(2)
生成(1)
受動(2)
消化(4)
運搬(1)
活発(1)
小体(4)
被害(1)
連続(1)
フック(1)
分泌(5)
構造(9)
京都(1)
リソソーム(4)
糸状(1)
濃度(2)
ホルモン(2)
基本(2)
RNA(3)
無機質(1)
阻害(1)
プロテオグリカン(1)
脂肪酸(3)
部屋(1)
代表(1)
心筋(1)
血管(1)
転送(1)
上皮(1)
エンドソーム(1)
薬物(1)
発生(2)
成分(2)
合成(9)
機能(11)
破壊(1)
分裂(2)
一定(1)
ｍＲＮＡ(1)
新一(1)
使用(1)
Microbody(1)
rRNA(1)
網状(1)
筋肉(1)
euchromatin(1)
水溶(1)
ポリペプチド(1)
とき(1)
炭水化物(1)
環境(1)
研究(1)
)．(1)
反応(4)
さまざま(1)
ポテンシャル(1)
一部(1)
連絡(1)
ATP(1)
部位(3)
クロマチン(1)
勾配(1)
共通(2)
呼吸(1)
通過(1)
皮質(1)
過酸化水素(1)
大学院(1)
DNA(2)
伝達(3)
巨大(1)
ＤＮＡ(4)
なめらか(1)
酸性(2)
ファゴサイトーシス(1)
sER(1)
内皮(1)
分子(4)
シュライデン(1)
細胞(26)
放射(1)
維持(2)
修飾(2)
生物(1)
肝臓(1)
こと(3)
流動(1)
正常(1)
加工(1)
哺乳(1)
過程(1)
装置(6)
方向(1)
rER(1)
排出(3)
赤血球(2)
中軸(1)
開口(1)
形質(1)
組織(1)
表面積(1)
オルガネラ(1)
ナトリウム(1)
発達(2)
全体(1)
損傷(1)
白血球(1)
ため(4)
卵巣(1)
リン(3)
シグナル(2)
エネルギー(5)
相違(1)
ライソソーム(1)
存在(1)
リボソーム(7)
周囲(1)
小型(1)
場合(1)
作用(3)
エクソサイトーシス(1)
効率(2)
放出(4)
植物(2)
久米(1)
リボゾーム(1)
安全(1)
heterochromatin(1)
利用(1)
コロイド(1)
電位差(1)
体重(1)
Ca(1)
酵素(7)
生命(1)
イギリス(1)
認識(1)
必要(3)
それ(1)
ステロイド(1)
主成分(1)
自体(1)
組み立て(1)
リグニン(1)
層状(1)
フィルヒョー(1)
透過(1)
遺伝子(2)
柔軟(1)
タンパク質(15)
重要(3)
次世代(1)
因子(1)
サイトーシス(2)
体内(1)
取り込み(2)
静脈(1)
突起(1)
血小板(1)
体温(1)
pH(1)
タンパク(2)
副腎(1)
線維(1)
自身(1)
凝集(1)
各種(2)
転写(3)
外側(1)
外部(1)
ポンプ(1)
初期(1)
偏在(1)
種々(1)
顆粒(4)
加水(1)
トランス(1)
両親(1)
脂肪(2)
エンドサイトーシス(2)
拡散(3)
NE(1)
新陳代謝(1)
栄養素(2)
染色(2)
結合(5)
受容(2)
分解(7)
繊維(1)
生存(1)
生理(1)
部分(2)
ミトコンドリア(5)
重層(1)
カタラーゼ(2)
peroxysome(1)
液状(1)
発見(1)
吸収(2)
疎水(1)
オート(1)
特定(2)
分散(1)
ダイナミズム(1)
ゴルジ(6)
精巣(1)
農学(1)
ペルオキシダーゼ(1)
もの(6)
形成(4)
電気(1)
内外(3)
関係(1)
制御(2)
増殖(3)
表面(3)
発現(1)
移動(5)
輸送(6)
容積(1)
温度(1)
酸化(2)
隔離(1)
能動(3)
円盤(1)
少量(1)
オリゴ(1)
中心(1)
nm(3)
核質(1)
盛ん(2)
皮膚(1)
凸面(1)
代謝(6)
多数(2)
ところ(1)
大型(1)
糖衣(1)
複合(1)
寿命(1)
大学(1)
複製(1)
親水(1)
促進(1)
決定(1)
ペルオキシソーム(4)
基質(1)
形態(2)
脂質(5)
粘液(1)
多核(1)
管状(1)
不要(2)
遺伝(2)
配送(1)
アミノ酸(1)
低下(1)
比率(1)
集積(1)
骨髄(1)
シス(1)
ヒト(1)
分岐(1)
高分子(2)
運動(1)
イオン(1)
周り(1)
保存(1)
動物(3)
窒素(1)
筋繊維(1)
働き(3)
シュワン(1)
骨格(1)
化学(6)
外界(1)
周辺(1)
情報(4)
水素(1)
分化(2)
生体(3)
セルロース(1)
化合(1)
カリウム(1)
異物(1)
色素(1)
以外(2)
特有(1)
粒子(1)
ファジー(1)
その後(1)
mRNA(1)
すべて(2)
溶性(1)
付着(3)
神経(3)
細菌(1)
調節(2)
有機物(1)
選択(1)
核酸(1)
有害(1)
物質(11)
{ 1 } { 2 } { 3 } { 4 } { 5 } { 6 } { 7 } { 8 } { 9 } { 10 } { 11 } { 12 } { 13 } { 14 } { 15 } { 16 } { 17 } { 18 } { 19 } { 20 } { 21 } { 22 } { 23 } { 24 } { 25 } { 26 } { 27 } { 28 } { 29 } 
Segment{ 2 }, Segment{ 3 }
コサイン類似度: 0.02401643793760544
Segment{ 3 }, Segment{ 4 }
コサイン類似度: 0.010073119612275394
Segment{ 4 }, Segment{ 5 }
コサイン類似度: 0.03522334761023405
Segment{ 5 }, Segment{ 6 }
コサイン類似度: 0.019817449383726083
Segment{ 6 }, Segment{ 7 }
コサイン類似度: 0.0460962132392653
Segment{ 7 }, Segment{ 8 }
コサイン類似度: 0.0024214237494369155
Segment{ 8 }, Segment{ 9 }
コサイン類似度: 0.0021662062231131624
Segment{ 9 }, Segment{ 10 }
コサイン類似度: 0.12472710500787015
Segment{ 10 }, Segment{ 11 }
コサイン類似度: 0.011646739144105345
Segment{ 11 }, Segment{ 12 }
コサイン類似度: 9.431235070377881E-4
Segment{ 12 }, Segment{ 13 }
コサイン類似度: 0.007218767911647023
Segment{ 13 }, Segment{ 14 }
コサイン類似度: 0.05795230854337292
Segment{ 14 }, Segment{ 15 }
コサイン類似度: 0.001058991670752513
Segment{ 15 }, Segment{ 16 }
コサイン類似度: 0.024035448052597583
Segment{ 16 }, Segment{ 17 }
コサイン類似度: 0.33554949278114776
Segment{ 17 }, Segment{ 18 }
コサイン類似度: 0.004234966880635768
Segment{ 18 }, Segment{ 19 }
コサイン類似度: 0.07358801400550302
Segment{ 19 }, Segment{ 20 }
コサイン類似度: 0.017979656763106967
Segment{ 20 }, Segment{ 21 }
コサイン類似度: 0.07606594908336205
Segment{ 21 }, Segment{ 22 }
コサイン類似度: 0.04617397361995338
Segment{ 22 }, Segment{ 23 }
コサイン類似度: 0.001025470194110473
Segment{ 23 }, Segment{ 24 }
コサイン類似度: 0.012254972349122385
Segment{ 24 }, Segment{ 25 }
コサイン類似度: 0.010262152358648526
Segment{ 25 }, Segment{ 26 }
コサイン類似度: 0.031750577694208915
Segment{ 26 }, Segment{ 27 }
コサイン類似度: 0.12411225175074994
Segment{ 27 }, Segment{ 28 }
コサイン類似度: 0.07715758855350491
Segment{ 28 }, Segment{ 29 }
コサイン類似度: 0.25660525740886997
構成(7)
酸素(1)
由来(1)
個体(2)
確立(1)
活性(3)
遊離(2)
付加(1)
直径(3)
一般(1)
器官(3)
成長(1)
変化(2)
配列(3)
性質(2)
出入り(1)
飽和(2)
生成(1)
受動(2)
消化(4)
運搬(1)
活発(1)
小体(4)
被害(1)
連続(1)
フック(1)
分泌(5)
構造(9)
京都(1)
リソソーム(4)
糸状(1)
濃度(2)
ホルモン(2)
基本(2)
RNA(2)
無機質(1)
阻害(1)
プロテオグリカン(1)
脂肪酸(3)
部屋(1)
代表(1)
心筋(1)
血管(1)
転送(1)
上皮(1)
エンドソーム(1)
薬物(1)
発生(2)
成分(2)
合成(9)
機能(11)
破壊(1)
分裂(2)
一定(1)
ｍＲＮＡ(1)
新一(1)
使用(1)
Microbody(1)
rRNA(1)
網状(1)
筋肉(1)
euchromatin(1)
水溶(1)
ポリペプチド(1)
とき(1)
炭水化物(1)
環境(1)
研究(1)
)．(1)
反応(4)
さまざま(1)
ポテンシャル(1)
一部(1)
連絡(1)
ATP(1)
部位(2)
クロマチン(1)
勾配(1)
共通(2)
呼吸(1)
通過(1)
皮質(1)
過酸化水素(1)
大学院(1)
DNA(1)
伝達(3)
巨大(1)
ＤＮＡ(4)
なめらか(1)
酸性(2)
ファゴサイトーシス(1)
sER(1)
内皮(1)
分子(4)
シュライデン(1)
細胞(25)
放射(1)
維持(2)
修飾(2)
生物(1)
肝臓(1)
こと(3)
流動(1)
正常(1)
加工(1)
哺乳(1)
過程(1)
装置(6)
方向(1)
rER(1)
排出(3)
赤血球(2)
中軸(1)
開口(1)
形質(1)
組織(1)
表面積(1)
オルガネラ(1)
ナトリウム(1)
発達(2)
全体(1)
損傷(1)
白血球(1)
ため(4)
卵巣(1)
リン(3)
シグナル(2)
エネルギー(5)
相違(1)
ライソソーム(1)
存在(1)
リボソーム(7)
周囲(1)
小型(1)
場合(1)
作用(3)
エクソサイトーシス(1)
効率(2)
放出(4)
植物(2)
久米(1)
リボゾーム(1)
安全(1)
heterochromatin(1)
利用(1)
コロイド(1)
電位差(1)
体重(1)
Ca(1)
酵素(7)
生命(1)
イギリス(1)
認識(1)
必要(3)
それ(1)
ステロイド(1)
主成分(1)
自体(1)
組み立て(1)
リグニン(1)
層状(1)
フィルヒョー(1)
透過(1)
遺伝子(2)
柔軟(1)
タンパク質(14)
重要(3)
次世代(1)
因子(1)
サイトーシス(2)
体内(1)
取り込み(2)
静脈(1)
突起(1)
血小板(1)
体温(1)
pH(1)
タンパク(2)
副腎(1)
線維(1)
自身(1)
凝集(1)
各種(2)
転写(2)
外側(1)
外部(1)
ポンプ(1)
初期(1)
偏在(1)
種々(1)
顆粒(4)
加水(1)
トランス(1)
両親(1)
脂肪(2)
エンドサイトーシス(2)
拡散(3)
NE(1)
新陳代謝(1)
栄養素(2)
染色(1)
結合(5)
受容(2)
分解(7)
繊維(1)
生存(1)
生理(1)
部分(1)
ミトコンドリア(5)
重層(1)
カタラーゼ(2)
peroxysome(1)
液状(1)
発見(1)
吸収(2)
疎水(1)
オート(1)
特定(2)
分散(1)
ダイナミズム(1)
ゴルジ(6)
精巣(1)
農学(1)
ペルオキシダーゼ(1)
もの(6)
形成(4)
電気(1)
内外(3)
関係(1)
制御(2)
増殖(3)
表面(3)
発現(1)
移動(5)
輸送(6)
容積(1)
温度(1)
酸化(2)
隔離(1)
能動(3)
円盤(1)
少量(1)
オリゴ(1)
中心(1)
nm(3)
核質(1)
盛ん(1)
皮膚(1)
凸面(1)
代謝(6)
多数(2)
ところ(1)
大型(1)
糖衣(1)
複合(1)
寿命(1)
大学(1)
複製(1)
親水(1)
促進(1)
決定(1)
ペルオキシソーム(4)
基質(1)
形態(2)
脂質(5)
粘液(1)
多核(1)
管状(1)
不要(2)
遺伝(2)
配送(1)
アミノ酸(1)
低下(1)
比率(1)
集積(1)
骨髄(1)
シス(1)
ヒト(1)
分岐(1)
高分子(2)
運動(1)
イオン(1)
周り(1)
保存(1)
動物(3)
窒素(1)
筋繊維(1)
働き(3)
シュワン(1)
骨格(1)
化学(6)
外界(1)
周辺(1)
情報(4)
水素(1)
分化(2)
生体(3)
セルロース(1)
化合(1)
カリウム(1)
異物(1)
色素(1)
以外(2)
特有(1)
粒子(1)
ファジー(1)
その後(1)
mRNA(1)
すべて(2)
溶性(1)
付着(3)
神経(3)
細菌(1)
調節(2)
有機物(1)
選択(1)
核酸(1)
有害(1)
物質(11)
{ 1 } { 2 } { 3 } { 4 } { 5 } { 6 } { 7 } { 8 } { 9 } { 10 } { 11 } { 12 } { 13 } { 14 } { 15 } { 16 17 } { 18 } { 19 } { 20 } { 21 } { 22 } { 23 } { 24 } { 25 } { 26 } { 27 } { 28 } { 29 } 
Segment{ 2 }, Segment{ 3 }
コサイン類似度: 0.024266055451389643
Segment{ 3 }, Segment{ 4 }
コサイン類似度: 0.010269399796420192
Segment{ 4 }, Segment{ 5 }
コサイン類似度: 0.03599640587939561
Segment{ 5 }, Segment{ 6 }
コサイン類似度: 0.02139973977772239
Segment{ 6 }, Segment{ 7 }
コサイン類似度: 0.04725284875484066
Segment{ 7 }, Segment{ 8 }
コサイン類似度: 0.002617872668694289
Segment{ 8 }, Segment{ 9 }
コサイン類似度: 0.002342141799866144
Segment{ 9 }, Segment{ 10 }
コサイン類似度: 0.12517931460084555
Segment{ 10 }, Segment{ 11 }
コサイン類似度: 0.011599431979183552
Segment{ 11 }, Segment{ 12 }
コサイン類似度: 0.0010038688522347025
Segment{ 12 }, Segment{ 13 }
コサイン類似度: 0.00755326685318027
Segment{ 13 }, Segment{ 14 }
コサイン類似度: 0.057630735221973775
Segment{ 14 }, Segment{ 15 }
コサイン類似度: 0.0011643982075638204
Segment{ 15 }, Segment{ 16 17 }
コサイン類似度: 0.011712685747653346
Segment{ 16 17 }, Segment{ 18 }
コサイン類似度: 0.005967791397212147
Segment{ 18 }, Segment{ 19 }
コサイン類似度: 0.07379888123641891
Segment{ 19 }, Segment{ 20 }
コサイン類似度: 0.018094510283035305
Segment{ 20 }, Segment{ 21 }
コサイン類似度: 0.07599566007040946
Segment{ 21 }, Segment{ 22 }
コサイン類似度: 0.046400826886076295
Segment{ 22 }, Segment{ 23 }
コサイン類似度: 0.0011471252711948848
Segment{ 23 }, Segment{ 24 }
コサイン類似度: 0.012325952447013238
Segment{ 24 }, Segment{ 25 }
コサイン類似度: 0.010352312180241166
Segment{ 25 }, Segment{ 26 }
コサイン類似度: 0.031776472685781224
Segment{ 26 }, Segment{ 27 }
コサイン類似度: 0.12402952082426419
Segment{ 27 }, Segment{ 28 }
コサイン類似度: 0.07715303414033677
Segment{ 28 }, Segment{ 29 }
コサイン類似度: 0.2566029106466808
構成(7)
酸素(1)
由来(1)
個体(2)
確立(1)
活性(3)
遊離(2)
付加(1)
直径(3)
一般(1)
器官(3)
成長(1)
変化(2)
配列(3)
性質(2)
出入り(1)
飽和(2)
生成(1)
受動(2)
消化(4)
運搬(1)
活発(1)
小体(4)
被害(1)
連続(1)
フック(1)
分泌(5)
構造(9)
京都(1)
リソソーム(4)
糸状(1)
濃度(2)
ホルモン(2)
基本(2)
RNA(2)
無機質(1)
阻害(1)
プロテオグリカン(1)
脂肪酸(3)
部屋(1)
代表(1)
心筋(1)
血管(1)
転送(1)
上皮(1)
エンドソーム(1)
薬物(1)
発生(2)
成分(2)
合成(9)
機能(11)
破壊(1)
分裂(2)
一定(1)
ｍＲＮＡ(1)
新一(1)
使用(1)
Microbody(1)
rRNA(1)
網状(1)
筋肉(1)
euchromatin(1)
水溶(1)
ポリペプチド(1)
とき(1)
炭水化物(1)
環境(1)
研究(1)
)．(1)
反応(4)
さまざま(1)
ポテンシャル(1)
一部(1)
連絡(1)
ATP(1)
部位(2)
クロマチン(1)
勾配(1)
共通(2)
呼吸(1)
通過(1)
皮質(1)
過酸化水素(1)
大学院(1)
DNA(1)
伝達(3)
巨大(1)
ＤＮＡ(4)
なめらか(1)
酸性(2)
ファゴサイトーシス(1)
sER(1)
内皮(1)
分子(4)
シュライデン(1)
細胞(25)
放射(1)
維持(2)
修飾(2)
生物(1)
肝臓(1)
こと(3)
流動(1)
正常(1)
加工(1)
哺乳(1)
過程(1)
装置(6)
方向(1)
rER(1)
排出(3)
赤血球(2)
中軸(1)
開口(1)
形質(1)
組織(1)
表面積(1)
オルガネラ(1)
ナトリウム(1)
発達(2)
全体(1)
損傷(1)
白血球(1)
ため(4)
卵巣(1)
リン(3)
シグナル(2)
エネルギー(5)
相違(1)
ライソソーム(1)
存在(1)
リボソーム(7)
周囲(1)
小型(1)
場合(1)
作用(3)
エクソサイトーシス(1)
効率(2)
放出(4)
植物(2)
久米(1)
リボゾーム(1)
安全(1)
heterochromatin(1)
利用(1)
コロイド(1)
電位差(1)
体重(1)
Ca(1)
酵素(6)
生命(1)
イギリス(1)
認識(1)
必要(3)
それ(1)
ステロイド(1)
主成分(1)
自体(1)
組み立て(1)
リグニン(1)
層状(1)
フィルヒョー(1)
透過(1)
遺伝子(2)
柔軟(1)
タンパク質(14)
重要(3)
次世代(1)
因子(1)
サイトーシス(2)
体内(1)
取り込み(2)
静脈(1)
突起(1)
血小板(1)
体温(1)
pH(1)
タンパク(2)
副腎(1)
線維(1)
自身(1)
凝集(1)
各種(2)
転写(2)
外側(1)
外部(1)
ポンプ(1)
初期(1)
偏在(1)
種々(1)
顆粒(4)
加水(1)
トランス(1)
両親(1)
脂肪(2)
エンドサイトーシス(2)
拡散(3)
NE(1)
新陳代謝(1)
栄養素(2)
染色(1)
結合(5)
受容(2)
分解(6)
繊維(1)
生存(1)
生理(1)
部分(1)
ミトコンドリア(5)
重層(1)
カタラーゼ(1)
peroxysome(1)
液状(1)
発見(1)
吸収(2)
疎水(1)
オート(1)
特定(2)
分散(1)
ダイナミズム(1)
ゴルジ(6)
精巣(1)
農学(1)
ペルオキシダーゼ(1)
もの(6)
形成(4)
電気(1)
内外(3)
関係(1)
制御(2)
増殖(3)
表面(3)
発現(1)
移動(5)
輸送(6)
容積(1)
温度(1)
酸化(1)
隔離(1)
能動(3)
円盤(1)
少量(1)
オリゴ(1)
中心(1)
nm(3)
核質(1)
盛ん(1)
皮膚(1)
凸面(1)
代謝(6)
多数(2)
ところ(1)
大型(1)
糖衣(1)
複合(1)
寿命(1)
大学(1)
複製(1)
親水(1)
促進(1)
決定(1)
ペルオキシソーム(3)
基質(1)
形態(2)
脂質(5)
粘液(1)
多核(1)
管状(1)
不要(2)
遺伝(2)
配送(1)
アミノ酸(1)
低下(1)
比率(1)
集積(1)
骨髄(1)
シス(1)
ヒト(1)
分岐(1)
高分子(2)
運動(1)
イオン(1)
周り(1)
保存(1)
動物(3)
窒素(1)
筋繊維(1)
働き(3)
シュワン(1)
骨格(1)
化学(6)
外界(1)
周辺(1)
情報(4)
水素(1)
分化(2)
生体(3)
セルロース(1)
化合(1)
カリウム(1)
異物(1)
色素(1)
以外(2)
特有(1)
粒子(1)
ファジー(1)
その後(1)
mRNA(1)
すべて(2)
溶性(1)
付着(3)
神経(3)
細菌(1)
調節(2)
有機物(1)
選択(1)
核酸(1)
有害(1)
物質(11)
{ 1 } { 2 } { 3 } { 4 } { 5 } { 6 } { 7 } { 8 } { 9 } { 10 } { 11 } { 12 } { 13 } { 14 } { 15 } { 16 17 } { 18 } { 19 } { 20 } { 21 } { 22 } { 23 } { 24 } { 25 } { 26 } { 27 } { 28 29 } 
Segment{ 2 }, Segment{ 3 }
コサイン類似度: 0.024266055451389643
Segment{ 3 }, Segment{ 4 }
コサイン類似度: 0.010269399796420192
Segment{ 4 }, Segment{ 5 }
コサイン類似度: 0.03597015209323045
Segment{ 5 }, Segment{ 6 }
コサイン類似度: 0.02138413199193409
Segment{ 6 }, Segment{ 7 }
コサイン類似度: 0.04725284875484066
Segment{ 7 }, Segment{ 8 }
コサイン類似度: 0.002617872668694289
Segment{ 8 }, Segment{ 9 }
コサイン類似度: 0.002342141799866144
Segment{ 9 }, Segment{ 10 }
コサイン類似度: 0.12517931460084555
Segment{ 10 }, Segment{ 11 }
コサイン類似度: 0.011597644745584208
Segment{ 11 }, Segment{ 12 }
コサイン類似度: 0.001003714176717378
Segment{ 12 }, Segment{ 13 }
コサイン類似度: 0.00755326685318027
Segment{ 13 }, Segment{ 14 }
コサイン類似度: 0.057630735221973775
Segment{ 14 }, Segment{ 15 }
コサイン類似度: 0.0011643982075638204
Segment{ 15 }, Segment{ 16 17 }
コサイン類似度: 0.011712685747653346
Segment{ 16 17 }, Segment{ 18 }
コサイン類似度: 0.005949985046586641
Segment{ 18 }, Segment{ 19 }
コサイン類似度: 0.07947251410189785
Segment{ 19 }, Segment{ 20 }
コサイン類似度: 0.018037441591497633
Segment{ 20 }, Segment{ 21 }
コサイン類似度: 0.07596515964000003
Segment{ 21 }, Segment{ 22 }
コサイン類似度: 0.04638220417538376
Segment{ 22 }, Segment{ 23 }
コサイン類似度: 0.0011469616601057617
Segment{ 23 }, Segment{ 24 }
コサイン類似度: 0.012324194432823355
Segment{ 24 }, Segment{ 25 }
コサイン類似度: 0.010350577969878762
Segment{ 25 }, Segment{ 26 }
コサイン類似度: 0.0320380443679354
Segment{ 26 }, Segment{ 27 }
コサイン類似度: 0.1264599134038417
Segment{ 27 }, Segment{ 28 29 }
コサイン類似度: 0.021398432953476598
構成(7)
酸素(1)
由来(1)
個体(2)
確立(1)
活性(3)
遊離(2)
付加(1)
直径(3)
一般(1)
器官(3)
成長(1)
変化(2)
配列(3)
性質(2)
出入り(1)
飽和(2)
生成(1)
受動(2)
消化(3)
運搬(1)
活発(1)
小体(4)
被害(1)
連続(1)
フック(1)
分泌(5)
構造(9)
京都(1)
リソソーム(3)
糸状(1)
濃度(2)
ホルモン(2)
基本(2)
RNA(2)
無機質(1)
阻害(1)
プロテオグリカン(1)
脂肪酸(3)
部屋(1)
代表(1)
心筋(1)
血管(1)
転送(1)
上皮(1)
エンドソーム(1)
薬物(1)
発生(2)
成分(2)
合成(9)
機能(11)
破壊(1)
分裂(2)
一定(1)
ｍＲＮＡ(1)
新一(1)
使用(1)
Microbody(1)
rRNA(1)
網状(1)
筋肉(1)
euchromatin(1)
水溶(1)
ポリペプチド(1)
とき(1)
炭水化物(1)
環境(1)
研究(1)
)．(1)
反応(4)
さまざま(1)
ポテンシャル(1)
一部(1)
連絡(1)
ATP(1)
部位(2)
クロマチン(1)
勾配(1)
共通(2)
呼吸(1)
通過(1)
皮質(1)
過酸化水素(1)
大学院(1)
DNA(1)
伝達(3)
巨大(1)
ＤＮＡ(4)
なめらか(1)
酸性(1)
ファゴサイトーシス(1)
sER(1)
内皮(1)
分子(4)
シュライデン(1)
細胞(24)
放射(1)
維持(2)
修飾(2)
生物(1)
肝臓(1)
こと(3)
流動(1)
正常(1)
加工(1)
哺乳(1)
過程(1)
装置(5)
方向(1)
rER(1)
排出(3)
赤血球(2)
中軸(1)
開口(1)
形質(1)
組織(1)
表面積(1)
オルガネラ(1)
ナトリウム(1)
発達(2)
全体(1)
損傷(1)
白血球(1)
ため(4)
卵巣(1)
リン(3)
シグナル(2)
エネルギー(5)
相違(1)
ライソソーム(1)
存在(1)
リボソーム(7)
周囲(1)
小型(1)
場合(1)
作用(2)
エクソサイトーシス(1)
効率(2)
放出(4)
植物(2)
久米(1)
リボゾーム(1)
安全(1)
heterochromatin(1)
利用(1)
コロイド(1)
電位差(1)
体重(1)
Ca(1)
酵素(5)
生命(1)
イギリス(1)
認識(1)
必要(3)
それ(1)
ステロイド(1)
主成分(1)
自体(1)
組み立て(1)
リグニン(1)
層状(1)
フィルヒョー(1)
透過(1)
遺伝子(2)
柔軟(1)
タンパク質(14)
重要(3)
次世代(1)
因子(1)
サイトーシス(2)
体内(1)
取り込み(2)
静脈(1)
突起(1)
血小板(1)
体温(1)
pH(1)
タンパク(2)
副腎(1)
線維(1)
自身(1)
凝集(1)
各種(2)
転写(2)
外側(1)
外部(1)
ポンプ(1)
初期(1)
偏在(1)
種々(1)
顆粒(4)
加水(1)
トランス(1)
両親(1)
脂肪(2)
エンドサイトーシス(2)
拡散(3)
NE(1)
新陳代謝(1)
栄養素(2)
染色(1)
結合(5)
受容(2)
分解(5)
繊維(1)
生存(1)
生理(1)
部分(1)
ミトコンドリア(5)
重層(1)
カタラーゼ(1)
peroxysome(1)
液状(1)
発見(1)
吸収(2)
疎水(1)
オート(1)
特定(2)
分散(1)
ダイナミズム(1)
ゴルジ(5)
精巣(1)
農学(1)
ペルオキシダーゼ(1)
もの(6)
形成(4)
電気(1)
内外(3)
関係(1)
制御(2)
増殖(3)
表面(3)
発現(1)
移動(5)
輸送(6)
容積(1)
温度(1)
酸化(1)
隔離(1)
能動(3)
円盤(1)
少量(1)
オリゴ(1)
中心(1)
nm(3)
核質(1)
盛ん(1)
皮膚(1)
凸面(1)
代謝(6)
多数(2)
ところ(1)
大型(1)
糖衣(1)
複合(1)
寿命(1)
大学(1)
複製(1)
親水(1)
促進(1)
決定(1)
ペルオキシソーム(3)
基質(1)
形態(2)
脂質(5)
粘液(1)
多核(1)
管状(1)
不要(2)
遺伝(2)
配送(1)
アミノ酸(1)
低下(1)
比率(1)
集積(1)
骨髄(1)
シス(1)
ヒト(1)
分岐(1)
高分子(2)
運動(1)
イオン(1)
周り(1)
保存(1)
動物(3)
窒素(1)
筋繊維(1)
働き(3)
シュワン(1)
骨格(1)
化学(6)
外界(1)
周辺(1)
情報(4)
水素(1)
分化(2)
生体(3)
セルロース(1)
化合(1)
カリウム(1)
異物(1)
色素(1)
以外(2)
特有(1)
粒子(1)
ファジー(1)
その後(1)
mRNA(1)
すべて(2)
溶性(1)
付着(3)
神経(3)
細菌(1)
調節(2)
有機物(1)
選択(1)
核酸(1)
有害(1)
物質(10)
{ 1 } { 2 } { 3 } { 4 } { 5 } { 6 } { 7 } { 8 } { 9 } { 10 } { 11 } { 12 } { 13 } { 14 } { 15 } { 16 17 } { 18 } { 19 } { 20 } { 21 } { 22 } { 23 } { 24 } { 25 } { 26 27 } { 28 29 } 
Segment{ 2 }, Segment{ 3 }
コサイン類似度: 0.024728513145465814
Segment{ 3 }, Segment{ 4 }
コサイン類似度: 0.010490181499444987
Segment{ 4 }, Segment{ 5 }
コサイン類似度: 0.036704187080749545
Segment{ 5 }, Segment{ 6 }
コサイン類似度: 0.023075805307288814
Segment{ 6 }, Segment{ 7 }
コサイン類似度: 0.04850597316869284
Segment{ 7 }, Segment{ 8 }
コサイン類似度: 0.00283640619871609
Segment{ 8 }, Segment{ 9 }
コサイン類似度: 0.0025393957921858315
Segment{ 9 }, Segment{ 10 }
コサイン類似度: 0.12666125054325852
Segment{ 10 }, Segment{ 11 }
コサイン類似度: 0.01207852653497924
Segment{ 11 }, Segment{ 12 }
コサイン類似度: 0.001088676580555696
Segment{ 12 }, Segment{ 13 }
コサイン類似度: 0.00799793618318723
Segment{ 13 }, Segment{ 14 }
コサイン類似度: 0.05766652983615045
Segment{ 14 }, Segment{ 15 }
コサイン類似度: 0.0012350597385751515
Segment{ 15 }, Segment{ 16 17 }
コサイン類似度: 0.011760187186407037
Segment{ 16 17 }, Segment{ 18 }
コサイン類似度: 0.0059455036843283566
Segment{ 18 }, Segment{ 19 }
コサイン類似度: 0.08196219814578935
Segment{ 19 }, Segment{ 20 }
コサイン類似度: 0.018053424583599015
Segment{ 20 }, Segment{ 21 }
コサイン類似度: 0.07586187374884877
Segment{ 21 }, Segment{ 22 }
コサイン類似度: 0.04631982527090548
Segment{ 22 }, Segment{ 23 }
コサイン類似度: 0.001159890479830475
Segment{ 23 }, Segment{ 24 }
コサイン類似度: 0.012143588271596756
Segment{ 24 }, Segment{ 25 }
コサイン類似度: 0.011002674812146
Segment{ 25 }, Segment{ 26 27 }
コサイン類似度: 0.09196228547671048
構成(7)
酸素(1)
由来(1)
個体(2)
確立(1)
活性(3)
遊離(2)
付加(1)
直径(3)
一般(1)
器官(3)
成長(1)
変化(2)
配列(3)
性質(2)
出入り(1)
飽和(2)
生成(1)
受動(1)
消化(3)
運搬(1)
活発(1)
小体(4)
被害(1)
連続(1)
フック(1)
分泌(5)
構造(9)
京都(1)
リソソーム(3)
糸状(1)
濃度(2)
ホルモン(2)
基本(2)
RNA(2)
無機質(1)
阻害(1)
プロテオグリカン(1)
脂肪酸(3)
部屋(1)
代表(1)
心筋(1)
血管(1)
転送(1)
上皮(1)
エンドソーム(1)
薬物(1)
発生(2)
成分(2)
合成(9)
機能(11)
破壊(1)
分裂(2)
一定(1)
ｍＲＮＡ(1)
新一(1)
使用(1)
Microbody(1)
rRNA(1)
網状(1)
筋肉(1)
euchromatin(1)
水溶(1)
ポリペプチド(1)
とき(1)
炭水化物(1)
環境(1)
研究(1)
)．(1)
反応(4)
さまざま(1)
ポテンシャル(1)
一部(1)
連絡(1)
ATP(1)
部位(2)
クロマチン(1)
勾配(1)
共通(2)
呼吸(1)
通過(1)
皮質(1)
過酸化水素(1)
大学院(1)
DNA(1)
伝達(3)
巨大(1)
ＤＮＡ(4)
なめらか(1)
酸性(1)
ファゴサイトーシス(1)
sER(1)
内皮(1)
分子(4)
シュライデン(1)
細胞(23)
放射(1)
維持(2)
修飾(2)
生物(1)
肝臓(1)
こと(3)
流動(1)
正常(1)
加工(1)
哺乳(1)
過程(1)
装置(5)
方向(1)
rER(1)
排出(3)
赤血球(2)
中軸(1)
開口(1)
形質(1)
組織(1)
表面積(1)
オルガネラ(1)
ナトリウム(1)
発達(2)
全体(1)
損傷(1)
白血球(1)
ため(3)
卵巣(1)
リン(3)
シグナル(2)
エネルギー(4)
相違(1)
ライソソーム(1)
存在(1)
リボソーム(7)
周囲(1)
小型(1)
場合(1)
作用(2)
エクソサイトーシス(1)
効率(2)
放出(4)
植物(2)
久米(1)
リボゾーム(1)
安全(1)
heterochromatin(1)
利用(1)
コロイド(1)
電位差(1)
体重(1)
Ca(1)
酵素(5)
生命(1)
イギリス(1)
認識(1)
必要(2)
それ(1)
ステロイド(1)
主成分(1)
自体(1)
組み立て(1)
リグニン(1)
層状(1)
フィルヒョー(1)
透過(1)
遺伝子(2)
柔軟(1)
タンパク質(14)
重要(3)
次世代(1)
因子(1)
サイトーシス(2)
体内(1)
取り込み(2)
静脈(1)
突起(1)
血小板(1)
体温(1)
pH(1)
タンパク(2)
副腎(1)
線維(1)
自身(1)
凝集(1)
各種(2)
転写(2)
外側(1)
外部(1)
ポンプ(1)
初期(1)
偏在(1)
種々(1)
顆粒(4)
加水(1)
トランス(1)
両親(1)
脂肪(2)
エンドサイトーシス(2)
拡散(2)
NE(1)
新陳代謝(1)
栄養素(2)
染色(1)
結合(5)
受容(2)
分解(5)
繊維(1)
生存(1)
生理(1)
部分(1)
ミトコンドリア(5)
重層(1)
カタラーゼ(1)
peroxysome(1)
液状(1)
発見(1)
吸収(2)
疎水(1)
オート(1)
特定(2)
分散(1)
ダイナミズム(1)
ゴルジ(5)
精巣(1)
農学(1)
ペルオキシダーゼ(1)
もの(6)
形成(4)
電気(1)
内外(3)
関係(1)
制御(2)
増殖(3)
表面(3)
発現(1)
移動(4)
輸送(5)
容積(1)
温度(1)
酸化(1)
隔離(1)
能動(2)
円盤(1)
少量(1)
オリゴ(1)
中心(1)
nm(3)
核質(1)
盛ん(1)
皮膚(1)
凸面(1)
代謝(6)
多数(2)
ところ(1)
大型(1)
糖衣(1)
複合(1)
寿命(1)
大学(1)
複製(1)
親水(1)
促進(1)
決定(1)
ペルオキシソーム(3)
基質(1)
形態(2)
脂質(5)
粘液(1)
多核(1)
管状(1)
遺伝(2)
不要(2)
配送(1)
アミノ酸(1)
低下(1)
比率(1)
集積(1)
骨髄(1)
シス(1)
ヒト(1)
分岐(1)
高分子(2)
運動(1)
イオン(1)
周り(1)
保存(1)
動物(3)
窒素(1)
筋繊維(1)
働き(3)
シュワン(1)
骨格(1)
化学(6)
外界(1)
周辺(1)
情報(4)
水素(1)
分化(2)
生体(3)
セルロース(1)
化合(1)
カリウム(1)
異物(1)
色素(1)
以外(2)
特有(1)
粒子(1)
ファジー(1)
その後(1)
mRNA(1)
すべて(2)
溶性(1)
付着(3)
神経(3)
細菌(1)
調節(2)
有機物(1)
選択(1)
核酸(1)
有害(1)
物質(9)
{ 1 } { 2 } { 3 } { 4 } { 5 } { 6 } { 7 } { 8 } { 9 10 } { 11 } { 12 } { 13 } { 14 } { 15 } { 16 17 } { 18 } { 19 } { 20 } { 21 } { 22 } { 23 } { 24 } { 25 } { 26 27 } { 28 29 } 
Segment{ 2 }, Segment{ 3 }
コサイン類似度: 0.025260113003843006
Segment{ 3 }, Segment{ 4 }
コサイン類似度: 0.010734602312078659
Segment{ 4 }, Segment{ 5 }
コサイン類似度: 0.037679477181619424
Segment{ 5 }, Segment{ 6 }
コサイン類似度: 0.025071401640018524
Segment{ 6 }, Segment{ 7 }
コサイン類似度: 0.04983508349601205
Segment{ 7 }, Segment{ 8 }
コサイン類似度: 0.003078129834036697
Segment{ 8 }, Segment{ 9 10 }
コサイン類似度: 0.002940795784756138
Segment{ 9 10 }, Segment{ 11 }
コサイン類似度: 0.014499587636895458
Segment{ 11 }, Segment{ 12 }
コサイン類似度: 0.0011852140597847702
Segment{ 12 }, Segment{ 13 }
コサイン類似度: 0.008502244653561013
Segment{ 13 }, Segment{ 14 }
コサイン類似度: 0.057727744160198255
Segment{ 14 }, Segment{ 15 }
コサイン類似度: 0.0013151144985299838
Segment{ 15 }, Segment{ 16 17 }
コサイン類似度: 0.011814003918812504
Segment{ 16 17 }, Segment{ 18 }
コサイン類似度: 0.0055317656273110504
Segment{ 18 }, Segment{ 19 }
コサイン類似度: 0.07613753457781713
Segment{ 19 }, Segment{ 20 }
コサイン類似度: 0.018173615097657962
Segment{ 20 }, Segment{ 21 }
コサイン類似度: 0.07585917618760943
Segment{ 21 }, Segment{ 22 }
コサイン類似度: 0.0463189538916884
Segment{ 22 }, Segment{ 23 }
コサイン類似度: 0.001173468806191745
Segment{ 23 }, Segment{ 24 }
コサイン類似度: 0.012128739100223274
Segment{ 24 }, Segment{ 25 }
コサイン類似度: 0.012099522071493465
Segment{ 25 }, Segment{ 26 27 }
コサイン類似度: 0.09363343118260319
構成(7)
酸素(1)
由来(1)
個体(2)
確立(1)
活性(3)
遊離(2)
付加(1)
直径(3)
一般(1)
器官(3)
成長(1)
変化(2)
配列(3)
性質(2)
出入り(1)
飽和(2)
生成(1)
受動(1)
消化(3)
運搬(1)
活発(1)
小体(4)
被害(1)
連続(1)
フック(1)
分泌(5)
構造(9)
京都(1)
リソソーム(2)
糸状(1)
濃度(2)
ホルモン(2)
基本(2)
RNA(2)
無機質(1)
阻害(1)
プロテオグリカン(1)
脂肪酸(3)
部屋(1)
代表(1)
心筋(1)
血管(1)
転送(1)
上皮(1)
エンドソーム(1)
薬物(1)
発生(2)
成分(2)
合成(9)
機能(11)
破壊(1)
分裂(2)
一定(1)
ｍＲＮＡ(1)
新一(1)
使用(1)
Microbody(1)
rRNA(1)
網状(1)
筋肉(1)
euchromatin(1)
水溶(1)
ポリペプチド(1)
とき(1)
炭水化物(1)
環境(1)
研究(1)
)．(1)
反応(4)
さまざま(1)
ポテンシャル(1)
一部(1)
連絡(1)
ATP(1)
部位(2)
クロマチン(1)
勾配(1)
共通(2)
呼吸(1)
通過(1)
皮質(1)
過酸化水素(1)
大学院(1)
DNA(1)
伝達(3)
巨大(1)
ＤＮＡ(4)
なめらか(1)
酸性(1)
ファゴサイトーシス(1)
sER(1)
内皮(1)
分子(4)
シュライデン(1)
細胞(22)
放射(1)
維持(2)
修飾(2)
生物(1)
肝臓(1)
こと(3)
流動(1)
正常(1)
加工(1)
哺乳(1)
過程(1)
装置(5)
方向(1)
rER(1)
排出(3)
赤血球(2)
中軸(1)
開口(1)
形質(1)
組織(1)
表面積(1)
オルガネラ(1)
ナトリウム(1)
発達(2)
全体(1)
損傷(1)
白血球(1)
ため(3)
卵巣(1)
リン(3)
シグナル(2)
エネルギー(4)
相違(1)
ライソソーム(1)
存在(1)
リボソーム(7)
周囲(1)
小型(1)
場合(1)
作用(1)
エクソサイトーシス(1)
効率(2)
放出(4)
植物(2)
久米(1)
リボゾーム(1)
安全(1)
heterochromatin(1)
利用(1)
コロイド(1)
電位差(1)
体重(1)
Ca(1)
酵素(5)
生命(1)
イギリス(1)
認識(1)
必要(2)
それ(1)
ステロイド(1)
主成分(1)
自体(1)
組み立て(1)
リグニン(1)
層状(1)
フィルヒョー(1)
透過(1)
遺伝子(2)
柔軟(1)
タンパク質(14)
重要(3)
次世代(1)
因子(1)
サイトーシス(2)
体内(1)
取り込み(2)
静脈(1)
突起(1)
血小板(1)
体温(1)
pH(1)
タンパク(2)
副腎(1)
線維(1)
自身(1)
凝集(1)
各種(2)
転写(2)
外側(1)
外部(1)
ポンプ(1)
初期(1)
偏在(1)
種々(1)
顆粒(4)
加水(1)
トランス(1)
両親(1)
脂肪(2)
エンドサイトーシス(1)
拡散(2)
NE(1)
新陳代謝(1)
栄養素(2)
染色(1)
結合(5)
受容(2)
分解(4)
繊維(1)
生存(1)
生理(1)
部分(1)
ミトコンドリア(5)
重層(1)
カタラーゼ(1)
peroxysome(1)
液状(1)
発見(1)
吸収(2)
疎水(1)
オート(1)
特定(2)
分散(1)
ダイナミズム(1)
ゴルジ(5)
精巣(1)
農学(1)
ペルオキシダーゼ(1)
もの(6)
形成(4)
電気(1)
内外(3)
関係(1)
制御(2)
増殖(3)
表面(3)
発現(1)
移動(4)
輸送(4)
容積(1)
温度(1)
酸化(1)
隔離(1)
能動(2)
円盤(1)
少量(1)
オリゴ(1)
中心(1)
nm(3)
核質(1)
盛ん(1)
皮膚(1)
凸面(1)
代謝(6)
多数(2)
ところ(1)
大型(1)
糖衣(1)
複合(1)
寿命(1)
大学(1)
複製(1)
親水(1)
促進(1)
決定(1)
ペルオキシソーム(3)
基質(1)
形態(2)
脂質(5)
粘液(1)
多核(1)
管状(1)
遺伝(2)
不要(2)
配送(1)
アミノ酸(1)
低下(1)
比率(1)
集積(1)
骨髄(1)
シス(1)
ヒト(1)
分岐(1)
高分子(1)
運動(1)
イオン(1)
周り(1)
保存(1)
動物(3)
窒素(1)
筋繊維(1)
働き(3)
シュワン(1)
骨格(1)
化学(6)
外界(1)
周辺(1)
情報(4)
水素(1)
分化(2)
生体(3)
セルロース(1)
化合(1)
カリウム(1)
異物(1)
色素(1)
以外(2)
特有(1)
粒子(1)
ファジー(1)
その後(1)
mRNA(1)
すべて(2)
溶性(1)
付着(3)
神経(3)
細菌(1)
調節(2)
有機物(1)
選択(1)
核酸(1)
有害(1)
物質(8)
{ 1 } { 2 } { 3 } { 4 } { 5 } { 6 } { 7 } { 8 } { 9 10 } { 11 } { 12 } { 13 } { 14 } { 15 } { 16 17 } { 18 } { 19 } { 20 } { 21 } { 22 } { 23 } { 24 } { 25 26 27 } { 28 29 } 
Segment{ 2 }, Segment{ 3 }
コサイン類似度: 0.025962050505162693
Segment{ 3 }, Segment{ 4 }
コサイン類似度: 0.01101884039034977
Segment{ 4 }, Segment{ 5 }
コサイン類似度: 0.038743996958607856
Segment{ 5 }, Segment{ 6 }
コサイン類似度: 0.02730394214338032
Segment{ 6 }, Segment{ 7 }
コサイン類似度: 0.05149725880247894
Segment{ 7 }, Segment{ 8 }
コサイン類似度: 0.003362210013264268
Segment{ 8 }, Segment{ 9 10 }
コサイン類似度: 0.003161440235597894
Segment{ 9 10 }, Segment{ 11 }
コサイン類似度: 0.015152926494644238
Segment{ 11 }, Segment{ 12 }
コサイン類似度: 0.0012951590735222052
Segment{ 12 }, Segment{ 13 }
コサイン類似度: 0.009089716858095476
Segment{ 13 }, Segment{ 14 }
コサイン類似度: 0.05789823603347973
Segment{ 14 }, Segment{ 15 }
コサイン類似度: 0.0014063030496150315
Segment{ 15 }, Segment{ 16 17 }
コサイン類似度: 0.01187530636505177
Segment{ 16 17 }, Segment{ 18 }
コサイン類似度: 0.00506433910774202
Segment{ 18 }, Segment{ 19 }
コサイン類似度: 0.06969197093582892
Segment{ 19 }, Segment{ 20 }
コサイン類似度: 0.018340031919616348
Segment{ 20 }, Segment{ 21 }
コサイン類似度: 0.07585610282691796
Segment{ 21 }, Segment{ 22 }
コサイン類似度: 0.0463179610665695
Segment{ 22 }, Segment{ 23 }
コサイン類似度: 0.0011894596681244903
Segment{ 23 }, Segment{ 24 }
コサイン類似度: 0.012115468867198227
Segment{ 24 }, Segment{ 25 26 27 }
コサイン類似度: 0.02494584345325828
構成(7)
酸素(1)
由来(1)
個体(2)
確立(1)
活性(3)
遊離(2)
付加(1)
直径(3)
一般(1)
器官(3)
成長(1)
変化(2)
配列(3)
性質(2)
出入り(1)
飽和(2)
生成(1)
受動(1)
消化(3)
運搬(1)
活発(1)
小体(4)
被害(1)
連続(1)
フック(1)
分泌(5)
構造(9)
京都(1)
リソソーム(2)
糸状(1)
濃度(2)
ホルモン(2)
基本(2)
RNA(2)
無機質(1)
阻害(1)
プロテオグリカン(1)
脂肪酸(3)
部屋(1)
代表(1)
心筋(1)
血管(1)
転送(1)
上皮(1)
エンドソーム(1)
薬物(1)
発生(2)
成分(2)
合成(9)
機能(11)
破壊(1)
分裂(2)
一定(1)
ｍＲＮＡ(1)
新一(1)
使用(1)
Microbody(1)
rRNA(1)
網状(1)
筋肉(1)
euchromatin(1)
水溶(1)
ポリペプチド(1)
とき(1)
炭水化物(1)
環境(1)
研究(1)
)．(1)
反応(4)
さまざま(1)
ポテンシャル(1)
一部(1)
連絡(1)
ATP(1)
部位(2)
クロマチン(1)
勾配(1)
共通(2)
呼吸(1)
通過(1)
皮質(1)
過酸化水素(1)
大学院(1)
DNA(1)
伝達(3)
巨大(1)
ＤＮＡ(4)
なめらか(1)
酸性(1)
ファゴサイトーシス(1)
sER(1)
内皮(1)
分子(4)
シュライデン(1)
細胞(22)
放射(1)
維持(2)
修飾(2)
生物(1)
肝臓(1)
こと(3)
流動(1)
正常(1)
加工(1)
哺乳(1)
過程(1)
装置(5)
方向(1)
rER(1)
排出(3)
赤血球(2)
中軸(1)
開口(1)
形質(1)
組織(1)
表面積(1)
オルガネラ(1)
ナトリウム(1)
発達(2)
全体(1)
損傷(1)
白血球(1)
ため(3)
卵巣(1)
リン(3)
シグナル(2)
エネルギー(4)
相違(1)
ライソソーム(1)
存在(1)
リボソーム(6)
周囲(1)
小型(1)
場合(1)
作用(1)
エクソサイトーシス(1)
効率(2)
放出(4)
植物(2)
久米(1)
リボゾーム(1)
安全(1)
heterochromatin(1)
利用(1)
コロイド(1)
電位差(1)
体重(1)
Ca(1)
酵素(5)
生命(1)
イギリス(1)
認識(1)
必要(2)
それ(1)
ステロイド(1)
主成分(1)
自体(1)
組み立て(1)
リグニン(1)
層状(1)
フィルヒョー(1)
透過(1)
遺伝子(2)
柔軟(1)
タンパク質(14)
重要(3)
次世代(1)
因子(1)
サイトーシス(2)
体内(1)
取り込み(2)
静脈(1)
突起(1)
血小板(1)
体温(1)
pH(1)
タンパク(2)
副腎(1)
線維(1)
自身(1)
凝集(1)
各種(2)
転写(2)
外側(1)
外部(1)
ポンプ(1)
初期(1)
偏在(1)
種々(1)
顆粒(4)
加水(1)
トランス(1)
両親(1)
脂肪(2)
エンドサイトーシス(1)
拡散(2)
NE(1)
新陳代謝(1)
栄養素(2)
染色(1)
結合(5)
受容(2)
分解(4)
繊維(1)
生存(1)
生理(1)
部分(1)
ミトコンドリア(5)
重層(1)
カタラーゼ(1)
peroxysome(1)
液状(1)
発見(1)
吸収(2)
疎水(1)
オート(1)
特定(2)
分散(1)
ダイナミズム(1)
ゴルジ(5)
精巣(1)
農学(1)
ペルオキシダーゼ(1)
もの(6)
形成(4)
電気(1)
内外(3)
関係(1)
制御(2)
増殖(3)
表面(2)
発現(1)
移動(4)
輸送(4)
容積(1)
温度(1)
酸化(1)
隔離(1)
能動(2)
円盤(1)
少量(1)
オリゴ(1)
中心(1)
nm(3)
核質(1)
盛ん(1)
皮膚(1)
凸面(1)
代謝(6)
多数(2)
ところ(1)
大型(1)
糖衣(1)
複合(1)
寿命(1)
大学(1)
複製(1)
親水(1)
促進(1)
決定(1)
ペルオキシソーム(3)
基質(1)
形態(2)
脂質(5)
粘液(1)
多核(1)
管状(1)
遺伝(2)
不要(2)
配送(1)
アミノ酸(1)
低下(1)
比率(1)
集積(1)
骨髄(1)
シス(1)
ヒト(1)
分岐(1)
高分子(1)
運動(1)
イオン(1)
周り(1)
保存(1)
動物(3)
窒素(1)
筋繊維(1)
働き(3)
シュワン(1)
骨格(1)
化学(6)
外界(1)
周辺(1)
情報(4)
水素(1)
分化(2)
生体(3)
セルロース(1)
化合(1)
カリウム(1)
異物(1)
色素(1)
以外(2)
特有(1)
粒子(1)
ファジー(1)
その後(1)
mRNA(1)
すべて(2)
溶性(1)
付着(2)
神経(3)
細菌(1)
調節(2)
有機物(1)
選択(1)
核酸(1)
有害(1)
物質(8)
{ 1 } { 2 } { 3 } { 4 } { 5 } { 6 } { 7 } { 8 } { 9 10 } { 11 } { 12 } { 13 } { 14 } { 15 } { 16 17 } { 18 } { 19 } { 20 21 } { 22 } { 23 } { 24 } { 25 26 27 } { 28 29 } 
Segment{ 2 }, Segment{ 3 }
コサイン類似度: 0.025962050505162693
Segment{ 3 }, Segment{ 4 }
コサイン類似度: 0.01101884039034977
Segment{ 4 }, Segment{ 5 }
コサイン類似度: 0.038743996958607856
Segment{ 5 }, Segment{ 6 }
コサイン類似度: 0.02730394214338032
Segment{ 6 }, Segment{ 7 }
コサイン類似度: 0.05149725880247894
Segment{ 7 }, Segment{ 8 }
コサイン類似度: 0.003362210013264268
Segment{ 8 }, Segment{ 9 10 }
コサイン類似度: 0.003161440235597894
Segment{ 9 10 }, Segment{ 11 }
コサイン類似度: 0.015152926494644238
Segment{ 11 }, Segment{ 12 }
コサイン類似度: 0.0012951590735222052
Segment{ 12 }, Segment{ 13 }
コサイン類似度: 0.009089716858095476
Segment{ 13 }, Segment{ 14 }
コサイン類似度: 0.057746416288035646
Segment{ 14 }, Segment{ 15 }
コサイン類似度: 0.0014026154662681687
Segment{ 15 }, Segment{ 16 17 }
コサイン類似度: 0.011873895668558888
Segment{ 16 17 }, Segment{ 18 }
コサイン類似度: 0.005844710460327313
Segment{ 18 }, Segment{ 19 }
コサイン類似度: 0.0725966790142955
Segment{ 19 }, Segment{ 20 21 }
コサイン類似度: 0.040023698606285574
Segment{ 20 21 }, Segment{ 22 }
コサイン類似度: 0.1482445695462595
Segment{ 22 }, Segment{ 23 }
コサイン類似度: 0.0011607639879419548
Segment{ 23 }, Segment{ 24 }
コサイン類似度: 0.012115468867198227
Segment{ 24 }, Segment{ 25 26 27 }
コサイン類似度: 0.024944949361553143
構成(7)
酸素(1)
由来(1)
個体(2)
確立(1)
活性(3)
遊離(2)
付加(1)
直径(3)
一般(1)
器官(3)
成長(1)
変化(2)
配列(3)
性質(2)
出入り(1)
飽和(2)
生成(1)
受動(1)
消化(3)
運搬(1)
活発(1)
小体(4)
被害(1)
連続(1)
フック(1)
分泌(5)
構造(9)
京都(1)
リソソーム(2)
糸状(1)
濃度(2)
ホルモン(2)
基本(2)
RNA(2)
無機質(1)
阻害(1)
プロテオグリカン(1)
脂肪酸(3)
部屋(1)
代表(1)
心筋(1)
血管(1)
転送(1)
上皮(1)
エンドソーム(1)
薬物(1)
発生(2)
成分(2)
合成(9)
機能(11)
破壊(1)
分裂(2)
一定(1)
ｍＲＮＡ(1)
新一(1)
使用(1)
Microbody(1)
rRNA(1)
網状(1)
筋肉(1)
euchromatin(1)
水溶(1)
ポリペプチド(1)
とき(1)
炭水化物(1)
環境(1)
研究(1)
)．(1)
反応(4)
さまざま(1)
ポテンシャル(1)
一部(1)
連絡(1)
ATP(1)
部位(2)
クロマチン(1)
勾配(1)
共通(2)
呼吸(1)
通過(1)
皮質(1)
過酸化水素(1)
大学院(1)
DNA(1)
伝達(3)
巨大(1)
ＤＮＡ(4)
なめらか(1)
酸性(1)
ファゴサイトーシス(1)
sER(1)
内皮(1)
分子(4)
シュライデン(1)
細胞(21)
放射(1)
維持(2)
修飾(2)
生物(1)
肝臓(1)
こと(3)
流動(1)
正常(1)
加工(1)
哺乳(1)
過程(1)
装置(5)
方向(1)
rER(1)
排出(3)
赤血球(2)
中軸(1)
開口(1)
形質(1)
組織(1)
表面積(1)
オルガネラ(1)
ナトリウム(1)
発達(2)
全体(1)
損傷(1)
白血球(1)
ため(3)
卵巣(1)
リン(3)
シグナル(2)
エネルギー(4)
相違(1)
ライソソーム(1)
存在(1)
リボソーム(5)
周囲(1)
小型(1)
場合(1)
作用(1)
エクソサイトーシス(1)
効率(2)
放出(4)
植物(2)
久米(1)
リボゾーム(1)
安全(1)
heterochromatin(1)
利用(1)
コロイド(1)
電位差(1)
体重(1)
Ca(1)
酵素(5)
生命(1)
イギリス(1)
認識(1)
必要(2)
それ(1)
ステロイド(1)
主成分(1)
自体(1)
組み立て(1)
リグニン(1)
層状(1)
フィルヒョー(1)
透過(1)
遺伝子(2)
柔軟(1)
タンパク質(13)
重要(3)
次世代(1)
因子(1)
サイトーシス(2)
体内(1)
取り込み(2)
静脈(1)
突起(1)
血小板(1)
体温(1)
pH(1)
タンパク(2)
副腎(1)
線維(1)
自身(1)
凝集(1)
各種(2)
転写(2)
外側(1)
外部(1)
ポンプ(1)
初期(1)
偏在(1)
種々(1)
顆粒(4)
加水(1)
トランス(1)
両親(1)
脂肪(2)
エンドサイトーシス(1)
拡散(2)
NE(1)
新陳代謝(1)
栄養素(2)
染色(1)
結合(5)
受容(2)
分解(4)
繊維(1)
生存(1)
生理(1)
部分(1)
ミトコンドリア(5)
重層(1)
カタラーゼ(1)
peroxysome(1)
液状(1)
発見(1)
吸収(2)
疎水(1)
オート(1)
特定(2)
分散(1)
ダイナミズム(1)
ゴルジ(5)
精巣(1)
農学(1)
ペルオキシダーゼ(1)
もの(6)
形成(4)
電気(1)
内外(3)
関係(1)
制御(2)
増殖(3)
表面(2)
発現(1)
移動(4)
輸送(4)
容積(1)
温度(1)
酸化(1)
隔離(1)
能動(2)
円盤(1)
少量(1)
オリゴ(1)
中心(1)
nm(3)
核質(1)
盛ん(1)
皮膚(1)
凸面(1)
代謝(6)
多数(2)
ところ(1)
大型(1)
糖衣(1)
複合(1)
寿命(1)
大学(1)
複製(1)
親水(1)
促進(1)
決定(1)
ペルオキシソーム(3)
基質(1)
形態(2)
脂質(5)
粘液(1)
多核(1)
管状(1)
遺伝(2)
不要(2)
配送(1)
アミノ酸(1)
低下(1)
比率(1)
集積(1)
骨髄(1)
シス(1)
ヒト(1)
分岐(1)
高分子(1)
運動(1)
イオン(1)
周り(1)
保存(1)
動物(3)
窒素(1)
筋繊維(1)
働き(3)
シュワン(1)
骨格(1)
化学(6)
外界(1)
周辺(1)
情報(4)
水素(1)
分化(2)
生体(3)
セルロース(1)
化合(1)
カリウム(1)
異物(1)
色素(1)
以外(2)
特有(1)
粒子(1)
ファジー(1)
その後(1)
mRNA(1)
すべて(2)
溶性(1)
付着(1)
神経(3)
細菌(1)
調節(2)
有機物(1)
選択(1)
核酸(1)
有害(1)
物質(8)
{ 1 } { 2 } { 3 } { 4 } { 5 } { 6 } { 7 } { 8 } { 9 10 } { 11 } { 12 } { 13 } { 14 } { 15 } { 16 17 } { 18 } { 19 } { 20 21 22 } { 23 } { 24 } { 25 26 27 } { 28 29 } 
Segment{ 2 }, Segment{ 3 }
コサイン類似度: 0.026375506358062135
Segment{ 3 }, Segment{ 4 }
コサイン類似度: 0.01134528953979207
Segment{ 4 }, Segment{ 5 }
コサイン類似度: 0.04001485482877035
Segment{ 5 }, Segment{ 6 }
コサイン類似度: 0.029886144554665366
Segment{ 6 }, Segment{ 7 }
コサイン類似度: 0.053394800963055634
Segment{ 7 }, Segment{ 8 }
コサイン類似度: 0.00368739568488658
Segment{ 8 }, Segment{ 9 10 }
コサイン類似度: 0.0034672812226265396
Segment{ 9 10 }, Segment{ 11 }
コサイン類似度: 0.015443730791152112
Segment{ 11 }, Segment{ 12 }
コサイン類似度: 0.0014212409689126778
Segment{ 12 }, Segment{ 13 }
コサイン類似度: 0.00975671870937865
Segment{ 13 }, Segment{ 14 }
コサイン類似度: 0.05808613053713924
Segment{ 14 }, Segment{ 15 }
コサイン類似度: 0.0015595764448529362
Segment{ 15 }, Segment{ 16 17 }
コサイン類似度: 0.011989925443236982
Segment{ 16 17 }, Segment{ 18 }
コサイン類似度: 0.007261919433668318
Segment{ 18 }, Segment{ 19 }
コサイン類似度: 0.0775867033023782
Segment{ 19 }, Segment{ 20 21 22 }
コサイン類似度: 0.05068196558940147
Segment{ 20 21 22 }, Segment{ 23 }
コサイン類似度: 0.04931344360391769
Segment{ 23 }, Segment{ 24 }
コサイン類似度: 0.012204334370401842
Segment{ 24 }, Segment{ 25 26 27 }
コサイン類似度: 0.025028593163891923
構成(7)
酸素(1)
由来(1)
個体(2)
確立(1)
活性(3)
遊離(2)
付加(1)
直径(3)
一般(1)
器官(3)
成長(1)
変化(2)
配列(3)
性質(2)
出入り(1)
飽和(2)
生成(1)
受動(1)
消化(3)
運搬(1)
活発(1)
小体(4)
被害(1)
連続(1)
フック(1)
分泌(5)
構造(8)
京都(1)
リソソーム(2)
糸状(1)
濃度(2)
ホルモン(2)
基本(2)
RNA(2)
無機質(1)
阻害(1)
プロテオグリカン(1)
脂肪酸(3)
部屋(1)
代表(1)
心筋(1)
血管(1)
転送(1)
上皮(1)
エンドソーム(1)
薬物(1)
発生(2)
成分(2)
合成(8)
機能(11)
破壊(1)
分裂(2)
一定(1)
ｍＲＮＡ(1)
新一(1)
使用(1)
Microbody(1)
rRNA(1)
網状(1)
筋肉(1)
euchromatin(1)
水溶(1)
ポリペプチド(1)
とき(1)
炭水化物(1)
環境(1)
研究(1)
)．(1)
反応(4)
さまざま(1)
ポテンシャル(1)
一部(1)
連絡(1)
ATP(1)
部位(2)
クロマチン(1)
勾配(1)
共通(2)
呼吸(1)
通過(1)
皮質(1)
過酸化水素(1)
大学院(1)
DNA(1)
伝達(3)
巨大(1)
ＤＮＡ(4)
なめらか(1)
酸性(1)
ファゴサイトーシス(1)
sER(1)
内皮(1)
分子(4)
シュライデン(1)
細胞(21)
放射(1)
維持(2)
修飾(2)
生物(1)
肝臓(1)
こと(3)
流動(1)
正常(1)
加工(1)
哺乳(1)
過程(1)
装置(4)
方向(1)
rER(1)
排出(3)
赤血球(2)
中軸(1)
開口(1)
形質(1)
組織(1)
表面積(1)
オルガネラ(1)
ナトリウム(1)
発達(2)
全体(1)
損傷(1)
白血球(1)
ため(3)
卵巣(1)
リン(3)
シグナル(2)
エネルギー(4)
相違(1)
ライソソーム(1)
存在(1)
リボソーム(4)
周囲(1)
小型(1)
場合(1)
作用(1)
エクソサイトーシス(1)
効率(2)
放出(4)
植物(2)
久米(1)
リボゾーム(1)
安全(1)
heterochromatin(1)
利用(1)
コロイド(1)
電位差(1)
体重(1)
Ca(1)
酵素(5)
生命(1)
イギリス(1)
認識(1)
必要(2)
それ(1)
ステロイド(1)
主成分(1)
自体(1)
組み立て(1)
リグニン(1)
層状(1)
フィルヒョー(1)
透過(1)
遺伝子(2)
柔軟(1)
タンパク質(12)
重要(3)
次世代(1)
因子(1)
サイトーシス(2)
体内(1)
取り込み(2)
静脈(1)
突起(1)
血小板(1)
体温(1)
pH(1)
タンパク(1)
副腎(1)
線維(1)
自身(1)
凝集(1)
各種(2)
転写(2)
外側(1)
外部(1)
ポンプ(1)
初期(1)
偏在(1)
種々(1)
顆粒(4)
加水(1)
トランス(1)
両親(1)
脂肪(2)
エンドサイトーシス(1)
拡散(2)
NE(1)
新陳代謝(1)
栄養素(2)
染色(1)
結合(5)
受容(2)
分解(4)
繊維(1)
生存(1)
生理(1)
部分(1)
ミトコンドリア(4)
重層(1)
カタラーゼ(1)
peroxysome(1)
液状(1)
発見(1)
吸収(2)
疎水(1)
オート(1)
特定(2)
分散(1)
ダイナミズム(1)
ゴルジ(5)
精巣(1)
農学(1)
ペルオキシダーゼ(1)
もの(6)
形成(4)
電気(1)
内外(3)
関係(1)
制御(2)
増殖(3)
表面(2)
発現(1)
移動(4)
輸送(4)
容積(1)
温度(1)
酸化(1)
隔離(1)
能動(2)
円盤(1)
少量(1)
オリゴ(1)
中心(1)
nm(3)
核質(1)
盛ん(1)
皮膚(1)
凸面(1)
代謝(6)
多数(2)
ところ(1)
大型(1)
糖衣(1)
複合(1)
寿命(1)
大学(1)
複製(1)
親水(1)
促進(1)
決定(1)
ペルオキシソーム(2)
基質(1)
形態(2)
脂質(5)
粘液(1)
多核(1)
管状(1)
遺伝(2)
不要(2)
配送(1)
アミノ酸(1)
低下(1)
比率(1)
集積(1)
骨髄(1)
シス(1)
ヒト(1)
分岐(1)
高分子(1)
運動(1)
イオン(1)
周り(1)
保存(1)
動物(3)
窒素(1)
筋繊維(1)
働き(3)
シュワン(1)
骨格(1)
化学(6)
外界(1)
周辺(1)
情報(4)
水素(1)
分化(2)
生体(3)
セルロース(1)
化合(1)
カリウム(1)
異物(1)
色素(1)
以外(2)
特有(1)
粒子(1)
ファジー(1)
その後(1)
mRNA(1)
すべて(2)
溶性(1)
付着(1)
神経(3)
細菌(1)
調節(2)
有機物(1)
選択(1)
核酸(1)
有害(1)
物質(8)
{ 1 } { 2 } { 3 } { 4 } { 5 } { 6 } { 7 } { 8 } { 9 10 } { 11 } { 12 } { 13 } { 14 } { 15 } { 16 17 } { 18 19 } { 20 21 22 } { 23 } { 24 } { 25 26 27 } { 28 29 } 
Segment{ 2 }, Segment{ 3 }
コサイン類似度: 0.026371912462534033
Segment{ 3 }, Segment{ 4 }
コサイン類似度: 0.01134528953979207
Segment{ 4 }, Segment{ 5 }
コサイン類似度: 0.04000211082726372
Segment{ 5 }, Segment{ 6 }
コサイン類似度: 0.029876626362662372
Segment{ 6 }, Segment{ 7 }
コサイン類似度: 0.053394800963055634
Segment{ 7 }, Segment{ 8 }
コサイン類似度: 0.00368739568488658
Segment{ 8 }, Segment{ 9 10 }
コサイン類似度: 0.003466029897346799
Segment{ 9 10 }, Segment{ 11 }
コサイン類似度: 0.01543815722226293
Segment{ 11 }, Segment{ 12 }
コサイン類似度: 0.0014212409689126778
Segment{ 12 }, Segment{ 13 }
コサイン類似度: 0.009718885717181517
Segment{ 13 }, Segment{ 14 }
コサイン類似度: 0.058079289703665465
Segment{ 14 }, Segment{ 15 }
コサイン類似度: 0.0016260470017780855
Segment{ 15 }, Segment{ 16 17 }
コサイン類似度: 0.012045913615753925
Segment{ 20 21 22 }, Segment{ 23 }
コサイン類似度: 0.049628145363840984
Segment{ 23 }, Segment{ 24 }
コサイン類似度: 0.013251870085369943
Segment{ 24 }, Segment{ 25 26 27 }
コサイン類似度: 0.026307451930470516
構成(6)
酸素(1)
由来(1)
個体(2)
確立(1)
活性(3)
遊離(2)
付加(1)
直径(3)
一般(1)
器官(3)
成長(1)
変化(2)
配列(3)
性質(2)
出入り(1)
飽和(2)
生成(1)
受動(1)
消化(3)
運搬(1)
活発(1)
小体(4)
被害(1)
連続(1)
フック(1)
分泌(5)
構造(8)
京都(1)
リソソーム(2)
糸状(1)
濃度(2)
ホルモン(2)
基本(2)
RNA(2)
無機質(1)
阻害(1)
プロテオグリカン(1)
脂肪酸(3)
部屋(1)
代表(1)
心筋(1)
血管(1)
転送(1)
上皮(1)
エンドソーム(1)
薬物(1)
発生(2)
成分(2)
合成(8)
機能(11)
破壊(1)
分裂(2)
一定(1)
ｍＲＮＡ(1)
新一(1)
使用(1)
Microbody(1)
rRNA(1)
網状(1)
筋肉(1)
euchromatin(1)
水溶(1)
ポリペプチド(1)
とき(1)
炭水化物(1)
環境(1)
研究(1)
)．(1)
反応(4)
さまざま(1)
ポテンシャル(1)
一部(1)
連絡(1)
ATP(1)
部位(2)
クロマチン(1)
勾配(1)
共通(2)
呼吸(1)
通過(1)
皮質(1)
過酸化水素(1)
大学院(1)
DNA(1)
伝達(3)
巨大(1)
ＤＮＡ(4)
なめらか(1)
酸性(1)
ファゴサイトーシス(1)
sER(1)
内皮(1)
分子(4)
シュライデン(1)
細胞(20)
放射(1)
維持(2)
修飾(2)
生物(1)
肝臓(1)
こと(3)
流動(1)
正常(1)
加工(1)
哺乳(1)
過程(1)
装置(4)
方向(1)
rER(1)
排出(3)
赤血球(2)
中軸(1)
開口(1)
形質(1)
組織(1)
表面積(1)
オルガネラ(1)
ナトリウム(1)
発達(2)
全体(1)
損傷(1)
白血球(1)
ため(3)
卵巣(1)
リン(2)
シグナル(2)
エネルギー(4)
相違(1)
ライソソーム(1)
存在(1)
リボソーム(4)
周囲(1)
小型(1)
場合(1)
作用(1)
エクソサイトーシス(1)
効率(2)
放出(4)
植物(2)
久米(1)
リボゾーム(1)
安全(1)
heterochromatin(1)
利用(1)
コロイド(1)
電位差(1)
体重(1)
Ca(1)
酵素(5)
生命(1)
イギリス(1)
認識(1)
必要(2)
それ(1)
ステロイド(1)
主成分(1)
自体(1)
組み立て(1)
リグニン(1)
層状(1)
フィルヒョー(1)
透過(1)
遺伝子(2)
柔軟(1)
タンパク質(11)
重要(3)
次世代(1)
因子(1)
サイトーシス(2)
体内(1)
取り込み(2)
静脈(1)
突起(1)
血小板(1)
体温(1)
pH(1)
タンパク(1)
副腎(1)
線維(1)
自身(1)
凝集(1)
各種(2)
転写(2)
外側(1)
外部(1)
ポンプ(1)
初期(1)
偏在(1)
種々(1)
顆粒(4)
加水(1)
トランス(1)
両親(1)
脂肪(2)
エンドサイトーシス(1)
拡散(2)
NE(1)
新陳代謝(1)
栄養素(2)
染色(1)
結合(5)
受容(2)
分解(4)
繊維(1)
生存(1)
生理(1)
部分(1)
ミトコンドリア(4)
重層(1)
カタラーゼ(1)
peroxysome(1)
液状(1)
発見(1)
吸収(2)
疎水(1)
オート(1)
特定(2)
分散(1)
ダイナミズム(1)
ゴルジ(5)
精巣(1)
農学(1)
ペルオキシダーゼ(1)
もの(6)
形成(4)
電気(1)
内外(3)
関係(1)
制御(2)
増殖(3)
表面(2)
発現(1)
移動(4)
輸送(4)
容積(1)
温度(1)
酸化(1)
隔離(1)
能動(2)
円盤(1)
少量(1)
オリゴ(1)
中心(1)
nm(3)
核質(1)
盛ん(1)
皮膚(1)
凸面(1)
代謝(6)
多数(2)
ところ(1)
大型(1)
糖衣(1)
複合(1)
寿命(1)
大学(1)
複製(1)
促進(1)
親水(1)
決定(1)
ペルオキシソーム(2)
基質(1)
形態(2)
脂質(4)
粘液(1)
多核(1)
管状(1)
遺伝(2)
不要(2)
配送(1)
アミノ酸(1)
低下(1)
比率(1)
集積(1)
骨髄(1)
シス(1)
ヒト(1)
分岐(1)
高分子(1)
運動(1)
イオン(1)
周り(1)
保存(1)
動物(3)
窒素(1)
筋繊維(1)
働き(3)
シュワン(1)
骨格(1)
化学(6)
外界(1)
周辺(1)
情報(4)
水素(1)
分化(2)
生体(3)
セルロース(1)
化合(1)
カリウム(1)
異物(1)
色素(1)
以外(2)
特有(1)
粒子(1)
ファジー(1)
その後(1)
mRNA(1)
すべて(2)
溶性(1)
付着(1)
神経(3)
細菌(1)
調節(2)
有機物(1)
選択(1)
核酸(1)
有害(1)
物質(8)
{ 1 } { 2 } { 3 } { 4 } { 5 } { 6 } { 7 } { 8 } { 9 10 } { 11 } { 12 } { 13 14 } { 15 } { 16 17 } { 18 19 } { 20 21 22 } { 23 } { 24 } { 25 26 27 } { 28 29 } 
Segment{ 2 }, Segment{ 3 }
コサイン類似度: 0.02682250322510424
Segment{ 3 }, Segment{ 4 }
コサイン類似度: 0.011721559229324514
Segment{ 4 }, Segment{ 5 }
コサイン類似度: 0.04140396252764112
Segment{ 5 }, Segment{ 6 }
コサイン類似度: 0.032790991178813296
Segment{ 6 }, Segment{ 7 }
コサイン類似度: 0.055573889963492495
Segment{ 7 }, Segment{ 8 }
コサイン類似度: 0.004061991706797633
Segment{ 8 }, Segment{ 9 10 }
コサイン類似度: 0.003818130888201912
Segment{ 9 10 }, Segment{ 11 }
コサイン類似度: 0.0157726368660396
Segment{ 11 }, Segment{ 12 }
コサイン類似度: 0.0015666594648414188
Segment{ 12 }, Segment{ 13 14 }
コサイン類似度: 0.005403773261182599
Segment{ 13 14 }, Segment{ 15 }
コサイン類似度: 0.013584786973193416
Segment{ 15 }, Segment{ 16 17 }
コサイン類似度: 0.012204724417290936
Segment{ 20 21 22 }, Segment{ 23 }
コサイン類似度: 0.04964474391027564
Segment{ 23 }, Segment{ 24 }
コサイン類似度: 0.015524728521738109
Segment{ 24 }, Segment{ 25 26 27 }
コサイン類似度: 0.026578989253647777
構成(6)
酸素(1)
由来(1)
個体(2)
確立(1)
活性(3)
遊離(2)
付加(1)
直径(3)
一般(1)
成長(1)
器官(3)
変化(2)
配列(3)
性質(2)
出入り(1)
飽和(2)
生成(1)
受動(1)
消化(3)
運搬(1)
活発(1)
小体(4)
被害(1)
連続(1)
フック(1)
分泌(5)
構造(8)
京都(1)
リソソーム(2)
糸状(1)
濃度(2)
ホルモン(2)
基本(2)
RNA(2)
無機質(1)
阻害(1)
プロテオグリカン(1)
脂肪酸(3)
部屋(1)
代表(1)
血管(1)
心筋(1)
転送(1)
上皮(1)
エンドソーム(1)
薬物(1)
発生(2)
成分(2)
合成(8)
機能(11)
破壊(1)
分裂(2)
一定(1)
ｍＲＮＡ(1)
新一(1)
使用(1)
Microbody(1)
rRNA(1)
網状(1)
筋肉(1)
euchromatin(1)
水溶(1)
ポリペプチド(1)
とき(1)
炭水化物(1)
環境(1)
研究(1)
)．(1)
反応(4)
さまざま(1)
ポテンシャル(1)
一部(1)
連絡(1)
ATP(1)
部位(2)
クロマチン(1)
勾配(1)
共通(2)
呼吸(1)
通過(1)
皮質(1)
過酸化水素(1)
大学院(1)
DNA(1)
伝達(3)
巨大(1)
ＤＮＡ(4)
なめらか(1)
酸性(1)
ファゴサイトーシス(1)
sER(1)
内皮(1)
分子(4)
シュライデン(1)
細胞(19)
放射(1)
維持(2)
修飾(2)
生物(1)
肝臓(1)
こと(3)
流動(1)
正常(1)
加工(1)
哺乳(1)
過程(1)
装置(4)
方向(1)
rER(1)
排出(3)
赤血球(1)
中軸(1)
開口(1)
形質(1)
組織(1)
表面積(1)
オルガネラ(1)
ナトリウム(1)
発達(2)
全体(1)
損傷(1)
白血球(1)
ため(3)
卵巣(1)
リン(2)
シグナル(2)
エネルギー(4)
相違(1)
ライソソーム(1)
存在(1)
リボソーム(4)
周囲(1)
小型(1)
場合(1)
作用(1)
エクソサイトーシス(1)
効率(2)
放出(4)
植物(2)
久米(1)
リボゾーム(1)
安全(1)
heterochromatin(1)
利用(1)
コロイド(1)
電位差(1)
体重(1)
Ca(1)
酵素(5)
生命(1)
イギリス(1)
認識(1)
必要(2)
それ(1)
ステロイド(1)
主成分(1)
自体(1)
組み立て(1)
リグニン(1)
層状(1)
フィルヒョー(1)
透過(1)
遺伝子(2)
柔軟(1)
タンパク質(11)
重要(3)
次世代(1)
因子(1)
サイトーシス(2)
体内(1)
取り込み(2)
静脈(1)
突起(1)
血小板(1)
体温(1)
pH(1)
タンパク(1)
副腎(1)
線維(1)
自身(1)
凝集(1)
各種(2)
転写(2)
外側(1)
外部(1)
ポンプ(1)
初期(1)
種々(1)
偏在(1)
顆粒(4)
加水(1)
トランス(1)
両親(1)
脂肪(2)
エンドサイトーシス(1)
拡散(2)
NE(1)
新陳代謝(1)
栄養素(2)
染色(1)
結合(5)
受容(2)
分解(4)
繊維(1)
生存(1)
生理(1)
部分(1)
ミトコンドリア(4)
重層(1)
カタラーゼ(1)
peroxysome(1)
液状(1)
発見(1)
吸収(2)
疎水(1)
オート(1)
特定(2)
分散(1)
ダイナミズム(1)
ゴルジ(5)
精巣(1)
農学(1)
ペルオキシダーゼ(1)
もの(6)
形成(4)
電気(1)
内外(3)
関係(1)
制御(2)
増殖(3)
表面(2)
発現(1)
移動(4)
輸送(4)
容積(1)
温度(1)
酸化(1)
隔離(1)
能動(2)
円盤(1)
少量(1)
オリゴ(1)
中心(1)
nm(3)
核質(1)
盛ん(1)
皮膚(1)
凸面(1)
代謝(6)
多数(2)
ところ(1)
大型(1)
糖衣(1)
複合(1)
寿命(1)
大学(1)
複製(1)
促進(1)
親水(1)
決定(1)
ペルオキシソーム(2)
基質(1)
形態(2)
脂質(4)
粘液(1)
多核(1)
管状(1)
遺伝(2)
不要(2)
配送(1)
アミノ酸(1)
低下(1)
比率(1)
集積(1)
骨髄(1)
シス(1)
ヒト(1)
分岐(1)
高分子(1)
運動(1)
イオン(1)
周り(1)
保存(1)
動物(3)
窒素(1)
筋繊維(1)
働き(3)
シュワン(1)
骨格(1)
化学(6)
外界(1)
周辺(1)
情報(4)
水素(1)
分化(2)
生体(3)
セルロース(1)
化合(1)
カリウム(1)
異物(1)
色素(1)
以外(2)
特有(1)
粒子(1)
ファジー(1)
その後(1)
mRNA(1)
すべて(2)
溶性(1)
付着(1)
神経(2)
細菌(1)
調節(2)
有機物(1)
選択(1)
核酸(1)
有害(1)
物質(8)
{ 1 } { 2 } { 3 } { 4 } { 5 } { 6 7 } { 8 } { 9 10 } { 11 } { 12 } { 13 14 } { 15 } { 16 17 } { 18 19 } { 20 21 22 } { 23 } { 24 } { 25 26 27 } { 28 29 } 
Segment{ 2 }, Segment{ 3 }
コサイン類似度: 0.02737532738017238
Segment{ 3 }, Segment{ 4 }
コサイン類似度: 0.012158305043188029
Segment{ 4 }, Segment{ 5 }
コサイン類似度: 0.0430928224166049
Segment{ 5 }, Segment{ 6 7 }
コサイン類似度: 0.04299956869238897
Segment{ 6 7 }, Segment{ 8 }
コサイン類似度: 0.007064962439494716
Segment{ 8 }, Segment{ 9 10 }
コサイン類似度: 0.0042270031984216775
Segment{ 9 10 }, Segment{ 11 }
コサイン類似度: 0.016115696881083868
Segment{ 11 }, Segment{ 12 }
コサイン類似度: 0.0017305665374266043
Segment{ 12 }, Segment{ 13 14 }
コサイン類似度: 0.0058868228390468414
Segment{ 13 14 }, Segment{ 15 }
コサイン類似度: 0.014210567713603992
Segment{ 15 }, Segment{ 16 17 }
コサイン類似度: 0.012298680193344772
Segment{ 20 21 22 }, Segment{ 23 }
コサイン類似度: 0.049665396060145965
Segment{ 23 }, Segment{ 24 }
コサイン類似度: 0.015537751430017352
Segment{ 24 }, Segment{ 25 26 27 }
コサイン類似度: 0.026642043097180476
