filename: 03
xmlFile: /home/sakamoto/OCWData/ocw.kyoto-u.ac.jp/56-畜産技術論と実習II（久米新一）,2011/03/slide.xml
dir: /home/sakamoto/OCWData/ocw.kyoto-u.ac.jp/56-畜産技術論と実習II（久米新一）,2011/03
XML:
<presentation language="ja"><slide page="1"><body><p>畜産技術論と実習Ⅱ	動物栄養科学分野担当	牛からの採血とヘマトクリット測定 </p></body></slide><slide page="2"><body><p>家畜の血液検査の目的 	血液検査は	•  栄養や代謝の状態の把握	•  各種疾患の診断	　　などのために行われる。 	</p></body></slide><slide page="3"><body><p>健康な状態では、栄養素や代謝産物の吸収・生成・利用・分解・排泄のバランスがとれて代謝状態は安定している。一方、その代謝状態が破綻すれば、疾病の発生や生産性（乳量や増体）の低下につながる。	前臨床段階（＝症状が出る前）には、代謝状態のバランスが乱れ、血液所見に何らかの変化を認めることが多い。 	</p></body></slide><slide page="4"><body><p>代謝プロファイルテスト（ＭPT） 	•  牛において、特定の個体あるいは牛群から抽出した複数の個体を対象に、健康状態や代謝の状況を把握するために行う血液検査。 	•  結果をもとに、疾病の早期発見治療、飼養管理（主に飼料内容）の改善を行うことにより、牛群の健康状態や生産効率を維持向上させる。 	•  主に、獣医師や指導機関がサービスを提供	</p></body></slide><slide page="5"><body><p>検査牛の選抜とデータの評価	MPTでは、既に臨床症状のある疾患牛は	採血の対象から外す。	一般の臨床検査	サンプルの平均値±2SD（SD＝標準偏差）	すなわち全体の95％に入らなければ異常値	ＭPT	前臨床状態の異常を検出するため	平均値±1～1.3SDの範囲を正常範囲とする。 	</p></body></slide><slide page="6"><body><p>代表的なMPTの検査項目	 エネルギー代謝関連 　　　グルコース、遊離脂肪酸、β‐ヒドロキシ酪酸  タンパク質代謝関連 　　　尿素窒素 、アルブミン、ヘマトクリット 	 肝臓機能関連	　　　総コレステロール、γ‐グルタミルトランスペプチダーゼ、グルタミン酸オキサロ酢酸トランスアミナーゼ	 ミネラル代謝関連	　　　カルシウム、無機リン、マグネシウム	 ビタミンA（肥育牛）	</p></body></slide><slide page="7"><body><p>エネルギー代謝の検査項目	•  グルコース（Glu）	•  遊離脂肪酸（NEFA）	•  β‐ヒドロキシ酪酸（BHB、BHBA）	</p></body></slide><slide page="8"><body><p>グルコース(Glu)	 正常値　60-69 mg/dl	 高泌乳牛群では高い傾向。厳冬で高値	   (低値)重度エネルギー不足 （濃厚飼料不足、粗飼料が低品質）。ケトーシス、第四胃変位。	 (高値)飼養管理（環境）の急変、濃厚飼料やコーンサイレージの過剰摂取、繊維不足、ルーメンアシドーシス。 	※“過剰摂取”の原因は、過給だけでなく、　　　盗食や給餌器の故障もあり得る	</p></body></slide><slide page="9"><body><p>遊離脂肪酸(NEFA) 	 正常値　200μEq/l以下	 エネルギー不足による体脂肪動員。	 高泌乳牛群では高い傾向。周産期の高値はケトーシスや脂肪肝のリスクが高まる。	 (高値)エネルギー不足（乾物摂取量不足）、第四胃変位。 	</p></body></slide><slide page="10"><body><p>β‐ヒドロキシ酪酸（BHBまたはBHBＡ）	 泌乳初期の平均値770 μＭ	 １２００μＭ以上でケトーシスと診断	 臨床性ケトーシスの症状：元気消失、乳量減少、反芻しない、食滞	 ケトン体の１つ。肝臓で脂肪酸から生成するアセチルCoAがTCA回路に利用されないとケトン体に変化する。	 泌乳初期には体脂肪動員が起こり、遊離脂肪酸が肝臓に大量に流入するため、ケトーシスになりやすい。（特に過肥の牛や高泌乳牛）	</p></body></slide><slide page="11"><body><p>タンパク質代謝の検査項目	•  尿素窒素(BUN) 	•  アルブミン(Alb) 	•  ヘマトクリット(Ｈｔ、Hct) 	</p></body></slide><slide page="12"><body><p>尿素窒素(BUN) 	 正常値　11～20mg/dl	 高泌乳牛群では高い傾向。ルーメンでの分解性タンパク質とエネルギー（易発酵性炭水化物、主にデンプン）とのバランス、つまりルーメン微生物のアンモニアの利用効率を反映。	 高値だと、繁殖性特にET受胎率が低下する。	 (低値) 低タンパク質飼料、高エネルギー飼料、牧草の低品質。夏場の水分過剰摂取。	 (高値) 溶解性タンパク質過剰、低エネルギー飼料、マメ科牧草やタンパク質飼料の単一給与や飼料給与順序。腎機能障害、脱水。 	</p></body></slide><slide page="13"><body><p>アルブミン(Alb) 	 正常値　3.5～4.2g/dl	 長期的な栄養（特に吸収タンパク）摂取状況を反映。高泌乳牛群では高い傾向。	 (低値)低タンパク飼料、デンプン過剰。脂肪肝、肝機能低下、下痢、腎炎。	 (高値)濃厚飼料過剰、繊維不足、Na過剰（醤油粕給与など）	</p></body></slide><slide page="14"><body><p>ヘマトクリット(ＨｔまたはHct) 	 正常値　28～34%	 高泌乳牛群や厳冬期の乾乳牛で高い傾向。栄養（特にタンパク）摂取状況を反映。	 （低値） 低タンパク質飼料、低品質粗飼料。貧血（放牧牛のピロプラズマ原虫寄生）。	 （高値） 飲水不足、脱水やルーメンアシドーシスによる血液濃縮。 	</p></body></slide><slide page="15"><body><p>肝臓機能・障害の検査項目	•  総コレステロール（T-cho）	•  γ‐グルタミルトランスペプチダーゼ	　　（ γ‐ＧＴＰ、GGT ）	•  アスパラギン酸トランスアミナーゼ（ＡＳＴ） 	</p></body></slide><slide page="16"><body><p>総コレステロール（T-cho） 	 正常値　90～250mg/dl	 高泌乳牛群では高い傾向。総合的な栄養摂取状況と肝機能を反映。	 (低値）飼料摂取量不足、栄養（濃厚飼料）不足、肝機能障害。	 (高値)油脂飼料の添加。 	</p></body></slide><slide page="17"><body><p>γ-ＧＴＰ（GGT）	 正常値　15～25IU/l	 慢性的な肝障害を意味する。	 (高値）胆汁うっ滞、薬剤性肝障害、慢性肝炎、脂肪肝。変敗・カビの発生した飼料の摂取、濃厚飼料過剰（肥育中期、泌乳中後期）、繊維不足、ルーメンアシドーシス、消化障害。	※ヒトではアルコール性肝障害で高値 	</p></body></slide><slide page="18"><body><p>GOT（AST)	 正常値　50～80IU/l	 急性の肝障害や臓器障害を意味する。	 (高値)肝臓・心臓・血液・筋肉の疾患。濃厚飼料や高タンパク飼料の過剰、変敗・カビ飼料摂取。運動器の故障。 	</p></body></slide><slide page="19"><body><p>ミネラル代謝の検査項目	•  カルシウム(Ca) 	•  無機リン(iＰ) 	•  マグネシウム（Mg） 	</p></body></slide><slide page="20"><body><p>カルシウム(Ca) 	 正常値　9～10mg/dl	 低泌乳牛群、高齢牛では低い傾向。	 低値だと起立不能や骨軟症になりやすい。	 (低値) 飼料中Caの不足、ミネラル添加剤の不足、低Ca/P比（特殊事例：リン酸カルシウムの極端な過剰添加） 	</p></body></slide><slide page="21"><body><p>無機リン(iＰ) 	 正常値　4.5～5.5mg/dl	 低泌乳牛群、高齢牛では低い傾向	 肉牛で高値だと尿石症になりやすい。	 （低値） 低泌乳、高齢牛 。	 （高値） ふすまやヌカ類の過剰、腹膜炎・創傷性疾患。 	</p></body></slide><slide page="22"><body><p>マグネシウム（Mg） 	 正常値　2.0～2.5mg/dl	 (低値)飼料のマグネシウム不足、乾物摂取量不足	</p></body></slide><slide page="23"><body><p>（参考）血液検査項目と抗凝固剤の選択	a)ヘパリンナトリウム：血液１ｍｌに対し０．０１ｍｇ	　血球数、ヘマトクリット、ヘモグロビン、含窒素成分	　などの分析に用いられる。	　（欠点）白血球の形態変化、血小板数減少、凝固検査不可	b)シュウ酸カリウム：血液１ｍｌに対し２ｍｇ	　含窒素成分の分析に用いられる。	　（欠点）白血球の形態変化、ヘマトクリット測定不可	</p></body></slide><slide page="24"><body><p>c)二重シュウ酸塩：血液１００ｍｌに対し２００ｍｇ	（重シュウ酸塩；シュウ酸カリウム／シュウ酸アンモニウム＝２：３）	　粉末のままで用いてもよいが、溶液にして 試験管に加え（１ｍｌぐらい）５５℃でゆっくり と乾燥するとよい。	　 血球数、ヘマトクリット、ヘモグロビン、網赤血球算定に用いられる。	（欠点）白血球の形態変化、含窒成分測定不可	d)クエン酸ナトリウム：血液１００ｍｌに対し５００ｍｇ	　血液凝固検査、赤沈検査に用いられる。	（欠点）化学分析には不適 	</p></body></slide><slide page="25"><body><p></p></body></slide><slide page="26"><body><p>d)フッ化ナトリウム：血液１００ｍｌに対し１０００ｍｇ 血糖検査に用いられる。 （欠点）フッ化ナトリウムは様々な酵素活性を抑制するので、酵素活性分析または酵素を分析に用いる場合には使えない。 e)ＥＤＴＡ塩：血液１００ｍｌに対し１‐１０ｇ 血液検査一般、血小板算定、アンモニア測定に用いられる。 （欠点）凝固検査には不適	</p></body></slide><slide page="27"><body><p>本日の実習内容の説明	</p></body></slide><slide page="28"><body><p>作業の概要	牛の頚静脈から採血し、ヘマトクリットを測定する。	（牛舎）	全員が１回採血する。	牛は８頭いる（１頭１～２名）。	採血者は柵の外から採血を行う。	柵への牛の保定は職員が行う。	（採血後、実験室に移動）	毛細管に血液を取り、遠心し、ヘマトクリット値を読む	</p></body></slide><slide page="29"><body><p>尾静脈からの採血もよく行われる 回し蹴りに注意！	</p></body></slide><slide page="30"><body><p>作業の安全に気を付けて！ よくある事故	 採血中に牛が動き、柵との間に手を挟まれる	　　→柵内への手の入れ方	 露出した注射針で自分や周囲の人を傷つける	　　→採血後はすみやかにキャップをする	　　　　キャップをする時は慌てずゆっくり	　　→針を持っている人の動きに注意	 飼槽の段差でつまづく	</p></body></slide><slide page="31"><body><p>牛の頚静脈からの採血の手順	１）必要なもの：ロープ、真空採血管（ヘパリンNa）、注射針（２１G、38mm）、採血針ホルダー、アルコール綿、マジック（ラベル用）	２）採血針ホルダーに注射針を装着する。針のキャップはポケット等に入れておく。続いて採血管をホルダーの半ばまで挿入する。（まだ針に刺してはならない。）	※持ち方：親指と中指でホルダーを握り、薬指と小指と手のひらで採血管を支える。	３）職員が牛の頚部下方にロープをかけて、後方から力一杯引っぱる。それによって頚静脈が浮き上がり、針を刺す部位が明瞭になる。	</p></body></slide><slide page="32"><body><p>４）針を刺す部位の皮膚をアルコール綿で消毒する。	５）採血針を、下方から斜めに血管の方向に沿って頚静脈の上の皮膚に刺し入れ、そのまま進めて血管内に到達させる。血管に針が入るとき弾力のある触感を覚える。	※牛の皮膚は厚く、刺す時はやや力を要する。	※一気に血管まで到達しようとせずに、まず皮膚のみを通過させ、つぎに方向を確認して血管に到達させてもよい。ただし、何度も押したり引いたりしてはならない（血管が傷ついて牛にダメージを与える）。	</p></body></slide><slide page="33"><body><p>採血針の刺しかた	血管	皮膚	○　多少動いても採血続行可能	×　貫通して失敗しやすい	</p></body></slide><slide page="34"><body><p>６）針が血管に入ったら、採血管をホルダーの奥に突き当たるように差し込み針を貫通させる。血液が勢いよく採血管に流入する。	※途中で血液の流入が止まったら、針が血管から抜けたか、逆に貫通してしまっているので、ゆっくり動かして正しい位置を探る。	※それでも血液が流入しない場合は、真空度が落ちてしまっているかもしれない。採血管と針を替えて最初からやり直す。	</p></body></slide><slide page="35"><body><p>７）採血管の８割程度採血ができたら、ロープを緩めてもらう。針を抜き、刺した部位のやや上方を１分間押えて止血する。（この時、揉まないこと）。	８）針にキャップをし、ホルダーからはずす。もう一方にもキャップをする。	９）採血管を静かに３‐４回反転振とうする。採血後迅速にやらないと凝固し、振とうが激しいと溶血するので注意する。ラベルが消えていないことを確認して採血管を試験管立てに置く。	実験室に移動	</p></body></slide><slide page="36"><body><p>ヘマトクリットの測定 （血球容積　Packed cell volume, PCV）	１）採血管のフタを開け、ラベルしたヘマトクリット測定用毛細管を血液に差し込む。少し傾ければ血液は自然に入ってくる。　　　 ２／３程度まで入れる。	２）血液を入れた端とは反対の端をパテに突き刺し、シールする。遠心機にパテが外側になるようにセットする。	３）毛細管を１００００rpmで３‐５分間遠心する。	４）遠心機付属の目盛盤で赤血球層長と全層長を読む。	ヘマトクリット（％）＝赤血球層長／全層長である。	</p></body></slide></presentation>
ページ: 1 -----
<slide page="1"><body><p>畜産技術論と実習Ⅱ	動物栄養科学分野担当	牛からの採血とヘマトクリット測定 </p></body></slide>
in Sheet Class, page: 1
title = ""
body = "<p>畜産技術論と実習Ⅱ	動物栄養科学分野担当	牛からの採血とヘマトクリット測定 </p>"
makeWordArrayJp
paragraph: 畜産技術論と実習Ⅱ	動物栄養科学分野担当	牛からの採血とヘマトクリット測定 
畜産 :	名詞,サ変接続,*,*,*,*,畜産,チクサン,チクサン	true	1
技術 :	名詞,一般,*,*,*,*,技術,ギジュツ,ギジュツ	true	1
実習 :	名詞,サ変接続,*,*,*,*,実習,ジッシュウ,ジッシュー	true	1
動物 :	名詞,一般,*,*,*,*,動物,ドウブツ,ドーブツ	true	1
栄養 :	名詞,一般,*,*,*,*,栄養,エイヨウ,エイヨー	true	1
科学 :	名詞,一般,*,*,*,*,科学,カガク,カガク	true	1
分野 :	名詞,一般,*,*,*,*,分野,ブンヤ,ブンヤ	true	1
担当 :	名詞,サ変接続,*,*,*,*,担当,タントウ,タントー	true	1
採血 :	名詞,サ変接続,*,*,*,*,採血,サイケツ,サイケツ	true	1
ヘマトクリット :	名詞,一般,*,*,*,*,*	false	1
測定 :	名詞,サ変接続,*,*,*,*,測定,ソクテイ,ソクテイ	true	1
ページ: 2 -----
<slide page="2"><body><p>家畜の血液検査の目的 	血液検査は	•  栄養や代謝の状態の把握	•  各種疾患の診断	　　などのために行われる。 	</p></body></slide>
in Sheet Class, page: 2
title = ""
body = "<p>家畜の血液検査の目的 	血液検査は	•  栄養や代謝の状態の把握	•  各種疾患の診断	　　などのために行われる。 	</p>"
makeWordArrayJp
paragraph: 家畜の血液検査の目的 	血液検査は	•  栄養や代謝の状態の把握	•  各種疾患の診断	　　などのために行われる。 	
家畜 :	名詞,一般,*,*,*,*,家畜,カチク,カチク	true	1
血液 :	名詞,一般,*,*,*,*,血液,ケツエキ,ケツエキ	true	1
検査 :	名詞,サ変接続,*,*,*,*,検査,ケンサ,ケンサ	true	1
目的 :	名詞,一般,*,*,*,*,目的,モクテキ,モクテキ	true	1
血液 :	名詞,一般,*,*,*,*,血液,ケツエキ,ケツエキ	true	2
検査 :	名詞,サ変接続,*,*,*,*,検査,ケンサ,ケンサ	true	2
•  :	名詞,サ変接続,*,*,*,*,*	false	1
栄養 :	名詞,一般,*,*,*,*,栄養,エイヨウ,エイヨー	true	1
代謝 :	名詞,サ変接続,*,*,*,*,代謝,タイシャ,タイシャ	true	1
状態 :	名詞,一般,*,*,*,*,状態,ジョウタイ,ジョータイ	true	1
把握 :	名詞,サ変接続,*,*,*,*,把握,ハアク,ハアク	true	1
•  :	名詞,サ変接続,*,*,*,*,*	false	2
各種 :	名詞,一般,*,*,*,*,各種,カクシュ,カクシュ	true	1
疾患 :	名詞,一般,*,*,*,*,疾患,シッカン,シッカン	true	1
診断 :	名詞,サ変接続,*,*,*,*,診断,シンダン,シンダン	true	1
ため :	名詞,非自立,副詞可能,*,*,*,ため,タメ,タメ	true	1
ページ: 3 -----
<slide page="3"><body><p>健康な状態では、栄養素や代謝産物の吸収・生成・利用・分解・排泄のバランスがとれて代謝状態は安定している。一方、その代謝状態が破綻すれば、疾病の発生や生産性（乳量や増体）の低下につながる。	前臨床段階（＝症状が出る前）には、代謝状態のバランスが乱れ、血液所見に何らかの変化を認めることが多い。 	</p></body></slide>
in Sheet Class, page: 3
title = ""
body = "<p>健康な状態では、栄養素や代謝産物の吸収・生成・利用・分解・排泄のバランスがとれて代謝状態は安定している。一方、その代謝状態が破綻すれば、疾病の発生や生産性（乳量や増体）の低下につながる。	前臨床段階（＝症状が出る前）には、代謝状態のバランスが乱れ、血液所見に何らかの変化を認めることが多い。 	</p>"
makeWordArrayJp
paragraph: 健康な状態では、栄養素や代謝産物の吸収・生成・利用・分解・排泄のバランスがとれて代謝状態は安定している。一方、その代謝状態が破綻すれば、疾病の発生や生産性（乳量や増体）の低下につながる。	前臨床段階（＝症状が出る前）には、代謝状態のバランスが乱れ、血液所見に何らかの変化を認めることが多い。 	
健康 :	名詞,形容動詞語幹,*,*,*,*,健康,ケンコウ,ケンコー	true	1
状態 :	名詞,一般,*,*,*,*,状態,ジョウタイ,ジョータイ	true	1
栄養素 :	名詞,一般,*,*,*,*,栄養素,エイヨウソ,エイヨーソ	true	1
代謝 :	名詞,サ変接続,*,*,*,*,代謝,タイシャ,タイシャ	true	1
産物 :	名詞,一般,*,*,*,*,産物,サンブツ,サンブツ	true	1
吸収 :	名詞,サ変接続,*,*,*,*,吸収,キュウシュウ,キューシュー	true	1
生成 :	名詞,サ変接続,*,*,*,*,生成,セイセイ,セイセイ	true	1
利用 :	名詞,サ変接続,*,*,*,*,利用,リヨウ,リヨー	true	1
分解 :	名詞,サ変接続,*,*,*,*,分解,ブンカイ,ブンカイ	true	1
排泄 :	名詞,サ変接続,*,*,*,*,排泄,ハイセツ,ハイセツ	true	1
バランス :	名詞,一般,*,*,*,*,バランス,バランス,バランス	true	1
代謝 :	名詞,サ変接続,*,*,*,*,代謝,タイシャ,タイシャ	true	2
状態 :	名詞,一般,*,*,*,*,状態,ジョウタイ,ジョータイ	true	2
安定 :	名詞,形容動詞語幹,*,*,*,*,安定,アンテイ,アンテイ	true	1
代謝 :	名詞,サ変接続,*,*,*,*,代謝,タイシャ,タイシャ	true	3
状態 :	名詞,一般,*,*,*,*,状態,ジョウタイ,ジョータイ	true	3
破綻 :	名詞,サ変接続,*,*,*,*,破綻,ハタン,ハタン	true	1
疾病 :	名詞,一般,*,*,*,*,疾病,シッペイ,シッペイ	true	1
発生 :	名詞,サ変接続,*,*,*,*,発生,ハッセイ,ハッセイ	true	1
生産 :	名詞,サ変接続,*,*,*,*,生産,セイサン,セイサン	true	1
低下 :	名詞,サ変接続,*,*,*,*,低下,テイカ,テイカ	true	1
臨床 :	名詞,一般,*,*,*,*,臨床,リンショウ,リンショー	true	1
段階 :	名詞,一般,*,*,*,*,段階,ダンカイ,ダンカイ	true	1
症状 :	名詞,一般,*,*,*,*,症状,ショウジョウ,ショージョー	true	1
代謝 :	名詞,サ変接続,*,*,*,*,代謝,タイシャ,タイシャ	true	4
状態 :	名詞,一般,*,*,*,*,状態,ジョウタイ,ジョータイ	true	4
バランス :	名詞,一般,*,*,*,*,バランス,バランス,バランス	true	2
血液 :	名詞,一般,*,*,*,*,血液,ケツエキ,ケツエキ	true	1
所見 :	名詞,一般,*,*,*,*,所見,ショケン,ショケン	true	1
変化 :	名詞,サ変接続,*,*,*,*,変化,ヘンカ,ヘンカ	true	1
こと :	名詞,非自立,一般,*,*,*,こと,コト,コト	true	1
ページ: 4 -----
<slide page="4"><body><p>代謝プロファイルテスト（ＭPT） 	•  牛において、特定の個体あるいは牛群から抽出した複数の個体を対象に、健康状態や代謝の状況を把握するために行う血液検査。 	•  結果をもとに、疾病の早期発見治療、飼養管理（主に飼料内容）の改善を行うことにより、牛群の健康状態や生産効率を維持向上させる。 	•  主に、獣医師や指導機関がサービスを提供	</p></body></slide>
in Sheet Class, page: 4
title = ""
body = "<p>代謝プロファイルテスト（ＭPT） 	•  牛において、特定の個体あるいは牛群から抽出した複数の個体を対象に、健康状態や代謝の状況を把握するために行う血液検査。 	•  結果をもとに、疾病の早期発見治療、飼養管理（主に飼料内容）の改善を行うことにより、牛群の健康状態や生産効率を維持向上させる。 	•  主に、獣医師や指導機関がサービスを提供	</p>"
makeWordArrayJp
paragraph: 代謝プロファイルテスト（ＭPT） 	•  牛において、特定の個体あるいは牛群から抽出した複数の個体を対象に、健康状態や代謝の状況を把握するために行う血液検査。 	•  結果をもとに、疾病の早期発見治療、飼養管理（主に飼料内容）の改善を行うことにより、牛群の健康状態や生産効率を維持向上させる。 	•  主に、獣医師や指導機関がサービスを提供	
代謝 :	名詞,サ変接続,*,*,*,*,代謝,タイシャ,タイシャ	true	1
プロファイル :	名詞,固有名詞,一般,*,*,*,プロファイル,プロファイル,プロファイル	true	1
テスト :	名詞,サ変接続,*,*,*,*,テスト,テスト,テスト	true	1
ＭPT :	名詞,固有名詞,組織,*,*,*,*	false	1
•  :	名詞,サ変接続,*,*,*,*,*	false	1
特定 :	名詞,サ変接続,*,*,*,*,特定,トクテイ,トクテイ	true	1
個体 :	名詞,一般,*,*,*,*,個体,コタイ,コタイ	true	1
抽出 :	名詞,サ変接続,*,*,*,*,抽出,チュウシュツ,チューシュツ	true	1
複数 :	名詞,一般,*,*,*,*,複数,フクスウ,フクスー	true	1
個体 :	名詞,一般,*,*,*,*,個体,コタイ,コタイ	true	2
対象 :	名詞,一般,*,*,*,*,対象,タイショウ,タイショー	true	1
健康 :	名詞,形容動詞語幹,*,*,*,*,健康,ケンコウ,ケンコー	true	1
状態 :	名詞,一般,*,*,*,*,状態,ジョウタイ,ジョータイ	true	1
代謝 :	名詞,サ変接続,*,*,*,*,代謝,タイシャ,タイシャ	true	2
状況 :	名詞,一般,*,*,*,*,状況,ジョウキョウ,ジョーキョー	true	1
把握 :	名詞,サ変接続,*,*,*,*,把握,ハアク,ハアク	true	1
ため :	名詞,非自立,副詞可能,*,*,*,ため,タメ,タメ	true	1
血液 :	名詞,一般,*,*,*,*,血液,ケツエキ,ケツエキ	true	1
検査 :	名詞,サ変接続,*,*,*,*,検査,ケンサ,ケンサ	true	1
•  :	名詞,サ変接続,*,*,*,*,*	false	2
結果 :	名詞,副詞可能,*,*,*,*,結果,ケッカ,ケッカ	true	1
もと :	名詞,一般,*,*,*,*,もと,モト,モト	true	1
疾病 :	名詞,一般,*,*,*,*,疾病,シッペイ,シッペイ	true	1
早期 :	名詞,一般,*,*,*,*,早期,ソウキ,ソーキ	true	1
発見 :	名詞,サ変接続,*,*,*,*,発見,ハッケン,ハッケン	true	1
治療 :	名詞,サ変接続,*,*,*,*,治療,チリョウ,チリョー	true	1
飼養 :	名詞,サ変接続,*,*,*,*,飼養,シヨウ,シヨー	true	1
管理 :	名詞,サ変接続,*,*,*,*,管理,カンリ,カンリ	true	1
飼料 :	名詞,一般,*,*,*,*,飼料,シリョウ,シリョー	true	1
内容 :	名詞,一般,*,*,*,*,内容,ナイヨウ,ナイヨー	true	1
改善 :	名詞,サ変接続,*,*,*,*,改善,カイゼン,カイゼン	true	1
こと :	名詞,非自立,一般,*,*,*,こと,コト,コト	true	1
健康 :	名詞,形容動詞語幹,*,*,*,*,健康,ケンコウ,ケンコー	true	2
状態 :	名詞,一般,*,*,*,*,状態,ジョウタイ,ジョータイ	true	2
生産 :	名詞,サ変接続,*,*,*,*,生産,セイサン,セイサン	true	1
効率 :	名詞,一般,*,*,*,*,効率,コウリツ,コーリツ	true	1
維持 :	名詞,サ変接続,*,*,*,*,維持,イジ,イジ	true	1
向上 :	名詞,サ変接続,*,*,*,*,向上,コウジョウ,コージョー	true	1
•  :	名詞,サ変接続,*,*,*,*,*	false	3
医師 :	名詞,一般,*,*,*,*,医師,イシ,イシ	true	1
指導 :	名詞,サ変接続,*,*,*,*,指導,シドウ,シドー	true	1
機関 :	名詞,一般,*,*,*,*,機関,キカン,キカン	true	1
サービス :	名詞,サ変接続,*,*,*,*,サービス,サービス,サービス	true	1
提供 :	名詞,サ変接続,*,*,*,*,提供,テイキョウ,テイキョー	true	1
ページ: 5 -----
<slide page="5"><body><p>検査牛の選抜とデータの評価	MPTでは、既に臨床症状のある疾患牛は	採血の対象から外す。	一般の臨床検査	サンプルの平均値±2SD（SD＝標準偏差）	すなわち全体の95％に入らなければ異常値	ＭPT	前臨床状態の異常を検出するため	平均値±1～1.3SDの範囲を正常範囲とする。 	</p></body></slide>
in Sheet Class, page: 5
title = ""
body = "<p>検査牛の選抜とデータの評価	MPTでは、既に臨床症状のある疾患牛は	採血の対象から外す。	一般の臨床検査	サンプルの平均値±2SD（SD＝標準偏差）	すなわち全体の95％に入らなければ異常値	ＭPT	前臨床状態の異常を検出するため	平均値±1～1.3SDの範囲を正常範囲とする。 	</p>"
makeWordArrayJp
paragraph: 検査牛の選抜とデータの評価	MPTでは、既に臨床症状のある疾患牛は	採血の対象から外す。	一般の臨床検査	サンプルの平均値±2SD（SD＝標準偏差）	すなわち全体の95％に入らなければ異常値	ＭPT	前臨床状態の異常を検出するため	平均値±1～1.3SDの範囲を正常範囲とする。 	
検査 :	名詞,サ変接続,*,*,*,*,検査,ケンサ,ケンサ	true	1
選抜 :	名詞,サ変接続,*,*,*,*,選抜,センバツ,センバツ	true	1
データ :	名詞,一般,*,*,*,*,データ,データ,データ	true	1
評価 :	名詞,サ変接続,*,*,*,*,評価,ヒョウカ,ヒョーカ	true	1
MPT :	名詞,一般,*,*,*,*,*	false	1
臨床 :	名詞,一般,*,*,*,*,臨床,リンショウ,リンショー	true	1
症状 :	名詞,一般,*,*,*,*,症状,ショウジョウ,ショージョー	true	1
疾患 :	名詞,一般,*,*,*,*,疾患,シッカン,シッカン	true	1
採血 :	名詞,サ変接続,*,*,*,*,採血,サイケツ,サイケツ	true	1
対象 :	名詞,一般,*,*,*,*,対象,タイショウ,タイショー	true	1
一般 :	名詞,一般,*,*,*,*,一般,イッパン,イッパン	true	1
臨床 :	名詞,一般,*,*,*,*,臨床,リンショウ,リンショー	true	2
検査 :	名詞,サ変接続,*,*,*,*,検査,ケンサ,ケンサ	true	2
サンプル :	名詞,一般,*,*,*,*,サンプル,サンプル,サンプル	true	1
平均 :	名詞,サ変接続,*,*,*,*,平均,ヘイキン,ヘイキン	true	1
SD :	名詞,一般,*,*,*,*,*	false	1
SD :	名詞,固有名詞,組織,*,*,*,*	false	2
標準 :	名詞,一般,*,*,*,*,標準,ヒョウジュン,ヒョージュン	true	1
偏差 :	名詞,一般,*,*,*,*,偏差,ヘンサ,ヘンサ	true	1
全体 :	名詞,副詞可能,*,*,*,*,全体,ゼンタイ,ゼンタイ	true	1
異常 :	名詞,形容動詞語幹,*,*,*,*,異常,イジョウ,イジョー	true	1
ＭPT :	名詞,固有名詞,組織,*,*,*,*	false	1
臨床 :	名詞,一般,*,*,*,*,臨床,リンショウ,リンショー	true	3
状態 :	名詞,一般,*,*,*,*,状態,ジョウタイ,ジョータイ	true	1
異常 :	名詞,形容動詞語幹,*,*,*,*,異常,イジョウ,イジョー	true	2
検出 :	名詞,サ変接続,*,*,*,*,検出,ケンシュツ,ケンシュツ	true	1
ため :	名詞,非自立,副詞可能,*,*,*,ため,タメ,タメ	true	1
平均 :	名詞,サ変接続,*,*,*,*,平均,ヘイキン,ヘイキン	true	2
SD :	名詞,一般,*,*,*,*,*	false	3
範囲 :	名詞,一般,*,*,*,*,範囲,ハンイ,ハンイ	true	1
正常 :	名詞,形容動詞語幹,*,*,*,*,正常,セイジョウ,セイジョー	true	1
範囲 :	名詞,一般,*,*,*,*,範囲,ハンイ,ハンイ	true	2
ページ: 6 -----
<slide page="6"><body><p>代表的なMPTの検査項目	 エネルギー代謝関連 　　　グルコース、遊離脂肪酸、β‐ヒドロキシ酪酸  タンパク質代謝関連 　　　尿素窒素 、アルブミン、ヘマトクリット 	 肝臓機能関連	　　　総コレステロール、γ‐グルタミルトランスペプチダーゼ、グルタミン酸オキサロ酢酸トランスアミナーゼ	 ミネラル代謝関連	　　　カルシウム、無機リン、マグネシウム	 ビタミンA（肥育牛）	</p></body></slide>
in Sheet Class, page: 6
title = ""
body = "<p>代表的なMPTの検査項目	 エネルギー代謝関連 　　　グルコース、遊離脂肪酸、β‐ヒドロキシ酪酸  タンパク質代謝関連 　　　尿素窒素 、アルブミン、ヘマトクリット 	 肝臓機能関連	　　　総コレステロール、γ‐グルタミルトランスペプチダーゼ、グルタミン酸オキサロ酢酸トランスアミナーゼ	 ミネラル代謝関連	　　　カルシウム、無機リン、マグネシウム	 ビタミンA（肥育牛）	</p>"
makeWordArrayJp
paragraph: 代表的なMPTの検査項目	 エネルギー代謝関連 　　　グルコース、遊離脂肪酸、β‐ヒドロキシ酪酸  タンパク質代謝関連 　　　尿素窒素 、アルブミン、ヘマトクリット 	 肝臓機能関連	　　　総コレステロール、γ‐グルタミルトランスペプチダーゼ、グルタミン酸オキサロ酢酸トランスアミナーゼ	 ミネラル代謝関連	　　　カルシウム、無機リン、マグネシウム	 ビタミンA（肥育牛）	
代表 :	名詞,サ変接続,*,*,*,*,代表,ダイヒョウ,ダイヒョー	true	1
MPT :	名詞,一般,*,*,*,*,*	false	1
検査 :	名詞,サ変接続,*,*,*,*,検査,ケンサ,ケンサ	true	1
項目 :	名詞,一般,*,*,*,*,項目,コウモク,コーモク	true	1
エネルギー :	名詞,一般,*,*,*,*,エネルギー,エネルギー,エネルギー	true	1
代謝 :	名詞,サ変接続,*,*,*,*,代謝,タイシャ,タイシャ	true	1
関連 :	名詞,サ変接続,*,*,*,*,関連,カンレン,カンレン	true	1
グルコース :	名詞,一般,*,*,*,*,*	false	1
遊離 :	名詞,サ変接続,*,*,*,*,遊離,ユウリ,ユーリ	true	1
脂肪酸 :	名詞,一般,*,*,*,*,脂肪酸,シボウサン,シボーサン	true	1
ヒドロキシ :	名詞,一般,*,*,*,*,*	false	1
タンパク質 :	名詞,一般,*,*,*,*,タンパク質,タンパクシツ,タンパクシツ	true	1
代謝 :	名詞,サ変接続,*,*,*,*,代謝,タイシャ,タイシャ	true	2
関連 :	名詞,サ変接続,*,*,*,*,関連,カンレン,カンレン	true	2
尿素 :	名詞,一般,*,*,*,*,尿素,ニョウソ,ニョーソ	true	1
窒素 :	名詞,一般,*,*,*,*,窒素,チッソ,チッソ	true	1
アルブミン :	名詞,一般,*,*,*,*,*	false	1
ヘマトクリット :	名詞,一般,*,*,*,*,*	false	1
肝臓 :	名詞,一般,*,*,*,*,肝臓,カンゾウ,カンゾー	true	1
機能 :	名詞,サ変接続,*,*,*,*,機能,キノウ,キノー	true	1
関連 :	名詞,サ変接続,*,*,*,*,関連,カンレン,カンレン	true	3
コレステロール :	名詞,一般,*,*,*,*,コレステロール,コレステロール,コレステロール	true	1
グルタミルトランスペプチダーゼ :	名詞,固有名詞,組織,*,*,*,*	false	1
グルタミン酸 :	名詞,一般,*,*,*,*,グルタミン酸,グルタミンサン,グルタミンサン	true	1
オキサロ :	名詞,一般,*,*,*,*,*	false	1
酢酸 :	名詞,一般,*,*,*,*,酢酸,サクサン,サクサン	true	1
トランスアミナーゼ :	名詞,一般,*,*,*,*,*	false	1
ミネラル :	名詞,一般,*,*,*,*,ミネラル,ミネラル,ミネラル	true	1
代謝 :	名詞,サ変接続,*,*,*,*,代謝,タイシャ,タイシャ	true	3
関連 :	名詞,サ変接続,*,*,*,*,関連,カンレン,カンレン	true	4
カルシウム :	名詞,一般,*,*,*,*,カルシウム,カルシウム,カルシューム	true	1
無機 :	名詞,一般,*,*,*,*,無機,ムキ,ムキ	true	1
リン :	名詞,一般,*,*,*,*,リン,リン,リン	true	1
マグネシウム :	名詞,一般,*,*,*,*,マグネシウム,マグネシウム,マグネシューム	true	1
ビタミン :	名詞,一般,*,*,*,*,ビタミン,ビタミン,ビタミン	true	1
肥育 :	名詞,一般,*,*,*,*,肥育,ヒイク,ヒイク	true	1
ページ: 7 -----
<slide page="7"><body><p>エネルギー代謝の検査項目	•  グルコース（Glu）	•  遊離脂肪酸（NEFA）	•  β‐ヒドロキシ酪酸（BHB、BHBA）	</p></body></slide>
in Sheet Class, page: 7
title = ""
body = "<p>エネルギー代謝の検査項目	•  グルコース（Glu）	•  遊離脂肪酸（NEFA）	•  β‐ヒドロキシ酪酸（BHB、BHBA）	</p>"
makeWordArrayJp
paragraph: エネルギー代謝の検査項目	•  グルコース（Glu）	•  遊離脂肪酸（NEFA）	•  β‐ヒドロキシ酪酸（BHB、BHBA）	
エネルギー :	名詞,一般,*,*,*,*,エネルギー,エネルギー,エネルギー	true	1
代謝 :	名詞,サ変接続,*,*,*,*,代謝,タイシャ,タイシャ	true	1
検査 :	名詞,サ変接続,*,*,*,*,検査,ケンサ,ケンサ	true	1
項目 :	名詞,一般,*,*,*,*,項目,コウモク,コーモク	true	1
•  :	名詞,サ変接続,*,*,*,*,*	false	1
グルコース :	名詞,一般,*,*,*,*,*	false	1
Glu :	名詞,固有名詞,組織,*,*,*,*	false	1
•  :	名詞,サ変接続,*,*,*,*,*	false	2
遊離 :	名詞,サ変接続,*,*,*,*,遊離,ユウリ,ユーリ	true	1
脂肪酸 :	名詞,一般,*,*,*,*,脂肪酸,シボウサン,シボーサン	true	1
NEFA :	名詞,固有名詞,組織,*,*,*,*	false	1
•  :	名詞,サ変接続,*,*,*,*,*	false	3
ヒドロキシ :	名詞,一般,*,*,*,*,*	false	1
BHB :	名詞,固有名詞,組織,*,*,*,*	false	1
BHBA :	名詞,固有名詞,組織,*,*,*,*	false	1
ページ: 8 -----
<slide page="8"><body><p>グルコース(Glu)	 正常値　60-69 mg/dl	 高泌乳牛群では高い傾向。厳冬で高値	   (低値)重度エネルギー不足 （濃厚飼料不足、粗飼料が低品質）。ケトーシス、第四胃変位。	 (高値)飼養管理（環境）の急変、濃厚飼料やコーンサイレージの過剰摂取、繊維不足、ルーメンアシドーシス。 	※“過剰摂取”の原因は、過給だけでなく、　　　盗食や給餌器の故障もあり得る	</p></body></slide>
in Sheet Class, page: 8
title = ""
body = "<p>グルコース(Glu)	 正常値　60-69 mg/dl	 高泌乳牛群では高い傾向。厳冬で高値	   (低値)重度エネルギー不足 （濃厚飼料不足、粗飼料が低品質）。ケトーシス、第四胃変位。	 (高値)飼養管理（環境）の急変、濃厚飼料やコーンサイレージの過剰摂取、繊維不足、ルーメンアシドーシス。 	※“過剰摂取”の原因は、過給だけでなく、　　　盗食や給餌器の故障もあり得る	</p>"
makeWordArrayJp
paragraph: グルコース(Glu)	 正常値　60-69 mg/dl	 高泌乳牛群では高い傾向。厳冬で高値	   (低値)重度エネルギー不足 （濃厚飼料不足、粗飼料が低品質）。ケトーシス、第四胃変位。	 (高値)飼養管理（環境）の急変、濃厚飼料やコーンサイレージの過剰摂取、繊維不足、ルーメンアシドーシス。 	※“過剰摂取”の原因は、過給だけでなく、　　　盗食や給餌器の故障もあり得る	
グルコース :	名詞,一般,*,*,*,*,*	false	1
Glu :	名詞,一般,*,*,*,*,*	false	1
正常 :	名詞,形容動詞語幹,*,*,*,*,正常,セイジョウ,セイジョー	true	1
mg :	名詞,固有名詞,組織,*,*,*,*	false	1
dl :	名詞,固有名詞,組織,*,*,*,*	false	1
乳牛 :	名詞,一般,*,*,*,*,乳牛,ニュウギュウ,ニューギュー	true	1
傾向 :	名詞,一般,*,*,*,*,傾向,ケイコウ,ケイコー	true	1
厳冬 :	名詞,一般,*,*,*,*,厳冬,ゲントウ,ゲントー	true	1
高値 :	名詞,一般,*,*,*,*,高値,タカネ,タカネ	true	1
重度 :	名詞,一般,*,*,*,*,重度,ジュウド,ジュード	true	1
エネルギー :	名詞,一般,*,*,*,*,エネルギー,エネルギー,エネルギー	true	1
不足 :	名詞,サ変接続,*,*,*,*,不足,フソク,フソク	true	1
濃厚 :	名詞,形容動詞語幹,*,*,*,*,濃厚,ノウコウ,ノーコー	true	1
飼料 :	名詞,一般,*,*,*,*,飼料,シリョウ,シリョー	true	1
不足 :	名詞,サ変接続,*,*,*,*,不足,フソク,フソク	true	2
飼料 :	名詞,一般,*,*,*,*,飼料,シリョウ,シリョー	true	2
品質 :	名詞,一般,*,*,*,*,品質,ヒンシツ,ヒンシツ	true	1
ケトーシス :	名詞,一般,*,*,*,*,*	false	1
変位 :	名詞,サ変接続,*,*,*,*,変位,ヘンイ,ヘンイ	true	1
 ( :	名詞,サ変接続,*,*,*,*,*	false	1
高値 :	名詞,一般,*,*,*,*,高値,タカネ,タカネ	true	2
飼養 :	名詞,サ変接続,*,*,*,*,飼養,シヨウ,シヨー	true	1
管理 :	名詞,サ変接続,*,*,*,*,管理,カンリ,カンリ	true	1
環境 :	名詞,一般,*,*,*,*,環境,カンキョウ,カンキョー	true	1
急変 :	名詞,サ変接続,*,*,*,*,急変,キュウヘン,キューヘン	true	1
濃厚 :	名詞,形容動詞語幹,*,*,*,*,濃厚,ノウコウ,ノーコー	true	2
飼料 :	名詞,一般,*,*,*,*,飼料,シリョウ,シリョー	true	3
コーン :	名詞,一般,*,*,*,*,コーン,コーン,コーン	true	1
サイレージ :	名詞,一般,*,*,*,*,サイレージ,サイレージ,サイレージ	true	1
過剰 :	名詞,形容動詞語幹,*,*,*,*,過剰,カジョウ,カジョー	true	1
摂取 :	名詞,サ変接続,*,*,*,*,摂取,セッシュ,セッシュ	true	1
繊維 :	名詞,一般,*,*,*,*,繊維,センイ,センイ	true	1
不足 :	名詞,サ変接続,*,*,*,*,不足,フソク,フソク	true	3
ルーメン :	名詞,一般,*,*,*,*,ルーメン,ルーメン,ルーメン	true	1
アシドーシス :	名詞,一般,*,*,*,*,*	false	1
過剰 :	名詞,形容動詞語幹,*,*,*,*,過剰,カジョウ,カジョー	true	2
摂取 :	名詞,サ変接続,*,*,*,*,摂取,セッシュ,セッシュ	true	2
原因 :	名詞,一般,*,*,*,*,原因,ゲンイン,ゲンイン	true	1
給餌 :	名詞,一般,*,*,*,*,給餌,キュウジ,キュージ	true	1
故障 :	名詞,サ変接続,*,*,*,*,故障,コショウ,コショー	true	1
ページ: 9 -----
<slide page="9"><body><p>遊離脂肪酸(NEFA) 	 正常値　200μEq/l以下	 エネルギー不足による体脂肪動員。	 高泌乳牛群では高い傾向。周産期の高値はケトーシスや脂肪肝のリスクが高まる。	 (高値)エネルギー不足（乾物摂取量不足）、第四胃変位。 	</p></body></slide>
in Sheet Class, page: 9
title = ""
body = "<p>遊離脂肪酸(NEFA) 	 正常値　200μEq/l以下	 エネルギー不足による体脂肪動員。	 高泌乳牛群では高い傾向。周産期の高値はケトーシスや脂肪肝のリスクが高まる。	 (高値)エネルギー不足（乾物摂取量不足）、第四胃変位。 	</p>"
makeWordArrayJp
paragraph: 遊離脂肪酸(NEFA) 	 正常値　200μEq/l以下	 エネルギー不足による体脂肪動員。	 高泌乳牛群では高い傾向。周産期の高値はケトーシスや脂肪肝のリスクが高まる。	 (高値)エネルギー不足（乾物摂取量不足）、第四胃変位。 	
遊離 :	名詞,サ変接続,*,*,*,*,遊離,ユウリ,ユーリ	true	1
脂肪酸 :	名詞,一般,*,*,*,*,脂肪酸,シボウサン,シボーサン	true	1
NEFA :	名詞,一般,*,*,*,*,*	false	1
正常 :	名詞,形容動詞語幹,*,*,*,*,正常,セイジョウ,セイジョー	true	1
Eq :	名詞,一般,*,*,*,*,*	false	1
以下 :	名詞,非自立,副詞可能,*,*,*,以下,イカ,イカ	true	1
エネルギー :	名詞,一般,*,*,*,*,エネルギー,エネルギー,エネルギー	true	1
不足 :	名詞,サ変接続,*,*,*,*,不足,フソク,フソク	true	1
脂肪 :	名詞,一般,*,*,*,*,脂肪,シボウ,シボー	true	1
動員 :	名詞,サ変接続,*,*,*,*,動員,ドウイン,ドーイン	true	1
乳牛 :	名詞,一般,*,*,*,*,乳牛,ニュウギュウ,ニューギュー	true	1
傾向 :	名詞,一般,*,*,*,*,傾向,ケイコウ,ケイコー	true	1
高値 :	名詞,一般,*,*,*,*,高値,タカネ,タカネ	true	1
ケトーシス :	名詞,一般,*,*,*,*,*	false	1
脂肪 :	名詞,一般,*,*,*,*,脂肪,シボウ,シボー	true	2
リスク :	名詞,一般,*,*,*,*,リスク,リスク,リスク	true	1
 ( :	名詞,サ変接続,*,*,*,*,*	false	1
高値 :	名詞,一般,*,*,*,*,高値,タカネ,タカネ	true	2
エネルギー :	名詞,一般,*,*,*,*,エネルギー,エネルギー,エネルギー	true	2
不足 :	名詞,サ変接続,*,*,*,*,不足,フソク,フソク	true	2
乾物 :	名詞,一般,*,*,*,*,乾物,カンブツ,カンブツ	true	1
摂取 :	名詞,サ変接続,*,*,*,*,摂取,セッシュ,セッシュ	true	1
不足 :	名詞,サ変接続,*,*,*,*,不足,フソク,フソク	true	3
変位 :	名詞,サ変接続,*,*,*,*,変位,ヘンイ,ヘンイ	true	1
ページ: 10 -----
<slide page="10"><body><p>β‐ヒドロキシ酪酸（BHBまたはBHBＡ）	 泌乳初期の平均値770 μＭ	 １２００μＭ以上でケトーシスと診断	 臨床性ケトーシスの症状：元気消失、乳量減少、反芻しない、食滞	 ケトン体の１つ。肝臓で脂肪酸から生成するアセチルCoAがTCA回路に利用されないとケトン体に変化する。	 泌乳初期には体脂肪動員が起こり、遊離脂肪酸が肝臓に大量に流入するため、ケトーシスになりやすい。（特に過肥の牛や高泌乳牛）	</p></body></slide>
in Sheet Class, page: 10
title = ""
body = "<p>β‐ヒドロキシ酪酸（BHBまたはBHBＡ）	 泌乳初期の平均値770 μＭ	 １２００μＭ以上でケトーシスと診断	 臨床性ケトーシスの症状：元気消失、乳量減少、反芻しない、食滞	 ケトン体の１つ。肝臓で脂肪酸から生成するアセチルCoAがTCA回路に利用されないとケトン体に変化する。	 泌乳初期には体脂肪動員が起こり、遊離脂肪酸が肝臓に大量に流入するため、ケトーシスになりやすい。（特に過肥の牛や高泌乳牛）	</p>"
makeWordArrayJp
paragraph: β‐ヒドロキシ酪酸（BHBまたはBHBＡ）	 泌乳初期の平均値770 μＭ	 １２００μＭ以上でケトーシスと診断	 臨床性ケトーシスの症状：元気消失、乳量減少、反芻しない、食滞	 ケトン体の１つ。肝臓で脂肪酸から生成するアセチルCoAがTCA回路に利用されないとケトン体に変化する。	 泌乳初期には体脂肪動員が起こり、遊離脂肪酸が肝臓に大量に流入するため、ケトーシスになりやすい。（特に過肥の牛や高泌乳牛）	
ヒドロキシ :	名詞,一般,*,*,*,*,*	false	1
BHB :	名詞,一般,*,*,*,*,*	false	1
BHBＡ :	名詞,一般,*,*,*,*,*	false	1
初期 :	名詞,一般,*,*,*,*,初期,ショキ,ショキ	true	1
平均 :	名詞,サ変接続,*,*,*,*,平均,ヘイキン,ヘイキン	true	1
以上 :	名詞,非自立,副詞可能,*,*,*,以上,イジョウ,イジョー	true	1
ケトーシス :	名詞,一般,*,*,*,*,*	false	1
診断 :	名詞,サ変接続,*,*,*,*,診断,シンダン,シンダン	true	1
臨床 :	名詞,一般,*,*,*,*,臨床,リンショウ,リンショー	true	1
ケトーシス :	名詞,一般,*,*,*,*,*	false	2
症状 :	名詞,一般,*,*,*,*,症状,ショウジョウ,ショージョー	true	1
元気 :	名詞,形容動詞語幹,*,*,*,*,元気,ゲンキ,ゲンキ	true	1
消失 :	名詞,サ変接続,*,*,*,*,消失,ショウシツ,ショーシツ	true	1
減少 :	名詞,サ変接続,*,*,*,*,減少,ゲンショウ,ゲンショー	true	1
反芻 :	名詞,サ変接続,*,*,*,*,反芻,ハンスウ,ハンスー	true	1
ケトン :	名詞,一般,*,*,*,*,*	false	1
１つ :	名詞,一般,*,*,*,*,１つ,ヒトツ,ヒトツ	true	1
肝臓 :	名詞,一般,*,*,*,*,肝臓,カンゾウ,カンゾー	true	1
脂肪酸 :	名詞,一般,*,*,*,*,脂肪酸,シボウサン,シボーサン	true	1
生成 :	名詞,サ変接続,*,*,*,*,生成,セイセイ,セイセイ	true	1
アセチル :	名詞,一般,*,*,*,*,*	false	1
CoA :	名詞,一般,*,*,*,*,*	false	1
TCA :	名詞,一般,*,*,*,*,*	false	1
回路 :	名詞,一般,*,*,*,*,回路,カイロ,カイロ	true	1
利用 :	名詞,サ変接続,*,*,*,*,利用,リヨウ,リヨー	true	1
ケトン :	名詞,一般,*,*,*,*,*	false	2
変化 :	名詞,サ変接続,*,*,*,*,変化,ヘンカ,ヘンカ	true	1
初期 :	名詞,一般,*,*,*,*,初期,ショキ,ショキ	true	2
脂肪 :	名詞,一般,*,*,*,*,脂肪,シボウ,シボー	true	1
動員 :	名詞,サ変接続,*,*,*,*,動員,ドウイン,ドーイン	true	1
遊離 :	名詞,サ変接続,*,*,*,*,遊離,ユウリ,ユーリ	true	1
脂肪酸 :	名詞,一般,*,*,*,*,脂肪酸,シボウサン,シボーサン	true	2
肝臓 :	名詞,一般,*,*,*,*,肝臓,カンゾウ,カンゾー	true	2
大量 :	名詞,形容動詞語幹,*,*,*,*,大量,タイリョウ,タイリョー	true	1
流入 :	名詞,サ変接続,*,*,*,*,流入,リュウニュウ,リューニュー	true	1
ため :	名詞,非自立,副詞可能,*,*,*,ため,タメ,タメ	true	1
ケトーシス :	名詞,一般,*,*,*,*,*	false	3
乳牛 :	名詞,一般,*,*,*,*,乳牛,ニュウギュウ,ニューギュー	true	1
ページ: 11 -----
<slide page="11"><body><p>タンパク質代謝の検査項目	•  尿素窒素(BUN) 	•  アルブミン(Alb) 	•  ヘマトクリット(Ｈｔ、Hct) 	</p></body></slide>
in Sheet Class, page: 11
title = ""
body = "<p>タンパク質代謝の検査項目	•  尿素窒素(BUN) 	•  アルブミン(Alb) 	•  ヘマトクリット(Ｈｔ、Hct) 	</p>"
makeWordArrayJp
paragraph: タンパク質代謝の検査項目	•  尿素窒素(BUN) 	•  アルブミン(Alb) 	•  ヘマトクリット(Ｈｔ、Hct) 	
タンパク質 :	名詞,一般,*,*,*,*,タンパク質,タンパクシツ,タンパクシツ	true	1
代謝 :	名詞,サ変接続,*,*,*,*,代謝,タイシャ,タイシャ	true	1
検査 :	名詞,サ変接続,*,*,*,*,検査,ケンサ,ケンサ	true	1
項目 :	名詞,一般,*,*,*,*,項目,コウモク,コーモク	true	1
•  :	名詞,サ変接続,*,*,*,*,*	false	1
尿素 :	名詞,一般,*,*,*,*,尿素,ニョウソ,ニョーソ	true	1
窒素 :	名詞,一般,*,*,*,*,窒素,チッソ,チッソ	true	1
BUN :	名詞,一般,*,*,*,*,*	false	1
•  :	名詞,サ変接続,*,*,*,*,*	false	2
アルブミン :	名詞,一般,*,*,*,*,*	false	1
Alb :	名詞,一般,*,*,*,*,*	false	1
•  :	名詞,サ変接続,*,*,*,*,*	false	3
ヘマトクリット :	名詞,一般,*,*,*,*,*	false	1
Hct :	名詞,固有名詞,組織,*,*,*,*	false	1
ページ: 12 -----
<slide page="12"><body><p>尿素窒素(BUN) 	 正常値　11～20mg/dl	 高泌乳牛群では高い傾向。ルーメンでの分解性タンパク質とエネルギー（易発酵性炭水化物、主にデンプン）とのバランス、つまりルーメン微生物のアンモニアの利用効率を反映。	 高値だと、繁殖性特にET受胎率が低下する。	 (低値) 低タンパク質飼料、高エネルギー飼料、牧草の低品質。夏場の水分過剰摂取。	 (高値) 溶解性タンパク質過剰、低エネルギー飼料、マメ科牧草やタンパク質飼料の単一給与や飼料給与順序。腎機能障害、脱水。 	</p></body></slide>
in Sheet Class, page: 12
title = ""
body = "<p>尿素窒素(BUN) 	 正常値　11～20mg/dl	 高泌乳牛群では高い傾向。ルーメンでの分解性タンパク質とエネルギー（易発酵性炭水化物、主にデンプン）とのバランス、つまりルーメン微生物のアンモニアの利用効率を反映。	 高値だと、繁殖性特にET受胎率が低下する。	 (低値) 低タンパク質飼料、高エネルギー飼料、牧草の低品質。夏場の水分過剰摂取。	 (高値) 溶解性タンパク質過剰、低エネルギー飼料、マメ科牧草やタンパク質飼料の単一給与や飼料給与順序。腎機能障害、脱水。 	</p>"
makeWordArrayJp
paragraph: 尿素窒素(BUN) 	 正常値　11～20mg/dl	 高泌乳牛群では高い傾向。ルーメンでの分解性タンパク質とエネルギー（易発酵性炭水化物、主にデンプン）とのバランス、つまりルーメン微生物のアンモニアの利用効率を反映。	 高値だと、繁殖性特にET受胎率が低下する。	 (低値) 低タンパク質飼料、高エネルギー飼料、牧草の低品質。夏場の水分過剰摂取。	 (高値) 溶解性タンパク質過剰、低エネルギー飼料、マメ科牧草やタンパク質飼料の単一給与や飼料給与順序。腎機能障害、脱水。 	
尿素 :	名詞,一般,*,*,*,*,尿素,ニョウソ,ニョーソ	true	1
窒素 :	名詞,一般,*,*,*,*,窒素,チッソ,チッソ	true	1
BUN :	名詞,一般,*,*,*,*,*	false	1
正常 :	名詞,形容動詞語幹,*,*,*,*,正常,セイジョウ,セイジョー	true	1
mg :	名詞,一般,*,*,*,*,*	false	1
dl :	名詞,固有名詞,組織,*,*,*,*	false	1
乳牛 :	名詞,一般,*,*,*,*,乳牛,ニュウギュウ,ニューギュー	true	1
傾向 :	名詞,一般,*,*,*,*,傾向,ケイコウ,ケイコー	true	1
ルーメン :	名詞,一般,*,*,*,*,ルーメン,ルーメン,ルーメン	true	1
分解 :	名詞,サ変接続,*,*,*,*,分解,ブンカイ,ブンカイ	true	1
タンパク質 :	名詞,一般,*,*,*,*,タンパク質,タンパクシツ,タンパクシツ	true	1
エネルギー :	名詞,一般,*,*,*,*,エネルギー,エネルギー,エネルギー	true	1
発酵 :	名詞,サ変接続,*,*,*,*,発酵,ハッコウ,ハッコー	true	1
炭水化物 :	名詞,一般,*,*,*,*,炭水化物,タンスイカブツ,タンスイカブツ	true	1
デンプン :	名詞,一般,*,*,*,*,*	false	1
バランス :	名詞,一般,*,*,*,*,バランス,バランス,バランス	true	1
ルーメン :	名詞,一般,*,*,*,*,ルーメン,ルーメン,ルーメン	true	2
微生物 :	名詞,一般,*,*,*,*,微生物,ビセイブツ,ビセイブツ	true	1
アンモニア :	名詞,一般,*,*,*,*,アンモニア,アンモニア,アンモニア	true	1
利用 :	名詞,サ変接続,*,*,*,*,利用,リヨウ,リヨー	true	1
効率 :	名詞,一般,*,*,*,*,効率,コウリツ,コーリツ	true	1
反映 :	名詞,サ変接続,*,*,*,*,反映,ハンエイ,ハンエイ	true	1
高値 :	名詞,一般,*,*,*,*,高値,タカネ,タカネ	true	1
繁殖 :	名詞,サ変接続,*,*,*,*,繁殖,ハンショク,ハンショク	true	1
ET :	名詞,一般,*,*,*,*,*	false	1
受胎 :	名詞,サ変接続,*,*,*,*,受胎,ジュタイ,ジュタイ	true	1
低下 :	名詞,サ変接続,*,*,*,*,低下,テイカ,テイカ	true	1
 ( :	名詞,サ変接続,*,*,*,*,*	false	1
タンパク質 :	名詞,一般,*,*,*,*,タンパク質,タンパクシツ,タンパクシツ	true	2
飼料 :	名詞,一般,*,*,*,*,飼料,シリョウ,シリョー	true	1
エネルギー :	名詞,一般,*,*,*,*,エネルギー,エネルギー,エネルギー	true	2
飼料 :	名詞,一般,*,*,*,*,飼料,シリョウ,シリョー	true	2
牧草 :	名詞,一般,*,*,*,*,牧草,ボクソウ,ボクソー	true	1
品質 :	名詞,一般,*,*,*,*,品質,ヒンシツ,ヒンシツ	true	1
夏場 :	名詞,一般,*,*,*,*,夏場,ナツバ,ナツバ	true	1
水分 :	名詞,一般,*,*,*,*,水分,スイブン,スイブン	true	1
過剰 :	名詞,形容動詞語幹,*,*,*,*,過剰,カジョウ,カジョー	true	1
摂取 :	名詞,サ変接続,*,*,*,*,摂取,セッシュ,セッシュ	true	1
 ( :	名詞,サ変接続,*,*,*,*,*	false	2
高値 :	名詞,一般,*,*,*,*,高値,タカネ,タカネ	true	2
溶解 :	名詞,サ変接続,*,*,*,*,溶解,ヨウカイ,ヨーカイ	true	1
タンパク質 :	名詞,一般,*,*,*,*,タンパク質,タンパクシツ,タンパクシツ	true	3
過剰 :	名詞,形容動詞語幹,*,*,*,*,過剰,カジョウ,カジョー	true	2
エネルギー :	名詞,一般,*,*,*,*,エネルギー,エネルギー,エネルギー	true	3
飼料 :	名詞,一般,*,*,*,*,飼料,シリョウ,シリョー	true	3
マメ :	名詞,一般,*,*,*,*,マメ,マメ,マメ	true	1
牧草 :	名詞,一般,*,*,*,*,牧草,ボクソウ,ボクソー	true	2
タンパク質 :	名詞,一般,*,*,*,*,タンパク質,タンパクシツ,タンパクシツ	true	4
飼料 :	名詞,一般,*,*,*,*,飼料,シリョウ,シリョー	true	4
単一 :	名詞,一般,*,*,*,*,単一,タンイツ,タンイツ	true	1
給与 :	名詞,サ変接続,*,*,*,*,給与,キュウヨ,キューヨ	true	1
飼料 :	名詞,一般,*,*,*,*,飼料,シリョウ,シリョー	true	5
給与 :	名詞,サ変接続,*,*,*,*,給与,キュウヨ,キューヨ	true	2
順序 :	名詞,一般,*,*,*,*,順序,ジュンジョ,ジュンジョ	true	1
機能 :	名詞,サ変接続,*,*,*,*,機能,キノウ,キノー	true	1
障害 :	名詞,一般,*,*,*,*,障害,ショウガイ,ショーガイ	true	1
脱水 :	名詞,サ変接続,*,*,*,*,脱水,ダッスイ,ダッスイ	true	1
ページ: 13 -----
<slide page="13"><body><p>アルブミン(Alb) 	 正常値　3.5～4.2g/dl	 長期的な栄養（特に吸収タンパク）摂取状況を反映。高泌乳牛群では高い傾向。	 (低値)低タンパク飼料、デンプン過剰。脂肪肝、肝機能低下、下痢、腎炎。	 (高値)濃厚飼料過剰、繊維不足、Na過剰（醤油粕給与など）	</p></body></slide>
in Sheet Class, page: 13
title = ""
body = "<p>アルブミン(Alb) 	 正常値　3.5～4.2g/dl	 長期的な栄養（特に吸収タンパク）摂取状況を反映。高泌乳牛群では高い傾向。	 (低値)低タンパク飼料、デンプン過剰。脂肪肝、肝機能低下、下痢、腎炎。	 (高値)濃厚飼料過剰、繊維不足、Na過剰（醤油粕給与など）	</p>"
makeWordArrayJp
paragraph: アルブミン(Alb) 	 正常値　3.5～4.2g/dl	 長期的な栄養（特に吸収タンパク）摂取状況を反映。高泌乳牛群では高い傾向。	 (低値)低タンパク飼料、デンプン過剰。脂肪肝、肝機能低下、下痢、腎炎。	 (高値)濃厚飼料過剰、繊維不足、Na過剰（醤油粕給与など）	
アルブミン :	名詞,一般,*,*,*,*,*	false	1
Alb :	名詞,一般,*,*,*,*,*	false	1
正常 :	名詞,形容動詞語幹,*,*,*,*,正常,セイジョウ,セイジョー	true	1
dl :	名詞,固有名詞,組織,*,*,*,*	false	1
長期 :	名詞,一般,*,*,*,*,長期,チョウキ,チョーキ	true	1
栄養 :	名詞,一般,*,*,*,*,栄養,エイヨウ,エイヨー	true	1
吸収 :	名詞,サ変接続,*,*,*,*,吸収,キュウシュウ,キューシュー	true	1
タンパク :	名詞,一般,*,*,*,*,タンパク,タンパク,タンパク	true	1
摂取 :	名詞,サ変接続,*,*,*,*,摂取,セッシュ,セッシュ	true	1
状況 :	名詞,一般,*,*,*,*,状況,ジョウキョウ,ジョーキョー	true	1
反映 :	名詞,サ変接続,*,*,*,*,反映,ハンエイ,ハンエイ	true	1
乳牛 :	名詞,一般,*,*,*,*,乳牛,ニュウギュウ,ニューギュー	true	1
傾向 :	名詞,一般,*,*,*,*,傾向,ケイコウ,ケイコー	true	1
 ( :	名詞,サ変接続,*,*,*,*,*	false	1
タンパク :	名詞,一般,*,*,*,*,タンパク,タンパク,タンパク	true	2
飼料 :	名詞,一般,*,*,*,*,飼料,シリョウ,シリョー	true	1
デンプン :	名詞,一般,*,*,*,*,*	false	1
過剰 :	名詞,形容動詞語幹,*,*,*,*,過剰,カジョウ,カジョー	true	1
脂肪 :	名詞,一般,*,*,*,*,脂肪,シボウ,シボー	true	1
機能 :	名詞,サ変接続,*,*,*,*,機能,キノウ,キノー	true	1
低下 :	名詞,サ変接続,*,*,*,*,低下,テイカ,テイカ	true	1
下痢 :	名詞,サ変接続,*,*,*,*,下痢,ゲリ,ゲリ	true	1
 ( :	名詞,サ変接続,*,*,*,*,*	false	2
高値 :	名詞,一般,*,*,*,*,高値,タカネ,タカネ	true	1
濃厚 :	名詞,形容動詞語幹,*,*,*,*,濃厚,ノウコウ,ノーコー	true	1
飼料 :	名詞,一般,*,*,*,*,飼料,シリョウ,シリョー	true	2
過剰 :	名詞,形容動詞語幹,*,*,*,*,過剰,カジョウ,カジョー	true	2
繊維 :	名詞,一般,*,*,*,*,繊維,センイ,センイ	true	1
不足 :	名詞,サ変接続,*,*,*,*,不足,フソク,フソク	true	1
Na :	名詞,一般,*,*,*,*,*	false	1
過剰 :	名詞,形容動詞語幹,*,*,*,*,過剰,カジョウ,カジョー	true	3
油粕 :	名詞,一般,*,*,*,*,油粕,アブラカス,アブラカス	true	1
給与 :	名詞,サ変接続,*,*,*,*,給与,キュウヨ,キューヨ	true	1
ページ: 14 -----
<slide page="14"><body><p>ヘマトクリット(ＨｔまたはHct) 	 正常値　28～34%	 高泌乳牛群や厳冬期の乾乳牛で高い傾向。栄養（特にタンパク）摂取状況を反映。	 （低値） 低タンパク質飼料、低品質粗飼料。貧血（放牧牛のピロプラズマ原虫寄生）。	 （高値） 飲水不足、脱水やルーメンアシドーシスによる血液濃縮。 	</p></body></slide>
in Sheet Class, page: 14
title = ""
body = "<p>ヘマトクリット(ＨｔまたはHct) 	 正常値　28～34%	 高泌乳牛群や厳冬期の乾乳牛で高い傾向。栄養（特にタンパク）摂取状況を反映。	 （低値） 低タンパク質飼料、低品質粗飼料。貧血（放牧牛のピロプラズマ原虫寄生）。	 （高値） 飲水不足、脱水やルーメンアシドーシスによる血液濃縮。 	</p>"
makeWordArrayJp
paragraph: ヘマトクリット(ＨｔまたはHct) 	 正常値　28～34%	 高泌乳牛群や厳冬期の乾乳牛で高い傾向。栄養（特にタンパク）摂取状況を反映。	 （低値） 低タンパク質飼料、低品質粗飼料。貧血（放牧牛のピロプラズマ原虫寄生）。	 （高値） 飲水不足、脱水やルーメンアシドーシスによる血液濃縮。 	
ヘマトクリット :	名詞,一般,*,*,*,*,*	false	1
Hct :	名詞,一般,*,*,*,*,*	false	1
正常 :	名詞,形容動詞語幹,*,*,*,*,正常,セイジョウ,セイジョー	true	1
乳牛 :	名詞,一般,*,*,*,*,乳牛,ニュウギュウ,ニューギュー	true	1
厳冬 :	名詞,一般,*,*,*,*,厳冬,ゲントウ,ゲントー	true	1
乳牛 :	名詞,一般,*,*,*,*,乳牛,ニュウギュウ,ニューギュー	true	2
傾向 :	名詞,一般,*,*,*,*,傾向,ケイコウ,ケイコー	true	1
栄養 :	名詞,一般,*,*,*,*,栄養,エイヨウ,エイヨー	true	1
タンパク :	名詞,一般,*,*,*,*,タンパク,タンパク,タンパク	true	1
摂取 :	名詞,サ変接続,*,*,*,*,摂取,セッシュ,セッシュ	true	1
状況 :	名詞,一般,*,*,*,*,状況,ジョウキョウ,ジョーキョー	true	1
反映 :	名詞,サ変接続,*,*,*,*,反映,ハンエイ,ハンエイ	true	1
 （ :	名詞,サ変接続,*,*,*,*,*	false	1
タンパク質 :	名詞,一般,*,*,*,*,タンパク質,タンパクシツ,タンパクシツ	true	1
飼料 :	名詞,一般,*,*,*,*,飼料,シリョウ,シリョー	true	1
品質 :	名詞,一般,*,*,*,*,品質,ヒンシツ,ヒンシツ	true	1
飼料 :	名詞,一般,*,*,*,*,飼料,シリョウ,シリョー	true	2
貧血 :	名詞,サ変接続,*,*,*,*,貧血,ヒンケツ,ヒンケツ	true	1
放牧 :	名詞,サ変接続,*,*,*,*,放牧,ホウボク,ホーボク	true	1
ピロ :	名詞,固有名詞,一般,*,*,*,ピロ,ピロ,ピロ	true	1
プラズマ :	名詞,一般,*,*,*,*,プラズマ,プラズマ,プラズマ	true	1
原虫 :	名詞,一般,*,*,*,*,原虫,ゲンチュウ,ゲンチュー	true	1
寄生 :	名詞,サ変接続,*,*,*,*,寄生,キセイ,キセイ	true	1
 （ :	名詞,サ変接続,*,*,*,*,*	false	2
高値 :	名詞,一般,*,*,*,*,高値,タカネ,タカネ	true	1
飲水 :	名詞,一般,*,*,*,*,飲水,ノミミズ,ノミミズ	true	1
不足 :	名詞,サ変接続,*,*,*,*,不足,フソク,フソク	true	1
脱水 :	名詞,サ変接続,*,*,*,*,脱水,ダッスイ,ダッスイ	true	1
ルーメン :	名詞,一般,*,*,*,*,ルーメン,ルーメン,ルーメン	true	1
アシドーシス :	名詞,一般,*,*,*,*,*	false	1
血液 :	名詞,一般,*,*,*,*,血液,ケツエキ,ケツエキ	true	1
濃縮 :	名詞,サ変接続,*,*,*,*,濃縮,ノウシュク,ノーシュク	true	1
ページ: 15 -----
<slide page="15"><body><p>肝臓機能・障害の検査項目	•  総コレステロール（T-cho）	•  γ‐グルタミルトランスペプチダーゼ	　　（ γ‐ＧＴＰ、GGT ）	•  アスパラギン酸トランスアミナーゼ（ＡＳＴ） 	</p></body></slide>
in Sheet Class, page: 15
title = ""
body = "<p>肝臓機能・障害の検査項目	•  総コレステロール（T-cho）	•  γ‐グルタミルトランスペプチダーゼ	　　（ γ‐ＧＴＰ、GGT ）	•  アスパラギン酸トランスアミナーゼ（ＡＳＴ） 	</p>"
makeWordArrayJp
paragraph: 肝臓機能・障害の検査項目	•  総コレステロール（T-cho）	•  γ‐グルタミルトランスペプチダーゼ	　　（ γ‐ＧＴＰ、GGT ）	•  アスパラギン酸トランスアミナーゼ（ＡＳＴ） 	
肝臓 :	名詞,一般,*,*,*,*,肝臓,カンゾウ,カンゾー	true	1
機能 :	名詞,サ変接続,*,*,*,*,機能,キノウ,キノー	true	1
障害 :	名詞,一般,*,*,*,*,障害,ショウガイ,ショーガイ	true	1
検査 :	名詞,サ変接続,*,*,*,*,検査,ケンサ,ケンサ	true	1
項目 :	名詞,一般,*,*,*,*,項目,コウモク,コーモク	true	1
•  :	名詞,サ変接続,*,*,*,*,*	false	1
コレステロール :	名詞,一般,*,*,*,*,コレステロール,コレステロール,コレステロール	true	1
cho :	名詞,固有名詞,組織,*,*,*,*	false	1
•  :	名詞,サ変接続,*,*,*,*,*	false	2
グルタミルトランスペプチダーゼ :	名詞,固有名詞,組織,*,*,*,*	false	1
ＧＴＰ :	名詞,固有名詞,組織,*,*,*,*	false	1
GGT :	名詞,固有名詞,組織,*,*,*,*	false	1
•  :	名詞,サ変接続,*,*,*,*,*	false	3
アスパラギン :	名詞,一般,*,*,*,*,*	false	1
トランスアミナーゼ :	名詞,一般,*,*,*,*,*	false	1
ＡＳＴ :	名詞,固有名詞,組織,*,*,*,*	false	1
ページ: 16 -----
<slide page="16"><body><p>総コレステロール（T-cho） 	 正常値　90～250mg/dl	 高泌乳牛群では高い傾向。総合的な栄養摂取状況と肝機能を反映。	 (低値）飼料摂取量不足、栄養（濃厚飼料）不足、肝機能障害。	 (高値)油脂飼料の添加。 	</p></body></slide>
in Sheet Class, page: 16
title = ""
body = "<p>総コレステロール（T-cho） 	 正常値　90～250mg/dl	 高泌乳牛群では高い傾向。総合的な栄養摂取状況と肝機能を反映。	 (低値）飼料摂取量不足、栄養（濃厚飼料）不足、肝機能障害。	 (高値)油脂飼料の添加。 	</p>"
makeWordArrayJp
paragraph: 総コレステロール（T-cho） 	 正常値　90～250mg/dl	 高泌乳牛群では高い傾向。総合的な栄養摂取状況と肝機能を反映。	 (低値）飼料摂取量不足、栄養（濃厚飼料）不足、肝機能障害。	 (高値)油脂飼料の添加。 	
コレステロール :	名詞,一般,*,*,*,*,コレステロール,コレステロール,コレステロール	true	1
cho :	名詞,固有名詞,組織,*,*,*,*	false	1
正常 :	名詞,形容動詞語幹,*,*,*,*,正常,セイジョウ,セイジョー	true	1
mg :	名詞,一般,*,*,*,*,*	false	1
dl :	名詞,固有名詞,組織,*,*,*,*	false	1
乳牛 :	名詞,一般,*,*,*,*,乳牛,ニュウギュウ,ニューギュー	true	1
傾向 :	名詞,一般,*,*,*,*,傾向,ケイコウ,ケイコー	true	1
総合 :	名詞,サ変接続,*,*,*,*,総合,ソウゴウ,ソーゴー	true	1
栄養 :	名詞,一般,*,*,*,*,栄養,エイヨウ,エイヨー	true	1
摂取 :	名詞,サ変接続,*,*,*,*,摂取,セッシュ,セッシュ	true	1
状況 :	名詞,一般,*,*,*,*,状況,ジョウキョウ,ジョーキョー	true	1
機能 :	名詞,サ変接続,*,*,*,*,機能,キノウ,キノー	true	1
反映 :	名詞,サ変接続,*,*,*,*,反映,ハンエイ,ハンエイ	true	1
 ( :	名詞,サ変接続,*,*,*,*,*	false	1
飼料 :	名詞,一般,*,*,*,*,飼料,シリョウ,シリョー	true	1
摂取 :	名詞,サ変接続,*,*,*,*,摂取,セッシュ,セッシュ	true	2
不足 :	名詞,サ変接続,*,*,*,*,不足,フソク,フソク	true	1
栄養 :	名詞,一般,*,*,*,*,栄養,エイヨウ,エイヨー	true	2
濃厚 :	名詞,形容動詞語幹,*,*,*,*,濃厚,ノウコウ,ノーコー	true	1
飼料 :	名詞,一般,*,*,*,*,飼料,シリョウ,シリョー	true	2
不足 :	名詞,サ変接続,*,*,*,*,不足,フソク,フソク	true	2
機能 :	名詞,サ変接続,*,*,*,*,機能,キノウ,キノー	true	2
障害 :	名詞,一般,*,*,*,*,障害,ショウガイ,ショーガイ	true	1
 ( :	名詞,サ変接続,*,*,*,*,*	false	2
高値 :	名詞,一般,*,*,*,*,高値,タカネ,タカネ	true	1
油脂 :	名詞,一般,*,*,*,*,油脂,ユシ,ユシ	true	1
飼料 :	名詞,一般,*,*,*,*,飼料,シリョウ,シリョー	true	3
添加 :	名詞,サ変接続,*,*,*,*,添加,テンカ,テンカ	true	1
ページ: 17 -----
<slide page="17"><body><p>γ-ＧＴＰ（GGT）	 正常値　15～25IU/l	 慢性的な肝障害を意味する。	 (高値）胆汁うっ滞、薬剤性肝障害、慢性肝炎、脂肪肝。変敗・カビの発生した飼料の摂取、濃厚飼料過剰（肥育中期、泌乳中後期）、繊維不足、ルーメンアシドーシス、消化障害。	※ヒトではアルコール性肝障害で高値 	</p></body></slide>
in Sheet Class, page: 17
title = ""
body = "<p>γ-ＧＴＰ（GGT）	 正常値　15～25IU/l	 慢性的な肝障害を意味する。	 (高値）胆汁うっ滞、薬剤性肝障害、慢性肝炎、脂肪肝。変敗・カビの発生した飼料の摂取、濃厚飼料過剰（肥育中期、泌乳中後期）、繊維不足、ルーメンアシドーシス、消化障害。	※ヒトではアルコール性肝障害で高値 	</p>"
makeWordArrayJp
paragraph: γ-ＧＴＰ（GGT）	 正常値　15～25IU/l	 慢性的な肝障害を意味する。	 (高値）胆汁うっ滞、薬剤性肝障害、慢性肝炎、脂肪肝。変敗・カビの発生した飼料の摂取、濃厚飼料過剰（肥育中期、泌乳中後期）、繊維不足、ルーメンアシドーシス、消化障害。	※ヒトではアルコール性肝障害で高値 	
ＧＴＰ :	名詞,一般,*,*,*,*,*	false	1
GGT :	名詞,固有名詞,組織,*,*,*,*	false	1
正常 :	名詞,形容動詞語幹,*,*,*,*,正常,セイジョウ,セイジョー	true	1
IU :	名詞,一般,*,*,*,*,*	false	1
慢性 :	名詞,一般,*,*,*,*,慢性,マンセイ,マンセイ	true	1
障害 :	名詞,一般,*,*,*,*,障害,ショウガイ,ショーガイ	true	1
意味 :	名詞,サ変接続,*,*,*,*,意味,イミ,イミ	true	1
 ( :	名詞,サ変接続,*,*,*,*,*	false	1
高値 :	名詞,一般,*,*,*,*,高値,タカネ,タカネ	true	1
胆汁 :	名詞,一般,*,*,*,*,胆汁,タンジュウ,タンジュー	true	1
薬剤 :	名詞,一般,*,*,*,*,薬剤,ヤクザイ,ヤクザイ	true	1
障害 :	名詞,一般,*,*,*,*,障害,ショウガイ,ショーガイ	true	2
慢性 :	名詞,一般,*,*,*,*,慢性,マンセイ,マンセイ	true	2
肝炎 :	名詞,一般,*,*,*,*,肝炎,カンエン,カンエン	true	1
脂肪 :	名詞,一般,*,*,*,*,脂肪,シボウ,シボー	true	1
カビ :	名詞,一般,*,*,*,*,カビ,カビ,カビ	true	1
発生 :	名詞,サ変接続,*,*,*,*,発生,ハッセイ,ハッセイ	true	1
飼料 :	名詞,一般,*,*,*,*,飼料,シリョウ,シリョー	true	1
摂取 :	名詞,サ変接続,*,*,*,*,摂取,セッシュ,セッシュ	true	1
濃厚 :	名詞,形容動詞語幹,*,*,*,*,濃厚,ノウコウ,ノーコー	true	1
飼料 :	名詞,一般,*,*,*,*,飼料,シリョウ,シリョー	true	2
過剰 :	名詞,形容動詞語幹,*,*,*,*,過剰,カジョウ,カジョー	true	1
肥育 :	名詞,一般,*,*,*,*,肥育,ヒイク,ヒイク	true	1
中期 :	名詞,一般,*,*,*,*,中期,チュウキ,チューキ	true	1
後期 :	名詞,一般,*,*,*,*,後期,コウキ,コーキ	true	1
繊維 :	名詞,一般,*,*,*,*,繊維,センイ,センイ	true	1
不足 :	名詞,サ変接続,*,*,*,*,不足,フソク,フソク	true	1
ルーメン :	名詞,一般,*,*,*,*,ルーメン,ルーメン,ルーメン	true	1
アシドーシス :	名詞,一般,*,*,*,*,*	false	1
消化 :	名詞,サ変接続,*,*,*,*,消化,ショウカ,ショーカ	true	1
障害 :	名詞,一般,*,*,*,*,障害,ショウガイ,ショーガイ	true	3
ヒト :	名詞,一般,*,*,*,*,ヒト,ヒト,ヒト	true	1
アルコール :	名詞,一般,*,*,*,*,アルコール,アルコール,アルコール	true	1
障害 :	名詞,一般,*,*,*,*,障害,ショウガイ,ショーガイ	true	4
高値 :	名詞,一般,*,*,*,*,高値,タカネ,タカネ	true	2
ページ: 18 -----
<slide page="18"><body><p>GOT（AST)	 正常値　50～80IU/l	 急性の肝障害や臓器障害を意味する。	 (高値)肝臓・心臓・血液・筋肉の疾患。濃厚飼料や高タンパク飼料の過剰、変敗・カビ飼料摂取。運動器の故障。 	</p></body></slide>
in Sheet Class, page: 18
title = ""
body = "<p>GOT（AST)	 正常値　50～80IU/l	 急性の肝障害や臓器障害を意味する。	 (高値)肝臓・心臓・血液・筋肉の疾患。濃厚飼料や高タンパク飼料の過剰、変敗・カビ飼料摂取。運動器の故障。 	</p>"
makeWordArrayJp
paragraph: GOT（AST)	 正常値　50～80IU/l	 急性の肝障害や臓器障害を意味する。	 (高値)肝臓・心臓・血液・筋肉の疾患。濃厚飼料や高タンパク飼料の過剰、変敗・カビ飼料摂取。運動器の故障。 	
GOT :	名詞,一般,*,*,*,*,*	false	1
AST :	名詞,固有名詞,組織,*,*,*,*	false	1
正常 :	名詞,形容動詞語幹,*,*,*,*,正常,セイジョウ,セイジョー	true	1
IU :	名詞,一般,*,*,*,*,*	false	1
急性 :	名詞,一般,*,*,*,*,急性,キュウセイ,キューセイ	true	1
障害 :	名詞,一般,*,*,*,*,障害,ショウガイ,ショーガイ	true	1
臓器 :	名詞,一般,*,*,*,*,臓器,ゾウキ,ゾーキ	true	1
障害 :	名詞,一般,*,*,*,*,障害,ショウガイ,ショーガイ	true	2
意味 :	名詞,サ変接続,*,*,*,*,意味,イミ,イミ	true	1
 ( :	名詞,サ変接続,*,*,*,*,*	false	1
高値 :	名詞,一般,*,*,*,*,高値,タカネ,タカネ	true	1
肝臓 :	名詞,一般,*,*,*,*,肝臓,カンゾウ,カンゾー	true	1
心臓 :	名詞,一般,*,*,*,*,心臓,シンゾウ,シンゾー	true	1
血液 :	名詞,一般,*,*,*,*,血液,ケツエキ,ケツエキ	true	1
筋肉 :	名詞,一般,*,*,*,*,筋肉,キンニク,キンニク	true	1
疾患 :	名詞,一般,*,*,*,*,疾患,シッカン,シッカン	true	1
濃厚 :	名詞,形容動詞語幹,*,*,*,*,濃厚,ノウコウ,ノーコー	true	1
飼料 :	名詞,一般,*,*,*,*,飼料,シリョウ,シリョー	true	1
タンパク :	名詞,一般,*,*,*,*,タンパク,タンパク,タンパク	true	1
飼料 :	名詞,一般,*,*,*,*,飼料,シリョウ,シリョー	true	2
過剰 :	名詞,形容動詞語幹,*,*,*,*,過剰,カジョウ,カジョー	true	1
カビ :	名詞,一般,*,*,*,*,カビ,カビ,カビ	true	1
飼料 :	名詞,一般,*,*,*,*,飼料,シリョウ,シリョー	true	3
摂取 :	名詞,サ変接続,*,*,*,*,摂取,セッシュ,セッシュ	true	1
運動 :	名詞,サ変接続,*,*,*,*,運動,ウンドウ,ウンドー	true	1
故障 :	名詞,サ変接続,*,*,*,*,故障,コショウ,コショー	true	1
ページ: 19 -----
<slide page="19"><body><p>ミネラル代謝の検査項目	•  カルシウム(Ca) 	•  無機リン(iＰ) 	•  マグネシウム（Mg） 	</p></body></slide>
in Sheet Class, page: 19
title = ""
body = "<p>ミネラル代謝の検査項目	•  カルシウム(Ca) 	•  無機リン(iＰ) 	•  マグネシウム（Mg） 	</p>"
makeWordArrayJp
paragraph: ミネラル代謝の検査項目	•  カルシウム(Ca) 	•  無機リン(iＰ) 	•  マグネシウム（Mg） 	
ミネラル :	名詞,一般,*,*,*,*,ミネラル,ミネラル,ミネラル	true	1
代謝 :	名詞,サ変接続,*,*,*,*,代謝,タイシャ,タイシャ	true	1
検査 :	名詞,サ変接続,*,*,*,*,検査,ケンサ,ケンサ	true	1
項目 :	名詞,一般,*,*,*,*,項目,コウモク,コーモク	true	1
•  :	名詞,サ変接続,*,*,*,*,*	false	1
カルシウム :	名詞,一般,*,*,*,*,カルシウム,カルシウム,カルシューム	true	1
Ca :	名詞,一般,*,*,*,*,*	false	1
•  :	名詞,サ変接続,*,*,*,*,*	false	2
無機 :	名詞,一般,*,*,*,*,無機,ムキ,ムキ	true	1
リン :	名詞,固有名詞,一般,*,*,*,リン,リン,リン	true	1
iＰ :	名詞,一般,*,*,*,*,*	false	1
•  :	名詞,サ変接続,*,*,*,*,*	false	3
マグネシウム :	名詞,一般,*,*,*,*,マグネシウム,マグネシウム,マグネシューム	true	1
Mg :	名詞,固有名詞,組織,*,*,*,*	false	1
ページ: 20 -----
<slide page="20"><body><p>カルシウム(Ca) 	 正常値　9～10mg/dl	 低泌乳牛群、高齢牛では低い傾向。	 低値だと起立不能や骨軟症になりやすい。	 (低値) 飼料中Caの不足、ミネラル添加剤の不足、低Ca/P比（特殊事例：リン酸カルシウムの極端な過剰添加） 	</p></body></slide>
in Sheet Class, page: 20
title = ""
body = "<p>カルシウム(Ca) 	 正常値　9～10mg/dl	 低泌乳牛群、高齢牛では低い傾向。	 低値だと起立不能や骨軟症になりやすい。	 (低値) 飼料中Caの不足、ミネラル添加剤の不足、低Ca/P比（特殊事例：リン酸カルシウムの極端な過剰添加） 	</p>"
makeWordArrayJp
paragraph: カルシウム(Ca) 	 正常値　9～10mg/dl	 低泌乳牛群、高齢牛では低い傾向。	 低値だと起立不能や骨軟症になりやすい。	 (低値) 飼料中Caの不足、ミネラル添加剤の不足、低Ca/P比（特殊事例：リン酸カルシウムの極端な過剰添加） 	
カルシウム :	名詞,一般,*,*,*,*,カルシウム,カルシウム,カルシューム	true	1
Ca :	名詞,一般,*,*,*,*,*	false	1
正常 :	名詞,形容動詞語幹,*,*,*,*,正常,セイジョウ,セイジョー	true	1
mg :	名詞,一般,*,*,*,*,*	false	1
dl :	名詞,固有名詞,組織,*,*,*,*	false	1
乳牛 :	名詞,一般,*,*,*,*,乳牛,ニュウギュウ,ニューギュー	true	1
高齢 :	名詞,一般,*,*,*,*,高齢,コウレイ,コーレイ	true	1
傾向 :	名詞,一般,*,*,*,*,傾向,ケイコウ,ケイコー	true	1
起立 :	名詞,サ変接続,*,*,*,*,起立,キリツ,キリツ	true	1
不能 :	名詞,形容動詞語幹,*,*,*,*,不能,フノウ,フノー	true	1
 ( :	名詞,サ変接続,*,*,*,*,*	false	1
飼料 :	名詞,一般,*,*,*,*,飼料,シリョウ,シリョー	true	1
Ca :	名詞,固有名詞,組織,*,*,*,*	false	2
不足 :	名詞,サ変接続,*,*,*,*,不足,フソク,フソク	true	1
ミネラル :	名詞,一般,*,*,*,*,ミネラル,ミネラル,ミネラル	true	1
添加 :	名詞,サ変接続,*,*,*,*,添加,テンカ,テンカ	true	1
不足 :	名詞,サ変接続,*,*,*,*,不足,フソク,フソク	true	2
Ca :	名詞,一般,*,*,*,*,*	false	3
特殊 :	名詞,形容動詞語幹,*,*,*,*,特殊,トクシュ,トクシュ	true	1
事例 :	名詞,一般,*,*,*,*,事例,ジレイ,ジレイ	true	1
リン酸カルシウム :	名詞,一般,*,*,*,*,リン酸カルシウム,リンサンカルシウム,リンサンカルシューム	true	1
極端 :	名詞,形容動詞語幹,*,*,*,*,極端,キョクタン,キョクタン	true	1
過剰 :	名詞,形容動詞語幹,*,*,*,*,過剰,カジョウ,カジョー	true	1
添加 :	名詞,サ変接続,*,*,*,*,添加,テンカ,テンカ	true	2
ページ: 21 -----
<slide page="21"><body><p>無機リン(iＰ) 	 正常値　4.5～5.5mg/dl	 低泌乳牛群、高齢牛では低い傾向	 肉牛で高値だと尿石症になりやすい。	 （低値） 低泌乳、高齢牛 。	 （高値） ふすまやヌカ類の過剰、腹膜炎・創傷性疾患。 	</p></body></slide>
in Sheet Class, page: 21
title = ""
body = "<p>無機リン(iＰ) 	 正常値　4.5～5.5mg/dl	 低泌乳牛群、高齢牛では低い傾向	 肉牛で高値だと尿石症になりやすい。	 （低値） 低泌乳、高齢牛 。	 （高値） ふすまやヌカ類の過剰、腹膜炎・創傷性疾患。 	</p>"
makeWordArrayJp
paragraph: 無機リン(iＰ) 	 正常値　4.5～5.5mg/dl	 低泌乳牛群、高齢牛では低い傾向	 肉牛で高値だと尿石症になりやすい。	 （低値） 低泌乳、高齢牛 。	 （高値） ふすまやヌカ類の過剰、腹膜炎・創傷性疾患。 	
無機 :	名詞,一般,*,*,*,*,無機,ムキ,ムキ	true	1
リン :	名詞,固有名詞,一般,*,*,*,リン,リン,リン	true	1
iＰ :	名詞,一般,*,*,*,*,*	false	1
正常 :	名詞,形容動詞語幹,*,*,*,*,正常,セイジョウ,セイジョー	true	1
mg :	名詞,一般,*,*,*,*,*	false	1
dl :	名詞,固有名詞,組織,*,*,*,*	false	1
乳牛 :	名詞,一般,*,*,*,*,乳牛,ニュウギュウ,ニューギュー	true	1
高齢 :	名詞,一般,*,*,*,*,高齢,コウレイ,コーレイ	true	1
傾向 :	名詞,一般,*,*,*,*,傾向,ケイコウ,ケイコー	true	1
肉牛 :	名詞,一般,*,*,*,*,肉牛,ニクギュウ,ニクギュー	true	1
高値 :	名詞,一般,*,*,*,*,高値,タカネ,タカネ	true	1
 （ :	名詞,サ変接続,*,*,*,*,*	false	1
高齢 :	名詞,一般,*,*,*,*,高齢,コウレイ,コーレイ	true	2
 （ :	名詞,サ変接続,*,*,*,*,*	false	2
高値 :	名詞,一般,*,*,*,*,高値,タカネ,タカネ	true	2
過剰 :	名詞,形容動詞語幹,*,*,*,*,過剰,カジョウ,カジョー	true	1
腹膜 :	名詞,一般,*,*,*,*,腹膜,フクマク,フクマク	true	1
創傷 :	名詞,一般,*,*,*,*,創傷,ソウショウ,ソーショー	true	1
疾患 :	名詞,一般,*,*,*,*,疾患,シッカン,シッカン	true	1
ページ: 22 -----
<slide page="22"><body><p>マグネシウム（Mg） 	 正常値　2.0～2.5mg/dl	 (低値)飼料のマグネシウム不足、乾物摂取量不足	</p></body></slide>
in Sheet Class, page: 22
title = ""
body = "<p>マグネシウム（Mg） 	 正常値　2.0～2.5mg/dl	 (低値)飼料のマグネシウム不足、乾物摂取量不足	</p>"
makeWordArrayJp
paragraph: マグネシウム（Mg） 	 正常値　2.0～2.5mg/dl	 (低値)飼料のマグネシウム不足、乾物摂取量不足	
マグネシウム :	名詞,一般,*,*,*,*,マグネシウム,マグネシウム,マグネシューム	true	1
Mg :	名詞,固有名詞,組織,*,*,*,*	false	1
正常 :	名詞,形容動詞語幹,*,*,*,*,正常,セイジョウ,セイジョー	true	1
mg :	名詞,一般,*,*,*,*,*	false	1
dl :	名詞,固有名詞,組織,*,*,*,*	false	1
 ( :	名詞,サ変接続,*,*,*,*,*	false	1
飼料 :	名詞,一般,*,*,*,*,飼料,シリョウ,シリョー	true	1
マグネシウム :	名詞,一般,*,*,*,*,マグネシウム,マグネシウム,マグネシューム	true	2
不足 :	名詞,サ変接続,*,*,*,*,不足,フソク,フソク	true	1
乾物 :	名詞,一般,*,*,*,*,乾物,カンブツ,カンブツ	true	1
摂取 :	名詞,サ変接続,*,*,*,*,摂取,セッシュ,セッシュ	true	1
不足 :	名詞,サ変接続,*,*,*,*,不足,フソク,フソク	true	2
ページ: 23 -----
<slide page="23"><body><p>（参考）血液検査項目と抗凝固剤の選択	a)ヘパリンナトリウム：血液１ｍｌに対し０．０１ｍｇ	　血球数、ヘマトクリット、ヘモグロビン、含窒素成分	　などの分析に用いられる。	　（欠点）白血球の形態変化、血小板数減少、凝固検査不可	b)シュウ酸カリウム：血液１ｍｌに対し２ｍｇ	　含窒素成分の分析に用いられる。	　（欠点）白血球の形態変化、ヘマトクリット測定不可	</p></body></slide>
in Sheet Class, page: 23
title = ""
body = "<p>（参考）血液検査項目と抗凝固剤の選択	a)ヘパリンナトリウム：血液１ｍｌに対し０．０１ｍｇ	　血球数、ヘマトクリット、ヘモグロビン、含窒素成分	　などの分析に用いられる。	　（欠点）白血球の形態変化、血小板数減少、凝固検査不可	b)シュウ酸カリウム：血液１ｍｌに対し２ｍｇ	　含窒素成分の分析に用いられる。	　（欠点）白血球の形態変化、ヘマトクリット測定不可	</p>"
makeWordArrayJp
paragraph: （参考）血液検査項目と抗凝固剤の選択	a)ヘパリンナトリウム：血液１ｍｌに対し０．０１ｍｇ	　血球数、ヘマトクリット、ヘモグロビン、含窒素成分	　などの分析に用いられる。	　（欠点）白血球の形態変化、血小板数減少、凝固検査不可	b)シュウ酸カリウム：血液１ｍｌに対し２ｍｇ	　含窒素成分の分析に用いられる。	　（欠点）白血球の形態変化、ヘマトクリット測定不可	
参考 :	名詞,サ変接続,*,*,*,*,参考,サンコウ,サンコー	true	1
血液 :	名詞,一般,*,*,*,*,血液,ケツエキ,ケツエキ	true	1
検査 :	名詞,サ変接続,*,*,*,*,検査,ケンサ,ケンサ	true	1
項目 :	名詞,一般,*,*,*,*,項目,コウモク,コーモク	true	1
凝固 :	名詞,サ変接続,*,*,*,*,凝固,ギョウコ,ギョーコ	true	1
選択 :	名詞,サ変接続,*,*,*,*,選択,センタク,センタク	true	1
ヘパリンナトリウム :	名詞,一般,*,*,*,*,*	false	1
血液 :	名詞,一般,*,*,*,*,血液,ケツエキ,ケツエキ	true	2
ｍｌ :	名詞,接尾,助数詞,*,*,*,ｍｌ,ミリリットル,ミリリットル	true	1
ｍｇ :	名詞,接尾,助数詞,*,*,*,ｍｇ,ミリグラム,ミリグラム	true	1
血球 :	名詞,一般,*,*,*,*,血球,ケッキュウ,ケッキュー	true	1
ヘマトクリット :	名詞,一般,*,*,*,*,*	false	1
ヘモグロビン :	名詞,一般,*,*,*,*,ヘモグロビン,ヘモグロビン,ヘモグロビン	true	1
窒素 :	名詞,一般,*,*,*,*,窒素,チッソ,チッソ	true	1
成分 :	名詞,一般,*,*,*,*,成分,セイブン,セイブン	true	1
分析 :	名詞,サ変接続,*,*,*,*,分析,ブンセキ,ブンセキ	true	1
欠点 :	名詞,一般,*,*,*,*,欠点,ケッテン,ケッテン	true	1
白血球 :	名詞,一般,*,*,*,*,白血球,ハッケッキュウ,ハッケッキュー	true	1
形態 :	名詞,一般,*,*,*,*,形態,ケイタイ,ケイタイ	true	1
変化 :	名詞,サ変接続,*,*,*,*,変化,ヘンカ,ヘンカ	true	1
血小板 :	名詞,一般,*,*,*,*,血小板,ケッショウバン,ケッショーバン	true	1
減少 :	名詞,サ変接続,*,*,*,*,減少,ゲンショウ,ゲンショー	true	1
凝固 :	名詞,サ変接続,*,*,*,*,凝固,ギョウコ,ギョーコ	true	2
検査 :	名詞,サ変接続,*,*,*,*,検査,ケンサ,ケンサ	true	2
不可 :	名詞,接尾,一般,*,*,*,不可,フカ,フカ	true	1
シュウ :	名詞,固有名詞,人名,名,*,*,シュウ,シュウ,シュー	true	1
カリウム :	名詞,一般,*,*,*,*,カリウム,カリウム,カリューム	true	1
血液 :	名詞,一般,*,*,*,*,血液,ケツエキ,ケツエキ	true	3
ｍｌ :	名詞,接尾,助数詞,*,*,*,ｍｌ,ミリリットル,ミリリットル	true	2
ｍｇ :	名詞,接尾,助数詞,*,*,*,ｍｇ,ミリグラム,ミリグラム	true	2
窒素 :	名詞,一般,*,*,*,*,窒素,チッソ,チッソ	true	2
成分 :	名詞,一般,*,*,*,*,成分,セイブン,セイブン	true	2
分析 :	名詞,サ変接続,*,*,*,*,分析,ブンセキ,ブンセキ	true	2
欠点 :	名詞,一般,*,*,*,*,欠点,ケッテン,ケッテン	true	2
白血球 :	名詞,一般,*,*,*,*,白血球,ハッケッキュウ,ハッケッキュー	true	2
形態 :	名詞,一般,*,*,*,*,形態,ケイタイ,ケイタイ	true	2
変化 :	名詞,サ変接続,*,*,*,*,変化,ヘンカ,ヘンカ	true	2
ヘマトクリット :	名詞,一般,*,*,*,*,*	false	2
測定 :	名詞,サ変接続,*,*,*,*,測定,ソクテイ,ソクテイ	true	1
不可 :	名詞,接尾,一般,*,*,*,不可,フカ,フカ	true	2
ページ: 24 -----
<slide page="24"><body><p>c)二重シュウ酸塩：血液１００ｍｌに対し２００ｍｇ	（重シュウ酸塩；シュウ酸カリウム／シュウ酸アンモニウム＝２：３）	　粉末のままで用いてもよいが、溶液にして 試験管に加え（１ｍｌぐらい）５５℃でゆっくり と乾燥するとよい。	　 血球数、ヘマトクリット、ヘモグロビン、網赤血球算定に用いられる。	（欠点）白血球の形態変化、含窒成分測定不可	d)クエン酸ナトリウム：血液１００ｍｌに対し５００ｍｇ	　血液凝固検査、赤沈検査に用いられる。	（欠点）化学分析には不適 	</p></body></slide>
in Sheet Class, page: 24
title = ""
body = "<p>c)二重シュウ酸塩：血液１００ｍｌに対し２００ｍｇ	（重シュウ酸塩；シュウ酸カリウム／シュウ酸アンモニウム＝２：３）	　粉末のままで用いてもよいが、溶液にして 試験管に加え（１ｍｌぐらい）５５℃でゆっくり と乾燥するとよい。	　 血球数、ヘマトクリット、ヘモグロビン、網赤血球算定に用いられる。	（欠点）白血球の形態変化、含窒成分測定不可	d)クエン酸ナトリウム：血液１００ｍｌに対し５００ｍｇ	　血液凝固検査、赤沈検査に用いられる。	（欠点）化学分析には不適 	</p>"
makeWordArrayJp
paragraph: c)二重シュウ酸塩：血液１００ｍｌに対し２００ｍｇ	（重シュウ酸塩；シュウ酸カリウム／シュウ酸アンモニウム＝２：３）	　粉末のままで用いてもよいが、溶液にして 試験管に加え（１ｍｌぐらい）５５℃でゆっくり と乾燥するとよい。	　 血球数、ヘマトクリット、ヘモグロビン、網赤血球算定に用いられる。	（欠点）白血球の形態変化、含窒成分測定不可	d)クエン酸ナトリウム：血液１００ｍｌに対し５００ｍｇ	　血液凝固検査、赤沈検査に用いられる。	（欠点）化学分析には不適 	
シュウ :	名詞,固有名詞,人名,名,*,*,シュウ,シュウ,シュー	true	1
血液 :	名詞,一般,*,*,*,*,血液,ケツエキ,ケツエキ	true	1
ｍｌ :	名詞,接尾,助数詞,*,*,*,ｍｌ,ミリリットル,ミリリットル	true	1
ｍｇ :	名詞,接尾,助数詞,*,*,*,ｍｇ,ミリグラム,ミリグラム	true	1
シュウ :	名詞,固有名詞,人名,名,*,*,シュウ,シュウ,シュー	true	2
シュウ :	名詞,固有名詞,人名,名,*,*,シュウ,シュウ,シュー	true	3
カリウム :	名詞,一般,*,*,*,*,カリウム,カリウム,カリューム	true	1
シュウ :	名詞,固有名詞,人名,名,*,*,シュウ,シュウ,シュー	true	4
アンモニウム :	名詞,一般,*,*,*,*,アンモニウム,アンモニウム,アンモニューム	true	1
粉末 :	名詞,一般,*,*,*,*,粉末,フンマツ,フンマツ	true	1
まま :	名詞,非自立,副詞可能,*,*,*,まま,ママ,ママ	true	1
溶液 :	名詞,一般,*,*,*,*,溶液,ヨウエキ,ヨーエキ	true	1
試験管 :	名詞,一般,*,*,*,*,試験管,シケンカン,シケンカン	true	1
ｍｌ :	名詞,接尾,助数詞,*,*,*,ｍｌ,ミリリットル,ミリリットル	true	2
乾燥 :	名詞,サ変接続,*,*,*,*,乾燥,カンソウ,カンソー	true	1
血球 :	名詞,一般,*,*,*,*,血球,ケッキュウ,ケッキュー	true	1
ヘマトクリット :	名詞,一般,*,*,*,*,*	false	1
ヘモグロビン :	名詞,一般,*,*,*,*,ヘモグロビン,ヘモグロビン,ヘモグロビン	true	1
赤血球 :	名詞,一般,*,*,*,*,赤血球,セッケッキュウ,セッケッキュー	true	1
算定 :	名詞,サ変接続,*,*,*,*,算定,サンテイ,サンテイ	true	1
欠点 :	名詞,一般,*,*,*,*,欠点,ケッテン,ケッテン	true	1
白血球 :	名詞,一般,*,*,*,*,白血球,ハッケッキュウ,ハッケッキュー	true	1
形態 :	名詞,一般,*,*,*,*,形態,ケイタイ,ケイタイ	true	1
変化 :	名詞,サ変接続,*,*,*,*,変化,ヘンカ,ヘンカ	true	1
成分 :	名詞,一般,*,*,*,*,成分,セイブン,セイブン	true	1
測定 :	名詞,サ変接続,*,*,*,*,測定,ソクテイ,ソクテイ	true	1
不可 :	名詞,接尾,一般,*,*,*,不可,フカ,フカ	true	1
クエン :	名詞,一般,*,*,*,*,*	false	1
ナトリウム :	名詞,一般,*,*,*,*,ナトリウム,ナトリウム,ナトリューム	true	1
血液 :	名詞,一般,*,*,*,*,血液,ケツエキ,ケツエキ	true	2
ｍｌ :	名詞,接尾,助数詞,*,*,*,ｍｌ,ミリリットル,ミリリットル	true	3
ｍｇ :	名詞,接尾,助数詞,*,*,*,ｍｇ,ミリグラム,ミリグラム	true	2
血液 :	名詞,一般,*,*,*,*,血液,ケツエキ,ケツエキ	true	3
凝固 :	名詞,サ変接続,*,*,*,*,凝固,ギョウコ,ギョーコ	true	1
検査 :	名詞,サ変接続,*,*,*,*,検査,ケンサ,ケンサ	true	1
赤沈 :	名詞,一般,*,*,*,*,赤沈,セキチン,セキチン	true	1
検査 :	名詞,サ変接続,*,*,*,*,検査,ケンサ,ケンサ	true	2
欠点 :	名詞,一般,*,*,*,*,欠点,ケッテン,ケッテン	true	2
化学 :	名詞,一般,*,*,*,*,化学,カガク,カガク	true	1
分析 :	名詞,サ変接続,*,*,*,*,分析,ブンセキ,ブンセキ	true	1
不適 :	名詞,形容動詞語幹,*,*,*,*,不適,フテキ,フテキ	true	1
ページ: 25 -----
<slide page="25"><body><p></p></body></slide>
in Sheet Class, page: 25
title = ""
body = "<p></p>"
makeWordArrayJp
paragraph: 
ページ: 27 -----
<slide page="27"><body><p>本日の実習内容の説明	</p></body></slide>
in Sheet Class, page: 27
title = ""
body = "<p>本日の実習内容の説明	</p>"
makeWordArrayJp
paragraph: 本日の実習内容の説明	
本日 :	名詞,副詞可能,*,*,*,*,本日,ホンジツ,ホンジツ	true	1
実習 :	名詞,サ変接続,*,*,*,*,実習,ジッシュウ,ジッシュー	true	1
内容 :	名詞,一般,*,*,*,*,内容,ナイヨウ,ナイヨー	true	1
説明 :	名詞,サ変接続,*,*,*,*,説明,セツメイ,セツメイ	true	1
ページ: 28 -----
<slide page="28"><body><p>作業の概要	牛の頚静脈から採血し、ヘマトクリットを測定する。	（牛舎）	全員が１回採血する。	牛は８頭いる（１頭１～２名）。	採血者は柵の外から採血を行う。	柵への牛の保定は職員が行う。	（採血後、実験室に移動）	毛細管に血液を取り、遠心し、ヘマトクリット値を読む	</p></body></slide>
in Sheet Class, page: 28
title = ""
body = "<p>作業の概要	牛の頚静脈から採血し、ヘマトクリットを測定する。	（牛舎）	全員が１回採血する。	牛は８頭いる（１頭１～２名）。	採血者は柵の外から採血を行う。	柵への牛の保定は職員が行う。	（採血後、実験室に移動）	毛細管に血液を取り、遠心し、ヘマトクリット値を読む	</p>"
makeWordArrayJp
paragraph: 作業の概要	牛の頚静脈から採血し、ヘマトクリットを測定する。	（牛舎）	全員が１回採血する。	牛は８頭いる（１頭１～２名）。	採血者は柵の外から採血を行う。	柵への牛の保定は職員が行う。	（採血後、実験室に移動）	毛細管に血液を取り、遠心し、ヘマトクリット値を読む	
作業 :	名詞,サ変接続,*,*,*,*,作業,サギョウ,サギョー	true	1
概要 :	名詞,一般,*,*,*,*,概要,ガイヨウ,ガイヨー	true	1
静脈 :	名詞,一般,*,*,*,*,静脈,ジョウミャク,ジョーミャク	true	1
採血 :	名詞,サ変接続,*,*,*,*,採血,サイケツ,サイケツ	true	1
ヘマトクリット :	名詞,一般,*,*,*,*,*	false	1
測定 :	名詞,サ変接続,*,*,*,*,測定,ソクテイ,ソクテイ	true	1
牛舎 :	名詞,一般,*,*,*,*,牛舎,ギュウシャ,ギューシャ	true	1
全員 :	名詞,一般,*,*,*,*,全員,ゼンイン,ゼンイン	true	1
採血 :	名詞,サ変接続,*,*,*,*,採血,サイケツ,サイケツ	true	2
採血 :	名詞,サ変接続,*,*,*,*,採血,サイケツ,サイケツ	true	3
採血 :	名詞,サ変接続,*,*,*,*,採血,サイケツ,サイケツ	true	4
職員 :	名詞,一般,*,*,*,*,職員,ショクイン,ショクイン	true	1
採血 :	名詞,サ変接続,*,*,*,*,採血,サイケツ,サイケツ	true	5
実験 :	名詞,サ変接続,*,*,*,*,実験,ジッケン,ジッケン	true	1
移動 :	名詞,サ変接続,*,*,*,*,移動,イドウ,イドー	true	1
毛細管 :	名詞,一般,*,*,*,*,毛細管,モウサイカン,モーサイカン	true	1
血液 :	名詞,一般,*,*,*,*,血液,ケツエキ,ケツエキ	true	1
遠心 :	名詞,一般,*,*,*,*,遠心,エンシン,エンシン	true	1
ヘマトクリット :	名詞,一般,*,*,*,*,*	false	2
ページ: 29 -----
<slide page="29"><body><p>尾静脈からの採血もよく行われる 回し蹴りに注意！	</p></body></slide>
in Sheet Class, page: 29
title = ""
body = "<p>尾静脈からの採血もよく行われる 回し蹴りに注意！	</p>"
makeWordArrayJp
paragraph: 尾静脈からの採血もよく行われる 回し蹴りに注意！	
静脈 :	名詞,一般,*,*,*,*,静脈,ジョウミャク,ジョーミャク	true	1
採血 :	名詞,サ変接続,*,*,*,*,採血,サイケツ,サイケツ	true	1
回し :	名詞,一般,*,*,*,*,回し,マワシ,マワシ	true	1
注意 :	名詞,サ変接続,*,*,*,*,注意,チュウイ,チューイ	true	1
ページ: 30 -----
<slide page="30"><body><p>作業の安全に気を付けて！ よくある事故	 採血中に牛が動き、柵との間に手を挟まれる	　　→柵内への手の入れ方	 露出した注射針で自分や周囲の人を傷つける	　　→採血後はすみやかにキャップをする	　　　　キャップをする時は慌てずゆっくり	　　→針を持っている人の動きに注意	 飼槽の段差でつまづく	</p></body></slide>
in Sheet Class, page: 30
title = ""
body = "<p>作業の安全に気を付けて！ よくある事故	 採血中に牛が動き、柵との間に手を挟まれる	　　→柵内への手の入れ方	 露出した注射針で自分や周囲の人を傷つける	　　→採血後はすみやかにキャップをする	　　　　キャップをする時は慌てずゆっくり	　　→針を持っている人の動きに注意	 飼槽の段差でつまづく	</p>"
makeWordArrayJp
paragraph: 作業の安全に気を付けて！ よくある事故	 採血中に牛が動き、柵との間に手を挟まれる	　　→柵内への手の入れ方	 露出した注射針で自分や周囲の人を傷つける	　　→採血後はすみやかにキャップをする	　　　　キャップをする時は慌てずゆっくり	　　→針を持っている人の動きに注意	 飼槽の段差でつまづく	
作業 :	名詞,サ変接続,*,*,*,*,作業,サギョウ,サギョー	true	1
安全 :	名詞,形容動詞語幹,*,*,*,*,安全,アンゼン,アンゼン	true	1
事故 :	名詞,一般,*,*,*,*,事故,ジコ,ジコ	true	1
採血 :	名詞,サ変接続,*,*,*,*,採血,サイケツ,サイケツ	true	1
露出 :	名詞,サ変接続,*,*,*,*,露出,ロシュツ,ロシュツ	true	1
注射 :	名詞,サ変接続,*,*,*,*,注射,チュウシャ,チューシャ	true	1
自分 :	名詞,一般,*,*,*,*,自分,ジブン,ジブン	true	1
周囲 :	名詞,一般,*,*,*,*,周囲,シュウイ,シューイ	true	1
採血 :	名詞,サ変接続,*,*,*,*,採血,サイケツ,サイケツ	true	2
すみやか :	名詞,形容動詞語幹,*,*,*,*,すみやか,スミヤカ,スミヤカ	true	1
キャップ :	名詞,一般,*,*,*,*,キャップ,キャップ,キャップ	true	1
キャップ :	名詞,一般,*,*,*,*,キャップ,キャップ,キャップ	true	2
動き :	名詞,一般,*,*,*,*,動き,ウゴキ,ウゴキ	true	1
注意 :	名詞,サ変接続,*,*,*,*,注意,チュウイ,チューイ	true	1
段差 :	名詞,一般,*,*,*,*,段差,ダンサ,ダンサ	true	1
つま :	名詞,一般,*,*,*,*,つま,ツマ,ツマ	true	1
ページ: 31 -----
<slide page="31"><body><p>牛の頚静脈からの採血の手順	１）必要なもの：ロープ、真空採血管（ヘパリンNa）、注射針（２１G、38mm）、採血針ホルダー、アルコール綿、マジック（ラベル用）	２）採血針ホルダーに注射針を装着する。針のキャップはポケット等に入れておく。続いて採血管をホルダーの半ばまで挿入する。（まだ針に刺してはならない。）	※持ち方：親指と中指でホルダーを握り、薬指と小指と手のひらで採血管を支える。	３）職員が牛の頚部下方にロープをかけて、後方から力一杯引っぱる。それによって頚静脈が浮き上がり、針を刺す部位が明瞭になる。	</p></body></slide>
in Sheet Class, page: 31
title = ""
body = "<p>牛の頚静脈からの採血の手順	１）必要なもの：ロープ、真空採血管（ヘパリンNa）、注射針（２１G、38mm）、採血針ホルダー、アルコール綿、マジック（ラベル用）	２）採血針ホルダーに注射針を装着する。針のキャップはポケット等に入れておく。続いて採血管をホルダーの半ばまで挿入する。（まだ針に刺してはならない。）	※持ち方：親指と中指でホルダーを握り、薬指と小指と手のひらで採血管を支える。	３）職員が牛の頚部下方にロープをかけて、後方から力一杯引っぱる。それによって頚静脈が浮き上がり、針を刺す部位が明瞭になる。	</p>"
makeWordArrayJp
paragraph: 牛の頚静脈からの採血の手順	１）必要なもの：ロープ、真空採血管（ヘパリンNa）、注射針（２１G、38mm）、採血針ホルダー、アルコール綿、マジック（ラベル用）	２）採血針ホルダーに注射針を装着する。針のキャップはポケット等に入れておく。続いて採血管をホルダーの半ばまで挿入する。（まだ針に刺してはならない。）	※持ち方：親指と中指でホルダーを握り、薬指と小指と手のひらで採血管を支える。	３）職員が牛の頚部下方にロープをかけて、後方から力一杯引っぱる。それによって頚静脈が浮き上がり、針を刺す部位が明瞭になる。	
静脈 :	名詞,一般,*,*,*,*,静脈,ジョウミャク,ジョーミャク	true	1
採血 :	名詞,サ変接続,*,*,*,*,採血,サイケツ,サイケツ	true	1
手順 :	名詞,一般,*,*,*,*,手順,テジュン,テジュン	true	1
必要 :	名詞,形容動詞語幹,*,*,*,*,必要,ヒツヨウ,ヒツヨー	true	1
もの :	名詞,非自立,一般,*,*,*,もの,モノ,モノ	true	1
ロープ :	名詞,一般,*,*,*,*,ロープ,ロープ,ロープ	true	1
真空 :	名詞,一般,*,*,*,*,真空,シンクウ,シンクー	true	1
採血 :	名詞,サ変接続,*,*,*,*,採血,サイケツ,サイケツ	true	2
ヘパリン :	名詞,固有名詞,一般,*,*,*,*	false	1
Na :	名詞,一般,*,*,*,*,*	false	1
注射 :	名詞,サ変接続,*,*,*,*,注射,チュウシャ,チューシャ	true	1
mm :	名詞,固有名詞,組織,*,*,*,*	false	1
採血 :	名詞,サ変接続,*,*,*,*,採血,サイケツ,サイケツ	true	3
ホルダー :	名詞,一般,*,*,*,*,ホルダー,ホルダー,ホルダー	true	1
アルコール :	名詞,一般,*,*,*,*,アルコール,アルコール,アルコール	true	1
マジック :	名詞,一般,*,*,*,*,マジック,マジック,マジック	true	1
ラベル :	名詞,一般,*,*,*,*,ラベル,ラベル,ラベル	true	1
採血 :	名詞,サ変接続,*,*,*,*,採血,サイケツ,サイケツ	true	4
ホルダー :	名詞,一般,*,*,*,*,ホルダー,ホルダー,ホルダー	true	2
注射 :	名詞,サ変接続,*,*,*,*,注射,チュウシャ,チューシャ	true	2
装着 :	名詞,サ変接続,*,*,*,*,装着,ソウチャク,ソーチャク	true	1
キャップ :	名詞,一般,*,*,*,*,キャップ,キャップ,キャップ	true	1
ポケット :	名詞,一般,*,*,*,*,ポケット,ポケット,ポケット	true	1
採血 :	名詞,サ変接続,*,*,*,*,採血,サイケツ,サイケツ	true	5
ホルダー :	名詞,一般,*,*,*,*,ホルダー,ホルダー,ホルダー	true	3
半ば :	名詞,副詞可能,*,*,*,*,半ば,ナカバ,ナカバ	true	1
挿入 :	名詞,サ変接続,*,*,*,*,挿入,ソウニュウ,ソーニュー	true	1
親指 :	名詞,一般,*,*,*,*,親指,オヤユビ,オヤユビ	true	1
中指 :	名詞,一般,*,*,*,*,中指,ナカユビ,ナカユビ	true	1
ホルダー :	名詞,一般,*,*,*,*,ホルダー,ホルダー,ホルダー	true	4
薬指 :	名詞,一般,*,*,*,*,薬指,クスリユビ,クスリユビ	true	1
小指 :	名詞,一般,*,*,*,*,小指,コユビ,コユビ	true	1
手のひら :	名詞,一般,*,*,*,*,手のひら,テノヒラ,テノヒラ	true	1
採血 :	名詞,サ変接続,*,*,*,*,採血,サイケツ,サイケツ	true	6
職員 :	名詞,一般,*,*,*,*,職員,ショクイン,ショクイン	true	1
頚部 :	名詞,一般,*,*,*,*,頚部,ケイブ,ケイブ	true	1
下方 :	名詞,一般,*,*,*,*,下方,カホウ,カホー	true	1
ロープ :	名詞,一般,*,*,*,*,ロープ,ロープ,ロープ	true	2
後方 :	名詞,一般,*,*,*,*,後方,コウホウ,コーホー	true	1
それ :	名詞,代名詞,一般,*,*,*,それ,ソレ,ソレ	true	1
静脈 :	名詞,一般,*,*,*,*,静脈,ジョウミャク,ジョーミャク	true	2
部位 :	名詞,一般,*,*,*,*,部位,ブイ,ブイ	true	1
明瞭 :	名詞,形容動詞語幹,*,*,*,*,明瞭,メイリョウ,メイリョー	true	1
ページ: 32 -----
<slide page="32"><body><p>４）針を刺す部位の皮膚をアルコール綿で消毒する。	５）採血針を、下方から斜めに血管の方向に沿って頚静脈の上の皮膚に刺し入れ、そのまま進めて血管内に到達させる。血管に針が入るとき弾力のある触感を覚える。	※牛の皮膚は厚く、刺す時はやや力を要する。	※一気に血管まで到達しようとせずに、まず皮膚のみを通過させ、つぎに方向を確認して血管に到達させてもよい。ただし、何度も押したり引いたりしてはならない（血管が傷ついて牛にダメージを与える）。	</p></body></slide>
in Sheet Class, page: 32
title = ""
body = "<p>４）針を刺す部位の皮膚をアルコール綿で消毒する。	５）採血針を、下方から斜めに血管の方向に沿って頚静脈の上の皮膚に刺し入れ、そのまま進めて血管内に到達させる。血管に針が入るとき弾力のある触感を覚える。	※牛の皮膚は厚く、刺す時はやや力を要する。	※一気に血管まで到達しようとせずに、まず皮膚のみを通過させ、つぎに方向を確認して血管に到達させてもよい。ただし、何度も押したり引いたりしてはならない（血管が傷ついて牛にダメージを与える）。	</p>"
makeWordArrayJp
paragraph: ４）針を刺す部位の皮膚をアルコール綿で消毒する。	５）採血針を、下方から斜めに血管の方向に沿って頚静脈の上の皮膚に刺し入れ、そのまま進めて血管内に到達させる。血管に針が入るとき弾力のある触感を覚える。	※牛の皮膚は厚く、刺す時はやや力を要する。	※一気に血管まで到達しようとせずに、まず皮膚のみを通過させ、つぎに方向を確認して血管に到達させてもよい。ただし、何度も押したり引いたりしてはならない（血管が傷ついて牛にダメージを与える）。	
部位 :	名詞,一般,*,*,*,*,部位,ブイ,ブイ	true	1
皮膚 :	名詞,一般,*,*,*,*,皮膚,ヒフ,ヒフ	true	1
アルコール :	名詞,一般,*,*,*,*,アルコール,アルコール,アルコール	true	1
消毒 :	名詞,サ変接続,*,*,*,*,消毒,ショウドク,ショードク	true	1
採血 :	名詞,サ変接続,*,*,*,*,採血,サイケツ,サイケツ	true	1
下方 :	名詞,一般,*,*,*,*,下方,カホウ,カホー	true	1
斜め :	名詞,一般,*,*,*,*,斜め,ナナメ,ナナメ	true	1
血管 :	名詞,一般,*,*,*,*,血管,ケッカン,ケッカン	true	1
方向 :	名詞,一般,*,*,*,*,方向,ホウコウ,ホーコー	true	1
静脈 :	名詞,一般,*,*,*,*,静脈,ジョウミャク,ジョーミャク	true	1
皮膚 :	名詞,一般,*,*,*,*,皮膚,ヒフ,ヒフ	true	2
血管 :	名詞,一般,*,*,*,*,血管,ケッカン,ケッカン	true	2
到達 :	名詞,サ変接続,*,*,*,*,到達,トウタツ,トータツ	true	1
血管 :	名詞,一般,*,*,*,*,血管,ケッカン,ケッカン	true	3
とき :	名詞,非自立,副詞可能,*,*,*,とき,トキ,トキ	true	1
弾力 :	名詞,一般,*,*,*,*,弾力,ダンリョク,ダンリョク	true	1
触感 :	名詞,一般,*,*,*,*,触感,ショッカン,ショッカン	true	1
皮膚 :	名詞,一般,*,*,*,*,皮膚,ヒフ,ヒフ	true	3
血管 :	名詞,一般,*,*,*,*,血管,ケッカン,ケッカン	true	4
到達 :	名詞,サ変接続,*,*,*,*,到達,トウタツ,トータツ	true	2
皮膚 :	名詞,一般,*,*,*,*,皮膚,ヒフ,ヒフ	true	4
通過 :	名詞,サ変接続,*,*,*,*,通過,ツウカ,ツーカ	true	1
つぎ :	名詞,一般,*,*,*,*,つぎ,ツギ,ツギ	true	1
方向 :	名詞,一般,*,*,*,*,方向,ホウコウ,ホーコー	true	2
確認 :	名詞,サ変接続,*,*,*,*,確認,カクニン,カクニン	true	1
血管 :	名詞,一般,*,*,*,*,血管,ケッカン,ケッカン	true	5
到達 :	名詞,サ変接続,*,*,*,*,到達,トウタツ,トータツ	true	3
血管 :	名詞,一般,*,*,*,*,血管,ケッカン,ケッカン	true	6
ダメージ :	名詞,一般,*,*,*,*,ダメージ,ダメージ,ダメージ	true	1
ページ: 33 -----
<slide page="33"><body><p>採血針の刺しかた	血管	皮膚	○　多少動いても採血続行可能	×　貫通して失敗しやすい	</p></body></slide>
in Sheet Class, page: 33
title = ""
body = "<p>採血針の刺しかた	血管	皮膚	○　多少動いても採血続行可能	×　貫通して失敗しやすい	</p>"
makeWordArrayJp
paragraph: 採血針の刺しかた	血管	皮膚	○　多少動いても採血続行可能	×　貫通して失敗しやすい	
採血 :	名詞,サ変接続,*,*,*,*,採血,サイケツ,サイケツ	true	1
刺し :	名詞,一般,*,*,*,*,刺し,サシ,サシ	true	1
かた :	名詞,接尾,一般,*,*,*,かた,カタ,カタ	true	1
血管 :	名詞,一般,*,*,*,*,血管,ケッカン,ケッカン	true	1
皮膚 :	名詞,一般,*,*,*,*,皮膚,ヒフ,ヒフ	true	1
採血 :	名詞,サ変接続,*,*,*,*,採血,サイケツ,サイケツ	true	2
続行 :	名詞,サ変接続,*,*,*,*,続行,ゾッコウ,ゾッコー	true	1
可能 :	名詞,形容動詞語幹,*,*,*,*,可能,カノウ,カノー	true	1
貫通 :	名詞,サ変接続,*,*,*,*,貫通,カンツウ,カンツー	true	1
失敗 :	名詞,サ変接続,*,*,*,*,失敗,シッパイ,シッパイ	true	1
ページ: 34 -----
<slide page="34"><body><p>６）針が血管に入ったら、採血管をホルダーの奥に突き当たるように差し込み針を貫通させる。血液が勢いよく採血管に流入する。	※途中で血液の流入が止まったら、針が血管から抜けたか、逆に貫通してしまっているので、ゆっくり動かして正しい位置を探る。	※それでも血液が流入しない場合は、真空度が落ちてしまっているかもしれない。採血管と針を替えて最初からやり直す。	</p></body></slide>
in Sheet Class, page: 34
title = ""
body = "<p>６）針が血管に入ったら、採血管をホルダーの奥に突き当たるように差し込み針を貫通させる。血液が勢いよく採血管に流入する。	※途中で血液の流入が止まったら、針が血管から抜けたか、逆に貫通してしまっているので、ゆっくり動かして正しい位置を探る。	※それでも血液が流入しない場合は、真空度が落ちてしまっているかもしれない。採血管と針を替えて最初からやり直す。	</p>"
makeWordArrayJp
paragraph: ６）針が血管に入ったら、採血管をホルダーの奥に突き当たるように差し込み針を貫通させる。血液が勢いよく採血管に流入する。	※途中で血液の流入が止まったら、針が血管から抜けたか、逆に貫通してしまっているので、ゆっくり動かして正しい位置を探る。	※それでも血液が流入しない場合は、真空度が落ちてしまっているかもしれない。採血管と針を替えて最初からやり直す。	
血管 :	名詞,一般,*,*,*,*,血管,ケッカン,ケッカン	true	1
採血 :	名詞,サ変接続,*,*,*,*,採血,サイケツ,サイケツ	true	1
ホルダー :	名詞,一般,*,*,*,*,ホルダー,ホルダー,ホルダー	true	1
よう :	名詞,非自立,助動詞語幹,*,*,*,よう,ヨウ,ヨー	true	1
差し込み :	名詞,一般,*,*,*,*,差し込み,サシコミ,サシコミ	true	1
貫通 :	名詞,サ変接続,*,*,*,*,貫通,カンツウ,カンツー	true	1
血液 :	名詞,一般,*,*,*,*,血液,ケツエキ,ケツエキ	true	1
採血 :	名詞,サ変接続,*,*,*,*,採血,サイケツ,サイケツ	true	2
流入 :	名詞,サ変接続,*,*,*,*,流入,リュウニュウ,リューニュー	true	1
途中 :	名詞,副詞可能,*,*,*,*,途中,トチュウ,トチュー	true	1
血液 :	名詞,一般,*,*,*,*,血液,ケツエキ,ケツエキ	true	2
流入 :	名詞,サ変接続,*,*,*,*,流入,リュウニュウ,リューニュー	true	2
血管 :	名詞,一般,*,*,*,*,血管,ケッカン,ケッカン	true	2
貫通 :	名詞,サ変接続,*,*,*,*,貫通,カンツウ,カンツー	true	2
位置 :	名詞,サ変接続,*,*,*,*,位置,イチ,イチ	true	1
血液 :	名詞,一般,*,*,*,*,血液,ケツエキ,ケツエキ	true	3
流入 :	名詞,サ変接続,*,*,*,*,流入,リュウニュウ,リューニュー	true	3
場合 :	名詞,副詞可能,*,*,*,*,場合,バアイ,バアイ	true	1
真空 :	名詞,一般,*,*,*,*,真空,シンクウ,シンクー	true	1
採血 :	名詞,サ変接続,*,*,*,*,採血,サイケツ,サイケツ	true	3
最初 :	名詞,一般,*,*,*,*,最初,サイショ,サイショ	true	1
ページ: 35 -----
<slide page="35"><body><p>７）採血管の８割程度採血ができたら、ロープを緩めてもらう。針を抜き、刺した部位のやや上方を１分間押えて止血する。（この時、揉まないこと）。	８）針にキャップをし、ホルダーからはずす。もう一方にもキャップをする。	９）採血管を静かに３‐４回反転振とうする。採血後迅速にやらないと凝固し、振とうが激しいと溶血するので注意する。ラベルが消えていないことを確認して採血管を試験管立てに置く。	実験室に移動	</p></body></slide>
in Sheet Class, page: 35
title = ""
body = "<p>７）採血管の８割程度採血ができたら、ロープを緩めてもらう。針を抜き、刺した部位のやや上方を１分間押えて止血する。（この時、揉まないこと）。	８）針にキャップをし、ホルダーからはずす。もう一方にもキャップをする。	９）採血管を静かに３‐４回反転振とうする。採血後迅速にやらないと凝固し、振とうが激しいと溶血するので注意する。ラベルが消えていないことを確認して採血管を試験管立てに置く。	実験室に移動	</p>"
makeWordArrayJp
paragraph: ７）採血管の８割程度採血ができたら、ロープを緩めてもらう。針を抜き、刺した部位のやや上方を１分間押えて止血する。（この時、揉まないこと）。	８）針にキャップをし、ホルダーからはずす。もう一方にもキャップをする。	９）採血管を静かに３‐４回反転振とうする。採血後迅速にやらないと凝固し、振とうが激しいと溶血するので注意する。ラベルが消えていないことを確認して採血管を試験管立てに置く。	実験室に移動	
採血 :	名詞,サ変接続,*,*,*,*,採血,サイケツ,サイケツ	true	1
程度 :	名詞,接尾,一般,*,*,*,程度,テイド,テイド	true	1
採血 :	名詞,サ変接続,*,*,*,*,採血,サイケツ,サイケツ	true	2
ロープ :	名詞,一般,*,*,*,*,ロープ,ロープ,ロープ	true	1
部位 :	名詞,一般,*,*,*,*,部位,ブイ,ブイ	true	1
上方 :	名詞,一般,*,*,*,*,上方,カミガタ,カミガタ	true	1
分間 :	名詞,接尾,助数詞,*,*,*,分間,フンカン,フンカン	true	1
止血 :	名詞,サ変接続,*,*,*,*,止血,シケツ,シケツ	true	1
こと :	名詞,非自立,一般,*,*,*,こと,コト,コト	true	1
キャップ :	名詞,一般,*,*,*,*,キャップ,キャップ,キャップ	true	1
ホルダー :	名詞,一般,*,*,*,*,ホルダー,ホルダー,ホルダー	true	1
キャップ :	名詞,一般,*,*,*,*,キャップ,キャップ,キャップ	true	2
採血 :	名詞,サ変接続,*,*,*,*,採血,サイケツ,サイケツ	true	3
静か :	名詞,形容動詞語幹,*,*,*,*,静か,シズカ,シズカ	true	1
反転 :	名詞,サ変接続,*,*,*,*,反転,ハンテン,ハンテン	true	1
採血 :	名詞,サ変接続,*,*,*,*,採血,サイケツ,サイケツ	true	4
迅速 :	名詞,形容動詞語幹,*,*,*,*,迅速,ジンソク,ジンソク	true	1
凝固 :	名詞,サ変接続,*,*,*,*,凝固,ギョウコ,ギョーコ	true	1
溶血 :	名詞,サ変接続,*,*,*,*,溶血,ヨウケツ,ヨーケツ	true	1
注意 :	名詞,サ変接続,*,*,*,*,注意,チュウイ,チューイ	true	1
ラベル :	名詞,固有名詞,人名,姓,*,*,ラベル,ラベル,ラベル	true	1
こと :	名詞,非自立,一般,*,*,*,こと,コト,コト	true	2
確認 :	名詞,サ変接続,*,*,*,*,確認,カクニン,カクニン	true	1
採血 :	名詞,サ変接続,*,*,*,*,採血,サイケツ,サイケツ	true	5
試験管 :	名詞,一般,*,*,*,*,試験管,シケンカン,シケンカン	true	1
立て :	名詞,接尾,一般,*,*,*,立て,ダテ,ダテ	true	1
実験 :	名詞,サ変接続,*,*,*,*,実験,ジッケン,ジッケン	true	1
移動 :	名詞,サ変接続,*,*,*,*,移動,イドウ,イドー	true	1
