定年退職(1)
人口ピラミッド(1)
社会変化(1)
過疎地域(1)
田舎暮らし(3)
生活環境(1)
学生運動(1)
甲南大学(1)
環境保全(1)
教育活動(1)
家庭菜園(1)
地域資源(1)
公的支援(1)
有機農業(1)
総合研究所(1)
{ 1 } { 2 } { 3 } { 4 } { 5 } { 6 } { 7 } { 8 } { 9 } { 10 } { 11 } { 12 } { 13 } { 14 } { 15 } { 16 } { 17 } 
Segment{ 2 }, Segment{ 3 }
コサイン類似度: NaN
Segment{ 3 }, Segment{ 4 }
コサイン類似度: 0.0
Segment{ 4 }, Segment{ 5 }
コサイン類似度: 0.1348399724926484
Segment{ 5 }, Segment{ 6 }
コサイン類似度: 0.0
Segment{ 6 }, Segment{ 7 }
コサイン類似度: 0.0
Segment{ 7 }, Segment{ 8 }
コサイン類似度: 0.0
Segment{ 8 }, Segment{ 9 }
コサイン類似度: NaN
Segment{ 9 }, Segment{ 10 }
コサイン類似度: NaN
Segment{ 10 }, Segment{ 11 }
コサイン類似度: NaN
Segment{ 11 }, Segment{ 12 }
コサイン類似度: NaN
Segment{ 12 }, Segment{ 13 }
コサイン類似度: NaN
Segment{ 13 }, Segment{ 14 }
コサイン類似度: 0.0
Segment{ 14 }, Segment{ 15 }
コサイン類似度: NaN
Segment{ 15 }, Segment{ 16 }
コサイン類似度: NaN
Segment{ 16 }, Segment{ 17 }
コサイン類似度: 0.0
定年退職(1)
人口ピラミッド(1)
社会変化(1)
過疎地域(1)
田舎暮らし(2)
生活環境(1)
学生運動(1)
甲南大学(1)
環境保全(1)
教育活動(1)
家庭菜園(1)
地域資源(1)
公的支援(1)
有機農業(1)
総合研究所(1)
{ 1 } { 2 } { 3 } { 4 5 } { 6 } { 7 } { 8 } { 9 } { 10 } { 11 } { 12 } { 13 } { 14 } { 15 } { 16 } { 17 } 
Segment{ 2 }, Segment{ 3 }
コサイン類似度: NaN
Segment{ 3 }, Segment{ 4 5 }
コサイン類似度: 0.0
Segment{ 4 5 }, Segment{ 6 }
コサイン類似度: 0.0
Segment{ 6 }, Segment{ 7 }
コサイン類似度: 0.0
Segment{ 7 }, Segment{ 8 }
コサイン類似度: 0.0
Segment{ 8 }, Segment{ 9 }
コサイン類似度: NaN
Segment{ 9 }, Segment{ 10 }
コサイン類似度: NaN
Segment{ 10 }, Segment{ 11 }
コサイン類似度: NaN
Segment{ 11 }, Segment{ 12 }
コサイン類似度: NaN
Segment{ 12 }, Segment{ 13 }
コサイン類似度: NaN
Segment{ 13 }, Segment{ 14 }
コサイン類似度: 0.0
Segment{ 14 }, Segment{ 15 }
コサイン類似度: NaN
Segment{ 15 }, Segment{ 16 }
コサイン類似度: NaN
Segment{ 16 }, Segment{ 17 }
コサイン類似度: 0.0
大明(1)
メディア(1)
遠隔(1)
直後(1)
死者(1)
制度(1)
住宅(1)
ガイド(1)
前半(1)
立地(1)
基準(1)
先祖(1)
変化(2)
農地(3)
– (5)
こだわり(1)
多様(2)
-）(1)
課題(1)
未来(1)
間借り(1)
ぐらし(1)
俊子(1)
京都(3)
世界(1)
青年(1)
あいだ(1)
活用(1)
native(1)
意義(1)
推移(1)
‒ (4)
ニーズ(1)
メンバーシップ(1)
弱体(1)
理解(1)
慣習(1)
消費(1)
• (12)
戦後(3)
密度(1)
近郊(1)
農林(1)
環境(3)
自給(1)
中西(2)
－」，『(1)
専従(1)
実態(1)
主観(1)
研究(4)
農山(1)
男女(1)
家庭(1)
悠々自適(1)
検討(1)
距離(1)
システム(1)
管理(1)
ピラミッド(1)
住民(2)
意思(1)
田舎(4)
起爆(1)
和則(1)
松村(1)
生産(1)
違い(1)
生業(1)
志向(1)
人口(1)
暮らし(2)
挫折(1)
群像(1)
からだ(1)
学卒(1)
女性(1)
剥奪(1)
維持(1)
指向(1)
個人(1)
世代(4)
以降(3)
杉村(1)
土地(1)
組織(2)
つながり(1)
都市(4)
ため(1)
行き先(1)
在宅(1)
住居(1)
広がり(1)
世帯(1)
分類(2)
行政(1)
特殊(1)
宏彰(2)
存在(1)
年代(2)
場合(3)
総合(1)
つき(1)
仕事(1)
文献(1)
秋津(2)
結果(1)
時期(1)
安全(1)
• 『(1)
集落(2)
創刊(1)
現在(1)
定住(1)
注目(1)
必要(1)
資源(1)
思想(1)
副業(1)
階層(1)
ターン(11)
食べ物(1)
会議(2)
pp(1)
新旧(1)
希望(1)
跡継ぎ(1)
罪悪(1)
既存(1)
自然(1)
不在(1)
滞在(2)
人生(1)
程度(1)
流通(1)
係累(1)
混在(1)
景観(1)
充実(1)
研究所(1)
ヒント(1)
場所(2)
あり方(1)
参考(1)
過疎(2)
美山(1)
調査(1)
移住(9)
interaction(1)
定年(1)
進化(1)
康弘(1)
持続(1)
方策(1)
メンバー(2)
新規(2)
年数(1)
有機(1)
離職(1)
動機(1)
結合(1)
意向(1)
年齢(1)
stranger(1)
否定(1)
むら(4)
資料(1)
現代(1)
山林(1)
教育(1)
以下(1)
以上(3)
文学(1)
社会(5)
新た(2)
支援(2)
昭和(1)
状態(1)
対策(1)
下表(1)
農学(1)
もの(1)
過去(1)
問題(3)
アンケート(1)
年度(1)
将来(1)
センター(1)
受け皿(1)
集合(1)
共同(1)
新築(1)
かたち(2)
– 「(1)
空き家(1)
指標(2)
向上(1)
なか(1)
生活(3)
保全(1)
農業(10)
･･･(1)
農村(8)
提供(1)
大学(1)
限定(1)
退職(1)
明宏(1)
以内(1)
学生(2)
決定(1)
形態(1)
勤務(1)
定義(1)
展望(2)
実践(2)
子供(1)
地域(2)
公共(1)
監修(1)
職業(3)
公的(1)
心身(1)
合計(1)
自発(1)
発展(1)
時間(1)
事業(1)
甲南(1)
運動(1)
文明(1)
菜園(1)
目的(1)
今後(1)
紀要(1)
完結(1)
高齢(1)
条件(1)
田畑(1)
その後(1)
レベル(2)
一新(1)
受け入れ(1)
自己(1)
平成(1)
活動(1)
就農(2)
就業(2)
{ 1 } { 2 } { 3 } { 4 5 } { 6 } { 7 } { 8 } { 9 } { 10 } { 11 } { 12 } { 13 } { 14 } { 15 } { 16 } { 17 } 
Segment{ 2 }, Segment{ 3 }
コサイン類似度: 0.024862123566179468
Segment{ 3 }, Segment{ 4 5 }
コサイン類似度: 0.01412364746975823
Segment{ 4 5 }, Segment{ 6 }
コサイン類似度: 0.027869043804813153
Segment{ 6 }, Segment{ 7 }
コサイン類似度: 0.006044075722877106
Segment{ 7 }, Segment{ 8 }
コサイン類似度: 0.0
Segment{ 8 }, Segment{ 9 }
コサイン類似度: 0.05123982435216875
Segment{ 9 }, Segment{ 10 }
コサイン類似度: 0.0066840965038627515
Segment{ 10 }, Segment{ 11 }
コサイン類似度: 0.15310455610821844
Segment{ 11 }, Segment{ 12 }
コサイン類似度: 0.008568921447424105
Segment{ 12 }, Segment{ 13 }
コサイン類似度: 0.006018825985374477
Segment{ 13 }, Segment{ 14 }
コサイン類似度: 0.010429718714264156
Segment{ 14 }, Segment{ 15 }
コサイン類似度: 0.0018082079576720639
Segment{ 15 }, Segment{ 16 }
コサイン類似度: 0.09044313176810205
Segment{ 16 }, Segment{ 17 }
コサイン類似度: 0.015429417228673402
大明(1)
メディア(1)
遠隔(1)
直後(1)
死者(1)
制度(1)
住宅(1)
ガイド(1)
前半(1)
立地(1)
基準(1)
先祖(1)
変化(2)
農地(3)
– (5)
こだわり(1)
多様(2)
-）(1)
課題(1)
未来(1)
間借り(1)
ぐらし(1)
俊子(1)
京都(3)
世界(1)
青年(1)
あいだ(1)
活用(1)
native(1)
意義(1)
推移(1)
‒ (4)
ニーズ(1)
メンバーシップ(1)
弱体(1)
理解(1)
慣習(1)
消費(1)
• (12)
戦後(3)
密度(1)
近郊(1)
農林(1)
環境(3)
自給(1)
中西(2)
－」，『(1)
専従(1)
実態(1)
主観(1)
研究(4)
農山(1)
男女(1)
家庭(1)
悠々自適(1)
検討(1)
距離(1)
システム(1)
管理(1)
ピラミッド(1)
住民(2)
意思(1)
田舎(4)
起爆(1)
和則(1)
松村(1)
生産(1)
違い(1)
生業(1)
志向(1)
人口(1)
暮らし(2)
挫折(1)
群像(1)
からだ(1)
学卒(1)
女性(1)
剥奪(1)
維持(1)
指向(1)
個人(1)
世代(4)
以降(2)
杉村(1)
土地(1)
組織(2)
つながり(1)
都市(4)
ため(1)
行き先(1)
在宅(1)
住居(1)
広がり(1)
世帯(1)
分類(2)
行政(1)
特殊(1)
宏彰(2)
存在(1)
年代(2)
場合(3)
総合(1)
つき(1)
仕事(1)
文献(1)
秋津(2)
結果(1)
時期(1)
安全(1)
• 『(1)
集落(2)
創刊(1)
現在(1)
定住(1)
注目(1)
必要(1)
資源(1)
思想(1)
副業(1)
階層(1)
ターン(10)
食べ物(1)
会議(2)
pp(1)
新旧(1)
希望(1)
跡継ぎ(1)
罪悪(1)
既存(1)
自然(1)
不在(1)
滞在(2)
人生(1)
程度(1)
流通(1)
係累(1)
混在(1)
景観(1)
充実(1)
研究所(1)
ヒント(1)
場所(2)
あり方(1)
参考(1)
過疎(2)
美山(1)
調査(1)
移住(9)
interaction(1)
定年(1)
進化(1)
康弘(1)
持続(1)
方策(1)
メンバー(2)
新規(1)
年数(1)
有機(1)
離職(1)
動機(1)
結合(1)
意向(1)
年齢(1)
stranger(1)
否定(1)
むら(4)
資料(1)
現代(1)
山林(1)
教育(1)
以下(1)
以上(3)
文学(1)
社会(5)
新た(2)
支援(2)
昭和(1)
状態(1)
対策(1)
下表(1)
農学(1)
もの(1)
過去(1)
問題(3)
アンケート(1)
年度(1)
将来(1)
センター(1)
受け皿(1)
集合(1)
共同(1)
新築(1)
かたち(2)
– 「(1)
空き家(1)
指標(2)
向上(1)
なか(1)
生活(3)
保全(1)
農業(9)
･･･(1)
農村(8)
提供(1)
大学(1)
限定(1)
退職(1)
明宏(1)
以内(1)
学生(2)
決定(1)
形態(1)
勤務(1)
定義(1)
展望(2)
実践(2)
子供(1)
地域(2)
公共(1)
監修(1)
職業(3)
公的(1)
心身(1)
合計(1)
自発(1)
発展(1)
時間(1)
事業(1)
甲南(1)
運動(1)
文明(1)
菜園(1)
目的(1)
今後(1)
紀要(1)
完結(1)
高齢(1)
条件(1)
田畑(1)
その後(1)
レベル(2)
一新(1)
受け入れ(1)
自己(1)
平成(1)
活動(1)
就農(1)
就業(2)
{ 1 } { 2 } { 3 } { 4 5 } { 6 } { 7 } { 8 } { 9 } { 10 11 } { 12 } { 13 } { 14 } { 15 } { 16 } { 17 } 
Segment{ 2 }, Segment{ 3 }
コサイン類似度: 0.02499934915089328
Segment{ 3 }, Segment{ 4 5 }
コサイン類似度: 0.014924912128869853
Segment{ 4 5 }, Segment{ 6 }
コサイン類似度: 0.027884779590942467
Segment{ 6 }, Segment{ 7 }
コサイン類似度: 0.006157190030373498
Segment{ 7 }, Segment{ 8 }
コサイン類似度: 0.0
Segment{ 8 }, Segment{ 9 }
コサイン類似度: 0.050955607173420576
Segment{ 9 }, Segment{ 10 11 }
コサイン類似度: 0.03611115788591344
Segment{ 10 11 }, Segment{ 12 }
コサイン類似度: 0.002635534157118811
Segment{ 12 }, Segment{ 13 }
コサイン類似度: 0.00601819344869473
Segment{ 13 }, Segment{ 14 }
コサイン類似度: 0.0105779135988518
Segment{ 14 }, Segment{ 15 }
コサイン類似度: 0.0018080389531807133
Segment{ 15 }, Segment{ 16 }
コサイン類似度: 0.09044313176810205
Segment{ 16 }, Segment{ 17 }
コサイン類似度: 0.015417845874085161
大明(1)
メディア(1)
遠隔(1)
直後(1)
死者(1)
制度(1)
住宅(1)
ガイド(1)
前半(1)
立地(1)
基準(1)
先祖(1)
変化(2)
農地(2)
– (4)
こだわり(1)
多様(2)
-）(1)
課題(1)
未来(1)
間借り(1)
ぐらし(1)
俊子(1)
京都(3)
世界(1)
青年(1)
あいだ(1)
活用(1)
native(1)
意義(1)
推移(1)
‒ (4)
ニーズ(1)
メンバーシップ(1)
弱体(1)
理解(1)
慣習(1)
消費(1)
• (11)
戦後(3)
密度(1)
近郊(1)
農林(1)
環境(3)
自給(1)
中西(2)
－」，『(1)
専従(1)
実態(1)
主観(1)
研究(4)
農山(1)
男女(1)
家庭(1)
悠々自適(1)
検討(1)
距離(1)
システム(1)
管理(1)
ピラミッド(1)
住民(2)
意思(1)
田舎(4)
起爆(1)
和則(1)
松村(1)
生産(1)
違い(1)
生業(1)
志向(1)
人口(1)
暮らし(2)
挫折(1)
群像(1)
からだ(1)
学卒(1)
女性(1)
剥奪(1)
維持(1)
指向(1)
個人(1)
世代(4)
以降(2)
杉村(1)
土地(1)
組織(2)
つながり(1)
都市(4)
ため(1)
行き先(1)
在宅(1)
住居(1)
広がり(1)
世帯(1)
分類(2)
行政(1)
特殊(1)
宏彰(2)
存在(1)
年代(2)
場合(3)
総合(1)
つき(1)
仕事(1)
文献(1)
秋津(2)
結果(1)
時期(1)
安全(1)
• 『(1)
集落(2)
創刊(1)
現在(1)
定住(1)
注目(1)
必要(1)
資源(1)
思想(1)
副業(1)
階層(1)
ターン(10)
食べ物(1)
会議(2)
pp(1)
新旧(1)
希望(1)
跡継ぎ(1)
罪悪(1)
既存(1)
自然(1)
不在(1)
滞在(2)
人生(1)
程度(1)
流通(1)
係累(1)
混在(1)
景観(1)
充実(1)
研究所(1)
ヒント(1)
場所(2)
あり方(1)
参考(1)
過疎(2)
美山(1)
調査(1)
移住(9)
interaction(1)
定年(1)
進化(1)
康弘(1)
持続(1)
方策(1)
メンバー(1)
新規(1)
年数(1)
有機(1)
離職(1)
動機(1)
結合(1)
意向(1)
年齢(1)
stranger(1)
否定(1)
むら(4)
資料(1)
現代(1)
山林(1)
教育(1)
以下(1)
以上(3)
文学(1)
社会(5)
新た(2)
支援(2)
昭和(1)
状態(1)
対策(1)
下表(1)
農学(1)
もの(1)
過去(1)
問題(2)
アンケート(1)
年度(1)
将来(1)
センター(1)
受け皿(1)
集合(1)
共同(1)
新築(1)
かたち(2)
– 「(1)
空き家(1)
指標(2)
向上(1)
なか(1)
生活(3)
保全(1)
農業(9)
･･･(1)
農村(8)
提供(1)
大学(1)
限定(1)
退職(1)
明宏(1)
以内(1)
学生(2)
決定(1)
形態(1)
勤務(1)
定義(1)
展望(2)
実践(2)
子供(1)
地域(2)
公共(1)
監修(1)
職業(3)
公的(1)
心身(1)
合計(1)
自発(1)
発展(1)
時間(1)
事業(1)
甲南(1)
運動(1)
文明(1)
菜園(1)
目的(1)
今後(1)
紀要(1)
完結(1)
高齢(1)
条件(1)
田畑(1)
その後(1)
レベル(1)
一新(1)
受け入れ(1)
自己(1)
平成(1)
活動(1)
就農(1)
就業(2)
{ 1 } { 2 } { 3 } { 4 5 } { 6 } { 7 } { 8 } { 9 } { 10 11 } { 12 } { 13 } { 14 } { 15 16 } { 17 } 
Segment{ 2 }, Segment{ 3 }
コサイン類似度: 0.03674191035530433
Segment{ 3 }, Segment{ 4 5 }
コサイン類似度: 0.014768415515520383
Segment{ 4 5 }, Segment{ 6 }
コサイン類似度: 0.027856404289276104
Segment{ 6 }, Segment{ 7 }
コサイン類似度: 0.007194643299767524
Segment{ 7 }, Segment{ 8 }
コサイン類似度: 0.0
Segment{ 8 }, Segment{ 9 }
コサイン類似度: 0.05093220229047872
Segment{ 9 }, Segment{ 10 11 }
コサイン類似度: 0.036395132654436876
Segment{ 10 11 }, Segment{ 12 }
コサイン類似度: 0.002929526263431323
Segment{ 12 }, Segment{ 13 }
コサイン類似度: 0.0070335405430625815
Segment{ 13 }, Segment{ 14 }
コサイン類似度: 0.01090965301455566
Segment{ 14 }, Segment{ 15 16 }
コサイン類似度: 0.00218659953597718
Segment{ 15 16 }, Segment{ 17 }
コサイン類似度: 0.012011247096221455
大明(1)
メディア(1)
遠隔(1)
直後(1)
死者(1)
制度(1)
住宅(1)
ガイド(1)
前半(1)
立地(1)
基準(1)
先祖(1)
変化(2)
農地(2)
– (4)
こだわり(1)
多様(2)
-）(1)
課題(1)
未来(1)
間借り(1)
ぐらし(1)
俊子(1)
京都(3)
世界(1)
青年(1)
あいだ(1)
活用(1)
native(1)
意義(1)
推移(1)
‒ (4)
ニーズ(1)
メンバーシップ(1)
弱体(1)
理解(1)
慣習(1)
消費(1)
• (11)
戦後(3)
密度(1)
近郊(1)
農林(1)
環境(3)
自給(1)
中西(2)
－」，『(1)
専従(1)
実態(1)
主観(1)
研究(4)
農山(1)
男女(1)
家庭(1)
悠々自適(1)
検討(1)
距離(1)
システム(1)
管理(1)
ピラミッド(1)
住民(2)
意思(1)
田舎(4)
起爆(1)
和則(1)
松村(1)
生産(1)
違い(1)
生業(1)
志向(1)
人口(1)
暮らし(2)
挫折(1)
群像(1)
からだ(1)
学卒(1)
女性(1)
剥奪(1)
維持(1)
指向(1)
個人(1)
世代(3)
以降(2)
杉村(1)
土地(1)
組織(2)
つながり(1)
都市(4)
ため(1)
行き先(1)
在宅(1)
住居(1)
広がり(1)
世帯(1)
分類(2)
行政(1)
特殊(1)
宏彰(2)
存在(1)
年代(2)
場合(3)
総合(1)
つき(1)
仕事(1)
文献(1)
秋津(2)
結果(1)
時期(1)
安全(1)
• 『(1)
集落(2)
創刊(1)
現在(1)
定住(1)
注目(1)
必要(1)
資源(1)
思想(1)
副業(1)
階層(1)
ターン(10)
食べ物(1)
会議(2)
pp(1)
新旧(1)
希望(1)
跡継ぎ(1)
罪悪(1)
既存(1)
自然(1)
不在(1)
滞在(2)
人生(1)
程度(1)
流通(1)
係累(1)
混在(1)
景観(1)
充実(1)
研究所(1)
ヒント(1)
場所(2)
あり方(1)
参考(1)
過疎(1)
美山(1)
調査(1)
移住(9)
interaction(1)
定年(1)
進化(1)
康弘(1)
持続(1)
方策(1)
メンバー(1)
新規(1)
年数(1)
有機(1)
離職(1)
動機(1)
結合(1)
意向(1)
年齢(1)
stranger(1)
否定(1)
むら(4)
資料(1)
現代(1)
山林(1)
教育(1)
以下(1)
以上(3)
文学(1)
社会(5)
新た(2)
支援(2)
昭和(1)
状態(1)
対策(1)
下表(1)
農学(1)
もの(1)
過去(1)
問題(2)
アンケート(1)
年度(1)
将来(1)
センター(1)
受け皿(1)
集合(1)
共同(1)
新築(1)
かたち(2)
– 「(1)
空き家(1)
指標(2)
向上(1)
なか(1)
生活(3)
保全(1)
農業(9)
･･･(1)
農村(8)
提供(1)
大学(1)
限定(1)
退職(1)
明宏(1)
以内(1)
学生(2)
決定(1)
形態(1)
勤務(1)
定義(1)
展望(2)
実践(2)
子供(1)
地域(2)
公共(1)
監修(1)
職業(3)
公的(1)
心身(1)
合計(1)
自発(1)
発展(1)
時間(1)
事業(1)
甲南(1)
運動(1)
文明(1)
菜園(1)
目的(1)
今後(1)
紀要(1)
完結(1)
高齢(1)
条件(1)
田畑(1)
その後(1)
レベル(1)
一新(1)
受け入れ(1)
自己(1)
平成(1)
活動(1)
就農(1)
就業(2)
{ 1 } { 2 } { 3 } { 4 5 } { 6 } { 7 } { 8 9 } { 10 11 } { 12 } { 13 } { 14 } { 15 16 } { 17 } 
Segment{ 2 }, Segment{ 3 }
コサイン類似度: 0.03674191035530433
Segment{ 3 }, Segment{ 4 5 }
コサイン類似度: 0.014768415515520383
Segment{ 4 5 }, Segment{ 6 }
コサイン類似度: 0.027856404289276104
Segment{ 6 }, Segment{ 7 }
コサイン類似度: 0.007194643299767524
Segment{ 7 }, Segment{ 8 9 }
コサイン類似度: 0.04884466106307013
Segment{ 10 11 }, Segment{ 12 }
コサイン類似度: 0.0029289298527744667
Segment{ 12 }, Segment{ 13 }
コサイン類似度: 0.0070335405430625815
Segment{ 13 }, Segment{ 14 }
コサイン類似度: 0.01090965301455566
Segment{ 14 }, Segment{ 15 16 }
コサイン類似度: 0.002185768568979103
Segment{ 15 16 }, Segment{ 17 }
コサイン類似度: 0.012006682497272955
大明(1)
メディア(1)
遠隔(1)
直後(1)
死者(1)
制度(1)
住宅(1)
ガイド(1)
前半(1)
立地(1)
基準(1)
先祖(1)
変化(2)
農地(2)
– (4)
こだわり(1)
多様(2)
-）(1)
課題(1)
未来(1)
間借り(1)
ぐらし(1)
俊子(1)
京都(3)
世界(1)
青年(1)
あいだ(1)
活用(1)
native(1)
意義(1)
推移(1)
‒ (4)
ニーズ(1)
メンバーシップ(1)
弱体(1)
理解(1)
慣習(1)
消費(1)
• (11)
戦後(3)
密度(1)
近郊(1)
農林(1)
環境(3)
自給(1)
中西(2)
－」，『(1)
専従(1)
実態(1)
主観(1)
研究(4)
農山(1)
男女(1)
家庭(1)
悠々自適(1)
検討(1)
距離(1)
システム(1)
管理(1)
ピラミッド(1)
住民(2)
意思(1)
田舎(4)
起爆(1)
和則(1)
松村(1)
生産(1)
違い(1)
生業(1)
志向(1)
人口(1)
暮らし(2)
挫折(1)
群像(1)
からだ(1)
学卒(1)
女性(1)
剥奪(1)
維持(1)
指向(1)
個人(1)
世代(3)
以降(2)
杉村(1)
土地(1)
組織(2)
つながり(1)
都市(4)
ため(1)
行き先(1)
在宅(1)
住居(1)
広がり(1)
世帯(1)
分類(2)
行政(1)
特殊(1)
宏彰(2)
存在(1)
年代(2)
場合(3)
総合(1)
つき(1)
仕事(1)
文献(1)
秋津(2)
結果(1)
時期(1)
安全(1)
• 『(1)
集落(2)
創刊(1)
現在(1)
定住(1)
注目(1)
必要(1)
資源(1)
思想(1)
副業(1)
階層(1)
ターン(10)
食べ物(1)
会議(2)
pp(1)
新旧(1)
希望(1)
跡継ぎ(1)
罪悪(1)
既存(1)
自然(1)
不在(1)
滞在(2)
人生(1)
程度(1)
流通(1)
係累(1)
混在(1)
景観(1)
充実(1)
研究所(1)
ヒント(1)
場所(2)
あり方(1)
参考(1)
過疎(1)
美山(1)
調査(1)
移住(9)
interaction(1)
定年(1)
進化(1)
康弘(1)
持続(1)
方策(1)
メンバー(1)
新規(1)
年数(1)
有機(1)
離職(1)
動機(1)
結合(1)
意向(1)
年齢(1)
stranger(1)
否定(1)
むら(4)
資料(1)
現代(1)
山林(1)
教育(1)
以下(1)
以上(3)
文学(1)
社会(5)
新た(2)
支援(2)
昭和(1)
状態(1)
対策(1)
下表(1)
農学(1)
もの(1)
過去(1)
問題(2)
アンケート(1)
年度(1)
将来(1)
センター(1)
受け皿(1)
集合(1)
共同(1)
新築(1)
かたち(2)
– 「(1)
空き家(1)
指標(2)
向上(1)
なか(1)
生活(3)
保全(1)
農業(9)
･･･(1)
農村(8)
提供(1)
大学(1)
限定(1)
退職(1)
明宏(1)
以内(1)
学生(2)
決定(1)
形態(1)
勤務(1)
定義(1)
展望(2)
実践(2)
子供(1)
地域(2)
公共(1)
監修(1)
職業(3)
公的(1)
心身(1)
合計(1)
自発(1)
発展(1)
時間(1)
事業(1)
甲南(1)
運動(1)
文明(1)
菜園(1)
目的(1)
今後(1)
紀要(1)
完結(1)
高齢(1)
条件(1)
田畑(1)
その後(1)
レベル(1)
一新(1)
受け入れ(1)
自己(1)
平成(1)
活動(1)
就農(1)
就業(2)
{ 1 } { 2 } { 3 } { 4 5 } { 6 } { 7 } { 8 9 } { 10 11 } { 12 } { 13 } { 14 } { 15 16 } { 17 } 
前後のスライドを見るSegment{ 3 }, Segment{ 4 5 }
コサイン類似度: 0.005520562200246952
前後のスライドを見るSegment{ 6 }, Segment{ 7 }
コサイン類似度: 0.02239707955317381
前後のスライドを見るSegment{ 7 }, Segment{ 8 9 }
コサイン類似度: 0.003490874361640546
前後のスライドを見るSegment{ 12 }, Segment{ 13 }
コサイン類似度: 0.01102619172796865
前後のスライドを見るSegment{ 13 }, Segment{ 14 }
コサイン類似度: 0.004657247765073353
前後のスライドを見るSegment{ 14 }, Segment{ 15 16 }
コサイン類似度: 0.008775562003757406
