filename: 04
xmlFile: /Users/admin/ocwslidedata/ocw.kyoto-u.ac.jp/002-004-(〜2010年)哲学講義/04/slide.xml
dir: /Users/admin/ocwslidedata/ocw.kyoto-u.ac.jp/002-004-(〜2010年)哲学講義/04
XML:
<presentation language="ja"><slide page="1"><body><p>䜦䝮䜽䝌䝊䝰䜽Ⓩᮇ㈻ㄵ䛴ᢀึⓏ᳠ゞ䇮රమౚ䛴さㄫ䛮ᘒืᇱ‵䛴さㄫ出所 : http://www.wvquine.org/</p></body></slide><slide page="2"><body><p>ᘒืᇱ‵䛴さㄫ䠌┷⌦ᑊᚺㄕ䛮┷അᇱ‵</p></body></slide><slide page="3"><body><p>䜦䝮䜽䝌䝊䝰䜽Ⓩᮇ㈻/ഃ᭯ᛮ䛱ᑊ䛟䜑ᘒืᇱ‵䛴さㄫ</p></body></slide><slide page="4"><body><p>䜦䝮䜽䝌䝊䝰䜽䛴ᮇ㈻/ഃ᭯ᛮ䛴ᘒืᇱ‵</p></body></slide><slide page="5"><body><p>䚺䜯䝊䜸䝮䞀ㄵ䚻䛴ゕㄊ⏕ἪⓏ༇ื</p></body></slide><slide page="6"><body><p>䜦䝮䜽䝌䝊䝰䜽Ⓩᘒืᇱ‵䛾䛴␪ၡ</p></body></slide><slide page="7"><body><p>␪ၡ䛴㟸ỬᏽⓏ䛛䠏ᇱ‵䛴᭍ᫍ䛛</p></body></slide><slide page="8"><body><p>⾪⌟䛴䚸⮤↓䛛䚹䛴ᇱ‵</p></body></slide><slide page="9"><body><p>⾪⌟䛴䚸⮤↓䛛䚹䛴᭍ᫍ䛛</p></body></slide><slide page="10"><body><p>䜦䝮䜽䝌䝊䝰䜽ᮇ㈻ㄵᢀึ䇮䚸⾪⌟䛴⮤↓䛛䚹䛵䚮䚸ᮇ㈻䠁ഃ᭯ᛮ䚹䛴ᘒืᇱ‵䜘୙䛎䛰䛊</p></body></slide><slide page="11"><body><p>䜦䝮䜽䝌䝊䝰䜽Ⓩᮇ㈻ㄵ䛴ᵋ㏸ⓏḖ㝏䇮᪝ᖏゕㄊ䛴ᯗහ䛭䚮䝋䜼䝃䝯䛰༇ื䛴ᏽᘟ໩䛵䛭䛓䛰䛊</p></body></slide><slide page="12"><body><p>ᮇ㈻୹⩇䛮᪝ᖏゕㄊ䛴㞫፡䇮⛁ᏕⓏெᕝゕㄊ䛴ᵋ⠇䚮䛈䜑䛊䛵ཬᮇ㈻୹⩇䛮䛝䛬䛴᪝ᖏゕㄊᏕὬ</p></body></slide></presentation>
ページ: 1 -----
<slide page="1"><body><p>䜦䝮䜽䝌䝊䝰䜽Ⓩᮇ㈻ㄵ䛴ᢀึⓏ᳠ゞ䇮රమౚ䛴さㄫ䛮ᘒืᇱ‵䛴さㄫ出所 : http://www.wvquine.org/</p></body></slide>
in Sheet Class, page: 1
title = ""
body = "<p>䜦䝮䜽䝌䝊䝰䜽Ⓩᮇ㈻ㄵ䛴ᢀึⓏ᳠ゞ䇮රమౚ䛴さㄫ䛮ᘒืᇱ‵䛴さㄫ出所 : http://www.wvquine.org/</p>"
makeWordArrayJp
paragraph: 䜦䝮䜽䝌䝊䝰䜽Ⓩᮇ㈻ㄵ䛴ᢀึⓏ᳠ゞ䇮රమౚ䛴さㄫ䛮ᘒืᇱ‵䛴さㄫ出所 : http://www.wvquine.org/
出所 :	名詞,サ変接続,*,*,*,*,出所,シュッショ,シュッショ	true	1
http :	名詞,固有名詞,組織,*,*,*,*	false	1
:// :	名詞,サ変接続,*,*,*,*,*	false	1
www :	名詞,一般,*,*,*,*,*	false	1
wvquine :	名詞,一般,*,*,*,*,*	false	1
org :	名詞,一般,*,*,*,*,*	false	1
ページ: 2 -----
<slide page="2"><body><p>ᘒืᇱ‵䛴さㄫ䠌┷⌦ᑊᚺㄕ䛮┷അᇱ‵</p></body></slide>
in Sheet Class, page: 2
title = ""
body = "<p>ᘒืᇱ‵䛴さㄫ䠌┷⌦ᑊᚺㄕ䛮┷അᇱ‵</p>"
makeWordArrayJp
paragraph: ᘒืᇱ‵䛴さㄫ䠌┷⌦ᑊᚺㄕ䛮┷അᇱ‵
┷⌦ :	名詞,サ変接続,*,*,*,*,*	false	1
ページ: 3 -----
<slide page="3"><body><p>䜦䝮䜽䝌䝊䝰䜽Ⓩᮇ㈻/ഃ᭯ᛮ䛱ᑊ䛟䜑ᘒืᇱ‵䛴さㄫ</p></body></slide>
in Sheet Class, page: 3
title = ""
body = "<p>䜦䝮䜽䝌䝊䝰䜽Ⓩᮇ㈻/ഃ᭯ᛮ䛱ᑊ䛟䜑ᘒืᇱ‵䛴さㄫ</p>"
makeWordArrayJp
paragraph: 䜦䝮䜽䝌䝊䝰䜽Ⓩᮇ㈻/ഃ᭯ᛮ䛱ᑊ䛟䜑ᘒืᇱ‵䛴さㄫ
㈻/ :	名詞,サ変接続,*,*,*,*,*	false	1
ページ: 4 -----
<slide page="4"><body><p>䜦䝮䜽䝌䝊䝰䜽䛴ᮇ㈻/ഃ᭯ᛮ䛴ᘒืᇱ‵</p></body></slide>
in Sheet Class, page: 4
title = ""
body = "<p>䜦䝮䜽䝌䝊䝰䜽䛴ᮇ㈻/ഃ᭯ᛮ䛴ᘒืᇱ‵</p>"
makeWordArrayJp
paragraph: 䜦䝮䜽䝌䝊䝰䜽䛴ᮇ㈻/ഃ᭯ᛮ䛴ᘒืᇱ‵
㈻/ :	名詞,サ変接続,*,*,*,*,*	false	1
ページ: 5 -----
<slide page="5"><body><p>䚺䜯䝊䜸䝮䞀ㄵ䚻䛴ゕㄊ⏕ἪⓏ༇ื</p></body></slide>
in Sheet Class, page: 5
title = ""
body = "<p>䚺䜯䝊䜸䝮䞀ㄵ䚻䛴ゕㄊ⏕ἪⓏ༇ื</p>"
makeWordArrayJp
paragraph: 䚺䜯䝊䜸䝮䞀ㄵ䚻䛴ゕㄊ⏕ἪⓏ༇ื
ページ: 6 -----
<slide page="6"><body><p>䜦䝮䜽䝌䝊䝰䜽Ⓩᘒืᇱ‵䛾䛴␪ၡ</p></body></slide>
in Sheet Class, page: 6
title = ""
body = "<p>䜦䝮䜽䝌䝊䝰䜽Ⓩᘒืᇱ‵䛾䛴␪ၡ</p>"
makeWordArrayJp
paragraph: 䜦䝮䜽䝌䝊䝰䜽Ⓩᘒืᇱ‵䛾䛴␪ၡ
ページ: 7 -----
<slide page="7"><body><p>␪ၡ䛴㟸ỬᏽⓏ䛛䠏ᇱ‵䛴᭍ᫍ䛛</p></body></slide>
in Sheet Class, page: 7
title = ""
body = "<p>␪ၡ䛴㟸ỬᏽⓏ䛛䠏ᇱ‵䛴᭍ᫍ䛛</p>"
makeWordArrayJp
paragraph: ␪ၡ䛴㟸ỬᏽⓏ䛛䠏ᇱ‵䛴᭍ᫍ䛛
ページ: 8 -----
<slide page="8"><body><p>⾪⌟䛴䚸⮤↓䛛䚹䛴ᇱ‵</p></body></slide>
in Sheet Class, page: 8
title = ""
body = "<p>⾪⌟䛴䚸⮤↓䛛䚹䛴ᇱ‵</p>"
makeWordArrayJp
paragraph: ⾪⌟䛴䚸⮤↓䛛䚹䛴ᇱ‵
⮤↓ :	名詞,サ変接続,*,*,*,*,*	false	1
ページ: 9 -----
<slide page="9"><body><p>⾪⌟䛴䚸⮤↓䛛䚹䛴᭍ᫍ䛛</p></body></slide>
in Sheet Class, page: 9
title = ""
body = "<p>⾪⌟䛴䚸⮤↓䛛䚹䛴᭍ᫍ䛛</p>"
makeWordArrayJp
paragraph: ⾪⌟䛴䚸⮤↓䛛䚹䛴᭍ᫍ䛛
⮤↓ :	名詞,サ変接続,*,*,*,*,*	false	1
ページ: 10 -----
<slide page="10"><body><p>䜦䝮䜽䝌䝊䝰䜽ᮇ㈻ㄵᢀึ䇮䚸⾪⌟䛴⮤↓䛛䚹䛵䚮䚸ᮇ㈻䠁ഃ᭯ᛮ䚹䛴ᘒืᇱ‵䜘୙䛎䛰䛊</p></body></slide>
in Sheet Class, page: 10
title = ""
body = "<p>䜦䝮䜽䝌䝊䝰䜽ᮇ㈻ㄵᢀึ䇮䚸⾪⌟䛴⮤↓䛛䚹䛵䚮䚸ᮇ㈻䠁ഃ᭯ᛮ䚹䛴ᘒืᇱ‵䜘୙䛎䛰䛊</p>"
makeWordArrayJp
paragraph: 䜦䝮䜽䝌䝊䝰䜽ᮇ㈻ㄵᢀึ䇮䚸⾪⌟䛴⮤↓䛛䚹䛵䚮䚸ᮇ㈻䠁ഃ᭯ᛮ䚹䛴ᘒืᇱ‵䜘୙䛎䛰䛊
⮤↓ :	名詞,サ変接続,*,*,*,*,*	false	1
ページ: 11 -----
<slide page="11"><body><p>䜦䝮䜽䝌䝊䝰䜽Ⓩᮇ㈻ㄵ䛴ᵋ㏸ⓏḖ㝏䇮᪝ᖏゕㄊ䛴ᯗහ䛭䚮䝋䜼䝃䝯䛰༇ื䛴ᏽᘟ໩䛵䛭䛓䛰䛊</p></body></slide>
in Sheet Class, page: 11
title = ""
body = "<p>䜦䝮䜽䝌䝊䝰䜽Ⓩᮇ㈻ㄵ䛴ᵋ㏸ⓏḖ㝏䇮᪝ᖏゕㄊ䛴ᯗහ䛭䚮䝋䜼䝃䝯䛰༇ื䛴ᏽᘟ໩䛵䛭䛓䛰䛊</p>"
makeWordArrayJp
paragraph: 䜦䝮䜽䝌䝊䝰䜽Ⓩᮇ㈻ㄵ䛴ᵋ㏸ⓏḖ㝏䇮᪝ᖏゕㄊ䛴ᯗහ䛭䚮䝋䜼䝃䝯䛰༇ื䛴ᏽᘟ໩䛵䛭䛓䛰䛊
㏸Ⓩ :	名詞,サ変接続,*,*,*,*,*	false	1
ページ: 12 -----
<slide page="12"><body><p>ᮇ㈻୹⩇䛮᪝ᖏゕㄊ䛴㞫፡䇮⛁ᏕⓏெᕝゕㄊ䛴ᵋ⠇䚮䛈䜑䛊䛵ཬᮇ㈻୹⩇䛮䛝䛬䛴᪝ᖏゕㄊᏕὬ</p></body></slide>
in Sheet Class, page: 12
title = ""
body = "<p>ᮇ㈻୹⩇䛮᪝ᖏゕㄊ䛴㞫፡䇮⛁ᏕⓏெᕝゕㄊ䛴ᵋ⠇䚮䛈䜑䛊䛵ཬᮇ㈻୹⩇䛮䛝䛬䛴᪝ᖏゕㄊᏕὬ</p>"
makeWordArrayJp
paragraph: ᮇ㈻୹⩇䛮᪝ᖏゕㄊ䛴㞫፡䇮⛁ᏕⓏெᕝゕㄊ䛴ᵋ⠇䚮䛈䜑䛊䛵ཬᮇ㈻୹⩇䛮䛝䛬䛴᪝ᖏゕㄊᏕὬ
