経営(2)
コック(1)
重役(1)
委員(1)
郵便(1)
制度(1)
インフラ(1)
maff(1)
秘書(1)
評価(1)
France(1)
理由(1)
変化(2)
記者(1)
農地(1)
– (8)
アグリ(1)
多様(1)
ベルギー(1)
局面(1)
うち(1)
バス(1)
スウェーデン(1)
スイス(1)
UK(1)
業者(1)
家具(1)
食品(1)
農用地(1)
銀行(1)
ha(1)
政治(1)
ハリエット(1)
Class(1)
Farm(1)
USDA(1)
ライフスタイル(1)
Marsden(1)
オランダ(1)
go(1)
trends(1)
ギリシャ(1)
アイルランド(1)
Willy(1)
• (10)
警官(1)
組み合わせ(1)
影響(1)
国際(1)
戦後(1)
概念(1)
関心(2)
教師(1)
要因(1)
教授(1)
The(2)
近郊(1)
環境(1)
map(1)
グループ(1)
研究(6)
経済(2)
Sociologia(1)
機関(1)
システム(1)
大陸(1)
規模(1)
田舎(1)
違い(2)
引用(1)
EMg(1)
/_(1)
平均(1)
フランス(2)
西ドイツ(1)
人口(3)
建築(1)
com(1)
uM(1)
増加(1)
Mid(1)
警部(1)
John(1)
th(1)
連鎖(1)
ckOocULE(1)
bp(1)
アイスランド(1)
Actor(1)
書房(1)
革新(1)
htm(3)
報告(1)
Chichester(1)
agriculture(1)
soshiki(1)
こぶし(1)
Economic(1)
rural(1)
技術(2)
and(3)
Problem(1)
運転(1)
TransformaLon(1)
貴族(1)
都市(2)
Migra(1)
gov(1)
住居(1)
分類(1)
新聞(1)
科学(1)
判事(1)
www(3)
特殊(1)
Upper(1)
数値(1)
re(1)
年代(1)
場合(1)
waseda(1)
文献(1)
kikaku(1)
秋津(1)
EIB(1)
ｃｆ(1)
結果(1)
調整(1)
Lancaster(2)
eds(1)
オーストリア(1)
PoliLcal(1)
Theory(1)
Ref(2)
レジーム(2)
community(1)
農家(1)
イギリス(5)
漁師(1)
Century(1)
掃除(1)
意味(1)
危機(1)
産業(1)
北海道(1)
渡辺(1)
Evidence(1)
sem(1)
食料(3)
それ(1)
Service(1)
会社(1)
ロンドン(1)
Vol(1)
Devon(1)
nass(1)
of(3)
muranolt(1)
on(1)
ＵＳＡ(1)
不動産(1)
Reconstituting(1)
hyo(1)
普及(1)
ブロック(1)
理論(1)
Sociology(2)
調査(1)
上流(1)
移住(2)
国勢(1)
応用(1)
Rural(2)
特質(1)
写真(1)
Rurban(1)
http(3)
救急(1)
Policy(1)
ビジネス(1)
医師(1)
XXXIV(1)
Agriculture(1)
北米(1)
接近(2)
取得(1)
隊員(1)
商品(1)
England(2)
弁護士(1)
Social(1)
視点(1)
出所(1)
London(1)
配達(1)
技師(1)
Sons(1)
暗黙(1)
農場(3)
社会(6)
consutitution(1)
耕地(1)
日雇い(1)
seishin(1)
農学(1)
Buckinghamshire(1)
作業(1)
もの(1)
議員(1)
電気(1)
kambou(1)
Murdock(1)
Science(1)
jpg(1)
USA(1)
開発(1)
面積(1)
Germany(1)
ルール(1)
中心(1)
Japan(1)
Press(1)
あたり(1)
階級(2)
支配(1)
日本(2)
ベース(1)
farmpopulaLon(1)
jp(2)
製図(1)
ビル(1)
Issues(1)
UCL(1)
Galpin(1)
土木(1)
複合(1)
農業(7)
ウェイター(1)
農村(5)
大学(1)
下位(1)
-­‐(2)
Halfacree(2)
.;(2)
Research(1)
アクター(1)
Rurality(1)
中流(2)
hXp(1)
.),(1)
AAAAAAAAAGE(1)
Middle(1)
Lower(1)
記田(1)
フード(3)
zuhyou(1)
usda(1)
地域(1)
モノ(1)
counterurbanization(1)
参画(1)
importance(1)
Network(1)
TGqZwd(1)
Theories(1)
職人(1)
確信(1)
イタリア(1)
比率(1)
コミュニティ(1)
法廷(1)
時間(1)
地主(1)
Areas(1)
事業(1)
事務(1)
from(1)
国会(1)
Ruralis(1)
://(4)
デンマーク(1)
労働(2)
Australia(1)
配管(1)
KE(1)
フリードマン(1)
Boyle(1)
周辺(1)
スペイン(1)
pubs(1)
以外(1)
into(1)
条件(1)
the(1)
アメリカ(2)
大工(1)
in(1)
blogspot(1)
ノルウェー(1)
話題(1)
先進(1)
ヨーロッパ(2)
Keith(1)
変貌(1)
{ 1 } { 2 } { 3 } { 4 } { 5 } { 6 } { 7 } { 8 } { 9 } { 10 } { 11 } { 12 } { 13 } { 14 } 
Segment{ 2 }, Segment{ 3 }
コサイン類似度: 0.007644289544939036
Segment{ 3 }, Segment{ 4 }
コサイン類似度: 0.002132615912066106
Segment{ 4 }, Segment{ 5 }
コサイン類似度: 0.018239324652371363
Segment{ 5 }, Segment{ 6 }
コサイン類似度: 0.009230619434926871
Segment{ 6 }, Segment{ 7 }
コサイン類似度: 0.03765961207921375
Segment{ 7 }, Segment{ 8 }
コサイン類似度: 0.0074948534856272685
Segment{ 8 }, Segment{ 9 }
コサイン類似度: 0.011779747655962576
Segment{ 9 }, Segment{ 10 }
コサイン類似度: 0.0012729210589124055
Segment{ 10 }, Segment{ 11 }
コサイン類似度: 0.11965623008620864
Segment{ 11 }, Segment{ 12 }
コサイン類似度: 0.014317569790439525
Segment{ 12 }, Segment{ 13 }
コサイン類似度: 0.027706809082644727
Segment{ 13 }, Segment{ 14 }
コサイン類似度: 0.05517611108761991
経営(2)
コック(1)
重役(1)
委員(1)
郵便(1)
制度(1)
インフラ(1)
maff(1)
秘書(1)
評価(1)
France(1)
理由(1)
変化(1)
記者(1)
農地(1)
– (8)
アグリ(1)
多様(1)
ベルギー(1)
局面(1)
うち(1)
バス(1)
スウェーデン(1)
スイス(1)
UK(1)
業者(1)
家具(1)
食品(1)
農用地(1)
銀行(1)
ha(1)
政治(1)
ハリエット(1)
Class(1)
Farm(1)
USDA(1)
ライフスタイル(1)
Marsden(1)
オランダ(1)
go(1)
trends(1)
ギリシャ(1)
アイルランド(1)
Willy(1)
• (10)
警官(1)
組み合わせ(1)
影響(1)
国際(1)
戦後(1)
概念(1)
関心(2)
教師(1)
要因(1)
教授(1)
The(2)
近郊(1)
環境(1)
map(1)
グループ(1)
研究(6)
経済(2)
Sociologia(1)
機関(1)
システム(1)
大陸(1)
規模(1)
田舎(1)
違い(2)
引用(1)
EMg(1)
/_(1)
平均(1)
フランス(2)
西ドイツ(1)
人口(3)
建築(1)
com(1)
uM(1)
増加(1)
Mid(1)
警部(1)
John(1)
th(1)
連鎖(1)
ckOocULE(1)
bp(1)
アイスランド(1)
Actor(1)
書房(1)
革新(1)
htm(3)
報告(1)
Chichester(1)
agriculture(1)
soshiki(1)
こぶし(1)
Economic(1)
rural(1)
技術(2)
and(3)
Problem(1)
運転(1)
TransformaLon(1)
貴族(1)
都市(2)
Migra(1)
gov(1)
住居(1)
分類(1)
新聞(1)
科学(1)
判事(1)
www(3)
特殊(1)
Upper(1)
数値(1)
re(1)
年代(1)
場合(1)
waseda(1)
文献(1)
kikaku(1)
秋津(1)
EIB(1)
ｃｆ(1)
結果(1)
調整(1)
Lancaster(2)
eds(1)
オーストリア(1)
PoliLcal(1)
Theory(1)
Ref(2)
レジーム(2)
community(1)
農家(1)
イギリス(5)
漁師(1)
Century(1)
掃除(1)
意味(1)
危機(1)
産業(1)
北海道(1)
渡辺(1)
Evidence(1)
sem(1)
食料(3)
それ(1)
Service(1)
会社(1)
ロンドン(1)
Vol(1)
Devon(1)
nass(1)
of(3)
muranolt(1)
on(1)
ＵＳＡ(1)
不動産(1)
Reconstituting(1)
hyo(1)
普及(1)
ブロック(1)
理論(1)
Sociology(2)
調査(1)
上流(1)
移住(2)
国勢(1)
応用(1)
Rural(2)
特質(1)
写真(1)
Rurban(1)
http(3)
救急(1)
Policy(1)
ビジネス(1)
医師(1)
XXXIV(1)
Agriculture(1)
北米(1)
接近(2)
取得(1)
隊員(1)
商品(1)
England(2)
弁護士(1)
Social(1)
視点(1)
出所(1)
London(1)
配達(1)
技師(1)
Sons(1)
暗黙(1)
農場(2)
社会(6)
consutitution(1)
耕地(1)
日雇い(1)
seishin(1)
農学(1)
Buckinghamshire(1)
作業(1)
もの(1)
議員(1)
電気(1)
kambou(1)
Murdock(1)
Science(1)
jpg(1)
USA(1)
開発(1)
面積(1)
Germany(1)
ルール(1)
中心(1)
Japan(1)
Press(1)
あたり(1)
階級(2)
支配(1)
日本(2)
ベース(1)
farmpopulaLon(1)
jp(2)
製図(1)
ビル(1)
Issues(1)
UCL(1)
Galpin(1)
土木(1)
複合(1)
農業(6)
ウェイター(1)
農村(5)
大学(1)
下位(1)
-­‐(2)
Halfacree(2)
.;(2)
Research(1)
アクター(1)
Rurality(1)
中流(2)
hXp(1)
.),(1)
AAAAAAAAAGE(1)
Middle(1)
Lower(1)
記田(1)
フード(3)
zuhyou(1)
usda(1)
地域(1)
モノ(1)
counterurbanization(1)
参画(1)
importance(1)
Network(1)
TGqZwd(1)
Theories(1)
職人(1)
確信(1)
イタリア(1)
比率(1)
コミュニティ(1)
法廷(1)
時間(1)
地主(1)
Areas(1)
事業(1)
事務(1)
from(1)
国会(1)
Ruralis(1)
://(4)
デンマーク(1)
労働(2)
Australia(1)
配管(1)
KE(1)
フリードマン(1)
Boyle(1)
周辺(1)
スペイン(1)
pubs(1)
以外(1)
into(1)
条件(1)
the(1)
アメリカ(1)
大工(1)
in(1)
blogspot(1)
ノルウェー(1)
話題(1)
先進(1)
ヨーロッパ(2)
Keith(1)
変貌(1)
{ 1 } { 2 } { 3 } { 4 } { 5 } { 6 } { 7 } { 8 } { 9 } { 10 11 } { 12 } { 13 } { 14 } 
Segment{ 2 }, Segment{ 3 }
コサイン類似度: 0.007643374796664411
Segment{ 3 }, Segment{ 4 }
コサイン類似度: 0.002132615912066106
Segment{ 4 }, Segment{ 5 }
コサイン類似度: 0.018239324652371363
Segment{ 5 }, Segment{ 6 }
コサイン類似度: 0.00919876097263211
Segment{ 6 }, Segment{ 7 }
コサイン類似度: 0.03752963409237127
Segment{ 7 }, Segment{ 8 }
コサイン類似度: 0.007493896012139875
Segment{ 8 }, Segment{ 9 }
コサイン類似度: 0.012108238948683897
Segment{ 9 }, Segment{ 10 11 }
コサイン類似度: 0.0030936255756541654
Segment{ 10 11 }, Segment{ 12 }
コサイン類似度: 0.017925105069413114
Segment{ 12 }, Segment{ 13 }
コサイン類似度: 0.029468722473998354
Segment{ 13 }, Segment{ 14 }
コサイン類似度: 0.055164163898660135
経営(2)
コック(1)
重役(1)
委員(1)
郵便(1)
制度(1)
インフラ(1)
maff(1)
秘書(1)
評価(1)
France(1)
理由(1)
変化(1)
記者(1)
農地(1)
– (8)
アグリ(1)
多様(1)
ベルギー(1)
局面(1)
うち(1)
バス(1)
スウェーデン(1)
スイス(1)
UK(1)
業者(1)
家具(1)
食品(1)
農用地(1)
銀行(1)
ha(1)
政治(1)
ハリエット(1)
Class(1)
Farm(1)
USDA(1)
ライフスタイル(1)
Marsden(1)
オランダ(1)
go(1)
trends(1)
ギリシャ(1)
アイルランド(1)
Willy(1)
• (9)
警官(1)
組み合わせ(1)
影響(1)
国際(1)
戦後(1)
概念(1)
関心(2)
教師(1)
要因(1)
教授(1)
The(2)
近郊(1)
環境(1)
map(1)
グループ(1)
研究(6)
経済(2)
Sociologia(1)
機関(1)
システム(1)
大陸(1)
規模(1)
田舎(1)
違い(2)
引用(1)
EMg(1)
/_(1)
平均(1)
フランス(2)
西ドイツ(1)
人口(3)
建築(1)
com(1)
uM(1)
増加(1)
Mid(1)
警部(1)
John(1)
th(1)
連鎖(1)
ckOocULE(1)
bp(1)
アイスランド(1)
Actor(1)
書房(1)
革新(1)
htm(3)
報告(1)
Chichester(1)
agriculture(1)
soshiki(1)
こぶし(1)
Economic(1)
rural(1)
技術(2)
and(3)
Problem(1)
運転(1)
TransformaLon(1)
貴族(1)
都市(2)
Migra(1)
gov(1)
住居(1)
分類(1)
新聞(1)
科学(1)
判事(1)
www(3)
特殊(1)
Upper(1)
数値(1)
re(1)
年代(1)
場合(1)
waseda(1)
文献(1)
kikaku(1)
秋津(1)
EIB(1)
ｃｆ(1)
結果(1)
調整(1)
Lancaster(2)
eds(1)
オーストリア(1)
PoliLcal(1)
Theory(1)
Ref(2)
レジーム(1)
community(1)
農家(1)
イギリス(5)
漁師(1)
Century(1)
掃除(1)
意味(1)
危機(1)
産業(1)
北海道(1)
渡辺(1)
Evidence(1)
sem(1)
食料(2)
それ(1)
Service(1)
会社(1)
ロンドン(1)
Vol(1)
Devon(1)
nass(1)
of(3)
muranolt(1)
on(1)
ＵＳＡ(1)
不動産(1)
Reconstituting(1)
hyo(1)
普及(1)
ブロック(1)
理論(1)
Sociology(2)
調査(1)
上流(1)
移住(2)
国勢(1)
応用(1)
Rural(2)
特質(1)
写真(1)
Rurban(1)
http(3)
救急(1)
Policy(1)
ビジネス(1)
医師(1)
XXXIV(1)
Agriculture(1)
北米(1)
接近(2)
取得(1)
隊員(1)
商品(1)
England(2)
弁護士(1)
Social(1)
視点(1)
出所(1)
London(1)
配達(1)
技師(1)
Sons(1)
暗黙(1)
農場(2)
社会(6)
consutitution(1)
耕地(1)
日雇い(1)
seishin(1)
農学(1)
Buckinghamshire(1)
作業(1)
もの(1)
議員(1)
電気(1)
kambou(1)
Murdock(1)
Science(1)
jpg(1)
USA(1)
開発(1)
面積(1)
Germany(1)
ルール(1)
中心(1)
Japan(1)
Press(1)
あたり(1)
階級(2)
支配(1)
日本(2)
ベース(1)
farmpopulaLon(1)
jp(2)
製図(1)
ビル(1)
Issues(1)
UCL(1)
Galpin(1)
土木(1)
複合(1)
農業(6)
ウェイター(1)
農村(5)
大学(1)
下位(1)
-­‐(2)
Halfacree(2)
.;(2)
Research(1)
アクター(1)
Rurality(1)
中流(2)
hXp(1)
.),(1)
AAAAAAAAAGE(1)
Middle(1)
Lower(1)
記田(1)
フード(2)
zuhyou(1)
usda(1)
地域(1)
モノ(1)
counterurbanization(1)
参画(1)
importance(1)
Network(1)
TGqZwd(1)
Theories(1)
職人(1)
確信(1)
イタリア(1)
比率(1)
コミュニティ(1)
法廷(1)
時間(1)
地主(1)
Areas(1)
事業(1)
事務(1)
from(1)
国会(1)
Ruralis(1)
://(4)
デンマーク(1)
労働(2)
Australia(1)
配管(1)
KE(1)
フリードマン(1)
Boyle(1)
周辺(1)
スペイン(1)
pubs(1)
以外(1)
into(1)
条件(1)
the(1)
アメリカ(1)
大工(1)
in(1)
blogspot(1)
ノルウェー(1)
話題(1)
先進(1)
ヨーロッパ(2)
Keith(1)
変貌(1)
{ 1 } { 2 } { 3 } { 4 } { 5 } { 6 } { 7 } { 8 } { 9 } { 10 11 } { 12 } { 13 14 } 
Segment{ 2 }, Segment{ 3 }
コサイン類似度: 0.007643083709777404
Segment{ 3 }, Segment{ 4 }
コサイン類似度: 0.0021321396133079915
Segment{ 4 }, Segment{ 5 }
コサイン類似度: 0.018714014935328406
Segment{ 5 }, Segment{ 6 }
コサイン類似度: 0.010053085528403654
Segment{ 6 }, Segment{ 7 }
コサイン類似度: 0.0382581337592999
Segment{ 7 }, Segment{ 8 }
コサイン類似度: 0.007818206844798675
Segment{ 8 }, Segment{ 9 }
コサイン類似度: 0.012672500674693544
Segment{ 9 }, Segment{ 10 11 }
コサイン類似度: 0.003091709393369672
Segment{ 10 11 }, Segment{ 12 }
コサイン類似度: 0.017912002739829347
Segment{ 12 }, Segment{ 13 14 }
コサイン類似度: 0.021426537207111823
