filename: 05
xmlFile: /home/sakamoto/OCWData/ocw.kyoto-u.ac.jp/56-畜産技術論と実習II（久米新一）,2011/05/slide.xml
dir: /home/sakamoto/OCWData/ocw.kyoto-u.ac.jp/56-畜産技術論と実習II（久米新一）,2011/05
XML:
<presentation language="ja"><slide page="1"><body><p>畜産技術論と実習Ⅱ 「家畜飼養に関するｺﾝﾋﾟｭｰﾀｰ実習」  畜産資源学分野　廣岡・大石  </p></body></slide><slide page="2"><body><p>概要	１．講義 ・畜産分野におけるモデル利用 　生産モデル、成長モデル、泌乳モデル等の概要紹介 ・飼養標準の利用 　ARC、NRC、日本飼養標準に対する説明 ２．実習 ・飼料設計プログラムの利用 　黒毛和種繁殖雌牛および肥育牛に対する飼料設計の実施 　（京都大学附属牧場の既存の設計飼料を参考）	</p></body></slide></presentation>
ページ: 1 -----
<slide page="1"><body><p>畜産技術論と実習Ⅱ 「家畜飼養に関するｺﾝﾋﾟｭｰﾀｰ実習」  畜産資源学分野　廣岡・大石  </p></body></slide>
in Sheet Class, page: 1
title = ""
body = "<p>畜産技術論と実習Ⅱ 「家畜飼養に関するｺﾝﾋﾟｭｰﾀｰ実習」  畜産資源学分野　廣岡・大石  </p>"
makeWordArrayJp
paragraph: 畜産技術論と実習Ⅱ 「家畜飼養に関するｺﾝﾋﾟｭｰﾀｰ実習」  畜産資源学分野　廣岡・大石  
畜産 :	名詞,サ変接続,*,*,*,*,畜産,チクサン,チクサン	true	1
技術 :	名詞,一般,*,*,*,*,技術,ギジュツ,ギジュツ	true	1
実習 :	名詞,サ変接続,*,*,*,*,実習,ジッシュウ,ジッシュー	true	1
家畜 :	名詞,一般,*,*,*,*,家畜,カチク,カチク	true	1
飼養 :	名詞,サ変接続,*,*,*,*,飼養,シヨウ,シヨー	true	1
ｺﾝﾋﾟｭｰﾀｰ :	名詞,一般,*,*,*,*,*	false	1
実習 :	名詞,サ変接続,*,*,*,*,実習,ジッシュウ,ジッシュー	true	2
畜産 :	名詞,サ変接続,*,*,*,*,畜産,チクサン,チクサン	true	2
資源 :	名詞,一般,*,*,*,*,資源,シゲン,シゲン	true	1
分野 :	名詞,一般,*,*,*,*,分野,ブンヤ,ブンヤ	true	1
大石 :	名詞,固有名詞,人名,姓,*,*,大石,オオイシ,オーイシ	true	1
ページ: 2 -----
<slide page="2"><body><p>概要	１．講義 ・畜産分野におけるモデル利用 　生産モデル、成長モデル、泌乳モデル等の概要紹介 ・飼養標準の利用 　ARC、NRC、日本飼養標準に対する説明 ２．実習 ・飼料設計プログラムの利用 　黒毛和種繁殖雌牛および肥育牛に対する飼料設計の実施 　（京都大学附属牧場の既存の設計飼料を参考）	</p></body></slide>
in Sheet Class, page: 2
title = ""
body = "<p>概要	１．講義 ・畜産分野におけるモデル利用 　生産モデル、成長モデル、泌乳モデル等の概要紹介 ・飼養標準の利用 　ARC、NRC、日本飼養標準に対する説明 ２．実習 ・飼料設計プログラムの利用 　黒毛和種繁殖雌牛および肥育牛に対する飼料設計の実施 　（京都大学附属牧場の既存の設計飼料を参考）	</p>"
makeWordArrayJp
paragraph: 概要	１．講義 ・畜産分野におけるモデル利用 　生産モデル、成長モデル、泌乳モデル等の概要紹介 ・飼養標準の利用 　ARC、NRC、日本飼養標準に対する説明 ２．実習 ・飼料設計プログラムの利用 　黒毛和種繁殖雌牛および肥育牛に対する飼料設計の実施 　（京都大学附属牧場の既存の設計飼料を参考）	
概要 :	名詞,一般,*,*,*,*,概要,ガイヨウ,ガイヨー	true	1
講義 :	名詞,サ変接続,*,*,*,*,講義,コウギ,コーギ	true	1
畜産 :	名詞,サ変接続,*,*,*,*,畜産,チクサン,チクサン	true	1
分野 :	名詞,一般,*,*,*,*,分野,ブンヤ,ブンヤ	true	1
モデル :	名詞,一般,*,*,*,*,モデル,モデル,モデル	true	1
利用 :	名詞,サ変接続,*,*,*,*,利用,リヨウ,リヨー	true	1
生産 :	名詞,サ変接続,*,*,*,*,生産,セイサン,セイサン	true	1
モデル :	名詞,一般,*,*,*,*,モデル,モデル,モデル	true	2
成長 :	名詞,サ変接続,*,*,*,*,成長,セイチョウ,セイチョー	true	1
モデル :	名詞,一般,*,*,*,*,モデル,モデル,モデル	true	3
モデル :	名詞,一般,*,*,*,*,モデル,モデル,モデル	true	4
概要 :	名詞,一般,*,*,*,*,概要,ガイヨウ,ガイヨー	true	2
紹介 :	名詞,サ変接続,*,*,*,*,紹介,ショウカイ,ショーカイ	true	1
飼養 :	名詞,サ変接続,*,*,*,*,飼養,シヨウ,シヨー	true	1
標準 :	名詞,一般,*,*,*,*,標準,ヒョウジュン,ヒョージュン	true	1
利用 :	名詞,サ変接続,*,*,*,*,利用,リヨウ,リヨー	true	2
ARC :	名詞,固有名詞,組織,*,*,*,*	false	1
NRC :	名詞,固有名詞,組織,*,*,*,*	false	1
日本 :	名詞,固有名詞,地域,国,*,*,日本,ニッポン,ニッポン	true	1
飼養 :	名詞,サ変接続,*,*,*,*,飼養,シヨウ,シヨー	true	2
標準 :	名詞,一般,*,*,*,*,標準,ヒョウジュン,ヒョージュン	true	2
説明 :	名詞,サ変接続,*,*,*,*,説明,セツメイ,セツメイ	true	1
実習 :	名詞,サ変接続,*,*,*,*,実習,ジッシュウ,ジッシュー	true	1
飼料 :	名詞,一般,*,*,*,*,飼料,シリョウ,シリョー	true	1
設計 :	名詞,サ変接続,*,*,*,*,設計,セッケイ,セッケイ	true	1
プログラム :	名詞,サ変接続,*,*,*,*,プログラム,プログラム,プログラム	true	1
利用 :	名詞,サ変接続,*,*,*,*,利用,リヨウ,リヨー	true	3
黒毛 :	名詞,一般,*,*,*,*,黒毛,クロゲ,クロゲ	true	1
繁殖 :	名詞,サ変接続,*,*,*,*,繁殖,ハンショク,ハンショク	true	1
雌牛 :	名詞,一般,*,*,*,*,雌牛,メウシ,メウシ	true	1
肥育 :	名詞,一般,*,*,*,*,肥育,ヒイク,ヒイク	true	1
飼料 :	名詞,一般,*,*,*,*,飼料,シリョウ,シリョー	true	2
設計 :	名詞,サ変接続,*,*,*,*,設計,セッケイ,セッケイ	true	2
実施 :	名詞,サ変接続,*,*,*,*,実施,ジッシ,ジッシ	true	1
京都 :	名詞,固有名詞,地域,一般,*,*,京都,キョウト,キョート	true	1
大学 :	名詞,一般,*,*,*,*,大学,ダイガク,ダイガク	true	1
附属 :	名詞,サ変接続,*,*,*,*,附属,フゾク,フゾク	true	1
牧場 :	名詞,一般,*,*,*,*,牧場,ボクジョウ,ボクジョー	true	1
既存 :	名詞,サ変接続,*,*,*,*,既存,キソン,キソン	true	1
設計 :	名詞,サ変接続,*,*,*,*,設計,セッケイ,セッケイ	true	3
飼料 :	名詞,一般,*,*,*,*,飼料,シリョウ,シリョー	true	3
参考 :	名詞,サ変接続,*,*,*,*,参考,サンコウ,サンコー	true	1
