意思決定(1)
地域社会(1)
個人経営(1)
株式会社(1)
食品加工(1)
環境保全(1)
観光農園(1)
無形文化財(1)
フラワーアレンジメント(1)
社会関係(1)
地域資源(1)
渡辺めぐみ(1)
ジェンダー研究(1)
ドライフラワー(1)
{ 1 } { 2 } { 3 } { 4 } { 5 } { 6 } { 7 } { 8 } { 9 } { 10 } { 11 } { 12 } { 13 } { 14 } { 15 } 
Segment{ 2 }, Segment{ 3 }
コサイン類似度: NaN
Segment{ 3 }, Segment{ 4 }
コサイン類似度: NaN
Segment{ 4 }, Segment{ 5 }
コサイン類似度: NaN
Segment{ 5 }, Segment{ 6 }
コサイン類似度: NaN
Segment{ 6 }, Segment{ 7 }
コサイン類似度: NaN
Segment{ 7 }, Segment{ 8 }
コサイン類似度: NaN
Segment{ 8 }, Segment{ 9 }
コサイン類似度: 0.0
Segment{ 9 }, Segment{ 10 }
コサイン類似度: 0.0
Segment{ 10 }, Segment{ 11 }
コサイン類似度: 0.0
Segment{ 11 }, Segment{ 12 }
コサイン類似度: NaN
Segment{ 12 }, Segment{ 13 }
コサイン類似度: NaN
Segment{ 13 }, Segment{ 14 }
コサイン類似度: 0.0
Segment{ 14 }, Segment{ 15 }
コサイン類似度: 0.0
経営(2)
エンパワーメント(2)
理恵子(1)
構成(2)
克服(1)
委員(1)
農園(1)
③：(1)
変化(2)
レストラン(1)
– (1)
課題(1)
ハープ(1)
②：(1)
EU(1)
食品(1)
総数(1)
政治(1)
総体(1)
有信(1)
余裕(1)
‒ (9)
ホームページ(1)
用語(1)
協会(1)
保育(1)
• (12)
ごと(1)
①：(1)
酪農(1)
環境(1)
農林(1)
デイサービス(1)
朝市(1)
実態(1)
グループ(4)
研究(5)
ヘルパー(1)
家庭(1)
伝統(1)
機関(1)
起業(8)
システム(1)
意思(1)
明らか(1)
文化(1)
田舎(1)
ジャム(1)
生産(2)
Family(1)
違い(2)
アレンジメント(1)
農水省(1)
重複(1)
水書(1)
具体(2)
最近(1)
和菓子(1)
女性(12)
ネットワーク(3)
昭和堂(1)
統計(1)
指定(1)
こと(3)
宮城(1)
愛着(1)
加工(1)
犠牲(2)
個人(1)
当たり前(1)
以降(1)
過重(1)
死去(1)
組織(2)
体験(1)
つながり(3)
従業(2)
由紀子(1)
販売(1)
都市(2)
手法(1)
独占(1)
ため(2)
作成(1)
その他(1)
プロセス(1)
広がり(1)
セクシャリティ(1)
福与(1)
特殊(1)
めぐみ(1)
存在(1)
年代(1)
排除(1)
観光(1)
farm(1)
秋津(2)
株式(1)
• 「(1)
集落(1)
平等(1)
%)(1)
農家(2)
コモンズ(1)
民宿(1)
澁谷(1)
注目(1)
資源(1)
直接(1)
渡辺(1)
フラワー(1)
農林水産省(1)
弁当(1)
会社(1)
男性(5)
重要(1)
流通(1)
ジェンダー(4)
サービス(1)
直売(1)
場所(1)
調査(1)
各種(1)
分析(1)
メンバー(2)
漬物(1)
思考(1)
農作業(2)
和佐(1)
岩崎(1)
年齢(1)
資料(1)
現代(1)
発見(1)
集団(1)
交流(1)
社会(5)
主導(1)
家父長制(1)
農学(1)
麺類(1)
家族(1)
救世主(2)
もの(1)
離れ(1)
問題(1)
関係(3)
人間(1)
年度(2)
藤井(1)
権利(1)
文化財(1)
中心(1)
広告(1)
継続(2)
日本(1)
状況(1)
無形(1)
保全(1)
政策(1)
農業(5)
農村(10)
‒ 「(3)
ヒロイン(1)
ドライ(1)
決定(1)
形態(1)
内容(1)
構築(1)
定義(1)
芸能(1)
地域(2)
大石(1)
成果(1)
解散(1)
柏尾(1)
パン(1)
全員(1)
とも(1)
Feminism(1)
役員(2)
合計(1)
発展(1)
事業(1)
無視(1)
パーソナル(1)
発言(1)
永野(1)
偏重(1)
労働(3)
季節(1)
情報(1)
対称(1)
製造(1)
イデオロギー(1)
歴史(1)
以外(1)
高齢(1)
受託(1)
宅配(1)
受け入れ(1)
当初(1)
活動(1)
偏り(1)
就農(1)
産直(1)
就業(1)
{ 1 } { 2 } { 3 } { 4 } { 5 } { 6 } { 7 } { 8 } { 9 } { 10 } { 11 } { 12 } { 13 } { 14 } { 15 } 
Segment{ 2 }, Segment{ 3 }
コサイン類似度: 0.015575383998229586
Segment{ 3 }, Segment{ 4 }
コサイン類似度: 0.010927210886516055
Segment{ 4 }, Segment{ 5 }
コサイン類似度: 0.04860469185628244
Segment{ 5 }, Segment{ 6 }
コサイン類似度: 0.04136333430924532
Segment{ 6 }, Segment{ 7 }
コサイン類似度: 0.05655338788531662
Segment{ 7 }, Segment{ 8 }
コサイン類似度: 0.019585096796396584
Segment{ 8 }, Segment{ 9 }
コサイン類似度: 0.003220777454979851
Segment{ 9 }, Segment{ 10 }
コサイン類似度: 0.0031788386701373694
Segment{ 10 }, Segment{ 11 }
コサイン類似度: 0.014480782463831743
Segment{ 11 }, Segment{ 12 }
コサイン類似度: 0.025855430509754362
Segment{ 12 }, Segment{ 13 }
コサイン類似度: 0.099493726868324
Segment{ 13 }, Segment{ 14 }
コサイン類似度: 0.007009279221486669
Segment{ 14 }, Segment{ 15 }
コサイン類似度: 0.004482764324578753
経営(2)
エンパワーメント(2)
理恵子(1)
構成(2)
克服(1)
委員(1)
農園(1)
③：(1)
変化(2)
レストラン(1)
– (1)
課題(1)
ハープ(1)
②：(1)
EU(1)
食品(1)
総数(1)
政治(1)
総体(1)
有信(1)
余裕(1)
‒ (9)
ホームページ(1)
用語(1)
協会(1)
保育(1)
• (11)
ごと(1)
①：(1)
酪農(1)
環境(1)
農林(1)
デイサービス(1)
朝市(1)
実態(1)
グループ(3)
研究(5)
ヘルパー(1)
家庭(1)
伝統(1)
機関(1)
起業(7)
システム(1)
意思(1)
明らか(1)
文化(1)
田舎(1)
ジャム(1)
生産(2)
Family(1)
違い(2)
アレンジメント(1)
農水省(1)
重複(1)
水書(1)
具体(2)
最近(1)
和菓子(1)
女性(11)
ネットワーク(3)
昭和堂(1)
統計(1)
指定(1)
こと(3)
宮城(1)
愛着(1)
加工(1)
犠牲(2)
個人(1)
当たり前(1)
以降(1)
過重(1)
死去(1)
組織(2)
体験(1)
つながり(3)
従業(1)
由紀子(1)
販売(1)
都市(2)
手法(1)
独占(1)
ため(2)
作成(1)
その他(1)
プロセス(1)
広がり(1)
セクシャリティ(1)
福与(1)
特殊(1)
めぐみ(1)
存在(1)
年代(1)
排除(1)
観光(1)
farm(1)
秋津(2)
株式(1)
• 「(1)
集落(1)
平等(1)
%)(1)
農家(2)
コモンズ(1)
民宿(1)
澁谷(1)
注目(1)
資源(1)
直接(1)
渡辺(1)
フラワー(1)
農林水産省(1)
弁当(1)
会社(1)
男性(5)
重要(1)
流通(1)
ジェンダー(4)
サービス(1)
直売(1)
場所(1)
調査(1)
各種(1)
分析(1)
メンバー(2)
漬物(1)
思考(1)
農作業(2)
和佐(1)
岩崎(1)
年齢(1)
資料(1)
現代(1)
発見(1)
集団(1)
交流(1)
社会(5)
主導(1)
家父長制(1)
農学(1)
麺類(1)
家族(1)
救世主(2)
もの(1)
離れ(1)
問題(1)
関係(3)
人間(1)
年度(2)
藤井(1)
権利(1)
文化財(1)
中心(1)
広告(1)
継続(1)
日本(1)
状況(1)
無形(1)
保全(1)
政策(1)
農業(5)
農村(10)
‒ 「(3)
ヒロイン(1)
ドライ(1)
決定(1)
形態(1)
内容(1)
構築(1)
定義(1)
芸能(1)
地域(2)
大石(1)
成果(1)
解散(1)
柏尾(1)
パン(1)
全員(1)
とも(1)
Feminism(1)
役員(2)
合計(1)
発展(1)
事業(1)
無視(1)
パーソナル(1)
発言(1)
永野(1)
偏重(1)
労働(3)
季節(1)
情報(1)
対称(1)
製造(1)
イデオロギー(1)
歴史(1)
以外(1)
高齢(1)
受託(1)
宅配(1)
受け入れ(1)
当初(1)
活動(1)
偏り(1)
就農(1)
産直(1)
就業(1)
{ 1 } { 2 } { 3 } { 4 } { 5 } { 6 } { 7 } { 8 } { 9 } { 10 } { 11 } { 12 13 } { 14 } { 15 } 
Segment{ 2 }, Segment{ 3 }
コサイン類似度: 0.01630032914782689
Segment{ 3 }, Segment{ 4 }
コサイン類似度: 0.011709389237335624
Segment{ 4 }, Segment{ 5 }
コサイン類似度: 0.05095068003773654
Segment{ 5 }, Segment{ 6 }
コサイン類似度: 0.04338852161416663
Segment{ 6 }, Segment{ 7 }
コサイン類似度: 0.05780531343848486
Segment{ 7 }, Segment{ 8 }
コサイン類似度: 0.020441141410240917
Segment{ 8 }, Segment{ 9 }
コサイン類似度: 0.003820695500676848
Segment{ 9 }, Segment{ 10 }
コサイン類似度: 0.003923852914272501
Segment{ 10 }, Segment{ 11 }
コサイン類似度: 0.023688304135818936
Segment{ 11 }, Segment{ 12 13 }
コサイン類似度: 0.03771499030053604
Segment{ 12 13 }, Segment{ 14 }
コサイン類似度: 0.007921651538852357
Segment{ 14 }, Segment{ 15 }
コサイン類似度: 0.005136665323778488
経営(2)
エンパワーメント(2)
理恵子(1)
構成(2)
克服(1)
委員(1)
農園(1)
③：(1)
変化(2)
レストラン(1)
– (1)
課題(1)
ハープ(1)
EU(1)
②：(1)
食品(1)
総数(1)
政治(1)
総体(1)
有信(1)
余裕(1)
‒ (8)
ホームページ(1)
用語(1)
協会(1)
保育(1)
• (10)
ごと(1)
①：(1)
酪農(1)
環境(1)
農林(1)
デイサービス(1)
朝市(1)
実態(1)
グループ(3)
研究(4)
ヘルパー(1)
家庭(1)
伝統(1)
機関(1)
起業(7)
システム(1)
意思(1)
明らか(1)
文化(1)
田舎(1)
ジャム(1)
生産(2)
Family(1)
違い(2)
アレンジメント(1)
農水省(1)
重複(1)
水書(1)
具体(2)
最近(1)
和菓子(1)
女性(11)
ネットワーク(3)
昭和堂(1)
統計(1)
指定(1)
こと(3)
宮城(1)
愛着(1)
加工(1)
犠牲(2)
個人(1)
当たり前(1)
以降(1)
過重(1)
死去(1)
組織(2)
体験(1)
つながり(3)
従業(1)
由紀子(1)
販売(1)
都市(2)
手法(1)
独占(1)
ため(2)
作成(1)
その他(1)
プロセス(1)
広がり(1)
セクシャリティ(1)
福与(1)
特殊(1)
めぐみ(1)
存在(1)
年代(1)
排除(1)
観光(1)
farm(1)
秋津(2)
株式(1)
• 「(1)
集落(1)
平等(1)
%)(1)
農家(2)
コモンズ(1)
民宿(1)
澁谷(1)
注目(1)
資源(1)
直接(1)
渡辺(1)
フラワー(1)
農林水産省(1)
弁当(1)
会社(1)
男性(4)
重要(1)
流通(1)
ジェンダー(4)
サービス(1)
直売(1)
場所(1)
調査(1)
各種(1)
分析(1)
メンバー(2)
漬物(1)
思考(1)
農作業(2)
和佐(1)
岩崎(1)
年齢(1)
資料(1)
現代(1)
発見(1)
集団(1)
交流(1)
社会(5)
主導(1)
家父長制(1)
農学(1)
麺類(1)
家族(1)
救世主(2)
もの(1)
離れ(1)
問題(1)
関係(2)
人間(1)
年度(2)
藤井(1)
権利(1)
文化財(1)
中心(1)
広告(1)
継続(1)
日本(1)
状況(1)
無形(1)
保全(1)
政策(1)
農業(5)
農村(9)
‒ 「(3)
ヒロイン(1)
ドライ(1)
決定(1)
形態(1)
内容(1)
構築(1)
定義(1)
芸能(1)
地域(2)
大石(1)
成果(1)
解散(1)
柏尾(1)
パン(1)
全員(1)
とも(1)
Feminism(1)
役員(2)
合計(1)
発展(1)
事業(1)
無視(1)
パーソナル(1)
発言(1)
永野(1)
偏重(1)
労働(3)
季節(1)
情報(1)
対称(1)
製造(1)
イデオロギー(1)
歴史(1)
以外(1)
高齢(1)
受託(1)
宅配(1)
受け入れ(1)
当初(1)
活動(1)
偏り(1)
就農(1)
産直(1)
就業(1)
{ 1 } { 2 } { 3 } { 4 } { 5 } { 6 7 } { 8 } { 9 } { 10 } { 11 } { 12 13 } { 14 } { 15 } 
Segment{ 2 }, Segment{ 3 }
コサイン類似度: 0.01699058906417363
Segment{ 3 }, Segment{ 4 }
コサイン類似度: 0.012504942485940824
Segment{ 4 }, Segment{ 5 }
コサイン類似度: 0.05530182714617431
Segment{ 5 }, Segment{ 6 7 }
コサイン類似度: 0.057506415956951086
Segment{ 6 7 }, Segment{ 8 }
コサイン類似度: 0.1070228867744684
Segment{ 8 }, Segment{ 9 }
コサイン類似度: 0.004040801808926473
Segment{ 9 }, Segment{ 10 }
コサイン類似度: 0.003817490759385329
Segment{ 10 }, Segment{ 11 }
コサイン類似度: 0.023046108208476523
Segment{ 11 }, Segment{ 12 13 }
コサイン類似度: 0.037784072285121595
Segment{ 12 13 }, Segment{ 14 }
コサイン類似度: 0.009566384939085147
Segment{ 14 }, Segment{ 15 }
コサイン類似度: 0.006223648981501657
経営(2)
エンパワーメント(1)
理恵子(1)
構成(2)
克服(1)
委員(1)
農園(1)
③：(1)
変化(2)
レストラン(1)
– (1)
課題(1)
ハープ(1)
②：(1)
EU(1)
食品(1)
総数(1)
政治(1)
総体(1)
有信(1)
余裕(1)
‒ (7)
ホームページ(1)
用語(1)
協会(1)
保育(1)
• (9)
ごと(1)
①：(1)
酪農(1)
環境(1)
農林(1)
デイサービス(1)
朝市(1)
実態(1)
グループ(3)
研究(4)
ヘルパー(1)
家庭(1)
伝統(1)
機関(1)
起業(6)
システム(1)
意思(1)
明らか(1)
文化(1)
田舎(1)
ジャム(1)
生産(2)
Family(1)
違い(2)
アレンジメント(1)
農水省(1)
重複(1)
水書(1)
具体(2)
最近(1)
和菓子(1)
女性(10)
ネットワーク(3)
昭和堂(1)
統計(1)
指定(1)
こと(3)
宮城(1)
愛着(1)
加工(1)
犠牲(2)
個人(1)
当たり前(1)
以降(1)
過重(1)
死去(1)
組織(2)
体験(1)
つながり(3)
従業(1)
由紀子(1)
販売(1)
都市(2)
手法(1)
独占(1)
ため(2)
作成(1)
その他(1)
プロセス(1)
広がり(1)
セクシャリティ(1)
福与(1)
特殊(1)
めぐみ(1)
存在(1)
年代(1)
排除(1)
観光(1)
farm(1)
秋津(2)
株式(1)
• 「(1)
集落(1)
平等(1)
%)(1)
農家(2)
コモンズ(1)
民宿(1)
澁谷(1)
注目(1)
資源(1)
直接(1)
渡辺(1)
フラワー(1)
農林水産省(1)
弁当(1)
会社(1)
男性(3)
重要(1)
流通(1)
ジェンダー(4)
サービス(1)
直売(1)
場所(1)
調査(1)
分析(1)
各種(1)
メンバー(2)
漬物(1)
思考(1)
農作業(2)
和佐(1)
岩崎(1)
年齢(1)
資料(1)
現代(1)
発見(1)
集団(1)
交流(1)
社会(5)
主導(1)
家父長制(1)
農学(1)
麺類(1)
家族(1)
救世主(2)
もの(1)
離れ(1)
問題(1)
関係(2)
人間(1)
年度(2)
藤井(1)
権利(1)
文化財(1)
中心(1)
広告(1)
継続(1)
日本(1)
状況(1)
無形(1)
保全(1)
政策(1)
農業(5)
農村(8)
‒ 「(3)
ヒロイン(1)
ドライ(1)
決定(1)
形態(1)
内容(1)
構築(1)
定義(1)
芸能(1)
地域(2)
大石(1)
成果(1)
解散(1)
柏尾(1)
パン(1)
全員(1)
とも(1)
Feminism(1)
役員(2)
合計(1)
発展(1)
事業(1)
無視(1)
パーソナル(1)
発言(1)
永野(1)
偏重(1)
労働(3)
季節(1)
情報(1)
対称(1)
製造(1)
イデオロギー(1)
歴史(1)
以外(1)
高齢(1)
受託(1)
宅配(1)
受け入れ(1)
当初(1)
活動(1)
偏り(1)
就農(1)
産直(1)
就業(1)
{ 1 } { 2 } { 3 } { 4 } { 5 } { 6 7 8 } { 9 } { 10 } { 11 } { 12 13 } { 14 } { 15 } 
Segment{ 2 }, Segment{ 3 }
コサイン類似度: 0.018154816705293973
Segment{ 3 }, Segment{ 4 }
コサイン類似度: 0.013767734044506432
Segment{ 4 }, Segment{ 5 }
コサイン類似度: 0.06239745213308582
Segment{ 5 }, Segment{ 6 7 8 }
コサイン類似度: 0.05767271119301243
Segment{ 6 7 8 }, Segment{ 9 }
コサイン類似度: 0.010210827999056189
Segment{ 9 }, Segment{ 10 }
コサイン類似度: 0.004862837332059116
Segment{ 10 }, Segment{ 11 }
コサイン類似度: 0.024046461491240623
Segment{ 11 }, Segment{ 12 13 }
コサイン類似度: 0.03884999413857488
Segment{ 12 13 }, Segment{ 14 }
コサイン類似度: 0.011707935931013812
Segment{ 14 }, Segment{ 15 }
コサイン類似度: 0.007655206338255848
経営(2)
エンパワーメント(1)
理恵子(1)
構成(2)
克服(1)
委員(1)
農園(1)
③：(1)
変化(2)
レストラン(1)
– (1)
課題(1)
ハープ(1)
②：(1)
EU(1)
食品(1)
総数(1)
政治(1)
総体(1)
有信(1)
余裕(1)
‒ (6)
ホームページ(1)
用語(1)
協会(1)
保育(1)
• (8)
ごと(1)
①：(1)
酪農(1)
環境(1)
農林(1)
デイサービス(1)
朝市(1)
実態(1)
グループ(3)
研究(4)
ヘルパー(1)
家庭(1)
伝統(1)
機関(1)
起業(6)
システム(1)
意思(1)
明らか(1)
文化(1)
田舎(1)
ジャム(1)
生産(2)
Family(1)
違い(2)
アレンジメント(1)
農水省(1)
重複(1)
水書(1)
具体(2)
最近(1)
和菓子(1)
女性(9)
ネットワーク(3)
昭和堂(1)
統計(1)
指定(1)
こと(3)
宮城(1)
愛着(1)
加工(1)
犠牲(2)
個人(1)
当たり前(1)
以降(1)
過重(1)
死去(1)
組織(2)
体験(1)
つながり(3)
従業(1)
由紀子(1)
販売(1)
都市(2)
手法(1)
独占(1)
ため(2)
作成(1)
その他(1)
プロセス(1)
広がり(1)
セクシャリティ(1)
福与(1)
特殊(1)
めぐみ(1)
存在(1)
年代(1)
排除(1)
観光(1)
farm(1)
秋津(2)
株式(1)
• 「(1)
集落(1)
平等(1)
%)(1)
農家(2)
コモンズ(1)
民宿(1)
澁谷(1)
注目(1)
資源(1)
直接(1)
渡辺(1)
フラワー(1)
農林水産省(1)
弁当(1)
会社(1)
男性(3)
重要(1)
流通(1)
ジェンダー(4)
サービス(1)
直売(1)
場所(1)
調査(1)
分析(1)
各種(1)
メンバー(2)
漬物(1)
思考(1)
農作業(2)
和佐(1)
岩崎(1)
年齢(1)
資料(1)
現代(1)
発見(1)
集団(1)
交流(1)
社会(5)
主導(1)
家父長制(1)
農学(1)
麺類(1)
家族(1)
救世主(2)
もの(1)
離れ(1)
問題(1)
関係(2)
人間(1)
年度(2)
藤井(1)
権利(1)
文化財(1)
中心(1)
広告(1)
継続(1)
日本(1)
状況(1)
無形(1)
保全(1)
政策(1)
農業(5)
農村(7)
‒ 「(3)
ヒロイン(1)
ドライ(1)
決定(1)
形態(1)
内容(1)
構築(1)
定義(1)
芸能(1)
地域(2)
大石(1)
成果(1)
解散(1)
柏尾(1)
パン(1)
全員(1)
とも(1)
Feminism(1)
役員(2)
合計(1)
発展(1)
事業(1)
無視(1)
パーソナル(1)
発言(1)
永野(1)
偏重(1)
労働(2)
季節(1)
情報(1)
対称(1)
製造(1)
イデオロギー(1)
歴史(1)
以外(1)
高齢(1)
受託(1)
宅配(1)
受け入れ(1)
当初(1)
活動(1)
偏り(1)
就農(1)
産直(1)
就業(1)
{ 1 } { 2 } { 3 } { 4 5 } { 6 7 8 } { 9 } { 10 } { 11 } { 12 13 } { 14 } { 15 } 
Segment{ 2 }, Segment{ 3 }
コサイン類似度: 0.019735404750916324
Segment{ 3 }, Segment{ 4 5 }
コサイン類似度: 0.014996327660675095
Segment{ 6 7 8 }, Segment{ 9 }
コサイン類似度: 0.011310854044981887
Segment{ 9 }, Segment{ 10 }
コサイン類似度: 0.005433751056312677
Segment{ 10 }, Segment{ 11 }
コサイン類似度: 0.02455402157253813
Segment{ 11 }, Segment{ 12 13 }
コサイン類似度: 0.039329787582094496
Segment{ 12 13 }, Segment{ 14 }
コサイン類似度: 0.014933345810311584
Segment{ 14 }, Segment{ 15 }
コサイン類似度: 0.009824605237856339
経営(2)
エンパワーメント(1)
理恵子(1)
構成(2)
克服(1)
委員(1)
農園(1)
③：(1)
変化(2)
レストラン(1)
– (1)
課題(1)
ハープ(1)
②：(1)
EU(1)
食品(1)
総数(1)
政治(1)
総体(1)
有信(1)
余裕(1)
‒ (6)
ホームページ(1)
用語(1)
協会(1)
保育(1)
• (8)
ごと(1)
①：(1)
酪農(1)
環境(1)
農林(1)
デイサービス(1)
朝市(1)
実態(1)
グループ(3)
研究(4)
ヘルパー(1)
家庭(1)
伝統(1)
機関(1)
起業(6)
システム(1)
意思(1)
明らか(1)
文化(1)
田舎(1)
ジャム(1)
生産(2)
Family(1)
違い(2)
アレンジメント(1)
農水省(1)
重複(1)
水書(1)
具体(2)
最近(1)
和菓子(1)
女性(9)
ネットワーク(3)
昭和堂(1)
統計(1)
指定(1)
こと(3)
宮城(1)
愛着(1)
加工(1)
犠牲(2)
個人(1)
当たり前(1)
以降(1)
過重(1)
死去(1)
組織(2)
体験(1)
つながり(3)
従業(1)
由紀子(1)
販売(1)
都市(2)
手法(1)
独占(1)
ため(2)
作成(1)
その他(1)
プロセス(1)
広がり(1)
セクシャリティ(1)
福与(1)
特殊(1)
めぐみ(1)
存在(1)
年代(1)
排除(1)
観光(1)
farm(1)
秋津(2)
株式(1)
• 「(1)
集落(1)
平等(1)
%)(1)
農家(2)
コモンズ(1)
民宿(1)
澁谷(1)
注目(1)
資源(1)
直接(1)
渡辺(1)
フラワー(1)
農林水産省(1)
弁当(1)
会社(1)
男性(3)
重要(1)
流通(1)
ジェンダー(4)
サービス(1)
直売(1)
場所(1)
調査(1)
分析(1)
各種(1)
メンバー(2)
漬物(1)
思考(1)
農作業(2)
和佐(1)
岩崎(1)
年齢(1)
資料(1)
現代(1)
発見(1)
集団(1)
交流(1)
社会(5)
主導(1)
家父長制(1)
農学(1)
麺類(1)
家族(1)
救世主(2)
もの(1)
離れ(1)
問題(1)
関係(2)
人間(1)
年度(2)
藤井(1)
権利(1)
文化財(1)
中心(1)
広告(1)
継続(1)
日本(1)
状況(1)
無形(1)
保全(1)
政策(1)
農業(5)
農村(7)
‒ 「(3)
ヒロイン(1)
ドライ(1)
決定(1)
形態(1)
内容(1)
構築(1)
定義(1)
芸能(1)
地域(2)
大石(1)
成果(1)
解散(1)
柏尾(1)
パン(1)
全員(1)
とも(1)
Feminism(1)
役員(2)
合計(1)
発展(1)
事業(1)
無視(1)
パーソナル(1)
発言(1)
永野(1)
偏重(1)
労働(2)
季節(1)
情報(1)
対称(1)
製造(1)
イデオロギー(1)
歴史(1)
以外(1)
高齢(1)
受託(1)
宅配(1)
受け入れ(1)
当初(1)
活動(1)
偏り(1)
就農(1)
産直(1)
就業(1)
{ 1 } { 2 } { 3 } { 4 5 } { 6 7 8 } { 9 } { 10 } { 11 } { 12 13 } { 14 } { 15 } 
前後のスライドを見るSegment{ 3 }, Segment{ 4 5 }
コサイン類似度: 0.07903149692698322
前後のスライドを見るSegment{ 9 }, Segment{ 10 }
コサイン類似度: 0.1051405087616816
前後のスライドを見るSegment{ 10 }, Segment{ 11 }
コサイン類似度: 0.1847737220779399
前後のスライドを見るSegment{ 11 }, Segment{ 12 13 }
コサイン類似度: 0.04920980918684149
前後のスライドを見るSegment{ 14 }, Segment{ 15 }
コサイン類似度: 0.01381987522024024
経営(1)
エンパワーメント(1)
理恵子(1)
構成(2)
克服(1)
委員(1)
農園(1)
③：(1)
変化(1)
レストラン(1)
– (1)
課題(1)
ハープ(1)
②：(1)
EU(1)
食品(1)
総数(1)
政治(1)
総体(1)
有信(1)
余裕(1)
‒ (6)
ホームページ(1)
用語(1)
協会(1)
保育(1)
• (8)
ごと(1)
①：(1)
酪農(1)
環境(1)
農林(1)
デイサービス(1)
朝市(1)
グループ(2)
実態(1)
研究(4)
ヘルパー(1)
家庭(1)
伝統(1)
機関(1)
起業(4)
システム(1)
意思(1)
明らか(1)
文化(1)
田舎(1)
ジャム(1)
生産(2)
Family(1)
違い(2)
アレンジメント(1)
農水省(1)
重複(1)
水書(1)
具体(2)
最近(1)
和菓子(1)
女性(7)
ネットワーク(3)
昭和堂(1)
統計(1)
指定(1)
こと(3)
宮城(1)
愛着(1)
加工(1)
犠牲(2)
個人(1)
当たり前(1)
以降(1)
過重(1)
死去(1)
組織(2)
体験(1)
つながり(3)
従業(1)
由紀子(1)
販売(1)
都市(2)
手法(1)
独占(1)
ため(2)
作成(1)
その他(1)
プロセス(1)
広がり(1)
セクシャリティ(1)
福与(1)
特殊(1)
めぐみ(1)
存在(1)
年代(1)
排除(1)
観光(1)
farm(1)
秋津(2)
株式(1)
• 「(1)
集落(1)
平等(1)
%)(1)
農家(2)
コモンズ(1)
民宿(1)
澁谷(1)
注目(1)
資源(1)
直接(1)
渡辺(1)
フラワー(1)
農林水産省(1)
弁当(1)
会社(1)
男性(3)
重要(1)
流通(1)
ジェンダー(4)
サービス(1)
直売(1)
場所(1)
調査(1)
分析(1)
各種(1)
メンバー(2)
漬物(1)
思考(1)
農作業(2)
和佐(1)
岩崎(1)
年齢(1)
資料(1)
現代(1)
発見(1)
集団(1)
交流(1)
社会(5)
主導(1)
家父長制(1)
農学(1)
麺類(1)
家族(1)
救世主(2)
もの(1)
離れ(1)
問題(1)
関係(2)
人間(1)
年度(1)
藤井(1)
権利(1)
文化財(1)
中心(1)
広告(1)
継続(1)
日本(1)
状況(1)
無形(1)
保全(1)
政策(1)
農業(5)
農村(6)
‒ 「(3)
ヒロイン(1)
ドライ(1)
決定(1)
形態(1)
内容(1)
構築(1)
定義(1)
芸能(1)
地域(2)
大石(1)
成果(1)
解散(1)
柏尾(1)
パン(1)
全員(1)
とも(1)
Feminism(1)
役員(2)
合計(1)
発展(1)
事業(1)
無視(1)
パーソナル(1)
発言(1)
永野(1)
偏重(1)
労働(2)
季節(1)
情報(1)
対称(1)
製造(1)
イデオロギー(1)
歴史(1)
以外(1)
高齢(1)
受託(1)
宅配(1)
受け入れ(1)
当初(1)
活動(1)
偏り(1)
就農(1)
産直(1)
就業(1)
{ 1 } { 2 } { 3 } { 4 5 } { 6 7 8 } { 9 10 11 } { 12 13 } { 14 } { 15 } 
前後のスライドを見るSegment{ 3 }, Segment{ 4 5 }
コサイン類似度: 0.08644046763978913
前後のスライドを見るSegment{ 14 }, Segment{ 15 }
コサイン類似度: 0.01351384463743236
経営(1)
エンパワーメント(1)
理恵子(1)
構成(2)
克服(1)
委員(1)
農園(1)
③：(1)
変化(1)
レストラン(1)
– (1)
課題(1)
ハープ(1)
②：(1)
EU(1)
食品(1)
総数(1)
政治(1)
総体(1)
有信(1)
余裕(1)
‒ (6)
ホームページ(1)
用語(1)
協会(1)
保育(1)
• (6)
ごと(1)
①：(1)
酪農(1)
農林(1)
環境(1)
デイサービス(1)
朝市(1)
グループ(2)
実態(1)
研究(3)
ヘルパー(1)
家庭(1)
伝統(1)
機関(1)
起業(4)
システム(1)
意思(1)
明らか(1)
文化(1)
田舎(1)
ジャム(1)
生産(2)
Family(1)
違い(2)
アレンジメント(1)
農水省(1)
重複(1)
水書(1)
具体(2)
最近(1)
和菓子(1)
女性(5)
ネットワーク(3)
昭和堂(1)
統計(1)
指定(1)
こと(2)
宮城(1)
愛着(1)
加工(1)
犠牲(2)
個人(1)
当たり前(1)
以降(1)
過重(1)
死去(1)
組織(2)
体験(1)
つながり(3)
従業(1)
由紀子(1)
販売(1)
都市(2)
手法(1)
独占(1)
ため(2)
作成(1)
その他(1)
プロセス(1)
広がり(1)
セクシャリティ(1)
福与(1)
特殊(1)
めぐみ(1)
存在(1)
年代(1)
排除(1)
観光(1)
farm(1)
秋津(2)
株式(1)
• 「(1)
集落(1)
平等(1)
%)(1)
農家(2)
コモンズ(1)
民宿(1)
澁谷(1)
注目(1)
資源(1)
直接(1)
渡辺(1)
フラワー(1)
農林水産省(1)
弁当(1)
会社(1)
男性(3)
重要(1)
流通(1)
ジェンダー(3)
サービス(1)
直売(1)
場所(1)
調査(1)
分析(1)
各種(1)
メンバー(2)
漬物(1)
思考(1)
農作業(2)
和佐(1)
岩崎(1)
年齢(1)
資料(1)
現代(1)
発見(1)
集団(1)
交流(1)
社会(4)
主導(1)
家父長制(1)
農学(1)
麺類(1)
家族(1)
救世主(2)
もの(1)
離れ(1)
問題(1)
関係(2)
人間(1)
年度(1)
藤井(1)
権利(1)
文化財(1)
中心(1)
広告(1)
継続(1)
日本(1)
状況(1)
無形(1)
保全(1)
政策(1)
農業(4)
農村(5)
‒ 「(3)
ヒロイン(1)
ドライ(1)
決定(1)
形態(1)
内容(1)
構築(1)
定義(1)
芸能(1)
地域(2)
大石(1)
成果(1)
解散(1)
柏尾(1)
パン(1)
全員(1)
とも(1)
Feminism(1)
役員(2)
合計(1)
発展(1)
事業(1)
無視(1)
パーソナル(1)
発言(1)
永野(1)
偏重(1)
労働(1)
季節(1)
情報(1)
対称(1)
製造(1)
イデオロギー(1)
歴史(1)
以外(1)
高齢(1)
受託(1)
宅配(1)
受け入れ(1)
当初(1)
活動(1)
偏り(1)
就農(1)
産直(1)
就業(1)
{ 1 } { 2 3 4 5 } { 6 7 8 } { 9 10 11 } { 12 13 } { 14 } { 15 } 
前後のスライドを見るSegment{ 14 }, Segment{ 15 }
コサイン類似度: 0.021319037103956506
