filename: 06
xmlFile: /Users/admin/ocwslidedata/ocw.kyoto-u.ac.jp/002-004-(〜2010年)哲学講義/06/slide.xml
dir: /Users/admin/ocwslidedata/ocw.kyoto-u.ac.jp/002-004-(〜2010年)哲学講義/06
XML:
<presentation language="ja"><slide page="1"><body><p>䚸ᐁᏋ୹⩇existentialisme䚹䛴඙㥉⩽Blaise Pascal (1623-62) F.W.J. Schelling (1775-1854)出所：http://de.wikipedia.org/wiki/Friedrich_Wilhelm_Joseph_Schelling出所：http://en.wikipedia.org/wiki/Image:Blaise_pascal.jpg</p></body></slide><slide page="2"><body><p>䜻䜫䝮䝷䜴䛮䛵ㄙ䛑䟺䠃䟻䇮䝍䜨䝈ふᛍㄵ</p></body></slide><slide page="3"><body><p>䜻䜫䝮䝷䜴䛮䛵ㄙ䛑䟺䠄䟻䇮⮤↓ူᏕ䚮ふᛍㄵ䚮ྜྷୌူᏕ</p></body></slide><slide page="4"><body><p>䜻䜫䝮䝷䜴䛮䛵ㄙ䛑䟺䠅䟻䇮䛣䛴ᬄᖳ</p></body></slide><slide page="5"><body><p>ᐁᏋ୹⩇䛴඙㥉䛮䛝䛬䛴䜻䜫䝮䝷䜴</p></body></slide><slide page="6"><body><p>♼䛴୔䛪䛴Ꮛᅹᵕឺ䇮ᐁᏋ䚮ᐁᏋ䛴᰷ᣈ䚮↋ᗇ䟺Ungrund䟻</p></body></slide><slide page="7"><body><p>♼䛴஦㔔ᛮ䇮䚸ᐁᏋ䚹䛮䛣䛴䚸᰷ᣈ䚹䛴Ᏸධ䛰䜑ㄢ࿰䝿⤣ୌ</p></body></slide><slide page="8"><body><p>ெ㛣䛴஦㔔ᛮ䇮ᐁᏋ䛮䛣䛴᰷ᣈ䛵ฦ⿛䛮⤣ྙ䛴≻㛣䜘᥺䜒ິ䛊䛬䛊䜑</p></body></slide><slide page="9"><body><p>⮤⏜䛮ᝇ䛴᰷″</p></body></slide><slide page="10"><body><p>♼䛴➠୔䛴Ꮛᅹᵕឺ䠌䚸↋ᗇ(Ungrund)䚹䇮♼䛴ᐁᏋ䛮䛣䛴᰷ᣈ䛴஦ඔᛮ䛴䜶䝑䜻䜽</p></body></slide><slide page="11"><body><p>ᨾῥ⿞⨠䛮䛝䛬䛴䚸↋ᗇ䚹</p></body></slide><slide page="12"><body><p>ா㒌ᏕὬ䛮䚸↋ᗇ䚹</p></body></slide><slide page="13"><body><p>䜻䜫䝮䝷䜴䛱䛐䛗䜑♼䇮䚸▩ᛮ䚹䛮䚸វ᝗䚹䛴⴩⸠䝿ฦ⿛䜘䜈䛧䚮䚸យ䛮ᨾῥ䚹䜘ᚪさ䛮䛟䜑♼䠑</p></body></slide><slide page="14"><body><p>䜻䜫䝮䝷䜴䛱䛐䛗䜑ᮇ㈻䛮ᐁᏋ</p></body></slide><slide page="15"><body><p>䜱䝯䜵䜸䞀䝯䛮䛵ㄙ䛑Søren Aabye Kierkegaard1813-1855䝋䝷䝢䞀䜳䛴ᛦ᝷ᐓ䝿䚸ᩝᏕ⩽䚹出所：http://www.philosophypages.com/vy/kier1.jpg</p></body></slide><slide page="16"><body><p>䜱䝯䜵䜸䞀䝯䛴ᐁᏋ(at existere)䇮ெ㛣䛱ᅖ᭯䛴Ꮛᅹᵕឺ䛮䛝䛬䛴ᐁᏋ</p></body></slide><slide page="17"><body><p>䚸ᐁᏋ㡷ᇡ䚹䟺⏍䛓᪁䟻䛴㐽ᢝ䇮⨶Ⓩ⏍Ὡ䚮㐠ᚠⓏ⏍Ὡ䚮ᏺᩅⓏ⏍Ὡ</p></body></slide><slide page="18"><body><p>⨶Ⓩ⏍Ὡ䛮㐠ᚠⓏ⏍Ὡ</p></body></slide><slide page="19"><body><p>ᏺᩅⓏ⏍Ὡ</p></body></slide><slide page="20"><body><p>ᏺᩅ䛮㐠ᚠ䇮㎾௥ၤⵒ୹⩇䛮䛴ᑊ❟</p></body></slide><slide page="21"><body><p>វ᝗ฦᯊ䇮⤧᭻䚮⨝ᝇវ䚮୘Ꮽ䚮ಘ௭䚮យ</p></body></slide><slide page="22"><body><p>䜱䝯䜵䜸䞀䝯䛱䛐䛗䜑ᐁᏋ䛮ᮇ㈻䠃䇮ெ㛣䛴䚸ᮇ㈻䚹䜘⏍䜅ฝ䛟䜈䛴䛮䛝䛬䛴䚸ᐁᏋ䚹䚮ណᚷ䛱䜎䜑䚸ᐁᏋ䚹䛴㐽ᢝ</p></body></slide><slide page="23"><body><p>䜱䝯䜵䜸䞀䝯䛱䛐䛗䜑ᐁᏋ䛮ᮇ㈻䠄䇮䚸ᐂふ䚹䛴㡷ᇡ䛑䜏䚸಴ெ䚹䛴㡷ᇡ䛾</p></body></slide></presentation>
ページ: 1 -----
<slide page="1"><body><p>䚸ᐁᏋ୹⩇existentialisme䚹䛴඙㥉⩽Blaise Pascal (1623-62) F.W.J. Schelling (1775-1854)出所：http://de.wikipedia.org/wiki/Friedrich_Wilhelm_Joseph_Schelling出所：http://en.wikipedia.org/wiki/Image:Blaise_pascal.jpg</p></body></slide>
in Sheet Class, page: 1
title = ""
body = "<p>䚸ᐁᏋ୹⩇existentialisme䚹䛴඙㥉⩽Blaise Pascal (1623-62) F.W.J. Schelling (1775-1854)出所：http://de.wikipedia.org/wiki/Friedrich_Wilhelm_Joseph_Schelling出所：http://en.wikipedia.org/wiki/Image:Blaise_pascal.jpg</p>"
makeWordArrayJp
paragraph: 䚸ᐁᏋ୹⩇existentialisme䚹䛴඙㥉⩽Blaise Pascal (1623-62) F.W.J. Schelling (1775-1854)出所：http://de.wikipedia.org/wiki/Friedrich_Wilhelm_Joseph_Schelling出所：http://en.wikipedia.org/wiki/Image:Blaise_pascal.jpg
existentialisme :	名詞,一般,*,*,*,*,*	false	1
Blaise :	名詞,固有名詞,組織,*,*,*,*	false	1
Pascal :	名詞,固有名詞,組織,*,*,*,*	false	1
Schelling :	名詞,固有名詞,組織,*,*,*,*	false	1
出所 :	名詞,サ変接続,*,*,*,*,出所,シュッショ,シュッショ	true	1
http :	名詞,固有名詞,組織,*,*,*,*	false	1
:// :	名詞,サ変接続,*,*,*,*,*	false	1
de :	名詞,一般,*,*,*,*,*	false	1
wikipedia :	名詞,一般,*,*,*,*,*	false	1
org :	名詞,一般,*,*,*,*,*	false	1
wiki :	名詞,一般,*,*,*,*,*	false	1
Friedrich :	名詞,一般,*,*,*,*,*	false	1
Wilhelm :	名詞,一般,*,*,*,*,*	false	1
Joseph :	名詞,一般,*,*,*,*,*	false	1
Schelling :	名詞,一般,*,*,*,*,*	false	2
出所 :	名詞,サ変接続,*,*,*,*,出所,シュッショ,シュッショ	true	2
http :	名詞,固有名詞,組織,*,*,*,*	false	2
:// :	名詞,サ変接続,*,*,*,*,*	false	2
en :	名詞,一般,*,*,*,*,*	false	1
wikipedia :	名詞,一般,*,*,*,*,*	false	2
org :	名詞,一般,*,*,*,*,*	false	2
wiki :	名詞,一般,*,*,*,*,*	false	2
Image :	名詞,一般,*,*,*,*,*	false	1
Blaise :	名詞,一般,*,*,*,*,*	false	2
pascal :	名詞,一般,*,*,*,*,*	false	1
jpg :	名詞,固有名詞,組織,*,*,*,*	false	1
ページ: 2 -----
<slide page="2"><body><p>䜻䜫䝮䝷䜴䛮䛵ㄙ䛑䟺䠃䟻䇮䝍䜨䝈ふᛍㄵ</p></body></slide>
in Sheet Class, page: 2
title = ""
body = "<p>䜻䜫䝮䝷䜴䛮䛵ㄙ䛑䟺䠃䟻䇮䝍䜨䝈ふᛍㄵ</p>"
makeWordArrayJp
paragraph: 䜻䜫䝮䝷䜴䛮䛵ㄙ䛑䟺䠃䟻䇮䝍䜨䝈ふᛍㄵ
ページ: 3 -----
<slide page="3"><body><p>䜻䜫䝮䝷䜴䛮䛵ㄙ䛑䟺䠄䟻䇮⮤↓ူᏕ䚮ふᛍㄵ䚮ྜྷୌူᏕ</p></body></slide>
in Sheet Class, page: 3
title = ""
body = "<p>䜻䜫䝮䝷䜴䛮䛵ㄙ䛑䟺䠄䟻䇮⮤↓ူᏕ䚮ふᛍㄵ䚮ྜྷୌူᏕ</p>"
makeWordArrayJp
paragraph: 䜻䜫䝮䝷䜴䛮䛵ㄙ䛑䟺䠄䟻䇮⮤↓ူᏕ䚮ふᛍㄵ䚮ྜྷୌူᏕ
⮤↓ :	名詞,サ変接続,*,*,*,*,*	false	1
ページ: 4 -----
<slide page="4"><body><p>䜻䜫䝮䝷䜴䛮䛵ㄙ䛑䟺䠅䟻䇮䛣䛴ᬄᖳ</p></body></slide>
in Sheet Class, page: 4
title = ""
body = "<p>䜻䜫䝮䝷䜴䛮䛵ㄙ䛑䟺䠅䟻䇮䛣䛴ᬄᖳ</p>"
makeWordArrayJp
paragraph: 䜻䜫䝮䝷䜴䛮䛵ㄙ䛑䟺䠅䟻䇮䛣䛴ᬄᖳ
ページ: 5 -----
<slide page="5"><body><p>ᐁᏋ୹⩇䛴඙㥉䛮䛝䛬䛴䜻䜫䝮䝷䜴</p></body></slide>
in Sheet Class, page: 5
title = ""
body = "<p>ᐁᏋ୹⩇䛴඙㥉䛮䛝䛬䛴䜻䜫䝮䝷䜴</p>"
makeWordArrayJp
paragraph: ᐁᏋ୹⩇䛴඙㥉䛮䛝䛬䛴䜻䜫䝮䝷䜴
ページ: 6 -----
<slide page="6"><body><p>♼䛴୔䛪䛴Ꮛᅹᵕឺ䇮ᐁᏋ䚮ᐁᏋ䛴᰷ᣈ䚮↋ᗇ䟺Ungrund䟻</p></body></slide>
in Sheet Class, page: 6
title = ""
body = "<p>♼䛴୔䛪䛴Ꮛᅹᵕឺ䇮ᐁᏋ䚮ᐁᏋ䛴᰷ᣈ䚮↋ᗇ䟺Ungrund䟻</p>"
makeWordArrayJp
paragraph: ♼䛴୔䛪䛴Ꮛᅹᵕឺ䇮ᐁᏋ䚮ᐁᏋ䛴᰷ᣈ䚮↋ᗇ䟺Ungrund䟻
Ungrund :	名詞,一般,*,*,*,*,*	false	1
ページ: 7 -----
<slide page="7"><body><p>♼䛴஦㔔ᛮ䇮䚸ᐁᏋ䚹䛮䛣䛴䚸᰷ᣈ䚹䛴Ᏸධ䛰䜑ㄢ࿰䝿⤣ୌ</p></body></slide>
in Sheet Class, page: 7
title = ""
body = "<p>♼䛴஦㔔ᛮ䇮䚸ᐁᏋ䚹䛮䛣䛴䚸᰷ᣈ䚹䛴Ᏸධ䛰䜑ㄢ࿰䝿⤣ୌ</p>"
makeWordArrayJp
paragraph: ♼䛴஦㔔ᛮ䇮䚸ᐁᏋ䚹䛮䛣䛴䚸᰷ᣈ䚹䛴Ᏸධ䛰䜑ㄢ࿰䝿⤣ୌ
ページ: 8 -----
<slide page="8"><body><p>ெ㛣䛴஦㔔ᛮ䇮ᐁᏋ䛮䛣䛴᰷ᣈ䛵ฦ⿛䛮⤣ྙ䛴≻㛣䜘᥺䜒ິ䛊䛬䛊䜑</p></body></slide>
in Sheet Class, page: 8
title = ""
body = "<p>ெ㛣䛴஦㔔ᛮ䇮ᐁᏋ䛮䛣䛴᰷ᣈ䛵ฦ⿛䛮⤣ྙ䛴≻㛣䜘᥺䜒ິ䛊䛬䛊䜑</p>"
makeWordArrayJp
paragraph: ெ㛣䛴஦㔔ᛮ䇮ᐁᏋ䛮䛣䛴᰷ᣈ䛵ฦ⿛䛮⤣ྙ䛴≻㛣䜘᥺䜒ິ䛊䛬䛊䜑
ページ: 9 -----
<slide page="9"><body><p>⮤⏜䛮ᝇ䛴᰷″</p></body></slide>
in Sheet Class, page: 9
title = ""
body = "<p>⮤⏜䛮ᝇ䛴᰷″</p>"
makeWordArrayJp
paragraph: ⮤⏜䛮ᝇ䛴᰷″
⮤⏜ :	名詞,サ変接続,*,*,*,*,*	false	1
ページ: 10 -----
<slide page="10"><body><p>♼䛴➠୔䛴Ꮛᅹᵕឺ䠌䚸↋ᗇ(Ungrund)䚹䇮♼䛴ᐁᏋ䛮䛣䛴᰷ᣈ䛴஦ඔᛮ䛴䜶䝑䜻䜽</p></body></slide>
in Sheet Class, page: 10
title = ""
body = "<p>♼䛴➠୔䛴Ꮛᅹᵕឺ䠌䚸↋ᗇ(Ungrund)䚹䇮♼䛴ᐁᏋ䛮䛣䛴᰷ᣈ䛴஦ඔᛮ䛴䜶䝑䜻䜽</p>"
makeWordArrayJp
paragraph: ♼䛴➠୔䛴Ꮛᅹᵕឺ䠌䚸↋ᗇ(Ungrund)䚹䇮♼䛴ᐁᏋ䛮䛣䛴᰷ᣈ䛴஦ඔᛮ䛴䜶䝑䜻䜽
Ungrund :	名詞,一般,*,*,*,*,*	false	1
ページ: 11 -----
<slide page="11"><body><p>ᨾῥ⿞⨠䛮䛝䛬䛴䚸↋ᗇ䚹</p></body></slide>
in Sheet Class, page: 11
title = ""
body = "<p>ᨾῥ⿞⨠䛮䛝䛬䛴䚸↋ᗇ䚹</p>"
makeWordArrayJp
paragraph: ᨾῥ⿞⨠䛮䛝䛬䛴䚸↋ᗇ䚹
ページ: 12 -----
<slide page="12"><body><p>ா㒌ᏕὬ䛮䚸↋ᗇ䚹</p></body></slide>
in Sheet Class, page: 12
title = ""
body = "<p>ா㒌ᏕὬ䛮䚸↋ᗇ䚹</p>"
makeWordArrayJp
paragraph: ா㒌ᏕὬ䛮䚸↋ᗇ䚹
ページ: 13 -----
<slide page="13"><body><p>䜻䜫䝮䝷䜴䛱䛐䛗䜑♼䇮䚸▩ᛮ䚹䛮䚸វ᝗䚹䛴⴩⸠䝿ฦ⿛䜘䜈䛧䚮䚸យ䛮ᨾῥ䚹䜘ᚪさ䛮䛟䜑♼䠑</p></body></slide>
in Sheet Class, page: 13
title = ""
body = "<p>䜻䜫䝮䝷䜴䛱䛐䛗䜑♼䇮䚸▩ᛮ䚹䛮䚸វ᝗䚹䛴⴩⸠䝿ฦ⿛䜘䜈䛧䚮䚸យ䛮ᨾῥ䚹䜘ᚪさ䛮䛟䜑♼䠑</p>"
makeWordArrayJp
paragraph: 䜻䜫䝮䝷䜴䛱䛐䛗䜑♼䇮䚸▩ᛮ䚹䛮䚸វ᝗䚹䛴⴩⸠䝿ฦ⿛䜘䜈䛧䚮䚸យ䛮ᨾῥ䚹䜘ᚪさ䛮䛟䜑♼䠑
ページ: 14 -----
<slide page="14"><body><p>䜻䜫䝮䝷䜴䛱䛐䛗䜑ᮇ㈻䛮ᐁᏋ</p></body></slide>
in Sheet Class, page: 14
title = ""
body = "<p>䜻䜫䝮䝷䜴䛱䛐䛗䜑ᮇ㈻䛮ᐁᏋ</p>"
makeWordArrayJp
paragraph: 䜻䜫䝮䝷䜴䛱䛐䛗䜑ᮇ㈻䛮ᐁᏋ
ページ: 15 -----
<slide page="15"><body><p>䜱䝯䜵䜸䞀䝯䛮䛵ㄙ䛑Søren Aabye Kierkegaard1813-1855䝋䝷䝢䞀䜳䛴ᛦ᝷ᐓ䝿䚸ᩝᏕ⩽䚹出所：http://www.philosophypages.com/vy/kier1.jpg</p></body></slide>
in Sheet Class, page: 15
title = ""
body = "<p>䜱䝯䜵䜸䞀䝯䛮䛵ㄙ䛑Søren Aabye Kierkegaard1813-1855䝋䝷䝢䞀䜳䛴ᛦ᝷ᐓ䝿䚸ᩝᏕ⩽䚹出所：http://www.philosophypages.com/vy/kier1.jpg</p>"
makeWordArrayJp
paragraph: 䜱䝯䜵䜸䞀䝯䛮䛵ㄙ䛑Søren Aabye Kierkegaard1813-1855䝋䝷䝢䞀䜳䛴ᛦ᝷ᐓ䝿䚸ᩝᏕ⩽䚹出所：http://www.philosophypages.com/vy/kier1.jpg
Søren :	名詞,一般,*,*,*,*,*	false	1
Aabye :	名詞,固有名詞,組織,*,*,*,*	false	1
Kierkegaard :	名詞,一般,*,*,*,*,*	false	1
出所 :	名詞,サ変接続,*,*,*,*,出所,シュッショ,シュッショ	true	1
http :	名詞,固有名詞,組織,*,*,*,*	false	1
:// :	名詞,サ変接続,*,*,*,*,*	false	1
www :	名詞,一般,*,*,*,*,*	false	1
philosophypages :	名詞,一般,*,*,*,*,*	false	1
com :	名詞,一般,*,*,*,*,*	false	1
vy :	名詞,一般,*,*,*,*,*	false	1
kier :	名詞,一般,*,*,*,*,*	false	1
jpg :	名詞,固有名詞,組織,*,*,*,*	false	1
ページ: 16 -----
<slide page="16"><body><p>䜱䝯䜵䜸䞀䝯䛴ᐁᏋ(at existere)䇮ெ㛣䛱ᅖ᭯䛴Ꮛᅹᵕឺ䛮䛝䛬䛴ᐁᏋ</p></body></slide>
in Sheet Class, page: 16
title = ""
body = "<p>䜱䝯䜵䜸䞀䝯䛴ᐁᏋ(at existere)䇮ெ㛣䛱ᅖ᭯䛴Ꮛᅹᵕឺ䛮䛝䛬䛴ᐁᏋ</p>"
makeWordArrayJp
paragraph: 䜱䝯䜵䜸䞀䝯䛴ᐁᏋ(at existere)䇮ெ㛣䛱ᅖ᭯䛴Ꮛᅹᵕឺ䛮䛝䛬䛴ᐁᏋ
at :	名詞,固有名詞,組織,*,*,*,*	false	1
existere :	名詞,固有名詞,組織,*,*,*,*	false	1
ページ: 17 -----
<slide page="17"><body><p>䚸ᐁᏋ㡷ᇡ䚹䟺⏍䛓᪁䟻䛴㐽ᢝ䇮⨶Ⓩ⏍Ὡ䚮㐠ᚠⓏ⏍Ὡ䚮ᏺᩅⓏ⏍Ὡ</p></body></slide>
in Sheet Class, page: 17
title = ""
body = "<p>䚸ᐁᏋ㡷ᇡ䚹䟺⏍䛓᪁䟻䛴㐽ᢝ䇮⨶Ⓩ⏍Ὡ䚮㐠ᚠⓏ⏍Ὡ䚮ᏺᩅⓏ⏍Ὡ</p>"
makeWordArrayJp
paragraph: 䚸ᐁᏋ㡷ᇡ䚹䟺⏍䛓᪁䟻䛴㐽ᢝ䇮⨶Ⓩ⏍Ὡ䚮㐠ᚠⓏ⏍Ὡ䚮ᏺᩅⓏ⏍Ὡ
⨶Ⓩ⏍ :	名詞,サ変接続,*,*,*,*,*	false	1
Ⓩ⏍ :	名詞,サ変接続,*,*,*,*,*	false	1
Ⓩ⏍ :	名詞,サ変接続,*,*,*,*,*	false	2
ページ: 18 -----
<slide page="18"><body><p>⨶Ⓩ⏍Ὡ䛮㐠ᚠⓏ⏍Ὡ</p></body></slide>
in Sheet Class, page: 18
title = ""
body = "<p>⨶Ⓩ⏍Ὡ䛮㐠ᚠⓏ⏍Ὡ</p>"
makeWordArrayJp
paragraph: ⨶Ⓩ⏍Ὡ䛮㐠ᚠⓏ⏍Ὡ
⨶Ⓩ⏍ :	名詞,サ変接続,*,*,*,*,*	false	1
Ⓩ⏍ :	名詞,サ変接続,*,*,*,*,*	false	1
ページ: 19 -----
<slide page="19"><body><p>ᏺᩅⓏ⏍Ὡ</p></body></slide>
in Sheet Class, page: 19
title = ""
body = "<p>ᏺᩅⓏ⏍Ὡ</p>"
makeWordArrayJp
paragraph: ᏺᩅⓏ⏍Ὡ
Ⓩ⏍ :	名詞,サ変接続,*,*,*,*,*	false	1
ページ: 20 -----
<slide page="20"><body><p>ᏺᩅ䛮㐠ᚠ䇮㎾௥ၤⵒ୹⩇䛮䛴ᑊ❟</p></body></slide>
in Sheet Class, page: 20
title = ""
body = "<p>ᏺᩅ䛮㐠ᚠ䇮㎾௥ၤⵒ୹⩇䛮䛴ᑊ❟</p>"
makeWordArrayJp
paragraph: ᏺᩅ䛮㐠ᚠ䇮㎾௥ၤⵒ୹⩇䛮䛴ᑊ❟
ページ: 21 -----
<slide page="21"><body><p>វ᝗ฦᯊ䇮⤧᭻䚮⨝ᝇវ䚮୘Ꮽ䚮ಘ௭䚮យ</p></body></slide>
in Sheet Class, page: 21
title = ""
body = "<p>វ᝗ฦᯊ䇮⤧᭻䚮⨝ᝇវ䚮୘Ꮽ䚮ಘ௭䚮យ</p>"
makeWordArrayJp
paragraph: វ᝗ฦᯊ䇮⤧᭻䚮⨝ᝇវ䚮୘Ꮽ䚮ಘ௭䚮យ
ページ: 22 -----
<slide page="22"><body><p>䜱䝯䜵䜸䞀䝯䛱䛐䛗䜑ᐁᏋ䛮ᮇ㈻䠃䇮ெ㛣䛴䚸ᮇ㈻䚹䜘⏍䜅ฝ䛟䜈䛴䛮䛝䛬䛴䚸ᐁᏋ䚹䚮ណᚷ䛱䜎䜑䚸ᐁᏋ䚹䛴㐽ᢝ</p></body></slide>
in Sheet Class, page: 22
title = ""
body = "<p>䜱䝯䜵䜸䞀䝯䛱䛐䛗䜑ᐁᏋ䛮ᮇ㈻䠃䇮ெ㛣䛴䚸ᮇ㈻䚹䜘⏍䜅ฝ䛟䜈䛴䛮䛝䛬䛴䚸ᐁᏋ䚹䚮ណᚷ䛱䜎䜑䚸ᐁᏋ䚹䛴㐽ᢝ</p>"
makeWordArrayJp
paragraph: 䜱䝯䜵䜸䞀䝯䛱䛐䛗䜑ᐁᏋ䛮ᮇ㈻䠃䇮ெ㛣䛴䚸ᮇ㈻䚹䜘⏍䜅ฝ䛟䜈䛴䛮䛝䛬䛴䚸ᐁᏋ䚹䚮ណᚷ䛱䜎䜑䚸ᐁᏋ䚹䛴㐽ᢝ
ページ: 23 -----
<slide page="23"><body><p>䜱䝯䜵䜸䞀䝯䛱䛐䛗䜑ᐁᏋ䛮ᮇ㈻䠄䇮䚸ᐂふ䚹䛴㡷ᇡ䛑䜏䚸಴ெ䚹䛴㡷ᇡ䛾</p></body></slide>
in Sheet Class, page: 23
title = ""
body = "<p>䜱䝯䜵䜸䞀䝯䛱䛐䛗䜑ᐁᏋ䛮ᮇ㈻䠄䇮䚸ᐂふ䚹䛴㡷ᇡ䛑䜏䚸಴ெ䚹䛴㡷ᇡ䛾</p>"
makeWordArrayJp
paragraph: 䜱䝯䜵䜸䞀䝯䛱䛐䛗䜑ᐁᏋ䛮ᮇ㈻䠄䇮䚸ᐂふ䚹䛴㡷ᇡ䛑䜏䚸಴ெ䚹䛴㡷ᇡ䛾
