参考文献(1)
相互作用(1)
祖先崇拝(1)
都道府県(1)
御茶の水書房(1)
養子縁組(1)
親族関係(2)
国勢調査(1)
{ 1 } { 2 } { 3 } { 4 } { 5 } { 6 } { 7 } { 8 } { 9 } { 10 } { 11 } { 12 } { 13 } { 14 } { 15 } { 16 } { 17 } { 18 } 
Segment{ 2 }, Segment{ 3 }
コサイン類似度: NaN
Segment{ 3 }, Segment{ 4 }
コサイン類似度: NaN
Segment{ 4 }, Segment{ 5 }
コサイン類似度: 0.0
Segment{ 5 }, Segment{ 6 }
コサイン類似度: NaN
Segment{ 6 }, Segment{ 7 }
コサイン類似度: NaN
Segment{ 7 }, Segment{ 8 }
コサイン類似度: NaN
Segment{ 8 }, Segment{ 9 }
コサイン類似度: NaN
Segment{ 9 }, Segment{ 10 }
コサイン類似度: NaN
Segment{ 10 }, Segment{ 11 }
コサイン類似度: NaN
Segment{ 11 }, Segment{ 12 }
コサイン類似度: NaN
Segment{ 12 }, Segment{ 13 }
コサイン類似度: NaN
Segment{ 13 }, Segment{ 14 }
コサイン類似度: NaN
Segment{ 14 }, Segment{ 15 }
コサイン類似度: NaN
Segment{ 15 }, Segment{ 16 }
コサイン類似度: 0.4472135954999579
Segment{ 16 }, Segment{ 17 }
コサイン類似度: NaN
Segment{ 17 }, Segment{ 18 }
コサイン類似度: NaN
参考文献(1)
相互作用(1)
祖先崇拝(1)
都道府県(1)
御茶の水書房(1)
養子縁組(1)
親族関係(1)
国勢調査(1)
{ 1 } { 2 } { 3 } { 4 } { 5 } { 6 } { 7 } { 8 } { 9 } { 10 } { 11 } { 12 } { 13 } { 14 } { 15 16 } { 17 } { 18 } 
Segment{ 2 }, Segment{ 3 }
コサイン類似度: NaN
Segment{ 3 }, Segment{ 4 }
コサイン類似度: NaN
Segment{ 4 }, Segment{ 5 }
コサイン類似度: 0.0
Segment{ 5 }, Segment{ 6 }
コサイン類似度: NaN
Segment{ 6 }, Segment{ 7 }
コサイン類似度: NaN
Segment{ 7 }, Segment{ 8 }
コサイン類似度: NaN
Segment{ 8 }, Segment{ 9 }
コサイン類似度: NaN
Segment{ 9 }, Segment{ 10 }
コサイン類似度: NaN
Segment{ 10 }, Segment{ 11 }
コサイン類似度: NaN
Segment{ 11 }, Segment{ 12 }
コサイン類似度: NaN
Segment{ 12 }, Segment{ 13 }
コサイン類似度: NaN
Segment{ 13 }, Segment{ 14 }
コサイン類似度: NaN
Segment{ 14 }, Segment{ 15 16 }
コサイン類似度: NaN
Segment{ 15 16 }, Segment{ 17 }
コサイン類似度: NaN
Segment{ 17 }, Segment{ 18 }
コサイン類似度: NaN
永続(1)
経営(1)
改訂(1)
血族(2)
構成(2)
根拠(1)
清一(1)
著作(1)
夫婦(1)
グラフ(1)
特徴(1)
程度(1)
都道(1)
ピーク(1)
終了(1)
– (5)
培風館(1)
民法(1)
民主(1)
縁組(1)
理論(2)
崇拝(1)
参考(1)
過疎(1)
調査(1)
ことば(1)
世界(1)
国勢(1)
府県(1)
拡大(1)
増補(1)
意義(1)
推移(1)
‒ (1)
商家(1)
修正(1)
慣習(1)
分布(1)
用語(1)
多野(1)
上下(1)
解消(1)
• (10)
養子(3)
時代(1)
戦後(1)
分裂(1)
親類(2)
････(1)
概念(1)
vs(1)
一定(1)
ズレ(1)
法律(2)
ひとり(1)
むら(2)
現代(2)
親族(5)
集団(1)
居住(1)
研究(4)
遺制(1)
社会(4)
祖先(1)
東京(2)
方法(1)
根源(1)
農学(1)
家族(6)
もの(2)
有賀(1)
中野(1)
成立(1)
関係(3)
文化(3)
全国(1)
住み込み(1)
相互(1)
望月(1)
係数(1)
日本(2)
御茶の水(1)
家業(1)
まとまり(1)
山形(2)
団体(1)
財産(1)
一つ(1)
複合(1)
･･･(1)
書房(1)
家々(1)
農村(1)
fictitious(1)
維持(1)
"• (1)
森岡(1)
員数(1)
来社(1)
きっかけ(1)
鳥越(1)
形態(2)
世代(1)
基礎(1)
地域(1)
奉公(1)
組織(2)
姻族(2)
系譜(1)
願い(1)
家産(1)
近接(1)
比率(1)
計算(1)
世帯(3)
範囲(1)
特殊(2)
数値(1)
場合(1)
作用(1)
規定(1)
離縁(1)
文献(1)
秋津(1)
)、(1)
本家(1)
背景(1)
• 「(1)
鹿児島(2)
対照(1)
直系(1)
高齢(1)
類型(3)
分家(2)
性格(1)
同族(3)
思想(1)
ヨーロッパ(1)
直接(1)
単位(1)
親等(1)
{ 1 } { 2 } { 3 } { 4 } { 5 } { 6 } { 7 } { 8 } { 9 } { 10 } { 11 } { 12 } { 13 } { 14 } { 15 16 } { 17 } { 18 } 
Segment{ 2 }, Segment{ 3 }
コサイン類似度: 0.28426762180748055
Segment{ 3 }, Segment{ 4 }
コサイン類似度: 0.07972747887248999
Segment{ 4 }, Segment{ 5 }
コサイン類似度: 0.12578057484594798
Segment{ 5 }, Segment{ 6 }
コサイン類似度: 0.0
Segment{ 6 }, Segment{ 7 }
コサイン類似度: 0.06294663076487476
Segment{ 7 }, Segment{ 8 }
コサイン類似度: 0.06728854894828545
Segment{ 8 }, Segment{ 9 }
コサイン類似度: 0.0
Segment{ 9 }, Segment{ 10 }
コサイン類似度: 0.0035142679848484534
Segment{ 10 }, Segment{ 11 }
コサイン類似度: 0.042480331659528504
Segment{ 11 }, Segment{ 12 }
コサイン類似度: 0.05597569982547023
Segment{ 12 }, Segment{ 13 }
コサイン類似度: 0.13079323558517833
Segment{ 13 }, Segment{ 14 }
コサイン類似度: 0.04564568138700145
Segment{ 14 }, Segment{ 15 16 }
コサイン類似度: 0.04528186450980439
Segment{ 15 16 }, Segment{ 17 }
コサイン類似度: 0.26143176137809593
Segment{ 17 }, Segment{ 18 }
コサイン類似度: 0.0448216199922952
永続(1)
経営(1)
改訂(1)
血族(2)
構成(2)
根拠(1)
清一(1)
著作(1)
夫婦(1)
グラフ(1)
特徴(1)
程度(1)
都道(1)
ピーク(1)
終了(1)
– (5)
培風館(1)
民法(1)
民主(1)
縁組(1)
理論(2)
崇拝(1)
参考(1)
過疎(1)
調査(1)
ことば(1)
世界(1)
国勢(1)
府県(1)
拡大(1)
増補(1)
意義(1)
推移(1)
‒ (1)
商家(1)
修正(1)
慣習(1)
分布(1)
用語(1)
多野(1)
上下(1)
解消(1)
• (10)
養子(3)
時代(1)
戦後(1)
分裂(1)
親類(2)
････(1)
概念(1)
vs(1)
一定(1)
ズレ(1)
法律(2)
ひとり(1)
むら(2)
現代(2)
親族(5)
集団(1)
居住(1)
研究(4)
遺制(1)
社会(4)
祖先(1)
東京(2)
方法(1)
根源(1)
農学(1)
家族(6)
もの(2)
有賀(1)
中野(1)
成立(1)
関係(3)
文化(3)
全国(1)
住み込み(1)
相互(1)
望月(1)
係数(1)
日本(2)
御茶の水(1)
家業(1)
まとまり(1)
山形(2)
団体(1)
財産(1)
一つ(1)
複合(1)
･･･(1)
書房(1)
家々(1)
農村(1)
fictitious(1)
維持(1)
"• (1)
森岡(1)
員数(1)
来社(1)
きっかけ(1)
鳥越(1)
形態(2)
世代(1)
基礎(1)
地域(1)
奉公(1)
組織(2)
姻族(2)
系譜(1)
願い(1)
家産(1)
近接(1)
比率(1)
計算(1)
世帯(2)
範囲(1)
特殊(2)
数値(1)
場合(1)
作用(1)
規定(1)
離縁(1)
文献(1)
秋津(1)
)、(1)
本家(1)
背景(1)
• 「(1)
鹿児島(2)
対照(1)
直系(1)
高齢(1)
類型(3)
分家(2)
性格(1)
同族(3)
思想(1)
ヨーロッパ(1)
直接(1)
単位(1)
親等(1)
{ 1 } { 2 3 } { 4 } { 5 } { 6 } { 7 } { 8 } { 9 } { 10 } { 11 } { 12 } { 13 } { 14 } { 15 16 } { 17 } { 18 } 
Segment{ 2 3 }, Segment{ 4 }
コサイン類似度: 0.019028332969792807
Segment{ 4 }, Segment{ 5 }
コサイン類似度: 0.12578057484594798
Segment{ 5 }, Segment{ 6 }
コサイン類似度: 0.0
Segment{ 6 }, Segment{ 7 }
コサイン類似度: 0.06294663076487476
Segment{ 7 }, Segment{ 8 }
コサイン類似度: 0.06728854894828545
Segment{ 8 }, Segment{ 9 }
コサイン類似度: 0.0
Segment{ 9 }, Segment{ 10 }
コサイン類似度: 0.0035142679848484534
Segment{ 10 }, Segment{ 11 }
コサイン類似度: 0.040598729072113454
Segment{ 11 }, Segment{ 12 }
コサイン類似度: 0.05349634014277932
Segment{ 12 }, Segment{ 13 }
コサイン類似度: 0.13079323558517833
Segment{ 13 }, Segment{ 14 }
コサイン類似度: 0.04564568138700145
Segment{ 14 }, Segment{ 15 16 }
コサイン類似度: 0.04528186450980439
Segment{ 15 16 }, Segment{ 17 }
コサイン類似度: 0.26143176137809593
Segment{ 17 }, Segment{ 18 }
コサイン類似度: 0.0448216199922952
永続(1)
経営(1)
改訂(1)
血族(2)
構成(2)
根拠(1)
清一(1)
著作(1)
夫婦(1)
グラフ(1)
特徴(1)
程度(1)
都道(1)
ピーク(1)
終了(1)
– (5)
培風館(1)
民法(1)
民主(1)
縁組(1)
理論(2)
崇拝(1)
参考(1)
過疎(1)
調査(1)
ことば(1)
世界(1)
国勢(1)
府県(1)
拡大(1)
増補(1)
意義(1)
推移(1)
‒ (1)
商家(1)
修正(1)
慣習(1)
分布(1)
用語(1)
多野(1)
上下(1)
解消(1)
• (10)
養子(3)
時代(1)
戦後(1)
分裂(1)
親類(1)
････(1)
概念(1)
vs(1)
一定(1)
ズレ(1)
法律(2)
ひとり(1)
むら(2)
現代(2)
親族(5)
集団(1)
居住(1)
研究(4)
遺制(1)
社会(4)
祖先(1)
東京(2)
方法(1)
根源(1)
農学(1)
家族(6)
もの(2)
有賀(1)
中野(1)
成立(1)
関係(2)
文化(3)
全国(1)
住み込み(1)
相互(1)
望月(1)
係数(1)
日本(2)
御茶の水(1)
家業(1)
まとまり(1)
山形(2)
団体(1)
財産(1)
一つ(1)
複合(1)
･･･(1)
書房(1)
家々(1)
農村(1)
fictitious(1)
維持(1)
"• (1)
森岡(1)
員数(1)
来社(1)
きっかけ(1)
鳥越(1)
形態(2)
世代(1)
基礎(1)
地域(1)
奉公(1)
組織(2)
姻族(2)
系譜(1)
願い(1)
家産(1)
近接(1)
比率(1)
計算(1)
世帯(2)
範囲(1)
特殊(2)
数値(1)
場合(1)
作用(1)
規定(1)
離縁(1)
文献(1)
秋津(1)
)、(1)
本家(1)
背景(1)
• 「(1)
鹿児島(2)
対照(1)
直系(1)
高齢(1)
類型(3)
分家(1)
性格(1)
同族(2)
思想(1)
ヨーロッパ(1)
直接(1)
単位(1)
親等(1)
{ 1 } { 2 3 } { 4 } { 5 } { 6 } { 7 } { 8 } { 9 } { 10 } { 11 } { 12 } { 13 } { 14 } { 15 16 17 } { 18 } 
Segment{ 2 3 }, Segment{ 4 }
コサイン類似度: 0.019028332969792807
Segment{ 4 }, Segment{ 5 }
コサイン類似度: 0.12578057484594798
Segment{ 5 }, Segment{ 6 }
コサイン類似度: 0.0
Segment{ 6 }, Segment{ 7 }
コサイン類似度: 0.06294663076487476
Segment{ 7 }, Segment{ 8 }
コサイン類似度: 0.06728854894828545
Segment{ 8 }, Segment{ 9 }
コサイン類似度: 0.0
Segment{ 9 }, Segment{ 10 }
コサイン類似度: 0.0035142679848484534
Segment{ 10 }, Segment{ 11 }
コサイン類似度: 0.040598729072113454
Segment{ 11 }, Segment{ 12 }
コサイン類似度: 0.05349634014277932
Segment{ 12 }, Segment{ 13 }
コサイン類似度: 0.1302899582743138
Segment{ 13 }, Segment{ 14 }
コサイン類似度: 0.04547004206071482
Segment{ 14 }, Segment{ 15 16 17 }
コサイン類似度: 0.03349192726638491
Segment{ 15 16 17 }, Segment{ 18 }
コサイン類似度: 0.06593015407057086
永続(1)
経営(1)
改訂(1)
血族(1)
構成(2)
根拠(1)
清一(1)
著作(1)
夫婦(1)
グラフ(1)
特徴(1)
程度(1)
都道(1)
ピーク(1)
終了(1)
– (5)
培風館(1)
民法(1)
民主(1)
縁組(1)
理論(2)
崇拝(1)
参考(1)
過疎(1)
調査(1)
ことば(1)
世界(1)
国勢(1)
府県(1)
拡大(1)
増補(1)
意義(1)
推移(1)
‒ (1)
商家(1)
修正(1)
慣習(1)
分布(1)
用語(1)
多野(1)
上下(1)
解消(1)
• (9)
養子(2)
時代(1)
戦後(1)
分裂(1)
親類(1)
････(1)
概念(1)
vs(1)
一定(1)
ズレ(1)
法律(2)
ひとり(1)
むら(2)
現代(2)
親族(4)
集団(1)
居住(1)
研究(4)
遺制(1)
社会(4)
祖先(1)
東京(2)
方法(1)
根源(1)
農学(1)
家族(6)
もの(2)
有賀(1)
中野(1)
成立(1)
関係(2)
文化(3)
全国(1)
住み込み(1)
相互(1)
望月(1)
係数(1)
日本(2)
御茶の水(1)
家業(1)
まとまり(1)
山形(2)
団体(1)
財産(1)
一つ(1)
複合(1)
･･･(1)
書房(1)
家々(1)
農村(1)
fictitious(1)
維持(1)
"• (1)
森岡(1)
員数(1)
来社(1)
きっかけ(1)
鳥越(1)
形態(2)
世代(1)
基礎(1)
地域(1)
奉公(1)
組織(2)
姻族(1)
系譜(1)
願い(1)
家産(1)
近接(1)
比率(1)
計算(1)
世帯(2)
範囲(1)
特殊(2)
数値(1)
場合(1)
作用(1)
規定(1)
離縁(1)
文献(1)
秋津(1)
)、(1)
本家(1)
背景(1)
• 「(1)
鹿児島(2)
対照(1)
直系(1)
高齢(1)
類型(3)
分家(1)
性格(1)
同族(2)
思想(1)
ヨーロッパ(1)
直接(1)
単位(1)
親等(1)
{ 1 } { 2 3 } { 4 } { 5 } { 6 } { 7 } { 8 } { 9 } { 10 } { 11 } { 12 13 } { 14 } { 15 16 17 } { 18 } 
Segment{ 2 3 }, Segment{ 4 }
コサイン類似度: 0.019028332969792807
Segment{ 4 }, Segment{ 5 }
コサイン類似度: 0.12578057484594798
Segment{ 5 }, Segment{ 6 }
コサイン類似度: 0.0
Segment{ 6 }, Segment{ 7 }
コサイン類似度: 0.06406001876993085
Segment{ 7 }, Segment{ 8 }
コサイン類似度: 0.06724724728858955
Segment{ 8 }, Segment{ 9 }
コサイン類似度: 0.0
Segment{ 9 }, Segment{ 10 }
コサイン類似度: 0.004332939264409007
Segment{ 10 }, Segment{ 11 }
コサイン類似度: 0.041015569927048884
Segment{ 11 }, Segment{ 12 13 }
コサイン類似度: 0.03295000784167587
Segment{ 12 13 }, Segment{ 14 }
コサイン類似度: 0.07765051002804678
Segment{ 14 }, Segment{ 15 16 17 }
コサイン類似度: 0.03799020016950067
Segment{ 15 16 17 }, Segment{ 18 }
コサイン類似度: 0.066481429491478
永続(1)
経営(1)
改訂(1)
血族(1)
構成(2)
根拠(1)
清一(1)
著作(1)
夫婦(1)
グラフ(1)
特徴(1)
程度(1)
都道(1)
ピーク(1)
終了(1)
– (5)
培風館(1)
民法(1)
民主(1)
縁組(1)
理論(2)
崇拝(1)
参考(1)
過疎(1)
調査(1)
ことば(1)
世界(1)
国勢(1)
府県(1)
拡大(1)
増補(1)
意義(1)
推移(1)
‒ (1)
商家(1)
修正(1)
慣習(1)
分布(1)
用語(1)
多野(1)
上下(1)
解消(1)
• (9)
養子(2)
時代(1)
戦後(1)
分裂(1)
親類(1)
････(1)
概念(1)
vs(1)
一定(1)
ズレ(1)
法律(2)
ひとり(1)
むら(2)
現代(2)
親族(4)
集団(1)
居住(1)
研究(4)
遺制(1)
社会(4)
祖先(1)
東京(1)
方法(1)
根源(1)
農学(1)
家族(6)
もの(2)
有賀(1)
中野(1)
成立(1)
関係(2)
文化(3)
全国(1)
住み込み(1)
相互(1)
望月(1)
係数(1)
日本(2)
御茶の水(1)
家業(1)
まとまり(1)
山形(1)
団体(1)
財産(1)
一つ(1)
複合(1)
･･･(1)
書房(1)
家々(1)
農村(1)
fictitious(1)
維持(1)
"• (1)
森岡(1)
員数(1)
来社(1)
きっかけ(1)
鳥越(1)
形態(2)
世代(1)
基礎(1)
地域(1)
奉公(1)
組織(2)
姻族(1)
系譜(1)
願い(1)
家産(1)
近接(1)
比率(1)
計算(1)
世帯(2)
範囲(1)
特殊(2)
数値(1)
場合(1)
作用(1)
規定(1)
離縁(1)
文献(1)
秋津(1)
)、(1)
本家(1)
背景(1)
• 「(1)
鹿児島(1)
対照(1)
直系(1)
高齢(1)
類型(2)
分家(1)
性格(1)
同族(2)
思想(1)
ヨーロッパ(1)
直接(1)
単位(1)
親等(1)
{ 1 } { 2 3 } { 4 5 } { 6 } { 7 } { 8 } { 9 } { 10 } { 11 } { 12 13 } { 14 } { 15 16 17 } { 18 } 
Segment{ 4 5 }, Segment{ 6 }
コサイン類似度: 0.0
Segment{ 6 }, Segment{ 7 }
コサイン類似度: 0.06406001876993085
Segment{ 7 }, Segment{ 8 }
コサイン類似度: 0.06724724728858955
Segment{ 8 }, Segment{ 9 }
コサイン類似度: 0.0
Segment{ 9 }, Segment{ 10 }
コサイン類似度: 0.004332939264409007
Segment{ 10 }, Segment{ 11 }
コサイン類似度: 0.041015569927048884
Segment{ 11 }, Segment{ 12 13 }
コサイン類似度: 0.03295000784167587
Segment{ 12 13 }, Segment{ 14 }
コサイン類似度: 0.07765051002804678
Segment{ 14 }, Segment{ 15 16 17 }
コサイン類似度: 0.03799020016950067
Segment{ 15 16 17 }, Segment{ 18 }
コサイン類似度: 0.066481429491478
永続(1)
経営(1)
改訂(1)
血族(1)
構成(2)
根拠(1)
清一(1)
著作(1)
夫婦(1)
グラフ(1)
特徴(1)
程度(1)
都道(1)
ピーク(1)
終了(1)
– (5)
培風館(1)
民法(1)
民主(1)
縁組(1)
理論(2)
崇拝(1)
参考(1)
過疎(1)
調査(1)
ことば(1)
世界(1)
国勢(1)
府県(1)
拡大(1)
増補(1)
意義(1)
推移(1)
‒ (1)
商家(1)
修正(1)
慣習(1)
分布(1)
用語(1)
多野(1)
上下(1)
解消(1)
• (8)
養子(2)
時代(1)
戦後(1)
分裂(1)
親類(1)
････(1)
概念(1)
vs(1)
一定(1)
ズレ(1)
法律(1)
ひとり(1)
むら(2)
現代(2)
親族(3)
集団(1)
居住(1)
研究(4)
遺制(1)
社会(4)
祖先(1)
東京(1)
方法(1)
根源(1)
農学(1)
家族(6)
もの(2)
有賀(1)
中野(1)
成立(1)
関係(2)
文化(3)
全国(1)
住み込み(1)
相互(1)
望月(1)
係数(1)
日本(2)
御茶の水(1)
家業(1)
まとまり(1)
山形(1)
団体(1)
財産(1)
一つ(1)
複合(1)
･･･(1)
書房(1)
家々(1)
農村(1)
fictitious(1)
維持(1)
"• (1)
森岡(1)
員数(1)
来社(1)
きっかけ(1)
鳥越(1)
形態(2)
世代(1)
基礎(1)
地域(1)
奉公(1)
組織(2)
姻族(1)
系譜(1)
願い(1)
家産(1)
近接(1)
比率(1)
計算(1)
世帯(2)
範囲(1)
特殊(2)
数値(1)
場合(1)
作用(1)
規定(1)
離縁(1)
文献(1)
秋津(1)
)、(1)
本家(1)
背景(1)
• 「(1)
鹿児島(1)
対照(1)
直系(1)
高齢(1)
類型(2)
分家(1)
性格(1)
同族(2)
思想(1)
ヨーロッパ(1)
直接(1)
単位(1)
親等(1)
{ 1 } { 2 3 } { 4 5 } { 6 } { 7 } { 8 } { 9 } { 10 } { 11 } { 12 13 14 } { 15 16 17 } { 18 } 
Segment{ 4 5 }, Segment{ 6 }
コサイン類似度: 0.0
Segment{ 6 }, Segment{ 7 }
コサイン類似度: 0.0654253991061408
Segment{ 7 }, Segment{ 8 }
コサイン類似度: 0.06718963375702088
Segment{ 8 }, Segment{ 9 }
コサイン類似度: 0.0
Segment{ 9 }, Segment{ 10 }
コサイン類似度: 0.0054738966335115295
Segment{ 10 }, Segment{ 11 }
コサイン類似度: 0.04159766862936482
Segment{ 11 }, Segment{ 12 13 14 }
コサイン類似度: 0.030402474490241135
Segment{ 15 16 17 }, Segment{ 18 }
コサイン類似度: 0.06723272632145401
永続(1)
経営(1)
改訂(1)
血族(1)
構成(2)
根拠(1)
清一(1)
著作(1)
夫婦(1)
グラフ(1)
特徴(1)
程度(1)
都道(1)
ピーク(1)
終了(1)
– (5)
培風館(1)
民法(1)
民主(1)
縁組(1)
理論(2)
崇拝(1)
参考(1)
過疎(1)
調査(1)
ことば(1)
世界(1)
国勢(1)
府県(1)
拡大(1)
増補(1)
意義(1)
推移(1)
‒ (1)
商家(1)
修正(1)
慣習(1)
分布(1)
用語(1)
多野(1)
上下(1)
解消(1)
• (7)
養子(2)
時代(1)
戦後(1)
分裂(1)
親類(1)
････(1)
概念(1)
vs(1)
一定(1)
ズレ(1)
法律(1)
ひとり(1)
むら(2)
現代(2)
親族(3)
集団(1)
居住(1)
研究(4)
遺制(1)
社会(4)
祖先(1)
東京(1)
方法(1)
根源(1)
農学(1)
家族(6)
もの(2)
有賀(1)
中野(1)
成立(1)
関係(2)
文化(3)
全国(1)
住み込み(1)
相互(1)
望月(1)
係数(1)
日本(2)
御茶の水(1)
家業(1)
まとまり(1)
山形(1)
団体(1)
財産(1)
一つ(1)
複合(1)
･･･(1)
書房(1)
家々(1)
農村(1)
fictitious(1)
維持(1)
"• (1)
森岡(1)
員数(1)
来社(1)
きっかけ(1)
鳥越(1)
形態(2)
世代(1)
基礎(1)
地域(1)
奉公(1)
組織(2)
姻族(1)
系譜(1)
願い(1)
家産(1)
近接(1)
比率(1)
計算(1)
世帯(2)
範囲(1)
特殊(2)
数値(1)
場合(1)
作用(1)
規定(1)
離縁(1)
文献(1)
秋津(1)
)、(1)
本家(1)
背景(1)
• 「(1)
鹿児島(1)
対照(1)
直系(1)
高齢(1)
類型(2)
分家(1)
性格(1)
同族(1)
思想(1)
ヨーロッパ(1)
直接(1)
単位(1)
親等(1)
{ 1 } { 2 3 } { 4 5 } { 6 } { 7 } { 8 } { 9 } { 10 } { 11 } { 12 13 14 } { 15 16 17 18 } 
Segment{ 4 5 }, Segment{ 6 }
コサイン類似度: 0.0
Segment{ 6 }, Segment{ 7 }
コサイン類似度: 0.06811014989919112
Segment{ 7 }, Segment{ 8 }
コサイン類似度: 0.06710586449775362
Segment{ 8 }, Segment{ 9 }
コサイン類似度: 0.0
Segment{ 9 }, Segment{ 10 }
コサイン類似度: 0.007130677381036875
Segment{ 10 }, Segment{ 11 }
コサイン類似度: 0.04244534021109655
Segment{ 11 }, Segment{ 12 13 14 }
コサイン類似度: 0.03356140827882969
永続(1)
経営(1)
改訂(1)
血族(1)
構成(2)
根拠(1)
清一(1)
著作(1)
夫婦(1)
グラフ(1)
特徴(1)
程度(1)
都道(1)
ピーク(1)
終了(1)
– (4)
培風館(1)
民法(1)
民主(1)
縁組(1)
理論(2)
崇拝(1)
参考(1)
過疎(1)
調査(1)
ことば(1)
世界(1)
国勢(1)
府県(1)
拡大(1)
増補(1)
意義(1)
推移(1)
‒ (1)
商家(1)
修正(1)
慣習(1)
分布(1)
用語(1)
多野(1)
上下(1)
解消(1)
• (6)
養子(2)
時代(1)
戦後(1)
分裂(1)
親類(1)
････(1)
概念(1)
vs(1)
一定(1)
ズレ(1)
法律(1)
ひとり(1)
むら(2)
現代(1)
親族(3)
集団(1)
居住(1)
研究(3)
遺制(1)
社会(4)
祖先(1)
東京(1)
方法(1)
根源(1)
農学(1)
家族(6)
もの(2)
有賀(1)
中野(1)
成立(1)
関係(2)
文化(3)
全国(1)
住み込み(1)
相互(1)
望月(1)
係数(1)
日本(2)
御茶の水(1)
家業(1)
まとまり(1)
山形(1)
団体(1)
財産(1)
一つ(1)
複合(1)
･･･(1)
書房(1)
家々(1)
農村(1)
fictitious(1)
維持(1)
"• (1)
森岡(1)
員数(1)
来社(1)
きっかけ(1)
鳥越(1)
形態(2)
世代(1)
基礎(1)
地域(1)
奉公(1)
組織(2)
姻族(1)
系譜(1)
願い(1)
家産(1)
近接(1)
比率(1)
計算(1)
世帯(2)
範囲(1)
特殊(2)
数値(1)
場合(1)
作用(1)
規定(1)
離縁(1)
文献(1)
秋津(1)
)、(1)
本家(1)
背景(1)
• 「(1)
鹿児島(1)
対照(1)
直系(1)
高齢(1)
類型(2)
分家(1)
性格(1)
同族(1)
思想(1)
ヨーロッパ(1)
直接(1)
単位(1)
親等(1)
{ 1 } { 2 3 } { 4 5 } { 6 7 } { 8 } { 9 } { 10 } { 11 } { 12 13 14 } { 15 16 17 18 } 
Segment{ 6 7 }, Segment{ 8 }
コサイン類似度: 0.05988314816571855
Segment{ 8 }, Segment{ 9 }
コサイン類似度: 0.0
Segment{ 9 }, Segment{ 10 }
コサイン類似度: 0.009666348622178217
Segment{ 10 }, Segment{ 11 }
コサイン類似度: 0.04321508251258956
Segment{ 11 }, Segment{ 12 13 14 }
コサイン類似度: 0.04696826371014325
永続(1)
経営(1)
改訂(1)
血族(1)
構成(2)
根拠(1)
清一(1)
著作(1)
夫婦(1)
グラフ(1)
特徴(1)
程度(1)
都道(1)
ピーク(1)
終了(1)
– (3)
培風館(1)
民法(1)
民主(1)
縁組(1)
理論(2)
崇拝(1)
参考(1)
過疎(1)
調査(1)
ことば(1)
世界(1)
国勢(1)
府県(1)
拡大(1)
増補(1)
意義(1)
推移(1)
‒ (1)
商家(1)
修正(1)
慣習(1)
分布(1)
用語(1)
多野(1)
上下(1)
解消(1)
• (6)
養子(2)
時代(1)
戦後(1)
分裂(1)
親類(1)
････(1)
概念(1)
vs(1)
一定(1)
ズレ(1)
法律(1)
ひとり(1)
むら(2)
現代(1)
親族(3)
集団(1)
居住(1)
研究(3)
遺制(1)
社会(4)
祖先(1)
東京(1)
方法(1)
根源(1)
農学(1)
家族(6)
もの(2)
有賀(1)
中野(1)
成立(1)
関係(2)
文化(2)
全国(1)
住み込み(1)
相互(1)
望月(1)
係数(1)
日本(2)
御茶の水(1)
家業(1)
まとまり(1)
山形(1)
団体(1)
財産(1)
一つ(1)
複合(1)
･･･(1)
書房(1)
家々(1)
農村(1)
fictitious(1)
維持(1)
"• (1)
森岡(1)
員数(1)
来社(1)
きっかけ(1)
鳥越(1)
形態(2)
世代(1)
基礎(1)
地域(1)
奉公(1)
組織(2)
姻族(1)
系譜(1)
願い(1)
家産(1)
近接(1)
比率(1)
計算(1)
世帯(2)
範囲(1)
特殊(2)
数値(1)
場合(1)
作用(1)
規定(1)
離縁(1)
文献(1)
秋津(1)
)、(1)
本家(1)
背景(1)
• 「(1)
鹿児島(1)
対照(1)
直系(1)
高齢(1)
類型(2)
分家(1)
性格(1)
同族(1)
思想(1)
ヨーロッパ(1)
直接(1)
単位(1)
親等(1)
{ 1 } { 2 3 } { 4 5 } { 6 7 8 } { 9 } { 10 } { 11 } { 12 13 14 } { 15 16 17 18 } 
Segment{ 6 7 8 }, Segment{ 9 }
コサイン類似度: 0.021158679006899175
Segment{ 9 }, Segment{ 10 }
コサイン類似度: 0.009666348622178217
Segment{ 10 }, Segment{ 11 }
コサイン類似度: 0.04212675821873049
Segment{ 11 }, Segment{ 12 13 14 }
コサイン類似度: 0.06469917740331835
永続(1)
経営(1)
改訂(1)
血族(1)
構成(2)
根拠(1)
清一(1)
著作(1)
夫婦(1)
グラフ(1)
特徴(1)
程度(1)
都道(1)
ピーク(1)
終了(1)
– (2)
培風館(1)
民法(1)
民主(1)
縁組(1)
理論(2)
崇拝(1)
参考(1)
過疎(1)
調査(1)
ことば(1)
世界(1)
国勢(1)
府県(1)
拡大(1)
増補(1)
意義(1)
推移(1)
‒ (1)
商家(1)
修正(1)
慣習(1)
分布(1)
用語(1)
多野(1)
上下(1)
解消(1)
• (5)
養子(2)
時代(1)
戦後(1)
分裂(1)
親類(1)
････(1)
概念(1)
vs(1)
一定(1)
ズレ(1)
法律(1)
ひとり(1)
むら(2)
現代(1)
親族(3)
集団(1)
居住(1)
研究(3)
遺制(1)
社会(4)
祖先(1)
東京(1)
方法(1)
根源(1)
農学(1)
家族(5)
もの(2)
有賀(1)
中野(1)
成立(1)
関係(2)
文化(2)
全国(1)
住み込み(1)
相互(1)
望月(1)
係数(1)
日本(2)
御茶の水(1)
家業(1)
まとまり(1)
山形(1)
団体(1)
財産(1)
一つ(1)
複合(1)
･･･(1)
書房(1)
家々(1)
農村(1)
fictitious(1)
維持(1)
"• (1)
森岡(1)
員数(1)
来社(1)
きっかけ(1)
鳥越(1)
形態(2)
世代(1)
基礎(1)
地域(1)
奉公(1)
組織(2)
姻族(1)
系譜(1)
願い(1)
家産(1)
近接(1)
比率(1)
計算(1)
世帯(2)
範囲(1)
特殊(2)
数値(1)
場合(1)
作用(1)
規定(1)
離縁(1)
文献(1)
秋津(1)
)、(1)
本家(1)
背景(1)
• 「(1)
鹿児島(1)
対照(1)
直系(1)
高齢(1)
類型(2)
分家(1)
性格(1)
同族(1)
思想(1)
ヨーロッパ(1)
直接(1)
単位(1)
親等(1)
{ 1 } { 2 3 } { 4 5 } { 6 7 8 } { 9 } { 10 } { 11 12 13 14 } { 15 16 17 18 } 
Segment{ 6 7 8 }, Segment{ 9 }
コサイン類似度: 0.02797530845058874
Segment{ 9 }, Segment{ 10 }
コサイン類似度: 0.013571725888960951
Segment{ 10 }, Segment{ 11 12 13 14 }
コサイン類似度: 0.04727708281244136
永続(1)
経営(1)
改訂(1)
血族(1)
構成(2)
根拠(1)
清一(1)
著作(1)
夫婦(1)
グラフ(1)
特徴(1)
程度(1)
都道(1)
ピーク(1)
終了(1)
– (2)
培風館(1)
民法(1)
民主(1)
縁組(1)
理論(2)
崇拝(1)
参考(1)
過疎(1)
調査(1)
ことば(1)
世界(1)
国勢(1)
府県(1)
拡大(1)
増補(1)
意義(1)
推移(1)
‒ (1)
商家(1)
修正(1)
慣習(1)
分布(1)
用語(1)
多野(1)
上下(1)
解消(1)
• (5)
養子(2)
時代(1)
戦後(1)
分裂(1)
親類(1)
････(1)
概念(1)
vs(1)
一定(1)
ズレ(1)
法律(1)
ひとり(1)
むら(2)
現代(1)
親族(3)
集団(1)
居住(1)
研究(3)
遺制(1)
社会(4)
祖先(1)
東京(1)
方法(1)
根源(1)
農学(1)
家族(5)
もの(2)
有賀(1)
中野(1)
成立(1)
関係(2)
文化(2)
全国(1)
住み込み(1)
相互(1)
望月(1)
係数(1)
日本(2)
御茶の水(1)
家業(1)
まとまり(1)
山形(1)
団体(1)
財産(1)
一つ(1)
複合(1)
･･･(1)
書房(1)
家々(1)
農村(1)
fictitious(1)
維持(1)
"• (1)
森岡(1)
員数(1)
来社(1)
きっかけ(1)
鳥越(1)
形態(2)
世代(1)
基礎(1)
地域(1)
奉公(1)
組織(2)
姻族(1)
系譜(1)
願い(1)
家産(1)
近接(1)
比率(1)
計算(1)
世帯(2)
範囲(1)
特殊(2)
数値(1)
場合(1)
作用(1)
規定(1)
離縁(1)
文献(1)
秋津(1)
)、(1)
本家(1)
背景(1)
• 「(1)
鹿児島(1)
対照(1)
直系(1)
高齢(1)
類型(2)
分家(1)
性格(1)
同族(1)
思想(1)
ヨーロッパ(1)
直接(1)
単位(1)
親等(1)
{ 1 } { 2 3 } { 4 5 } { 6 7 8 } { 9 } { 10 } { 11 12 13 14 } { 15 16 17 18 } 
前後のスライドを見るSegment{ 9 }, Segment{ 10 }
コサイン類似度: 0.05491023914609443
前後のスライドを見るSegment{ 10 }, Segment{ 11 12 13 14 }
コサイン類似度: 0.05024276261408668
永続(1)
経営(1)
改訂(1)
血族(1)
構成(2)
根拠(1)
清一(1)
著作(1)
夫婦(1)
特徴(1)
グラフ(1)
程度(1)
都道(1)
ピーク(1)
終了(1)
培風館(1)
– (2)
民法(1)
民主(1)
縁組(1)
理論(2)
崇拝(1)
参考(1)
過疎(1)
調査(1)
ことば(1)
世界(1)
国勢(1)
府県(1)
拡大(1)
増補(1)
意義(1)
推移(1)
‒ (1)
商家(1)
修正(1)
慣習(1)
分布(1)
用語(1)
多野(1)
上下(1)
解消(1)
• (3)
養子(2)
時代(1)
戦後(1)
分裂(1)
親類(1)
････(1)
概念(1)
vs(1)
一定(1)
ズレ(1)
法律(1)
ひとり(1)
むら(2)
現代(1)
親族(3)
集団(1)
居住(1)
研究(3)
遺制(1)
社会(3)
祖先(1)
東京(1)
方法(1)
農学(1)
根源(1)
家族(4)
もの(2)
有賀(1)
中野(1)
成立(1)
関係(2)
全国(1)
文化(2)
住み込み(1)
相互(1)
望月(1)
係数(1)
日本(2)
御茶の水(1)
家業(1)
まとまり(1)
山形(1)
団体(1)
財産(1)
一つ(1)
複合(1)
･･･(1)
書房(1)
家々(1)
農村(1)
fictitious(1)
維持(1)
"• (1)
森岡(1)
員数(1)
来社(1)
きっかけ(1)
鳥越(1)
形態(1)
世代(1)
基礎(1)
地域(1)
奉公(1)
組織(2)
姻族(1)
系譜(1)
家産(1)
願い(1)
近接(1)
比率(1)
計算(1)
世帯(2)
範囲(1)
特殊(2)
数値(1)
場合(1)
作用(1)
規定(1)
離縁(1)
文献(1)
秋津(1)
)、(1)
本家(1)
背景(1)
• 「(1)
鹿児島(1)
対照(1)
直系(1)
高齢(1)
類型(2)
分家(1)
性格(1)
同族(1)
思想(1)
ヨーロッパ(1)
直接(1)
単位(1)
親等(1)
{ 1 } { 2 3 } { 4 5 } { 6 7 8 9 10 } { 11 12 13 14 } { 15 16 17 18 } 
