filename: 08
xmlFile: /home/sakamoto/OCWData/ocw.kyoto-u.ac.jp/57-農村社会学(秋津元輝),2011/08/slide.xml
dir: /home/sakamoto/OCWData/ocw.kyoto-u.ac.jp/57-農村社会学(秋津元輝),2011/08
XML:
<presentation language="ja"><slide page="1"><body><p>むらと領域 保全との接続	1 農村社会・社会学特殊研究 第8話 秋津元輝（農学研究科） </p></body></slide><slide page="2"><body><p>Rural jigsaw puzzle	Community boundary	River	Forest	 The settlement area	2 </p></body></slide><slide page="3"><body><p>滋賀県湖北のある村落の領域	3 </p></body></slide><slide page="4"><body><p>むらの境界	 むらとむらとの境界  虫送りの始点と終点  境界回り  など  むら内部の境界	4 </p></body></slide><slide page="5"><body><p>村落（むら）空間の3重構造	 むら内部の空間的境界  語呂としては、  ムラ−ノラ−？  ムラ内部の境界	ムラ	京都府美山町北集落の遠景	 5 </p></body></slide><slide page="6"><body><p>ムラとノラの境	 目印･･･地蔵、サエノカミ、注連縄  悪いものの進入を防ぐ 　　→生活の保全  民俗学の領域	ムラ	ノラ	ヤマ	境	境	道	6 </p></body></slide><slide page="7"><body><p>道切りの例	  京丹後市丹後町上山	7 </p></body></slide><slide page="8"><body><p>ノラとヤマの境	 境の目安  カヤ場など  里山   　「田とその10倍の柴山」（岐阜県上矢作町）  柴山とは？  ヤマと奥ヤマ  私有地と共有地（入会） ムラ	ノラ	ヤマ	京都府美山町北集落の茅葺き屋根吹き替え	8 </p></body></slide><slide page="9"><body><p>入会とコモンズ	グローバル・コモンズ ローカル・コモンズ タイト	利用に関する権利・義務関係がある ル丨ズ	大気 海洋 集団のメンバーなら比較的自由に利用できる 井上真「自然資源の共同管理としてのコモンズ」井上・宮内編『コモンズの社会学』新曜社、2001、など	 9 </p></body></slide><slide page="10"><body><p>むらの「総有」	 法律上の総有とは  入会権がその代表例	  しかしここでいう「総有」はやや異なる	10 </p></body></slide><slide page="11"><body><p>「総有」の網	 私有地にかかる網としての「総有」 　　例）農地転用に関する申し合わせ 　　　　貸借による入作への忌避観 　　　　など	私有	 （うちのいえの土地）	総有	 （うちらのむらの土地）	11 </p></body></slide><slide page="12"><body><p>農地転用申し合せ例	　　　　　　　　　　　　農地転用関係申し合せ事項 　　　　　　　　　　　　　　　（四日市市）○○町自治会・○○町農家組合 　　　　　　　　　　　　○○町土地管理委員会（昭和62年7月一部改正） 　○○町土地管理区域内の土地所有者は、農地の健全な保全を図るため、農地転用に当り下記の事項を完全に履行することを申し合せた。 記 1．申し合せ事項の履行責任は転用者とし、売買を伴う転用の場合は、旧所有者もその責を負うこと。 2．農地転用の場合（埋立整地）道路、水路との境界は用水（U字溝）及び道路の境界より30㎝（特定箇所は50㎝）控えた位置と定める。 　　尚、役員の確認を受け、その指示に従うこと。 8．転用後、排水路の清掃行事の際は必ず出席し、作業に協力すること。但し、欠席の場合は協力金を納付すること。（協力料金はその都度協議決定する）　	12 </p></body></slide><slide page="13"><body><p>本源的所有	 所有   →　処分・利用に対して「発言する」権利  労働投下が所有権を生み出す（『日本書紀』）  重播/頻播（しきまき）  むら領域への共同労働の投下   →　「総有」的所有権の発生   →環境社会学への展開 13 </p></body></slide><slide page="14"><body><p>むらと”領土”  徴税＝協議費徴収  むら人に対して  他所人に対して  人への税と土地への税  徴用＝共同作業  作業下請けによる協議費の捻出  共同労働への出役は義務＝権利 14 </p></body></slide><slide page="15"><body><p>参考文献	 川本彰『むらの領域と農業』家の光協会、1983年	 福田アジオ『日本村落の民俗的構造』弘文堂、1982年	 岩本由輝「本源的土地所有と”ムラ”の土地利用秩序」『村落社会研究』第23集、1987年	 鳥越皓之『家と村の社会学（増補版）』世界思想社、1993年	15 </p></body></slide></presentation>
ページ: 1 -----
<slide page="1"><body><p>むらと領域 保全との接続	1 農村社会・社会学特殊研究 第8話 秋津元輝（農学研究科） </p></body></slide>
in Sheet Class, page: 1
title = ""
body = "<p>むらと領域 保全との接続	1 農村社会・社会学特殊研究 第8話 秋津元輝（農学研究科） </p>"
makeWordArrayJp
paragraph: むらと領域 保全との接続	1 農村社会・社会学特殊研究 第8話 秋津元輝（農学研究科） 
むら :	名詞,一般,*,*,*,*,むら,ムラ,ムラ	true	1
領域 :	名詞,一般,*,*,*,*,領域,リョウイキ,リョーイキ	true	1
保全 :	名詞,サ変接続,*,*,*,*,保全,ホゼン,ホゼン	true	1
接続 :	名詞,サ変接続,*,*,*,*,接続,セツゾク,セツゾク	true	1
農村 :	名詞,一般,*,*,*,*,農村,ノウソン,ノーソン	true	1
社会 :	名詞,一般,*,*,*,*,社会,シャカイ,シャカイ	true	1
社会 :	名詞,一般,*,*,*,*,社会,シャカイ,シャカイ	true	2
特殊 :	名詞,形容動詞語幹,*,*,*,*,特殊,トクシュ,トクシュ	true	1
研究 :	名詞,サ変接続,*,*,*,*,研究,ケンキュウ,ケンキュー	true	1
秋津 :	名詞,固有名詞,人名,姓,*,*,秋津,アキツ,アキツ	true	1
農学 :	名詞,一般,*,*,*,*,農学,ノウガク,ノーガク	true	1
研究 :	名詞,サ変接続,*,*,*,*,研究,ケンキュウ,ケンキュー	true	2
ページ: 2 -----
<slide page="2"><body><p>Rural jigsaw puzzle	Community boundary	River	Forest	 The settlement area	2 </p></body></slide>
in Sheet Class, page: 2
title = ""
body = "<p>Rural jigsaw puzzle	Community boundary	River	Forest	 The settlement area	2 </p>"
makeWordArrayJp
paragraph: Rural jigsaw puzzle	Community boundary	River	Forest	 The settlement area	2 
Rural :	名詞,固有名詞,組織,*,*,*,*	false	1
jigsaw :	名詞,固有名詞,組織,*,*,*,*	false	1
puzzle :	名詞,固有名詞,組織,*,*,*,*	false	1
Community :	名詞,固有名詞,組織,*,*,*,*	false	1
boundary :	名詞,固有名詞,組織,*,*,*,*	false	1
River :	名詞,固有名詞,組織,*,*,*,*	false	1
Forest :	名詞,固有名詞,組織,*,*,*,*	false	1
The :	名詞,固有名詞,組織,*,*,*,*	false	1
settlement :	名詞,固有名詞,組織,*,*,*,*	false	1
area :	名詞,固有名詞,組織,*,*,*,*	false	1
ページ: 3 -----
<slide page="3"><body><p>滋賀県湖北のある村落の領域	3 </p></body></slide>
in Sheet Class, page: 3
title = ""
body = "<p>滋賀県湖北のある村落の領域	3 </p>"
makeWordArrayJp
paragraph: 滋賀県湖北のある村落の領域	3 
滋賀 :	名詞,固有名詞,地域,一般,*,*,滋賀,シガ,シガ	true	1
湖北 :	名詞,固有名詞,地域,一般,*,*,湖北,コホク,コホク	true	1
村落 :	名詞,一般,*,*,*,*,村落,ソンラク,ソンラク	true	1
領域 :	名詞,一般,*,*,*,*,領域,リョウイキ,リョーイキ	true	1
ページ: 4 -----
<slide page="4"><body><p>むらの境界	 むらとむらとの境界  虫送りの始点と終点  境界回り  など  むら内部の境界	4 </p></body></slide>
in Sheet Class, page: 4
title = ""
body = "<p>むらの境界	 むらとむらとの境界  虫送りの始点と終点  境界回り  など  むら内部の境界	4 </p>"
makeWordArrayJp
paragraph: むらの境界	 むらとむらとの境界  虫送りの始点と終点  境界回り  など  むら内部の境界	4 
むら :	名詞,一般,*,*,*,*,むら,ムラ,ムラ	true	1
境界 :	名詞,一般,*,*,*,*,境界,キョウカイ,キョーカイ	true	1
むら :	名詞,一般,*,*,*,*,むら,ムラ,ムラ	true	2
むら :	名詞,一般,*,*,*,*,むら,ムラ,ムラ	true	3
境界 :	名詞,一般,*,*,*,*,境界,キョウカイ,キョーカイ	true	2
虫送り :	名詞,一般,*,*,*,*,虫送り,ムシオクリ,ムシオクリ	true	1
始点 :	名詞,一般,*,*,*,*,始点,シテン,シテン	true	1
終点 :	名詞,一般,*,*,*,*,終点,シュウテン,シューテン	true	1
境界 :	名詞,一般,*,*,*,*,境界,キョウカイ,キョーカイ	true	3
回り :	名詞,一般,*,*,*,*,回り,マワリ,マワリ	true	1
むら :	名詞,一般,*,*,*,*,むら,ムラ,ムラ	true	4
内部 :	名詞,一般,*,*,*,*,内部,ナイブ,ナイブ	true	1
境界 :	名詞,一般,*,*,*,*,境界,キョウカイ,キョーカイ	true	4
ページ: 5 -----
<slide page="5"><body><p>村落（むら）空間の3重構造	 むら内部の空間的境界  語呂としては、  ムラ−ノラ−？  ムラ内部の境界	ムラ	京都府美山町北集落の遠景	 5 </p></body></slide>
in Sheet Class, page: 5
title = ""
body = "<p>村落（むら）空間の3重構造	 むら内部の空間的境界  語呂としては、  ムラ−ノラ−？  ムラ内部の境界	ムラ	京都府美山町北集落の遠景	 5 </p>"
makeWordArrayJp
paragraph: 村落（むら）空間の3重構造	 むら内部の空間的境界  語呂としては、  ムラ−ノラ−？  ムラ内部の境界	ムラ	京都府美山町北集落の遠景	 5 
村落 :	名詞,一般,*,*,*,*,村落,ソンラク,ソンラク	true	1
むら :	名詞,一般,*,*,*,*,むら,ムラ,ムラ	true	1
空間 :	名詞,一般,*,*,*,*,空間,クウカン,クーカン	true	1
構造 :	名詞,一般,*,*,*,*,構造,コウゾウ,コーゾー	true	1
むら :	名詞,一般,*,*,*,*,むら,ムラ,ムラ	true	2
内部 :	名詞,一般,*,*,*,*,内部,ナイブ,ナイブ	true	1
空間 :	名詞,一般,*,*,*,*,空間,クウカン,クーカン	true	2
境界 :	名詞,一般,*,*,*,*,境界,キョウカイ,キョーカイ	true	1
語呂 :	名詞,一般,*,*,*,*,語呂,ゴロ,ゴロ	true	1
ムラ :	名詞,固有名詞,一般,*,*,*,ムラ,ムラ,ムラ	true	1
ノラ :	名詞,一般,*,*,*,*,*	false	1
ムラ :	名詞,固有名詞,一般,*,*,*,ムラ,ムラ,ムラ	true	2
内部 :	名詞,一般,*,*,*,*,内部,ナイブ,ナイブ	true	2
境界 :	名詞,一般,*,*,*,*,境界,キョウカイ,キョーカイ	true	2
ムラ :	名詞,固有名詞,一般,*,*,*,ムラ,ムラ,ムラ	true	3
京都 :	名詞,固有名詞,地域,一般,*,*,京都,キョウト,キョート	true	1
美山 :	名詞,固有名詞,地域,一般,*,*,美山,ミヤマ,ミヤマ	true	1
集落 :	名詞,一般,*,*,*,*,集落,シュウラク,シューラク	true	1
遠景 :	名詞,一般,*,*,*,*,遠景,エンケイ,エンケイ	true	1
ページ: 6 -----
<slide page="6"><body><p>ムラとノラの境	 目印･･･地蔵、サエノカミ、注連縄  悪いものの進入を防ぐ 　　→生活の保全  民俗学の領域	ムラ	ノラ	ヤマ	境	境	道	6 </p></body></slide>
in Sheet Class, page: 6
title = ""
body = "<p>ムラとノラの境	 目印･･･地蔵、サエノカミ、注連縄  悪いものの進入を防ぐ 　　→生活の保全  民俗学の領域	ムラ	ノラ	ヤマ	境	境	道	6 </p>"
makeWordArrayJp
paragraph: ムラとノラの境	 目印･･･地蔵、サエノカミ、注連縄  悪いものの進入を防ぐ 　　→生活の保全  民俗学の領域	ムラ	ノラ	ヤマ	境	境	道	6 
ムラ :	名詞,固有名詞,一般,*,*,*,ムラ,ムラ,ムラ	true	1
ノラ :	名詞,一般,*,*,*,*,*	false	1
目印 :	名詞,サ変接続,*,*,*,*,目印,メジルシ,メジルシ	true	1
･･･ :	名詞,サ変接続,*,*,*,*,*	false	1
地蔵 :	名詞,一般,*,*,*,*,地蔵,ジゾウ,ジゾー	true	1
サエノカミ :	名詞,一般,*,*,*,*,*	false	1
注連縄 :	名詞,一般,*,*,*,*,注連縄,シメナワ,シメナワ	true	1
もの :	名詞,非自立,一般,*,*,*,もの,モノ,モノ	true	1
進入 :	名詞,サ変接続,*,*,*,*,進入,シンニュウ,シンニュー	true	1
生活 :	名詞,サ変接続,*,*,*,*,生活,セイカツ,セイカツ	true	1
保全 :	名詞,サ変接続,*,*,*,*,保全,ホゼン,ホゼン	true	1
民俗 :	名詞,一般,*,*,*,*,民俗,ミンゾク,ミンゾク	true	1
領域 :	名詞,一般,*,*,*,*,領域,リョウイキ,リョーイキ	true	1
ムラ :	名詞,固有名詞,一般,*,*,*,ムラ,ムラ,ムラ	true	2
ノラ :	名詞,一般,*,*,*,*,*	false	2
ヤマ :	名詞,一般,*,*,*,*,ヤマ,ヤマ,ヤマ	true	1
ページ: 7 -----
<slide page="7"><body><p>道切りの例	  京丹後市丹後町上山	7 </p></body></slide>
in Sheet Class, page: 7
title = ""
body = "<p>道切りの例	  京丹後市丹後町上山	7 </p>"
makeWordArrayJp
paragraph: 道切りの例	  京丹後市丹後町上山	7 
切り :	名詞,接尾,一般,*,*,*,切り,ギリ,ギリ	true	1
丹後 :	名詞,固有名詞,地域,一般,*,*,丹後,タンゴ,タンゴ	true	1
丹後 :	名詞,固有名詞,地域,一般,*,*,丹後,タンゴ,タンゴ	true	2
上山 :	名詞,固有名詞,地域,一般,*,*,上山,カミノヤマ,カミノヤマ	true	1
ページ: 8 -----
<slide page="8"><body><p>ノラとヤマの境	 境の目安  カヤ場など  里山   　「田とその10倍の柴山」（岐阜県上矢作町）  柴山とは？  ヤマと奥ヤマ  私有地と共有地（入会） ムラ	ノラ	ヤマ	京都府美山町北集落の茅葺き屋根吹き替え	8 </p></body></slide>
in Sheet Class, page: 8
title = ""
body = "<p>ノラとヤマの境	 境の目安  カヤ場など  里山   　「田とその10倍の柴山」（岐阜県上矢作町）  柴山とは？  ヤマと奥ヤマ  私有地と共有地（入会） ムラ	ノラ	ヤマ	京都府美山町北集落の茅葺き屋根吹き替え	8 </p>"
makeWordArrayJp
paragraph: ノラとヤマの境	 境の目安  カヤ場など  里山   　「田とその10倍の柴山」（岐阜県上矢作町）  柴山とは？  ヤマと奥ヤマ  私有地と共有地（入会） ムラ	ノラ	ヤマ	京都府美山町北集落の茅葺き屋根吹き替え	8 
ノラ :	名詞,一般,*,*,*,*,*	false	1
ヤマ :	名詞,一般,*,*,*,*,ヤマ,ヤマ,ヤマ	true	1
目安 :	名詞,一般,*,*,*,*,目安,メヤス,メヤス	true	1
カヤ :	名詞,一般,*,*,*,*,カヤ,カヤ,カヤ	true	1
里山 :	名詞,固有名詞,地域,一般,*,*,里山,サトヤマ,サトヤマ	true	1
柴山 :	名詞,一般,*,*,*,*,柴山,シバヤマ,シバヤマ	true	1
岐阜 :	名詞,固有名詞,地域,一般,*,*,岐阜,ギフ,ギフ	true	1
上矢作 :	名詞,固有名詞,地域,一般,*,*,上矢作,カミヤハギ,カミヤハギ	true	1
柴山 :	名詞,一般,*,*,*,*,柴山,シバヤマ,シバヤマ	true	2
ヤマ :	名詞,一般,*,*,*,*,ヤマ,ヤマ,ヤマ	true	2
ヤマ :	名詞,一般,*,*,*,*,ヤマ,ヤマ,ヤマ	true	3
私有 :	名詞,サ変接続,*,*,*,*,私有,シユウ,シユー	true	1
共有 :	名詞,サ変接続,*,*,*,*,共有,キョウユウ,キョーユー	true	1
入会 :	名詞,サ変接続,*,*,*,*,入会,ニュウカイ,ニューカイ	true	1
ムラ :	名詞,固有名詞,一般,*,*,*,ムラ,ムラ,ムラ	true	1
ノラ :	名詞,一般,*,*,*,*,*	false	2
ヤマ :	名詞,一般,*,*,*,*,ヤマ,ヤマ,ヤマ	true	4
京都 :	名詞,固有名詞,地域,一般,*,*,京都,キョウト,キョート	true	1
美山 :	名詞,固有名詞,地域,一般,*,*,美山,ミヤマ,ミヤマ	true	1
集落 :	名詞,一般,*,*,*,*,集落,シュウラク,シューラク	true	1
茅葺き :	名詞,一般,*,*,*,*,茅葺き,カヤブキ,カヤブキ	true	1
屋根 :	名詞,一般,*,*,*,*,屋根,ヤネ,ヤネ	true	1
吹き替え :	名詞,一般,*,*,*,*,吹き替え,フキカエ,フキカエ	true	1
ページ: 9 -----
<slide page="9"><body><p>入会とコモンズ	グローバル・コモンズ ローカル・コモンズ タイト	利用に関する権利・義務関係がある ル丨ズ	大気 海洋 集団のメンバーなら比較的自由に利用できる 井上真「自然資源の共同管理としてのコモンズ」井上・宮内編『コモンズの社会学』新曜社、2001、など	 9 </p></body></slide>
in Sheet Class, page: 9
title = ""
body = "<p>入会とコモンズ	グローバル・コモンズ ローカル・コモンズ タイト	利用に関する権利・義務関係がある ル丨ズ	大気 海洋 集団のメンバーなら比較的自由に利用できる 井上真「自然資源の共同管理としてのコモンズ」井上・宮内編『コモンズの社会学』新曜社、2001、など	 9 </p>"
makeWordArrayJp
paragraph: 入会とコモンズ	グローバル・コモンズ ローカル・コモンズ タイト	利用に関する権利・義務関係がある ル丨ズ	大気 海洋 集団のメンバーなら比較的自由に利用できる 井上真「自然資源の共同管理としてのコモンズ」井上・宮内編『コモンズの社会学』新曜社、2001、など	 9 
入会 :	名詞,サ変接続,*,*,*,*,入会,ニュウカイ,ニューカイ	true	1
コモンズ :	名詞,一般,*,*,*,*,*	false	1
グローバル :	名詞,一般,*,*,*,*,グローバル,グローバル,グローバル	true	1
コモンズ :	名詞,固有名詞,組織,*,*,*,*	false	2
ローカル :	名詞,一般,*,*,*,*,ローカル,ローカル,ローカル	true	1
コモンズ :	名詞,固有名詞,組織,*,*,*,*	false	3
タイト :	名詞,形容動詞語幹,*,*,*,*,タイト,タイト,タイト	true	1
利用 :	名詞,サ変接続,*,*,*,*,利用,リヨウ,リヨー	true	1
権利 :	名詞,一般,*,*,*,*,権利,ケンリ,ケンリ	true	1
義務 :	名詞,一般,*,*,*,*,義務,ギム,ギム	true	1
関係 :	名詞,サ変接続,*,*,*,*,関係,カンケイ,カンケイ	true	1
大気 :	名詞,一般,*,*,*,*,大気,タイキ,タイキ	true	1
海洋 :	名詞,一般,*,*,*,*,海洋,カイヨウ,カイヨー	true	1
集団 :	名詞,一般,*,*,*,*,集団,シュウダン,シューダン	true	1
メンバー :	名詞,一般,*,*,*,*,メンバー,メンバー,メンバー	true	1
自由 :	名詞,形容動詞語幹,*,*,*,*,自由,ジユウ,ジユー	true	1
利用 :	名詞,サ変接続,*,*,*,*,利用,リヨウ,リヨー	true	2
井上 :	名詞,固有名詞,人名,姓,*,*,井上,イノウエ,イノウエ	true	1
自然 :	名詞,形容動詞語幹,*,*,*,*,自然,シゼン,シゼン	true	1
資源 :	名詞,一般,*,*,*,*,資源,シゲン,シゲン	true	1
共同 :	名詞,サ変接続,*,*,*,*,共同,キョウドウ,キョードー	true	1
管理 :	名詞,サ変接続,*,*,*,*,管理,カンリ,カンリ	true	1
コモンズ :	名詞,一般,*,*,*,*,*	false	4
井上 :	名詞,固有名詞,人名,姓,*,*,井上,イノウエ,イノウエ	true	2
宮内 :	名詞,一般,*,*,*,*,宮内,クナイ,クナイ	true	1
コモンズ :	名詞,一般,*,*,*,*,*	false	5
社会 :	名詞,一般,*,*,*,*,社会,シャカイ,シャカイ	true	1
ページ: 10 -----
<slide page="10"><body><p>むらの「総有」	 法律上の総有とは  入会権がその代表例	  しかしここでいう「総有」はやや異なる	10 </p></body></slide>
in Sheet Class, page: 10
title = ""
body = "<p>むらの「総有」	 法律上の総有とは  入会権がその代表例	  しかしここでいう「総有」はやや異なる	10 </p>"
makeWordArrayJp
paragraph: むらの「総有」	 法律上の総有とは  入会権がその代表例	  しかしここでいう「総有」はやや異なる	10 
むら :	名詞,一般,*,*,*,*,むら,ムラ,ムラ	true	1
総有 :	名詞,一般,*,*,*,*,総有,ソウユウ,ソーユー	true	1
法律 :	名詞,一般,*,*,*,*,法律,ホウリツ,ホーリツ	true	1
総有 :	名詞,一般,*,*,*,*,総有,ソウユウ,ソーユー	true	2
入会 :	名詞,サ変接続,*,*,*,*,入会,ニュウカイ,ニューカイ	true	1
代表 :	名詞,サ変接続,*,*,*,*,代表,ダイヒョウ,ダイヒョー	true	1
ここ :	名詞,代名詞,一般,*,*,*,ここ,ココ,ココ	true	1
総有 :	名詞,一般,*,*,*,*,総有,ソウユウ,ソーユー	true	3
ページ: 11 -----
<slide page="11"><body><p>「総有」の網	 私有地にかかる網としての「総有」 　　例）農地転用に関する申し合わせ 　　　　貸借による入作への忌避観 　　　　など	私有	 （うちのいえの土地）	総有	 （うちらのむらの土地）	11 </p></body></slide>
in Sheet Class, page: 11
title = ""
body = "<p>「総有」の網	 私有地にかかる網としての「総有」 　　例）農地転用に関する申し合わせ 　　　　貸借による入作への忌避観 　　　　など	私有	 （うちのいえの土地）	総有	 （うちらのむらの土地）	11 </p>"
makeWordArrayJp
paragraph: 「総有」の網	 私有地にかかる網としての「総有」 　　例）農地転用に関する申し合わせ 　　　　貸借による入作への忌避観 　　　　など	私有	 （うちのいえの土地）	総有	 （うちらのむらの土地）	11 
総有 :	名詞,一般,*,*,*,*,総有,ソウユウ,ソーユー	true	1
私有 :	名詞,サ変接続,*,*,*,*,私有,シユウ,シユー	true	1
総有 :	名詞,一般,*,*,*,*,総有,ソウユウ,ソーユー	true	2
農地 :	名詞,一般,*,*,*,*,農地,ノウチ,ノーチ	true	1
転用 :	名詞,サ変接続,*,*,*,*,転用,テンヨウ,テンヨー	true	1
申し合わせ :	名詞,一般,*,*,*,*,申し合わせ,モウシアワセ,モーシアワセ	true	1
貸借 :	名詞,サ変接続,*,*,*,*,貸借,タイシャク,タイシャク	true	1
忌避 :	名詞,サ変接続,*,*,*,*,忌避,キヒ,キヒ	true	1
私有 :	名詞,サ変接続,*,*,*,*,私有,シユウ,シユー	true	2
うち :	名詞,一般,*,*,*,*,うち,ウチ,ウチ	true	1
土地 :	名詞,一般,*,*,*,*,土地,トチ,トチ	true	1
総有 :	名詞,一般,*,*,*,*,総有,ソウユウ,ソーユー	true	3
うち :	名詞,一般,*,*,*,*,うち,ウチ,ウチ	true	2
むら :	名詞,一般,*,*,*,*,むら,ムラ,ムラ	true	1
土地 :	名詞,一般,*,*,*,*,土地,トチ,トチ	true	2
ページ: 12 -----
<slide page="12"><body><p>農地転用申し合せ例	　　　　　　　　　　　　農地転用関係申し合せ事項 　　　　　　　　　　　　　　　（四日市市）○○町自治会・○○町農家組合 　　　　　　　　　　　　○○町土地管理委員会（昭和62年7月一部改正） 　○○町土地管理区域内の土地所有者は、農地の健全な保全を図るため、農地転用に当り下記の事項を完全に履行することを申し合せた。 記 1．申し合せ事項の履行責任は転用者とし、売買を伴う転用の場合は、旧所有者もその責を負うこと。 2．農地転用の場合（埋立整地）道路、水路との境界は用水（U字溝）及び道路の境界より30㎝（特定箇所は50㎝）控えた位置と定める。 　　尚、役員の確認を受け、その指示に従うこと。 8．転用後、排水路の清掃行事の際は必ず出席し、作業に協力すること。但し、欠席の場合は協力金を納付すること。（協力料金はその都度協議決定する）　	12 </p></body></slide>
in Sheet Class, page: 12
title = ""
body = "<p>農地転用申し合せ例	　　　　　　　　　　　　農地転用関係申し合せ事項 　　　　　　　　　　　　　　　（四日市市）○○町自治会・○○町農家組合 　　　　　　　　　　　　○○町土地管理委員会（昭和62年7月一部改正） 　○○町土地管理区域内の土地所有者は、農地の健全な保全を図るため、農地転用に当り下記の事項を完全に履行することを申し合せた。 記 1．申し合せ事項の履行責任は転用者とし、売買を伴う転用の場合は、旧所有者もその責を負うこと。 2．農地転用の場合（埋立整地）道路、水路との境界は用水（U字溝）及び道路の境界より30㎝（特定箇所は50㎝）控えた位置と定める。 　　尚、役員の確認を受け、その指示に従うこと。 8．転用後、排水路の清掃行事の際は必ず出席し、作業に協力すること。但し、欠席の場合は協力金を納付すること。（協力料金はその都度協議決定する）　	12 </p>"
makeWordArrayJp
paragraph: 農地転用申し合せ例	　　　　　　　　　　　　農地転用関係申し合せ事項 　　　　　　　　　　　　　　　（四日市市）○○町自治会・○○町農家組合 　　　　　　　　　　　　○○町土地管理委員会（昭和62年7月一部改正） 　○○町土地管理区域内の土地所有者は、農地の健全な保全を図るため、農地転用に当り下記の事項を完全に履行することを申し合せた。 記 1．申し合せ事項の履行責任は転用者とし、売買を伴う転用の場合は、旧所有者もその責を負うこと。 2．農地転用の場合（埋立整地）道路、水路との境界は用水（U字溝）及び道路の境界より30㎝（特定箇所は50㎝）控えた位置と定める。 　　尚、役員の確認を受け、その指示に従うこと。 8．転用後、排水路の清掃行事の際は必ず出席し、作業に協力すること。但し、欠席の場合は協力金を納付すること。（協力料金はその都度協議決定する）　	12 
農地 :	名詞,一般,*,*,*,*,農地,ノウチ,ノーチ	true	1
転用 :	名詞,サ変接続,*,*,*,*,転用,テンヨウ,テンヨー	true	1
農地 :	名詞,一般,*,*,*,*,農地,ノウチ,ノーチ	true	2
転用 :	名詞,サ変接続,*,*,*,*,転用,テンヨウ,テンヨー	true	2
関係 :	名詞,サ変接続,*,*,*,*,関係,カンケイ,カンケイ	true	1
事項 :	名詞,一般,*,*,*,*,事項,ジコウ,ジコー	true	1
四日市 :	名詞,固有名詞,地域,一般,*,*,四日市,ヨッカイチ,ヨッカイチ	true	1
自治 :	名詞,一般,*,*,*,*,自治,ジチ,ジチ	true	1
農家 :	名詞,一般,*,*,*,*,農家,ノウカ,ノーカ	true	1
組合 :	名詞,一般,*,*,*,*,組合,クミアイ,クミアイ	true	1
土地 :	名詞,一般,*,*,*,*,土地,トチ,トチ	true	1
管理 :	名詞,サ変接続,*,*,*,*,管理,カンリ,カンリ	true	1
委員 :	名詞,一般,*,*,*,*,委員,イイン,イイン	true	1
昭和 :	名詞,固有名詞,一般,*,*,*,昭和,ショウワ,ショーワ	true	1
一部 :	名詞,副詞可能,*,*,*,*,一部,イチブ,イチブ	true	1
改正 :	名詞,サ変接続,*,*,*,*,改正,カイセイ,カイセイ	true	1
土地 :	名詞,一般,*,*,*,*,土地,トチ,トチ	true	2
管理 :	名詞,サ変接続,*,*,*,*,管理,カンリ,カンリ	true	2
区域 :	名詞,一般,*,*,*,*,区域,クイキ,クイキ	true	1
土地 :	名詞,一般,*,*,*,*,土地,トチ,トチ	true	3
所有 :	名詞,サ変接続,*,*,*,*,所有,ショユウ,ショユー	true	1
農地 :	名詞,一般,*,*,*,*,農地,ノウチ,ノーチ	true	3
健全 :	名詞,形容動詞語幹,*,*,*,*,健全,ケンゼン,ケンゼン	true	1
保全 :	名詞,サ変接続,*,*,*,*,保全,ホゼン,ホゼン	true	1
ため :	名詞,非自立,副詞可能,*,*,*,ため,タメ,タメ	true	1
農地 :	名詞,一般,*,*,*,*,農地,ノウチ,ノーチ	true	4
転用 :	名詞,サ変接続,*,*,*,*,転用,テンヨウ,テンヨー	true	3
下記 :	名詞,一般,*,*,*,*,下記,カキ,カキ	true	1
事項 :	名詞,一般,*,*,*,*,事項,ジコウ,ジコー	true	2
完全 :	名詞,形容動詞語幹,*,*,*,*,完全,カンゼン,カンゼン	true	1
履行 :	名詞,サ変接続,*,*,*,*,履行,リコウ,リコー	true	1
こと :	名詞,非自立,一般,*,*,*,こと,コト,コト	true	1
事項 :	名詞,一般,*,*,*,*,事項,ジコウ,ジコー	true	3
履行 :	名詞,サ変接続,*,*,*,*,履行,リコウ,リコー	true	2
責任 :	名詞,一般,*,*,*,*,責任,セキニン,セキニン	true	1
転用 :	名詞,サ変接続,*,*,*,*,転用,テンヨウ,テンヨー	true	4
売買 :	名詞,サ変接続,*,*,*,*,売買,バイバイ,バイバイ	true	1
転用 :	名詞,サ変接続,*,*,*,*,転用,テンヨウ,テンヨー	true	5
場合 :	名詞,副詞可能,*,*,*,*,場合,バアイ,バアイ	true	1
所有 :	名詞,サ変接続,*,*,*,*,所有,ショユウ,ショユー	true	2
こと :	名詞,非自立,一般,*,*,*,こと,コト,コト	true	2
農地 :	名詞,一般,*,*,*,*,農地,ノウチ,ノーチ	true	5
転用 :	名詞,サ変接続,*,*,*,*,転用,テンヨウ,テンヨー	true	6
場合 :	名詞,副詞可能,*,*,*,*,場合,バアイ,バアイ	true	2
埋立 :	名詞,サ変接続,*,*,*,*,埋立,ウメタテ,ウメタテ	true	1
整地 :	名詞,サ変接続,*,*,*,*,整地,セイチ,セイチ	true	1
道路 :	名詞,一般,*,*,*,*,道路,ドウロ,ドーロ	true	1
水路 :	名詞,一般,*,*,*,*,水路,スイロ,スイロ	true	1
境界 :	名詞,一般,*,*,*,*,境界,キョウカイ,キョーカイ	true	1
用水 :	名詞,一般,*,*,*,*,用水,ヨウスイ,ヨースイ	true	1
道路 :	名詞,一般,*,*,*,*,道路,ドウロ,ドーロ	true	2
境界 :	名詞,一般,*,*,*,*,境界,キョウカイ,キョーカイ	true	2
㎝（ :	名詞,サ変接続,*,*,*,*,*	false	1
特定 :	名詞,サ変接続,*,*,*,*,特定,トクテイ,トクテイ	true	1
箇所 :	名詞,一般,*,*,*,*,箇所,カショ,カショ	true	1
㎝） :	名詞,サ変接続,*,*,*,*,*	false	1
位置 :	名詞,サ変接続,*,*,*,*,位置,イチ,イチ	true	1
役員 :	名詞,一般,*,*,*,*,役員,ヤクイン,ヤクイン	true	1
確認 :	名詞,サ変接続,*,*,*,*,確認,カクニン,カクニン	true	1
指示 :	名詞,サ変接続,*,*,*,*,指示,シジ,シジ	true	1
こと :	名詞,非自立,一般,*,*,*,こと,コト,コト	true	3
転用 :	名詞,サ変接続,*,*,*,*,転用,テンヨウ,テンヨー	true	7
排水 :	名詞,サ変接続,*,*,*,*,排水,ハイスイ,ハイスイ	true	1
清掃 :	名詞,サ変接続,*,*,*,*,清掃,セイソウ,セイソー	true	1
行事 :	名詞,一般,*,*,*,*,行事,ギョウジ,ギョージ	true	1
出席 :	名詞,サ変接続,*,*,*,*,出席,シュッセキ,シュッセキ	true	1
作業 :	名詞,サ変接続,*,*,*,*,作業,サギョウ,サギョー	true	1
協力 :	名詞,サ変接続,*,*,*,*,協力,キョウリョク,キョーリョク	true	1
こと :	名詞,非自立,一般,*,*,*,こと,コト,コト	true	4
欠席 :	名詞,サ変接続,*,*,*,*,欠席,ケッセキ,ケッセキ	true	1
場合 :	名詞,副詞可能,*,*,*,*,場合,バアイ,バアイ	true	3
協力 :	名詞,サ変接続,*,*,*,*,協力,キョウリョク,キョーリョク	true	2
納付 :	名詞,サ変接続,*,*,*,*,納付,ノウフ,ノーフ	true	1
こと :	名詞,非自立,一般,*,*,*,こと,コト,コト	true	5
協力 :	名詞,サ変接続,*,*,*,*,協力,キョウリョク,キョーリョク	true	3
料金 :	名詞,一般,*,*,*,*,料金,リョウキン,リョーキン	true	1
都度 :	名詞,非自立,副詞可能,*,*,*,都度,ツド,ツド	true	1
協議 :	名詞,サ変接続,*,*,*,*,協議,キョウギ,キョーギ	true	1
決定 :	名詞,サ変接続,*,*,*,*,決定,ケッテイ,ケッテイ	true	1
ページ: 13 -----
<slide page="13"><body><p>本源的所有	 所有   →　処分・利用に対して「発言する」権利  労働投下が所有権を生み出す（『日本書紀』）  重播/頻播（しきまき）  むら領域への共同労働の投下   →　「総有」的所有権の発生   →環境社会学への展開 13 </p></body></slide>
in Sheet Class, page: 13
title = ""
body = "<p>本源的所有	 所有   →　処分・利用に対して「発言する」権利  労働投下が所有権を生み出す（『日本書紀』）  重播/頻播（しきまき）  むら領域への共同労働の投下   →　「総有」的所有権の発生   →環境社会学への展開 13 </p>"
makeWordArrayJp
paragraph: 本源的所有	 所有   →　処分・利用に対して「発言する」権利  労働投下が所有権を生み出す（『日本書紀』）  重播/頻播（しきまき）  むら領域への共同労働の投下   →　「総有」的所有権の発生   →環境社会学への展開 13 
本源 :	名詞,一般,*,*,*,*,本源,ホンゲン,ホンゲン	true	1
所有 :	名詞,サ変接続,*,*,*,*,所有,ショユウ,ショユー	true	1
所有 :	名詞,サ変接続,*,*,*,*,所有,ショユウ,ショユー	true	2
処分 :	名詞,サ変接続,*,*,*,*,処分,ショブン,ショブン	true	1
利用 :	名詞,サ変接続,*,*,*,*,利用,リヨウ,リヨー	true	1
発言 :	名詞,サ変接続,*,*,*,*,発言,ハツゲン,ハツゲン	true	1
権利 :	名詞,一般,*,*,*,*,権利,ケンリ,ケンリ	true	1
労働 :	名詞,サ変接続,*,*,*,*,労働,ロウドウ,ロードー	true	1
投下 :	名詞,サ変接続,*,*,*,*,投下,トウカ,トーカ	true	1
所有 :	名詞,サ変接続,*,*,*,*,所有,ショユウ,ショユー	true	3
日本書紀 :	名詞,固有名詞,一般,*,*,*,日本書紀,ニホンショキ,ニホンショキ	true	1
しき :	名詞,一般,*,*,*,*,しき,シキ,シキ	true	1
まき :	名詞,一般,*,*,*,*,まき,マキ,マキ	true	1
むら :	名詞,一般,*,*,*,*,むら,ムラ,ムラ	true	1
領域 :	名詞,一般,*,*,*,*,領域,リョウイキ,リョーイキ	true	1
共同 :	名詞,サ変接続,*,*,*,*,共同,キョウドウ,キョードー	true	1
労働 :	名詞,サ変接続,*,*,*,*,労働,ロウドウ,ロードー	true	2
投下 :	名詞,サ変接続,*,*,*,*,投下,トウカ,トーカ	true	2
総有 :	名詞,一般,*,*,*,*,総有,ソウユウ,ソーユー	true	1
所有 :	名詞,サ変接続,*,*,*,*,所有,ショユウ,ショユー	true	4
発生 :	名詞,サ変接続,*,*,*,*,発生,ハッセイ,ハッセイ	true	1
環境 :	名詞,一般,*,*,*,*,環境,カンキョウ,カンキョー	true	1
社会 :	名詞,一般,*,*,*,*,社会,シャカイ,シャカイ	true	1
展開 :	名詞,サ変接続,*,*,*,*,展開,テンカイ,テンカイ	true	1
ページ: 14 -----
<slide page="14"><body><p>むらと”領土”  徴税＝協議費徴収  むら人に対して  他所人に対して  人への税と土地への税  徴用＝共同作業  作業下請けによる協議費の捻出  共同労働への出役は義務＝権利 14 </p></body></slide>
in Sheet Class, page: 14
title = ""
body = "<p>むらと”領土”  徴税＝協議費徴収  むら人に対して  他所人に対して  人への税と土地への税  徴用＝共同作業  作業下請けによる協議費の捻出  共同労働への出役は義務＝権利 14 </p>"
makeWordArrayJp
paragraph: むらと”領土”  徴税＝協議費徴収  むら人に対して  他所人に対して  人への税と土地への税  徴用＝共同作業  作業下請けによる協議費の捻出  共同労働への出役は義務＝権利 14 
むら :	名詞,一般,*,*,*,*,むら,ムラ,ムラ	true	1
領土 :	名詞,一般,*,*,*,*,領土,リョウド,リョード	true	1
徴税 :	名詞,サ変接続,*,*,*,*,徴税,チョウゼイ,チョーゼイ	true	1
協議 :	名詞,サ変接続,*,*,*,*,協議,キョウギ,キョーギ	true	1
徴収 :	名詞,サ変接続,*,*,*,*,徴収,チョウシュウ,チョーシュー	true	1
むら :	名詞,一般,*,*,*,*,むら,ムラ,ムラ	true	2
他所 :	名詞,一般,*,*,*,*,他所,ヨソ,ヨソ	true	1
土地 :	名詞,一般,*,*,*,*,土地,トチ,トチ	true	1
徴用 :	名詞,サ変接続,*,*,*,*,徴用,チョウヨウ,チョーヨー	true	1
共同 :	名詞,サ変接続,*,*,*,*,共同,キョウドウ,キョードー	true	1
作業 :	名詞,サ変接続,*,*,*,*,作業,サギョウ,サギョー	true	1
作業 :	名詞,サ変接続,*,*,*,*,作業,サギョウ,サギョー	true	2
下請け :	名詞,サ変接続,*,*,*,*,下請け,シタウケ,シタウケ	true	1
協議 :	名詞,サ変接続,*,*,*,*,協議,キョウギ,キョーギ	true	2
捻出 :	名詞,サ変接続,*,*,*,*,捻出,ネンシュツ,ネンシュツ	true	1
共同 :	名詞,サ変接続,*,*,*,*,共同,キョウドウ,キョードー	true	2
労働 :	名詞,サ変接続,*,*,*,*,労働,ロウドウ,ロードー	true	1
義務 :	名詞,一般,*,*,*,*,義務,ギム,ギム	true	1
権利 :	名詞,一般,*,*,*,*,権利,ケンリ,ケンリ	true	1
ページ: 15 -----
<slide page="15"><body><p>参考文献	 川本彰『むらの領域と農業』家の光協会、1983年	 福田アジオ『日本村落の民俗的構造』弘文堂、1982年	 岩本由輝「本源的土地所有と”ムラ”の土地利用秩序」『村落社会研究』第23集、1987年	 鳥越皓之『家と村の社会学（増補版）』世界思想社、1993年	15 </p></body></slide>
in Sheet Class, page: 15
title = ""
body = "<p>参考文献	 川本彰『むらの領域と農業』家の光協会、1983年	 福田アジオ『日本村落の民俗的構造』弘文堂、1982年	 岩本由輝「本源的土地所有と”ムラ”の土地利用秩序」『村落社会研究』第23集、1987年	 鳥越皓之『家と村の社会学（増補版）』世界思想社、1993年	15 </p>"
makeWordArrayJp
paragraph: 参考文献	 川本彰『むらの領域と農業』家の光協会、1983年	 福田アジオ『日本村落の民俗的構造』弘文堂、1982年	 岩本由輝「本源的土地所有と”ムラ”の土地利用秩序」『村落社会研究』第23集、1987年	 鳥越皓之『家と村の社会学（増補版）』世界思想社、1993年	15 
参考 :	名詞,サ変接続,*,*,*,*,参考,サンコウ,サンコー	true	1
文献 :	名詞,一般,*,*,*,*,文献,ブンケン,ブンケン	true	1
川本 :	名詞,固有名詞,人名,姓,*,*,川本,カワモト,カワモト	true	1
むら :	名詞,一般,*,*,*,*,むら,ムラ,ムラ	true	1
領域 :	名詞,一般,*,*,*,*,領域,リョウイキ,リョーイキ	true	1
農業 :	名詞,一般,*,*,*,*,農業,ノウギョウ,ノーギョー	true	1
協会 :	名詞,一般,*,*,*,*,協会,キョウカイ,キョーカイ	true	1
福田 :	名詞,固有名詞,人名,姓,*,*,福田,フクダ,フクダ	true	1
アジオ :	名詞,一般,*,*,*,*,*	false	1
日本 :	名詞,固有名詞,地域,国,*,*,日本,ニッポン,ニッポン	true	1
村落 :	名詞,一般,*,*,*,*,村落,ソンラク,ソンラク	true	1
民俗 :	名詞,一般,*,*,*,*,民俗,ミンゾク,ミンゾク	true	1
構造 :	名詞,一般,*,*,*,*,構造,コウゾウ,コーゾー	true	1
弘文 :	名詞,固有名詞,人名,姓,*,*,弘文,コウブン,コーブン	true	1
岩本 :	名詞,固有名詞,人名,姓,*,*,岩本,イワモト,イワモト	true	1
本源 :	名詞,一般,*,*,*,*,本源,ホンゲン,ホンゲン	true	1
土地 :	名詞,一般,*,*,*,*,土地,トチ,トチ	true	1
所有 :	名詞,サ変接続,*,*,*,*,所有,ショユウ,ショユー	true	1
ムラ :	名詞,固有名詞,一般,*,*,*,ムラ,ムラ,ムラ	true	1
土地 :	名詞,一般,*,*,*,*,土地,トチ,トチ	true	2
利用 :	名詞,サ変接続,*,*,*,*,利用,リヨウ,リヨー	true	1
秩序 :	名詞,一般,*,*,*,*,秩序,チツジョ,チツジョ	true	1
村落 :	名詞,一般,*,*,*,*,村落,ソンラク,ソンラク	true	2
社会 :	名詞,一般,*,*,*,*,社会,シャカイ,シャカイ	true	1
研究 :	名詞,サ変接続,*,*,*,*,研究,ケンキュウ,ケンキュー	true	1
鳥越 :	名詞,固有名詞,人名,姓,*,*,鳥越,トリコシ,トリコシ	true	1
社会 :	名詞,一般,*,*,*,*,社会,シャカイ,シャカイ	true	2
増補 :	名詞,サ変接続,*,*,*,*,増補,ゾウホ,ゾーホ	true	1
世界 :	名詞,一般,*,*,*,*,世界,セカイ,セカイ	true	1
思想 :	名詞,一般,*,*,*,*,思想,シソウ,シソー	true	1
