参考文献(1)
農地転用(2)
土地利用(1)
共同作業(1)
福田アジオ(1)
茅葺き屋根(1)
{ 1 } { 2 } { 3 } { 4 } { 5 } { 6 } { 7 } { 8 } { 9 } { 10 } { 11 } { 12 } { 13 } { 14 } { 15 } 
Segment{ 2 }, Segment{ 3 }
コサイン類似度: NaN
Segment{ 3 }, Segment{ 4 }
コサイン類似度: NaN
Segment{ 4 }, Segment{ 5 }
コサイン類似度: NaN
Segment{ 5 }, Segment{ 6 }
コサイン類似度: NaN
Segment{ 6 }, Segment{ 7 }
コサイン類似度: NaN
Segment{ 7 }, Segment{ 8 }
コサイン類似度: NaN
Segment{ 8 }, Segment{ 9 }
コサイン類似度: NaN
Segment{ 9 }, Segment{ 10 }
コサイン類似度: NaN
Segment{ 10 }, Segment{ 11 }
コサイン類似度: NaN
Segment{ 11 }, Segment{ 12 }
コサイン類似度: 1.0
Segment{ 12 }, Segment{ 13 }
コサイン類似度: NaN
Segment{ 13 }, Segment{ 14 }
コサイン類似度: NaN
Segment{ 14 }, Segment{ 15 }
コサイン類似度: 0.0
参考文献(1)
農地転用(1)
土地利用(1)
共同作業(1)
福田アジオ(1)
茅葺き屋根(1)
{ 1 } { 2 } { 3 } { 4 } { 5 } { 6 } { 7 } { 8 } { 9 } { 10 } { 11 12 } { 13 } { 14 } { 15 } 
Segment{ 2 }, Segment{ 3 }
コサイン類似度: NaN
Segment{ 3 }, Segment{ 4 }
コサイン類似度: NaN
Segment{ 4 }, Segment{ 5 }
コサイン類似度: NaN
Segment{ 5 }, Segment{ 6 }
コサイン類似度: NaN
Segment{ 6 }, Segment{ 7 }
コサイン類似度: NaN
Segment{ 7 }, Segment{ 8 }
コサイン類似度: NaN
Segment{ 8 }, Segment{ 9 }
コサイン類似度: NaN
Segment{ 9 }, Segment{ 10 }
コサイン類似度: NaN
Segment{ 10 }, Segment{ 11 12 }
コサイン類似度: NaN
Segment{ 11 12 }, Segment{ 13 }
コサイン類似度: NaN
Segment{ 13 }, Segment{ 14 }
コサイン類似度: NaN
Segment{ 14 }, Segment{ 15 }
コサイン類似度: 0.0
切り(1)
日本書紀(1)
改正(1)
jigsaw(1)
井上(1)
委員(1)
しき(1)
欠席(1)
忌避(1)
自然(1)
入会(3)
まき(1)
ノラ(3)
用水(1)
四日市(1)
岐阜(1)
農地(1)
境界(3)
目安(1)
海洋(1)
責任(1)
滋賀(1)
サエノカミ(1)
参考(1)
うち(1)
区域(1)
転用(1)
埋立(1)
協力(1)
美山(2)
構造(2)
京都(2)
世界(1)
確認(1)
Rural(1)
増補(1)
メンバー(1)
本源(2)
徴税(1)
代表(1)
水路(1)
売買(1)
アジオ(1)
納付(1)
協会(1)
発生(1)
投下(1)
宮内(1)
指示(1)
都度(1)
法律(1)
むら(8)
内部(2)
協議(2)
The(1)
徴収(1)
領域(5)
環境(1)
所有(3)
始点(1)
上山(1)
ローカル(1)
特定(1)
集団(1)
完全(1)
研究(2)
申し合わせ(1)
River(1)
社会(4)
里山(1)
昭和(1)
秩序(1)
農学(1)
一部(1)
作業(2)
もの(1)
settlement(1)
虫送り(1)
管理(2)
関係(2)
捻出(1)
貸借(1)
排水(1)
グローバル(1)
目印(1)
権利(3)
共同(3)
大気(1)
他所(1)
屋根(1)
日本(1)
進入(1)
上矢作(1)
私有(2)
語呂(1)
カヤ(1)
boundary(1)
徴用(1)
生活(1)
保全(3)
農業(1)
･･･(1)
ムラ(4)
農村(1)
総有(3)
川本(1)
領土(1)
弘文(1)
こと(1)
決定(1)
鳥越(1)
接続(1)
民俗(2)
共有(1)
土地(3)
村落(3)
Forest(1)
箇所(1)
ここ(1)
組合(1)
義務(2)
整地(1)
ため(1)
役員(1)
道路(1)
吹き替え(1)
行事(1)
清掃(1)
位置(1)
健全(1)
特殊(1)
終点(1)
発言(1)
場合(1)
履行(1)
空間(1)
自治(1)
丹後(1)
料金(1)
area(1)
文献(1)
秋津(1)
岩本(1)
下記(1)
地蔵(1)
労働(2)
注連縄(1)
展開(1)
下請け(1)
Community(1)
puzzle(1)
ヤマ(2)
利用(3)
集落(2)
遠景(1)
事項(1)
茅葺き(1)
農家(1)
コモンズ(1)
タイト(1)
湖北(1)
回り(1)
㎝（(1)
資源(1)
思想(1)
柴山(1)
㎝）(1)
出席(1)
福田(1)
自由(1)
処分(1)
{ 1 } { 2 } { 3 } { 4 } { 5 } { 6 } { 7 } { 8 } { 9 } { 10 } { 11 12 } { 13 } { 14 } { 15 } 
Segment{ 2 }, Segment{ 3 }
コサイン類似度: 0.0
Segment{ 3 }, Segment{ 4 }
コサイン類似度: 0.0
Segment{ 4 }, Segment{ 5 }
コサイン類似度: 0.19821851657711906
Segment{ 5 }, Segment{ 6 }
コサイン類似度: 0.06408945621585604
Segment{ 6 }, Segment{ 7 }
コサイン類似度: 0.0
Segment{ 7 }, Segment{ 8 }
コサイン類似度: 0.0
Segment{ 8 }, Segment{ 9 }
コサイン類似度: 0.003992955030650483
Segment{ 9 }, Segment{ 10 }
コサイン類似度: 0.008481218088241567
Segment{ 10 }, Segment{ 11 12 }
コサイン類似度: 0.034455552213281664
Segment{ 11 12 }, Segment{ 13 }
コサイン類似度: 0.021605699612158982
Segment{ 13 }, Segment{ 14 }
コサイン類似度: 0.06846345911780577
Segment{ 14 }, Segment{ 15 }
コサイン類似度: 0.01895610128555956
切り(1)
日本書紀(1)
改正(1)
jigsaw(1)
井上(1)
委員(1)
しき(1)
欠席(1)
忌避(1)
自然(1)
入会(3)
まき(1)
ノラ(3)
用水(1)
四日市(1)
岐阜(1)
農地(1)
境界(2)
目安(1)
海洋(1)
責任(1)
滋賀(1)
サエノカミ(1)
参考(1)
うち(1)
区域(1)
転用(1)
埋立(1)
協力(1)
美山(2)
構造(2)
京都(2)
世界(1)
確認(1)
Rural(1)
増補(1)
メンバー(1)
本源(2)
徴税(1)
代表(1)
水路(1)
売買(1)
アジオ(1)
納付(1)
協会(1)
発生(1)
投下(1)
宮内(1)
指示(1)
都度(1)
法律(1)
むら(7)
内部(1)
協議(2)
The(1)
徴収(1)
領域(5)
環境(1)
所有(3)
始点(1)
上山(1)
ローカル(1)
特定(1)
集団(1)
完全(1)
研究(2)
申し合わせ(1)
River(1)
社会(4)
里山(1)
昭和(1)
秩序(1)
農学(1)
一部(1)
作業(2)
もの(1)
settlement(1)
虫送り(1)
管理(2)
関係(2)
捻出(1)
貸借(1)
排水(1)
グローバル(1)
目印(1)
権利(3)
共同(3)
大気(1)
他所(1)
屋根(1)
日本(1)
進入(1)
上矢作(1)
私有(2)
語呂(1)
カヤ(1)
boundary(1)
徴用(1)
生活(1)
保全(3)
農業(1)
･･･(1)
ムラ(4)
農村(1)
総有(3)
川本(1)
領土(1)
弘文(1)
こと(1)
決定(1)
鳥越(1)
接続(1)
民俗(2)
共有(1)
土地(3)
村落(3)
Forest(1)
箇所(1)
ここ(1)
組合(1)
義務(2)
整地(1)
ため(1)
役員(1)
道路(1)
吹き替え(1)
行事(1)
清掃(1)
位置(1)
健全(1)
特殊(1)
終点(1)
発言(1)
場合(1)
履行(1)
空間(1)
自治(1)
丹後(1)
料金(1)
area(1)
文献(1)
秋津(1)
岩本(1)
下記(1)
地蔵(1)
労働(2)
注連縄(1)
展開(1)
下請け(1)
Community(1)
puzzle(1)
ヤマ(2)
利用(3)
集落(2)
遠景(1)
事項(1)
茅葺き(1)
農家(1)
コモンズ(1)
タイト(1)
回り(1)
湖北(1)
㎝（(1)
資源(1)
思想(1)
柴山(1)
㎝）(1)
出席(1)
福田(1)
自由(1)
処分(1)
{ 1 } { 2 } { 3 } { 4 5 } { 6 } { 7 } { 8 } { 9 } { 10 } { 11 12 } { 13 } { 14 } { 15 } 
Segment{ 2 }, Segment{ 3 }
コサイン類似度: 0.0
Segment{ 3 }, Segment{ 4 5 }
コサイン類似度: 0.013713173115617936
Segment{ 4 5 }, Segment{ 6 }
コサイン類似度: 0.03536268945363166
Segment{ 6 }, Segment{ 7 }
コサイン類似度: 0.0
Segment{ 7 }, Segment{ 8 }
コサイン類似度: 0.0
Segment{ 8 }, Segment{ 9 }
コサイン類似度: 0.003992955030650483
Segment{ 9 }, Segment{ 10 }
コサイン類似度: 0.008476307207245506
Segment{ 10 }, Segment{ 11 12 }
コサイン類似度: 0.034551831048057084
Segment{ 11 12 }, Segment{ 13 }
コサイン類似度: 0.021657059947298617
Segment{ 13 }, Segment{ 14 }
コサイン類似度: 0.06914573338009414
Segment{ 14 }, Segment{ 15 }
コサイン類似度: 0.01965046631437593
切り(1)
日本書紀(1)
改正(1)
jigsaw(1)
井上(1)
委員(1)
しき(1)
欠席(1)
忌避(1)
自然(1)
入会(3)
まき(1)
ノラ(3)
用水(1)
四日市(1)
岐阜(1)
農地(1)
境界(2)
目安(1)
海洋(1)
責任(1)
滋賀(1)
サエノカミ(1)
参考(1)
うち(1)
区域(1)
転用(1)
埋立(1)
協力(1)
美山(2)
構造(2)
京都(2)
世界(1)
確認(1)
Rural(1)
増補(1)
メンバー(1)
本源(2)
徴税(1)
代表(1)
水路(1)
売買(1)
アジオ(1)
納付(1)
協会(1)
発生(1)
投下(1)
宮内(1)
指示(1)
都度(1)
法律(1)
むら(6)
内部(1)
協議(2)
The(1)
徴収(1)
領域(5)
環境(1)
所有(3)
始点(1)
上山(1)
ローカル(1)
特定(1)
集団(1)
完全(1)
研究(2)
申し合わせ(1)
River(1)
社会(4)
里山(1)
昭和(1)
秩序(1)
農学(1)
一部(1)
作業(2)
もの(1)
settlement(1)
虫送り(1)
管理(2)
関係(2)
捻出(1)
貸借(1)
排水(1)
グローバル(1)
目印(1)
権利(2)
共同(2)
大気(1)
他所(1)
屋根(1)
日本(1)
進入(1)
上矢作(1)
私有(2)
語呂(1)
カヤ(1)
boundary(1)
徴用(1)
生活(1)
保全(3)
農業(1)
･･･(1)
ムラ(4)
農村(1)
総有(3)
川本(1)
領土(1)
弘文(1)
こと(1)
決定(1)
鳥越(1)
接続(1)
民俗(2)
共有(1)
土地(3)
村落(3)
Forest(1)
箇所(1)
ここ(1)
組合(1)
義務(2)
整地(1)
ため(1)
役員(1)
道路(1)
吹き替え(1)
行事(1)
清掃(1)
位置(1)
健全(1)
特殊(1)
終点(1)
発言(1)
場合(1)
履行(1)
空間(1)
自治(1)
丹後(1)
料金(1)
area(1)
文献(1)
秋津(1)
岩本(1)
下記(1)
地蔵(1)
労働(1)
注連縄(1)
展開(1)
下請け(1)
Community(1)
puzzle(1)
ヤマ(2)
利用(3)
集落(2)
遠景(1)
事項(1)
茅葺き(1)
農家(1)
コモンズ(1)
タイト(1)
回り(1)
湖北(1)
㎝（(1)
資源(1)
思想(1)
柴山(1)
㎝）(1)
出席(1)
福田(1)
自由(1)
処分(1)
{ 1 } { 2 } { 3 } { 4 5 } { 6 } { 7 } { 8 } { 9 } { 10 } { 11 12 } { 13 14 } { 15 } 
Segment{ 2 }, Segment{ 3 }
コサイン類似度: 0.0
Segment{ 3 }, Segment{ 4 5 }
コサイン類似度: 0.013653954434072805
Segment{ 4 5 }, Segment{ 6 }
コサイン類似度: 0.03520997995104768
Segment{ 6 }, Segment{ 7 }
コサイン類似度: 0.0
Segment{ 7 }, Segment{ 8 }
コサイン類似度: 0.0
Segment{ 8 }, Segment{ 9 }
コサイン類似度: 0.003979687158676132
Segment{ 9 }, Segment{ 10 }
コサイン類似度: 0.008440617322796705
Segment{ 10 }, Segment{ 11 12 }
コサイン類似度: 0.034769768067372094
Segment{ 13 14 }, Segment{ 15 }
コサイン類似度: 0.05070379027944953
切り(1)
日本書紀(1)
改正(1)
jigsaw(1)
井上(1)
委員(1)
しき(1)
欠席(1)
忌避(1)
自然(1)
入会(3)
まき(1)
ノラ(3)
用水(1)
四日市(1)
岐阜(1)
農地(1)
境界(2)
目安(1)
海洋(1)
責任(1)
滋賀(1)
サエノカミ(1)
参考(1)
うち(1)
区域(1)
転用(1)
埋立(1)
協力(1)
美山(2)
構造(2)
京都(2)
世界(1)
確認(1)
Rural(1)
増補(1)
メンバー(1)
本源(1)
徴税(1)
代表(1)
水路(1)
売買(1)
アジオ(1)
納付(1)
発生(1)
協会(1)
投下(1)
宮内(1)
指示(1)
都度(1)
法律(1)
むら(5)
内部(1)
協議(2)
The(1)
徴収(1)
領域(4)
環境(1)
所有(2)
始点(1)
上山(1)
ローカル(1)
特定(1)
集団(1)
完全(1)
研究(2)
申し合わせ(1)
River(1)
社会(3)
里山(1)
昭和(1)
秩序(1)
農学(1)
一部(1)
作業(2)
もの(1)
settlement(1)
虫送り(1)
管理(2)
関係(2)
捻出(1)
貸借(1)
排水(1)
グローバル(1)
目印(1)
権利(2)
共同(2)
大気(1)
他所(1)
屋根(1)
日本(1)
進入(1)
上矢作(1)
私有(2)
語呂(1)
カヤ(1)
boundary(1)
徴用(1)
生活(1)
保全(3)
農業(1)
･･･(1)
ムラ(4)
農村(1)
総有(3)
領土(1)
川本(1)
弘文(1)
こと(1)
決定(1)
鳥越(1)
接続(1)
民俗(2)
共有(1)
土地(2)
村落(3)
Forest(1)
箇所(1)
ここ(1)
組合(1)
義務(2)
整地(1)
ため(1)
役員(1)
道路(1)
吹き替え(1)
行事(1)
清掃(1)
位置(1)
健全(1)
特殊(1)
終点(1)
発言(1)
場合(1)
履行(1)
空間(1)
自治(1)
丹後(1)
料金(1)
area(1)
文献(1)
秋津(1)
岩本(1)
下記(1)
地蔵(1)
労働(1)
注連縄(1)
展開(1)
下請け(1)
Community(1)
puzzle(1)
ヤマ(2)
利用(2)
集落(2)
遠景(1)
事項(1)
茅葺き(1)
農家(1)
コモンズ(1)
タイト(1)
回り(1)
湖北(1)
㎝（(1)
資源(1)
思想(1)
柴山(1)
㎝）(1)
出席(1)
福田(1)
自由(1)
処分(1)
{ 1 } { 2 } { 3 } { 4 5 } { 6 } { 7 } { 8 } { 9 } { 10 } { 11 12 } { 13 14 15 } 
Segment{ 2 }, Segment{ 3 }
コサイン類似度: 0.0
Segment{ 3 }, Segment{ 4 5 }
コサイン類似度: 0.013487059580922285
Segment{ 4 5 }, Segment{ 6 }
コサイン類似度: 0.03491901130270689
Segment{ 6 }, Segment{ 7 }
コサイン類似度: 0.0
Segment{ 7 }, Segment{ 8 }
コサイン類似度: 0.0
Segment{ 8 }, Segment{ 9 }
コサイン類似度: 0.003951280282621581
Segment{ 9 }, Segment{ 10 }
コサイン類似度: 0.008368022113093999
Segment{ 10 }, Segment{ 11 12 }
コサイン類似度: 0.034800009588422116
切り(1)
日本書紀(1)
改正(1)
jigsaw(1)
井上(1)
委員(1)
しき(1)
欠席(1)
忌避(1)
自然(1)
入会(3)
まき(1)
ノラ(3)
用水(1)
四日市(1)
岐阜(1)
農地(1)
境界(2)
目安(1)
海洋(1)
責任(1)
滋賀(1)
サエノカミ(1)
参考(1)
うち(1)
区域(1)
転用(1)
埋立(1)
協力(1)
美山(2)
構造(2)
京都(2)
世界(1)
確認(1)
Rural(1)
増補(1)
メンバー(1)
本源(1)
徴税(1)
代表(1)
水路(1)
売買(1)
アジオ(1)
納付(1)
発生(1)
協会(1)
投下(1)
宮内(1)
指示(1)
都度(1)
法律(1)
むら(5)
内部(1)
協議(2)
The(1)
徴収(1)
領域(4)
環境(1)
所有(2)
始点(1)
上山(1)
ローカル(1)
特定(1)
集団(1)
完全(1)
研究(2)
申し合わせ(1)
River(1)
社会(3)
里山(1)
昭和(1)
秩序(1)
農学(1)
一部(1)
作業(2)
もの(1)
settlement(1)
虫送り(1)
管理(2)
関係(2)
捻出(1)
貸借(1)
排水(1)
グローバル(1)
目印(1)
権利(2)
共同(2)
大気(1)
他所(1)
屋根(1)
日本(1)
進入(1)
上矢作(1)
私有(2)
語呂(1)
カヤ(1)
boundary(1)
徴用(1)
生活(1)
保全(3)
農業(1)
･･･(1)
ムラ(4)
農村(1)
総有(3)
領土(1)
川本(1)
弘文(1)
こと(1)
決定(1)
鳥越(1)
接続(1)
民俗(2)
共有(1)
土地(2)
村落(3)
Forest(1)
箇所(1)
ここ(1)
組合(1)
義務(2)
整地(1)
ため(1)
役員(1)
道路(1)
吹き替え(1)
行事(1)
清掃(1)
位置(1)
健全(1)
特殊(1)
終点(1)
発言(1)
場合(1)
履行(1)
空間(1)
自治(1)
丹後(1)
料金(1)
area(1)
文献(1)
秋津(1)
岩本(1)
下記(1)
地蔵(1)
労働(1)
注連縄(1)
展開(1)
下請け(1)
Community(1)
puzzle(1)
ヤマ(2)
利用(2)
集落(2)
遠景(1)
事項(1)
茅葺き(1)
農家(1)
コモンズ(1)
タイト(1)
回り(1)
湖北(1)
㎝（(1)
資源(1)
思想(1)
柴山(1)
㎝）(1)
出席(1)
福田(1)
自由(1)
処分(1)
{ 1 } { 2 } { 3 } { 4 5 } { 6 } { 7 } { 8 } { 9 } { 10 } { 11 12 } { 13 14 15 } 
前後のスライドを見るSegment{ 3 }, Segment{ 4 5 }
コサイン類似度: 0.0
前後のスライドを見るSegment{ 6 }, Segment{ 7 }
コサイン類似度: 0.0
前後のスライドを見るSegment{ 7 }, Segment{ 8 }
コサイン類似度: 0.11883765060849405
前後のスライドを見るSegment{ 8 }, Segment{ 9 }
コサイン類似度: 0.0
前後のスライドを見るSegment{ 9 }, Segment{ 10 }
コサイン類似度: 0.012638867198158708
前後のスライドを見るSegment{ 10 }, Segment{ 11 12 }
コサイン類似度: 0.007845795325582518
切り(1)
日本書紀(1)
改正(1)
jigsaw(1)
井上(1)
委員(1)
しき(1)
欠席(1)
忌避(1)
自然(1)
入会(3)
まき(1)
ノラ(2)
用水(1)
四日市(1)
岐阜(1)
農地(1)
境界(2)
目安(1)
海洋(1)
責任(1)
滋賀(1)
サエノカミ(1)
参考(1)
うち(1)
区域(1)
転用(1)
埋立(1)
協力(1)
美山(2)
構造(2)
京都(2)
世界(1)
確認(1)
Rural(1)
増補(1)
メンバー(1)
本源(1)
徴税(1)
代表(1)
水路(1)
売買(1)
アジオ(1)
納付(1)
発生(1)
協会(1)
投下(1)
宮内(1)
指示(1)
都度(1)
法律(1)
むら(5)
内部(1)
協議(2)
The(1)
徴収(1)
領域(4)
環境(1)
所有(2)
始点(1)
上山(1)
ローカル(1)
特定(1)
集団(1)
完全(1)
研究(2)
申し合わせ(1)
River(1)
社会(3)
里山(1)
昭和(1)
秩序(1)
農学(1)
一部(1)
作業(2)
settlement(1)
もの(1)
虫送り(1)
管理(2)
関係(2)
捻出(1)
貸借(1)
排水(1)
グローバル(1)
目印(1)
権利(2)
共同(2)
大気(1)
他所(1)
屋根(1)
日本(1)
進入(1)
上矢作(1)
私有(2)
語呂(1)
カヤ(1)
boundary(1)
徴用(1)
生活(1)
保全(3)
農業(1)
･･･(1)
ムラ(3)
農村(1)
総有(3)
領土(1)
川本(1)
弘文(1)
こと(1)
決定(1)
鳥越(1)
接続(1)
民俗(2)
共有(1)
土地(2)
村落(3)
Forest(1)
箇所(1)
ここ(1)
組合(1)
義務(2)
整地(1)
ため(1)
役員(1)
道路(1)
吹き替え(1)
行事(1)
清掃(1)
位置(1)
健全(1)
特殊(1)
終点(1)
発言(1)
場合(1)
履行(1)
空間(1)
自治(1)
丹後(1)
料金(1)
area(1)
文献(1)
秋津(1)
岩本(1)
下記(1)
地蔵(1)
労働(1)
注連縄(1)
展開(1)
下請け(1)
Community(1)
puzzle(1)
ヤマ(1)
利用(2)
集落(2)
遠景(1)
事項(1)
茅葺き(1)
農家(1)
コモンズ(1)
タイト(1)
回り(1)
湖北(1)
㎝（(1)
資源(1)
思想(1)
柴山(1)
㎝）(1)
出席(1)
福田(1)
自由(1)
処分(1)
{ 1 } { 2 } { 3 } { 4 5 } { 6 7 8 } { 9 } { 10 } { 11 12 } { 13 14 15 } 
前後のスライドを見るSegment{ 3 }, Segment{ 4 5 }
コサイン類似度: 0.0
前後のスライドを見るSegment{ 9 }, Segment{ 10 }
コサイン類似度: 0.007128013780251093
前後のスライドを見るSegment{ 10 }, Segment{ 11 12 }
コサイン類似度: 0.007845795325582518
