filename: 10
xmlFile: /home/sakamoto/OCWData/ocw.kyushu-u.ac.jp/コンピュータアーキテクチャI/10/slide.xml
dir: /home/sakamoto/OCWData/ocw.kyushu-u.ac.jp/コンピュータアーキテクチャI/10
XML:
<presentation language="ja"><slide page="1"><body><p>MIPSのまとめ（教科書3.7節～3.8節， 4.1節～4.4節）</p></body></slide><slide page="2"><body><p>九州大学工学部電気情報工学科（2006年度）レジスタMIPS のレジスタレジスタ名 レジスタ番号 用途 関数呼出時のレジスタ破壊$zero 02～3$a0～$a3 4～7 引数用 不可$t0～$t7 8～15 一時保存用 可$s0～$s7 16～23 変数用 不可$t8～$t9 24～25 一時保存用 可$sp 29 スタックポインタ（後述） 不可$fp 30 フレームポインタ（後述） 不可$ra 31 戻り番地 不可(NA)$v0～$v1定数値 0，不要な結果の破棄可関数の返り値プログラムカウンタ PC： 次に実行する命令の番地を格納．非分岐命令実行ごとに +4 され，また分岐命令実行時に更新される．</p></body></slide><slide page="3"><body><p>九州大学工学部電気情報工学科（2006年度）命令形式命令形式: 命令語のフィールド構成．op rs rt rd shamt functop rs rt address/immediate6bit 5bit 5bit 5bit 5bit 6bit6bit 5bit 5bit 16bitR形式I形式z MIPS は命令語を32bit 幅で統一している．z MIPS の命令形式は，R形式，I形式，J形式の3種類がある．z どの命令形式かは，op フィールド（命令操作コード）で判別できる．op address6bit 26bitJ形式</p></body></slide><slide page="4"><body><p>九州大学工学部電気情報工学科（2006年度）命令セットz 算術論理演算¾ 加減算命令（R形式，I形式）¾ 比較命令（R形式，I形式）¾ 論理演算命令（R形式，I形式）¾ シフト命令（R形式）z データ転送¾ メモリロード命令（I形式）¾ メモリストア命令（I形式）¾ 即値ロード命令（I形式）z 分岐¾ 条件分岐命令（I形式）¾ 無条件分岐命令（R形式，J形式）</p></body></slide><slide page="5"><body><p>九州大学工学部電気情報工学科（2006年度）加減算命令（１）レジスタ±レジスタ → レジスタadd $○, $△, $□ # $△ + $□ → $○sub $○, $△, $□ # $△ – $□ → $○addu $○, $△, $□ # $△ + $□ → $○subu $○, $△, $□ # $△ – $□ → $○z add/sub 命令は，2の補数表現された符号つき整数の加減算を行う．z addu/subu 命令は，符号なし整数の加減算を行う．z add/sub 命令と addu/subu 命令はオーバーフロー発生時の振る舞いが違う．（計算については同じことを行う．）</p></body></slide><slide page="6"><body><p>九州大学工学部電気情報工学科（2006年度）加減算命令（２）op rs rt rd shamt functR形式命令 op rs rt rd shamt functadd  $○, $△, $□ 000000 $△ $□ $○ 00000 100000addu $○, $△, $□ 000000 $△ $□ $○ 00000 100001sub  $○, $△, $□ 000000 $△ $□ $○ 00000 100010subu $○, $△, $□ 000000 $△ $□ $○ 00000 1000116bit 5bit 5bit 5bit 5bit 6bit</p></body></slide><slide page="7"><body><p>九州大学工学部電気情報工学科（2006年度）加減算命令（３）レジスタ + 定数 → レジスタaddi $○, $△, n # $△ + n → $○addiu $○, $△, n # $△ + n → $○z addi/addiu 命令では，定数 n に 16bit の2の補数表現の符号つき整数（–32768～32767）を指定できる．z 定数 n は 32bit に符号拡張されてから加算される．z addi 命令と addiu 命令はオーバーフロー発生時の振る舞いが違う．（計算については同じことを行う．）z 「subi」「subiu」は存在しない．（∵addi，addiu で代用すればよい．）即値オペランド</p></body></slide><slide page="8"><body><p>九州大学工学部電気情報工学科（2006年度）加減算命令（４）op rs rt address/immediate6bit 5bit 5bit 16bitI形式命令 op rs rt address/immediateaddi $○, $△, n 001000 $△ $○ naddiu $○, $△, n 001001 $△ $○ n</p></body></slide><slide page="9"><body><p>九州大学工学部電気情報工学科（2006年度）加減算命令（５）addi $s0, $s1, 1300000000 00000001+)$s1: 65539(10)例） $s1 に 65539 が格納されているとき，00000000 0000001100000000 0000100100000000 0000000000000000 0000110000000000 0000000113(10)$s0: 65552(10)addi $s0, $s1, –1300000000 00000001+)$s1: 65539(10)00000000 0000001111111111 1111011111111111 1111111111111111 1111101000000000 00000000–13(10)$s0: 65526(10)</p></body></slide><slide page="10"><body><p>九州大学工学部電気情報工学科（2006年度）比較命令（１）レジスタ < レジスタ → レジスタslt $○, $△, $□ # $△ < $□ → $○sltu $○, $△, $□ # $△ < $□ → $○z slt/slti 命令は，第二オペランドと第三オペランドを 2 の補数表現された符号つき整数とみなして，比較結果を $○ に書き込む．z sltu/sltiu 命令は，第二オペランドと第三オペランドを符号なし整数とみなして，比較結果を $○ に書き込む．z slti/sltiu 命令では，定数 n は 32bit に符号拡張されてから比較される．レジスタ < 定数 → レジスタ（定数は 32bit に符号拡張）slti $○, $△, n # $△ < n → $○sltiu $○, $△, n # $△ < n → $○</p></body></slide><slide page="11"><body><p>九州大学工学部電気情報工学科（2006年度）論理演算命令（１）レジスタ and/or レジスタ → レジスタand $○, $△, $□ # $△ & $□ → $○or $○, $△, $□ # $△ | $□ → $○xor $○, $△, $□ # $△ ^ $□ → $○レジスタ and/or 定数 → レジスタ（定数は 32bit にゼロ拡張）andi $○, $△, n # $△ & n → $○ori $○, $△, n # $△ | n → $○xori $○, $△, n # $△ ^ n → $○</p></body></slide><slide page="12"><body><p>九州大学工学部電気情報工学科（2006年度）論理演算命令（２）ABYANDゲート： 入力が全て 1 のときのみ出力が 1．A B Y0 0 00 1 01 0 01 1 1AND演算（&）： オペランドのビットごとに AND をとる．1 0 1 1 0 0 1 01 1 1 0 1 1 0 01 0 1 0 0 0 0 0</p></body></slide><slide page="13"><body><p>九州大学工学部電気情報工学科（2006年度）シフト命令（１）レジスタを n ビット論理左右シフト → レジスタsll $○, $△, n # $△ を n ビット論理左シフト → $○srl $○, $△, n # $△ を n ビット論理右シフト → $○レジスタを n ビット算術右シフト → レジスタsra $○, $△, n # $△ を n ビット算術右シフト → $○</p></body></slide><slide page="14"><body><p>九州大学工学部電気情報工学科（2006年度）シフト命令（２）n ビット論理シフト演算: n ビット分を左右にずらし，はみ出したビットを捨てて，空いたビットに 0 を補填する．n ビット左シフト:0 1 1 1 0 1 1 01 1 0 1 1 0 0 01n ビット右シフト:0 1 1 1 0 1 1 00 0 0 1 1 1 0 1 100n=2の場合n=2の場合</p></body></slide><slide page="15"><body><p>九州大学工学部電気情報工学科（2006年度）シフト命令（３）n ビット算術右シフト演算: n ビット分を右にずらし，はみ出したビットを捨てて，空いたビットに 最上位ビット（符号ビット） を補填する．n ビット右シフト:1 1 1 1 0 1 1 01 1 1 1 1 1 0 1 1 0n=2の場合</p></body></slide><slide page="16"><body><p>九州大学工学部電気情報工学科（2006年度）データ転送命令（１）レジスタ／メモリ間（符号つき）lw $○, n($△) # （$△ + n）番地 → $○，1ワード（32bit）lh $○, n($△) # （$△ + n）番地 → $○，1ハーフワード（16bit）lhu $○, n($△) # （$△ + n）番地 → $○，1ハーフワード（16bit）lb $○, n($△) # （$△ + n）番地 → $○，1バイト（8bit）lbu $○, n($△) # （$△ + n）番地 → $○，1バイト（8bit）sw $○, n($△) # $○ → （$△ + n）番地，1ワード（32bit）sh $○, n($△) # $○ → （$△ + n）番地，1ハーフワード（16bit）sb $○, n($△) # $○ → （$△ + n）番地，1バイト（8bit）z オフセット n には，16bit の2の補数表現の整数（–32768～32767）を指定できる．z オフセット n は 32bit に符号拡張されてからベースレジスタに加算される．z lw/sw 命令の対象番地は4の倍数，lh/sh 命令の対象番地は2の倍数でなければならない．（整列化制約）z lb/lh 命令では読み込むデータの符号拡張，lbu/lhu 命令ではゼロ拡張が行われる．</p></body></slide><slide page="17"><body><p>九州大学工学部電気情報工学科（2006年度）データ転送命令（２）lw/lh/lb/lhu/lbu/sw/sh/sb $○, n($△)zzzz$△abcd–32768 32767 +n a b c d$○lw/swX X a blh/sh0 0 a blhuX X X alb/sb0 0 0 albu</p></body></slide><slide page="18"><body><p>九州大学工学部電気情報工学科（2006年度）データ転送命令（４）即値→レジスタn$○ 0000…0032bit 即値（nm）の転送lui $○, n # $○の上位 16bit に n を格納addi $○, m # $○の下位 16bit に m を格納（符号拡張あり）lui $○, n # $○の上位 16bit に n を格納ori $○, m # $○の下位 16bit に m を格納（符号拡張なし）lui $○, n # $○の上位 16bit に n を格納# $○の下位 16bit に 0 を格納</p></body></slide><slide page="19"><body><p>九州大学工学部電気情報工学科（2006年度）分岐命令（１）j Label # Label に無条件分岐jal Label # Label に無条件分岐（関数呼出用）jr $○ # $○の番地に無条件分岐beq $△, $□, Label # $△ = $□ ならば Label に分岐bne $△, $□, Label # $△ ≠ $□ ならば Label に分岐z 命令によってジャンプできる範囲に違いがある．¾j, jal（J形式）：擬似直接アドレシング¾jr（R形式）：レジスタ値をそのままPCに設定¾beq, bne（I形式）：PC相対アドレシング</p></body></slide><slide page="20"><body><p>九州大学工学部電気情報工学科（2006年度）分岐命令の守備範囲0000000010000000200000003000000040000000500000006000000070000000D0000000E0000000F0000000JR命令は全域PCPC相対アドレシング（PCを中心に 218 番地の範囲）擬似直接アドレシング（PCを含むに 228 番地分のページ）</p></body></slide></presentation>
<slide page="1"><body><p>MIPSのまとめ（教科書3.7節～3.8節， 4.1節～4.4節）</p></body></slide>
in Sheet Class, page: 1
title = ""
body = "<p>MIPSのまとめ（教科書3.7節～3.8節， 4.1節～4.4節）</p>"
makeWordArrayJp
paragraph: MIPSのまとめ（教科書3.7節～3.8節， 4.1節～4.4節）
MIPS :	名詞,固有名詞,組織,*,*,*,*	false	1
まとめ :	名詞,一般,*,*,*,*,まとめ,マトメ,マトメ	true	1
教科書 :	名詞,一般,*,*,*,*,教科書,キョウカショ,キョーカショ	true	1
<slide page="2"><body><p>九州大学工学部電気情報工学科（2006年度）レジスタMIPS のレジスタレジスタ名 レジスタ番号 用途 関数呼出時のレジスタ破壊$zero 02～3$a0～$a3 4～7 引数用 不可$t0～$t7 8～15 一時保存用 可$s0～$s7 16～23 変数用 不可$t8～$t9 24～25 一時保存用 可$sp 29 スタックポインタ（後述） 不可$fp 30 フレームポインタ（後述） 不可$ra 31 戻り番地 不可(NA)$v0～$v1定数値 0，不要な結果の破棄可関数の返り値プログラムカウンタ PC： 次に実行する命令の番地を格納．非分岐命令実行ごとに +4 され，また分岐命令実行時に更新される．</p></body></slide>
in Sheet Class, page: 2
title = ""
body = "<p>九州大学工学部電気情報工学科（2006年度）レジスタMIPS のレジスタレジスタ名 レジスタ番号 用途 関数呼出時のレジスタ破壊$zero 02～3$a0～$a3 4～7 引数用 不可$t0～$t7 8～15 一時保存用 可$s0～$s7 16～23 変数用 不可$t8～$t9 24～25 一時保存用 可$sp 29 スタックポインタ（後述） 不可$fp 30 フレームポインタ（後述） 不可$ra 31 戻り番地 不可(NA)$v0～$v1定数値 0，不要な結果の破棄可関数の返り値プログラムカウンタ PC： 次に実行する命令の番地を格納．非分岐命令実行ごとに +4 され，また分岐命令実行時に更新される．</p>"
makeWordArrayJp
paragraph: 九州大学工学部電気情報工学科（2006年度）レジスタMIPS のレジスタレジスタ名 レジスタ番号 用途 関数呼出時のレジスタ破壊$zero 02～3$a0～$a3 4～7 引数用 不可$t0～$t7 8～15 一時保存用 可$s0～$s7 16～23 変数用 不可$t8～$t9 24～25 一時保存用 可$sp 29 スタックポインタ（後述） 不可$fp 30 フレームポインタ（後述） 不可$ra 31 戻り番地 不可(NA)$v0～$v1定数値 0，不要な結果の破棄可関数の返り値プログラムカウンタ PC： 次に実行する命令の番地を格納．非分岐命令実行ごとに +4 され，また分岐命令実行時に更新される．
九州 :	名詞,固有名詞,地域,一般,*,*,九州,キュウシュウ,キューシュー	true	1
大学 :	名詞,一般,*,*,*,*,大学,ダイガク,ダイガク	true	1
工学部 :	名詞,一般,*,*,*,*,工学部,コウガクブ,コーガクブ	true	1
電気 :	名詞,一般,*,*,*,*,電気,デンキ,デンキ	true	1
情報 :	名詞,一般,*,*,*,*,情報,ジョウホウ,ジョーホー	true	1
工学 :	名詞,一般,*,*,*,*,工学,コウガク,コーガク	true	1
年度 :	名詞,接尾,助数詞,*,*,*,年度,ネンド,ネンド	true	1
レジスタ :	名詞,一般,*,*,*,*,レジスタ,レジスタ,レジスタ	true	1
MIPS :	名詞,一般,*,*,*,*,*	false	1
レジスタ :	名詞,一般,*,*,*,*,レジスタ,レジスタ,レジスタ	true	2
レジスタ :	名詞,一般,*,*,*,*,レジスタ,レジスタ,レジスタ	true	3
レジスタ :	名詞,一般,*,*,*,*,レジスタ,レジスタ,レジスタ	true	4
番号 :	名詞,一般,*,*,*,*,番号,バンゴウ,バンゴー	true	1
用途 :	名詞,一般,*,*,*,*,用途,ヨウト,ヨート	true	1
関数 :	名詞,一般,*,*,*,*,関数,カンスウ,カンスー	true	1
呼出 :	名詞,一般,*,*,*,*,呼出,ヨビダシ,ヨビダシ	true	1
レジスタ :	名詞,一般,*,*,*,*,レジスタ,レジスタ,レジスタ	true	5
破壊 :	名詞,サ変接続,*,*,*,*,破壊,ハカイ,ハカイ	true	1
zero :	名詞,固有名詞,組織,*,*,*,*	false	1
～$ :	名詞,サ変接続,*,*,*,*,*	false	1
引数 :	名詞,一般,*,*,*,*,引数,ヒキスウ,ヒキスー	true	1
不可 :	名詞,一般,*,*,*,*,不可,フカ,フカ	true	1
～$ :	名詞,サ変接続,*,*,*,*,*	false	2
一時 :	名詞,副詞可能,*,*,*,*,一時,イチジ,イチジ	true	1
保存 :	名詞,サ変接続,*,*,*,*,保存,ホゾン,ホゾン	true	1
～$ :	名詞,サ変接続,*,*,*,*,*	false	3
変数 :	名詞,一般,*,*,*,*,変数,ヘンスウ,ヘンスー	true	1
不可 :	名詞,一般,*,*,*,*,不可,フカ,フカ	true	2
～$ :	名詞,サ変接続,*,*,*,*,*	false	4
一時 :	名詞,副詞可能,*,*,*,*,一時,イチジ,イチジ	true	2
保存 :	名詞,サ変接続,*,*,*,*,保存,ホゾン,ホゾン	true	2
sp :	名詞,固有名詞,組織,*,*,*,*	false	1
スタックポインタ :	名詞,一般,*,*,*,*,スタックポインタ,スタックポインタ,スタックポインタ	true	1
後述 :	名詞,サ変接続,*,*,*,*,後述,コウジュツ,コージュツ	true	1
不可 :	名詞,一般,*,*,*,*,不可,フカ,フカ	true	3
fp :	名詞,固有名詞,組織,*,*,*,*	false	1
フレーム :	名詞,一般,*,*,*,*,フレーム,フレーム,フレーム	true	1
ポインタ :	名詞,一般,*,*,*,*,ポインタ,ポインタ,ポインタ	true	1
後述 :	名詞,サ変接続,*,*,*,*,後述,コウジュツ,コージュツ	true	2
不可 :	名詞,一般,*,*,*,*,不可,フカ,フカ	true	4
ra :	名詞,固有名詞,組織,*,*,*,*	false	1
戻り :	名詞,一般,*,*,*,*,戻り,モドリ,モドリ	true	1
番地 :	名詞,一般,*,*,*,*,番地,バンチ,バンチ	true	1
不可 :	名詞,一般,*,*,*,*,不可,フカ,フカ	true	5
NA :	名詞,一般,*,*,*,*,*	false	1
)$ :	名詞,サ変接続,*,*,*,*,*	false	1
～$ :	名詞,サ変接続,*,*,*,*,*	false	5
定数 :	名詞,一般,*,*,*,*,定数,テイスウ,テイスー	true	1
不要 :	名詞,形容動詞語幹,*,*,*,*,不要,フヨウ,フヨー	true	1
結果 :	名詞,副詞可能,*,*,*,*,結果,ケッカ,ケッカ	true	1
破棄 :	名詞,サ変接続,*,*,*,*,破棄,ハキ,ハキ	true	1
関数 :	名詞,一般,*,*,*,*,関数,カンスウ,カンスー	true	2
プログラム :	名詞,サ変接続,*,*,*,*,プログラム,プログラム,プログラム	true	1
カウンタ :	名詞,一般,*,*,*,*,カウンタ,カウンタ,カウンタ	true	1
PC :	名詞,固有名詞,組織,*,*,*,*	false	1
実行 :	名詞,サ変接続,*,*,*,*,実行,ジッコウ,ジッコー	true	1
命令 :	名詞,サ変接続,*,*,*,*,命令,メイレイ,メイレイ	true	1
番地 :	名詞,一般,*,*,*,*,番地,バンチ,バンチ	true	2
格納 :	名詞,サ変接続,*,*,*,*,格納,カクノウ,カクノー	true	1
分岐 :	名詞,サ変接続,*,*,*,*,分岐,ブンキ,ブンキ	true	1
命令 :	名詞,サ変接続,*,*,*,*,命令,メイレイ,メイレイ	true	2
実行 :	名詞,サ変接続,*,*,*,*,実行,ジッコウ,ジッコー	true	2
ごと :	名詞,接尾,一般,*,*,*,ごと,ゴト,ゴト	true	1
分岐 :	名詞,サ変接続,*,*,*,*,分岐,ブンキ,ブンキ	true	2
命令 :	名詞,サ変接続,*,*,*,*,命令,メイレイ,メイレイ	true	3
実行 :	名詞,サ変接続,*,*,*,*,実行,ジッコウ,ジッコー	true	3
更新 :	名詞,サ変接続,*,*,*,*,更新,コウシン,コーシン	true	1
<slide page="3"><body><p>九州大学工学部電気情報工学科（2006年度）命令形式命令形式: 命令語のフィールド構成．op rs rt rd shamt functop rs rt address/immediate6bit 5bit 5bit 5bit 5bit 6bit6bit 5bit 5bit 16bitR形式I形式z MIPS は命令語を32bit 幅で統一している．z MIPS の命令形式は，R形式，I形式，J形式の3種類がある．z どの命令形式かは，op フィールド（命令操作コード）で判別できる．op address6bit 26bitJ形式</p></body></slide>
in Sheet Class, page: 3
title = ""
body = "<p>九州大学工学部電気情報工学科（2006年度）命令形式命令形式: 命令語のフィールド構成．op rs rt rd shamt functop rs rt address/immediate6bit 5bit 5bit 5bit 5bit 6bit6bit 5bit 5bit 16bitR形式I形式z MIPS は命令語を32bit 幅で統一している．z MIPS の命令形式は，R形式，I形式，J形式の3種類がある．z どの命令形式かは，op フィールド（命令操作コード）で判別できる．op address6bit 26bitJ形式</p>"
makeWordArrayJp
paragraph: 九州大学工学部電気情報工学科（2006年度）命令形式命令形式: 命令語のフィールド構成．op rs rt rd shamt functop rs rt address/immediate6bit 5bit 5bit 5bit 5bit 6bit6bit 5bit 5bit 16bitR形式I形式z MIPS は命令語を32bit 幅で統一している．z MIPS の命令形式は，R形式，I形式，J形式の3種類がある．z どの命令形式かは，op フィールド（命令操作コード）で判別できる．op address6bit 26bitJ形式
九州 :	名詞,固有名詞,地域,一般,*,*,九州,キュウシュウ,キューシュー	true	1
大学 :	名詞,一般,*,*,*,*,大学,ダイガク,ダイガク	true	1
工学部 :	名詞,一般,*,*,*,*,工学部,コウガクブ,コーガクブ	true	1
電気 :	名詞,一般,*,*,*,*,電気,デンキ,デンキ	true	1
情報 :	名詞,一般,*,*,*,*,情報,ジョウホウ,ジョーホー	true	1
工学 :	名詞,一般,*,*,*,*,工学,コウガク,コーガク	true	1
年度 :	名詞,接尾,助数詞,*,*,*,年度,ネンド,ネンド	true	1
命令 :	名詞,サ変接続,*,*,*,*,命令,メイレイ,メイレイ	true	1
形式 :	名詞,一般,*,*,*,*,形式,ケイシキ,ケイシキ	true	1
命令 :	名詞,サ変接続,*,*,*,*,命令,メイレイ,メイレイ	true	2
形式 :	名詞,一般,*,*,*,*,形式,ケイシキ,ケイシキ	true	2
命令 :	名詞,サ変接続,*,*,*,*,命令,メイレイ,メイレイ	true	3
フィールド :	名詞,一般,*,*,*,*,フィールド,フィールド,フィールド	true	1
構成 :	名詞,サ変接続,*,*,*,*,構成,コウセイ,コーセイ	true	1
op :	名詞,固有名詞,組織,*,*,*,*	false	1
rs :	名詞,固有名詞,組織,*,*,*,*	false	1
rt :	名詞,固有名詞,組織,*,*,*,*	false	1
rd :	名詞,固有名詞,組織,*,*,*,*	false	1
shamt :	名詞,固有名詞,組織,*,*,*,*	false	1
functop :	名詞,固有名詞,組織,*,*,*,*	false	1
rs :	名詞,固有名詞,組織,*,*,*,*	false	2
rt :	名詞,固有名詞,組織,*,*,*,*	false	2
address :	名詞,固有名詞,組織,*,*,*,*	false	1
immediate :	名詞,一般,*,*,*,*,*	false	1
bit :	名詞,固有名詞,組織,*,*,*,*	false	1
bit :	名詞,固有名詞,組織,*,*,*,*	false	2
bit :	名詞,固有名詞,組織,*,*,*,*	false	3
bit :	名詞,固有名詞,組織,*,*,*,*	false	4
bit :	名詞,固有名詞,組織,*,*,*,*	false	5
bit :	名詞,一般,*,*,*,*,*	false	6
bit :	名詞,固有名詞,組織,*,*,*,*	false	7
bit :	名詞,固有名詞,組織,*,*,*,*	false	8
bit :	名詞,固有名詞,組織,*,*,*,*	false	9
bitR :	名詞,一般,*,*,*,*,*	false	1
形式 :	名詞,一般,*,*,*,*,形式,ケイシキ,ケイシキ	true	3
形式 :	名詞,一般,*,*,*,*,形式,ケイシキ,ケイシキ	true	4
MIPS :	名詞,固有名詞,組織,*,*,*,*	false	1
命令 :	名詞,サ変接続,*,*,*,*,命令,メイレイ,メイレイ	true	4
bit :	名詞,固有名詞,組織,*,*,*,*	false	10
統一 :	名詞,サ変接続,*,*,*,*,統一,トウイツ,トーイツ	true	1
MIPS :	名詞,固有名詞,組織,*,*,*,*	false	2
命令 :	名詞,サ変接続,*,*,*,*,命令,メイレイ,メイレイ	true	5
形式 :	名詞,一般,*,*,*,*,形式,ケイシキ,ケイシキ	true	5
形式 :	名詞,一般,*,*,*,*,形式,ケイシキ,ケイシキ	true	6
形式 :	名詞,一般,*,*,*,*,形式,ケイシキ,ケイシキ	true	7
形式 :	名詞,一般,*,*,*,*,形式,ケイシキ,ケイシキ	true	8
種類 :	名詞,一般,*,*,*,*,種類,シュルイ,シュルイ	true	1
命令 :	名詞,サ変接続,*,*,*,*,命令,メイレイ,メイレイ	true	6
形式 :	名詞,一般,*,*,*,*,形式,ケイシキ,ケイシキ	true	9
op :	名詞,固有名詞,組織,*,*,*,*	false	2
フィールド :	名詞,一般,*,*,*,*,フィールド,フィールド,フィールド	true	2
命令 :	名詞,サ変接続,*,*,*,*,命令,メイレイ,メイレイ	true	7
操作 :	名詞,サ変接続,*,*,*,*,操作,ソウサ,ソーサ	true	1
コード :	名詞,一般,*,*,*,*,コード,コード,コード	true	1
判別 :	名詞,サ変接続,*,*,*,*,判別,ハンベツ,ハンベツ	true	1
op :	名詞,固有名詞,組織,*,*,*,*	false	3
address :	名詞,一般,*,*,*,*,*	false	2
bit :	名詞,固有名詞,組織,*,*,*,*	false	11
bitJ :	名詞,一般,*,*,*,*,*	false	1
形式 :	名詞,一般,*,*,*,*,形式,ケイシキ,ケイシキ	true	10
<slide page="4"><body><p>九州大学工学部電気情報工学科（2006年度）命令セットz 算術論理演算¾ 加減算命令（R形式，I形式）¾ 比較命令（R形式，I形式）¾ 論理演算命令（R形式，I形式）¾ シフト命令（R形式）z データ転送¾ メモリロード命令（I形式）¾ メモリストア命令（I形式）¾ 即値ロード命令（I形式）z 分岐¾ 条件分岐命令（I形式）¾ 無条件分岐命令（R形式，J形式）</p></body></slide>
in Sheet Class, page: 4
title = ""
body = "<p>九州大学工学部電気情報工学科（2006年度）命令セットz 算術論理演算¾ 加減算命令（R形式，I形式）¾ 比較命令（R形式，I形式）¾ 論理演算命令（R形式，I形式）¾ シフト命令（R形式）z データ転送¾ メモリロード命令（I形式）¾ メモリストア命令（I形式）¾ 即値ロード命令（I形式）z 分岐¾ 条件分岐命令（I形式）¾ 無条件分岐命令（R形式，J形式）</p>"
makeWordArrayJp
paragraph: 九州大学工学部電気情報工学科（2006年度）命令セットz 算術論理演算¾ 加減算命令（R形式，I形式）¾ 比較命令（R形式，I形式）¾ 論理演算命令（R形式，I形式）¾ シフト命令（R形式）z データ転送¾ メモリロード命令（I形式）¾ メモリストア命令（I形式）¾ 即値ロード命令（I形式）z 分岐¾ 条件分岐命令（I形式）¾ 無条件分岐命令（R形式，J形式）
九州 :	名詞,固有名詞,地域,一般,*,*,九州,キュウシュウ,キューシュー	true	1
大学 :	名詞,一般,*,*,*,*,大学,ダイガク,ダイガク	true	1
工学部 :	名詞,一般,*,*,*,*,工学部,コウガクブ,コーガクブ	true	1
電気 :	名詞,一般,*,*,*,*,電気,デンキ,デンキ	true	1
情報 :	名詞,一般,*,*,*,*,情報,ジョウホウ,ジョーホー	true	1
工学 :	名詞,一般,*,*,*,*,工学,コウガク,コーガク	true	1
年度 :	名詞,接尾,助数詞,*,*,*,年度,ネンド,ネンド	true	1
命令 :	名詞,サ変接続,*,*,*,*,命令,メイレイ,メイレイ	true	1
セット :	名詞,一般,*,*,*,*,セット,セット,セット	true	1
算術 :	名詞,一般,*,*,*,*,算術,サンジュツ,サンジュツ	true	1
論理 :	名詞,一般,*,*,*,*,論理,ロンリ,ロンリ	true	1
演算 :	名詞,サ変接続,*,*,*,*,演算,エンザン,エンザン	true	1
加減算 :	名詞,一般,*,*,*,*,加減算,カゲンザン,カゲンザン	true	1
命令 :	名詞,サ変接続,*,*,*,*,命令,メイレイ,メイレイ	true	2
形式 :	名詞,一般,*,*,*,*,形式,ケイシキ,ケイシキ	true	1
形式 :	名詞,一般,*,*,*,*,形式,ケイシキ,ケイシキ	true	2
）¾ :	名詞,サ変接続,*,*,*,*,*	false	1
比較 :	名詞,サ変接続,*,*,*,*,比較,ヒカク,ヒカク	true	1
命令 :	名詞,サ変接続,*,*,*,*,命令,メイレイ,メイレイ	true	3
形式 :	名詞,一般,*,*,*,*,形式,ケイシキ,ケイシキ	true	3
形式 :	名詞,一般,*,*,*,*,形式,ケイシキ,ケイシキ	true	4
）¾ :	名詞,サ変接続,*,*,*,*,*	false	2
論理 :	名詞,一般,*,*,*,*,論理,ロンリ,ロンリ	true	2
演算 :	名詞,サ変接続,*,*,*,*,演算,エンザン,エンザン	true	2
命令 :	名詞,サ変接続,*,*,*,*,命令,メイレイ,メイレイ	true	4
形式 :	名詞,一般,*,*,*,*,形式,ケイシキ,ケイシキ	true	5
形式 :	名詞,一般,*,*,*,*,形式,ケイシキ,ケイシキ	true	6
）¾ :	名詞,サ変接続,*,*,*,*,*	false	3
シフト :	名詞,サ変接続,*,*,*,*,シフト,シフト,シフト	true	1
命令 :	名詞,サ変接続,*,*,*,*,命令,メイレイ,メイレイ	true	5
形式 :	名詞,一般,*,*,*,*,形式,ケイシキ,ケイシキ	true	7
データ :	名詞,一般,*,*,*,*,データ,データ,データ	true	1
転送 :	名詞,サ変接続,*,*,*,*,転送,テンソウ,テンソー	true	1
メモリ :	名詞,一般,*,*,*,*,メモリ,メモリ,メモリ	true	1
ロード :	名詞,一般,*,*,*,*,ロード,ロード,ロード	true	1
命令 :	名詞,サ変接続,*,*,*,*,命令,メイレイ,メイレイ	true	6
形式 :	名詞,一般,*,*,*,*,形式,ケイシキ,ケイシキ	true	8
）¾ :	名詞,サ変接続,*,*,*,*,*	false	4
メモリ :	名詞,一般,*,*,*,*,メモリ,メモリ,メモリ	true	2
ストア :	名詞,サ変接続,*,*,*,*,ストア,ストア,ストア	true	1
命令 :	名詞,サ変接続,*,*,*,*,命令,メイレイ,メイレイ	true	7
形式 :	名詞,一般,*,*,*,*,形式,ケイシキ,ケイシキ	true	9
）¾ :	名詞,サ変接続,*,*,*,*,*	false	5
即値 :	名詞,一般,*,*,*,*,即値,ソクチ,ソクチ	true	1
ロード :	名詞,一般,*,*,*,*,ロード,ロード,ロード	true	2
命令 :	名詞,サ変接続,*,*,*,*,命令,メイレイ,メイレイ	true	8
形式 :	名詞,一般,*,*,*,*,形式,ケイシキ,ケイシキ	true	10
分岐 :	名詞,サ変接続,*,*,*,*,分岐,ブンキ,ブンキ	true	1
条件 :	名詞,一般,*,*,*,*,条件,ジョウケン,ジョーケン	true	1
分岐 :	名詞,サ変接続,*,*,*,*,分岐,ブンキ,ブンキ	true	2
命令 :	名詞,サ変接続,*,*,*,*,命令,メイレイ,メイレイ	true	9
形式 :	名詞,一般,*,*,*,*,形式,ケイシキ,ケイシキ	true	11
）¾ :	名詞,サ変接続,*,*,*,*,*	false	6
条件 :	名詞,一般,*,*,*,*,条件,ジョウケン,ジョーケン	true	2
分岐 :	名詞,サ変接続,*,*,*,*,分岐,ブンキ,ブンキ	true	3
命令 :	名詞,サ変接続,*,*,*,*,命令,メイレイ,メイレイ	true	10
形式 :	名詞,一般,*,*,*,*,形式,ケイシキ,ケイシキ	true	12
形式 :	名詞,一般,*,*,*,*,形式,ケイシキ,ケイシキ	true	13
<slide page="5"><body><p>九州大学工学部電気情報工学科（2006年度）加減算命令（１）レジスタ±レジスタ → レジスタadd $○, $△, $□ # $△ + $□ → $○sub $○, $△, $□ # $△ – $□ → $○addu $○, $△, $□ # $△ + $□ → $○subu $○, $△, $□ # $△ – $□ → $○z add/sub 命令は，2の補数表現された符号つき整数の加減算を行う．z addu/subu 命令は，符号なし整数の加減算を行う．z add/sub 命令と addu/subu 命令はオーバーフロー発生時の振る舞いが違う．（計算については同じことを行う．）</p></body></slide>
in Sheet Class, page: 5
title = ""
body = "<p>九州大学工学部電気情報工学科（2006年度）加減算命令（１）レジスタ±レジスタ → レジスタadd $○, $△, $□ # $△ + $□ → $○sub $○, $△, $□ # $△ – $□ → $○addu $○, $△, $□ # $△ + $□ → $○subu $○, $△, $□ # $△ – $□ → $○z add/sub 命令は，2の補数表現された符号つき整数の加減算を行う．z addu/subu 命令は，符号なし整数の加減算を行う．z add/sub 命令と addu/subu 命令はオーバーフロー発生時の振る舞いが違う．（計算については同じことを行う．）</p>"
makeWordArrayJp
paragraph: 九州大学工学部電気情報工学科（2006年度）加減算命令（１）レジスタ±レジスタ → レジスタadd $○, $△, $□ # $△ + $□ → $○sub $○, $△, $□ # $△ – $□ → $○addu $○, $△, $□ # $△ + $□ → $○subu $○, $△, $□ # $△ – $□ → $○z add/sub 命令は，2の補数表現された符号つき整数の加減算を行う．z addu/subu 命令は，符号なし整数の加減算を行う．z add/sub 命令と addu/subu 命令はオーバーフロー発生時の振る舞いが違う．（計算については同じことを行う．）
九州 :	名詞,固有名詞,地域,一般,*,*,九州,キュウシュウ,キューシュー	true	1
大学 :	名詞,一般,*,*,*,*,大学,ダイガク,ダイガク	true	1
工学部 :	名詞,一般,*,*,*,*,工学部,コウガクブ,コーガクブ	true	1
電気 :	名詞,一般,*,*,*,*,電気,デンキ,デンキ	true	1
情報 :	名詞,一般,*,*,*,*,情報,ジョウホウ,ジョーホー	true	1
工学 :	名詞,一般,*,*,*,*,工学,コウガク,コーガク	true	1
年度 :	名詞,接尾,助数詞,*,*,*,年度,ネンド,ネンド	true	1
加減算 :	名詞,一般,*,*,*,*,加減算,カゲンザン,カゲンザン	true	1
命令 :	名詞,サ変接続,*,*,*,*,命令,メイレイ,メイレイ	true	1
レジスタ :	名詞,一般,*,*,*,*,レジスタ,レジスタ,レジスタ	true	1
レジスタ :	名詞,一般,*,*,*,*,レジスタ,レジスタ,レジスタ	true	2
レジスタ :	名詞,一般,*,*,*,*,レジスタ,レジスタ,レジスタ	true	3
add :	名詞,一般,*,*,*,*,*	false	1
$○, :	名詞,サ変接続,*,*,*,*,*	false	1
$△, :	名詞,サ変接続,*,*,*,*,*	false	1
$□ :	名詞,サ変接続,*,*,*,*,*	false	1
$△ :	名詞,サ変接続,*,*,*,*,*	false	1
$□ :	名詞,サ変接続,*,*,*,*,*	false	2
$○ :	名詞,サ変接続,*,*,*,*,*	false	1
sub :	名詞,固有名詞,組織,*,*,*,*	false	1
$○, :	名詞,サ変接続,*,*,*,*,*	false	2
$△, :	名詞,サ変接続,*,*,*,*,*	false	2
$□ :	名詞,サ変接続,*,*,*,*,*	false	3
$△ :	名詞,サ変接続,*,*,*,*,*	false	2
$□ :	名詞,サ変接続,*,*,*,*,*	false	4
$○ :	名詞,サ変接続,*,*,*,*,*	false	2
addu :	名詞,固有名詞,組織,*,*,*,*	false	1
$○, :	名詞,サ変接続,*,*,*,*,*	false	3
$△, :	名詞,サ変接続,*,*,*,*,*	false	3
$□ :	名詞,サ変接続,*,*,*,*,*	false	5
$△ :	名詞,サ変接続,*,*,*,*,*	false	3
$□ :	名詞,サ変接続,*,*,*,*,*	false	6
$○ :	名詞,サ変接続,*,*,*,*,*	false	3
subu :	名詞,固有名詞,組織,*,*,*,*	false	1
$○, :	名詞,サ変接続,*,*,*,*,*	false	4
$△, :	名詞,サ変接続,*,*,*,*,*	false	4
$□ :	名詞,サ変接続,*,*,*,*,*	false	7
$△ :	名詞,サ変接続,*,*,*,*,*	false	4
$□ :	名詞,サ変接続,*,*,*,*,*	false	8
$○ :	名詞,サ変接続,*,*,*,*,*	false	4
add :	名詞,固有名詞,組織,*,*,*,*	false	2
sub :	名詞,固有名詞,組織,*,*,*,*	false	2
命令 :	名詞,サ変接続,*,*,*,*,命令,メイレイ,メイレイ	true	2
補数 :	名詞,一般,*,*,*,*,補数,ホスウ,ホスー	true	1
表現 :	名詞,サ変接続,*,*,*,*,表現,ヒョウゲン,ヒョーゲン	true	1
符号 :	名詞,一般,*,*,*,*,符号,フゴウ,フゴー	true	1
つき :	名詞,接尾,一般,*,*,*,つき,ツキ,ツキ	true	1
整数 :	名詞,一般,*,*,*,*,整数,セイスウ,セイスー	true	1
加減算 :	名詞,一般,*,*,*,*,加減算,カゲンザン,カゲンザン	true	2
addu :	名詞,固有名詞,組織,*,*,*,*	false	2
subu :	名詞,固有名詞,組織,*,*,*,*	false	2
命令 :	名詞,サ変接続,*,*,*,*,命令,メイレイ,メイレイ	true	3
符号 :	名詞,一般,*,*,*,*,符号,フゴウ,フゴー	true	2
整数 :	名詞,一般,*,*,*,*,整数,セイスウ,セイスー	true	2
加減算 :	名詞,一般,*,*,*,*,加減算,カゲンザン,カゲンザン	true	3
add :	名詞,固有名詞,組織,*,*,*,*	false	3
sub :	名詞,固有名詞,組織,*,*,*,*	false	3
命令 :	名詞,サ変接続,*,*,*,*,命令,メイレイ,メイレイ	true	4
addu :	名詞,固有名詞,組織,*,*,*,*	false	3
subu :	名詞,固有名詞,組織,*,*,*,*	false	3
命令 :	名詞,サ変接続,*,*,*,*,命令,メイレイ,メイレイ	true	5
オーバー :	名詞,サ変接続,*,*,*,*,オーバー,オーバー,オーバー	true	1
フロー :	名詞,一般,*,*,*,*,フロー,フロー,フロー	true	1
発生 :	名詞,サ変接続,*,*,*,*,発生,ハッセイ,ハッセイ	true	1
振る舞い :	名詞,一般,*,*,*,*,振る舞い,フルマイ,フルマイ	true	1
計算 :	名詞,サ変接続,*,*,*,*,計算,ケイサン,ケイサン	true	1
こと :	名詞,非自立,一般,*,*,*,こと,コト,コト	true	1
<slide page="6"><body><p>九州大学工学部電気情報工学科（2006年度）加減算命令（２）op rs rt rd shamt functR形式命令 op rs rt rd shamt functadd  $○, $△, $□ 000000 $△ $□ $○ 00000 100000addu $○, $△, $□ 000000 $△ $□ $○ 00000 100001sub  $○, $△, $□ 000000 $△ $□ $○ 00000 100010subu $○, $△, $□ 000000 $△ $□ $○ 00000 1000116bit 5bit 5bit 5bit 5bit 6bit</p></body></slide>
in Sheet Class, page: 6
title = ""
body = "<p>九州大学工学部電気情報工学科（2006年度）加減算命令（２）op rs rt rd shamt functR形式命令 op rs rt rd shamt functadd  $○, $△, $□ 000000 $△ $□ $○ 00000 100000addu $○, $△, $□ 000000 $△ $□ $○ 00000 100001sub  $○, $△, $□ 000000 $△ $□ $○ 00000 100010subu $○, $△, $□ 000000 $△ $□ $○ 00000 1000116bit 5bit 5bit 5bit 5bit 6bit</p>"
makeWordArrayJp
paragraph: 九州大学工学部電気情報工学科（2006年度）加減算命令（２）op rs rt rd shamt functR形式命令 op rs rt rd shamt functadd  $○, $△, $□ 000000 $△ $□ $○ 00000 100000addu $○, $△, $□ 000000 $△ $□ $○ 00000 100001sub  $○, $△, $□ 000000 $△ $□ $○ 00000 100010subu $○, $△, $□ 000000 $△ $□ $○ 00000 1000116bit 5bit 5bit 5bit 5bit 6bit
九州 :	名詞,固有名詞,地域,一般,*,*,九州,キュウシュウ,キューシュー	true	1
大学 :	名詞,一般,*,*,*,*,大学,ダイガク,ダイガク	true	1
工学部 :	名詞,一般,*,*,*,*,工学部,コウガクブ,コーガクブ	true	1
電気 :	名詞,一般,*,*,*,*,電気,デンキ,デンキ	true	1
情報 :	名詞,一般,*,*,*,*,情報,ジョウホウ,ジョーホー	true	1
工学 :	名詞,一般,*,*,*,*,工学,コウガク,コーガク	true	1
年度 :	名詞,接尾,助数詞,*,*,*,年度,ネンド,ネンド	true	1
加減算 :	名詞,一般,*,*,*,*,加減算,カゲンザン,カゲンザン	true	1
命令 :	名詞,サ変接続,*,*,*,*,命令,メイレイ,メイレイ	true	1
op :	名詞,固有名詞,組織,*,*,*,*	false	1
rs :	名詞,固有名詞,組織,*,*,*,*	false	1
rt :	名詞,固有名詞,組織,*,*,*,*	false	1
rd :	名詞,固有名詞,組織,*,*,*,*	false	1
shamt :	名詞,固有名詞,組織,*,*,*,*	false	1
functR :	名詞,固有名詞,組織,*,*,*,*	false	1
形式 :	名詞,一般,*,*,*,*,形式,ケイシキ,ケイシキ	true	1
命令 :	名詞,サ変接続,*,*,*,*,命令,メイレイ,メイレイ	true	2
op :	名詞,固有名詞,組織,*,*,*,*	false	2
rs :	名詞,固有名詞,組織,*,*,*,*	false	2
rt :	名詞,固有名詞,組織,*,*,*,*	false	2
rd :	名詞,固有名詞,組織,*,*,*,*	false	2
shamt :	名詞,固有名詞,組織,*,*,*,*	false	2
functadd :	名詞,固有名詞,組織,*,*,*,*	false	1
$○, :	名詞,サ変接続,*,*,*,*,*	false	1
$△, :	名詞,サ変接続,*,*,*,*,*	false	1
$□ :	名詞,サ変接続,*,*,*,*,*	false	1
$△ :	名詞,サ変接続,*,*,*,*,*	false	1
$□ :	名詞,サ変接続,*,*,*,*,*	false	2
$○ :	名詞,サ変接続,*,*,*,*,*	false	1
addu :	名詞,固有名詞,組織,*,*,*,*	false	1
$○, :	名詞,サ変接続,*,*,*,*,*	false	2
$△, :	名詞,サ変接続,*,*,*,*,*	false	2
$□ :	名詞,サ変接続,*,*,*,*,*	false	3
$△ :	名詞,サ変接続,*,*,*,*,*	false	2
$□ :	名詞,サ変接続,*,*,*,*,*	false	4
$○ :	名詞,サ変接続,*,*,*,*,*	false	2
sub :	名詞,固有名詞,組織,*,*,*,*	false	1
$○, :	名詞,サ変接続,*,*,*,*,*	false	3
$△, :	名詞,サ変接続,*,*,*,*,*	false	3
$□ :	名詞,サ変接続,*,*,*,*,*	false	5
$△ :	名詞,サ変接続,*,*,*,*,*	false	3
$□ :	名詞,サ変接続,*,*,*,*,*	false	6
$○ :	名詞,サ変接続,*,*,*,*,*	false	3
subu :	名詞,固有名詞,組織,*,*,*,*	false	1
$○, :	名詞,サ変接続,*,*,*,*,*	false	4
$△, :	名詞,サ変接続,*,*,*,*,*	false	4
$□ :	名詞,サ変接続,*,*,*,*,*	false	7
$△ :	名詞,サ変接続,*,*,*,*,*	false	4
$□ :	名詞,サ変接続,*,*,*,*,*	false	8
$○ :	名詞,サ変接続,*,*,*,*,*	false	4
bit :	名詞,固有名詞,組織,*,*,*,*	false	1
bit :	名詞,固有名詞,組織,*,*,*,*	false	2
bit :	名詞,固有名詞,組織,*,*,*,*	false	3
bit :	名詞,固有名詞,組織,*,*,*,*	false	4
bit :	名詞,固有名詞,組織,*,*,*,*	false	5
bit :	名詞,固有名詞,組織,*,*,*,*	false	6
<slide page="7"><body><p>九州大学工学部電気情報工学科（2006年度）加減算命令（３）レジスタ + 定数 → レジスタaddi $○, $△, n # $△ + n → $○addiu $○, $△, n # $△ + n → $○z addi/addiu 命令では，定数 n に 16bit の2の補数表現の符号つき整数（–32768～32767）を指定できる．z 定数 n は 32bit に符号拡張されてから加算される．z addi 命令と addiu 命令はオーバーフロー発生時の振る舞いが違う．（計算については同じことを行う．）z 「subi」「subiu」は存在しない．（∵addi，addiu で代用すればよい．）即値オペランド</p></body></slide>
in Sheet Class, page: 7
title = ""
body = "<p>九州大学工学部電気情報工学科（2006年度）加減算命令（３）レジスタ + 定数 → レジスタaddi $○, $△, n # $△ + n → $○addiu $○, $△, n # $△ + n → $○z addi/addiu 命令では，定数 n に 16bit の2の補数表現の符号つき整数（–32768～32767）を指定できる．z 定数 n は 32bit に符号拡張されてから加算される．z addi 命令と addiu 命令はオーバーフロー発生時の振る舞いが違う．（計算については同じことを行う．）z 「subi」「subiu」は存在しない．（∵addi，addiu で代用すればよい．）即値オペランド</p>"
makeWordArrayJp
paragraph: 九州大学工学部電気情報工学科（2006年度）加減算命令（３）レジスタ + 定数 → レジスタaddi $○, $△, n # $△ + n → $○addiu $○, $△, n # $△ + n → $○z addi/addiu 命令では，定数 n に 16bit の2の補数表現の符号つき整数（–32768～32767）を指定できる．z 定数 n は 32bit に符号拡張されてから加算される．z addi 命令と addiu 命令はオーバーフロー発生時の振る舞いが違う．（計算については同じことを行う．）z 「subi」「subiu」は存在しない．（∵addi，addiu で代用すればよい．）即値オペランド
九州 :	名詞,固有名詞,地域,一般,*,*,九州,キュウシュウ,キューシュー	true	1
大学 :	名詞,一般,*,*,*,*,大学,ダイガク,ダイガク	true	1
工学部 :	名詞,一般,*,*,*,*,工学部,コウガクブ,コーガクブ	true	1
電気 :	名詞,一般,*,*,*,*,電気,デンキ,デンキ	true	1
情報 :	名詞,一般,*,*,*,*,情報,ジョウホウ,ジョーホー	true	1
工学 :	名詞,一般,*,*,*,*,工学,コウガク,コーガク	true	1
年度 :	名詞,接尾,助数詞,*,*,*,年度,ネンド,ネンド	true	1
加減算 :	名詞,一般,*,*,*,*,加減算,カゲンザン,カゲンザン	true	1
命令 :	名詞,サ変接続,*,*,*,*,命令,メイレイ,メイレイ	true	1
レジスタ :	名詞,一般,*,*,*,*,レジスタ,レジスタ,レジスタ	true	1
定数 :	名詞,一般,*,*,*,*,定数,テイスウ,テイスー	true	1
レジスタ :	名詞,一般,*,*,*,*,レジスタ,レジスタ,レジスタ	true	2
addi :	名詞,一般,*,*,*,*,*	false	1
$○, :	名詞,サ変接続,*,*,*,*,*	false	1
$△, :	名詞,サ変接続,*,*,*,*,*	false	1
$△ :	名詞,サ変接続,*,*,*,*,*	false	1
$○ :	名詞,サ変接続,*,*,*,*,*	false	1
addiu :	名詞,固有名詞,組織,*,*,*,*	false	1
$○, :	名詞,サ変接続,*,*,*,*,*	false	2
$△, :	名詞,サ変接続,*,*,*,*,*	false	2
$△ :	名詞,サ変接続,*,*,*,*,*	false	2
$○ :	名詞,サ変接続,*,*,*,*,*	false	2
addi :	名詞,固有名詞,組織,*,*,*,*	false	2
addiu :	名詞,固有名詞,組織,*,*,*,*	false	2
命令 :	名詞,サ変接続,*,*,*,*,命令,メイレイ,メイレイ	true	2
定数 :	名詞,一般,*,*,*,*,定数,テイスウ,テイスー	true	2
bit :	名詞,固有名詞,組織,*,*,*,*	false	1
補数 :	名詞,一般,*,*,*,*,補数,ホスウ,ホスー	true	1
表現 :	名詞,サ変接続,*,*,*,*,表現,ヒョウゲン,ヒョーゲン	true	1
符号 :	名詞,一般,*,*,*,*,符号,フゴウ,フゴー	true	1
つき :	名詞,接尾,一般,*,*,*,つき,ツキ,ツキ	true	1
整数 :	名詞,一般,*,*,*,*,整数,セイスウ,セイスー	true	1
（– :	名詞,サ変接続,*,*,*,*,*	false	1
指定 :	名詞,サ変接続,*,*,*,*,指定,シテイ,シテイ	true	1
定数 :	名詞,一般,*,*,*,*,定数,テイスウ,テイスー	true	3
bit :	名詞,固有名詞,組織,*,*,*,*	false	2
符号 :	名詞,一般,*,*,*,*,符号,フゴウ,フゴー	true	2
拡張 :	名詞,サ変接続,*,*,*,*,拡張,カクチョウ,カクチョー	true	1
加算 :	名詞,サ変接続,*,*,*,*,加算,カサン,カサン	true	1
addi :	名詞,固有名詞,組織,*,*,*,*	false	3
命令 :	名詞,サ変接続,*,*,*,*,命令,メイレイ,メイレイ	true	3
addiu :	名詞,固有名詞,組織,*,*,*,*	false	3
命令 :	名詞,サ変接続,*,*,*,*,命令,メイレイ,メイレイ	true	4
オーバー :	名詞,サ変接続,*,*,*,*,オーバー,オーバー,オーバー	true	1
フロー :	名詞,一般,*,*,*,*,フロー,フロー,フロー	true	1
発生 :	名詞,サ変接続,*,*,*,*,発生,ハッセイ,ハッセイ	true	1
振る舞い :	名詞,一般,*,*,*,*,振る舞い,フルマイ,フルマイ	true	1
計算 :	名詞,サ変接続,*,*,*,*,計算,ケイサン,ケイサン	true	1
こと :	名詞,非自立,一般,*,*,*,こと,コト,コト	true	1
subi :	名詞,固有名詞,組織,*,*,*,*	false	1
subiu :	名詞,固有名詞,組織,*,*,*,*	false	1
存在 :	名詞,サ変接続,*,*,*,*,存在,ソンザイ,ソンザイ	true	1
（∵ :	名詞,サ変接続,*,*,*,*,*	false	1
addi :	名詞,固有名詞,組織,*,*,*,*	false	4
addiu :	名詞,固有名詞,組織,*,*,*,*	false	4
代用 :	名詞,サ変接続,*,*,*,*,代用,ダイヨウ,ダイヨー	true	1
即値 :	名詞,一般,*,*,*,*,即値,ソクチ,ソクチ	true	1
オペランド :	名詞,一般,*,*,*,*,オペランド,オペランド,オペランド	true	1
<slide page="8"><body><p>九州大学工学部電気情報工学科（2006年度）加減算命令（４）op rs rt address/immediate6bit 5bit 5bit 16bitI形式命令 op rs rt address/immediateaddi $○, $△, n 001000 $△ $○ naddiu $○, $△, n 001001 $△ $○ n</p></body></slide>
in Sheet Class, page: 8
title = ""
body = "<p>九州大学工学部電気情報工学科（2006年度）加減算命令（４）op rs rt address/immediate6bit 5bit 5bit 16bitI形式命令 op rs rt address/immediateaddi $○, $△, n 001000 $△ $○ naddiu $○, $△, n 001001 $△ $○ n</p>"
makeWordArrayJp
paragraph: 九州大学工学部電気情報工学科（2006年度）加減算命令（４）op rs rt address/immediate6bit 5bit 5bit 16bitI形式命令 op rs rt address/immediateaddi $○, $△, n 001000 $△ $○ naddiu $○, $△, n 001001 $△ $○ n
九州 :	名詞,固有名詞,地域,一般,*,*,九州,キュウシュウ,キューシュー	true	1
大学 :	名詞,一般,*,*,*,*,大学,ダイガク,ダイガク	true	1
工学部 :	名詞,一般,*,*,*,*,工学部,コウガクブ,コーガクブ	true	1
電気 :	名詞,一般,*,*,*,*,電気,デンキ,デンキ	true	1
情報 :	名詞,一般,*,*,*,*,情報,ジョウホウ,ジョーホー	true	1
工学 :	名詞,一般,*,*,*,*,工学,コウガク,コーガク	true	1
年度 :	名詞,接尾,助数詞,*,*,*,年度,ネンド,ネンド	true	1
加減算 :	名詞,一般,*,*,*,*,加減算,カゲンザン,カゲンザン	true	1
命令 :	名詞,サ変接続,*,*,*,*,命令,メイレイ,メイレイ	true	1
op :	名詞,固有名詞,組織,*,*,*,*	false	1
rs :	名詞,固有名詞,組織,*,*,*,*	false	1
rt :	名詞,固有名詞,組織,*,*,*,*	false	1
address :	名詞,固有名詞,組織,*,*,*,*	false	1
immediate :	名詞,一般,*,*,*,*,*	false	1
bit :	名詞,固有名詞,組織,*,*,*,*	false	1
bit :	名詞,固有名詞,組織,*,*,*,*	false	2
bit :	名詞,固有名詞,組織,*,*,*,*	false	3
bitI :	名詞,一般,*,*,*,*,*	false	1
形式 :	名詞,一般,*,*,*,*,形式,ケイシキ,ケイシキ	true	1
命令 :	名詞,サ変接続,*,*,*,*,命令,メイレイ,メイレイ	true	2
op :	名詞,固有名詞,組織,*,*,*,*	false	2
rs :	名詞,固有名詞,組織,*,*,*,*	false	2
rt :	名詞,固有名詞,組織,*,*,*,*	false	2
address :	名詞,固有名詞,組織,*,*,*,*	false	2
immediateaddi :	名詞,固有名詞,組織,*,*,*,*	false	1
$○, :	名詞,サ変接続,*,*,*,*,*	false	1
$△, :	名詞,サ変接続,*,*,*,*,*	false	1
$△ :	名詞,サ変接続,*,*,*,*,*	false	1
$○ :	名詞,サ変接続,*,*,*,*,*	false	1
naddiu :	名詞,固有名詞,組織,*,*,*,*	false	1
$○, :	名詞,サ変接続,*,*,*,*,*	false	2
$△, :	名詞,サ変接続,*,*,*,*,*	false	2
$△ :	名詞,サ変接続,*,*,*,*,*	false	2
$○ :	名詞,サ変接続,*,*,*,*,*	false	2
<slide page="9"><body><p>九州大学工学部電気情報工学科（2006年度）加減算命令（５）addi $s0, $s1, 1300000000 00000001+)$s1: 65539(10)例） $s1 に 65539 が格納されているとき，00000000 0000001100000000 0000100100000000 0000000000000000 0000110000000000 0000000113(10)$s0: 65552(10)addi $s0, $s1, –1300000000 00000001+)$s1: 65539(10)00000000 0000001111111111 1111011111111111 1111111111111111 1111101000000000 00000000–13(10)$s0: 65526(10)</p></body></slide>
in Sheet Class, page: 9
title = ""
body = "<p>九州大学工学部電気情報工学科（2006年度）加減算命令（５）addi $s0, $s1, 1300000000 00000001+)$s1: 65539(10)例） $s1 に 65539 が格納されているとき，00000000 0000001100000000 0000100100000000 0000000000000000 0000110000000000 0000000113(10)$s0: 65552(10)addi $s0, $s1, –1300000000 00000001+)$s1: 65539(10)00000000 0000001111111111 1111011111111111 1111111111111111 1111101000000000 00000000–13(10)$s0: 65526(10)</p>"
makeWordArrayJp
paragraph: 九州大学工学部電気情報工学科（2006年度）加減算命令（５）addi $s0, $s1, 1300000000 00000001+)$s1: 65539(10)例） $s1 に 65539 が格納されているとき，00000000 0000001100000000 0000100100000000 0000000000000000 0000110000000000 0000000113(10)$s0: 65552(10)addi $s0, $s1, –1300000000 00000001+)$s1: 65539(10)00000000 0000001111111111 1111011111111111 1111111111111111 1111101000000000 00000000–13(10)$s0: 65526(10)
九州 :	名詞,固有名詞,地域,一般,*,*,九州,キュウシュウ,キューシュー	true	1
大学 :	名詞,一般,*,*,*,*,大学,ダイガク,ダイガク	true	1
工学部 :	名詞,一般,*,*,*,*,工学部,コウガクブ,コーガクブ	true	1
電気 :	名詞,一般,*,*,*,*,電気,デンキ,デンキ	true	1
情報 :	名詞,一般,*,*,*,*,情報,ジョウホウ,ジョーホー	true	1
工学 :	名詞,一般,*,*,*,*,工学,コウガク,コーガク	true	1
年度 :	名詞,接尾,助数詞,*,*,*,年度,ネンド,ネンド	true	1
加減算 :	名詞,一般,*,*,*,*,加減算,カゲンザン,カゲンザン	true	1
命令 :	名詞,サ変接続,*,*,*,*,命令,メイレイ,メイレイ	true	1
addi :	名詞,固有名詞,組織,*,*,*,*	false	1
+)$ :	名詞,サ変接続,*,*,*,*,*	false	1
格納 :	名詞,サ変接続,*,*,*,*,格納,カクノウ,カクノー	true	1
とき :	名詞,非自立,副詞可能,*,*,*,とき,トキ,トキ	true	1
)$ :	名詞,サ変接続,*,*,*,*,*	false	1
addi :	名詞,固有名詞,組織,*,*,*,*	false	2
+)$ :	名詞,サ変接続,*,*,*,*,*	false	2
)$ :	名詞,サ変接続,*,*,*,*,*	false	2
<slide page="10"><body><p>九州大学工学部電気情報工学科（2006年度）比較命令（１）レジスタ < レジスタ → レジスタslt $○, $△, $□ # $△ < $□ → $○sltu $○, $△, $□ # $△ < $□ → $○z slt/slti 命令は，第二オペランドと第三オペランドを 2 の補数表現された符号つき整数とみなして，比較結果を $○ に書き込む．z sltu/sltiu 命令は，第二オペランドと第三オペランドを符号なし整数とみなして，比較結果を $○ に書き込む．z slti/sltiu 命令では，定数 n は 32bit に符号拡張されてから比較される．レジスタ < 定数 → レジスタ（定数は 32bit に符号拡張）slti $○, $△, n # $△ < n → $○sltiu $○, $△, n # $△ < n → $○</p></body></slide>
in Sheet Class, page: 10
title = ""
body = "<p>九州大学工学部電気情報工学科（2006年度）比較命令（１）レジスタ < レジスタ → レジスタslt $○, $△, $□ # $△ < $□ → $○sltu $○, $△, $□ # $△ < $□ → $○z slt/slti 命令は，第二オペランドと第三オペランドを 2 の補数表現された符号つき整数とみなして，比較結果を $○ に書き込む．z sltu/sltiu 命令は，第二オペランドと第三オペランドを符号なし整数とみなして，比較結果を $○ に書き込む．z slti/sltiu 命令では，定数 n は 32bit に符号拡張されてから比較される．レジスタ < 定数 → レジスタ（定数は 32bit に符号拡張）slti $○, $△, n # $△ < n → $○sltiu $○, $△, n # $△ < n → $○</p>"
makeWordArrayJp
paragraph: 九州大学工学部電気情報工学科（2006年度）比較命令（１）レジスタ < レジスタ → レジスタslt $○, $△, $□ # $△ < $□ → $○sltu $○, $△, $□ # $△ < $□ → $○z slt/slti 命令は，第二オペランドと第三オペランドを 2 の補数表現された符号つき整数とみなして，比較結果を $○ に書き込む．z sltu/sltiu 命令は，第二オペランドと第三オペランドを符号なし整数とみなして，比較結果を $○ に書き込む．z slti/sltiu 命令では，定数 n は 32bit に符号拡張されてから比較される．レジスタ < 定数 → レジスタ（定数は 32bit に符号拡張）slti $○, $△, n # $△ < n → $○sltiu $○, $△, n # $△ < n → $○
九州 :	名詞,固有名詞,地域,一般,*,*,九州,キュウシュウ,キューシュー	true	1
大学 :	名詞,一般,*,*,*,*,大学,ダイガク,ダイガク	true	1
工学部 :	名詞,一般,*,*,*,*,工学部,コウガクブ,コーガクブ	true	1
電気 :	名詞,一般,*,*,*,*,電気,デンキ,デンキ	true	1
情報 :	名詞,一般,*,*,*,*,情報,ジョウホウ,ジョーホー	true	1
工学 :	名詞,一般,*,*,*,*,工学,コウガク,コーガク	true	1
年度 :	名詞,接尾,助数詞,*,*,*,年度,ネンド,ネンド	true	1
比較 :	名詞,サ変接続,*,*,*,*,比較,ヒカク,ヒカク	true	1
命令 :	名詞,サ変接続,*,*,*,*,命令,メイレイ,メイレイ	true	1
レジスタ :	名詞,一般,*,*,*,*,レジスタ,レジスタ,レジスタ	true	1
レジスタ :	名詞,一般,*,*,*,*,レジスタ,レジスタ,レジスタ	true	2
レジスタ :	名詞,一般,*,*,*,*,レジスタ,レジスタ,レジスタ	true	3
slt :	名詞,一般,*,*,*,*,*	false	1
$○, :	名詞,サ変接続,*,*,*,*,*	false	1
$△, :	名詞,サ変接続,*,*,*,*,*	false	1
$□ :	名詞,サ変接続,*,*,*,*,*	false	1
$△ :	名詞,サ変接続,*,*,*,*,*	false	1
$□ :	名詞,サ変接続,*,*,*,*,*	false	2
$○ :	名詞,サ変接続,*,*,*,*,*	false	1
sltu :	名詞,固有名詞,組織,*,*,*,*	false	1
$○, :	名詞,サ変接続,*,*,*,*,*	false	2
$△, :	名詞,サ変接続,*,*,*,*,*	false	2
$□ :	名詞,サ変接続,*,*,*,*,*	false	3
$△ :	名詞,サ変接続,*,*,*,*,*	false	2
$□ :	名詞,サ変接続,*,*,*,*,*	false	4
$○ :	名詞,サ変接続,*,*,*,*,*	false	2
slt :	名詞,固有名詞,組織,*,*,*,*	false	2
slti :	名詞,固有名詞,組織,*,*,*,*	false	1
命令 :	名詞,サ変接続,*,*,*,*,命令,メイレイ,メイレイ	true	2
オペランド :	名詞,一般,*,*,*,*,オペランド,オペランド,オペランド	true	1
オペランド :	名詞,一般,*,*,*,*,オペランド,オペランド,オペランド	true	2
補数 :	名詞,一般,*,*,*,*,補数,ホスウ,ホスー	true	1
表現 :	名詞,サ変接続,*,*,*,*,表現,ヒョウゲン,ヒョーゲン	true	1
符号 :	名詞,一般,*,*,*,*,符号,フゴウ,フゴー	true	1
つき :	名詞,接尾,一般,*,*,*,つき,ツキ,ツキ	true	1
整数 :	名詞,一般,*,*,*,*,整数,セイスウ,セイスー	true	1
比較 :	名詞,サ変接続,*,*,*,*,比較,ヒカク,ヒカク	true	2
結果 :	名詞,副詞可能,*,*,*,*,結果,ケッカ,ケッカ	true	1
$○ :	名詞,サ変接続,*,*,*,*,*	false	3
sltu :	名詞,固有名詞,組織,*,*,*,*	false	2
sltiu :	名詞,固有名詞,組織,*,*,*,*	false	1
命令 :	名詞,サ変接続,*,*,*,*,命令,メイレイ,メイレイ	true	3
オペランド :	名詞,一般,*,*,*,*,オペランド,オペランド,オペランド	true	3
オペランド :	名詞,一般,*,*,*,*,オペランド,オペランド,オペランド	true	4
符号 :	名詞,一般,*,*,*,*,符号,フゴウ,フゴー	true	2
整数 :	名詞,一般,*,*,*,*,整数,セイスウ,セイスー	true	2
比較 :	名詞,サ変接続,*,*,*,*,比較,ヒカク,ヒカク	true	3
結果 :	名詞,副詞可能,*,*,*,*,結果,ケッカ,ケッカ	true	2
$○ :	名詞,サ変接続,*,*,*,*,*	false	4
slti :	名詞,固有名詞,組織,*,*,*,*	false	2
sltiu :	名詞,固有名詞,組織,*,*,*,*	false	2
命令 :	名詞,サ変接続,*,*,*,*,命令,メイレイ,メイレイ	true	4
定数 :	名詞,一般,*,*,*,*,定数,テイスウ,テイスー	true	1
bit :	名詞,固有名詞,組織,*,*,*,*	false	1
符号 :	名詞,一般,*,*,*,*,符号,フゴウ,フゴー	true	3
拡張 :	名詞,サ変接続,*,*,*,*,拡張,カクチョウ,カクチョー	true	1
比較 :	名詞,サ変接続,*,*,*,*,比較,ヒカク,ヒカク	true	4
レジスタ :	名詞,一般,*,*,*,*,レジスタ,レジスタ,レジスタ	true	4
定数 :	名詞,一般,*,*,*,*,定数,テイスウ,テイスー	true	2
レジスタ :	名詞,一般,*,*,*,*,レジスタ,レジスタ,レジスタ	true	5
定数 :	名詞,一般,*,*,*,*,定数,テイスウ,テイスー	true	3
bit :	名詞,固有名詞,組織,*,*,*,*	false	2
符号 :	名詞,一般,*,*,*,*,符号,フゴウ,フゴー	true	4
拡張 :	名詞,サ変接続,*,*,*,*,拡張,カクチョウ,カクチョー	true	2
slti :	名詞,固有名詞,組織,*,*,*,*	false	3
$○, :	名詞,サ変接続,*,*,*,*,*	false	3
$△, :	名詞,サ変接続,*,*,*,*,*	false	3
$△ :	名詞,サ変接続,*,*,*,*,*	false	3
$○ :	名詞,サ変接続,*,*,*,*,*	false	5
sltiu :	名詞,固有名詞,組織,*,*,*,*	false	3
$○, :	名詞,サ変接続,*,*,*,*,*	false	4
$△, :	名詞,サ変接続,*,*,*,*,*	false	4
$△ :	名詞,サ変接続,*,*,*,*,*	false	4
$○ :	名詞,サ変接続,*,*,*,*,*	false	6
<slide page="11"><body><p>九州大学工学部電気情報工学科（2006年度）論理演算命令（１）レジスタ and/or レジスタ → レジスタand $○, $△, $□ # $△ & $□ → $○or $○, $△, $□ # $△ | $□ → $○xor $○, $△, $□ # $△ ^ $□ → $○レジスタ and/or 定数 → レジスタ（定数は 32bit にゼロ拡張）andi $○, $△, n # $△ & n → $○ori $○, $△, n # $△ | n → $○xori $○, $△, n # $△ ^ n → $○</p></body></slide>
in Sheet Class, page: 11
title = ""
body = "<p>九州大学工学部電気情報工学科（2006年度）論理演算命令（１）レジスタ and/or レジスタ → レジスタand $○, $△, $□ # $△ & $□ → $○or $○, $△, $□ # $△ | $□ → $○xor $○, $△, $□ # $△ ^ $□ → $○レジスタ and/or 定数 → レジスタ（定数は 32bit にゼロ拡張）andi $○, $△, n # $△ & n → $○ori $○, $△, n # $△ | n → $○xori $○, $△, n # $△ ^ n → $○</p>"
makeWordArrayJp
paragraph: 九州大学工学部電気情報工学科（2006年度）論理演算命令（１）レジスタ and/or レジスタ → レジスタand $○, $△, $□ # $△ & $□ → $○or $○, $△, $□ # $△ | $□ → $○xor $○, $△, $□ # $△ ^ $□ → $○レジスタ and/or 定数 → レジスタ（定数は 32bit にゼロ拡張）andi $○, $△, n # $△ & n → $○ori $○, $△, n # $△ | n → $○xori $○, $△, n # $△ ^ n → $○
九州 :	名詞,固有名詞,地域,一般,*,*,九州,キュウシュウ,キューシュー	true	1
大学 :	名詞,一般,*,*,*,*,大学,ダイガク,ダイガク	true	1
工学部 :	名詞,一般,*,*,*,*,工学部,コウガクブ,コーガクブ	true	1
電気 :	名詞,一般,*,*,*,*,電気,デンキ,デンキ	true	1
情報 :	名詞,一般,*,*,*,*,情報,ジョウホウ,ジョーホー	true	1
工学 :	名詞,一般,*,*,*,*,工学,コウガク,コーガク	true	1
年度 :	名詞,接尾,助数詞,*,*,*,年度,ネンド,ネンド	true	1
論理 :	名詞,一般,*,*,*,*,論理,ロンリ,ロンリ	true	1
演算 :	名詞,サ変接続,*,*,*,*,演算,エンザン,エンザン	true	1
命令 :	名詞,サ変接続,*,*,*,*,命令,メイレイ,メイレイ	true	1
レジスタ :	名詞,一般,*,*,*,*,レジスタ,レジスタ,レジスタ	true	1
and :	名詞,固有名詞,組織,*,*,*,*	false	1
or :	名詞,固有名詞,組織,*,*,*,*	false	1
レジスタ :	名詞,一般,*,*,*,*,レジスタ,レジスタ,レジスタ	true	2
レジスタ :	名詞,一般,*,*,*,*,レジスタ,レジスタ,レジスタ	true	3
and :	名詞,一般,*,*,*,*,*	false	2
$○, :	名詞,サ変接続,*,*,*,*,*	false	1
$△, :	名詞,サ変接続,*,*,*,*,*	false	1
$□ :	名詞,サ変接続,*,*,*,*,*	false	1
$△ :	名詞,サ変接続,*,*,*,*,*	false	1
$□ :	名詞,サ変接続,*,*,*,*,*	false	2
$○ :	名詞,サ変接続,*,*,*,*,*	false	1
or :	名詞,固有名詞,組織,*,*,*,*	false	2
$○, :	名詞,サ変接続,*,*,*,*,*	false	2
$△, :	名詞,サ変接続,*,*,*,*,*	false	2
$□ :	名詞,サ変接続,*,*,*,*,*	false	3
$△ :	名詞,サ変接続,*,*,*,*,*	false	2
$□ :	名詞,サ変接続,*,*,*,*,*	false	4
$○ :	名詞,サ変接続,*,*,*,*,*	false	2
xor :	名詞,固有名詞,組織,*,*,*,*	false	1
$○, :	名詞,サ変接続,*,*,*,*,*	false	3
$△, :	名詞,サ変接続,*,*,*,*,*	false	3
$□ :	名詞,サ変接続,*,*,*,*,*	false	5
$△ :	名詞,サ変接続,*,*,*,*,*	false	3
$□ :	名詞,サ変接続,*,*,*,*,*	false	6
$○ :	名詞,サ変接続,*,*,*,*,*	false	3
レジスタ :	名詞,一般,*,*,*,*,レジスタ,レジスタ,レジスタ	true	4
and :	名詞,固有名詞,組織,*,*,*,*	false	3
or :	名詞,固有名詞,組織,*,*,*,*	false	3
定数 :	名詞,一般,*,*,*,*,定数,テイスウ,テイスー	true	1
レジスタ :	名詞,一般,*,*,*,*,レジスタ,レジスタ,レジスタ	true	5
定数 :	名詞,一般,*,*,*,*,定数,テイスウ,テイスー	true	2
bit :	名詞,固有名詞,組織,*,*,*,*	false	1
ゼロ :	名詞,数,*,*,*,*,ゼロ,ゼロ,ゼロ	true	1
拡張 :	名詞,サ変接続,*,*,*,*,拡張,カクチョウ,カクチョー	true	1
andi :	名詞,固有名詞,組織,*,*,*,*	false	1
$○, :	名詞,サ変接続,*,*,*,*,*	false	4
$△, :	名詞,サ変接続,*,*,*,*,*	false	4
$△ :	名詞,サ変接続,*,*,*,*,*	false	4
$○ :	名詞,サ変接続,*,*,*,*,*	false	4
ori :	名詞,固有名詞,組織,*,*,*,*	false	1
$○, :	名詞,サ変接続,*,*,*,*,*	false	5
$△, :	名詞,サ変接続,*,*,*,*,*	false	5
$△ :	名詞,サ変接続,*,*,*,*,*	false	5
$○ :	名詞,サ変接続,*,*,*,*,*	false	5
xori :	名詞,固有名詞,組織,*,*,*,*	false	1
$○, :	名詞,サ変接続,*,*,*,*,*	false	6
$△, :	名詞,サ変接続,*,*,*,*,*	false	6
$△ :	名詞,サ変接続,*,*,*,*,*	false	6
$○ :	名詞,サ変接続,*,*,*,*,*	false	6
<slide page="12"><body><p>九州大学工学部電気情報工学科（2006年度）論理演算命令（２）ABYANDゲート： 入力が全て 1 のときのみ出力が 1．A B Y0 0 00 1 01 0 01 1 1AND演算（&）： オペランドのビットごとに AND をとる．1 0 1 1 0 0 1 01 1 1 0 1 1 0 01 0 1 0 0 0 0 0</p></body></slide>
in Sheet Class, page: 12
title = ""
body = "<p>九州大学工学部電気情報工学科（2006年度）論理演算命令（２）ABYANDゲート： 入力が全て 1 のときのみ出力が 1．A B Y0 0 00 1 01 0 01 1 1AND演算（&）： オペランドのビットごとに AND をとる．1 0 1 1 0 0 1 01 1 1 0 1 1 0 01 0 1 0 0 0 0 0</p>"
makeWordArrayJp
paragraph: 九州大学工学部電気情報工学科（2006年度）論理演算命令（２）ABYANDゲート： 入力が全て 1 のときのみ出力が 1．A B Y0 0 00 1 01 0 01 1 1AND演算（&）： オペランドのビットごとに AND をとる．1 0 1 1 0 0 1 01 1 1 0 1 1 0 01 0 1 0 0 0 0 0
九州 :	名詞,固有名詞,地域,一般,*,*,九州,キュウシュウ,キューシュー	true	1
大学 :	名詞,一般,*,*,*,*,大学,ダイガク,ダイガク	true	1
工学部 :	名詞,一般,*,*,*,*,工学部,コウガクブ,コーガクブ	true	1
電気 :	名詞,一般,*,*,*,*,電気,デンキ,デンキ	true	1
情報 :	名詞,一般,*,*,*,*,情報,ジョウホウ,ジョーホー	true	1
工学 :	名詞,一般,*,*,*,*,工学,コウガク,コーガク	true	1
年度 :	名詞,接尾,助数詞,*,*,*,年度,ネンド,ネンド	true	1
論理 :	名詞,一般,*,*,*,*,論理,ロンリ,ロンリ	true	1
演算 :	名詞,サ変接続,*,*,*,*,演算,エンザン,エンザン	true	1
命令 :	名詞,サ変接続,*,*,*,*,命令,メイレイ,メイレイ	true	1
ABYAND :	名詞,固有名詞,組織,*,*,*,*	false	1
ゲート :	名詞,一般,*,*,*,*,ゲート,ゲート,ゲート	true	1
入力 :	名詞,サ変接続,*,*,*,*,入力,ニュウリョク,ニューリョク	true	1
全て :	名詞,副詞可能,*,*,*,*,全て,スベテ,スベテ	true	1
とき :	名詞,非自立,副詞可能,*,*,*,とき,トキ,トキ	true	1
出力 :	名詞,サ変接続,*,*,*,*,出力,シュツリョク,シュツリョク	true	1
AND :	名詞,一般,*,*,*,*,*	false	1
演算 :	名詞,サ変接続,*,*,*,*,演算,エンザン,エンザン	true	2
（&）： :	名詞,サ変接続,*,*,*,*,*	false	1
オペランド :	名詞,一般,*,*,*,*,オペランド,オペランド,オペランド	true	1
ビット :	名詞,一般,*,*,*,*,ビット,ビット,ビット	true	1
ごと :	名詞,接尾,一般,*,*,*,ごと,ゴト,ゴト	true	1
AND :	名詞,固有名詞,組織,*,*,*,*	false	2
<slide page="13"><body><p>九州大学工学部電気情報工学科（2006年度）シフト命令（１）レジスタを n ビット論理左右シフト → レジスタsll $○, $△, n # $△ を n ビット論理左シフト → $○srl $○, $△, n # $△ を n ビット論理右シフト → $○レジスタを n ビット算術右シフト → レジスタsra $○, $△, n # $△ を n ビット算術右シフト → $○</p></body></slide>
in Sheet Class, page: 13
title = ""
body = "<p>九州大学工学部電気情報工学科（2006年度）シフト命令（１）レジスタを n ビット論理左右シフト → レジスタsll $○, $△, n # $△ を n ビット論理左シフト → $○srl $○, $△, n # $△ を n ビット論理右シフト → $○レジスタを n ビット算術右シフト → レジスタsra $○, $△, n # $△ を n ビット算術右シフト → $○</p>"
makeWordArrayJp
paragraph: 九州大学工学部電気情報工学科（2006年度）シフト命令（１）レジスタを n ビット論理左右シフト → レジスタsll $○, $△, n # $△ を n ビット論理左シフト → $○srl $○, $△, n # $△ を n ビット論理右シフト → $○レジスタを n ビット算術右シフト → レジスタsra $○, $△, n # $△ を n ビット算術右シフト → $○
九州 :	名詞,固有名詞,地域,一般,*,*,九州,キュウシュウ,キューシュー	true	1
大学 :	名詞,一般,*,*,*,*,大学,ダイガク,ダイガク	true	1
工学部 :	名詞,一般,*,*,*,*,工学部,コウガクブ,コーガクブ	true	1
電気 :	名詞,一般,*,*,*,*,電気,デンキ,デンキ	true	1
情報 :	名詞,一般,*,*,*,*,情報,ジョウホウ,ジョーホー	true	1
工学 :	名詞,一般,*,*,*,*,工学,コウガク,コーガク	true	1
年度 :	名詞,接尾,助数詞,*,*,*,年度,ネンド,ネンド	true	1
シフト :	名詞,サ変接続,*,*,*,*,シフト,シフト,シフト	true	1
命令 :	名詞,サ変接続,*,*,*,*,命令,メイレイ,メイレイ	true	1
レジスタ :	名詞,一般,*,*,*,*,レジスタ,レジスタ,レジスタ	true	1
ビット :	名詞,一般,*,*,*,*,ビット,ビット,ビット	true	1
論理 :	名詞,一般,*,*,*,*,論理,ロンリ,ロンリ	true	1
左右 :	名詞,サ変接続,*,*,*,*,左右,サユウ,サユー	true	1
シフト :	名詞,サ変接続,*,*,*,*,シフト,シフト,シフト	true	2
レジスタ :	名詞,一般,*,*,*,*,レジスタ,レジスタ,レジスタ	true	2
sll :	名詞,一般,*,*,*,*,*	false	1
$○, :	名詞,サ変接続,*,*,*,*,*	false	1
$△, :	名詞,サ変接続,*,*,*,*,*	false	1
$△ :	名詞,サ変接続,*,*,*,*,*	false	1
ビット :	名詞,一般,*,*,*,*,ビット,ビット,ビット	true	2
論理 :	名詞,一般,*,*,*,*,論理,ロンリ,ロンリ	true	2
シフト :	名詞,サ変接続,*,*,*,*,シフト,シフト,シフト	true	3
$○ :	名詞,サ変接続,*,*,*,*,*	false	1
srl :	名詞,固有名詞,組織,*,*,*,*	false	1
$○, :	名詞,サ変接続,*,*,*,*,*	false	2
$△, :	名詞,サ変接続,*,*,*,*,*	false	2
$△ :	名詞,サ変接続,*,*,*,*,*	false	2
ビット :	名詞,一般,*,*,*,*,ビット,ビット,ビット	true	3
論理 :	名詞,一般,*,*,*,*,論理,ロンリ,ロンリ	true	3
シフト :	名詞,サ変接続,*,*,*,*,シフト,シフト,シフト	true	4
$○ :	名詞,サ変接続,*,*,*,*,*	false	2
レジスタ :	名詞,一般,*,*,*,*,レジスタ,レジスタ,レジスタ	true	3
ビット :	名詞,一般,*,*,*,*,ビット,ビット,ビット	true	4
算術 :	名詞,一般,*,*,*,*,算術,サンジュツ,サンジュツ	true	1
シフト :	名詞,サ変接続,*,*,*,*,シフト,シフト,シフト	true	5
レジスタ :	名詞,一般,*,*,*,*,レジスタ,レジスタ,レジスタ	true	4
sra :	名詞,一般,*,*,*,*,*	false	1
$○, :	名詞,サ変接続,*,*,*,*,*	false	3
$△, :	名詞,サ変接続,*,*,*,*,*	false	3
$△ :	名詞,サ変接続,*,*,*,*,*	false	3
ビット :	名詞,一般,*,*,*,*,ビット,ビット,ビット	true	5
算術 :	名詞,一般,*,*,*,*,算術,サンジュツ,サンジュツ	true	2
シフト :	名詞,サ変接続,*,*,*,*,シフト,シフト,シフト	true	6
$○ :	名詞,サ変接続,*,*,*,*,*	false	3
<slide page="14"><body><p>九州大学工学部電気情報工学科（2006年度）シフト命令（２）n ビット論理シフト演算: n ビット分を左右にずらし，はみ出したビットを捨てて，空いたビットに 0 を補填する．n ビット左シフト:0 1 1 1 0 1 1 01 1 0 1 1 0 0 01n ビット右シフト:0 1 1 1 0 1 1 00 0 0 1 1 1 0 1 100n=2の場合n=2の場合</p></body></slide>
in Sheet Class, page: 14
title = ""
body = "<p>九州大学工学部電気情報工学科（2006年度）シフト命令（２）n ビット論理シフト演算: n ビット分を左右にずらし，はみ出したビットを捨てて，空いたビットに 0 を補填する．n ビット左シフト:0 1 1 1 0 1 1 01 1 0 1 1 0 0 01n ビット右シフト:0 1 1 1 0 1 1 00 0 0 1 1 1 0 1 100n=2の場合n=2の場合</p>"
makeWordArrayJp
paragraph: 九州大学工学部電気情報工学科（2006年度）シフト命令（２）n ビット論理シフト演算: n ビット分を左右にずらし，はみ出したビットを捨てて，空いたビットに 0 を補填する．n ビット左シフト:0 1 1 1 0 1 1 01 1 0 1 1 0 0 01n ビット右シフト:0 1 1 1 0 1 1 00 0 0 1 1 1 0 1 100n=2の場合n=2の場合
九州 :	名詞,固有名詞,地域,一般,*,*,九州,キュウシュウ,キューシュー	true	1
大学 :	名詞,一般,*,*,*,*,大学,ダイガク,ダイガク	true	1
工学部 :	名詞,一般,*,*,*,*,工学部,コウガクブ,コーガクブ	true	1
電気 :	名詞,一般,*,*,*,*,電気,デンキ,デンキ	true	1
情報 :	名詞,一般,*,*,*,*,情報,ジョウホウ,ジョーホー	true	1
工学 :	名詞,一般,*,*,*,*,工学,コウガク,コーガク	true	1
年度 :	名詞,接尾,助数詞,*,*,*,年度,ネンド,ネンド	true	1
シフト :	名詞,サ変接続,*,*,*,*,シフト,シフト,シフト	true	1
命令 :	名詞,サ変接続,*,*,*,*,命令,メイレイ,メイレイ	true	1
ビット :	名詞,一般,*,*,*,*,ビット,ビット,ビット	true	1
論理 :	名詞,一般,*,*,*,*,論理,ロンリ,ロンリ	true	1
シフト :	名詞,サ変接続,*,*,*,*,シフト,シフト,シフト	true	2
演算 :	名詞,サ変接続,*,*,*,*,演算,エンザン,エンザン	true	1
ビット :	名詞,一般,*,*,*,*,ビット,ビット,ビット	true	2
左右 :	名詞,サ変接続,*,*,*,*,左右,サユウ,サユー	true	1
ビット :	名詞,一般,*,*,*,*,ビット,ビット,ビット	true	3
ビット :	名詞,一般,*,*,*,*,ビット,ビット,ビット	true	4
補填 :	名詞,サ変接続,*,*,*,*,補填,ホテン,ホテン	true	1
ビット :	名詞,一般,*,*,*,*,ビット,ビット,ビット	true	5
シフト :	名詞,サ変接続,*,*,*,*,シフト,シフト,シフト	true	3
ビット :	名詞,一般,*,*,*,*,ビット,ビット,ビット	true	6
シフト :	名詞,サ変接続,*,*,*,*,シフト,シフト,シフト	true	4
場合 :	名詞,副詞可能,*,*,*,*,場合,バアイ,バアイ	true	1
場合 :	名詞,副詞可能,*,*,*,*,場合,バアイ,バアイ	true	2
<slide page="15"><body><p>九州大学工学部電気情報工学科（2006年度）シフト命令（３）n ビット算術右シフト演算: n ビット分を右にずらし，はみ出したビットを捨てて，空いたビットに 最上位ビット（符号ビット） を補填する．n ビット右シフト:1 1 1 1 0 1 1 01 1 1 1 1 1 0 1 1 0n=2の場合</p></body></slide>
in Sheet Class, page: 15
title = ""
body = "<p>九州大学工学部電気情報工学科（2006年度）シフト命令（３）n ビット算術右シフト演算: n ビット分を右にずらし，はみ出したビットを捨てて，空いたビットに 最上位ビット（符号ビット） を補填する．n ビット右シフト:1 1 1 1 0 1 1 01 1 1 1 1 1 0 1 1 0n=2の場合</p>"
makeWordArrayJp
paragraph: 九州大学工学部電気情報工学科（2006年度）シフト命令（３）n ビット算術右シフト演算: n ビット分を右にずらし，はみ出したビットを捨てて，空いたビットに 最上位ビット（符号ビット） を補填する．n ビット右シフト:1 1 1 1 0 1 1 01 1 1 1 1 1 0 1 1 0n=2の場合
九州 :	名詞,固有名詞,地域,一般,*,*,九州,キュウシュウ,キューシュー	true	1
大学 :	名詞,一般,*,*,*,*,大学,ダイガク,ダイガク	true	1
工学部 :	名詞,一般,*,*,*,*,工学部,コウガクブ,コーガクブ	true	1
電気 :	名詞,一般,*,*,*,*,電気,デンキ,デンキ	true	1
情報 :	名詞,一般,*,*,*,*,情報,ジョウホウ,ジョーホー	true	1
工学 :	名詞,一般,*,*,*,*,工学,コウガク,コーガク	true	1
年度 :	名詞,接尾,助数詞,*,*,*,年度,ネンド,ネンド	true	1
シフト :	名詞,サ変接続,*,*,*,*,シフト,シフト,シフト	true	1
命令 :	名詞,サ変接続,*,*,*,*,命令,メイレイ,メイレイ	true	1
ビット :	名詞,一般,*,*,*,*,ビット,ビット,ビット	true	1
算術 :	名詞,一般,*,*,*,*,算術,サンジュツ,サンジュツ	true	1
シフト :	名詞,サ変接続,*,*,*,*,シフト,シフト,シフト	true	2
演算 :	名詞,サ変接続,*,*,*,*,演算,エンザン,エンザン	true	1
ビット :	名詞,一般,*,*,*,*,ビット,ビット,ビット	true	2
ビット :	名詞,一般,*,*,*,*,ビット,ビット,ビット	true	3
ビット :	名詞,一般,*,*,*,*,ビット,ビット,ビット	true	4
上位 :	名詞,一般,*,*,*,*,上位,ジョウイ,ジョーイ	true	1
ビット :	名詞,一般,*,*,*,*,ビット,ビット,ビット	true	5
符号 :	名詞,一般,*,*,*,*,符号,フゴウ,フゴー	true	1
ビット :	名詞,一般,*,*,*,*,ビット,ビット,ビット	true	6
補填 :	名詞,サ変接続,*,*,*,*,補填,ホテン,ホテン	true	1
ビット :	名詞,一般,*,*,*,*,ビット,ビット,ビット	true	7
シフト :	名詞,サ変接続,*,*,*,*,シフト,シフト,シフト	true	3
場合 :	名詞,副詞可能,*,*,*,*,場合,バアイ,バアイ	true	1
<slide page="16"><body><p>九州大学工学部電気情報工学科（2006年度）データ転送命令（１）レジスタ／メモリ間（符号つき）lw $○, n($△) # （$△ + n）番地 → $○，1ワード（32bit）lh $○, n($△) # （$△ + n）番地 → $○，1ハーフワード（16bit）lhu $○, n($△) # （$△ + n）番地 → $○，1ハーフワード（16bit）lb $○, n($△) # （$△ + n）番地 → $○，1バイト（8bit）lbu $○, n($△) # （$△ + n）番地 → $○，1バイト（8bit）sw $○, n($△) # $○ → （$△ + n）番地，1ワード（32bit）sh $○, n($△) # $○ → （$△ + n）番地，1ハーフワード（16bit）sb $○, n($△) # $○ → （$△ + n）番地，1バイト（8bit）z オフセット n には，16bit の2の補数表現の整数（–32768～32767）を指定できる．z オフセット n は 32bit に符号拡張されてからベースレジスタに加算される．z lw/sw 命令の対象番地は4の倍数，lh/sh 命令の対象番地は2の倍数でなければならない．（整列化制約）z lb/lh 命令では読み込むデータの符号拡張，lbu/lhu 命令ではゼロ拡張が行われる．</p></body></slide>
in Sheet Class, page: 16
title = ""
body = "<p>九州大学工学部電気情報工学科（2006年度）データ転送命令（１）レジスタ／メモリ間（符号つき）lw $○, n($△) # （$△ + n）番地 → $○，1ワード（32bit）lh $○, n($△) # （$△ + n）番地 → $○，1ハーフワード（16bit）lhu $○, n($△) # （$△ + n）番地 → $○，1ハーフワード（16bit）lb $○, n($△) # （$△ + n）番地 → $○，1バイト（8bit）lbu $○, n($△) # （$△ + n）番地 → $○，1バイト（8bit）sw $○, n($△) # $○ → （$△ + n）番地，1ワード（32bit）sh $○, n($△) # $○ → （$△ + n）番地，1ハーフワード（16bit）sb $○, n($△) # $○ → （$△ + n）番地，1バイト（8bit）z オフセット n には，16bit の2の補数表現の整数（–32768～32767）を指定できる．z オフセット n は 32bit に符号拡張されてからベースレジスタに加算される．z lw/sw 命令の対象番地は4の倍数，lh/sh 命令の対象番地は2の倍数でなければならない．（整列化制約）z lb/lh 命令では読み込むデータの符号拡張，lbu/lhu 命令ではゼロ拡張が行われる．</p>"
makeWordArrayJp
paragraph: 九州大学工学部電気情報工学科（2006年度）データ転送命令（１）レジスタ／メモリ間（符号つき）lw $○, n($△) # （$△ + n）番地 → $○，1ワード（32bit）lh $○, n($△) # （$△ + n）番地 → $○，1ハーフワード（16bit）lhu $○, n($△) # （$△ + n）番地 → $○，1ハーフワード（16bit）lb $○, n($△) # （$△ + n）番地 → $○，1バイト（8bit）lbu $○, n($△) # （$△ + n）番地 → $○，1バイト（8bit）sw $○, n($△) # $○ → （$△ + n）番地，1ワード（32bit）sh $○, n($△) # $○ → （$△ + n）番地，1ハーフワード（16bit）sb $○, n($△) # $○ → （$△ + n）番地，1バイト（8bit）z オフセット n には，16bit の2の補数表現の整数（–32768～32767）を指定できる．z オフセット n は 32bit に符号拡張されてからベースレジスタに加算される．z lw/sw 命令の対象番地は4の倍数，lh/sh 命令の対象番地は2の倍数でなければならない．（整列化制約）z lb/lh 命令では読み込むデータの符号拡張，lbu/lhu 命令ではゼロ拡張が行われる．
九州 :	名詞,固有名詞,地域,一般,*,*,九州,キュウシュウ,キューシュー	true	1
大学 :	名詞,一般,*,*,*,*,大学,ダイガク,ダイガク	true	1
工学部 :	名詞,一般,*,*,*,*,工学部,コウガクブ,コーガクブ	true	1
電気 :	名詞,一般,*,*,*,*,電気,デンキ,デンキ	true	1
情報 :	名詞,一般,*,*,*,*,情報,ジョウホウ,ジョーホー	true	1
工学 :	名詞,一般,*,*,*,*,工学,コウガク,コーガク	true	1
年度 :	名詞,接尾,助数詞,*,*,*,年度,ネンド,ネンド	true	1
データ :	名詞,一般,*,*,*,*,データ,データ,データ	true	1
転送 :	名詞,サ変接続,*,*,*,*,転送,テンソウ,テンソー	true	1
命令 :	名詞,サ変接続,*,*,*,*,命令,メイレイ,メイレイ	true	1
レジスタ :	名詞,一般,*,*,*,*,レジスタ,レジスタ,レジスタ	true	1
メモリ :	名詞,一般,*,*,*,*,メモリ,メモリ,メモリ	true	1
符号 :	名詞,一般,*,*,*,*,符号,フゴウ,フゴー	true	1
つき :	名詞,接尾,一般,*,*,*,つき,ツキ,ツキ	true	1
lw :	名詞,固有名詞,組織,*,*,*,*	false	1
$○, :	名詞,サ変接続,*,*,*,*,*	false	1
($△) :	名詞,サ変接続,*,*,*,*,*	false	1
（$△ :	名詞,サ変接続,*,*,*,*,*	false	1
番地 :	名詞,一般,*,*,*,*,番地,バンチ,バンチ	true	1
$○， :	名詞,サ変接続,*,*,*,*,*	false	1
ワード :	名詞,一般,*,*,*,*,ワード,ワード,ワード	true	1
bit :	名詞,固有名詞,組織,*,*,*,*	false	1
lh :	名詞,固有名詞,組織,*,*,*,*	false	1
$○, :	名詞,サ変接続,*,*,*,*,*	false	2
($△) :	名詞,サ変接続,*,*,*,*,*	false	2
（$△ :	名詞,サ変接続,*,*,*,*,*	false	2
番地 :	名詞,一般,*,*,*,*,番地,バンチ,バンチ	true	2
$○， :	名詞,サ変接続,*,*,*,*,*	false	2
ハーフ :	名詞,一般,*,*,*,*,ハーフ,ハーフ,ハーフ	true	1
ワード :	名詞,一般,*,*,*,*,ワード,ワード,ワード	true	2
bit :	名詞,固有名詞,組織,*,*,*,*	false	2
lhu :	名詞,固有名詞,組織,*,*,*,*	false	1
$○, :	名詞,サ変接続,*,*,*,*,*	false	3
($△) :	名詞,サ変接続,*,*,*,*,*	false	3
（$△ :	名詞,サ変接続,*,*,*,*,*	false	3
番地 :	名詞,一般,*,*,*,*,番地,バンチ,バンチ	true	3
$○， :	名詞,サ変接続,*,*,*,*,*	false	3
ハーフ :	名詞,一般,*,*,*,*,ハーフ,ハーフ,ハーフ	true	2
ワード :	名詞,一般,*,*,*,*,ワード,ワード,ワード	true	3
bit :	名詞,固有名詞,組織,*,*,*,*	false	3
lb :	名詞,固有名詞,組織,*,*,*,*	false	1
$○, :	名詞,サ変接続,*,*,*,*,*	false	4
($△) :	名詞,サ変接続,*,*,*,*,*	false	4
（$△ :	名詞,サ変接続,*,*,*,*,*	false	4
番地 :	名詞,一般,*,*,*,*,番地,バンチ,バンチ	true	4
$○， :	名詞,サ変接続,*,*,*,*,*	false	4
バイト :	名詞,一般,*,*,*,*,バイト,バイト,バイト	true	1
bit :	名詞,固有名詞,組織,*,*,*,*	false	4
lbu :	名詞,固有名詞,組織,*,*,*,*	false	1
$○, :	名詞,サ変接続,*,*,*,*,*	false	5
($△) :	名詞,サ変接続,*,*,*,*,*	false	5
（$△ :	名詞,サ変接続,*,*,*,*,*	false	5
番地 :	名詞,一般,*,*,*,*,番地,バンチ,バンチ	true	5
$○， :	名詞,サ変接続,*,*,*,*,*	false	5
バイト :	名詞,一般,*,*,*,*,バイト,バイト,バイト	true	2
bit :	名詞,固有名詞,組織,*,*,*,*	false	5
sw :	名詞,固有名詞,組織,*,*,*,*	false	1
$○, :	名詞,サ変接続,*,*,*,*,*	false	6
($△) :	名詞,サ変接続,*,*,*,*,*	false	6
$○ :	名詞,サ変接続,*,*,*,*,*	false	1
（$△ :	名詞,サ変接続,*,*,*,*,*	false	6
番地 :	名詞,一般,*,*,*,*,番地,バンチ,バンチ	true	6
ワード :	名詞,一般,*,*,*,*,ワード,ワード,ワード	true	4
bit :	名詞,固有名詞,組織,*,*,*,*	false	6
sh :	名詞,固有名詞,組織,*,*,*,*	false	1
$○, :	名詞,サ変接続,*,*,*,*,*	false	7
($△) :	名詞,サ変接続,*,*,*,*,*	false	7
$○ :	名詞,サ変接続,*,*,*,*,*	false	2
（$△ :	名詞,サ変接続,*,*,*,*,*	false	7
番地 :	名詞,一般,*,*,*,*,番地,バンチ,バンチ	true	7
ハーフ :	名詞,一般,*,*,*,*,ハーフ,ハーフ,ハーフ	true	3
ワード :	名詞,一般,*,*,*,*,ワード,ワード,ワード	true	5
bit :	名詞,固有名詞,組織,*,*,*,*	false	7
sb :	名詞,固有名詞,組織,*,*,*,*	false	1
$○, :	名詞,サ変接続,*,*,*,*,*	false	8
($△) :	名詞,サ変接続,*,*,*,*,*	false	8
$○ :	名詞,サ変接続,*,*,*,*,*	false	3
（$△ :	名詞,サ変接続,*,*,*,*,*	false	8
番地 :	名詞,一般,*,*,*,*,番地,バンチ,バンチ	true	8
バイト :	名詞,一般,*,*,*,*,バイト,バイト,バイト	true	3
bit :	名詞,固有名詞,組織,*,*,*,*	false	8
オフセット :	名詞,一般,*,*,*,*,オフセット,オフセット,オフセット	true	1
bit :	名詞,固有名詞,組織,*,*,*,*	false	9
補数 :	名詞,一般,*,*,*,*,補数,ホスウ,ホスー	true	1
表現 :	名詞,サ変接続,*,*,*,*,表現,ヒョウゲン,ヒョーゲン	true	1
整数 :	名詞,一般,*,*,*,*,整数,セイスウ,セイスー	true	1
（– :	名詞,サ変接続,*,*,*,*,*	false	1
指定 :	名詞,サ変接続,*,*,*,*,指定,シテイ,シテイ	true	1
オフセット :	名詞,一般,*,*,*,*,オフセット,オフセット,オフセット	true	2
bit :	名詞,固有名詞,組織,*,*,*,*	false	10
符号 :	名詞,一般,*,*,*,*,符号,フゴウ,フゴー	true	2
拡張 :	名詞,サ変接続,*,*,*,*,拡張,カクチョウ,カクチョー	true	1
ベース :	名詞,一般,*,*,*,*,ベース,ベース,ベース	true	1
レジスタ :	名詞,一般,*,*,*,*,レジスタ,レジスタ,レジスタ	true	2
加算 :	名詞,サ変接続,*,*,*,*,加算,カサン,カサン	true	1
lw :	名詞,固有名詞,組織,*,*,*,*	false	2
sw :	名詞,固有名詞,組織,*,*,*,*	false	2
命令 :	名詞,サ変接続,*,*,*,*,命令,メイレイ,メイレイ	true	2
対象 :	名詞,一般,*,*,*,*,対象,タイショウ,タイショー	true	1
番地 :	名詞,一般,*,*,*,*,番地,バンチ,バンチ	true	9
倍数 :	名詞,一般,*,*,*,*,倍数,バイスウ,バイスー	true	1
lh :	名詞,固有名詞,組織,*,*,*,*	false	2
sh :	名詞,固有名詞,組織,*,*,*,*	false	2
命令 :	名詞,サ変接続,*,*,*,*,命令,メイレイ,メイレイ	true	3
対象 :	名詞,一般,*,*,*,*,対象,タイショウ,タイショー	true	2
番地 :	名詞,一般,*,*,*,*,番地,バンチ,バンチ	true	10
倍数 :	名詞,一般,*,*,*,*,倍数,バイスウ,バイスー	true	2
整列 :	名詞,サ変接続,*,*,*,*,整列,セイレツ,セイレツ	true	1
制約 :	名詞,サ変接続,*,*,*,*,制約,セイヤク,セイヤク	true	1
lb :	名詞,固有名詞,組織,*,*,*,*	false	2
lh :	名詞,固有名詞,組織,*,*,*,*	false	3
命令 :	名詞,サ変接続,*,*,*,*,命令,メイレイ,メイレイ	true	4
データ :	名詞,一般,*,*,*,*,データ,データ,データ	true	2
符号 :	名詞,一般,*,*,*,*,符号,フゴウ,フゴー	true	3
拡張 :	名詞,サ変接続,*,*,*,*,拡張,カクチョウ,カクチョー	true	2
lbu :	名詞,固有名詞,組織,*,*,*,*	false	2
lhu :	名詞,固有名詞,組織,*,*,*,*	false	2
命令 :	名詞,サ変接続,*,*,*,*,命令,メイレイ,メイレイ	true	5
ゼロ :	名詞,数,*,*,*,*,ゼロ,ゼロ,ゼロ	true	1
拡張 :	名詞,サ変接続,*,*,*,*,拡張,カクチョウ,カクチョー	true	3
<slide page="17"><body><p>九州大学工学部電気情報工学科（2006年度）データ転送命令（２）lw/lh/lb/lhu/lbu/sw/sh/sb $○, n($△)zzzz$△abcd–32768 32767 +n a b c d$○lw/swX X a blh/sh0 0 a blhuX X X alb/sb0 0 0 albu</p></body></slide>
in Sheet Class, page: 17
title = ""
body = "<p>九州大学工学部電気情報工学科（2006年度）データ転送命令（２）lw/lh/lb/lhu/lbu/sw/sh/sb $○, n($△)zzzz$△abcd–32768 32767 +n a b c d$○lw/swX X a blh/sh0 0 a blhuX X X alb/sb0 0 0 albu</p>"
makeWordArrayJp
paragraph: 九州大学工学部電気情報工学科（2006年度）データ転送命令（２）lw/lh/lb/lhu/lbu/sw/sh/sb $○, n($△)zzzz$△abcd–32768 32767 +n a b c d$○lw/swX X a blh/sh0 0 a blhuX X X alb/sb0 0 0 albu
九州 :	名詞,固有名詞,地域,一般,*,*,九州,キュウシュウ,キューシュー	true	1
大学 :	名詞,一般,*,*,*,*,大学,ダイガク,ダイガク	true	1
工学部 :	名詞,一般,*,*,*,*,工学部,コウガクブ,コーガクブ	true	1
電気 :	名詞,一般,*,*,*,*,電気,デンキ,デンキ	true	1
情報 :	名詞,一般,*,*,*,*,情報,ジョウホウ,ジョーホー	true	1
工学 :	名詞,一般,*,*,*,*,工学,コウガク,コーガク	true	1
年度 :	名詞,接尾,助数詞,*,*,*,年度,ネンド,ネンド	true	1
データ :	名詞,一般,*,*,*,*,データ,データ,データ	true	1
転送 :	名詞,サ変接続,*,*,*,*,転送,テンソウ,テンソー	true	1
命令 :	名詞,サ変接続,*,*,*,*,命令,メイレイ,メイレイ	true	1
lw :	名詞,固有名詞,組織,*,*,*,*	false	1
lh :	名詞,一般,*,*,*,*,*	false	1
lb :	名詞,一般,*,*,*,*,*	false	1
lhu :	名詞,一般,*,*,*,*,*	false	1
lbu :	名詞,一般,*,*,*,*,*	false	1
sw :	名詞,一般,*,*,*,*,*	false	1
sh :	名詞,一般,*,*,*,*,*	false	1
sb :	名詞,固有名詞,組織,*,*,*,*	false	1
$○, :	名詞,サ変接続,*,*,*,*,*	false	1
($△) :	名詞,サ変接続,*,*,*,*,*	false	1
zzzz :	名詞,一般,*,*,*,*,*	false	1
$△ :	名詞,サ変接続,*,*,*,*,*	false	1
abcd :	名詞,一般,*,*,*,*,*	false	1
$○ :	名詞,サ変接続,*,*,*,*,*	false	1
lw :	名詞,一般,*,*,*,*,*	false	2
swX :	名詞,固有名詞,組織,*,*,*,*	false	1
blh :	名詞,固有名詞,組織,*,*,*,*	false	1
sh :	名詞,一般,*,*,*,*,*	false	2
blhuX :	名詞,固有名詞,組織,*,*,*,*	false	1
alb :	名詞,固有名詞,組織,*,*,*,*	false	1
sb :	名詞,一般,*,*,*,*,*	false	2
albu :	名詞,固有名詞,組織,*,*,*,*	false	1
<slide page="18"><body><p>九州大学工学部電気情報工学科（2006年度）データ転送命令（４）即値→レジスタn$○ 0000…0032bit 即値（nm）の転送lui $○, n # $○の上位 16bit に n を格納addi $○, m # $○の下位 16bit に m を格納（符号拡張あり）lui $○, n # $○の上位 16bit に n を格納ori $○, m # $○の下位 16bit に m を格納（符号拡張なし）lui $○, n # $○の上位 16bit に n を格納# $○の下位 16bit に 0 を格納</p></body></slide>
in Sheet Class, page: 18
title = ""
body = "<p>九州大学工学部電気情報工学科（2006年度）データ転送命令（４）即値→レジスタn$○ 0000…0032bit 即値（nm）の転送lui $○, n # $○の上位 16bit に n を格納addi $○, m # $○の下位 16bit に m を格納（符号拡張あり）lui $○, n # $○の上位 16bit に n を格納ori $○, m # $○の下位 16bit に m を格納（符号拡張なし）lui $○, n # $○の上位 16bit に n を格納# $○の下位 16bit に 0 を格納</p>"
makeWordArrayJp
paragraph: 九州大学工学部電気情報工学科（2006年度）データ転送命令（４）即値→レジスタn$○ 0000…0032bit 即値（nm）の転送lui $○, n # $○の上位 16bit に n を格納addi $○, m # $○の下位 16bit に m を格納（符号拡張あり）lui $○, n # $○の上位 16bit に n を格納ori $○, m # $○の下位 16bit に m を格納（符号拡張なし）lui $○, n # $○の上位 16bit に n を格納# $○の下位 16bit に 0 を格納
九州 :	名詞,固有名詞,地域,一般,*,*,九州,キュウシュウ,キューシュー	true	1
大学 :	名詞,一般,*,*,*,*,大学,ダイガク,ダイガク	true	1
工学部 :	名詞,一般,*,*,*,*,工学部,コウガクブ,コーガクブ	true	1
電気 :	名詞,一般,*,*,*,*,電気,デンキ,デンキ	true	1
情報 :	名詞,一般,*,*,*,*,情報,ジョウホウ,ジョーホー	true	1
工学 :	名詞,一般,*,*,*,*,工学,コウガク,コーガク	true	1
年度 :	名詞,接尾,助数詞,*,*,*,年度,ネンド,ネンド	true	1
データ :	名詞,一般,*,*,*,*,データ,データ,データ	true	1
転送 :	名詞,サ変接続,*,*,*,*,転送,テンソウ,テンソー	true	1
命令 :	名詞,サ変接続,*,*,*,*,命令,メイレイ,メイレイ	true	1
即値 :	名詞,一般,*,*,*,*,即値,ソクチ,ソクチ	true	1
レジスタ :	名詞,一般,*,*,*,*,レジスタ,レジスタ,レジスタ	true	1
$○ :	名詞,サ変接続,*,*,*,*,*	false	1
bit :	名詞,固有名詞,組織,*,*,*,*	false	1
即値 :	名詞,一般,*,*,*,*,即値,ソクチ,ソクチ	true	2
nm :	名詞,固有名詞,組織,*,*,*,*	false	1
転送 :	名詞,サ変接続,*,*,*,*,転送,テンソウ,テンソー	true	2
lui :	名詞,固有名詞,組織,*,*,*,*	false	1
$○, :	名詞,サ変接続,*,*,*,*,*	false	1
$○ :	名詞,サ変接続,*,*,*,*,*	false	2
上位 :	名詞,一般,*,*,*,*,上位,ジョウイ,ジョーイ	true	1
bit :	名詞,固有名詞,組織,*,*,*,*	false	2
格納 :	名詞,サ変接続,*,*,*,*,格納,カクノウ,カクノー	true	1
addi :	名詞,固有名詞,組織,*,*,*,*	false	1
$○, :	名詞,サ変接続,*,*,*,*,*	false	2
$○ :	名詞,サ変接続,*,*,*,*,*	false	3
下位 :	名詞,一般,*,*,*,*,下位,カイ,カイ	true	1
bit :	名詞,固有名詞,組織,*,*,*,*	false	3
格納 :	名詞,サ変接続,*,*,*,*,格納,カクノウ,カクノー	true	2
符号 :	名詞,一般,*,*,*,*,符号,フゴウ,フゴー	true	1
拡張 :	名詞,サ変接続,*,*,*,*,拡張,カクチョウ,カクチョー	true	1
lui :	名詞,固有名詞,組織,*,*,*,*	false	2
$○, :	名詞,サ変接続,*,*,*,*,*	false	3
$○ :	名詞,サ変接続,*,*,*,*,*	false	4
上位 :	名詞,一般,*,*,*,*,上位,ジョウイ,ジョーイ	true	2
bit :	名詞,固有名詞,組織,*,*,*,*	false	4
格納 :	名詞,サ変接続,*,*,*,*,格納,カクノウ,カクノー	true	3
ori :	名詞,固有名詞,組織,*,*,*,*	false	1
$○, :	名詞,サ変接続,*,*,*,*,*	false	4
$○ :	名詞,サ変接続,*,*,*,*,*	false	5
下位 :	名詞,一般,*,*,*,*,下位,カイ,カイ	true	2
bit :	名詞,固有名詞,組織,*,*,*,*	false	5
格納 :	名詞,サ変接続,*,*,*,*,格納,カクノウ,カクノー	true	4
符号 :	名詞,一般,*,*,*,*,符号,フゴウ,フゴー	true	2
拡張 :	名詞,サ変接続,*,*,*,*,拡張,カクチョウ,カクチョー	true	2
lui :	名詞,固有名詞,組織,*,*,*,*	false	3
$○, :	名詞,サ変接続,*,*,*,*,*	false	5
$○ :	名詞,サ変接続,*,*,*,*,*	false	6
上位 :	名詞,一般,*,*,*,*,上位,ジョウイ,ジョーイ	true	3
bit :	名詞,固有名詞,組織,*,*,*,*	false	6
格納 :	名詞,サ変接続,*,*,*,*,格納,カクノウ,カクノー	true	5
$○ :	名詞,サ変接続,*,*,*,*,*	false	7
下位 :	名詞,一般,*,*,*,*,下位,カイ,カイ	true	3
bit :	名詞,固有名詞,組織,*,*,*,*	false	7
格納 :	名詞,サ変接続,*,*,*,*,格納,カクノウ,カクノー	true	6
<slide page="19"><body><p>九州大学工学部電気情報工学科（2006年度）分岐命令（１）j Label # Label に無条件分岐jal Label # Label に無条件分岐（関数呼出用）jr $○ # $○の番地に無条件分岐beq $△, $□, Label # $△ = $□ ならば Label に分岐bne $△, $□, Label # $△ ≠ $□ ならば Label に分岐z 命令によってジャンプできる範囲に違いがある．¾j, jal（J形式）：擬似直接アドレシング¾jr（R形式）：レジスタ値をそのままPCに設定¾beq, bne（I形式）：PC相対アドレシング</p></body></slide>
in Sheet Class, page: 19
title = ""
body = "<p>九州大学工学部電気情報工学科（2006年度）分岐命令（１）j Label # Label に無条件分岐jal Label # Label に無条件分岐（関数呼出用）jr $○ # $○の番地に無条件分岐beq $△, $□, Label # $△ = $□ ならば Label に分岐bne $△, $□, Label # $△ ≠ $□ ならば Label に分岐z 命令によってジャンプできる範囲に違いがある．¾j, jal（J形式）：擬似直接アドレシング¾jr（R形式）：レジスタ値をそのままPCに設定¾beq, bne（I形式）：PC相対アドレシング</p>"
makeWordArrayJp
paragraph: 九州大学工学部電気情報工学科（2006年度）分岐命令（１）j Label # Label に無条件分岐jal Label # Label に無条件分岐（関数呼出用）jr $○ # $○の番地に無条件分岐beq $△, $□, Label # $△ = $□ ならば Label に分岐bne $△, $□, Label # $△ ≠ $□ ならば Label に分岐z 命令によってジャンプできる範囲に違いがある．¾j, jal（J形式）：擬似直接アドレシング¾jr（R形式）：レジスタ値をそのままPCに設定¾beq, bne（I形式）：PC相対アドレシング
九州 :	名詞,固有名詞,地域,一般,*,*,九州,キュウシュウ,キューシュー	true	1
大学 :	名詞,一般,*,*,*,*,大学,ダイガク,ダイガク	true	1
工学部 :	名詞,一般,*,*,*,*,工学部,コウガクブ,コーガクブ	true	1
電気 :	名詞,一般,*,*,*,*,電気,デンキ,デンキ	true	1
情報 :	名詞,一般,*,*,*,*,情報,ジョウホウ,ジョーホー	true	1
工学 :	名詞,一般,*,*,*,*,工学,コウガク,コーガク	true	1
年度 :	名詞,接尾,助数詞,*,*,*,年度,ネンド,ネンド	true	1
分岐 :	名詞,サ変接続,*,*,*,*,分岐,ブンキ,ブンキ	true	1
命令 :	名詞,サ変接続,*,*,*,*,命令,メイレイ,メイレイ	true	1
Label :	名詞,固有名詞,組織,*,*,*,*	false	1
Label :	名詞,固有名詞,組織,*,*,*,*	false	2
条件 :	名詞,一般,*,*,*,*,条件,ジョウケン,ジョーケン	true	1
分岐 :	名詞,サ変接続,*,*,*,*,分岐,ブンキ,ブンキ	true	2
jal :	名詞,固有名詞,組織,*,*,*,*	false	1
Label :	名詞,固有名詞,組織,*,*,*,*	false	3
Label :	名詞,固有名詞,組織,*,*,*,*	false	4
条件 :	名詞,一般,*,*,*,*,条件,ジョウケン,ジョーケン	true	2
分岐 :	名詞,サ変接続,*,*,*,*,分岐,ブンキ,ブンキ	true	3
関数 :	名詞,一般,*,*,*,*,関数,カンスウ,カンスー	true	1
呼出 :	名詞,一般,*,*,*,*,呼出,ヨビダシ,ヨビダシ	true	1
jr :	名詞,固有名詞,組織,*,*,*,*	false	1
$○ :	名詞,サ変接続,*,*,*,*,*	false	1
$○ :	名詞,サ変接続,*,*,*,*,*	false	2
番地 :	名詞,一般,*,*,*,*,番地,バンチ,バンチ	true	1
条件 :	名詞,一般,*,*,*,*,条件,ジョウケン,ジョーケン	true	3
分岐 :	名詞,サ変接続,*,*,*,*,分岐,ブンキ,ブンキ	true	4
beq :	名詞,固有名詞,組織,*,*,*,*	false	1
$△, :	名詞,サ変接続,*,*,*,*,*	false	1
$□, :	名詞,サ変接続,*,*,*,*,*	false	1
Label :	名詞,固有名詞,組織,*,*,*,*	false	5
$△ :	名詞,サ変接続,*,*,*,*,*	false	1
$□ :	名詞,サ変接続,*,*,*,*,*	false	1
Label :	名詞,固有名詞,組織,*,*,*,*	false	6
分岐 :	名詞,サ変接続,*,*,*,*,分岐,ブンキ,ブンキ	true	5
bne :	名詞,固有名詞,組織,*,*,*,*	false	1
$△, :	名詞,サ変接続,*,*,*,*,*	false	2
$□, :	名詞,サ変接続,*,*,*,*,*	false	2
Label :	名詞,固有名詞,組織,*,*,*,*	false	7
$△ :	名詞,サ変接続,*,*,*,*,*	false	2
$□ :	名詞,サ変接続,*,*,*,*,*	false	2
Label :	名詞,固有名詞,組織,*,*,*,*	false	8
分岐 :	名詞,サ変接続,*,*,*,*,分岐,ブンキ,ブンキ	true	6
命令 :	名詞,サ変接続,*,*,*,*,命令,メイレイ,メイレイ	true	2
ジャンプ :	名詞,サ変接続,*,*,*,*,ジャンプ,ジャンプ,ジャンプ	true	1
範囲 :	名詞,一般,*,*,*,*,範囲,ハンイ,ハンイ	true	1
違い :	名詞,ナイ形容詞語幹,*,*,*,*,違い,チガイ,チガイ	true	1
jal :	名詞,固有名詞,組織,*,*,*,*	false	2
形式 :	名詞,一般,*,*,*,*,形式,ケイシキ,ケイシキ	true	1
擬似 :	名詞,一般,*,*,*,*,擬似,ギジ,ギジ	true	1
直接 :	名詞,副詞可能,*,*,*,*,直接,チョクセツ,チョクセツ	true	1
アドレシング :	名詞,一般,*,*,*,*,アドレシング,アドレシング,アドレシング	true	1
jr :	名詞,一般,*,*,*,*,*	false	2
形式 :	名詞,一般,*,*,*,*,形式,ケイシキ,ケイシキ	true	2
レジスタ :	名詞,一般,*,*,*,*,レジスタ,レジスタ,レジスタ	true	1
PC :	名詞,一般,*,*,*,*,*	false	1
設定 :	名詞,サ変接続,*,*,*,*,設定,セッテイ,セッテイ	true	1
beq :	名詞,一般,*,*,*,*,*	false	2
bne :	名詞,固有名詞,組織,*,*,*,*	false	2
形式 :	名詞,一般,*,*,*,*,形式,ケイシキ,ケイシキ	true	3
PC :	名詞,固有名詞,組織,*,*,*,*	false	2
相対 :	名詞,一般,*,*,*,*,相対,ソウタイ,ソータイ	true	1
アドレシング :	名詞,一般,*,*,*,*,アドレシング,アドレシング,アドレシング	true	2
<slide page="20"><body><p>九州大学工学部電気情報工学科（2006年度）分岐命令の守備範囲0000000010000000200000003000000040000000500000006000000070000000D0000000E0000000F0000000JR命令は全域PCPC相対アドレシング（PCを中心に 218 番地の範囲）擬似直接アドレシング（PCを含むに 228 番地分のページ）</p></body></slide>
in Sheet Class, page: 20
title = ""
body = "<p>九州大学工学部電気情報工学科（2006年度）分岐命令の守備範囲0000000010000000200000003000000040000000500000006000000070000000D0000000E0000000F0000000JR命令は全域PCPC相対アドレシング（PCを中心に 218 番地の範囲）擬似直接アドレシング（PCを含むに 228 番地分のページ）</p>"
makeWordArrayJp
paragraph: 九州大学工学部電気情報工学科（2006年度）分岐命令の守備範囲0000000010000000200000003000000040000000500000006000000070000000D0000000E0000000F0000000JR命令は全域PCPC相対アドレシング（PCを中心に 218 番地の範囲）擬似直接アドレシング（PCを含むに 228 番地分のページ）
九州 :	名詞,固有名詞,地域,一般,*,*,九州,キュウシュウ,キューシュー	true	1
大学 :	名詞,一般,*,*,*,*,大学,ダイガク,ダイガク	true	1
工学部 :	名詞,一般,*,*,*,*,工学部,コウガクブ,コーガクブ	true	1
電気 :	名詞,一般,*,*,*,*,電気,デンキ,デンキ	true	1
情報 :	名詞,一般,*,*,*,*,情報,ジョウホウ,ジョーホー	true	1
工学 :	名詞,一般,*,*,*,*,工学,コウガク,コーガク	true	1
年度 :	名詞,接尾,助数詞,*,*,*,年度,ネンド,ネンド	true	1
分岐 :	名詞,サ変接続,*,*,*,*,分岐,ブンキ,ブンキ	true	1
命令 :	名詞,サ変接続,*,*,*,*,命令,メイレイ,メイレイ	true	1
守備 :	名詞,サ変接続,*,*,*,*,守備,シュビ,シュビ	true	1
範囲 :	名詞,一般,*,*,*,*,範囲,ハンイ,ハンイ	true	1
JR :	名詞,一般,*,*,*,*,*	false	1
命令 :	名詞,サ変接続,*,*,*,*,命令,メイレイ,メイレイ	true	2
全域 :	名詞,一般,*,*,*,*,全域,ゼンイキ,ゼンイキ	true	1
PCPC :	名詞,一般,*,*,*,*,*	false	1
相対 :	名詞,一般,*,*,*,*,相対,ソウタイ,ソータイ	true	1
アドレシング :	名詞,一般,*,*,*,*,アドレシング,アドレシング,アドレシング	true	1
PC :	名詞,一般,*,*,*,*,*	false	1
中心 :	名詞,一般,*,*,*,*,中心,チュウシン,チューシン	true	1
番地 :	名詞,一般,*,*,*,*,番地,バンチ,バンチ	true	1
範囲 :	名詞,一般,*,*,*,*,範囲,ハンイ,ハンイ	true	2
擬似 :	名詞,一般,*,*,*,*,擬似,ギジ,ギジ	true	1
直接 :	名詞,副詞可能,*,*,*,*,直接,チョクセツ,チョクセツ	true	1
アドレシング :	名詞,一般,*,*,*,*,アドレシング,アドレシング,アドレシング	true	2
PC :	名詞,一般,*,*,*,*,*	false	2
番地 :	名詞,一般,*,*,*,*,番地,バンチ,バンチ	true	2
ページ :	名詞,一般,*,*,*,*,ページ,ページ,ページ	true	1
