オーバーフロー(2)
ハーフワード(1)
命令セット(1)
符号拡張(4)
プログラムカウンタ(1)
データ転送(4)
分岐命令(4)
情報工学(19)
シフト演算(2)
論理演算(3)
条件分岐(2)
九州大学(19)
ビットシフト(2)
{ 1 } { 2 } { 3 } { 4 } { 5 } { 6 } { 7 } { 8 } { 9 } { 10 } { 11 } { 12 } { 13 } { 14 } { 15 } { 16 } { 17 } { 18 } { 19 } { 20 } 
Segment{ 2 }, Segment{ 3 }
コサイン類似度: 0.01649445521820447
Segment{ 3 }, Segment{ 4 }
コサイン類似度: 0.009563340650371673
Segment{ 4 }, Segment{ 5 }
コサイン類似度: 3.01130067616066E-4
Segment{ 5 }, Segment{ 6 }
コサイン類似度: 0.031487957882621556
Segment{ 6 }, Segment{ 7 }
コサイン類似度: 0.02581262276513165
Segment{ 7 }, Segment{ 8 }
コサイン類似度: 0.02581262276513165
Segment{ 8 }, Segment{ 9 }
コサイン類似度: 0.9999999999999999
Segment{ 9 }, Segment{ 10 }
コサイン類似度: 0.022529996059302587
Segment{ 10 }, Segment{ 11 }
コサイン類似度: 8.608444025364922E-4
Segment{ 11 }, Segment{ 12 }
コサイン類似度: 1.0
Segment{ 12 }, Segment{ 13 }
コサイン類似度: 0.038208812832040036
Segment{ 13 }, Segment{ 14 }
コサイン類似度: 0.014087430995164204
Segment{ 14 }, Segment{ 15 }
コサイン類似度: 0.9486676215889769
Segment{ 15 }, Segment{ 16 }
コサイン類似度: 1.668713385110487E-4
Segment{ 16 }, Segment{ 17 }
コサイン類似度: 0.16641171039483385
Segment{ 17 }, Segment{ 18 }
コサイン類似度: 0.4475766944848584
Segment{ 18 }, Segment{ 19 }
コサイン類似度: 2.0609393575102841E-4
Segment{ 19 }, Segment{ 20 }
コサイン類似度: 0.2271309760163937
オーバーフロー(2)
ハーフワード(1)
命令セット(1)
符号拡張(4)
プログラムカウンタ(1)
データ転送(4)
分岐命令(4)
情報工学(18)
シフト演算(2)
論理演算(2)
条件分岐(2)
九州大学(18)
ビットシフト(2)
{ 1 } { 2 } { 3 } { 4 } { 5 } { 6 } { 7 } { 8 } { 9 } { 10 } { 11 12 } { 13 } { 14 } { 15 } { 16 } { 17 } { 18 } { 19 } { 20 } 
Segment{ 2 }, Segment{ 3 }
コサイン類似度: 0.017831819702451228
Segment{ 3 }, Segment{ 4 }
コサイン類似度: 0.009761178880497866
Segment{ 4 }, Segment{ 5 }
コサイン類似度: 3.313364276220116E-4
Segment{ 5 }, Segment{ 6 }
コサイン類似度: 0.03394430444093162
Segment{ 6 }, Segment{ 7 }
コサイン類似度: 0.027916515821742205
Segment{ 7 }, Segment{ 8 }
コサイン類似度: 0.027916515821742205
Segment{ 8 }, Segment{ 9 }
コサイン類似度: 1.0
Segment{ 9 }, Segment{ 10 }
コサイン類似度: 0.024529042579887732
Segment{ 10 }, Segment{ 11 12 }
コサイン類似度: 8.326212889762838E-4
Segment{ 11 12 }, Segment{ 13 }
コサイン類似度: 0.03394430444093162
Segment{ 13 }, Segment{ 14 }
コサイン類似度: 0.015187355694038793
Segment{ 14 }, Segment{ 15 }
コサイン類似度: 0.9486650804545598
Segment{ 15 }, Segment{ 16 }
コサイン類似度: 1.9332555549884755E-4
Segment{ 16 }, Segment{ 17 }
コサイン類似度: 0.1642832265207566
Segment{ 17 }, Segment{ 18 }
コサイン類似度: 0.44764396305342713
Segment{ 18 }, Segment{ 19 }
コサイン類似度: 2.4202536303081804E-4
Segment{ 19 }, Segment{ 20 }
コサイン類似度: 0.2250557778713767
オーバーフロー(2)
ハーフワード(1)
命令セット(1)
符号拡張(4)
プログラムカウンタ(1)
データ転送(4)
分岐命令(4)
情報工学(17)
シフト演算(2)
論理演算(2)
条件分岐(2)
九州大学(17)
ビットシフト(2)
{ 1 } { 2 } { 3 } { 4 } { 5 } { 6 } { 7 } { 8 9 } { 10 } { 11 12 } { 13 } { 14 } { 15 } { 16 } { 17 } { 18 } { 19 } { 20 } 
Segment{ 2 }, Segment{ 3 }
コサイン類似度: 0.01937307436753767
Segment{ 3 }, Segment{ 4 }
コサイン類似度: 0.010587215930325805
Segment{ 4 }, Segment{ 5 }
コサイン類似度: 3.892322261999253E-4
Segment{ 5 }, Segment{ 6 }
コサイン類似度: 0.03676436078771348
Segment{ 6 }, Segment{ 7 }
コサイン類似度: 0.030343847758186493
Segment{ 7 }, Segment{ 8 9 }
コサイン類似度: 0.030343847758186493
Segment{ 8 9 }, Segment{ 10 }
コサイン類似度: 0.026861993715022372
Segment{ 10 }, Segment{ 11 12 }
コサイン類似度: 9.87564028416374E-4
Segment{ 11 12 }, Segment{ 13 }
コサイン類似度: 0.03676436078771348
Segment{ 13 }, Segment{ 14 }
コサイン類似度: 0.016450418253698675
Segment{ 14 }, Segment{ 15 }
コサイン類似度: 0.9486619278294273
Segment{ 15 }, Segment{ 16 }
コサイン類似度: 2.2601165013727963E-4
Segment{ 16 }, Segment{ 17 }
コサイン類似度: 0.16194715265434276
Segment{ 17 }, Segment{ 18 }
コサイン類似度: 0.4477296833424939
Segment{ 18 }, Segment{ 19 }
コサイン類似度: 2.8725105981276285E-4
Segment{ 19 }, Segment{ 20 }
コサイン類似度: 0.22276572744559522
オーバーフロー(2)
ハーフワード(1)
命令セット(1)
符号拡張(4)
プログラムカウンタ(1)
データ転送(4)
分岐命令(4)
情報工学(16)
シフト演算(1)
論理演算(2)
条件分岐(2)
九州大学(16)
ビットシフト(1)
{ 1 } { 2 } { 3 } { 4 } { 5 } { 6 } { 7 } { 8 9 } { 10 } { 11 12 } { 13 } { 14 15 } { 16 } { 17 } { 18 } { 19 } { 20 } 
Segment{ 2 }, Segment{ 3 }
コサイン類似度: 0.021165392889349165
Segment{ 3 }, Segment{ 4 }
コサイン類似度: 0.011545831054602235
Segment{ 4 }, Segment{ 5 }
コサイン類似度: 4.621828191896901E-4
Segment{ 5 }, Segment{ 6 }
コサイン類似度: 0.04003027733594467
Segment{ 6 }, Segment{ 7 }
コサイン類似度: 0.033170310078668976
Segment{ 7 }, Segment{ 8 9 }
コサイン類似度: 0.033170310078668976
Segment{ 8 9 }, Segment{ 10 }
コサイン類似度: 0.029614152529645933
Segment{ 10 }, Segment{ 11 12 }
コサイン類似度: 0.001185462738830694
Segment{ 11 12 }, Segment{ 13 }
コサイン類似度: 0.04003027733594467
Segment{ 13 }, Segment{ 14 15 }
コサイン類似度: 0.01678347575104718
Segment{ 14 15 }, Segment{ 16 }
コサイン類似度: 1.5821331660941166E-4
Segment{ 16 }, Segment{ 17 }
コサイン類似度: 0.1593684642353047
Segment{ 17 }, Segment{ 18 }
コサイン類似度: 0.44784079448457126
Segment{ 18 }, Segment{ 19 }
コサイン類似度: 3.4506653407931977E-4
Segment{ 19 }, Segment{ 20 }
コサイン類似度: 0.22022250923416456
オーバーフロー(2)
ハーフワード(1)
命令セット(1)
符号拡張(4)
プログラムカウンタ(1)
データ転送(3)
分岐命令(4)
情報工学(15)
シフト演算(1)
論理演算(2)
条件分岐(2)
九州大学(15)
ビットシフト(1)
{ 1 } { 2 } { 3 } { 4 } { 5 } { 6 } { 7 } { 8 9 } { 10 } { 11 12 } { 13 } { 14 15 } { 16 } { 17 18 } { 19 } { 20 } 
Segment{ 2 }, Segment{ 3 }
コサイン類似度: 0.023271047416792486
Segment{ 3 }, Segment{ 4 }
コサイン類似度: 0.012563453020839397
Segment{ 4 }, Segment{ 5 }
コサイン類似度: 5.509071065535097E-4
Segment{ 5 }, Segment{ 6 }
コサイン類似度: 0.04384997545178882
Segment{ 6 }, Segment{ 7 }
コサイン類似度: 0.03649618282530993
Segment{ 7 }, Segment{ 8 9 }
コサイン類似度: 0.03649618282530993
Segment{ 8 9 }, Segment{ 10 }
コサイン類似度: 0.032901323354805945
Segment{ 10 }, Segment{ 11 12 }
コサイン類似度: 0.0014427222214396071
Segment{ 11 12 }, Segment{ 13 }
コサイン類似度: 0.04384997545178882
Segment{ 13 }, Segment{ 14 15 }
コサイン類似度: 0.018257212973088105
Segment{ 14 15 }, Segment{ 16 }
コサイン類似度: 1.866747696985043E-4
Segment{ 16 }, Segment{ 17 18 }
コサイン類似度: 0.3426666812317365
Segment{ 17 18 }, Segment{ 19 }
コサイン類似度: 5.991710885343745E-4
Segment{ 19 }, Segment{ 20 }
コサイン類似度: 0.2173779417562072
オーバーフロー(2)
ハーフワード(1)
命令セット(1)
符号拡張(3)
プログラムカウンタ(1)
データ転送(2)
分岐命令(4)
情報工学(14)
シフト演算(1)
論理演算(2)
条件分岐(2)
九州大学(14)
ビットシフト(1)
{ 1 } { 2 } { 3 } { 4 } { 5 } { 6 } { 7 } { 8 9 } { 10 } { 11 12 } { 13 } { 14 15 } { 16 17 18 } { 19 } { 20 } 
Segment{ 2 }, Segment{ 3 }
コサイン類似度: 0.02577376056578146
Segment{ 3 }, Segment{ 4 }
コサイン類似度: 0.013680108923170857
Segment{ 4 }, Segment{ 5 }
コサイン類似度: 6.616769814967442E-4
Segment{ 5 }, Segment{ 6 }
コサイン類似度: 0.04836781528661812
Segment{ 6 }, Segment{ 7 }
コサイン類似度: 0.03780886947183666
Segment{ 7 }, Segment{ 8 9 }
コサイン類似度: 0.03780886947183666
Segment{ 8 9 }, Segment{ 10 }
コサイン類似度: 0.030298112088773782
Segment{ 10 }, Segment{ 11 12 }
コサイン類似度: 0.0014654534890430615
Segment{ 11 12 }, Segment{ 13 }
コサイン類似度: 0.04836781528661812
Segment{ 13 }, Segment{ 14 15 }
コサイン類似度: 0.019981777057106936
Segment{ 16 17 18 }, Segment{ 19 }
コサイン類似度: 3.8450368900080987E-4
Segment{ 19 }, Segment{ 20 }
コサイン類似度: 0.21417062346869853
オーバーフロー(2)
ハーフワード(1)
命令セット(1)
符号拡張(3)
プログラムカウンタ(1)
データ転送(2)
分岐命令(3)
情報工学(13)
シフト演算(1)
論理演算(2)
条件分岐(2)
九州大学(13)
ビットシフト(1)
{ 1 } { 2 } { 3 } { 4 } { 5 } { 6 } { 7 } { 8 9 } { 10 } { 11 12 } { 13 } { 14 15 } { 16 17 18 } { 19 20 } 
Segment{ 2 }, Segment{ 3 }
コサイン類似度: 0.025826538765130354
Segment{ 3 }, Segment{ 4 }
コサイン類似度: 0.014741239585921329
Segment{ 4 }, Segment{ 5 }
コサイン類似度: 7.927973051457433E-4
Segment{ 5 }, Segment{ 6 }
コサイン類似度: 0.053780911742517715
Segment{ 6 }, Segment{ 7 }
コサイン類似度: 0.04219092068120805
Segment{ 7 }, Segment{ 8 9 }
コサイン類似度: 0.04219092068120805
Segment{ 8 9 }, Segment{ 10 }
コサイン類似度: 0.03399793869538711
Segment{ 10 }, Segment{ 11 12 }
コサイン類似度: 0.0018284401404041418
Segment{ 11 12 }, Segment{ 13 }
コサイン類似度: 0.05378091174251772
Segment{ 13 }, Segment{ 14 15 }
コサイン類似度: 0.022023385150200653
オーバーフロー(2)
ハーフワード(1)
命令セット(1)
符号拡張(3)
プログラムカウンタ(1)
データ転送(2)
分岐命令(3)
情報工学(12)
シフト演算(1)
論理演算(2)
条件分岐(2)
九州大学(12)
ビットシフト(1)
{ 1 } { 2 } { 3 } { 4 } { 5 } { 6 } { 7 } { 8 9 } { 10 } { 11 12 13 } { 14 15 } { 16 17 18 } { 19 20 } 
Segment{ 2 }, Segment{ 3 }
コサイン類似度: 0.029041844666901084
Segment{ 3 }, Segment{ 4 }
コサイン類似度: 0.01656004189678237
Segment{ 4 }, Segment{ 5 }
コサイン類似度: 9.996444088561888E-4
Segment{ 5 }, Segment{ 6 }
コサイン類似度: 0.060364847811793305
Segment{ 6 }, Segment{ 7 }
コサイン類似度: 0.0475527278032182
Segment{ 7 }, Segment{ 8 9 }
コサイン類似度: 0.0475527278032182
Segment{ 8 9 }, Segment{ 10 }
コサイン類似度: 0.03857000378186114
Segment{ 10 }, Segment{ 11 12 13 }
コサイン類似度: 0.0034844819065536145
オーバーフロー(2)
ハーフワード(1)
命令セット(1)
符号拡張(3)
プログラムカウンタ(1)
データ転送(2)
分岐命令(3)
情報工学(11)
シフト演算(1)
論理演算(2)
条件分岐(2)
九州大学(11)
ビットシフト(1)
{ 1 } { 2 } { 3 } { 4 } { 5 6 } { 7 } { 8 9 } { 10 } { 11 12 13 } { 14 15 } { 16 17 18 } { 19 20 } 
Segment{ 2 }, Segment{ 3 }
コサイン類似度: 0.03303245702785536
Segment{ 3 }, Segment{ 4 }
コサイン類似度: 0.018815575616240875
Segment{ 4 }, Segment{ 5 6 }
コサイン類似度: 0.0025603555254513294
Segment{ 5 6 }, Segment{ 7 }
コサイン類似度: 0.7897807947158351
Segment{ 7 }, Segment{ 8 9 }
コサイン類似度: 0.054237409197052874
Segment{ 8 9 }, Segment{ 10 }
コサイン類似度: 0.04433822285357041
Segment{ 10 }, Segment{ 11 12 13 }
コサイン類似度: 0.004543479836112247
オーバーフロー(1)
ハーフワード(1)
命令セット(1)
符号拡張(3)
プログラムカウンタ(1)
データ転送(2)
分岐命令(3)
情報工学(10)
シフト演算(1)
論理演算(2)
条件分岐(2)
九州大学(10)
ビットシフト(1)
{ 1 } { 2 } { 3 } { 4 } { 5 6 7 } { 8 9 } { 10 } { 11 12 13 } { 14 15 } { 16 17 18 } { 19 20 } 
Segment{ 2 }, Segment{ 3 }
コサイン類似度: 0.038092673808333075
Segment{ 3 }, Segment{ 4 }
コサイン類似度: 0.021673691959438343
Segment{ 4 }, Segment{ 5 6 7 }
コサイン類似度: 0.0017580623298576153
Segment{ 8 9 }, Segment{ 10 }
コサイン類似度: 0.05180087303260895
Segment{ 10 }, Segment{ 11 12 13 }
コサイン類似度: 0.006100835297614637
オーバーフロー(1)
ハーフワード(1)
命令セット(1)
符号拡張(3)
プログラムカウンタ(1)
データ転送(2)
分岐命令(3)
情報工学(9)
シフト演算(1)
論理演算(2)
条件分岐(2)
九州大学(9)
ビットシフト(1)
{ 1 } { 2 } { 3 } { 4 } { 5 6 7 } { 8 9 10 } { 11 12 13 } { 14 15 } { 16 17 18 } { 19 20 } 
Segment{ 2 }, Segment{ 3 }
コサイン類似度: 0.04467818754757894
Segment{ 3 }, Segment{ 4 }
コサイン類似度: 0.02539179336730158
Segment{ 4 }, Segment{ 5 6 7 }
コサイン類似度: 0.0023740961280593917
オーバーフロー(1)
ハーフワード(1)
命令セット(1)
符号拡張(3)
プログラムカウンタ(1)
データ転送(2)
分岐命令(3)
情報工学(8)
シフト演算(1)
論理演算(2)
条件分岐(2)
九州大学(8)
ビットシフト(1)
{ 1 } { 2 3 } { 4 } { 5 6 7 } { 8 9 10 } { 11 12 13 } { 14 15 } { 16 17 18 } { 19 20 } 
Segment{ 2 3 }, Segment{ 4 }
コサイン類似度: 0.2850790607331608
Segment{ 4 }, Segment{ 5 6 7 }
コサイン類似度: 0.0033323086340600852
オーバーフロー(1)
ハーフワード(1)
命令セット(1)
符号拡張(3)
プログラムカウンタ(1)
データ転送(2)
分岐命令(2)
情報工学(7)
シフト演算(1)
九州大学(7)
条件分岐(2)
論理演算(2)
ビットシフト(1)
{ 1 } { 2 3 4 } { 5 6 7 } { 8 9 10 } { 11 12 13 } { 14 15 } { 16 17 18 } { 19 20 } 
守備(1)
構成(1)
$○，(1)
番地(3)
フィールド(1)
functadd(1)
andi(1)
戻り(1)
bitJ(1)
bitI(1)
fp(1)
代用(1)
bitR(1)
ハーフ(1)
subiu(1)
形式(4)
bit(5)
immediateaddi(1)
左右(2)
ストア(1)
まとめ(1)
フロー(1)
転送(2)
（$△(1)
発生(1)
工学(7)
破壊(1)
論理(3)
ごと(2)
とき(2)
フレーム(1)
カウンタ(1)
算術(3)
～$(1)
blh(1)
アドレシング(1)
擬似(1)
Label(1)
違い(1)
加減算(3)
関数(2)
定数(4)
番号(1)
ゼロ(2)
オーバー(1)
sltu(1)
シフト(3)
全域(1)
jal(1)
ロード(1)
ジャンプ(1)
slti(1)
指定(2)
sw(1)
こと(1)
sp(1)
sh(1)
bne(1)
and(1)
オペランド(3)
sb(1)
レジスタ(6)
rs(3)
rt(3)
sub(1)
計算(1)
出力(1)
範囲(1)
（&）：(1)
存在(1)
rd(2)
符号(4)
）¾(1)
場合(1)
ra(1)
つき(3)
$○(5)
結果(2)
制約(1)
abcd(1)
プログラム(1)
不可(1)
xor(1)
一時(1)
functR(1)
データ(2)
工学部(7)
alb(1)
$□,(1)
判別(1)
対象(1)
immediate(2)
swX(1)
直接(1)
倍数(1)
$△(5)
$△,(4)
lbu(1)
演算(3)
整数(3)
lhu(1)
コード(1)
MIPS(2)
zero(1)
命令(7)
引数(1)
naddiu(1)
xori(1)
lui(1)
op(3)
or(1)
$○,(4)
オフセット(1)
相対(1)
メモリ(2)
$□(4)
NA(1)
)$(2)
統一(1)
lw(1)
ori(2)
設定(1)
srl(1)
($△)(1)
shamt(2)
zzzz(1)
sltiu(1)
sra(1)
addiu(1)
整列(1)
電気(7)
加算(2)
破棄(1)
格納(3)
ゲート(1)
年度(7)
実行(1)
補填(1)
後述(1)
補数(3)
セット(1)
中心(1)
PC(2)
nm(1)
sll(1)
ベース(1)
jr(1)
slt(1)
用途(1)
（∵(1)
拡張(4)
呼出(2)
addu(1)
addi(3)
更新(1)
大学(7)
AND(1)
下位(1)
振る舞い(1)
比較(2)
操作(1)
ABYAND(1)
albu(1)
ワード(1)
PCPC(1)
不要(1)
+)$(1)
beq(1)
九州(7)
lh(1)
スタックポインタ(1)
バイト(1)
上位(2)
lb(1)
変数(1)
（–(2)
分岐(2)
ビット(2)
add(1)
subi(1)
JR(1)
保存(1)
subu(1)
即値(3)
functop(1)
情報(7)
ポインタ(1)
教科書(1)
条件(2)
種類(1)
表現(3)
address(2)
ページ(1)
入力(1)
blhuX(1)
全て(1)
{ 1 } { 2 3 4 } { 5 6 7 } { 8 9 10 } { 11 12 13 } { 14 15 } { 16 17 18 } { 19 20 } 
守備(1)
構成(1)
$○，(1)
番地(3)
フィールド(1)
functadd(1)
andi(1)
戻り(1)
bitJ(1)
bitI(1)
fp(1)
代用(1)
bitR(1)
ハーフ(1)
subiu(1)
形式(4)
bit(5)
immediateaddi(1)
左右(2)
ストア(1)
まとめ(1)
フロー(1)
転送(2)
（$△(1)
発生(1)
工学(7)
破壊(1)
論理(3)
ごと(2)
とき(2)
フレーム(1)
カウンタ(1)
算術(3)
～$(1)
blh(1)
アドレシング(1)
擬似(1)
Label(1)
違い(1)
加減算(3)
関数(2)
定数(4)
番号(1)
ゼロ(2)
オーバー(1)
sltu(1)
シフト(3)
全域(1)
jal(1)
ロード(1)
ジャンプ(1)
slti(1)
指定(2)
sw(1)
こと(1)
sp(1)
sh(1)
bne(1)
and(1)
オペランド(3)
sb(1)
レジスタ(6)
rs(3)
rt(3)
sub(1)
計算(1)
出力(1)
範囲(1)
（&）：(1)
存在(1)
rd(2)
符号(4)
）¾(1)
場合(1)
ra(1)
つき(3)
$○(5)
結果(2)
制約(1)
abcd(1)
プログラム(1)
不可(1)
xor(1)
一時(1)
functR(1)
データ(2)
工学部(7)
alb(1)
$□,(1)
判別(1)
対象(1)
immediate(2)
swX(1)
直接(1)
倍数(1)
$△(5)
$△,(4)
lbu(1)
演算(3)
整数(3)
lhu(1)
コード(1)
MIPS(2)
zero(1)
命令(7)
引数(1)
naddiu(1)
xori(1)
lui(1)
op(3)
or(1)
$○,(4)
オフセット(1)
相対(1)
メモリ(2)
$□(4)
NA(1)
)$(2)
統一(1)
lw(1)
ori(2)
設定(1)
srl(1)
($△)(1)
shamt(2)
zzzz(1)
sltiu(1)
sra(1)
addiu(1)
整列(1)
電気(7)
加算(2)
破棄(1)
格納(3)
ゲート(1)
年度(7)
実行(1)
補填(1)
後述(1)
補数(3)
セット(1)
中心(1)
PC(2)
nm(1)
sll(1)
ベース(1)
jr(1)
slt(1)
用途(1)
（∵(1)
拡張(4)
呼出(2)
addu(1)
addi(3)
更新(1)
大学(7)
AND(1)
下位(1)
振る舞い(1)
比較(2)
操作(1)
ABYAND(1)
albu(1)
ワード(1)
PCPC(1)
不要(1)
+)$(1)
beq(1)
九州(7)
lh(1)
スタックポインタ(1)
バイト(1)
上位(2)
lb(1)
変数(1)
（–(2)
分岐(2)
ビット(2)
add(1)
subi(1)
JR(1)
保存(1)
subu(1)
即値(3)
functop(1)
情報(7)
ポインタ(1)
教科書(1)
条件(2)
種類(1)
表現(3)
address(2)
ページ(1)
入力(1)
blhuX(1)
全て(1)
{ 1 } { 2 3 4 } { 5 6 7 } { 8 9 10 } { 11 12 13 } { 14 15 } { 16 17 18 } { 19 20 } 
