filename: 11
xmlFile: /home/sakamoto/OCWData/ocw.kyushu-u.ac.jp/コンピュータアーキテクチャI/11/slide.xml
dir: /home/sakamoto/OCWData/ocw.kyushu-u.ac.jp/コンピュータアーキテクチャI/11
XML:
<presentation language="ja"><slide page="1"><body><p>論理回路（おさらい）</p></body></slide><slide page="2"><body><p>九州大学工学部電気情報工学科（2006年度）論理回路常識１: 今日のコンピュータは2進数で動作する．論理回路0 (0V) or       1 (5V)0 (0V) or       1 (5V)Power SupplyGND0と1を物理現象に対応させて，電子回路（論理回路）を使って計算をする．0: 電圧がかかっていないスイッチOFFの状態（0V）1: 電圧がかかっているスイッチONの状態（3.3V，5V，12V，…）</p></body></slide><slide page="3"><body><p>九州大学工学部電気情報工学科（2006年度）組み合わせ論理回路x1x2xmy1y2yn・・・yi = fi (x1, x2, x3, ..., xm)   (for 1 ≤ i ≤ n)組み合わせ論理回路： 出力値が入力値のみの関数となっている論理回路．論理関数 f: {0, 1}m→{0, 1}n を実現．・・・基本的な組み合わせ論理回路： インバータ，ANDゲート，ORゲート，XORゲート．</p></body></slide><slide page="4"><body><p>九州大学工学部電気情報工学科（2006年度）インバータインバータ： 入力値と逆の値（入力値が1のときは0，0のときは1）を出力する論理回路．A Y真理値表A Y0 11 0AY遅延</p></body></slide><slide page="5"><body><p>九州大学工学部電気情報工学科（2006年度）ANDゲートANDゲート： 入力値が全て 1 のときに 1，その他のときは 0 を出力する論理回路．真理値表ABYA B Y001 0 01 1 10 01 0ABY</p></body></slide><slide page="6"><body><p>九州大学工学部電気情報工学科（2006年度）ORゲートORゲート： 入力値のうちのひとつ以上が 1 のときに 1，その他のときは 0 を出力する論理回路．真理値表A B Y001 0 11 1 10 01 1ABYABY</p></body></slide><slide page="7"><body><p>九州大学工学部電気情報工学科（2006年度）多入力AND／ORゲートx1x2x3xn・・・ ・・・x1x2x3xny1 y2x1 x2 x3 … xn–1 xn y1 y20 0 0 … 0 0 0 00 0 0 … 0 1 0 10 0 0 … 1 0 0 1… … … … … … … …1 1 1 … 1 1 1 1</p></body></slide><slide page="8"><body><p>九州大学工学部電気情報工学科（2006年度）XORゲートXORゲート： 2つの入力値が異なる値のときに 1，そうでないときは 0 を出力する論理回路．真理値表A B Y001 0 11 1 00 01 1ABYABY</p></body></slide><slide page="9"><body><p>九州大学工学部電気情報工学科（2006年度）マルチプレクサ（１）マルチプレクサ： 複数の入力信号からひとつを選択して出力する論理回路．SELBAYSELBAYSELBAY01</p></body></slide><slide page="10"><body><p>九州大学工学部電気情報工学科（2006年度）マルチプレクサ（２）１） 真理値表を作成する．A B SEL Y0 0 0 00 1 0 01 0 0 11 1 0 10 0 1 00 1 1 11 0 1 01 1 1 1</p></body></slide><slide page="11"><body><p>九州大学工学部電気情報工学科（2006年度）マルチプレクサ（３）２） ひとつの出力信号を選び，その出力が 1 になる入力を注目する．A B SEL Y0 0 0 00 1 0 01 0 0 11 1 0 10 0 1 00 1 1 11 0 1 01 1 1 1①②③④</p></body></slide><slide page="12"><body><p>九州大学工学部電気情報工学科（2006年度）マルチプレクサ（４）３） 出力が 1 となる行について，1 の入力はそのまま，0 の入力はインバータを通して，AND ゲートに入力する．A B SEL Y1 0 0 1ABSELY①①</p></body></slide><slide page="13"><body><p>九州大学工学部電気情報工学科（2006年度）マルチプレクサ（５）４） ３）で作った各ANDゲートの出力をORゲートに入力する．このORゲートの出力が，２）で選んだ出力信号になる．ABSELY①②③④演習問題①： この論理回路を簡単化せよ．（復習）</p></body></slide><slide page="14"><body><p>九州大学工学部電気情報工学科（2006年度）Dマルチプレクサ（６）４入力マルチプレクサSELAYBC22 2 2 200 01 10 11演習問題②： 簡単化された4入力マルチプレクサを作れ．（復習）</p></body></slide><slide page="15"><body><p>九州大学工学部電気情報工学科（2006年度）順序回路yi = fi (x1, x2, ..., xm, s1, s2 , ..., sp)   (for 1 ≤ i ≤ n)sj = gj (x1, x2, ..., xm, s1, s2 , ..., sp)   (for 1 ≤ j ≤ p)順序回路： 出力値が，入力値と回路の状態値の関数となっている論理回路．また，状態値も入力値と回路の状態値の関数となっている．順序機械 M=(I, O, S, δ, λ) を実現．x1x2xmy1y2yn・・・ ・・・s1s2sp・・・</p></body></slide><slide page="16"><body><p>九州大学工学部電気情報工学科（2006年度）同期式順序回路（１）同期回路： クロックに同期して動作する論理回路．クロックの立ち上がり時の入力と状態で，次回クロックが立ち上がるまでの出力と状態を確定．今日のほとんどの順序回路は同期回路として設計される．例） DフリップフロップD QCLKCLKDQ</p></body></slide><slide page="17"><body><p>九州大学工学部電気情報工学科（2006年度）同期式順序回路（２）CLKD・FF入力D・FF出力1クロックの間，出力／状態を保持．組み合わせ論理回路Ｄ・ ＦＦ組み合わせ論理回路Ｄ・ ＦＦ組み合わせ論理回路Ｄ・ ＦＦCLK時間の量子化により，同期回路では遅延の扱いが単純化される．信号の遅延により不安定．1クロックの長さは信号遅延より長く．</p></body></slide></presentation>
<slide page="1"><body><p>論理回路（おさらい）</p></body></slide>
in Sheet Class, page: 1
title = ""
body = "<p>論理回路（おさらい）</p>"
makeWordArrayJp
paragraph: 論理回路（おさらい）
論理 :	名詞,一般,*,*,*,*,論理,ロンリ,ロンリ	true	1
回路 :	名詞,一般,*,*,*,*,回路,カイロ,カイロ	true	1
さらい :	名詞,一般,*,*,*,*,さらい,サライ,サライ	true	1
<slide page="2"><body><p>九州大学工学部電気情報工学科（2006年度）論理回路常識１: 今日のコンピュータは2進数で動作する．論理回路0 (0V) or       1 (5V)0 (0V) or       1 (5V)Power SupplyGND0と1を物理現象に対応させて，電子回路（論理回路）を使って計算をする．0: 電圧がかかっていないスイッチOFFの状態（0V）1: 電圧がかかっているスイッチONの状態（3.3V，5V，12V，…）</p></body></slide>
in Sheet Class, page: 2
title = ""
body = "<p>九州大学工学部電気情報工学科（2006年度）論理回路常識１: 今日のコンピュータは2進数で動作する．論理回路0 (0V) or       1 (5V)0 (0V) or       1 (5V)Power SupplyGND0と1を物理現象に対応させて，電子回路（論理回路）を使って計算をする．0: 電圧がかかっていないスイッチOFFの状態（0V）1: 電圧がかかっているスイッチONの状態（3.3V，5V，12V，…）</p>"
makeWordArrayJp
paragraph: 九州大学工学部電気情報工学科（2006年度）論理回路常識１: 今日のコンピュータは2進数で動作する．論理回路0 (0V) or       1 (5V)0 (0V) or       1 (5V)Power SupplyGND0と1を物理現象に対応させて，電子回路（論理回路）を使って計算をする．0: 電圧がかかっていないスイッチOFFの状態（0V）1: 電圧がかかっているスイッチONの状態（3.3V，5V，12V，…）
九州 :	名詞,固有名詞,地域,一般,*,*,九州,キュウシュウ,キューシュー	true	1
大学 :	名詞,一般,*,*,*,*,大学,ダイガク,ダイガク	true	1
工学部 :	名詞,一般,*,*,*,*,工学部,コウガクブ,コーガクブ	true	1
電気 :	名詞,一般,*,*,*,*,電気,デンキ,デンキ	true	1
情報 :	名詞,一般,*,*,*,*,情報,ジョウホウ,ジョーホー	true	1
工学 :	名詞,一般,*,*,*,*,工学,コウガク,コーガク	true	1
年度 :	名詞,接尾,助数詞,*,*,*,年度,ネンド,ネンド	true	1
論理 :	名詞,一般,*,*,*,*,論理,ロンリ,ロンリ	true	1
回路 :	名詞,一般,*,*,*,*,回路,カイロ,カイロ	true	1
常識 :	名詞,一般,*,*,*,*,常識,ジョウシキ,ジョーシキ	true	1
今日 :	名詞,副詞可能,*,*,*,*,今日,キョウ,キョー	true	1
コンピュータ :	名詞,一般,*,*,*,*,コンピュータ,コンピュータ,コンピュータ	true	1
進数 :	名詞,接尾,助数詞,*,*,*,進数,シンスウ,シンスー	true	1
動作 :	名詞,サ変接続,*,*,*,*,動作,ドウサ,ドーサ	true	1
論理 :	名詞,一般,*,*,*,*,論理,ロンリ,ロンリ	true	2
回路 :	名詞,一般,*,*,*,*,回路,カイロ,カイロ	true	2
or :	名詞,固有名詞,組織,*,*,*,*	false	1
or :	名詞,固有名詞,組織,*,*,*,*	false	2
Power :	名詞,固有名詞,組織,*,*,*,*	false	1
SupplyGND :	名詞,一般,*,*,*,*,*	false	1
物理 :	名詞,一般,*,*,*,*,物理,ブツリ,ブツリ	true	1
現象 :	名詞,一般,*,*,*,*,現象,ゲンショウ,ゲンショー	true	1
対応 :	名詞,サ変接続,*,*,*,*,対応,タイオウ,タイオー	true	1
電子 :	名詞,一般,*,*,*,*,電子,デンシ,デンシ	true	1
回路 :	名詞,一般,*,*,*,*,回路,カイロ,カイロ	true	3
論理 :	名詞,一般,*,*,*,*,論理,ロンリ,ロンリ	true	3
回路 :	名詞,一般,*,*,*,*,回路,カイロ,カイロ	true	4
計算 :	名詞,サ変接続,*,*,*,*,計算,ケイサン,ケイサン	true	1
電圧 :	名詞,一般,*,*,*,*,電圧,デンアツ,デンアツ	true	1
スイッチ :	名詞,一般,*,*,*,*,スイッチ,スイッチ,スイッチ	true	1
OFF :	名詞,一般,*,*,*,*,*	false	1
状態 :	名詞,一般,*,*,*,*,状態,ジョウタイ,ジョータイ	true	1
電圧 :	名詞,一般,*,*,*,*,電圧,デンアツ,デンアツ	true	2
スイッチ :	名詞,一般,*,*,*,*,スイッチ,スイッチ,スイッチ	true	2
ON :	名詞,一般,*,*,*,*,*	false	1
状態 :	名詞,一般,*,*,*,*,状態,ジョウタイ,ジョータイ	true	2
<slide page="3"><body><p>九州大学工学部電気情報工学科（2006年度）組み合わせ論理回路x1x2xmy1y2yn・・・yi = fi (x1, x2, x3, ..., xm)   (for 1 ≤ i ≤ n)組み合わせ論理回路： 出力値が入力値のみの関数となっている論理回路．論理関数 f: {0, 1}m→{0, 1}n を実現．・・・基本的な組み合わせ論理回路： インバータ，ANDゲート，ORゲート，XORゲート．</p></body></slide>
in Sheet Class, page: 3
title = ""
body = "<p>九州大学工学部電気情報工学科（2006年度）組み合わせ論理回路x1x2xmy1y2yn・・・yi = fi (x1, x2, x3, ..., xm)   (for 1 ≤ i ≤ n)組み合わせ論理回路： 出力値が入力値のみの関数となっている論理回路．論理関数 f: {0, 1}m→{0, 1}n を実現．・・・基本的な組み合わせ論理回路： インバータ，ANDゲート，ORゲート，XORゲート．</p>"
makeWordArrayJp
paragraph: 九州大学工学部電気情報工学科（2006年度）組み合わせ論理回路x1x2xmy1y2yn・・・yi = fi (x1, x2, x3, ..., xm)   (for 1 ≤ i ≤ n)組み合わせ論理回路： 出力値が入力値のみの関数となっている論理回路．論理関数 f: {0, 1}m→{0, 1}n を実現．・・・基本的な組み合わせ論理回路： インバータ，ANDゲート，ORゲート，XORゲート．
九州 :	名詞,固有名詞,地域,一般,*,*,九州,キュウシュウ,キューシュー	true	1
大学 :	名詞,一般,*,*,*,*,大学,ダイガク,ダイガク	true	1
工学部 :	名詞,一般,*,*,*,*,工学部,コウガクブ,コーガクブ	true	1
電気 :	名詞,一般,*,*,*,*,電気,デンキ,デンキ	true	1
情報 :	名詞,一般,*,*,*,*,情報,ジョウホウ,ジョーホー	true	1
工学 :	名詞,一般,*,*,*,*,工学,コウガク,コーガク	true	1
年度 :	名詞,接尾,助数詞,*,*,*,年度,ネンド,ネンド	true	1
組み合わせ :	名詞,一般,*,*,*,*,組み合わせ,クミアワセ,クミアワセ	true	1
論理 :	名詞,一般,*,*,*,*,論理,ロンリ,ロンリ	true	1
回路 :	名詞,一般,*,*,*,*,回路,カイロ,カイロ	true	1
xmy :	名詞,一般,*,*,*,*,*	false	1
yn :	名詞,一般,*,*,*,*,*	false	1
yi :	名詞,固有名詞,組織,*,*,*,*	false	1
fi :	名詞,固有名詞,組織,*,*,*,*	false	1
..., :	名詞,サ変接続,*,*,*,*,*	false	1
xm :	名詞,固有名詞,組織,*,*,*,*	false	1
for :	名詞,固有名詞,組織,*,*,*,*	false	1
組み合わせ :	名詞,一般,*,*,*,*,組み合わせ,クミアワセ,クミアワセ	true	2
論理 :	名詞,一般,*,*,*,*,論理,ロンリ,ロンリ	true	2
回路 :	名詞,一般,*,*,*,*,回路,カイロ,カイロ	true	2
出力 :	名詞,サ変接続,*,*,*,*,出力,シュツリョク,シュツリョク	true	1
入力 :	名詞,サ変接続,*,*,*,*,入力,ニュウリョク,ニューリョク	true	1
関数 :	名詞,一般,*,*,*,*,関数,カンスウ,カンスー	true	1
論理 :	名詞,一般,*,*,*,*,論理,ロンリ,ロンリ	true	3
回路 :	名詞,一般,*,*,*,*,回路,カイロ,カイロ	true	3
論理 :	名詞,一般,*,*,*,*,論理,ロンリ,ロンリ	true	4
関数 :	名詞,一般,*,*,*,*,関数,カンスウ,カンスー	true	2
→{ :	名詞,サ変接続,*,*,*,*,*	false	1
実現 :	名詞,サ変接続,*,*,*,*,実現,ジツゲン,ジツゲン	true	1
基本 :	名詞,一般,*,*,*,*,基本,キホン,キホン	true	1
組み合わせ :	名詞,一般,*,*,*,*,組み合わせ,クミアワセ,クミアワセ	true	3
論理 :	名詞,一般,*,*,*,*,論理,ロンリ,ロンリ	true	5
回路 :	名詞,一般,*,*,*,*,回路,カイロ,カイロ	true	4
インバータ :	名詞,一般,*,*,*,*,インバータ,インバータ,インバータ	true	1
AND :	名詞,固有名詞,組織,*,*,*,*	false	1
ゲート :	名詞,一般,*,*,*,*,ゲート,ゲート,ゲート	true	1
OR :	名詞,固有名詞,組織,*,*,*,*	false	1
ゲート :	名詞,一般,*,*,*,*,ゲート,ゲート,ゲート	true	2
XOR :	名詞,固有名詞,組織,*,*,*,*	false	1
ゲート :	名詞,一般,*,*,*,*,ゲート,ゲート,ゲート	true	3
<slide page="4"><body><p>九州大学工学部電気情報工学科（2006年度）インバータインバータ： 入力値と逆の値（入力値が1のときは0，0のときは1）を出力する論理回路．A Y真理値表A Y0 11 0AY遅延</p></body></slide>
in Sheet Class, page: 4
title = ""
body = "<p>九州大学工学部電気情報工学科（2006年度）インバータインバータ： 入力値と逆の値（入力値が1のときは0，0のときは1）を出力する論理回路．A Y真理値表A Y0 11 0AY遅延</p>"
makeWordArrayJp
paragraph: 九州大学工学部電気情報工学科（2006年度）インバータインバータ： 入力値と逆の値（入力値が1のときは0，0のときは1）を出力する論理回路．A Y真理値表A Y0 11 0AY遅延
九州 :	名詞,固有名詞,地域,一般,*,*,九州,キュウシュウ,キューシュー	true	1
大学 :	名詞,一般,*,*,*,*,大学,ダイガク,ダイガク	true	1
工学部 :	名詞,一般,*,*,*,*,工学部,コウガクブ,コーガクブ	true	1
電気 :	名詞,一般,*,*,*,*,電気,デンキ,デンキ	true	1
情報 :	名詞,一般,*,*,*,*,情報,ジョウホウ,ジョーホー	true	1
工学 :	名詞,一般,*,*,*,*,工学,コウガク,コーガク	true	1
年度 :	名詞,接尾,助数詞,*,*,*,年度,ネンド,ネンド	true	1
インバータ :	名詞,一般,*,*,*,*,インバータ,インバータ,インバータ	true	1
インバータ :	名詞,一般,*,*,*,*,インバータ,インバータ,インバータ	true	2
入力 :	名詞,サ変接続,*,*,*,*,入力,ニュウリョク,ニューリョク	true	1
入力 :	名詞,サ変接続,*,*,*,*,入力,ニュウリョク,ニューリョク	true	2
とき :	名詞,非自立,副詞可能,*,*,*,とき,トキ,トキ	true	1
とき :	名詞,非自立,副詞可能,*,*,*,とき,トキ,トキ	true	2
出力 :	名詞,サ変接続,*,*,*,*,出力,シュツリョク,シュツリョク	true	1
論理 :	名詞,一般,*,*,*,*,論理,ロンリ,ロンリ	true	1
回路 :	名詞,一般,*,*,*,*,回路,カイロ,カイロ	true	1
真理 :	名詞,一般,*,*,*,*,真理,シンリ,シンリ	true	1
AY :	名詞,一般,*,*,*,*,*	false	1
遅延 :	名詞,サ変接続,*,*,*,*,遅延,チエン,チエン	true	1
<slide page="5"><body><p>九州大学工学部電気情報工学科（2006年度）ANDゲートANDゲート： 入力値が全て 1 のときに 1，その他のときは 0 を出力する論理回路．真理値表ABYA B Y001 0 01 1 10 01 0ABY</p></body></slide>
in Sheet Class, page: 5
title = ""
body = "<p>九州大学工学部電気情報工学科（2006年度）ANDゲートANDゲート： 入力値が全て 1 のときに 1，その他のときは 0 を出力する論理回路．真理値表ABYA B Y001 0 01 1 10 01 0ABY</p>"
makeWordArrayJp
paragraph: 九州大学工学部電気情報工学科（2006年度）ANDゲートANDゲート： 入力値が全て 1 のときに 1，その他のときは 0 を出力する論理回路．真理値表ABYA B Y001 0 01 1 10 01 0ABY
九州 :	名詞,固有名詞,地域,一般,*,*,九州,キュウシュウ,キューシュー	true	1
大学 :	名詞,一般,*,*,*,*,大学,ダイガク,ダイガク	true	1
工学部 :	名詞,一般,*,*,*,*,工学部,コウガクブ,コーガクブ	true	1
電気 :	名詞,一般,*,*,*,*,電気,デンキ,デンキ	true	1
情報 :	名詞,一般,*,*,*,*,情報,ジョウホウ,ジョーホー	true	1
工学 :	名詞,一般,*,*,*,*,工学,コウガク,コーガク	true	1
年度 :	名詞,接尾,助数詞,*,*,*,年度,ネンド,ネンド	true	1
AND :	名詞,固有名詞,組織,*,*,*,*	false	1
ゲート :	名詞,一般,*,*,*,*,ゲート,ゲート,ゲート	true	1
AND :	名詞,一般,*,*,*,*,*	false	2
ゲート :	名詞,一般,*,*,*,*,ゲート,ゲート,ゲート	true	2
入力 :	名詞,サ変接続,*,*,*,*,入力,ニュウリョク,ニューリョク	true	1
全て :	名詞,副詞可能,*,*,*,*,全て,スベテ,スベテ	true	1
とき :	名詞,非自立,副詞可能,*,*,*,とき,トキ,トキ	true	1
その他 :	名詞,代名詞,一般,*,*,*,その他,ソノタ,ソノタ	true	1
とき :	名詞,非自立,副詞可能,*,*,*,とき,トキ,トキ	true	2
出力 :	名詞,サ変接続,*,*,*,*,出力,シュツリョク,シュツリョク	true	1
論理 :	名詞,一般,*,*,*,*,論理,ロンリ,ロンリ	true	1
回路 :	名詞,一般,*,*,*,*,回路,カイロ,カイロ	true	1
真理 :	名詞,一般,*,*,*,*,真理,シンリ,シンリ	true	1
ABYA :	名詞,一般,*,*,*,*,*	false	1
ABY :	名詞,固有名詞,組織,*,*,*,*	false	1
<slide page="6"><body><p>九州大学工学部電気情報工学科（2006年度）ORゲートORゲート： 入力値のうちのひとつ以上が 1 のときに 1，その他のときは 0 を出力する論理回路．真理値表A B Y001 0 11 1 10 01 1ABYABY</p></body></slide>
in Sheet Class, page: 6
title = ""
body = "<p>九州大学工学部電気情報工学科（2006年度）ORゲートORゲート： 入力値のうちのひとつ以上が 1 のときに 1，その他のときは 0 を出力する論理回路．真理値表A B Y001 0 11 1 10 01 1ABYABY</p>"
makeWordArrayJp
paragraph: 九州大学工学部電気情報工学科（2006年度）ORゲートORゲート： 入力値のうちのひとつ以上が 1 のときに 1，その他のときは 0 を出力する論理回路．真理値表A B Y001 0 11 1 10 01 1ABYABY
九州 :	名詞,固有名詞,地域,一般,*,*,九州,キュウシュウ,キューシュー	true	1
大学 :	名詞,一般,*,*,*,*,大学,ダイガク,ダイガク	true	1
工学部 :	名詞,一般,*,*,*,*,工学部,コウガクブ,コーガクブ	true	1
電気 :	名詞,一般,*,*,*,*,電気,デンキ,デンキ	true	1
情報 :	名詞,一般,*,*,*,*,情報,ジョウホウ,ジョーホー	true	1
工学 :	名詞,一般,*,*,*,*,工学,コウガク,コーガク	true	1
年度 :	名詞,接尾,助数詞,*,*,*,年度,ネンド,ネンド	true	1
OR :	名詞,固有名詞,組織,*,*,*,*	false	1
ゲート :	名詞,一般,*,*,*,*,ゲート,ゲート,ゲート	true	1
OR :	名詞,一般,*,*,*,*,*	false	2
ゲート :	名詞,一般,*,*,*,*,ゲート,ゲート,ゲート	true	2
入力 :	名詞,サ変接続,*,*,*,*,入力,ニュウリョク,ニューリョク	true	1
うち :	名詞,非自立,副詞可能,*,*,*,うち,ウチ,ウチ	true	1
ひとつ :	名詞,副詞可能,*,*,*,*,ひとつ,ヒトツ,ヒトツ	true	1
以上 :	名詞,非自立,副詞可能,*,*,*,以上,イジョウ,イジョー	true	1
とき :	名詞,非自立,副詞可能,*,*,*,とき,トキ,トキ	true	1
その他 :	名詞,代名詞,一般,*,*,*,その他,ソノタ,ソノタ	true	1
とき :	名詞,非自立,副詞可能,*,*,*,とき,トキ,トキ	true	2
出力 :	名詞,サ変接続,*,*,*,*,出力,シュツリョク,シュツリョク	true	1
論理 :	名詞,一般,*,*,*,*,論理,ロンリ,ロンリ	true	1
回路 :	名詞,一般,*,*,*,*,回路,カイロ,カイロ	true	1
真理 :	名詞,一般,*,*,*,*,真理,シンリ,シンリ	true	1
ABYABY :	名詞,固有名詞,組織,*,*,*,*	false	1
<slide page="7"><body><p>九州大学工学部電気情報工学科（2006年度）多入力AND／ORゲートx1x2x3xn・・・ ・・・x1x2x3xny1 y2x1 x2 x3 … xn–1 xn y1 y20 0 0 … 0 0 0 00 0 0 … 0 1 0 10 0 0 … 1 0 0 1… … … … … … … …1 1 1 … 1 1 1 1</p></body></slide>
in Sheet Class, page: 7
title = ""
body = "<p>九州大学工学部電気情報工学科（2006年度）多入力AND／ORゲートx1x2x3xn・・・ ・・・x1x2x3xny1 y2x1 x2 x3 … xn–1 xn y1 y20 0 0 … 0 0 0 00 0 0 … 0 1 0 10 0 0 … 1 0 0 1… … … … … … … …1 1 1 … 1 1 1 1</p>"
makeWordArrayJp
paragraph: 九州大学工学部電気情報工学科（2006年度）多入力AND／ORゲートx1x2x3xn・・・ ・・・x1x2x3xny1 y2x1 x2 x3 … xn–1 xn y1 y20 0 0 … 0 0 0 00 0 0 … 0 1 0 10 0 0 … 1 0 0 1… … … … … … … …1 1 1 … 1 1 1 1
九州 :	名詞,固有名詞,地域,一般,*,*,九州,キュウシュウ,キューシュー	true	1
大学 :	名詞,一般,*,*,*,*,大学,ダイガク,ダイガク	true	1
工学部 :	名詞,一般,*,*,*,*,工学部,コウガクブ,コーガクブ	true	1
電気 :	名詞,一般,*,*,*,*,電気,デンキ,デンキ	true	1
情報 :	名詞,一般,*,*,*,*,情報,ジョウホウ,ジョーホー	true	1
工学 :	名詞,一般,*,*,*,*,工学,コウガク,コーガク	true	1
年度 :	名詞,接尾,助数詞,*,*,*,年度,ネンド,ネンド	true	1
入力 :	名詞,サ変接続,*,*,*,*,入力,ニュウリョク,ニューリョク	true	1
AND :	名詞,一般,*,*,*,*,*	false	1
OR :	名詞,固有名詞,組織,*,*,*,*	false	1
ゲート :	名詞,一般,*,*,*,*,ゲート,ゲート,ゲート	true	1
xn :	名詞,一般,*,*,*,*,*	false	1
xny :	名詞,一般,*,*,*,*,*	false	1
xn :	名詞,固有名詞,組織,*,*,*,*	false	2
xn :	名詞,固有名詞,組織,*,*,*,*	false	3
<slide page="8"><body><p>九州大学工学部電気情報工学科（2006年度）XORゲートXORゲート： 2つの入力値が異なる値のときに 1，そうでないときは 0 を出力する論理回路．真理値表A B Y001 0 11 1 00 01 1ABYABY</p></body></slide>
in Sheet Class, page: 8
title = ""
body = "<p>九州大学工学部電気情報工学科（2006年度）XORゲートXORゲート： 2つの入力値が異なる値のときに 1，そうでないときは 0 を出力する論理回路．真理値表A B Y001 0 11 1 00 01 1ABYABY</p>"
makeWordArrayJp
paragraph: 九州大学工学部電気情報工学科（2006年度）XORゲートXORゲート： 2つの入力値が異なる値のときに 1，そうでないときは 0 を出力する論理回路．真理値表A B Y001 0 11 1 00 01 1ABYABY
九州 :	名詞,固有名詞,地域,一般,*,*,九州,キュウシュウ,キューシュー	true	1
大学 :	名詞,一般,*,*,*,*,大学,ダイガク,ダイガク	true	1
工学部 :	名詞,一般,*,*,*,*,工学部,コウガクブ,コーガクブ	true	1
電気 :	名詞,一般,*,*,*,*,電気,デンキ,デンキ	true	1
情報 :	名詞,一般,*,*,*,*,情報,ジョウホウ,ジョーホー	true	1
工学 :	名詞,一般,*,*,*,*,工学,コウガク,コーガク	true	1
年度 :	名詞,接尾,助数詞,*,*,*,年度,ネンド,ネンド	true	1
XOR :	名詞,固有名詞,組織,*,*,*,*	false	1
ゲート :	名詞,一般,*,*,*,*,ゲート,ゲート,ゲート	true	1
XOR :	名詞,一般,*,*,*,*,*	false	2
ゲート :	名詞,一般,*,*,*,*,ゲート,ゲート,ゲート	true	2
入力 :	名詞,サ変接続,*,*,*,*,入力,ニュウリョク,ニューリョク	true	1
とき :	名詞,非自立,副詞可能,*,*,*,とき,トキ,トキ	true	1
そう :	名詞,接尾,助数詞,*,*,*,そう,ソウ,ソー	true	1
とき :	名詞,非自立,副詞可能,*,*,*,とき,トキ,トキ	true	2
出力 :	名詞,サ変接続,*,*,*,*,出力,シュツリョク,シュツリョク	true	1
論理 :	名詞,一般,*,*,*,*,論理,ロンリ,ロンリ	true	1
回路 :	名詞,一般,*,*,*,*,回路,カイロ,カイロ	true	1
真理 :	名詞,一般,*,*,*,*,真理,シンリ,シンリ	true	1
ABYABY :	名詞,固有名詞,組織,*,*,*,*	false	1
<slide page="9"><body><p>九州大学工学部電気情報工学科（2006年度）マルチプレクサ（１）マルチプレクサ： 複数の入力信号からひとつを選択して出力する論理回路．SELBAYSELBAYSELBAY01</p></body></slide>
in Sheet Class, page: 9
title = ""
body = "<p>九州大学工学部電気情報工学科（2006年度）マルチプレクサ（１）マルチプレクサ： 複数の入力信号からひとつを選択して出力する論理回路．SELBAYSELBAYSELBAY01</p>"
makeWordArrayJp
paragraph: 九州大学工学部電気情報工学科（2006年度）マルチプレクサ（１）マルチプレクサ： 複数の入力信号からひとつを選択して出力する論理回路．SELBAYSELBAYSELBAY01
九州 :	名詞,固有名詞,地域,一般,*,*,九州,キュウシュウ,キューシュー	true	1
大学 :	名詞,一般,*,*,*,*,大学,ダイガク,ダイガク	true	1
工学部 :	名詞,一般,*,*,*,*,工学部,コウガクブ,コーガクブ	true	1
電気 :	名詞,一般,*,*,*,*,電気,デンキ,デンキ	true	1
情報 :	名詞,一般,*,*,*,*,情報,ジョウホウ,ジョーホー	true	1
工学 :	名詞,一般,*,*,*,*,工学,コウガク,コーガク	true	1
年度 :	名詞,接尾,助数詞,*,*,*,年度,ネンド,ネンド	true	1
マルチプレクサ :	名詞,一般,*,*,*,*,マルチプレクサ,マルチプレクサ,マルチプレクサ	true	1
マルチプレクサ :	名詞,一般,*,*,*,*,マルチプレクサ,マルチプレクサ,マルチプレクサ	true	2
複数 :	名詞,一般,*,*,*,*,複数,フクスウ,フクスー	true	1
入力 :	名詞,サ変接続,*,*,*,*,入力,ニュウリョク,ニューリョク	true	1
信号 :	名詞,一般,*,*,*,*,信号,シンゴウ,シンゴー	true	1
ひとつ :	名詞,副詞可能,*,*,*,*,ひとつ,ヒトツ,ヒトツ	true	1
選択 :	名詞,サ変接続,*,*,*,*,選択,センタク,センタク	true	1
出力 :	名詞,サ変接続,*,*,*,*,出力,シュツリョク,シュツリョク	true	1
論理 :	名詞,一般,*,*,*,*,論理,ロンリ,ロンリ	true	1
回路 :	名詞,一般,*,*,*,*,回路,カイロ,カイロ	true	1
SELBAYSELBAYSELBAY :	名詞,一般,*,*,*,*,*	false	1
<slide page="10"><body><p>九州大学工学部電気情報工学科（2006年度）マルチプレクサ（２）１） 真理値表を作成する．A B SEL Y0 0 0 00 1 0 01 0 0 11 1 0 10 0 1 00 1 1 11 0 1 01 1 1 1</p></body></slide>
in Sheet Class, page: 10
title = ""
body = "<p>九州大学工学部電気情報工学科（2006年度）マルチプレクサ（２）１） 真理値表を作成する．A B SEL Y0 0 0 00 1 0 01 0 0 11 1 0 10 0 1 00 1 1 11 0 1 01 1 1 1</p>"
makeWordArrayJp
paragraph: 九州大学工学部電気情報工学科（2006年度）マルチプレクサ（２）１） 真理値表を作成する．A B SEL Y0 0 0 00 1 0 01 0 0 11 1 0 10 0 1 00 1 1 11 0 1 01 1 1 1
九州 :	名詞,固有名詞,地域,一般,*,*,九州,キュウシュウ,キューシュー	true	1
大学 :	名詞,一般,*,*,*,*,大学,ダイガク,ダイガク	true	1
工学部 :	名詞,一般,*,*,*,*,工学部,コウガクブ,コーガクブ	true	1
電気 :	名詞,一般,*,*,*,*,電気,デンキ,デンキ	true	1
情報 :	名詞,一般,*,*,*,*,情報,ジョウホウ,ジョーホー	true	1
工学 :	名詞,一般,*,*,*,*,工学,コウガク,コーガク	true	1
年度 :	名詞,接尾,助数詞,*,*,*,年度,ネンド,ネンド	true	1
マルチプレクサ :	名詞,一般,*,*,*,*,マルチプレクサ,マルチプレクサ,マルチプレクサ	true	1
真理 :	名詞,一般,*,*,*,*,真理,シンリ,シンリ	true	1
作成 :	名詞,サ変接続,*,*,*,*,作成,サクセイ,サクセイ	true	1
SEL :	名詞,固有名詞,組織,*,*,*,*	false	1
<slide page="11"><body><p>九州大学工学部電気情報工学科（2006年度）マルチプレクサ（３）２） ひとつの出力信号を選び，その出力が 1 になる入力を注目する．A B SEL Y0 0 0 00 1 0 01 0 0 11 1 0 10 0 1 00 1 1 11 0 1 01 1 1 1①②③④</p></body></slide>
in Sheet Class, page: 11
title = ""
body = "<p>九州大学工学部電気情報工学科（2006年度）マルチプレクサ（３）２） ひとつの出力信号を選び，その出力が 1 になる入力を注目する．A B SEL Y0 0 0 00 1 0 01 0 0 11 1 0 10 0 1 00 1 1 11 0 1 01 1 1 1①②③④</p>"
makeWordArrayJp
paragraph: 九州大学工学部電気情報工学科（2006年度）マルチプレクサ（３）２） ひとつの出力信号を選び，その出力が 1 になる入力を注目する．A B SEL Y0 0 0 00 1 0 01 0 0 11 1 0 10 0 1 00 1 1 11 0 1 01 1 1 1①②③④
九州 :	名詞,固有名詞,地域,一般,*,*,九州,キュウシュウ,キューシュー	true	1
大学 :	名詞,一般,*,*,*,*,大学,ダイガク,ダイガク	true	1
工学部 :	名詞,一般,*,*,*,*,工学部,コウガクブ,コーガクブ	true	1
電気 :	名詞,一般,*,*,*,*,電気,デンキ,デンキ	true	1
情報 :	名詞,一般,*,*,*,*,情報,ジョウホウ,ジョーホー	true	1
工学 :	名詞,一般,*,*,*,*,工学,コウガク,コーガク	true	1
年度 :	名詞,接尾,助数詞,*,*,*,年度,ネンド,ネンド	true	1
マルチプレクサ :	名詞,一般,*,*,*,*,マルチプレクサ,マルチプレクサ,マルチプレクサ	true	1
ひとつ :	名詞,副詞可能,*,*,*,*,ひとつ,ヒトツ,ヒトツ	true	1
出力 :	名詞,サ変接続,*,*,*,*,出力,シュツリョク,シュツリョク	true	1
信号 :	名詞,一般,*,*,*,*,信号,シンゴウ,シンゴー	true	1
出力 :	名詞,サ変接続,*,*,*,*,出力,シュツリョク,シュツリョク	true	2
入力 :	名詞,サ変接続,*,*,*,*,入力,ニュウリョク,ニューリョク	true	1
注目 :	名詞,サ変接続,*,*,*,*,注目,チュウモク,チューモク	true	1
SEL :	名詞,固有名詞,組織,*,*,*,*	false	1
①②③④ :	名詞,サ変接続,*,*,*,*,*	false	1
<slide page="12"><body><p>九州大学工学部電気情報工学科（2006年度）マルチプレクサ（４）３） 出力が 1 となる行について，1 の入力はそのまま，0 の入力はインバータを通して，AND ゲートに入力する．A B SEL Y1 0 0 1ABSELY①①</p></body></slide>
in Sheet Class, page: 12
title = ""
body = "<p>九州大学工学部電気情報工学科（2006年度）マルチプレクサ（４）３） 出力が 1 となる行について，1 の入力はそのまま，0 の入力はインバータを通して，AND ゲートに入力する．A B SEL Y1 0 0 1ABSELY①①</p>"
makeWordArrayJp
paragraph: 九州大学工学部電気情報工学科（2006年度）マルチプレクサ（４）３） 出力が 1 となる行について，1 の入力はそのまま，0 の入力はインバータを通して，AND ゲートに入力する．A B SEL Y1 0 0 1ABSELY①①
九州 :	名詞,固有名詞,地域,一般,*,*,九州,キュウシュウ,キューシュー	true	1
大学 :	名詞,一般,*,*,*,*,大学,ダイガク,ダイガク	true	1
工学部 :	名詞,一般,*,*,*,*,工学部,コウガクブ,コーガクブ	true	1
電気 :	名詞,一般,*,*,*,*,電気,デンキ,デンキ	true	1
情報 :	名詞,一般,*,*,*,*,情報,ジョウホウ,ジョーホー	true	1
工学 :	名詞,一般,*,*,*,*,工学,コウガク,コーガク	true	1
年度 :	名詞,接尾,助数詞,*,*,*,年度,ネンド,ネンド	true	1
マルチプレクサ :	名詞,一般,*,*,*,*,マルチプレクサ,マルチプレクサ,マルチプレクサ	true	1
出力 :	名詞,サ変接続,*,*,*,*,出力,シュツリョク,シュツリョク	true	1
入力 :	名詞,サ変接続,*,*,*,*,入力,ニュウリョク,ニューリョク	true	1
入力 :	名詞,サ変接続,*,*,*,*,入力,ニュウリョク,ニューリョク	true	2
インバータ :	名詞,一般,*,*,*,*,インバータ,インバータ,インバータ	true	1
AND :	名詞,固有名詞,組織,*,*,*,*	false	1
ゲート :	名詞,一般,*,*,*,*,ゲート,ゲート,ゲート	true	1
入力 :	名詞,サ変接続,*,*,*,*,入力,ニュウリョク,ニューリョク	true	3
SEL :	名詞,固有名詞,組織,*,*,*,*	false	1
ABSELY :	名詞,一般,*,*,*,*,*	false	1
①① :	名詞,サ変接続,*,*,*,*,*	false	1
<slide page="13"><body><p>九州大学工学部電気情報工学科（2006年度）マルチプレクサ（５）４） ３）で作った各ANDゲートの出力をORゲートに入力する．このORゲートの出力が，２）で選んだ出力信号になる．ABSELY①②③④演習問題①： この論理回路を簡単化せよ．（復習）</p></body></slide>
in Sheet Class, page: 13
title = ""
body = "<p>九州大学工学部電気情報工学科（2006年度）マルチプレクサ（５）４） ３）で作った各ANDゲートの出力をORゲートに入力する．このORゲートの出力が，２）で選んだ出力信号になる．ABSELY①②③④演習問題①： この論理回路を簡単化せよ．（復習）</p>"
makeWordArrayJp
paragraph: 九州大学工学部電気情報工学科（2006年度）マルチプレクサ（５）４） ３）で作った各ANDゲートの出力をORゲートに入力する．このORゲートの出力が，２）で選んだ出力信号になる．ABSELY①②③④演習問題①： この論理回路を簡単化せよ．（復習）
九州 :	名詞,固有名詞,地域,一般,*,*,九州,キュウシュウ,キューシュー	true	1
大学 :	名詞,一般,*,*,*,*,大学,ダイガク,ダイガク	true	1
工学部 :	名詞,一般,*,*,*,*,工学部,コウガクブ,コーガクブ	true	1
電気 :	名詞,一般,*,*,*,*,電気,デンキ,デンキ	true	1
情報 :	名詞,一般,*,*,*,*,情報,ジョウホウ,ジョーホー	true	1
工学 :	名詞,一般,*,*,*,*,工学,コウガク,コーガク	true	1
年度 :	名詞,接尾,助数詞,*,*,*,年度,ネンド,ネンド	true	1
マルチプレクサ :	名詞,一般,*,*,*,*,マルチプレクサ,マルチプレクサ,マルチプレクサ	true	1
AND :	名詞,一般,*,*,*,*,*	false	1
ゲート :	名詞,一般,*,*,*,*,ゲート,ゲート,ゲート	true	1
出力 :	名詞,サ変接続,*,*,*,*,出力,シュツリョク,シュツリョク	true	1
OR :	名詞,固有名詞,組織,*,*,*,*	false	1
ゲート :	名詞,一般,*,*,*,*,ゲート,ゲート,ゲート	true	2
入力 :	名詞,サ変接続,*,*,*,*,入力,ニュウリョク,ニューリョク	true	1
OR :	名詞,一般,*,*,*,*,*	false	2
ゲート :	名詞,一般,*,*,*,*,ゲート,ゲート,ゲート	true	3
出力 :	名詞,サ変接続,*,*,*,*,出力,シュツリョク,シュツリョク	true	2
出力 :	名詞,サ変接続,*,*,*,*,出力,シュツリョク,シュツリョク	true	3
信号 :	名詞,一般,*,*,*,*,信号,シンゴウ,シンゴー	true	1
ABSELY :	名詞,一般,*,*,*,*,*	false	1
①②③④ :	名詞,サ変接続,*,*,*,*,*	false	1
演習 :	名詞,サ変接続,*,*,*,*,演習,エンシュウ,エンシュー	true	1
問題 :	名詞,ナイ形容詞語幹,*,*,*,*,問題,モンダイ,モンダイ	true	1
①： :	名詞,サ変接続,*,*,*,*,*	false	1
論理 :	名詞,一般,*,*,*,*,論理,ロンリ,ロンリ	true	1
回路 :	名詞,一般,*,*,*,*,回路,カイロ,カイロ	true	1
簡単 :	名詞,形容動詞語幹,*,*,*,*,簡単,カンタン,カンタン	true	1
復習 :	名詞,サ変接続,*,*,*,*,復習,フクシュウ,フクシュー	true	1
<slide page="14"><body><p>九州大学工学部電気情報工学科（2006年度）Dマルチプレクサ（６）４入力マルチプレクサSELAYBC22 2 2 200 01 10 11演習問題②： 簡単化された4入力マルチプレクサを作れ．（復習）</p></body></slide>
in Sheet Class, page: 14
title = ""
body = "<p>九州大学工学部電気情報工学科（2006年度）Dマルチプレクサ（６）４入力マルチプレクサSELAYBC22 2 2 200 01 10 11演習問題②： 簡単化された4入力マルチプレクサを作れ．（復習）</p>"
makeWordArrayJp
paragraph: 九州大学工学部電気情報工学科（2006年度）Dマルチプレクサ（６）４入力マルチプレクサSELAYBC22 2 2 200 01 10 11演習問題②： 簡単化された4入力マルチプレクサを作れ．（復習）
九州 :	名詞,固有名詞,地域,一般,*,*,九州,キュウシュウ,キューシュー	true	1
大学 :	名詞,一般,*,*,*,*,大学,ダイガク,ダイガク	true	1
工学部 :	名詞,一般,*,*,*,*,工学部,コウガクブ,コーガクブ	true	1
電気 :	名詞,一般,*,*,*,*,電気,デンキ,デンキ	true	1
情報 :	名詞,一般,*,*,*,*,情報,ジョウホウ,ジョーホー	true	1
工学 :	名詞,一般,*,*,*,*,工学,コウガク,コーガク	true	1
年度 :	名詞,接尾,助数詞,*,*,*,年度,ネンド,ネンド	true	1
マルチプレクサ :	名詞,一般,*,*,*,*,マルチプレクサ,マルチプレクサ,マルチプレクサ	true	1
入力 :	名詞,サ変接続,*,*,*,*,入力,ニュウリョク,ニューリョク	true	1
マルチプレクサ :	名詞,一般,*,*,*,*,マルチプレクサ,マルチプレクサ,マルチプレクサ	true	2
SELAYBC :	名詞,一般,*,*,*,*,*	false	1
演習 :	名詞,サ変接続,*,*,*,*,演習,エンシュウ,エンシュー	true	1
問題 :	名詞,ナイ形容詞語幹,*,*,*,*,問題,モンダイ,モンダイ	true	1
②： :	名詞,サ変接続,*,*,*,*,*	false	1
簡単 :	名詞,形容動詞語幹,*,*,*,*,簡単,カンタン,カンタン	true	1
入力 :	名詞,サ変接続,*,*,*,*,入力,ニュウリョク,ニューリョク	true	2
マルチプレクサ :	名詞,一般,*,*,*,*,マルチプレクサ,マルチプレクサ,マルチプレクサ	true	3
復習 :	名詞,サ変接続,*,*,*,*,復習,フクシュウ,フクシュー	true	1
<slide page="15"><body><p>九州大学工学部電気情報工学科（2006年度）順序回路yi = fi (x1, x2, ..., xm, s1, s2 , ..., sp)   (for 1 ≤ i ≤ n)sj = gj (x1, x2, ..., xm, s1, s2 , ..., sp)   (for 1 ≤ j ≤ p)順序回路： 出力値が，入力値と回路の状態値の関数となっている論理回路．また，状態値も入力値と回路の状態値の関数となっている．順序機械 M=(I, O, S, δ, λ) を実現．x1x2xmy1y2yn・・・ ・・・s1s2sp・・・</p></body></slide>
in Sheet Class, page: 15
title = ""
body = "<p>九州大学工学部電気情報工学科（2006年度）順序回路yi = fi (x1, x2, ..., xm, s1, s2 , ..., sp)   (for 1 ≤ i ≤ n)sj = gj (x1, x2, ..., xm, s1, s2 , ..., sp)   (for 1 ≤ j ≤ p)順序回路： 出力値が，入力値と回路の状態値の関数となっている論理回路．また，状態値も入力値と回路の状態値の関数となっている．順序機械 M=(I, O, S, δ, λ) を実現．x1x2xmy1y2yn・・・ ・・・s1s2sp・・・</p>"
makeWordArrayJp
paragraph: 九州大学工学部電気情報工学科（2006年度）順序回路yi = fi (x1, x2, ..., xm, s1, s2 , ..., sp)   (for 1 ≤ i ≤ n)sj = gj (x1, x2, ..., xm, s1, s2 , ..., sp)   (for 1 ≤ j ≤ p)順序回路： 出力値が，入力値と回路の状態値の関数となっている論理回路．また，状態値も入力値と回路の状態値の関数となっている．順序機械 M=(I, O, S, δ, λ) を実現．x1x2xmy1y2yn・・・ ・・・s1s2sp・・・
九州 :	名詞,固有名詞,地域,一般,*,*,九州,キュウシュウ,キューシュー	true	1
大学 :	名詞,一般,*,*,*,*,大学,ダイガク,ダイガク	true	1
工学部 :	名詞,一般,*,*,*,*,工学部,コウガクブ,コーガクブ	true	1
電気 :	名詞,一般,*,*,*,*,電気,デンキ,デンキ	true	1
情報 :	名詞,一般,*,*,*,*,情報,ジョウホウ,ジョーホー	true	1
工学 :	名詞,一般,*,*,*,*,工学,コウガク,コーガク	true	1
年度 :	名詞,接尾,助数詞,*,*,*,年度,ネンド,ネンド	true	1
順序 :	名詞,一般,*,*,*,*,順序,ジュンジョ,ジュンジョ	true	1
回路 :	名詞,一般,*,*,*,*,回路,カイロ,カイロ	true	1
yi :	名詞,一般,*,*,*,*,*	false	1
fi :	名詞,固有名詞,組織,*,*,*,*	false	1
..., :	名詞,サ変接続,*,*,*,*,*	false	1
xm :	名詞,固有名詞,組織,*,*,*,*	false	1
..., :	名詞,サ変接続,*,*,*,*,*	false	2
sp :	名詞,固有名詞,組織,*,*,*,*	false	1
for :	名詞,固有名詞,組織,*,*,*,*	false	1
sj :	名詞,固有名詞,組織,*,*,*,*	false	1
gj :	名詞,固有名詞,組織,*,*,*,*	false	1
..., :	名詞,サ変接続,*,*,*,*,*	false	3
xm :	名詞,固有名詞,組織,*,*,*,*	false	2
..., :	名詞,サ変接続,*,*,*,*,*	false	4
sp :	名詞,固有名詞,組織,*,*,*,*	false	2
for :	名詞,固有名詞,組織,*,*,*,*	false	2
順序 :	名詞,一般,*,*,*,*,順序,ジュンジョ,ジュンジョ	true	2
回路 :	名詞,一般,*,*,*,*,回路,カイロ,カイロ	true	2
出力 :	名詞,サ変接続,*,*,*,*,出力,シュツリョク,シュツリョク	true	1
入力 :	名詞,サ変接続,*,*,*,*,入力,ニュウリョク,ニューリョク	true	1
回路 :	名詞,一般,*,*,*,*,回路,カイロ,カイロ	true	3
状態 :	名詞,一般,*,*,*,*,状態,ジョウタイ,ジョータイ	true	1
関数 :	名詞,一般,*,*,*,*,関数,カンスウ,カンスー	true	1
論理 :	名詞,一般,*,*,*,*,論理,ロンリ,ロンリ	true	1
回路 :	名詞,一般,*,*,*,*,回路,カイロ,カイロ	true	4
状態 :	名詞,一般,*,*,*,*,状態,ジョウタイ,ジョータイ	true	2
入力 :	名詞,サ変接続,*,*,*,*,入力,ニュウリョク,ニューリョク	true	2
回路 :	名詞,一般,*,*,*,*,回路,カイロ,カイロ	true	5
状態 :	名詞,一般,*,*,*,*,状態,ジョウタイ,ジョータイ	true	3
関数 :	名詞,一般,*,*,*,*,関数,カンスウ,カンスー	true	2
順序 :	名詞,一般,*,*,*,*,順序,ジュンジョ,ジュンジョ	true	3
機械 :	名詞,一般,*,*,*,*,機械,キカイ,キカイ	true	1
=( :	名詞,サ変接続,*,*,*,*,*	false	1
実現 :	名詞,サ変接続,*,*,*,*,実現,ジツゲン,ジツゲン	true	1
xmy :	名詞,一般,*,*,*,*,*	false	1
yn :	名詞,一般,*,*,*,*,*	false	1
sp :	名詞,一般,*,*,*,*,*	false	3
<slide page="16"><body><p>九州大学工学部電気情報工学科（2006年度）同期式順序回路（１）同期回路： クロックに同期して動作する論理回路．クロックの立ち上がり時の入力と状態で，次回クロックが立ち上がるまでの出力と状態を確定．今日のほとんどの順序回路は同期回路として設計される．例） DフリップフロップD QCLKCLKDQ</p></body></slide>
in Sheet Class, page: 16
title = ""
body = "<p>九州大学工学部電気情報工学科（2006年度）同期式順序回路（１）同期回路： クロックに同期して動作する論理回路．クロックの立ち上がり時の入力と状態で，次回クロックが立ち上がるまでの出力と状態を確定．今日のほとんどの順序回路は同期回路として設計される．例） DフリップフロップD QCLKCLKDQ</p>"
makeWordArrayJp
paragraph: 九州大学工学部電気情報工学科（2006年度）同期式順序回路（１）同期回路： クロックに同期して動作する論理回路．クロックの立ち上がり時の入力と状態で，次回クロックが立ち上がるまでの出力と状態を確定．今日のほとんどの順序回路は同期回路として設計される．例） DフリップフロップD QCLKCLKDQ
九州 :	名詞,固有名詞,地域,一般,*,*,九州,キュウシュウ,キューシュー	true	1
大学 :	名詞,一般,*,*,*,*,大学,ダイガク,ダイガク	true	1
工学部 :	名詞,一般,*,*,*,*,工学部,コウガクブ,コーガクブ	true	1
電気 :	名詞,一般,*,*,*,*,電気,デンキ,デンキ	true	1
情報 :	名詞,一般,*,*,*,*,情報,ジョウホウ,ジョーホー	true	1
工学 :	名詞,一般,*,*,*,*,工学,コウガク,コーガク	true	1
年度 :	名詞,接尾,助数詞,*,*,*,年度,ネンド,ネンド	true	1
同期 :	名詞,副詞可能,*,*,*,*,同期,ドウキ,ドーキ	true	1
順序 :	名詞,一般,*,*,*,*,順序,ジュンジョ,ジュンジョ	true	1
回路 :	名詞,一般,*,*,*,*,回路,カイロ,カイロ	true	1
同期 :	名詞,副詞可能,*,*,*,*,同期,ドウキ,ドーキ	true	2
回路 :	名詞,一般,*,*,*,*,回路,カイロ,カイロ	true	2
クロック :	名詞,一般,*,*,*,*,クロック,クロック,クロック	true	1
同期 :	名詞,副詞可能,*,*,*,*,同期,ドウキ,ドーキ	true	3
動作 :	名詞,サ変接続,*,*,*,*,動作,ドウサ,ドーサ	true	1
論理 :	名詞,一般,*,*,*,*,論理,ロンリ,ロンリ	true	1
回路 :	名詞,一般,*,*,*,*,回路,カイロ,カイロ	true	3
クロック :	名詞,一般,*,*,*,*,クロック,クロック,クロック	true	2
立ち上がり :	名詞,一般,*,*,*,*,立ち上がり,タチアガリ,タチアガリ	true	1
入力 :	名詞,サ変接続,*,*,*,*,入力,ニュウリョク,ニューリョク	true	1
状態 :	名詞,一般,*,*,*,*,状態,ジョウタイ,ジョータイ	true	1
次回 :	名詞,副詞可能,*,*,*,*,次回,ジカイ,ジカイ	true	1
クロック :	名詞,一般,*,*,*,*,クロック,クロック,クロック	true	3
出力 :	名詞,サ変接続,*,*,*,*,出力,シュツリョク,シュツリョク	true	1
状態 :	名詞,一般,*,*,*,*,状態,ジョウタイ,ジョータイ	true	2
確定 :	名詞,サ変接続,*,*,*,*,確定,カクテイ,カクテイ	true	1
今日 :	名詞,副詞可能,*,*,*,*,今日,キョウ,キョー	true	1
順序 :	名詞,一般,*,*,*,*,順序,ジュンジョ,ジュンジョ	true	2
回路 :	名詞,一般,*,*,*,*,回路,カイロ,カイロ	true	4
同期 :	名詞,副詞可能,*,*,*,*,同期,ドウキ,ドーキ	true	4
回路 :	名詞,一般,*,*,*,*,回路,カイロ,カイロ	true	5
設計 :	名詞,サ変接続,*,*,*,*,設計,セッケイ,セッケイ	true	1
フリップフロップ :	名詞,一般,*,*,*,*,フリップフロップ,フリップフロップ,フリップフロップ	true	1
QCLKCLKDQ :	名詞,固有名詞,組織,*,*,*,*	false	1
<slide page="17"><body><p>九州大学工学部電気情報工学科（2006年度）同期式順序回路（２）CLKD・FF入力D・FF出力1クロックの間，出力／状態を保持．組み合わせ論理回路Ｄ・ ＦＦ組み合わせ論理回路Ｄ・ ＦＦ組み合わせ論理回路Ｄ・ ＦＦCLK時間の量子化により，同期回路では遅延の扱いが単純化される．信号の遅延により不安定．1クロックの長さは信号遅延より長く．</p></body></slide>
in Sheet Class, page: 17
title = ""
body = "<p>九州大学工学部電気情報工学科（2006年度）同期式順序回路（２）CLKD・FF入力D・FF出力1クロックの間，出力／状態を保持．組み合わせ論理回路Ｄ・ ＦＦ組み合わせ論理回路Ｄ・ ＦＦ組み合わせ論理回路Ｄ・ ＦＦCLK時間の量子化により，同期回路では遅延の扱いが単純化される．信号の遅延により不安定．1クロックの長さは信号遅延より長く．</p>"
makeWordArrayJp
paragraph: 九州大学工学部電気情報工学科（2006年度）同期式順序回路（２）CLKD・FF入力D・FF出力1クロックの間，出力／状態を保持．組み合わせ論理回路Ｄ・ ＦＦ組み合わせ論理回路Ｄ・ ＦＦ組み合わせ論理回路Ｄ・ ＦＦCLK時間の量子化により，同期回路では遅延の扱いが単純化される．信号の遅延により不安定．1クロックの長さは信号遅延より長く．
九州 :	名詞,固有名詞,地域,一般,*,*,九州,キュウシュウ,キューシュー	true	1
大学 :	名詞,一般,*,*,*,*,大学,ダイガク,ダイガク	true	1
工学部 :	名詞,一般,*,*,*,*,工学部,コウガクブ,コーガクブ	true	1
電気 :	名詞,一般,*,*,*,*,電気,デンキ,デンキ	true	1
情報 :	名詞,一般,*,*,*,*,情報,ジョウホウ,ジョーホー	true	1
工学 :	名詞,一般,*,*,*,*,工学,コウガク,コーガク	true	1
年度 :	名詞,接尾,助数詞,*,*,*,年度,ネンド,ネンド	true	1
同期 :	名詞,副詞可能,*,*,*,*,同期,ドウキ,ドーキ	true	1
順序 :	名詞,一般,*,*,*,*,順序,ジュンジョ,ジュンジョ	true	1
回路 :	名詞,一般,*,*,*,*,回路,カイロ,カイロ	true	1
CLKD :	名詞,固有名詞,組織,*,*,*,*	false	1
FF :	名詞,固有名詞,組織,*,*,*,*	false	1
入力 :	名詞,サ変接続,*,*,*,*,入力,ニュウリョク,ニューリョク	true	1
FF :	名詞,固有名詞,組織,*,*,*,*	false	2
出力 :	名詞,サ変接続,*,*,*,*,出力,シュツリョク,シュツリョク	true	1
クロック :	名詞,一般,*,*,*,*,クロック,クロック,クロック	true	1
出力 :	名詞,サ変接続,*,*,*,*,出力,シュツリョク,シュツリョク	true	2
状態 :	名詞,一般,*,*,*,*,状態,ジョウタイ,ジョータイ	true	1
保持 :	名詞,サ変接続,*,*,*,*,保持,ホジ,ホジ	true	1
組み合わせ :	名詞,一般,*,*,*,*,組み合わせ,クミアワセ,クミアワセ	true	1
論理 :	名詞,一般,*,*,*,*,論理,ロンリ,ロンリ	true	1
回路 :	名詞,一般,*,*,*,*,回路,カイロ,カイロ	true	2
ＦＦ :	名詞,一般,*,*,*,*,ＦＦ,エフエフ,エフエフ	true	1
組み合わせ :	名詞,一般,*,*,*,*,組み合わせ,クミアワセ,クミアワセ	true	2
論理 :	名詞,一般,*,*,*,*,論理,ロンリ,ロンリ	true	2
回路 :	名詞,一般,*,*,*,*,回路,カイロ,カイロ	true	3
ＦＦ :	名詞,一般,*,*,*,*,ＦＦ,エフエフ,エフエフ	true	2
組み合わせ :	名詞,一般,*,*,*,*,組み合わせ,クミアワセ,クミアワセ	true	3
論理 :	名詞,一般,*,*,*,*,論理,ロンリ,ロンリ	true	3
回路 :	名詞,一般,*,*,*,*,回路,カイロ,カイロ	true	4
ＦＦCLK :	名詞,一般,*,*,*,*,*	false	1
時間 :	名詞,副詞可能,*,*,*,*,時間,ジカン,ジカン	true	1
量子 :	名詞,一般,*,*,*,*,量子,リョウシ,リョーシ	true	1
同期 :	名詞,副詞可能,*,*,*,*,同期,ドウキ,ドーキ	true	2
回路 :	名詞,一般,*,*,*,*,回路,カイロ,カイロ	true	5
遅延 :	名詞,サ変接続,*,*,*,*,遅延,チエン,チエン	true	1
扱い :	名詞,サ変接続,*,*,*,*,扱い,アツカイ,アツカイ	true	1
単純 :	名詞,形容動詞語幹,*,*,*,*,単純,タンジュン,タンジュン	true	1
信号 :	名詞,一般,*,*,*,*,信号,シンゴウ,シンゴー	true	1
遅延 :	名詞,サ変接続,*,*,*,*,遅延,チエン,チエン	true	2
不安定 :	名詞,形容動詞語幹,*,*,*,*,不安定,フアンテイ,フアンテイ	true	1
クロック :	名詞,一般,*,*,*,*,クロック,クロック,クロック	true	2
信号 :	名詞,一般,*,*,*,*,信号,シンゴウ,シンゴー	true	2
遅延 :	名詞,サ変接続,*,*,*,*,遅延,チエン,チエン	true	3
