min(1)
NativeGold(1)
com(1)
or(1)
GOLD(1)
catalog(1)
www(1)
出所(1)
and(1)
jpg(1)
://(1)
utexas(1)
gems(1)
exhibits(1)
http(1)
images(1)
minservice(1)
tmm(1)
edu(1)
cartshop(1)
DSCN(1)
{ 1 } { 2 } { 3 } { 4 } { 5 } { 6 } { 7 } { 8 } { 9 } { 10 } { 11 } { 12 } { 13 } { 14 } { 15 } { 16 } { 17 } { 18 } { 19 } 
Segment{ 2 }, Segment{ 3 }
コサイン類似度: NaN
Segment{ 3 }, Segment{ 4 }
コサイン類似度: NaN
Segment{ 4 }, Segment{ 5 }
コサイン類似度: NaN
Segment{ 5 }, Segment{ 6 }
コサイン類似度: NaN
Segment{ 6 }, Segment{ 7 }
コサイン類似度: NaN
Segment{ 7 }, Segment{ 8 }
コサイン類似度: NaN
Segment{ 8 }, Segment{ 9 }
コサイン類似度: NaN
Segment{ 9 }, Segment{ 10 }
コサイン類似度: NaN
Segment{ 10 }, Segment{ 11 }
コサイン類似度: NaN
Segment{ 11 }, Segment{ 12 }
コサイン類似度: NaN
Segment{ 12 }, Segment{ 13 }
コサイン類似度: NaN
Segment{ 13 }, Segment{ 14 }
コサイン類似度: NaN
Segment{ 14 }, Segment{ 15 }
コサイン類似度: NaN
Segment{ 15 }, Segment{ 16 }
コサイン類似度: NaN
Segment{ 16 }, Segment{ 17 }
コサイン類似度: NaN
Segment{ 17 }, Segment{ 18 }
コサイン類似度: NaN
Segment{ 18 }, Segment{ 19 }
コサイン類似度: NaN
