filename: 12
xmlFile: /home/sakamoto/OCWData/ocw.kyushu-u.ac.jp/コンピュータアーキテクチャI/12/slide.xml
dir: /home/sakamoto/OCWData/ocw.kyushu-u.ac.jp/コンピュータアーキテクチャI/12
XML:
<presentation language="ja"><slide page="1"><body><p>算術論理演算ユニットの設計（教科書4.5節）</p></body></slide><slide page="2"><body><p>九州大学工学部電気情報工学科（2006年度）組合せ論理回路（復習）x1x2xmy1y2yn・・・yi = fi (x1, x2, x3, ..., xm)   (for 1 ≤ i ≤ n)組合せ論理回路： 出力値が入力値のみの関数となっている論理回路．論理関数 f: {0, 1}m→{0, 1}n を実現．（フィードバック・ループや記憶回路を含まない）・・・基本的な組合せ論理回路： インバータ，ANDゲート，ORゲート，XORゲートなど．</p></body></slide><slide page="3"><body><p>九州大学工学部電気情報工学科（2006年度）組合せ論理回路（復習）NOTゲート（インバータ）a yANDゲートab yORゲートab ya y0 11 0a b y0 00 1 01 0 0101 1a b y0 00 1 11 0 1101 1a b c y0 0010 1 1 11 0 0 01 0 1 11 1 0 01000 1 00 0 111 110abcyマルチプレクサ（選択回路）a b y0 00 1 11 0 1101 0XORゲートab y</p></body></slide><slide page="4"><body><p>九州大学工学部電気情報工学科（2006年度）順序回路（復習）yi = fi (x1, x2, ..., xm, s1, s2 , ..., sp)   (for 1 ≤ i ≤ n)sj = gj (x1, x2, ..., xm, s1, s2 , ..., sp)   (for 1 ≤ j ≤ p)順序回路： 出力値が，入力値と回路の状態値の関数となっている論理回路．また，次状態値も入力値と回路の現状態値の関数となっている．順序機械 M=(I, O, S, δ, λ) を実現．x1x2xmy1y2yn・・・ ・・・組合せ回路記憶回路・・・・・ ・・ ・s1 s2spI：入力集合O：出力集合S：状態集合δ：状態遷移関数λ：出力関数</p></body></slide><slide page="5"><body><p>九州大学工学部電気情報工学科（2006年度）同期式順序回路（復習）同期回路： クロックに同期して動作する順序論理回路．クロックの立ち上がり時の入力と状態で，次回クロックが立ち上がるまでの出力と状態を確定．組合せ論理回路記憶回路組合せ論理回路記憶回路組合せ論理回路記憶回路クロック信号代表的なクロック同期式記憶回路：DフリップフロップD QCLKCLKDQ</p></body></slide><slide page="6"><body><p>九州大学工学部電気情報工学科（2006年度）レジスタPCデコーダ・ ・ ・プロセッサ主記憶ALU算術論理演算ユニットALUz ALU: Arithmetic Logic Unitz 機能（32ビット演算）z 論理演算（AND，OR，XORなど）z 算術演算（加算，減算，比較など）z シフト演算z 基本構成部品z NOTゲート（インバータ）z AND/OR/XORゲートz マルチプレクサALUで計算されるデータを記憶する．データは主記憶から読み込まれ，主記憶に書き戻される．プログラムの命令とデータを格納．データバスアドレスバス算術演算や論理演算を実行する．＊）本講義では，XORならびにシフト演算は省略する</p></body></slide><slide page="7"><body><p>九州大学工学部電気情報工学科（2006年度）1ビット論理演算器を設計してみよう！z仕様z入力：a, b, op（各1ビット）z出力：y（1ビット）z機能za, bに対しる「AND」か「OR」の論理演算zopにより操作（ANDかORか）を決定z基本的な考え方z論理積（AND）と論理和（OR）の両方を並列に求めるzop信号の値に基づき何れか一方を選択してyへ出力するop a b y0 0 00 0 1 0 (a & b)0 1 0 0 (a & b)1 0 0 0 (a or b)1 0 1 1 (a or b)1 1 0 1 (a or b)1 1 1 1 (a or b)10 (a & b)0 1 1 (a & b)真理値表abopy01マルチプレクサ（操作）（出力）</p></body></slide><slide page="8"><body><p>九州大学工学部電気情報工学科（2006年度）32ビット論理演算器の設計（1）op01オペランドのビットごとにANDやORをとるab010101010011101001y 0000111（出力）[31] [3] [2] [1] [0]000010101（操作）論理積の場合（op信号が0）</p></body></slide><slide page="9"><body><p>九州大学工学部電気情報工学科（2006年度）32ビット論理演算器の設計（2)01オペランドのビットごとにANDやORをとるab010101010011101001y 0111111（出力）[31] [3] [2] [1] [0]100010101op（操作）論理和の場合（op信号が1）</p></body></slide><slide page="10"><body><p>九州大学工学部電気情報工学科（2006年度）1ビット加算器を設計してみよう！（1）z 仕様z 入力：a, b, cin（各1ビット）z 出力：s, cout（各1ビット）z 機能z入力a，b，ならびに，下の桁からの桁上がり（cin）を加算z和（s）と上の桁への桁上がり（cout）を出力0 0 00 1 1 1 0 1 1 00 0 1 1 0 1 0 11101110 110 1 1+)←a←b入力：下位からの桁上げ（cin）キャリー・イン入力：足される数（aとb）出力：和（s）出力：上位への桁上げ（cout）キャリー・アウト</p></body></slide><slide page="11"><body><p>九州大学工学部電気情報工学科（2006年度）1ビット加算器を設計してみよう！（2）cin a b s0 011010010 0 1 00 1 0 01 0 0 01 0 1 11 1 0 11 1 1 11cout0 0 00 1 1真理値表+abcin couts1ビット全加算器cinbacinbacinbacinbacoutcinbacinbacinbacinbas⋅⋅+⋅⋅+⋅⋅+⋅⋅=⋅⋅+⋅⋅+⋅⋅+⋅⋅=sとcoutの積和標準形（キャリー・イン） （キャリー・アウト）（和）</p></body></slide><slide page="12"><body><p>九州大学工学部電気情報工学科（2006年度）32ビット加算器の設計1ビット加算器を使った32ビット加算器+s31a31 cout++ s1s0b31b1b0a1a0coutcoutcin0 cin・ ・ ・下位から上位へ桁上げが伝播coutcin順次桁上げ加算器（ripple carry adder）</p></body></slide><slide page="13"><body><p>九州大学工学部電気情報工学科（2006年度）加算/AND/OR対応1ビットALUの設計z 仕様z 入力：a, b, cin（各1ビット）z 入力：op（2ビット）z 出力：y, cout（各1ビット）z 機能z 「AND」か「OR」か「加算」z opにより操作（出力）を決定z op=00→aとbの論理積（AND)z op=01→aとbの論理和（OR)z op=10→aとbとcinの加算abopy＋2cincout000110（操作）s</p></body></slide><slide page="14"><body><p>九州大学工学部電気情報工学科（2006年度）加算/AND/OR対応32ビットALUの設計y31a31y1y0b31b1b0a1a0・ ・ ・2cincout0coutcincoutcincoutop加算/AND/OR対応1bitALUabopy＋2cincout000110（操作）</p></body></slide><slide page="15"><body><p>九州大学工学部電気情報工学科（2006年度）減算器の設計（１）減算（b を引く）＝負数の加算（–b を足す）–29(10)+)102(10)0 1 1 0 0 1 1 01 1 1 0 0 0 1 1101110 0 11010 1 73(10)キャリー2の補数表現の場合，符号を気にすることなく，符号なし整数の加算とまったく同じ方法で減算できる．</p></body></slide><slide page="16"><body><p>九州大学工学部電気情報工学科（2006年度）減算器の設計（２）① 2進数の 0 と 1 を反転する．0000 0000 0000 0101    → 1111 1111 1111 1010② ①で得られた2進数をひとつカウントアップする．1111 1111 1111 1010    → 1111 1111 1111 1011a – b を求めるには:① b の 0 と 1 を反転する．② ①の結果に 1 を加算する．③ a と②の結果を加算する．2の補数表現による負数のビット表現の簡単な求め方:「－b」の２の補数表現を求めるa＋（－b）を計算する</p></body></slide><slide page="17"><body><p>九州大学工学部電気情報工学科（2006年度）加算/減算/AND/OR対応1ビットALUの設計z入力：a, b, cin（各1ビット）z入力：op（2ビット），neg（1ビット）z出力：y, cout（各1ビット）z機能z「AND」か「OR」か「加算」か「減算」zopにより操作を決定zop=00→論理積（AND)zop=01→論理和（OR)zop=10→加算または減算znegにより入力bを反転するか否か決定zneg=0→反転なし（AND/OR/加算）zneg=1→反転（減算）abopy＋2cincout00011001neg（操作）（ビット反転）</p></body></slide><slide page="18"><body><p>九州大学工学部電気情報工学科（2006年度）abopy＋2cincout00011001neg（操作）（ビット反転）加算/減算/AND/OR対応32ビットALUの設計y31a31y1y0b31b1b0a1a0・ ・ ・2 cincoutnegcoutcincoutcincoutop加算/減算/AND/OR対応1bitALUneg=0 → cinは0 neg=1 →cinは1（つまり＋１）op=10, neg=1の時「a＋（－b）」を出力neg=0 → b neg=1 →bの反転</p></body></slide><slide page="19"><body><p>九州大学工学部電気情報工学科（2006年度）オーバーフロー（１）オーバーフロー: 算術演算の結果が表現可能な値の範囲を超えること．４bit 加算の場合：① 正（0000～0111） + 正（0000～0111） → 0000～1110(0～7) + (0～7) で結果は 0 ～ 14．オーバーフローの可能性あり．結果が 1000(8)～1110(14) のとき（＝負のとき），オーバーフロー．② 正（0000～0111） + 負（1000～1111） → 1000～0110(0～7) + (–8～–1) で結果は –8～6．オーバーフローはない．③ 負（1000～1111） + 正（0000～0111） → 1000～0110(–8～–1) + (0～7) で結果は –8～6．オーバーフローはない．④ 負（1000～1111） + 負（1000～1111） → 0000～1110(–8～–1) + (–8～–1) で結果は –16～–2．オーバーフローの可能性あり．結果が 0000～0111 のとき（＝正のとき），オーバーフロー．</p></body></slide><slide page="20"><body><p>九州大学工学部電気情報工学科（2006年度）オーバーフロー（２）４bit 減算の場合：⑤ 正（0000～0111） – 正（0000～0111）正（0000～0111） + 負（1000～1111） と同じ．オーバーフローなし．⑥ 正（0000～0111） – 負（1000～1111）正（0000～0111） + 正（0000～0111） と同じ．結果が負のとき，オーバーフロー．⑦ 負（1000～1111） – 正（0000～0111）負（1000～1111） + 負（1000～1111） と同じ．結果が正のとき，オーバーフロー．⑧ 負（1000～1111） – 負（1000～1111）負（1000～1111） + 正（0000～0111） と同じ．オーバーフローなし．</p></body></slide><slide page="21"><body><p>九州大学工学部電気情報工学科（2006年度）abopy31＋2cincout00011001neg（操作）（ビット反転）オーバーフロー（３）y31a31y1y0b31b1b0a1a0・ ・ ・2 cincoutnegcoutcincoutcincoutop加算/減算/AND/OR対応1bitALU（最上位ビット）正＋正＝負，負＋負＝正のときオーバーフロー発生a31’b31’符号ビット</p></body></slide><slide page="22"><body><p>九州大学工学部電気情報工学科（2006年度）オーバーフロー（４）a31’ b31’ cin y31 cout0 000101110001111備考0 0 0 ①正＋正＝正／⑤正ー負＝正0 1 1 ①正＋正＝負／⑤正ー負＝負1 0 1 ②正＋負＝負／⑥正ー正＝負1 1 0 ②正＋負＝正／⑥正ー正＝正0 0 1 ③負＋正＝負／⑦負ー負＝負0 1 0 ③負＋正＝正／⑦負ー負＝正1 0 0 ④負＋負＝正／⑧負ー正＝正1 1 1 ④負＋負＝負／⑧負ー正＝負cin ≠ cout ならばオーバーフロー</p></body></slide><slide page="23"><body><p>九州大学工学部電気情報工学科（2006年度）オーバーフロー（５）y31a31y1y0b31b1b0a1a0・ ・ ・2 cincoutnegcoutcincoutcincoutop加算/減算/AND/OR対応1bitALU（最上位ビット）abopy31＋2cincout00011001neg（操作）（ビット反転） ovf（操作）（ビット反転）ovf：オーバーフロー出力ovf</p></body></slide><slide page="24"><body><p>九州大学工学部電気情報工学科（2006年度）比較器（slt：set-on-less-than）の設計レジスタ$s1の値と$s2の値を比較して，$s1<$s2であれば$s0に値「1」を，そうでなければ値「0」を格納（分岐条件の設定に利用）MIPSでの比較命令の例$s1 < $s2Yes No$s0 ← 1 $s0 ← 0slt $s0, $s1, $s2ALUに要求される機能①32ビット入力aとbを比較•「a－b<0」か否かを判定②比較結果に基づき0か1を出力•a<bの場合：32ビットの000…0001•a>=bの場合：32ビットの000…0000比較結果に依存するのは最下位ビットのみ</p></body></slide><slide page="25"><body><p>九州大学工学部電気情報工学科（2006年度）abopy31＋2cincout00011001neg（操作）（ビット反転） ovf減算に基づく大小比較（１）y31a31y1y0b31b1b0a1a0・ ・ ・2 cincoutnegcoutcincoutcincoutop加算/減算/AND/OR対応1bitALU（最上位ビット）•減算結果の符号に基づき判定（a-bの結果が負→a<b）•減算におけるオーバーフローに注意a31’b31’符号ビット（＝１）MSB用ovf</p></body></slide><slide page="26"><body><p>九州大学工学部電気情報工学科（2006年度）減算に基づく大小比較（２）a31 b31 a31’ b31’ cin y31 cout ovf00001110101100101001000011010 01100001111備考0 0 0 ⑤正ー負＝正0 1 1 ⑤正ー負＝負1 0 1 ⑥正ー正＝負（a < b）1 1 0 ⑥正ー正＝正0 0 1 ⑦負ー負＝負（a < b）0 1 0 ⑦負ー負＝正1 0 0 ⑧負ー正＝正（a < b）1 1 1 ⑧負ー正＝負（a < b）オーバーフローが生じなくて（ovf = 0），結果が負（y31=1） → a < bオーバーフローが生じて（ovf =1），結果が正（y31=0） → a < bつまり、ovf と y31が不一致の場合はa<b</p></body></slide><slide page="27"><body><p>九州大学工学部電気情報工学科（2006年度）cout ovfabopy312cincout00011001neg（操作）（ビット反転）ovf大小比較y31a31y1y0b31b1b0a1a0・ ・ ・2 cincoutnegcincoutcincoutop（＝１）MSB用setset＋「a < b」時に‘１’となる出力信号setを生成</p></body></slide><slide page="28"><body><p>九州大学工学部電気情報工学科（2006年度）比較器の設計（出力の生成）y31a31y1y0b31・ ・ ・2negcinop（操作）（ビット反転）MSB用coutcoutovfslt(=0)a1b1cincoutslt(=0)a0b0cincoutsltsltslt•LSB以外：「0」を出力•LSB：比較結果に基づき0/1を出力setabopy2cincout01neg（操作）（ビット反転）ovf00011011＋sltset完成版MSB用１ビットALUabopy2cin cout01neg（操作）（ビット反転）00011011＋slt完成版一般用１ビットALU</p></body></slide><slide page="29"><body><p>九州大学工学部電気情報工学科（2006年度）完成版32ビットALUy31a31y1y0b31・ ・ ・2negcinop（操作）（ビット反転）cout ovfslt(=0)a1b1cincoutslt(=0)a0b0cincoutsltsltsltset完成版MSB用１ビットALU完成版一般用１ビットALU完成版一般用１ビットALUzeroゼロ判定回路ALU制御信号（3ビット）命令 op（操作）neg（ビット反転）AND 00 0OR 01 0ADD 10 0SUB 10 1SLT 11 1</p></body></slide><slide page="30"><body><p>九州大学工学部電気情報工学科（2006年度）加算器の高速化（１）順次桁上げ加算器（Ripple Carry Adder）+y31a31 cout++ y1y0b31b1b0a1a0coutcoutcincin・ ・ ・ビット数に比例して遅延が大きくなる．c0c1c31</p></body></slide><slide page="31"><body><p>九州大学工学部電気情報工学科（2006年度）加算器の高速化（２）真理値表a0 b0 c0 y c10 0 0 0 00 1 0 1 01 0 0 1 01 1 0 0 10 0 1 1 00 1 1 0 11 0 1 0 11 1 1 1 1c1 = a0・c0 + b0・c0 + a0・b0 = (a0 + b0)・c0 + a0・b0</p></body></slide><slide page="32"><body><p>九州大学工学部電気情報工学科（2006年度）加算器の高速化（３）c1 = a0・c0 + b0・c0 + a0・b0 = (a0 + b0)・c0 + a0・b0c2 = a1・c1 + b1・c1 + a1・b1 = (a1 + b1)・c1 + a1・b1…c31 = a31・c31 + b31・c31 + a31・b31 = (a31 + b31)・c31 + a31・b3132個の各加算器の回路は同じであるので，c2 の右辺の c1，c3 の右辺の c2，…を順次置換すると，c2 = ((a0 + b0)・c0 + a0・b0)・(a1 + b1) + a1・b1☺ c1 がわからなくても，c0 から c2 が求められる．c3 = (((a0 + b0)・c1 + a0・b0)・(a1 + b1) + a1・b1)・(a2 + b2) + a2・b2☺ c2 がわからなくても，c0 から c3 が求められる．…/ビット数が増えるほど，指数関数的に式が長くなる（＝回路が大きくなる）．</p></body></slide><slide page="33"><body><p>九州大学工学部電気情報工学科（2006年度）加算器の高速化（４）c1 = g0 + p0・c0c2 = g1 + p1・g0 + p1・p0・c0c3 =  g2 + p2・g1 + p2・p1・g0 + p2・p1・p0・c0c4 =  g3 + p3・g2 + p3・p2・g1 + p3・p2・p1・g0 + p3・p2・p1・p0・c0gi = ai・bi，pi = ai + bi とすると，4bit 桁上げ先見加算器（Carry Look Ahead Adder）4bit桁上げ先見加算器a3～a0b3～b0c0y3～y0c444 4</p></body></slide><slide page="34"><body><p>九州大学工学部電気情報工学科（2006年度）桁上げ先見ユ ニ ッ ト加算器の高速化（５）4bit 桁上げ先見加算器（Carry Look Ahead Adder）+y3a3++y1y0b3b1b0a1a0c1c3+b2a2c1y2g3p3g2p2g1p1g0p0c0c4</p></body></slide><slide page="35"><body><p>九州大学工学部電気情報工学科（2006年度）加算器の高速化（６）32bit 加算器4bit桁上げ先見加算器4bit桁上げ先見加算器4bit桁上げ先見加算器・ ・ ・ まだ長い！c0c4c28a3～a0a7～a4a31～a28b31～b28b7～b4b3～b0 y3～y0y7～y4y31～y28444444444</p></body></slide><slide page="36"><body><p>九州大学工学部電気情報工学科（2006年度）加算器の高速化（７）c4 =  g3 + p3・g2 + p3・p2・g1 + p3・p2・p1・g0 + p3・p2・p1・p0・c0c8 =  g7 + p7・g6 + p7・p6・g5 + p7・p6・p5・g4 + p7・p6・p5・p4・c4…c32 =  g31 + p31・g30 + p31・p30・g29 + p31・p30・p29・g28 + p31・p30・p29・p28・c288個の各4bit桁上げ先見加算器の回路は同じであるので，P0 = p3・p2・p1・p0，P1 = p7・p6・p5・p4，…，G0 = g3 + p3・g2 + p3・p2・g1 + p3・p2・p1・g0， G1 = g7 + p7・g6 + p7・p6・g5 + p7・p6・p5・g4，…として，c8 の右辺の c4，c12 の右辺の c8，…を順次置換すると，c4 = G0 + P0・c0c8 = G1 + P1・G0 + P1・P0・c0c12 =  G2 + P2・G1 + P2・P1・G0 + P2・P1・P0・c0…</p></body></slide><slide page="37"><body><p>九州大学工学部電気情報工学科（2006年度）桁上げ先見ユ ニ ッ ト加算器の高速化（８）32bit 桁上げ先見加算器（Carry Look Ahead Adder）+++G7P7G1P1G0P0c0c32a3～a0b3～b0a7～a4a31～a28b31～b28b7～b4・ ・ ・y3～y0y7～y4y31～y28444444c4c28444c8</p></body></slide></presentation>
<slide page="1"><body><p>算術論理演算ユニットの設計（教科書4.5節）</p></body></slide>
in Sheet Class, page: 1
title = ""
body = "<p>算術論理演算ユニットの設計（教科書4.5節）</p>"
makeWordArrayJp
paragraph: 算術論理演算ユニットの設計（教科書4.5節）
算術 :	名詞,一般,*,*,*,*,算術,サンジュツ,サンジュツ	true	1
論理 :	名詞,一般,*,*,*,*,論理,ロンリ,ロンリ	true	1
演算 :	名詞,サ変接続,*,*,*,*,演算,エンザン,エンザン	true	1
ユニット :	名詞,一般,*,*,*,*,ユニット,ユニット,ユニット	true	1
設計 :	名詞,サ変接続,*,*,*,*,設計,セッケイ,セッケイ	true	1
教科書 :	名詞,一般,*,*,*,*,教科書,キョウカショ,キョーカショ	true	1
<slide page="2"><body><p>九州大学工学部電気情報工学科（2006年度）組合せ論理回路（復習）x1x2xmy1y2yn・・・yi = fi (x1, x2, x3, ..., xm)   (for 1 ≤ i ≤ n)組合せ論理回路： 出力値が入力値のみの関数となっている論理回路．論理関数 f: {0, 1}m→{0, 1}n を実現．（フィードバック・ループや記憶回路を含まない）・・・基本的な組合せ論理回路： インバータ，ANDゲート，ORゲート，XORゲートなど．</p></body></slide>
in Sheet Class, page: 2
title = ""
body = "<p>九州大学工学部電気情報工学科（2006年度）組合せ論理回路（復習）x1x2xmy1y2yn・・・yi = fi (x1, x2, x3, ..., xm)   (for 1 ≤ i ≤ n)組合せ論理回路： 出力値が入力値のみの関数となっている論理回路．論理関数 f: {0, 1}m→{0, 1}n を実現．（フィードバック・ループや記憶回路を含まない）・・・基本的な組合せ論理回路： インバータ，ANDゲート，ORゲート，XORゲートなど．</p>"
makeWordArrayJp
paragraph: 九州大学工学部電気情報工学科（2006年度）組合せ論理回路（復習）x1x2xmy1y2yn・・・yi = fi (x1, x2, x3, ..., xm)   (for 1 ≤ i ≤ n)組合せ論理回路： 出力値が入力値のみの関数となっている論理回路．論理関数 f: {0, 1}m→{0, 1}n を実現．（フィードバック・ループや記憶回路を含まない）・・・基本的な組合せ論理回路： インバータ，ANDゲート，ORゲート，XORゲートなど．
九州 :	名詞,固有名詞,地域,一般,*,*,九州,キュウシュウ,キューシュー	true	1
大学 :	名詞,一般,*,*,*,*,大学,ダイガク,ダイガク	true	1
工学部 :	名詞,一般,*,*,*,*,工学部,コウガクブ,コーガクブ	true	1
電気 :	名詞,一般,*,*,*,*,電気,デンキ,デンキ	true	1
情報 :	名詞,一般,*,*,*,*,情報,ジョウホウ,ジョーホー	true	1
工学 :	名詞,一般,*,*,*,*,工学,コウガク,コーガク	true	1
年度 :	名詞,接尾,助数詞,*,*,*,年度,ネンド,ネンド	true	1
組合せ :	名詞,一般,*,*,*,*,組合せ,クミアワセ,クミアワセ	true	1
論理 :	名詞,一般,*,*,*,*,論理,ロンリ,ロンリ	true	1
回路 :	名詞,一般,*,*,*,*,回路,カイロ,カイロ	true	1
復習 :	名詞,サ変接続,*,*,*,*,復習,フクシュウ,フクシュー	true	1
xmy :	名詞,一般,*,*,*,*,*	false	1
yn :	名詞,一般,*,*,*,*,*	false	1
yi :	名詞,固有名詞,組織,*,*,*,*	false	1
fi :	名詞,固有名詞,組織,*,*,*,*	false	1
..., :	名詞,サ変接続,*,*,*,*,*	false	1
xm :	名詞,固有名詞,組織,*,*,*,*	false	1
for :	名詞,固有名詞,組織,*,*,*,*	false	1
組合せ :	名詞,一般,*,*,*,*,組合せ,クミアワセ,クミアワセ	true	2
論理 :	名詞,一般,*,*,*,*,論理,ロンリ,ロンリ	true	2
回路 :	名詞,一般,*,*,*,*,回路,カイロ,カイロ	true	2
出力 :	名詞,サ変接続,*,*,*,*,出力,シュツリョク,シュツリョク	true	1
入力 :	名詞,サ変接続,*,*,*,*,入力,ニュウリョク,ニューリョク	true	1
関数 :	名詞,一般,*,*,*,*,関数,カンスウ,カンスー	true	1
論理 :	名詞,一般,*,*,*,*,論理,ロンリ,ロンリ	true	3
回路 :	名詞,一般,*,*,*,*,回路,カイロ,カイロ	true	3
論理 :	名詞,一般,*,*,*,*,論理,ロンリ,ロンリ	true	4
関数 :	名詞,一般,*,*,*,*,関数,カンスウ,カンスー	true	2
→{ :	名詞,サ変接続,*,*,*,*,*	false	1
実現 :	名詞,サ変接続,*,*,*,*,実現,ジツゲン,ジツゲン	true	1
フィードバック :	名詞,サ変接続,*,*,*,*,フィードバック,フィードバック,フィードバック	true	1
ループ :	名詞,一般,*,*,*,*,ループ,ループ,ループ	true	1
記憶 :	名詞,サ変接続,*,*,*,*,記憶,キオク,キオク	true	1
回路 :	名詞,一般,*,*,*,*,回路,カイロ,カイロ	true	4
基本 :	名詞,一般,*,*,*,*,基本,キホン,キホン	true	1
組合せ :	名詞,一般,*,*,*,*,組合せ,クミアワセ,クミアワセ	true	3
論理 :	名詞,一般,*,*,*,*,論理,ロンリ,ロンリ	true	5
回路 :	名詞,一般,*,*,*,*,回路,カイロ,カイロ	true	5
インバータ :	名詞,一般,*,*,*,*,インバータ,インバータ,インバータ	true	1
AND :	名詞,固有名詞,組織,*,*,*,*	false	1
ゲート :	名詞,一般,*,*,*,*,ゲート,ゲート,ゲート	true	1
OR :	名詞,固有名詞,組織,*,*,*,*	false	1
ゲート :	名詞,一般,*,*,*,*,ゲート,ゲート,ゲート	true	2
XOR :	名詞,固有名詞,組織,*,*,*,*	false	1
ゲート :	名詞,一般,*,*,*,*,ゲート,ゲート,ゲート	true	3
<slide page="3"><body><p>九州大学工学部電気情報工学科（2006年度）組合せ論理回路（復習）NOTゲート（インバータ）a yANDゲートab yORゲートab ya y0 11 0a b y0 00 1 01 0 0101 1a b y0 00 1 11 0 1101 1a b c y0 0010 1 1 11 0 0 01 0 1 11 1 0 01000 1 00 0 111 110abcyマルチプレクサ（選択回路）a b y0 00 1 11 0 1101 0XORゲートab y</p></body></slide>
in Sheet Class, page: 3
title = ""
body = "<p>九州大学工学部電気情報工学科（2006年度）組合せ論理回路（復習）NOTゲート（インバータ）a yANDゲートab yORゲートab ya y0 11 0a b y0 00 1 01 0 0101 1a b y0 00 1 11 0 1101 1a b c y0 0010 1 1 11 0 0 01 0 1 11 1 0 01000 1 00 0 111 110abcyマルチプレクサ（選択回路）a b y0 00 1 11 0 1101 0XORゲートab y</p>"
makeWordArrayJp
paragraph: 九州大学工学部電気情報工学科（2006年度）組合せ論理回路（復習）NOTゲート（インバータ）a yANDゲートab yORゲートab ya y0 11 0a b y0 00 1 01 0 0101 1a b y0 00 1 11 0 1101 1a b c y0 0010 1 1 11 0 0 01 0 1 11 1 0 01000 1 00 0 111 110abcyマルチプレクサ（選択回路）a b y0 00 1 11 0 1101 0XORゲートab y
九州 :	名詞,固有名詞,地域,一般,*,*,九州,キュウシュウ,キューシュー	true	1
大学 :	名詞,一般,*,*,*,*,大学,ダイガク,ダイガク	true	1
工学部 :	名詞,一般,*,*,*,*,工学部,コウガクブ,コーガクブ	true	1
電気 :	名詞,一般,*,*,*,*,電気,デンキ,デンキ	true	1
情報 :	名詞,一般,*,*,*,*,情報,ジョウホウ,ジョーホー	true	1
工学 :	名詞,一般,*,*,*,*,工学,コウガク,コーガク	true	1
年度 :	名詞,接尾,助数詞,*,*,*,年度,ネンド,ネンド	true	1
組合せ :	名詞,一般,*,*,*,*,組合せ,クミアワセ,クミアワセ	true	1
論理 :	名詞,一般,*,*,*,*,論理,ロンリ,ロンリ	true	1
回路 :	名詞,一般,*,*,*,*,回路,カイロ,カイロ	true	1
復習 :	名詞,サ変接続,*,*,*,*,復習,フクシュウ,フクシュー	true	1
NOT :	名詞,固有名詞,組織,*,*,*,*	false	1
ゲート :	名詞,一般,*,*,*,*,ゲート,ゲート,ゲート	true	1
インバータ :	名詞,一般,*,*,*,*,インバータ,インバータ,インバータ	true	1
yAND :	名詞,固有名詞,組織,*,*,*,*	false	1
ゲート :	名詞,一般,*,*,*,*,ゲート,ゲート,ゲート	true	2
ab :	名詞,一般,*,*,*,*,*	false	1
yOR :	名詞,固有名詞,組織,*,*,*,*	false	1
ゲート :	名詞,一般,*,*,*,*,ゲート,ゲート,ゲート	true	3
ab :	名詞,一般,*,*,*,*,*	false	2
ya :	名詞,固有名詞,組織,*,*,*,*	false	1
abcy :	名詞,一般,*,*,*,*,*	false	1
マルチプレクサ :	名詞,一般,*,*,*,*,マルチプレクサ,マルチプレクサ,マルチプレクサ	true	1
選択 :	名詞,サ変接続,*,*,*,*,選択,センタク,センタク	true	1
回路 :	名詞,一般,*,*,*,*,回路,カイロ,カイロ	true	2
XOR :	名詞,一般,*,*,*,*,*	false	1
ゲート :	名詞,一般,*,*,*,*,ゲート,ゲート,ゲート	true	4
ab :	名詞,一般,*,*,*,*,*	false	3
<slide page="4"><body><p>九州大学工学部電気情報工学科（2006年度）順序回路（復習）yi = fi (x1, x2, ..., xm, s1, s2 , ..., sp)   (for 1 ≤ i ≤ n)sj = gj (x1, x2, ..., xm, s1, s2 , ..., sp)   (for 1 ≤ j ≤ p)順序回路： 出力値が，入力値と回路の状態値の関数となっている論理回路．また，次状態値も入力値と回路の現状態値の関数となっている．順序機械 M=(I, O, S, δ, λ) を実現．x1x2xmy1y2yn・・・ ・・・組合せ回路記憶回路・・・・・ ・・ ・s1 s2spI：入力集合O：出力集合S：状態集合δ：状態遷移関数λ：出力関数</p></body></slide>
in Sheet Class, page: 4
title = ""
body = "<p>九州大学工学部電気情報工学科（2006年度）順序回路（復習）yi = fi (x1, x2, ..., xm, s1, s2 , ..., sp)   (for 1 ≤ i ≤ n)sj = gj (x1, x2, ..., xm, s1, s2 , ..., sp)   (for 1 ≤ j ≤ p)順序回路： 出力値が，入力値と回路の状態値の関数となっている論理回路．また，次状態値も入力値と回路の現状態値の関数となっている．順序機械 M=(I, O, S, δ, λ) を実現．x1x2xmy1y2yn・・・ ・・・組合せ回路記憶回路・・・・・ ・・ ・s1 s2spI：入力集合O：出力集合S：状態集合δ：状態遷移関数λ：出力関数</p>"
makeWordArrayJp
paragraph: 九州大学工学部電気情報工学科（2006年度）順序回路（復習）yi = fi (x1, x2, ..., xm, s1, s2 , ..., sp)   (for 1 ≤ i ≤ n)sj = gj (x1, x2, ..., xm, s1, s2 , ..., sp)   (for 1 ≤ j ≤ p)順序回路： 出力値が，入力値と回路の状態値の関数となっている論理回路．また，次状態値も入力値と回路の現状態値の関数となっている．順序機械 M=(I, O, S, δ, λ) を実現．x1x2xmy1y2yn・・・ ・・・組合せ回路記憶回路・・・・・ ・・ ・s1 s2spI：入力集合O：出力集合S：状態集合δ：状態遷移関数λ：出力関数
九州 :	名詞,固有名詞,地域,一般,*,*,九州,キュウシュウ,キューシュー	true	1
大学 :	名詞,一般,*,*,*,*,大学,ダイガク,ダイガク	true	1
工学部 :	名詞,一般,*,*,*,*,工学部,コウガクブ,コーガクブ	true	1
電気 :	名詞,一般,*,*,*,*,電気,デンキ,デンキ	true	1
情報 :	名詞,一般,*,*,*,*,情報,ジョウホウ,ジョーホー	true	1
工学 :	名詞,一般,*,*,*,*,工学,コウガク,コーガク	true	1
年度 :	名詞,接尾,助数詞,*,*,*,年度,ネンド,ネンド	true	1
順序 :	名詞,一般,*,*,*,*,順序,ジュンジョ,ジュンジョ	true	1
回路 :	名詞,一般,*,*,*,*,回路,カイロ,カイロ	true	1
復習 :	名詞,サ変接続,*,*,*,*,復習,フクシュウ,フクシュー	true	1
yi :	名詞,固有名詞,組織,*,*,*,*	false	1
fi :	名詞,固有名詞,組織,*,*,*,*	false	1
..., :	名詞,サ変接続,*,*,*,*,*	false	1
xm :	名詞,固有名詞,組織,*,*,*,*	false	1
..., :	名詞,サ変接続,*,*,*,*,*	false	2
sp :	名詞,固有名詞,組織,*,*,*,*	false	1
for :	名詞,固有名詞,組織,*,*,*,*	false	1
sj :	名詞,固有名詞,組織,*,*,*,*	false	1
gj :	名詞,固有名詞,組織,*,*,*,*	false	1
..., :	名詞,サ変接続,*,*,*,*,*	false	3
xm :	名詞,固有名詞,組織,*,*,*,*	false	2
..., :	名詞,サ変接続,*,*,*,*,*	false	4
sp :	名詞,固有名詞,組織,*,*,*,*	false	2
for :	名詞,固有名詞,組織,*,*,*,*	false	2
順序 :	名詞,一般,*,*,*,*,順序,ジュンジョ,ジュンジョ	true	2
回路 :	名詞,一般,*,*,*,*,回路,カイロ,カイロ	true	2
出力 :	名詞,サ変接続,*,*,*,*,出力,シュツリョク,シュツリョク	true	1
入力 :	名詞,サ変接続,*,*,*,*,入力,ニュウリョク,ニューリョク	true	1
回路 :	名詞,一般,*,*,*,*,回路,カイロ,カイロ	true	3
状態 :	名詞,一般,*,*,*,*,状態,ジョウタイ,ジョータイ	true	1
関数 :	名詞,一般,*,*,*,*,関数,カンスウ,カンスー	true	1
論理 :	名詞,一般,*,*,*,*,論理,ロンリ,ロンリ	true	1
回路 :	名詞,一般,*,*,*,*,回路,カイロ,カイロ	true	4
状態 :	名詞,一般,*,*,*,*,状態,ジョウタイ,ジョータイ	true	2
入力 :	名詞,サ変接続,*,*,*,*,入力,ニュウリョク,ニューリョク	true	2
回路 :	名詞,一般,*,*,*,*,回路,カイロ,カイロ	true	5
状態 :	名詞,一般,*,*,*,*,状態,ジョウタイ,ジョータイ	true	3
関数 :	名詞,一般,*,*,*,*,関数,カンスウ,カンスー	true	2
順序 :	名詞,一般,*,*,*,*,順序,ジュンジョ,ジュンジョ	true	3
機械 :	名詞,一般,*,*,*,*,機械,キカイ,キカイ	true	1
=( :	名詞,サ変接続,*,*,*,*,*	false	1
実現 :	名詞,サ変接続,*,*,*,*,実現,ジツゲン,ジツゲン	true	1
xmy :	名詞,一般,*,*,*,*,*	false	1
yn :	名詞,一般,*,*,*,*,*	false	1
組合せ :	名詞,一般,*,*,*,*,組合せ,クミアワセ,クミアワセ	true	1
回路 :	名詞,一般,*,*,*,*,回路,カイロ,カイロ	true	6
記憶 :	名詞,サ変接続,*,*,*,*,記憶,キオク,キオク	true	1
回路 :	名詞,一般,*,*,*,*,回路,カイロ,カイロ	true	7
spI :	名詞,一般,*,*,*,*,*	false	1
入力 :	名詞,サ変接続,*,*,*,*,入力,ニュウリョク,ニューリョク	true	3
集合 :	名詞,サ変接続,*,*,*,*,集合,シュウゴウ,シューゴー	true	1
出力 :	名詞,サ変接続,*,*,*,*,出力,シュツリョク,シュツリョク	true	2
集合 :	名詞,サ変接続,*,*,*,*,集合,シュウゴウ,シューゴー	true	2
状態 :	名詞,一般,*,*,*,*,状態,ジョウタイ,ジョータイ	true	4
集合 :	名詞,サ変接続,*,*,*,*,集合,シュウゴウ,シューゴー	true	3
状態 :	名詞,一般,*,*,*,*,状態,ジョウタイ,ジョータイ	true	5
遷移 :	名詞,サ変接続,*,*,*,*,遷移,センイ,センイ	true	1
関数 :	名詞,一般,*,*,*,*,関数,カンスウ,カンスー	true	3
出力 :	名詞,サ変接続,*,*,*,*,出力,シュツリョク,シュツリョク	true	3
関数 :	名詞,一般,*,*,*,*,関数,カンスウ,カンスー	true	4
<slide page="5"><body><p>九州大学工学部電気情報工学科（2006年度）同期式順序回路（復習）同期回路： クロックに同期して動作する順序論理回路．クロックの立ち上がり時の入力と状態で，次回クロックが立ち上がるまでの出力と状態を確定．組合せ論理回路記憶回路組合せ論理回路記憶回路組合せ論理回路記憶回路クロック信号代表的なクロック同期式記憶回路：DフリップフロップD QCLKCLKDQ</p></body></slide>
in Sheet Class, page: 5
title = ""
body = "<p>九州大学工学部電気情報工学科（2006年度）同期式順序回路（復習）同期回路： クロックに同期して動作する順序論理回路．クロックの立ち上がり時の入力と状態で，次回クロックが立ち上がるまでの出力と状態を確定．組合せ論理回路記憶回路組合せ論理回路記憶回路組合せ論理回路記憶回路クロック信号代表的なクロック同期式記憶回路：DフリップフロップD QCLKCLKDQ</p>"
makeWordArrayJp
paragraph: 九州大学工学部電気情報工学科（2006年度）同期式順序回路（復習）同期回路： クロックに同期して動作する順序論理回路．クロックの立ち上がり時の入力と状態で，次回クロックが立ち上がるまでの出力と状態を確定．組合せ論理回路記憶回路組合せ論理回路記憶回路組合せ論理回路記憶回路クロック信号代表的なクロック同期式記憶回路：DフリップフロップD QCLKCLKDQ
九州 :	名詞,固有名詞,地域,一般,*,*,九州,キュウシュウ,キューシュー	true	1
大学 :	名詞,一般,*,*,*,*,大学,ダイガク,ダイガク	true	1
工学部 :	名詞,一般,*,*,*,*,工学部,コウガクブ,コーガクブ	true	1
電気 :	名詞,一般,*,*,*,*,電気,デンキ,デンキ	true	1
情報 :	名詞,一般,*,*,*,*,情報,ジョウホウ,ジョーホー	true	1
工学 :	名詞,一般,*,*,*,*,工学,コウガク,コーガク	true	1
年度 :	名詞,接尾,助数詞,*,*,*,年度,ネンド,ネンド	true	1
同期 :	名詞,副詞可能,*,*,*,*,同期,ドウキ,ドーキ	true	1
順序 :	名詞,一般,*,*,*,*,順序,ジュンジョ,ジュンジョ	true	1
回路 :	名詞,一般,*,*,*,*,回路,カイロ,カイロ	true	1
復習 :	名詞,サ変接続,*,*,*,*,復習,フクシュウ,フクシュー	true	1
同期 :	名詞,副詞可能,*,*,*,*,同期,ドウキ,ドーキ	true	2
回路 :	名詞,一般,*,*,*,*,回路,カイロ,カイロ	true	2
クロック :	名詞,一般,*,*,*,*,クロック,クロック,クロック	true	1
同期 :	名詞,副詞可能,*,*,*,*,同期,ドウキ,ドーキ	true	3
動作 :	名詞,サ変接続,*,*,*,*,動作,ドウサ,ドーサ	true	1
順序 :	名詞,一般,*,*,*,*,順序,ジュンジョ,ジュンジョ	true	2
論理 :	名詞,一般,*,*,*,*,論理,ロンリ,ロンリ	true	1
回路 :	名詞,一般,*,*,*,*,回路,カイロ,カイロ	true	3
クロック :	名詞,一般,*,*,*,*,クロック,クロック,クロック	true	2
立ち上がり :	名詞,一般,*,*,*,*,立ち上がり,タチアガリ,タチアガリ	true	1
入力 :	名詞,サ変接続,*,*,*,*,入力,ニュウリョク,ニューリョク	true	1
状態 :	名詞,一般,*,*,*,*,状態,ジョウタイ,ジョータイ	true	1
次回 :	名詞,副詞可能,*,*,*,*,次回,ジカイ,ジカイ	true	1
クロック :	名詞,一般,*,*,*,*,クロック,クロック,クロック	true	3
出力 :	名詞,サ変接続,*,*,*,*,出力,シュツリョク,シュツリョク	true	1
状態 :	名詞,一般,*,*,*,*,状態,ジョウタイ,ジョータイ	true	2
確定 :	名詞,サ変接続,*,*,*,*,確定,カクテイ,カクテイ	true	1
組合せ :	名詞,一般,*,*,*,*,組合せ,クミアワセ,クミアワセ	true	1
論理 :	名詞,一般,*,*,*,*,論理,ロンリ,ロンリ	true	2
回路 :	名詞,一般,*,*,*,*,回路,カイロ,カイロ	true	4
記憶 :	名詞,サ変接続,*,*,*,*,記憶,キオク,キオク	true	1
回路 :	名詞,一般,*,*,*,*,回路,カイロ,カイロ	true	5
組合せ :	名詞,一般,*,*,*,*,組合せ,クミアワセ,クミアワセ	true	2
論理 :	名詞,一般,*,*,*,*,論理,ロンリ,ロンリ	true	3
回路 :	名詞,一般,*,*,*,*,回路,カイロ,カイロ	true	6
記憶 :	名詞,サ変接続,*,*,*,*,記憶,キオク,キオク	true	2
回路 :	名詞,一般,*,*,*,*,回路,カイロ,カイロ	true	7
組合せ :	名詞,一般,*,*,*,*,組合せ,クミアワセ,クミアワセ	true	3
論理 :	名詞,一般,*,*,*,*,論理,ロンリ,ロンリ	true	4
回路 :	名詞,一般,*,*,*,*,回路,カイロ,カイロ	true	8
記憶 :	名詞,サ変接続,*,*,*,*,記憶,キオク,キオク	true	3
回路 :	名詞,一般,*,*,*,*,回路,カイロ,カイロ	true	9
クロック :	名詞,一般,*,*,*,*,クロック,クロック,クロック	true	4
信号 :	名詞,一般,*,*,*,*,信号,シンゴウ,シンゴー	true	1
代表 :	名詞,サ変接続,*,*,*,*,代表,ダイヒョウ,ダイヒョー	true	1
クロック :	名詞,一般,*,*,*,*,クロック,クロック,クロック	true	5
同期 :	名詞,副詞可能,*,*,*,*,同期,ドウキ,ドーキ	true	4
記憶 :	名詞,サ変接続,*,*,*,*,記憶,キオク,キオク	true	4
回路 :	名詞,一般,*,*,*,*,回路,カイロ,カイロ	true	10
フリップフロップ :	名詞,一般,*,*,*,*,フリップフロップ,フリップフロップ,フリップフロップ	true	1
QCLKCLKDQ :	名詞,固有名詞,組織,*,*,*,*	false	1
<slide page="6"><body><p>九州大学工学部電気情報工学科（2006年度）レジスタPCデコーダ・ ・ ・プロセッサ主記憶ALU算術論理演算ユニットALUz ALU: Arithmetic Logic Unitz 機能（32ビット演算）z 論理演算（AND，OR，XORなど）z 算術演算（加算，減算，比較など）z シフト演算z 基本構成部品z NOTゲート（インバータ）z AND/OR/XORゲートz マルチプレクサALUで計算されるデータを記憶する．データは主記憶から読み込まれ，主記憶に書き戻される．プログラムの命令とデータを格納．データバスアドレスバス算術演算や論理演算を実行する．＊）本講義では，XORならびにシフト演算は省略する</p></body></slide>
in Sheet Class, page: 6
title = ""
body = "<p>九州大学工学部電気情報工学科（2006年度）レジスタPCデコーダ・ ・ ・プロセッサ主記憶ALU算術論理演算ユニットALUz ALU: Arithmetic Logic Unitz 機能（32ビット演算）z 論理演算（AND，OR，XORなど）z 算術演算（加算，減算，比較など）z シフト演算z 基本構成部品z NOTゲート（インバータ）z AND/OR/XORゲートz マルチプレクサALUで計算されるデータを記憶する．データは主記憶から読み込まれ，主記憶に書き戻される．プログラムの命令とデータを格納．データバスアドレスバス算術演算や論理演算を実行する．＊）本講義では，XORならびにシフト演算は省略する</p>"
makeWordArrayJp
paragraph: 九州大学工学部電気情報工学科（2006年度）レジスタPCデコーダ・ ・ ・プロセッサ主記憶ALU算術論理演算ユニットALUz ALU: Arithmetic Logic Unitz 機能（32ビット演算）z 論理演算（AND，OR，XORなど）z 算術演算（加算，減算，比較など）z シフト演算z 基本構成部品z NOTゲート（インバータ）z AND/OR/XORゲートz マルチプレクサALUで計算されるデータを記憶する．データは主記憶から読み込まれ，主記憶に書き戻される．プログラムの命令とデータを格納．データバスアドレスバス算術演算や論理演算を実行する．＊）本講義では，XORならびにシフト演算は省略する
九州 :	名詞,固有名詞,地域,一般,*,*,九州,キュウシュウ,キューシュー	true	1
大学 :	名詞,一般,*,*,*,*,大学,ダイガク,ダイガク	true	1
工学部 :	名詞,一般,*,*,*,*,工学部,コウガクブ,コーガクブ	true	1
電気 :	名詞,一般,*,*,*,*,電気,デンキ,デンキ	true	1
情報 :	名詞,一般,*,*,*,*,情報,ジョウホウ,ジョーホー	true	1
工学 :	名詞,一般,*,*,*,*,工学,コウガク,コーガク	true	1
年度 :	名詞,接尾,助数詞,*,*,*,年度,ネンド,ネンド	true	1
レジスタ :	名詞,一般,*,*,*,*,レジスタ,レジスタ,レジスタ	true	1
PC :	名詞,一般,*,*,*,*,*	false	1
デコーダ :	名詞,一般,*,*,*,*,デコーダ,デコーダ,デコーダ	true	1
プロセッサ :	名詞,一般,*,*,*,*,プロセッサ,プロセッサ,プロセッサ	true	1
記憶 :	名詞,サ変接続,*,*,*,*,記憶,キオク,キオク	true	1
ALU :	名詞,一般,*,*,*,*,*	false	1
算術 :	名詞,一般,*,*,*,*,算術,サンジュツ,サンジュツ	true	1
論理 :	名詞,一般,*,*,*,*,論理,ロンリ,ロンリ	true	1
演算 :	名詞,サ変接続,*,*,*,*,演算,エンザン,エンザン	true	1
ユニット :	名詞,一般,*,*,*,*,ユニット,ユニット,ユニット	true	1
ALUz :	名詞,一般,*,*,*,*,*	false	1
ALU :	名詞,固有名詞,組織,*,*,*,*	false	2
Arithmetic :	名詞,固有名詞,組織,*,*,*,*	false	1
Logic :	名詞,固有名詞,組織,*,*,*,*	false	1
Unitz :	名詞,固有名詞,組織,*,*,*,*	false	1
機能 :	名詞,サ変接続,*,*,*,*,機能,キノウ,キノー	true	1
ビット :	名詞,接尾,助数詞,*,*,*,ビット,ビット,ビット	true	1
演算 :	名詞,サ変接続,*,*,*,*,演算,エンザン,エンザン	true	2
論理 :	名詞,一般,*,*,*,*,論理,ロンリ,ロンリ	true	2
演算 :	名詞,サ変接続,*,*,*,*,演算,エンザン,エンザン	true	3
AND :	名詞,固有名詞,組織,*,*,*,*	false	1
OR :	名詞,固有名詞,組織,*,*,*,*	false	1
XOR :	名詞,固有名詞,組織,*,*,*,*	false	1
算術 :	名詞,一般,*,*,*,*,算術,サンジュツ,サンジュツ	true	2
演算 :	名詞,サ変接続,*,*,*,*,演算,エンザン,エンザン	true	4
加算 :	名詞,サ変接続,*,*,*,*,加算,カサン,カサン	true	1
減算 :	名詞,サ変接続,*,*,*,*,減算,ゲンザン,ゲンザン	true	1
比較 :	名詞,サ変接続,*,*,*,*,比較,ヒカク,ヒカク	true	1
シフト :	名詞,サ変接続,*,*,*,*,シフト,シフト,シフト	true	1
演算 :	名詞,サ変接続,*,*,*,*,演算,エンザン,エンザン	true	5
基本 :	名詞,一般,*,*,*,*,基本,キホン,キホン	true	1
構成 :	名詞,サ変接続,*,*,*,*,構成,コウセイ,コーセイ	true	1
部品 :	名詞,一般,*,*,*,*,部品,ブヒン,ブヒン	true	1
NOT :	名詞,固有名詞,組織,*,*,*,*	false	1
ゲート :	名詞,一般,*,*,*,*,ゲート,ゲート,ゲート	true	1
インバータ :	名詞,一般,*,*,*,*,インバータ,インバータ,インバータ	true	1
AND :	名詞,固有名詞,組織,*,*,*,*	false	2
OR :	名詞,一般,*,*,*,*,*	false	2
XOR :	名詞,一般,*,*,*,*,*	false	2
ゲート :	名詞,一般,*,*,*,*,ゲート,ゲート,ゲート	true	2
マルチプレクサ :	名詞,一般,*,*,*,*,マルチプレクサ,マルチプレクサ,マルチプレクサ	true	1
ALU :	名詞,一般,*,*,*,*,*	false	3
計算 :	名詞,サ変接続,*,*,*,*,計算,ケイサン,ケイサン	true	1
データ :	名詞,一般,*,*,*,*,データ,データ,データ	true	1
記憶 :	名詞,サ変接続,*,*,*,*,記憶,キオク,キオク	true	2
データ :	名詞,一般,*,*,*,*,データ,データ,データ	true	2
記憶 :	名詞,サ変接続,*,*,*,*,記憶,キオク,キオク	true	3
記憶 :	名詞,サ変接続,*,*,*,*,記憶,キオク,キオク	true	4
プログラム :	名詞,サ変接続,*,*,*,*,プログラム,プログラム,プログラム	true	1
命令 :	名詞,サ変接続,*,*,*,*,命令,メイレイ,メイレイ	true	1
データ :	名詞,一般,*,*,*,*,データ,データ,データ	true	3
格納 :	名詞,サ変接続,*,*,*,*,格納,カクノウ,カクノー	true	1
データバス :	名詞,一般,*,*,*,*,データバス,データバス,データバス	true	1
アドレスバス :	名詞,一般,*,*,*,*,アドレスバス,アドレスバス,アドレスバス	true	1
算術 :	名詞,一般,*,*,*,*,算術,サンジュツ,サンジュツ	true	3
演算 :	名詞,サ変接続,*,*,*,*,演算,エンザン,エンザン	true	6
論理 :	名詞,一般,*,*,*,*,論理,ロンリ,ロンリ	true	3
演算 :	名詞,サ変接続,*,*,*,*,演算,エンザン,エンザン	true	7
実行 :	名詞,サ変接続,*,*,*,*,実行,ジッコウ,ジッコー	true	1
講義 :	名詞,サ変接続,*,*,*,*,講義,コウギ,コーギ	true	1
XOR :	名詞,一般,*,*,*,*,*	false	3
シフト :	名詞,サ変接続,*,*,*,*,シフト,シフト,シフト	true	2
演算 :	名詞,サ変接続,*,*,*,*,演算,エンザン,エンザン	true	8
省略 :	名詞,サ変接続,*,*,*,*,省略,ショウリャク,ショーリャク	true	1
<slide page="7"><body><p>九州大学工学部電気情報工学科（2006年度）1ビット論理演算器を設計してみよう！z仕様z入力：a, b, op（各1ビット）z出力：y（1ビット）z機能za, bに対しる「AND」か「OR」の論理演算zopにより操作（ANDかORか）を決定z基本的な考え方z論理積（AND）と論理和（OR）の両方を並列に求めるzop信号の値に基づき何れか一方を選択してyへ出力するop a b y0 0 00 0 1 0 (a & b)0 1 0 0 (a & b)1 0 0 0 (a or b)1 0 1 1 (a or b)1 1 0 1 (a or b)1 1 1 1 (a or b)10 (a & b)0 1 1 (a & b)真理値表abopy01マルチプレクサ（操作）（出力）</p></body></slide>
in Sheet Class, page: 7
title = ""
body = "<p>九州大学工学部電気情報工学科（2006年度）1ビット論理演算器を設計してみよう！z仕様z入力：a, b, op（各1ビット）z出力：y（1ビット）z機能za, bに対しる「AND」か「OR」の論理演算zopにより操作（ANDかORか）を決定z基本的な考え方z論理積（AND）と論理和（OR）の両方を並列に求めるzop信号の値に基づき何れか一方を選択してyへ出力するop a b y0 0 00 0 1 0 (a & b)0 1 0 0 (a & b)1 0 0 0 (a or b)1 0 1 1 (a or b)1 1 0 1 (a or b)1 1 1 1 (a or b)10 (a & b)0 1 1 (a & b)真理値表abopy01マルチプレクサ（操作）（出力）</p>"
makeWordArrayJp
paragraph: 九州大学工学部電気情報工学科（2006年度）1ビット論理演算器を設計してみよう！z仕様z入力：a, b, op（各1ビット）z出力：y（1ビット）z機能za, bに対しる「AND」か「OR」の論理演算zopにより操作（ANDかORか）を決定z基本的な考え方z論理積（AND）と論理和（OR）の両方を並列に求めるzop信号の値に基づき何れか一方を選択してyへ出力するop a b y0 0 00 0 1 0 (a & b)0 1 0 0 (a & b)1 0 0 0 (a or b)1 0 1 1 (a or b)1 1 0 1 (a or b)1 1 1 1 (a or b)10 (a & b)0 1 1 (a & b)真理値表abopy01マルチプレクサ（操作）（出力）
九州 :	名詞,固有名詞,地域,一般,*,*,九州,キュウシュウ,キューシュー	true	1
大学 :	名詞,一般,*,*,*,*,大学,ダイガク,ダイガク	true	1
工学部 :	名詞,一般,*,*,*,*,工学部,コウガクブ,コーガクブ	true	1
電気 :	名詞,一般,*,*,*,*,電気,デンキ,デンキ	true	1
情報 :	名詞,一般,*,*,*,*,情報,ジョウホウ,ジョーホー	true	1
工学 :	名詞,一般,*,*,*,*,工学,コウガク,コーガク	true	1
年度 :	名詞,接尾,助数詞,*,*,*,年度,ネンド,ネンド	true	1
ビット :	名詞,接尾,助数詞,*,*,*,ビット,ビット,ビット	true	1
論理 :	名詞,一般,*,*,*,*,論理,ロンリ,ロンリ	true	1
演算 :	名詞,サ変接続,*,*,*,*,演算,エンザン,エンザン	true	1
設計 :	名詞,サ変接続,*,*,*,*,設計,セッケイ,セッケイ	true	1
仕様 :	名詞,一般,*,*,*,*,仕様,シヨウ,シヨー	true	1
入力 :	名詞,サ変接続,*,*,*,*,入力,ニュウリョク,ニューリョク	true	1
op :	名詞,固有名詞,組織,*,*,*,*	false	1
ビット :	名詞,接尾,助数詞,*,*,*,ビット,ビット,ビット	true	2
出力 :	名詞,サ変接続,*,*,*,*,出力,シュツリョク,シュツリョク	true	1
ビット :	名詞,接尾,助数詞,*,*,*,ビット,ビット,ビット	true	3
機能 :	名詞,サ変接続,*,*,*,*,機能,キノウ,キノー	true	1
za :	名詞,一般,*,*,*,*,*	false	1
AND :	名詞,固有名詞,組織,*,*,*,*	false	1
OR :	名詞,固有名詞,組織,*,*,*,*	false	1
論理 :	名詞,一般,*,*,*,*,論理,ロンリ,ロンリ	true	2
演算 :	名詞,サ変接続,*,*,*,*,演算,エンザン,エンザン	true	2
zop :	名詞,固有名詞,組織,*,*,*,*	false	1
操作 :	名詞,サ変接続,*,*,*,*,操作,ソウサ,ソーサ	true	1
AND :	名詞,固有名詞,組織,*,*,*,*	false	2
OR :	名詞,固有名詞,組織,*,*,*,*	false	2
決定 :	名詞,サ変接続,*,*,*,*,決定,ケッテイ,ケッテイ	true	1
基本 :	名詞,一般,*,*,*,*,基本,キホン,キホン	true	1
考え方 :	名詞,一般,*,*,*,*,考え方,カンガエカタ,カンガエカタ	true	1
論理 :	名詞,一般,*,*,*,*,論理,ロンリ,ロンリ	true	3
AND :	名詞,固有名詞,組織,*,*,*,*	false	3
論理 :	名詞,一般,*,*,*,*,論理,ロンリ,ロンリ	true	4
OR :	名詞,固有名詞,組織,*,*,*,*	false	3
両方 :	名詞,一般,*,*,*,*,両方,リョウホウ,リョーホー	true	1
並列 :	名詞,サ変接続,*,*,*,*,並列,ヘイレツ,ヘイレツ	true	1
zop :	名詞,一般,*,*,*,*,*	false	2
信号 :	名詞,一般,*,*,*,*,信号,シンゴウ,シンゴー	true	1
何れ :	名詞,代名詞,一般,*,*,*,何れ,イズレ,イズレ	true	1
選択 :	名詞,サ変接続,*,*,*,*,選択,センタク,センタク	true	1
出力 :	名詞,サ変接続,*,*,*,*,出力,シュツリョク,シュツリョク	true	2
op :	名詞,固有名詞,組織,*,*,*,*	false	2
or :	名詞,固有名詞,組織,*,*,*,*	false	1
or :	名詞,固有名詞,組織,*,*,*,*	false	2
or :	名詞,固有名詞,組織,*,*,*,*	false	3
or :	名詞,固有名詞,組織,*,*,*,*	false	4
真理 :	名詞,一般,*,*,*,*,真理,シンリ,シンリ	true	1
abopy :	名詞,一般,*,*,*,*,*	false	1
マルチプレクサ :	名詞,一般,*,*,*,*,マルチプレクサ,マルチプレクサ,マルチプレクサ	true	1
操作 :	名詞,サ変接続,*,*,*,*,操作,ソウサ,ソーサ	true	2
出力 :	名詞,サ変接続,*,*,*,*,出力,シュツリョク,シュツリョク	true	3
<slide page="8"><body><p>九州大学工学部電気情報工学科（2006年度）32ビット論理演算器の設計（1）op01オペランドのビットごとにANDやORをとるab010101010011101001y 0000111（出力）[31] [3] [2] [1] [0]000010101（操作）論理積の場合（op信号が0）</p></body></slide>
in Sheet Class, page: 8
title = ""
body = "<p>九州大学工学部電気情報工学科（2006年度）32ビット論理演算器の設計（1）op01オペランドのビットごとにANDやORをとるab010101010011101001y 0000111（出力）[31] [3] [2] [1] [0]000010101（操作）論理積の場合（op信号が0）</p>"
makeWordArrayJp
paragraph: 九州大学工学部電気情報工学科（2006年度）32ビット論理演算器の設計（1）op01オペランドのビットごとにANDやORをとるab010101010011101001y 0000111（出力）[31] [3] [2] [1] [0]000010101（操作）論理積の場合（op信号が0）
九州 :	名詞,固有名詞,地域,一般,*,*,九州,キュウシュウ,キューシュー	true	1
大学 :	名詞,一般,*,*,*,*,大学,ダイガク,ダイガク	true	1
工学部 :	名詞,一般,*,*,*,*,工学部,コウガクブ,コーガクブ	true	1
電気 :	名詞,一般,*,*,*,*,電気,デンキ,デンキ	true	1
情報 :	名詞,一般,*,*,*,*,情報,ジョウホウ,ジョーホー	true	1
工学 :	名詞,一般,*,*,*,*,工学,コウガク,コーガク	true	1
年度 :	名詞,接尾,助数詞,*,*,*,年度,ネンド,ネンド	true	1
ビット :	名詞,接尾,助数詞,*,*,*,ビット,ビット,ビット	true	1
論理 :	名詞,一般,*,*,*,*,論理,ロンリ,ロンリ	true	1
演算 :	名詞,サ変接続,*,*,*,*,演算,エンザン,エンザン	true	1
設計 :	名詞,サ変接続,*,*,*,*,設計,セッケイ,セッケイ	true	1
op :	名詞,一般,*,*,*,*,*	false	1
オペランド :	名詞,一般,*,*,*,*,オペランド,オペランド,オペランド	true	1
ビット :	名詞,一般,*,*,*,*,ビット,ビット,ビット	true	2
ごと :	名詞,接尾,一般,*,*,*,ごと,ゴト,ゴト	true	1
AND :	名詞,一般,*,*,*,*,*	false	1
OR :	名詞,一般,*,*,*,*,*	false	1
ab :	名詞,一般,*,*,*,*,*	false	1
出力 :	名詞,サ変接続,*,*,*,*,出力,シュツリョク,シュツリョク	true	1
）[ :	名詞,サ変接続,*,*,*,*,*	false	1
操作 :	名詞,サ変接続,*,*,*,*,操作,ソウサ,ソーサ	true	1
論理 :	名詞,一般,*,*,*,*,論理,ロンリ,ロンリ	true	2
場合 :	名詞,副詞可能,*,*,*,*,場合,バアイ,バアイ	true	1
op :	名詞,固有名詞,組織,*,*,*,*	false	2
信号 :	名詞,一般,*,*,*,*,信号,シンゴウ,シンゴー	true	1
<slide page="9"><body><p>九州大学工学部電気情報工学科（2006年度）32ビット論理演算器の設計（2)01オペランドのビットごとにANDやORをとるab010101010011101001y 0111111（出力）[31] [3] [2] [1] [0]100010101op（操作）論理和の場合（op信号が1）</p></body></slide>
in Sheet Class, page: 9
title = ""
body = "<p>九州大学工学部電気情報工学科（2006年度）32ビット論理演算器の設計（2)01オペランドのビットごとにANDやORをとるab010101010011101001y 0111111（出力）[31] [3] [2] [1] [0]100010101op（操作）論理和の場合（op信号が1）</p>"
makeWordArrayJp
paragraph: 九州大学工学部電気情報工学科（2006年度）32ビット論理演算器の設計（2)01オペランドのビットごとにANDやORをとるab010101010011101001y 0111111（出力）[31] [3] [2] [1] [0]100010101op（操作）論理和の場合（op信号が1）
九州 :	名詞,固有名詞,地域,一般,*,*,九州,キュウシュウ,キューシュー	true	1
大学 :	名詞,一般,*,*,*,*,大学,ダイガク,ダイガク	true	1
工学部 :	名詞,一般,*,*,*,*,工学部,コウガクブ,コーガクブ	true	1
電気 :	名詞,一般,*,*,*,*,電気,デンキ,デンキ	true	1
情報 :	名詞,一般,*,*,*,*,情報,ジョウホウ,ジョーホー	true	1
工学 :	名詞,一般,*,*,*,*,工学,コウガク,コーガク	true	1
年度 :	名詞,接尾,助数詞,*,*,*,年度,ネンド,ネンド	true	1
ビット :	名詞,接尾,助数詞,*,*,*,ビット,ビット,ビット	true	1
論理 :	名詞,一般,*,*,*,*,論理,ロンリ,ロンリ	true	1
演算 :	名詞,サ変接続,*,*,*,*,演算,エンザン,エンザン	true	1
設計 :	名詞,サ変接続,*,*,*,*,設計,セッケイ,セッケイ	true	1
オペランド :	名詞,一般,*,*,*,*,オペランド,オペランド,オペランド	true	1
ビット :	名詞,一般,*,*,*,*,ビット,ビット,ビット	true	2
ごと :	名詞,接尾,一般,*,*,*,ごと,ゴト,ゴト	true	1
AND :	名詞,一般,*,*,*,*,*	false	1
OR :	名詞,一般,*,*,*,*,*	false	1
ab :	名詞,一般,*,*,*,*,*	false	1
出力 :	名詞,サ変接続,*,*,*,*,出力,シュツリョク,シュツリョク	true	1
）[ :	名詞,サ変接続,*,*,*,*,*	false	1
op :	名詞,一般,*,*,*,*,*	false	1
操作 :	名詞,サ変接続,*,*,*,*,操作,ソウサ,ソーサ	true	1
論理 :	名詞,一般,*,*,*,*,論理,ロンリ,ロンリ	true	2
場合 :	名詞,副詞可能,*,*,*,*,場合,バアイ,バアイ	true	1
op :	名詞,固有名詞,組織,*,*,*,*	false	2
信号 :	名詞,一般,*,*,*,*,信号,シンゴウ,シンゴー	true	1
<slide page="10"><body><p>九州大学工学部電気情報工学科（2006年度）1ビット加算器を設計してみよう！（1）z 仕様z 入力：a, b, cin（各1ビット）z 出力：s, cout（各1ビット）z 機能z入力a，b，ならびに，下の桁からの桁上がり（cin）を加算z和（s）と上の桁への桁上がり（cout）を出力0 0 00 1 1 1 0 1 1 00 0 1 1 0 1 0 11101110 110 1 1+)←a←b入力：下位からの桁上げ（cin）キャリー・イン入力：足される数（aとb）出力：和（s）出力：上位への桁上げ（cout）キャリー・アウト</p></body></slide>
in Sheet Class, page: 10
title = ""
body = "<p>九州大学工学部電気情報工学科（2006年度）1ビット加算器を設計してみよう！（1）z 仕様z 入力：a, b, cin（各1ビット）z 出力：s, cout（各1ビット）z 機能z入力a，b，ならびに，下の桁からの桁上がり（cin）を加算z和（s）と上の桁への桁上がり（cout）を出力0 0 00 1 1 1 0 1 1 00 0 1 1 0 1 0 11101110 110 1 1+)←a←b入力：下位からの桁上げ（cin）キャリー・イン入力：足される数（aとb）出力：和（s）出力：上位への桁上げ（cout）キャリー・アウト</p>"
makeWordArrayJp
paragraph: 九州大学工学部電気情報工学科（2006年度）1ビット加算器を設計してみよう！（1）z 仕様z 入力：a, b, cin（各1ビット）z 出力：s, cout（各1ビット）z 機能z入力a，b，ならびに，下の桁からの桁上がり（cin）を加算z和（s）と上の桁への桁上がり（cout）を出力0 0 00 1 1 1 0 1 1 00 0 1 1 0 1 0 11101110 110 1 1+)←a←b入力：下位からの桁上げ（cin）キャリー・イン入力：足される数（aとb）出力：和（s）出力：上位への桁上げ（cout）キャリー・アウト
九州 :	名詞,固有名詞,地域,一般,*,*,九州,キュウシュウ,キューシュー	true	1
大学 :	名詞,一般,*,*,*,*,大学,ダイガク,ダイガク	true	1
工学部 :	名詞,一般,*,*,*,*,工学部,コウガクブ,コーガクブ	true	1
電気 :	名詞,一般,*,*,*,*,電気,デンキ,デンキ	true	1
情報 :	名詞,一般,*,*,*,*,情報,ジョウホウ,ジョーホー	true	1
工学 :	名詞,一般,*,*,*,*,工学,コウガク,コーガク	true	1
年度 :	名詞,接尾,助数詞,*,*,*,年度,ネンド,ネンド	true	1
ビット :	名詞,接尾,助数詞,*,*,*,ビット,ビット,ビット	true	1
加算 :	名詞,サ変接続,*,*,*,*,加算,カサン,カサン	true	1
設計 :	名詞,サ変接続,*,*,*,*,設計,セッケイ,セッケイ	true	1
仕様 :	名詞,一般,*,*,*,*,仕様,シヨウ,シヨー	true	1
入力 :	名詞,サ変接続,*,*,*,*,入力,ニュウリョク,ニューリョク	true	1
cin :	名詞,固有名詞,組織,*,*,*,*	false	1
ビット :	名詞,接尾,助数詞,*,*,*,ビット,ビット,ビット	true	2
出力 :	名詞,サ変接続,*,*,*,*,出力,シュツリョク,シュツリョク	true	1
cout :	名詞,固有名詞,組織,*,*,*,*	false	1
ビット :	名詞,接尾,助数詞,*,*,*,ビット,ビット,ビット	true	3
機能 :	名詞,サ変接続,*,*,*,*,機能,キノウ,キノー	true	1
入力 :	名詞,サ変接続,*,*,*,*,入力,ニュウリョク,ニューリョク	true	2
cin :	名詞,固有名詞,組織,*,*,*,*	false	2
加算 :	名詞,サ変接続,*,*,*,*,加算,カサン,カサン	true	2
cout :	名詞,固有名詞,組織,*,*,*,*	false	2
出力 :	名詞,サ変接続,*,*,*,*,出力,シュツリョク,シュツリョク	true	2
+)← :	名詞,サ変接続,*,*,*,*,*	false	1
入力 :	名詞,サ変接続,*,*,*,*,入力,ニュウリョク,ニューリョク	true	3
下位 :	名詞,一般,*,*,*,*,下位,カイ,カイ	true	1
上げ :	名詞,一般,*,*,*,*,上げ,アゲ,アゲ	true	1
cin :	名詞,固有名詞,組織,*,*,*,*	false	3
キャリー :	名詞,固有名詞,人名,名,*,*,キャリー,キャリー,キャリー	true	1
イン :	名詞,一般,*,*,*,*,イン,イン,イン	true	1
入力 :	名詞,サ変接続,*,*,*,*,入力,ニュウリョク,ニューリョク	true	4
出力 :	名詞,サ変接続,*,*,*,*,出力,シュツリョク,シュツリョク	true	3
出力 :	名詞,サ変接続,*,*,*,*,出力,シュツリョク,シュツリョク	true	4
上位 :	名詞,一般,*,*,*,*,上位,ジョウイ,ジョーイ	true	1
上げ :	名詞,一般,*,*,*,*,上げ,アゲ,アゲ	true	2
cout :	名詞,固有名詞,組織,*,*,*,*	false	3
キャリー :	名詞,固有名詞,人名,名,*,*,キャリー,キャリー,キャリー	true	2
アウト :	名詞,一般,*,*,*,*,アウト,アウト,アウト	true	1
<slide page="11"><body><p>九州大学工学部電気情報工学科（2006年度）1ビット加算器を設計してみよう！（2）cin a b s0 011010010 0 1 00 1 0 01 0 0 01 0 1 11 1 0 11 1 1 11cout0 0 00 1 1真理値表+abcin couts1ビット全加算器cinbacinbacinbacinbacoutcinbacinbacinbacinbas⋅⋅+⋅⋅+⋅⋅+⋅⋅=⋅⋅+⋅⋅+⋅⋅+⋅⋅=sとcoutの積和標準形（キャリー・イン） （キャリー・アウト）（和）</p></body></slide>
in Sheet Class, page: 11
title = ""
body = "<p>九州大学工学部電気情報工学科（2006年度）1ビット加算器を設計してみよう！（2）cin a b s0 011010010 0 1 00 1 0 01 0 0 01 0 1 11 1 0 11 1 1 11cout0 0 00 1 1真理値表+abcin couts1ビット全加算器cinbacinbacinbacinbacoutcinbacinbacinbacinbas⋅⋅+⋅⋅+⋅⋅+⋅⋅=⋅⋅+⋅⋅+⋅⋅+⋅⋅=sとcoutの積和標準形（キャリー・イン） （キャリー・アウト）（和）</p>"
makeWordArrayJp
paragraph: 九州大学工学部電気情報工学科（2006年度）1ビット加算器を設計してみよう！（2）cin a b s0 011010010 0 1 00 1 0 01 0 0 01 0 1 11 1 0 11 1 1 11cout0 0 00 1 1真理値表+abcin couts1ビット全加算器cinbacinbacinbacinbacoutcinbacinbacinbacinbas⋅⋅+⋅⋅+⋅⋅+⋅⋅=⋅⋅+⋅⋅+⋅⋅+⋅⋅=sとcoutの積和標準形（キャリー・イン） （キャリー・アウト）（和）
九州 :	名詞,固有名詞,地域,一般,*,*,九州,キュウシュウ,キューシュー	true	1
大学 :	名詞,一般,*,*,*,*,大学,ダイガク,ダイガク	true	1
工学部 :	名詞,一般,*,*,*,*,工学部,コウガクブ,コーガクブ	true	1
電気 :	名詞,一般,*,*,*,*,電気,デンキ,デンキ	true	1
情報 :	名詞,一般,*,*,*,*,情報,ジョウホウ,ジョーホー	true	1
工学 :	名詞,一般,*,*,*,*,工学,コウガク,コーガク	true	1
年度 :	名詞,接尾,助数詞,*,*,*,年度,ネンド,ネンド	true	1
ビット :	名詞,接尾,助数詞,*,*,*,ビット,ビット,ビット	true	1
加算 :	名詞,サ変接続,*,*,*,*,加算,カサン,カサン	true	1
設計 :	名詞,サ変接続,*,*,*,*,設計,セッケイ,セッケイ	true	1
cin :	名詞,固有名詞,組織,*,*,*,*	false	1
cout :	名詞,一般,*,*,*,*,*	false	1
真理 :	名詞,一般,*,*,*,*,真理,シンリ,シンリ	true	1
abcin :	名詞,固有名詞,組織,*,*,*,*	false	1
couts :	名詞,一般,*,*,*,*,*	false	1
ビット :	名詞,接尾,助数詞,*,*,*,ビット,ビット,ビット	true	2
加算 :	名詞,サ変接続,*,*,*,*,加算,カサン,カサン	true	2
cinbacinbacinbacinbacoutcinbacinbacinbacinbas :	名詞,一般,*,*,*,*,*	false	1
⋅⋅+⋅⋅+⋅⋅+⋅⋅=⋅⋅+⋅⋅+⋅⋅+⋅⋅= :	名詞,サ変接続,*,*,*,*,*	false	1
cout :	名詞,一般,*,*,*,*,*	false	2
標準 :	名詞,一般,*,*,*,*,標準,ヒョウジュン,ヒョージュン	true	1
キャリー :	名詞,固有名詞,人名,名,*,*,キャリー,キャリー,キャリー	true	1
イン :	名詞,一般,*,*,*,*,イン,イン,イン	true	1
キャリー :	名詞,固有名詞,人名,名,*,*,キャリー,キャリー,キャリー	true	2
アウト :	名詞,一般,*,*,*,*,アウト,アウト,アウト	true	1
<slide page="12"><body><p>九州大学工学部電気情報工学科（2006年度）32ビット加算器の設計1ビット加算器を使った32ビット加算器+s31a31 cout++ s1s0b31b1b0a1a0coutcoutcin0 cin・ ・ ・下位から上位へ桁上げが伝播coutcin順次桁上げ加算器（ripple carry adder）</p></body></slide>
in Sheet Class, page: 12
title = ""
body = "<p>九州大学工学部電気情報工学科（2006年度）32ビット加算器の設計1ビット加算器を使った32ビット加算器+s31a31 cout++ s1s0b31b1b0a1a0coutcoutcin0 cin・ ・ ・下位から上位へ桁上げが伝播coutcin順次桁上げ加算器（ripple carry adder）</p>"
makeWordArrayJp
paragraph: 九州大学工学部電気情報工学科（2006年度）32ビット加算器の設計1ビット加算器を使った32ビット加算器+s31a31 cout++ s1s0b31b1b0a1a0coutcoutcin0 cin・ ・ ・下位から上位へ桁上げが伝播coutcin順次桁上げ加算器（ripple carry adder）
九州 :	名詞,固有名詞,地域,一般,*,*,九州,キュウシュウ,キューシュー	true	1
大学 :	名詞,一般,*,*,*,*,大学,ダイガク,ダイガク	true	1
工学部 :	名詞,一般,*,*,*,*,工学部,コウガクブ,コーガクブ	true	1
電気 :	名詞,一般,*,*,*,*,電気,デンキ,デンキ	true	1
情報 :	名詞,一般,*,*,*,*,情報,ジョウホウ,ジョーホー	true	1
工学 :	名詞,一般,*,*,*,*,工学,コウガク,コーガク	true	1
年度 :	名詞,接尾,助数詞,*,*,*,年度,ネンド,ネンド	true	1
ビット :	名詞,接尾,助数詞,*,*,*,ビット,ビット,ビット	true	1
加算 :	名詞,サ変接続,*,*,*,*,加算,カサン,カサン	true	1
設計 :	名詞,サ変接続,*,*,*,*,設計,セッケイ,セッケイ	true	1
ビット :	名詞,接尾,助数詞,*,*,*,ビット,ビット,ビット	true	2
加算 :	名詞,サ変接続,*,*,*,*,加算,カサン,カサン	true	2
ビット :	名詞,接尾,助数詞,*,*,*,ビット,ビット,ビット	true	3
加算 :	名詞,サ変接続,*,*,*,*,加算,カサン,カサン	true	3
cout :	名詞,固有名詞,組織,*,*,*,*	false	1
++ :	名詞,サ変接続,*,*,*,*,*	false	1
coutcoutcin :	名詞,一般,*,*,*,*,*	false	1
cin :	名詞,固有名詞,組織,*,*,*,*	false	1
下位 :	名詞,一般,*,*,*,*,下位,カイ,カイ	true	1
上位 :	名詞,一般,*,*,*,*,上位,ジョウイ,ジョーイ	true	1
上げ :	名詞,一般,*,*,*,*,上げ,アゲ,アゲ	true	1
伝播 :	名詞,サ変接続,*,*,*,*,伝播,デンパ,デンパ	true	1
coutcin :	名詞,一般,*,*,*,*,*	false	1
上げ :	名詞,一般,*,*,*,*,上げ,アゲ,アゲ	true	2
加算 :	名詞,サ変接続,*,*,*,*,加算,カサン,カサン	true	4
ripple :	名詞,固有名詞,組織,*,*,*,*	false	1
carry :	名詞,固有名詞,組織,*,*,*,*	false	1
adder :	名詞,固有名詞,組織,*,*,*,*	false	1
<slide page="13"><body><p>九州大学工学部電気情報工学科（2006年度）加算/AND/OR対応1ビットALUの設計z 仕様z 入力：a, b, cin（各1ビット）z 入力：op（2ビット）z 出力：y, cout（各1ビット）z 機能z 「AND」か「OR」か「加算」z opにより操作（出力）を決定z op=00→aとbの論理積（AND)z op=01→aとbの論理和（OR)z op=10→aとbとcinの加算abopy＋2cincout000110（操作）s</p></body></slide>
in Sheet Class, page: 13
title = ""
body = "<p>九州大学工学部電気情報工学科（2006年度）加算/AND/OR対応1ビットALUの設計z 仕様z 入力：a, b, cin（各1ビット）z 入力：op（2ビット）z 出力：y, cout（各1ビット）z 機能z 「AND」か「OR」か「加算」z opにより操作（出力）を決定z op=00→aとbの論理積（AND)z op=01→aとbの論理和（OR)z op=10→aとbとcinの加算abopy＋2cincout000110（操作）s</p>"
makeWordArrayJp
paragraph: 九州大学工学部電気情報工学科（2006年度）加算/AND/OR対応1ビットALUの設計z 仕様z 入力：a, b, cin（各1ビット）z 入力：op（2ビット）z 出力：y, cout（各1ビット）z 機能z 「AND」か「OR」か「加算」z opにより操作（出力）を決定z op=00→aとbの論理積（AND)z op=01→aとbの論理和（OR)z op=10→aとbとcinの加算abopy＋2cincout000110（操作）s
九州 :	名詞,固有名詞,地域,一般,*,*,九州,キュウシュウ,キューシュー	true	1
大学 :	名詞,一般,*,*,*,*,大学,ダイガク,ダイガク	true	1
工学部 :	名詞,一般,*,*,*,*,工学部,コウガクブ,コーガクブ	true	1
電気 :	名詞,一般,*,*,*,*,電気,デンキ,デンキ	true	1
情報 :	名詞,一般,*,*,*,*,情報,ジョウホウ,ジョーホー	true	1
工学 :	名詞,一般,*,*,*,*,工学,コウガク,コーガク	true	1
年度 :	名詞,接尾,助数詞,*,*,*,年度,ネンド,ネンド	true	1
加算 :	名詞,サ変接続,*,*,*,*,加算,カサン,カサン	true	1
AND :	名詞,一般,*,*,*,*,*	false	1
OR :	名詞,一般,*,*,*,*,*	false	1
対応 :	名詞,サ変接続,*,*,*,*,対応,タイオウ,タイオー	true	1
ビット :	名詞,接尾,助数詞,*,*,*,ビット,ビット,ビット	true	1
ALU :	名詞,固有名詞,組織,*,*,*,*	false	1
設計 :	名詞,サ変接続,*,*,*,*,設計,セッケイ,セッケイ	true	1
仕様 :	名詞,一般,*,*,*,*,仕様,シヨウ,シヨー	true	1
入力 :	名詞,サ変接続,*,*,*,*,入力,ニュウリョク,ニューリョク	true	1
cin :	名詞,固有名詞,組織,*,*,*,*	false	1
ビット :	名詞,接尾,助数詞,*,*,*,ビット,ビット,ビット	true	2
入力 :	名詞,サ変接続,*,*,*,*,入力,ニュウリョク,ニューリョク	true	2
op :	名詞,固有名詞,組織,*,*,*,*	false	1
ビット :	名詞,接尾,助数詞,*,*,*,ビット,ビット,ビット	true	3
出力 :	名詞,サ変接続,*,*,*,*,出力,シュツリョク,シュツリョク	true	1
cout :	名詞,固有名詞,組織,*,*,*,*	false	1
ビット :	名詞,接尾,助数詞,*,*,*,ビット,ビット,ビット	true	4
機能 :	名詞,サ変接続,*,*,*,*,機能,キノウ,キノー	true	1
AND :	名詞,固有名詞,組織,*,*,*,*	false	2
OR :	名詞,固有名詞,組織,*,*,*,*	false	2
加算 :	名詞,サ変接続,*,*,*,*,加算,カサン,カサン	true	2
op :	名詞,固有名詞,組織,*,*,*,*	false	2
操作 :	名詞,サ変接続,*,*,*,*,操作,ソウサ,ソーサ	true	1
出力 :	名詞,サ変接続,*,*,*,*,出力,シュツリョク,シュツリョク	true	2
決定 :	名詞,サ変接続,*,*,*,*,決定,ケッテイ,ケッテイ	true	1
op :	名詞,固有名詞,組織,*,*,*,*	false	3
論理 :	名詞,一般,*,*,*,*,論理,ロンリ,ロンリ	true	1
AND :	名詞,固有名詞,組織,*,*,*,*	false	3
op :	名詞,固有名詞,組織,*,*,*,*	false	4
論理 :	名詞,一般,*,*,*,*,論理,ロンリ,ロンリ	true	2
OR :	名詞,固有名詞,組織,*,*,*,*	false	3
op :	名詞,固有名詞,組織,*,*,*,*	false	5
cin :	名詞,一般,*,*,*,*,*	false	2
加算 :	名詞,サ変接続,*,*,*,*,加算,カサン,カサン	true	3
abopy :	名詞,一般,*,*,*,*,*	false	1
cincout :	名詞,一般,*,*,*,*,*	false	1
操作 :	名詞,サ変接続,*,*,*,*,操作,ソウサ,ソーサ	true	2
<slide page="14"><body><p>九州大学工学部電気情報工学科（2006年度）加算/AND/OR対応32ビットALUの設計y31a31y1y0b31b1b0a1a0・ ・ ・2cincout0coutcincoutcincoutop加算/AND/OR対応1bitALUabopy＋2cincout000110（操作）</p></body></slide>
in Sheet Class, page: 14
title = ""
body = "<p>九州大学工学部電気情報工学科（2006年度）加算/AND/OR対応32ビットALUの設計y31a31y1y0b31b1b0a1a0・ ・ ・2cincout0coutcincoutcincoutop加算/AND/OR対応1bitALUabopy＋2cincout000110（操作）</p>"
makeWordArrayJp
paragraph: 九州大学工学部電気情報工学科（2006年度）加算/AND/OR対応32ビットALUの設計y31a31y1y0b31b1b0a1a0・ ・ ・2cincout0coutcincoutcincoutop加算/AND/OR対応1bitALUabopy＋2cincout000110（操作）
九州 :	名詞,固有名詞,地域,一般,*,*,九州,キュウシュウ,キューシュー	true	1
大学 :	名詞,一般,*,*,*,*,大学,ダイガク,ダイガク	true	1
工学部 :	名詞,一般,*,*,*,*,工学部,コウガクブ,コーガクブ	true	1
電気 :	名詞,一般,*,*,*,*,電気,デンキ,デンキ	true	1
情報 :	名詞,一般,*,*,*,*,情報,ジョウホウ,ジョーホー	true	1
工学 :	名詞,一般,*,*,*,*,工学,コウガク,コーガク	true	1
年度 :	名詞,接尾,助数詞,*,*,*,年度,ネンド,ネンド	true	1
加算 :	名詞,サ変接続,*,*,*,*,加算,カサン,カサン	true	1
AND :	名詞,一般,*,*,*,*,*	false	1
OR :	名詞,一般,*,*,*,*,*	false	1
対応 :	名詞,サ変接続,*,*,*,*,対応,タイオウ,タイオー	true	1
ビット :	名詞,接尾,助数詞,*,*,*,ビット,ビット,ビット	true	1
ALU :	名詞,固有名詞,組織,*,*,*,*	false	1
設計 :	名詞,サ変接続,*,*,*,*,設計,セッケイ,セッケイ	true	1
cincout :	名詞,一般,*,*,*,*,*	false	1
coutcincoutcincoutop :	名詞,一般,*,*,*,*,*	false	1
加算 :	名詞,サ変接続,*,*,*,*,加算,カサン,カサン	true	2
AND :	名詞,一般,*,*,*,*,*	false	2
OR :	名詞,一般,*,*,*,*,*	false	2
対応 :	名詞,サ変接続,*,*,*,*,対応,タイオウ,タイオー	true	2
bitALUabopy :	名詞,一般,*,*,*,*,*	false	1
cincout :	名詞,一般,*,*,*,*,*	false	2
操作 :	名詞,サ変接続,*,*,*,*,操作,ソウサ,ソーサ	true	1
<slide page="15"><body><p>九州大学工学部電気情報工学科（2006年度）減算器の設計（１）減算（b を引く）＝負数の加算（–b を足す）–29(10)+)102(10)0 1 1 0 0 1 1 01 1 1 0 0 0 1 1101110 0 11010 1 73(10)キャリー2の補数表現の場合，符号を気にすることなく，符号なし整数の加算とまったく同じ方法で減算できる．</p></body></slide>
in Sheet Class, page: 15
title = ""
body = "<p>九州大学工学部電気情報工学科（2006年度）減算器の設計（１）減算（b を引く）＝負数の加算（–b を足す）–29(10)+)102(10)0 1 1 0 0 1 1 01 1 1 0 0 0 1 1101110 0 11010 1 73(10)キャリー2の補数表現の場合，符号を気にすることなく，符号なし整数の加算とまったく同じ方法で減算できる．</p>"
makeWordArrayJp
paragraph: 九州大学工学部電気情報工学科（2006年度）減算器の設計（１）減算（b を引く）＝負数の加算（–b を足す）–29(10)+)102(10)0 1 1 0 0 1 1 01 1 1 0 0 0 1 1101110 0 11010 1 73(10)キャリー2の補数表現の場合，符号を気にすることなく，符号なし整数の加算とまったく同じ方法で減算できる．
九州 :	名詞,固有名詞,地域,一般,*,*,九州,キュウシュウ,キューシュー	true	1
大学 :	名詞,一般,*,*,*,*,大学,ダイガク,ダイガク	true	1
工学部 :	名詞,一般,*,*,*,*,工学部,コウガクブ,コーガクブ	true	1
電気 :	名詞,一般,*,*,*,*,電気,デンキ,デンキ	true	1
情報 :	名詞,一般,*,*,*,*,情報,ジョウホウ,ジョーホー	true	1
工学 :	名詞,一般,*,*,*,*,工学,コウガク,コーガク	true	1
年度 :	名詞,接尾,助数詞,*,*,*,年度,ネンド,ネンド	true	1
減算 :	名詞,サ変接続,*,*,*,*,減算,ゲンザン,ゲンザン	true	1
設計 :	名詞,サ変接続,*,*,*,*,設計,セッケイ,セッケイ	true	1
減算 :	名詞,サ変接続,*,*,*,*,減算,ゲンザン,ゲンザン	true	2
負数 :	名詞,一般,*,*,*,*,負数,フスウ,フスー	true	1
加算 :	名詞,サ変接続,*,*,*,*,加算,カサン,カサン	true	1
（– :	名詞,サ変接続,*,*,*,*,*	false	1
）– :	名詞,サ変接続,*,*,*,*,*	false	1
)+) :	名詞,サ変接続,*,*,*,*,*	false	1
キャリー :	名詞,固有名詞,人名,名,*,*,キャリー,キャリー,キャリー	true	1
補数 :	名詞,一般,*,*,*,*,補数,ホスウ,ホスー	true	1
表現 :	名詞,サ変接続,*,*,*,*,表現,ヒョウゲン,ヒョーゲン	true	1
場合 :	名詞,副詞可能,*,*,*,*,場合,バアイ,バアイ	true	1
符号 :	名詞,一般,*,*,*,*,符号,フゴウ,フゴー	true	1
こと :	名詞,非自立,一般,*,*,*,こと,コト,コト	true	1
符号 :	名詞,一般,*,*,*,*,符号,フゴウ,フゴー	true	2
整数 :	名詞,一般,*,*,*,*,整数,セイスウ,セイスー	true	1
加算 :	名詞,サ変接続,*,*,*,*,加算,カサン,カサン	true	2
方法 :	名詞,一般,*,*,*,*,方法,ホウホウ,ホーホー	true	1
減算 :	名詞,サ変接続,*,*,*,*,減算,ゲンザン,ゲンザン	true	3
<slide page="16"><body><p>九州大学工学部電気情報工学科（2006年度）減算器の設計（２）① 2進数の 0 と 1 を反転する．0000 0000 0000 0101    → 1111 1111 1111 1010② ①で得られた2進数をひとつカウントアップする．1111 1111 1111 1010    → 1111 1111 1111 1011a – b を求めるには:① b の 0 と 1 を反転する．② ①の結果に 1 を加算する．③ a と②の結果を加算する．2の補数表現による負数のビット表現の簡単な求め方:「－b」の２の補数表現を求めるa＋（－b）を計算する</p></body></slide>
in Sheet Class, page: 16
title = ""
body = "<p>九州大学工学部電気情報工学科（2006年度）減算器の設計（２）① 2進数の 0 と 1 を反転する．0000 0000 0000 0101    → 1111 1111 1111 1010② ①で得られた2進数をひとつカウントアップする．1111 1111 1111 1010    → 1111 1111 1111 1011a – b を求めるには:① b の 0 と 1 を反転する．② ①の結果に 1 を加算する．③ a と②の結果を加算する．2の補数表現による負数のビット表現の簡単な求め方:「－b」の２の補数表現を求めるa＋（－b）を計算する</p>"
makeWordArrayJp
paragraph: 九州大学工学部電気情報工学科（2006年度）減算器の設計（２）① 2進数の 0 と 1 を反転する．0000 0000 0000 0101    → 1111 1111 1111 1010② ①で得られた2進数をひとつカウントアップする．1111 1111 1111 1010    → 1111 1111 1111 1011a – b を求めるには:① b の 0 と 1 を反転する．② ①の結果に 1 を加算する．③ a と②の結果を加算する．2の補数表現による負数のビット表現の簡単な求め方:「－b」の２の補数表現を求めるa＋（－b）を計算する
九州 :	名詞,固有名詞,地域,一般,*,*,九州,キュウシュウ,キューシュー	true	1
大学 :	名詞,一般,*,*,*,*,大学,ダイガク,ダイガク	true	1
工学部 :	名詞,一般,*,*,*,*,工学部,コウガクブ,コーガクブ	true	1
電気 :	名詞,一般,*,*,*,*,電気,デンキ,デンキ	true	1
情報 :	名詞,一般,*,*,*,*,情報,ジョウホウ,ジョーホー	true	1
工学 :	名詞,一般,*,*,*,*,工学,コウガク,コーガク	true	1
年度 :	名詞,接尾,助数詞,*,*,*,年度,ネンド,ネンド	true	1
減算 :	名詞,サ変接続,*,*,*,*,減算,ゲンザン,ゲンザン	true	1
設計 :	名詞,サ変接続,*,*,*,*,設計,セッケイ,セッケイ	true	1
）① :	名詞,サ変接続,*,*,*,*,*	false	1
進数 :	名詞,接尾,助数詞,*,*,*,進数,シンスウ,シンスー	true	1
反転 :	名詞,サ変接続,*,*,*,*,反転,ハンテン,ハンテン	true	1
進数 :	名詞,接尾,助数詞,*,*,*,進数,シンスウ,シンスー	true	2
ひとつ :	名詞,副詞可能,*,*,*,*,ひとつ,ヒトツ,ヒトツ	true	1
カウントアップ :	名詞,一般,*,*,*,*,カウントアップ,カウントアップ,カウントアップ	true	1
:① :	名詞,サ変接続,*,*,*,*,*	false	1
反転 :	名詞,サ変接続,*,*,*,*,反転,ハンテン,ハンテン	true	2
結果 :	名詞,副詞可能,*,*,*,*,結果,ケッカ,ケッカ	true	1
加算 :	名詞,サ変接続,*,*,*,*,加算,カサン,カサン	true	1
結果 :	名詞,副詞可能,*,*,*,*,結果,ケッカ,ケッカ	true	2
加算 :	名詞,サ変接続,*,*,*,*,加算,カサン,カサン	true	2
補数 :	名詞,一般,*,*,*,*,補数,ホスウ,ホスー	true	1
表現 :	名詞,サ変接続,*,*,*,*,表現,ヒョウゲン,ヒョーゲン	true	1
負数 :	名詞,一般,*,*,*,*,負数,フスウ,フスー	true	1
ビット :	名詞,一般,*,*,*,*,ビット,ビット,ビット	true	1
表現 :	名詞,サ変接続,*,*,*,*,表現,ヒョウゲン,ヒョーゲン	true	2
簡単 :	名詞,形容動詞語幹,*,*,*,*,簡単,カンタン,カンタン	true	1
:「－ :	名詞,サ変接続,*,*,*,*,*	false	1
補数 :	名詞,一般,*,*,*,*,補数,ホスウ,ホスー	true	2
表現 :	名詞,サ変接続,*,*,*,*,表現,ヒョウゲン,ヒョーゲン	true	3
（－ :	名詞,サ変接続,*,*,*,*,*	false	1
計算 :	名詞,サ変接続,*,*,*,*,計算,ケイサン,ケイサン	true	1
<slide page="17"><body><p>九州大学工学部電気情報工学科（2006年度）加算/減算/AND/OR対応1ビットALUの設計z入力：a, b, cin（各1ビット）z入力：op（2ビット），neg（1ビット）z出力：y, cout（各1ビット）z機能z「AND」か「OR」か「加算」か「減算」zopにより操作を決定zop=00→論理積（AND)zop=01→論理和（OR)zop=10→加算または減算znegにより入力bを反転するか否か決定zneg=0→反転なし（AND/OR/加算）zneg=1→反転（減算）abopy＋2cincout00011001neg（操作）（ビット反転）</p></body></slide>
in Sheet Class, page: 17
title = ""
body = "<p>九州大学工学部電気情報工学科（2006年度）加算/減算/AND/OR対応1ビットALUの設計z入力：a, b, cin（各1ビット）z入力：op（2ビット），neg（1ビット）z出力：y, cout（各1ビット）z機能z「AND」か「OR」か「加算」か「減算」zopにより操作を決定zop=00→論理積（AND)zop=01→論理和（OR)zop=10→加算または減算znegにより入力bを反転するか否か決定zneg=0→反転なし（AND/OR/加算）zneg=1→反転（減算）abopy＋2cincout00011001neg（操作）（ビット反転）</p>"
makeWordArrayJp
paragraph: 九州大学工学部電気情報工学科（2006年度）加算/減算/AND/OR対応1ビットALUの設計z入力：a, b, cin（各1ビット）z入力：op（2ビット），neg（1ビット）z出力：y, cout（各1ビット）z機能z「AND」か「OR」か「加算」か「減算」zopにより操作を決定zop=00→論理積（AND)zop=01→論理和（OR)zop=10→加算または減算znegにより入力bを反転するか否か決定zneg=0→反転なし（AND/OR/加算）zneg=1→反転（減算）abopy＋2cincout00011001neg（操作）（ビット反転）
九州 :	名詞,固有名詞,地域,一般,*,*,九州,キュウシュウ,キューシュー	true	1
大学 :	名詞,一般,*,*,*,*,大学,ダイガク,ダイガク	true	1
工学部 :	名詞,一般,*,*,*,*,工学部,コウガクブ,コーガクブ	true	1
電気 :	名詞,一般,*,*,*,*,電気,デンキ,デンキ	true	1
情報 :	名詞,一般,*,*,*,*,情報,ジョウホウ,ジョーホー	true	1
工学 :	名詞,一般,*,*,*,*,工学,コウガク,コーガク	true	1
年度 :	名詞,接尾,助数詞,*,*,*,年度,ネンド,ネンド	true	1
加算 :	名詞,サ変接続,*,*,*,*,加算,カサン,カサン	true	1
減算 :	名詞,サ変接続,*,*,*,*,減算,ゲンザン,ゲンザン	true	1
AND :	名詞,一般,*,*,*,*,*	false	1
OR :	名詞,一般,*,*,*,*,*	false	1
対応 :	名詞,サ変接続,*,*,*,*,対応,タイオウ,タイオー	true	1
ビット :	名詞,接尾,助数詞,*,*,*,ビット,ビット,ビット	true	1
ALU :	名詞,固有名詞,組織,*,*,*,*	false	1
設計 :	名詞,サ変接続,*,*,*,*,設計,セッケイ,セッケイ	true	1
入力 :	名詞,サ変接続,*,*,*,*,入力,ニュウリョク,ニューリョク	true	1
cin :	名詞,固有名詞,組織,*,*,*,*	false	1
ビット :	名詞,接尾,助数詞,*,*,*,ビット,ビット,ビット	true	2
入力 :	名詞,サ変接続,*,*,*,*,入力,ニュウリョク,ニューリョク	true	2
op :	名詞,固有名詞,組織,*,*,*,*	false	1
ビット :	名詞,接尾,助数詞,*,*,*,ビット,ビット,ビット	true	3
neg :	名詞,一般,*,*,*,*,*	false	1
ビット :	名詞,接尾,助数詞,*,*,*,ビット,ビット,ビット	true	4
出力 :	名詞,サ変接続,*,*,*,*,出力,シュツリョク,シュツリョク	true	1
cout :	名詞,固有名詞,組織,*,*,*,*	false	1
ビット :	名詞,接尾,助数詞,*,*,*,ビット,ビット,ビット	true	5
機能 :	名詞,サ変接続,*,*,*,*,機能,キノウ,キノー	true	1
AND :	名詞,固有名詞,組織,*,*,*,*	false	2
OR :	名詞,固有名詞,組織,*,*,*,*	false	2
加算 :	名詞,サ変接続,*,*,*,*,加算,カサン,カサン	true	2
減算 :	名詞,サ変接続,*,*,*,*,減算,ゲンザン,ゲンザン	true	2
zop :	名詞,固有名詞,組織,*,*,*,*	false	1
操作 :	名詞,サ変接続,*,*,*,*,操作,ソウサ,ソーサ	true	1
決定 :	名詞,サ変接続,*,*,*,*,決定,ケッテイ,ケッテイ	true	1
zop :	名詞,一般,*,*,*,*,*	false	2
論理 :	名詞,一般,*,*,*,*,論理,ロンリ,ロンリ	true	1
AND :	名詞,固有名詞,組織,*,*,*,*	false	3
zop :	名詞,一般,*,*,*,*,*	false	3
論理 :	名詞,一般,*,*,*,*,論理,ロンリ,ロンリ	true	2
OR :	名詞,固有名詞,組織,*,*,*,*	false	3
zop :	名詞,一般,*,*,*,*,*	false	4
加算 :	名詞,サ変接続,*,*,*,*,加算,カサン,カサン	true	3
減算 :	名詞,サ変接続,*,*,*,*,減算,ゲンザン,ゲンザン	true	3
zneg :	名詞,固有名詞,組織,*,*,*,*	false	1
入力 :	名詞,サ変接続,*,*,*,*,入力,ニュウリョク,ニューリョク	true	3
反転 :	名詞,サ変接続,*,*,*,*,反転,ハンテン,ハンテン	true	1
決定 :	名詞,サ変接続,*,*,*,*,決定,ケッテイ,ケッテイ	true	2
zneg :	名詞,一般,*,*,*,*,*	false	2
反転 :	名詞,サ変接続,*,*,*,*,反転,ハンテン,ハンテン	true	2
AND :	名詞,固有名詞,組織,*,*,*,*	false	4
OR :	名詞,一般,*,*,*,*,*	false	4
加算 :	名詞,サ変接続,*,*,*,*,加算,カサン,カサン	true	4
zneg :	名詞,固有名詞,組織,*,*,*,*	false	3
反転 :	名詞,サ変接続,*,*,*,*,反転,ハンテン,ハンテン	true	3
減算 :	名詞,サ変接続,*,*,*,*,減算,ゲンザン,ゲンザン	true	4
abopy :	名詞,固有名詞,組織,*,*,*,*	false	1
cincout :	名詞,一般,*,*,*,*,*	false	1
neg :	名詞,一般,*,*,*,*,*	false	2
操作 :	名詞,サ変接続,*,*,*,*,操作,ソウサ,ソーサ	true	2
ビット :	名詞,一般,*,*,*,*,ビット,ビット,ビット	true	6
反転 :	名詞,サ変接続,*,*,*,*,反転,ハンテン,ハンテン	true	4
<slide page="18"><body><p>九州大学工学部電気情報工学科（2006年度）abopy＋2cincout00011001neg（操作）（ビット反転）加算/減算/AND/OR対応32ビットALUの設計y31a31y1y0b31b1b0a1a0・ ・ ・2 cincoutnegcoutcincoutcincoutop加算/減算/AND/OR対応1bitALUneg=0 → cinは0 neg=1 →cinは1（つまり＋１）op=10, neg=1の時「a＋（－b）」を出力neg=0 → b neg=1 →bの反転</p></body></slide>
in Sheet Class, page: 18
title = ""
body = "<p>九州大学工学部電気情報工学科（2006年度）abopy＋2cincout00011001neg（操作）（ビット反転）加算/減算/AND/OR対応32ビットALUの設計y31a31y1y0b31b1b0a1a0・ ・ ・2 cincoutnegcoutcincoutcincoutop加算/減算/AND/OR対応1bitALUneg=0 → cinは0 neg=1 →cinは1（つまり＋１）op=10, neg=1の時「a＋（－b）」を出力neg=0 → b neg=1 →bの反転</p>"
makeWordArrayJp
paragraph: 九州大学工学部電気情報工学科（2006年度）abopy＋2cincout00011001neg（操作）（ビット反転）加算/減算/AND/OR対応32ビットALUの設計y31a31y1y0b31b1b0a1a0・ ・ ・2 cincoutnegcoutcincoutcincoutop加算/減算/AND/OR対応1bitALUneg=0 → cinは0 neg=1 →cinは1（つまり＋１）op=10, neg=1の時「a＋（－b）」を出力neg=0 → b neg=1 →bの反転
九州 :	名詞,固有名詞,地域,一般,*,*,九州,キュウシュウ,キューシュー	true	1
大学 :	名詞,一般,*,*,*,*,大学,ダイガク,ダイガク	true	1
工学部 :	名詞,一般,*,*,*,*,工学部,コウガクブ,コーガクブ	true	1
電気 :	名詞,一般,*,*,*,*,電気,デンキ,デンキ	true	1
情報 :	名詞,一般,*,*,*,*,情報,ジョウホウ,ジョーホー	true	1
工学 :	名詞,一般,*,*,*,*,工学,コウガク,コーガク	true	1
年度 :	名詞,接尾,助数詞,*,*,*,年度,ネンド,ネンド	true	1
abopy :	名詞,固有名詞,組織,*,*,*,*	false	1
cincout :	名詞,一般,*,*,*,*,*	false	1
neg :	名詞,一般,*,*,*,*,*	false	1
操作 :	名詞,サ変接続,*,*,*,*,操作,ソウサ,ソーサ	true	1
ビット :	名詞,一般,*,*,*,*,ビット,ビット,ビット	true	1
反転 :	名詞,サ変接続,*,*,*,*,反転,ハンテン,ハンテン	true	1
加算 :	名詞,サ変接続,*,*,*,*,加算,カサン,カサン	true	1
減算 :	名詞,サ変接続,*,*,*,*,減算,ゲンザン,ゲンザン	true	1
AND :	名詞,一般,*,*,*,*,*	false	1
OR :	名詞,一般,*,*,*,*,*	false	1
対応 :	名詞,サ変接続,*,*,*,*,対応,タイオウ,タイオー	true	1
ビット :	名詞,接尾,助数詞,*,*,*,ビット,ビット,ビット	true	2
ALU :	名詞,固有名詞,組織,*,*,*,*	false	1
設計 :	名詞,サ変接続,*,*,*,*,設計,セッケイ,セッケイ	true	1
cincoutnegcoutcincoutcincoutop :	名詞,固有名詞,組織,*,*,*,*	false	1
加算 :	名詞,サ変接続,*,*,*,*,加算,カサン,カサン	true	2
減算 :	名詞,サ変接続,*,*,*,*,減算,ゲンザン,ゲンザン	true	2
AND :	名詞,一般,*,*,*,*,*	false	2
OR :	名詞,一般,*,*,*,*,*	false	2
対応 :	名詞,サ変接続,*,*,*,*,対応,タイオウ,タイオー	true	2
bitALUneg :	名詞,一般,*,*,*,*,*	false	1
cin :	名詞,固有名詞,組織,*,*,*,*	false	1
neg :	名詞,固有名詞,組織,*,*,*,*	false	2
cin :	名詞,固有名詞,組織,*,*,*,*	false	2
つまり :	名詞,一般,*,*,*,*,つまり,ツマリ,ツマリ	true	1
op :	名詞,固有名詞,組織,*,*,*,*	false	1
neg :	名詞,固有名詞,組織,*,*,*,*	false	3
（－ :	名詞,サ変接続,*,*,*,*,*	false	1
出力 :	名詞,サ変接続,*,*,*,*,出力,シュツリョク,シュツリョク	true	1
neg :	名詞,一般,*,*,*,*,*	false	4
neg :	名詞,固有名詞,組織,*,*,*,*	false	5
反転 :	名詞,サ変接続,*,*,*,*,反転,ハンテン,ハンテン	true	2
<slide page="19"><body><p>九州大学工学部電気情報工学科（2006年度）オーバーフロー（１）オーバーフロー: 算術演算の結果が表現可能な値の範囲を超えること．４bit 加算の場合：① 正（0000～0111） + 正（0000～0111） → 0000～1110(0～7) + (0～7) で結果は 0 ～ 14．オーバーフローの可能性あり．結果が 1000(8)～1110(14) のとき（＝負のとき），オーバーフロー．② 正（0000～0111） + 負（1000～1111） → 1000～0110(0～7) + (–8～–1) で結果は –8～6．オーバーフローはない．③ 負（1000～1111） + 正（0000～0111） → 1000～0110(–8～–1) + (0～7) で結果は –8～6．オーバーフローはない．④ 負（1000～1111） + 負（1000～1111） → 0000～1110(–8～–1) + (–8～–1) で結果は –16～–2．オーバーフローの可能性あり．結果が 0000～0111 のとき（＝正のとき），オーバーフロー．</p></body></slide>
in Sheet Class, page: 19
title = ""
body = "<p>九州大学工学部電気情報工学科（2006年度）オーバーフロー（１）オーバーフロー: 算術演算の結果が表現可能な値の範囲を超えること．４bit 加算の場合：① 正（0000～0111） + 正（0000～0111） → 0000～1110(0～7) + (0～7) で結果は 0 ～ 14．オーバーフローの可能性あり．結果が 1000(8)～1110(14) のとき（＝負のとき），オーバーフロー．② 正（0000～0111） + 負（1000～1111） → 1000～0110(0～7) + (–8～–1) で結果は –8～6．オーバーフローはない．③ 負（1000～1111） + 正（0000～0111） → 1000～0110(–8～–1) + (0～7) で結果は –8～6．オーバーフローはない．④ 負（1000～1111） + 負（1000～1111） → 0000～1110(–8～–1) + (–8～–1) で結果は –16～–2．オーバーフローの可能性あり．結果が 0000～0111 のとき（＝正のとき），オーバーフロー．</p>"
makeWordArrayJp
paragraph: 九州大学工学部電気情報工学科（2006年度）オーバーフロー（１）オーバーフロー: 算術演算の結果が表現可能な値の範囲を超えること．４bit 加算の場合：① 正（0000～0111） + 正（0000～0111） → 0000～1110(0～7) + (0～7) で結果は 0 ～ 14．オーバーフローの可能性あり．結果が 1000(8)～1110(14) のとき（＝負のとき），オーバーフロー．② 正（0000～0111） + 負（1000～1111） → 1000～0110(0～7) + (–8～–1) で結果は –8～6．オーバーフローはない．③ 負（1000～1111） + 正（0000～0111） → 1000～0110(–8～–1) + (0～7) で結果は –8～6．オーバーフローはない．④ 負（1000～1111） + 負（1000～1111） → 0000～1110(–8～–1) + (–8～–1) で結果は –16～–2．オーバーフローの可能性あり．結果が 0000～0111 のとき（＝正のとき），オーバーフロー．
九州 :	名詞,固有名詞,地域,一般,*,*,九州,キュウシュウ,キューシュー	true	1
大学 :	名詞,一般,*,*,*,*,大学,ダイガク,ダイガク	true	1
工学部 :	名詞,一般,*,*,*,*,工学部,コウガクブ,コーガクブ	true	1
電気 :	名詞,一般,*,*,*,*,電気,デンキ,デンキ	true	1
情報 :	名詞,一般,*,*,*,*,情報,ジョウホウ,ジョーホー	true	1
工学 :	名詞,一般,*,*,*,*,工学,コウガク,コーガク	true	1
年度 :	名詞,接尾,助数詞,*,*,*,年度,ネンド,ネンド	true	1
オーバー :	名詞,サ変接続,*,*,*,*,オーバー,オーバー,オーバー	true	1
フロー :	名詞,一般,*,*,*,*,フロー,フロー,フロー	true	1
オーバー :	名詞,サ変接続,*,*,*,*,オーバー,オーバー,オーバー	true	2
フロー :	名詞,一般,*,*,*,*,フロー,フロー,フロー	true	2
算術 :	名詞,一般,*,*,*,*,算術,サンジュツ,サンジュツ	true	1
演算 :	名詞,サ変接続,*,*,*,*,演算,エンザン,エンザン	true	1
結果 :	名詞,副詞可能,*,*,*,*,結果,ケッカ,ケッカ	true	1
表現 :	名詞,サ変接続,*,*,*,*,表現,ヒョウゲン,ヒョーゲン	true	1
可能 :	名詞,形容動詞語幹,*,*,*,*,可能,カノウ,カノー	true	1
範囲 :	名詞,一般,*,*,*,*,範囲,ハンイ,ハンイ	true	1
こと :	名詞,非自立,一般,*,*,*,こと,コト,コト	true	1
bit :	名詞,固有名詞,組織,*,*,*,*	false	1
加算 :	名詞,サ変接続,*,*,*,*,加算,カサン,カサン	true	1
場合 :	名詞,副詞可能,*,*,*,*,場合,バアイ,バアイ	true	1
結果 :	名詞,副詞可能,*,*,*,*,結果,ケッカ,ケッカ	true	2
オーバー :	名詞,サ変接続,*,*,*,*,オーバー,オーバー,オーバー	true	3
フロー :	名詞,一般,*,*,*,*,フロー,フロー,フロー	true	3
可能 :	名詞,形容動詞語幹,*,*,*,*,可能,カノウ,カノー	true	2
結果 :	名詞,副詞可能,*,*,*,*,結果,ケッカ,ケッカ	true	3
)～ :	名詞,サ変接続,*,*,*,*,*	false	1
とき :	名詞,非自立,副詞可能,*,*,*,とき,トキ,トキ	true	1
とき :	名詞,非自立,副詞可能,*,*,*,とき,トキ,トキ	true	2
オーバー :	名詞,サ変接続,*,*,*,*,オーバー,オーバー,オーバー	true	4
フロー :	名詞,一般,*,*,*,*,フロー,フロー,フロー	true	4
(– :	名詞,サ変接続,*,*,*,*,*	false	1
～– :	名詞,サ変接続,*,*,*,*,*	false	1
結果 :	名詞,副詞可能,*,*,*,*,結果,ケッカ,ケッカ	true	4
オーバー :	名詞,サ変接続,*,*,*,*,オーバー,オーバー,オーバー	true	5
フロー :	名詞,一般,*,*,*,*,フロー,フロー,フロー	true	5
(– :	名詞,サ変接続,*,*,*,*,*	false	2
～– :	名詞,サ変接続,*,*,*,*,*	false	2
結果 :	名詞,副詞可能,*,*,*,*,結果,ケッカ,ケッカ	true	5
オーバー :	名詞,サ変接続,*,*,*,*,オーバー,オーバー,オーバー	true	6
フロー :	名詞,一般,*,*,*,*,フロー,フロー,フロー	true	6
(– :	名詞,サ変接続,*,*,*,*,*	false	3
～– :	名詞,サ変接続,*,*,*,*,*	false	3
(– :	名詞,サ変接続,*,*,*,*,*	false	4
～– :	名詞,サ変接続,*,*,*,*,*	false	4
結果 :	名詞,副詞可能,*,*,*,*,結果,ケッカ,ケッカ	true	6
～– :	名詞,サ変接続,*,*,*,*,*	false	5
オーバー :	名詞,サ変接続,*,*,*,*,オーバー,オーバー,オーバー	true	7
フロー :	名詞,一般,*,*,*,*,フロー,フロー,フロー	true	7
可能 :	名詞,形容動詞語幹,*,*,*,*,可能,カノウ,カノー	true	3
結果 :	名詞,副詞可能,*,*,*,*,結果,ケッカ,ケッカ	true	7
とき :	名詞,非自立,副詞可能,*,*,*,とき,トキ,トキ	true	3
とき :	名詞,非自立,副詞可能,*,*,*,とき,トキ,トキ	true	4
オーバー :	名詞,サ変接続,*,*,*,*,オーバー,オーバー,オーバー	true	8
フロー :	名詞,一般,*,*,*,*,フロー,フロー,フロー	true	8
<slide page="20"><body><p>九州大学工学部電気情報工学科（2006年度）オーバーフロー（２）４bit 減算の場合：⑤ 正（0000～0111） – 正（0000～0111）正（0000～0111） + 負（1000～1111） と同じ．オーバーフローなし．⑥ 正（0000～0111） – 負（1000～1111）正（0000～0111） + 正（0000～0111） と同じ．結果が負のとき，オーバーフロー．⑦ 負（1000～1111） – 正（0000～0111）負（1000～1111） + 負（1000～1111） と同じ．結果が正のとき，オーバーフロー．⑧ 負（1000～1111） – 負（1000～1111）負（1000～1111） + 正（0000～0111） と同じ．オーバーフローなし．</p></body></slide>
in Sheet Class, page: 20
title = ""
body = "<p>九州大学工学部電気情報工学科（2006年度）オーバーフロー（２）４bit 減算の場合：⑤ 正（0000～0111） – 正（0000～0111）正（0000～0111） + 負（1000～1111） と同じ．オーバーフローなし．⑥ 正（0000～0111） – 負（1000～1111）正（0000～0111） + 正（0000～0111） と同じ．結果が負のとき，オーバーフロー．⑦ 負（1000～1111） – 正（0000～0111）負（1000～1111） + 負（1000～1111） と同じ．結果が正のとき，オーバーフロー．⑧ 負（1000～1111） – 負（1000～1111）負（1000～1111） + 正（0000～0111） と同じ．オーバーフローなし．</p>"
makeWordArrayJp
paragraph: 九州大学工学部電気情報工学科（2006年度）オーバーフロー（２）４bit 減算の場合：⑤ 正（0000～0111） – 正（0000～0111）正（0000～0111） + 負（1000～1111） と同じ．オーバーフローなし．⑥ 正（0000～0111） – 負（1000～1111）正（0000～0111） + 正（0000～0111） と同じ．結果が負のとき，オーバーフロー．⑦ 負（1000～1111） – 正（0000～0111）負（1000～1111） + 負（1000～1111） と同じ．結果が正のとき，オーバーフロー．⑧ 負（1000～1111） – 負（1000～1111）負（1000～1111） + 正（0000～0111） と同じ．オーバーフローなし．
九州 :	名詞,固有名詞,地域,一般,*,*,九州,キュウシュウ,キューシュー	true	1
大学 :	名詞,一般,*,*,*,*,大学,ダイガク,ダイガク	true	1
工学部 :	名詞,一般,*,*,*,*,工学部,コウガクブ,コーガクブ	true	1
電気 :	名詞,一般,*,*,*,*,電気,デンキ,デンキ	true	1
情報 :	名詞,一般,*,*,*,*,情報,ジョウホウ,ジョーホー	true	1
工学 :	名詞,一般,*,*,*,*,工学,コウガク,コーガク	true	1
年度 :	名詞,接尾,助数詞,*,*,*,年度,ネンド,ネンド	true	1
オーバー :	名詞,サ変接続,*,*,*,*,オーバー,オーバー,オーバー	true	1
フロー :	名詞,一般,*,*,*,*,フロー,フロー,フロー	true	1
bit :	名詞,固有名詞,組織,*,*,*,*	false	1
減算 :	名詞,サ変接続,*,*,*,*,減算,ゲンザン,ゲンザン	true	1
場合 :	名詞,副詞可能,*,*,*,*,場合,バアイ,バアイ	true	1
オーバー :	名詞,サ変接続,*,*,*,*,オーバー,オーバー,オーバー	true	2
フロー :	名詞,一般,*,*,*,*,フロー,フロー,フロー	true	2
結果 :	名詞,副詞可能,*,*,*,*,結果,ケッカ,ケッカ	true	1
とき :	名詞,非自立,副詞可能,*,*,*,とき,トキ,トキ	true	1
オーバー :	名詞,サ変接続,*,*,*,*,オーバー,オーバー,オーバー	true	3
フロー :	名詞,一般,*,*,*,*,フロー,フロー,フロー	true	3
結果 :	名詞,副詞可能,*,*,*,*,結果,ケッカ,ケッカ	true	2
とき :	名詞,非自立,副詞可能,*,*,*,とき,トキ,トキ	true	2
オーバー :	名詞,サ変接続,*,*,*,*,オーバー,オーバー,オーバー	true	4
フロー :	名詞,一般,*,*,*,*,フロー,フロー,フロー	true	4
オーバー :	名詞,サ変接続,*,*,*,*,オーバー,オーバー,オーバー	true	5
フロー :	名詞,一般,*,*,*,*,フロー,フロー,フロー	true	5
<slide page="21"><body><p>九州大学工学部電気情報工学科（2006年度）abopy31＋2cincout00011001neg（操作）（ビット反転）オーバーフロー（３）y31a31y1y0b31b1b0a1a0・ ・ ・2 cincoutnegcoutcincoutcincoutop加算/減算/AND/OR対応1bitALU（最上位ビット）正＋正＝負，負＋負＝正のときオーバーフロー発生a31’b31’符号ビット</p></body></slide>
in Sheet Class, page: 21
title = ""
body = "<p>九州大学工学部電気情報工学科（2006年度）abopy31＋2cincout00011001neg（操作）（ビット反転）オーバーフロー（３）y31a31y1y0b31b1b0a1a0・ ・ ・2 cincoutnegcoutcincoutcincoutop加算/減算/AND/OR対応1bitALU（最上位ビット）正＋正＝負，負＋負＝正のときオーバーフロー発生a31’b31’符号ビット</p>"
makeWordArrayJp
paragraph: 九州大学工学部電気情報工学科（2006年度）abopy31＋2cincout00011001neg（操作）（ビット反転）オーバーフロー（３）y31a31y1y0b31b1b0a1a0・ ・ ・2 cincoutnegcoutcincoutcincoutop加算/減算/AND/OR対応1bitALU（最上位ビット）正＋正＝負，負＋負＝正のときオーバーフロー発生a31’b31’符号ビット
九州 :	名詞,固有名詞,地域,一般,*,*,九州,キュウシュウ,キューシュー	true	1
大学 :	名詞,一般,*,*,*,*,大学,ダイガク,ダイガク	true	1
工学部 :	名詞,一般,*,*,*,*,工学部,コウガクブ,コーガクブ	true	1
電気 :	名詞,一般,*,*,*,*,電気,デンキ,デンキ	true	1
情報 :	名詞,一般,*,*,*,*,情報,ジョウホウ,ジョーホー	true	1
工学 :	名詞,一般,*,*,*,*,工学,コウガク,コーガク	true	1
年度 :	名詞,接尾,助数詞,*,*,*,年度,ネンド,ネンド	true	1
abopy :	名詞,一般,*,*,*,*,*	false	1
cincout :	名詞,一般,*,*,*,*,*	false	1
neg :	名詞,一般,*,*,*,*,*	false	1
操作 :	名詞,サ変接続,*,*,*,*,操作,ソウサ,ソーサ	true	1
ビット :	名詞,一般,*,*,*,*,ビット,ビット,ビット	true	1
反転 :	名詞,サ変接続,*,*,*,*,反転,ハンテン,ハンテン	true	1
オーバー :	名詞,サ変接続,*,*,*,*,オーバー,オーバー,オーバー	true	1
フロー :	名詞,一般,*,*,*,*,フロー,フロー,フロー	true	1
cincoutnegcoutcincoutcincoutop :	名詞,固有名詞,組織,*,*,*,*	false	1
加算 :	名詞,サ変接続,*,*,*,*,加算,カサン,カサン	true	1
減算 :	名詞,サ変接続,*,*,*,*,減算,ゲンザン,ゲンザン	true	1
AND :	名詞,一般,*,*,*,*,*	false	1
OR :	名詞,一般,*,*,*,*,*	false	1
対応 :	名詞,サ変接続,*,*,*,*,対応,タイオウ,タイオー	true	1
bitALU :	名詞,一般,*,*,*,*,*	false	1
上位 :	名詞,一般,*,*,*,*,上位,ジョウイ,ジョーイ	true	1
ビット :	名詞,一般,*,*,*,*,ビット,ビット,ビット	true	2
とき :	名詞,非自立,副詞可能,*,*,*,とき,トキ,トキ	true	1
オーバー :	名詞,サ変接続,*,*,*,*,オーバー,オーバー,オーバー	true	2
フロー :	名詞,一般,*,*,*,*,フロー,フロー,フロー	true	2
発生 :	名詞,サ変接続,*,*,*,*,発生,ハッセイ,ハッセイ	true	1
符号 :	名詞,一般,*,*,*,*,符号,フゴウ,フゴー	true	1
ビット :	名詞,一般,*,*,*,*,ビット,ビット,ビット	true	3
<slide page="22"><body><p>九州大学工学部電気情報工学科（2006年度）オーバーフロー（４）a31’ b31’ cin y31 cout0 000101110001111備考0 0 0 ①正＋正＝正／⑤正ー負＝正0 1 1 ①正＋正＝負／⑤正ー負＝負1 0 1 ②正＋負＝負／⑥正ー正＝負1 1 0 ②正＋負＝正／⑥正ー正＝正0 0 1 ③負＋正＝負／⑦負ー負＝負0 1 0 ③負＋正＝正／⑦負ー負＝正1 0 0 ④負＋負＝正／⑧負ー正＝正1 1 1 ④負＋負＝負／⑧負ー正＝負cin ≠ cout ならばオーバーフロー</p></body></slide>
in Sheet Class, page: 22
title = ""
body = "<p>九州大学工学部電気情報工学科（2006年度）オーバーフロー（４）a31’ b31’ cin y31 cout0 000101110001111備考0 0 0 ①正＋正＝正／⑤正ー負＝正0 1 1 ①正＋正＝負／⑤正ー負＝負1 0 1 ②正＋負＝負／⑥正ー正＝負1 1 0 ②正＋負＝正／⑥正ー正＝正0 0 1 ③負＋正＝負／⑦負ー負＝負0 1 0 ③負＋正＝正／⑦負ー負＝正1 0 0 ④負＋負＝正／⑧負ー正＝正1 1 1 ④負＋負＝負／⑧負ー正＝負cin ≠ cout ならばオーバーフロー</p>"
makeWordArrayJp
paragraph: 九州大学工学部電気情報工学科（2006年度）オーバーフロー（４）a31’ b31’ cin y31 cout0 000101110001111備考0 0 0 ①正＋正＝正／⑤正ー負＝正0 1 1 ①正＋正＝負／⑤正ー負＝負1 0 1 ②正＋負＝負／⑥正ー正＝負1 1 0 ②正＋負＝正／⑥正ー正＝正0 0 1 ③負＋正＝負／⑦負ー負＝負0 1 0 ③負＋正＝正／⑦負ー負＝正1 0 0 ④負＋負＝正／⑧負ー正＝正1 1 1 ④負＋負＝負／⑧負ー正＝負cin ≠ cout ならばオーバーフロー
九州 :	名詞,固有名詞,地域,一般,*,*,九州,キュウシュウ,キューシュー	true	1
大学 :	名詞,一般,*,*,*,*,大学,ダイガク,ダイガク	true	1
工学部 :	名詞,一般,*,*,*,*,工学部,コウガクブ,コーガクブ	true	1
電気 :	名詞,一般,*,*,*,*,電気,デンキ,デンキ	true	1
情報 :	名詞,一般,*,*,*,*,情報,ジョウホウ,ジョーホー	true	1
工学 :	名詞,一般,*,*,*,*,工学,コウガク,コーガク	true	1
年度 :	名詞,接尾,助数詞,*,*,*,年度,ネンド,ネンド	true	1
オーバー :	名詞,サ変接続,*,*,*,*,オーバー,オーバー,オーバー	true	1
フロー :	名詞,一般,*,*,*,*,フロー,フロー,フロー	true	1
cin :	名詞,固有名詞,組織,*,*,*,*	false	1
cout :	名詞,一般,*,*,*,*,*	false	1
備考 :	名詞,一般,*,*,*,*,備考,ビコウ,ビコー	true	1
／⑤ :	名詞,サ変接続,*,*,*,*,*	false	1
／⑤ :	名詞,サ変接続,*,*,*,*,*	false	2
／⑥ :	名詞,サ変接続,*,*,*,*,*	false	1
／⑥ :	名詞,サ変接続,*,*,*,*,*	false	2
／⑦ :	名詞,サ変接続,*,*,*,*,*	false	1
／⑦ :	名詞,サ変接続,*,*,*,*,*	false	2
／⑧ :	名詞,サ変接続,*,*,*,*,*	false	1
／⑧ :	名詞,サ変接続,*,*,*,*,*	false	2
cin :	名詞,一般,*,*,*,*,*	false	2
cout :	名詞,固有名詞,組織,*,*,*,*	false	2
オーバーフロー :	名詞,固有名詞,一般,*,*,*,*	false	1
<slide page="23"><body><p>九州大学工学部電気情報工学科（2006年度）オーバーフロー（５）y31a31y1y0b31b1b0a1a0・ ・ ・2 cincoutnegcoutcincoutcincoutop加算/減算/AND/OR対応1bitALU（最上位ビット）abopy31＋2cincout00011001neg（操作）（ビット反転） ovf（操作）（ビット反転）ovf：オーバーフロー出力ovf</p></body></slide>
in Sheet Class, page: 23
title = ""
body = "<p>九州大学工学部電気情報工学科（2006年度）オーバーフロー（５）y31a31y1y0b31b1b0a1a0・ ・ ・2 cincoutnegcoutcincoutcincoutop加算/減算/AND/OR対応1bitALU（最上位ビット）abopy31＋2cincout00011001neg（操作）（ビット反転） ovf（操作）（ビット反転）ovf：オーバーフロー出力ovf</p>"
makeWordArrayJp
paragraph: 九州大学工学部電気情報工学科（2006年度）オーバーフロー（５）y31a31y1y0b31b1b0a1a0・ ・ ・2 cincoutnegcoutcincoutcincoutop加算/減算/AND/OR対応1bitALU（最上位ビット）abopy31＋2cincout00011001neg（操作）（ビット反転） ovf（操作）（ビット反転）ovf：オーバーフロー出力ovf
九州 :	名詞,固有名詞,地域,一般,*,*,九州,キュウシュウ,キューシュー	true	1
大学 :	名詞,一般,*,*,*,*,大学,ダイガク,ダイガク	true	1
工学部 :	名詞,一般,*,*,*,*,工学部,コウガクブ,コーガクブ	true	1
電気 :	名詞,一般,*,*,*,*,電気,デンキ,デンキ	true	1
情報 :	名詞,一般,*,*,*,*,情報,ジョウホウ,ジョーホー	true	1
工学 :	名詞,一般,*,*,*,*,工学,コウガク,コーガク	true	1
年度 :	名詞,接尾,助数詞,*,*,*,年度,ネンド,ネンド	true	1
オーバー :	名詞,サ変接続,*,*,*,*,オーバー,オーバー,オーバー	true	1
フロー :	名詞,一般,*,*,*,*,フロー,フロー,フロー	true	1
cincoutnegcoutcincoutcincoutop :	名詞,固有名詞,組織,*,*,*,*	false	1
加算 :	名詞,サ変接続,*,*,*,*,加算,カサン,カサン	true	1
減算 :	名詞,サ変接続,*,*,*,*,減算,ゲンザン,ゲンザン	true	1
AND :	名詞,一般,*,*,*,*,*	false	1
OR :	名詞,一般,*,*,*,*,*	false	1
対応 :	名詞,サ変接続,*,*,*,*,対応,タイオウ,タイオー	true	1
bitALU :	名詞,一般,*,*,*,*,*	false	1
上位 :	名詞,一般,*,*,*,*,上位,ジョウイ,ジョーイ	true	1
ビット :	名詞,一般,*,*,*,*,ビット,ビット,ビット	true	1
abopy :	名詞,一般,*,*,*,*,*	false	1
cincout :	名詞,一般,*,*,*,*,*	false	1
neg :	名詞,一般,*,*,*,*,*	false	1
操作 :	名詞,サ変接続,*,*,*,*,操作,ソウサ,ソーサ	true	1
ビット :	名詞,一般,*,*,*,*,ビット,ビット,ビット	true	2
反転 :	名詞,サ変接続,*,*,*,*,反転,ハンテン,ハンテン	true	1
ovf :	名詞,固有名詞,組織,*,*,*,*	false	1
操作 :	名詞,サ変接続,*,*,*,*,操作,ソウサ,ソーサ	true	2
ビット :	名詞,一般,*,*,*,*,ビット,ビット,ビット	true	3
反転 :	名詞,サ変接続,*,*,*,*,反転,ハンテン,ハンテン	true	2
ovf :	名詞,固有名詞,組織,*,*,*,*	false	2
オーバー :	名詞,サ変接続,*,*,*,*,オーバー,オーバー,オーバー	true	2
フロー :	名詞,一般,*,*,*,*,フロー,フロー,フロー	true	2
出力 :	名詞,サ変接続,*,*,*,*,出力,シュツリョク,シュツリョク	true	1
ovf :	名詞,固有名詞,組織,*,*,*,*	false	3
<slide page="24"><body><p>九州大学工学部電気情報工学科（2006年度）比較器（slt：set-on-less-than）の設計レジスタ$s1の値と$s2の値を比較して，$s1<$s2であれば$s0に値「1」を，そうでなければ値「0」を格納（分岐条件の設定に利用）MIPSでの比較命令の例$s1 < $s2Yes No$s0 ← 1 $s0 ← 0slt $s0, $s1, $s2ALUに要求される機能①32ビット入力aとbを比較•「a－b<0」か否かを判定②比較結果に基づき0か1を出力•a<bの場合：32ビットの000…0001•a>=bの場合：32ビットの000…0000比較結果に依存するのは最下位ビットのみ</p></body></slide>
in Sheet Class, page: 24
title = ""
body = "<p>九州大学工学部電気情報工学科（2006年度）比較器（slt：set-on-less-than）の設計レジスタ$s1の値と$s2の値を比較して，$s1<$s2であれば$s0に値「1」を，そうでなければ値「0」を格納（分岐条件の設定に利用）MIPSでの比較命令の例$s1 < $s2Yes No$s0 ← 1 $s0 ← 0slt $s0, $s1, $s2ALUに要求される機能①32ビット入力aとbを比較•「a－b<0」か否かを判定②比較結果に基づき0か1を出力•a<bの場合：32ビットの000…0001•a>=bの場合：32ビットの000…0000比較結果に依存するのは最下位ビットのみ</p>"
makeWordArrayJp
paragraph: 九州大学工学部電気情報工学科（2006年度）比較器（slt：set-on-less-than）の設計レジスタ$s1の値と$s2の値を比較して，$s1<$s2であれば$s0に値「1」を，そうでなければ値「0」を格納（分岐条件の設定に利用）MIPSでの比較命令の例$s1 < $s2Yes No$s0 ← 1 $s0 ← 0slt $s0, $s1, $s2ALUに要求される機能①32ビット入力aとbを比較•「a－b<0」か否かを判定②比較結果に基づき0か1を出力•a<bの場合：32ビットの000…0001•a>=bの場合：32ビットの000…0000比較結果に依存するのは最下位ビットのみ
九州 :	名詞,固有名詞,地域,一般,*,*,九州,キュウシュウ,キューシュー	true	1
大学 :	名詞,一般,*,*,*,*,大学,ダイガク,ダイガク	true	1
工学部 :	名詞,一般,*,*,*,*,工学部,コウガクブ,コーガクブ	true	1
電気 :	名詞,一般,*,*,*,*,電気,デンキ,デンキ	true	1
情報 :	名詞,一般,*,*,*,*,情報,ジョウホウ,ジョーホー	true	1
工学 :	名詞,一般,*,*,*,*,工学,コウガク,コーガク	true	1
年度 :	名詞,接尾,助数詞,*,*,*,年度,ネンド,ネンド	true	1
比較 :	名詞,サ変接続,*,*,*,*,比較,ヒカク,ヒカク	true	1
slt :	名詞,固有名詞,組織,*,*,*,*	false	1
set :	名詞,固有名詞,組織,*,*,*,*	false	1
on :	名詞,一般,*,*,*,*,*	false	1
less :	名詞,一般,*,*,*,*,*	false	1
than :	名詞,固有名詞,組織,*,*,*,*	false	1
設計 :	名詞,サ変接続,*,*,*,*,設計,セッケイ,セッケイ	true	1
レジスタ :	名詞,一般,*,*,*,*,レジスタ,レジスタ,レジスタ	true	1
比較 :	名詞,サ変接続,*,*,*,*,比較,ヒカク,ヒカク	true	2
<$ :	名詞,サ変接続,*,*,*,*,*	false	1
格納 :	名詞,サ変接続,*,*,*,*,格納,カクノウ,カクノー	true	1
分岐 :	名詞,サ変接続,*,*,*,*,分岐,ブンキ,ブンキ	true	1
条件 :	名詞,一般,*,*,*,*,条件,ジョウケン,ジョーケン	true	1
設定 :	名詞,サ変接続,*,*,*,*,設定,セッテイ,セッテイ	true	1
利用 :	名詞,サ変接続,*,*,*,*,利用,リヨウ,リヨー	true	1
MIPS :	名詞,一般,*,*,*,*,*	false	1
比較 :	名詞,サ変接続,*,*,*,*,比較,ヒカク,ヒカク	true	3
命令 :	名詞,サ変接続,*,*,*,*,命令,メイレイ,メイレイ	true	1
Yes :	名詞,固有名詞,組織,*,*,*,*	false	1
No :	名詞,固有名詞,組織,*,*,*,*	false	1
slt :	名詞,固有名詞,組織,*,*,*,*	false	2
ALU :	名詞,一般,*,*,*,*,*	false	1
要求 :	名詞,サ変接続,*,*,*,*,要求,ヨウキュウ,ヨーキュー	true	1
機能 :	名詞,サ変接続,*,*,*,*,機能,キノウ,キノー	true	1
ビット :	名詞,接尾,助数詞,*,*,*,ビット,ビット,ビット	true	1
入力 :	名詞,サ変接続,*,*,*,*,入力,ニュウリョク,ニューリョク	true	1
比較 :	名詞,サ変接続,*,*,*,*,比較,ヒカク,ヒカク	true	4
•「 :	名詞,サ変接続,*,*,*,*,*	false	1
判定 :	名詞,サ変接続,*,*,*,*,判定,ハンテイ,ハンテイ	true	1
比較 :	名詞,サ変接続,*,*,*,*,比較,ヒカク,ヒカク	true	5
結果 :	名詞,副詞可能,*,*,*,*,結果,ケッカ,ケッカ	true	1
出力 :	名詞,サ変接続,*,*,*,*,出力,シュツリョク,シュツリョク	true	1
場合 :	名詞,副詞可能,*,*,*,*,場合,バアイ,バアイ	true	1
ビット :	名詞,接尾,助数詞,*,*,*,ビット,ビット,ビット	true	2
>= :	名詞,サ変接続,*,*,*,*,*	false	1
場合 :	名詞,副詞可能,*,*,*,*,場合,バアイ,バアイ	true	2
ビット :	名詞,接尾,助数詞,*,*,*,ビット,ビット,ビット	true	3
比較 :	名詞,サ変接続,*,*,*,*,比較,ヒカク,ヒカク	true	6
結果 :	名詞,副詞可能,*,*,*,*,結果,ケッカ,ケッカ	true	2
依存 :	名詞,サ変接続,*,*,*,*,依存,イゾン,イゾン	true	1
最下位 :	名詞,一般,*,*,*,*,最下位,サイカイ,サイカイ	true	1
ビット :	名詞,一般,*,*,*,*,ビット,ビット,ビット	true	4
<slide page="25"><body><p>九州大学工学部電気情報工学科（2006年度）abopy31＋2cincout00011001neg（操作）（ビット反転） ovf減算に基づく大小比較（１）y31a31y1y0b31b1b0a1a0・ ・ ・2 cincoutnegcoutcincoutcincoutop加算/減算/AND/OR対応1bitALU（最上位ビット）•減算結果の符号に基づき判定（a-bの結果が負→a<b）•減算におけるオーバーフローに注意a31’b31’符号ビット（＝１）MSB用ovf</p></body></slide>
in Sheet Class, page: 25
title = ""
body = "<p>九州大学工学部電気情報工学科（2006年度）abopy31＋2cincout00011001neg（操作）（ビット反転） ovf減算に基づく大小比較（１）y31a31y1y0b31b1b0a1a0・ ・ ・2 cincoutnegcoutcincoutcincoutop加算/減算/AND/OR対応1bitALU（最上位ビット）•減算結果の符号に基づき判定（a-bの結果が負→a<b）•減算におけるオーバーフローに注意a31’b31’符号ビット（＝１）MSB用ovf</p>"
makeWordArrayJp
paragraph: 九州大学工学部電気情報工学科（2006年度）abopy31＋2cincout00011001neg（操作）（ビット反転） ovf減算に基づく大小比較（１）y31a31y1y0b31b1b0a1a0・ ・ ・2 cincoutnegcoutcincoutcincoutop加算/減算/AND/OR対応1bitALU（最上位ビット）•減算結果の符号に基づき判定（a-bの結果が負→a<b）•減算におけるオーバーフローに注意a31’b31’符号ビット（＝１）MSB用ovf
九州 :	名詞,固有名詞,地域,一般,*,*,九州,キュウシュウ,キューシュー	true	1
大学 :	名詞,一般,*,*,*,*,大学,ダイガク,ダイガク	true	1
工学部 :	名詞,一般,*,*,*,*,工学部,コウガクブ,コーガクブ	true	1
電気 :	名詞,一般,*,*,*,*,電気,デンキ,デンキ	true	1
情報 :	名詞,一般,*,*,*,*,情報,ジョウホウ,ジョーホー	true	1
工学 :	名詞,一般,*,*,*,*,工学,コウガク,コーガク	true	1
年度 :	名詞,接尾,助数詞,*,*,*,年度,ネンド,ネンド	true	1
abopy :	名詞,一般,*,*,*,*,*	false	1
cincout :	名詞,一般,*,*,*,*,*	false	1
neg :	名詞,一般,*,*,*,*,*	false	1
操作 :	名詞,サ変接続,*,*,*,*,操作,ソウサ,ソーサ	true	1
ビット :	名詞,一般,*,*,*,*,ビット,ビット,ビット	true	1
反転 :	名詞,サ変接続,*,*,*,*,反転,ハンテン,ハンテン	true	1
ovf :	名詞,固有名詞,組織,*,*,*,*	false	1
減算 :	名詞,サ変接続,*,*,*,*,減算,ゲンザン,ゲンザン	true	1
大小 :	名詞,一般,*,*,*,*,大小,ダイショウ,ダイショー	true	1
比較 :	名詞,サ変接続,*,*,*,*,比較,ヒカク,ヒカク	true	1
cincoutnegcoutcincoutcincoutop :	名詞,固有名詞,組織,*,*,*,*	false	1
加算 :	名詞,サ変接続,*,*,*,*,加算,カサン,カサン	true	1
減算 :	名詞,サ変接続,*,*,*,*,減算,ゲンザン,ゲンザン	true	2
AND :	名詞,一般,*,*,*,*,*	false	1
OR :	名詞,一般,*,*,*,*,*	false	1
対応 :	名詞,サ変接続,*,*,*,*,対応,タイオウ,タイオー	true	1
bitALU :	名詞,一般,*,*,*,*,*	false	1
上位 :	名詞,一般,*,*,*,*,上位,ジョウイ,ジョーイ	true	1
ビット :	名詞,一般,*,*,*,*,ビット,ビット,ビット	true	2
）• :	名詞,サ変接続,*,*,*,*,*	false	1
減算 :	名詞,サ変接続,*,*,*,*,減算,ゲンザン,ゲンザン	true	3
結果 :	名詞,副詞可能,*,*,*,*,結果,ケッカ,ケッカ	true	1
符号 :	名詞,一般,*,*,*,*,符号,フゴウ,フゴー	true	1
判定 :	名詞,サ変接続,*,*,*,*,判定,ハンテイ,ハンテイ	true	1
結果 :	名詞,副詞可能,*,*,*,*,結果,ケッカ,ケッカ	true	2
）• :	名詞,サ変接続,*,*,*,*,*	false	2
減算 :	名詞,サ変接続,*,*,*,*,減算,ゲンザン,ゲンザン	true	4
オーバー :	名詞,サ変接続,*,*,*,*,オーバー,オーバー,オーバー	true	1
フロー :	名詞,一般,*,*,*,*,フロー,フロー,フロー	true	1
注意 :	名詞,サ変接続,*,*,*,*,注意,チュウイ,チューイ	true	1
符号 :	名詞,一般,*,*,*,*,符号,フゴウ,フゴー	true	2
ビット :	名詞,一般,*,*,*,*,ビット,ビット,ビット	true	3
MSB :	名詞,固有名詞,組織,*,*,*,*	false	1
ovf :	名詞,固有名詞,組織,*,*,*,*	false	2
<slide page="26"><body><p>九州大学工学部電気情報工学科（2006年度）減算に基づく大小比較（２）a31 b31 a31’ b31’ cin y31 cout ovf00001110101100101001000011010 01100001111備考0 0 0 ⑤正ー負＝正0 1 1 ⑤正ー負＝負1 0 1 ⑥正ー正＝負（a < b）1 1 0 ⑥正ー正＝正0 0 1 ⑦負ー負＝負（a < b）0 1 0 ⑦負ー負＝正1 0 0 ⑧負ー正＝正（a < b）1 1 1 ⑧負ー正＝負（a < b）オーバーフローが生じなくて（ovf = 0），結果が負（y31=1） → a < bオーバーフローが生じて（ovf =1），結果が正（y31=0） → a < bつまり、ovf と y31が不一致の場合はa<b</p></body></slide>
in Sheet Class, page: 26
title = ""
body = "<p>九州大学工学部電気情報工学科（2006年度）減算に基づく大小比較（２）a31 b31 a31’ b31’ cin y31 cout ovf00001110101100101001000011010 01100001111備考0 0 0 ⑤正ー負＝正0 1 1 ⑤正ー負＝負1 0 1 ⑥正ー正＝負（a < b）1 1 0 ⑥正ー正＝正0 0 1 ⑦負ー負＝負（a < b）0 1 0 ⑦負ー負＝正1 0 0 ⑧負ー正＝正（a < b）1 1 1 ⑧負ー正＝負（a < b）オーバーフローが生じなくて（ovf = 0），結果が負（y31=1） → a < bオーバーフローが生じて（ovf =1），結果が正（y31=0） → a < bつまり、ovf と y31が不一致の場合はa<b</p>"
makeWordArrayJp
paragraph: 九州大学工学部電気情報工学科（2006年度）減算に基づく大小比較（２）a31 b31 a31’ b31’ cin y31 cout ovf00001110101100101001000011010 01100001111備考0 0 0 ⑤正ー負＝正0 1 1 ⑤正ー負＝負1 0 1 ⑥正ー正＝負（a < b）1 1 0 ⑥正ー正＝正0 0 1 ⑦負ー負＝負（a < b）0 1 0 ⑦負ー負＝正1 0 0 ⑧負ー正＝正（a < b）1 1 1 ⑧負ー正＝負（a < b）オーバーフローが生じなくて（ovf = 0），結果が負（y31=1） → a < bオーバーフローが生じて（ovf =1），結果が正（y31=0） → a < bつまり、ovf と y31が不一致の場合はa<b
九州 :	名詞,固有名詞,地域,一般,*,*,九州,キュウシュウ,キューシュー	true	1
大学 :	名詞,一般,*,*,*,*,大学,ダイガク,ダイガク	true	1
工学部 :	名詞,一般,*,*,*,*,工学部,コウガクブ,コーガクブ	true	1
電気 :	名詞,一般,*,*,*,*,電気,デンキ,デンキ	true	1
情報 :	名詞,一般,*,*,*,*,情報,ジョウホウ,ジョーホー	true	1
工学 :	名詞,一般,*,*,*,*,工学,コウガク,コーガク	true	1
年度 :	名詞,接尾,助数詞,*,*,*,年度,ネンド,ネンド	true	1
減算 :	名詞,サ変接続,*,*,*,*,減算,ゲンザン,ゲンザン	true	1
大小 :	名詞,一般,*,*,*,*,大小,ダイショウ,ダイショー	true	1
比較 :	名詞,サ変接続,*,*,*,*,比較,ヒカク,ヒカク	true	1
cin :	名詞,固有名詞,組織,*,*,*,*	false	1
cout :	名詞,固有名詞,組織,*,*,*,*	false	1
ovf :	名詞,一般,*,*,*,*,*	false	1
備考 :	名詞,一般,*,*,*,*,備考,ビコウ,ビコー	true	1
オーバー :	名詞,サ変接続,*,*,*,*,オーバー,オーバー,オーバー	true	1
フロー :	名詞,一般,*,*,*,*,フロー,フロー,フロー	true	1
ovf :	名詞,固有名詞,組織,*,*,*,*	false	2
結果 :	名詞,副詞可能,*,*,*,*,結果,ケッカ,ケッカ	true	1
オーバー :	名詞,サ変接続,*,*,*,*,オーバー,オーバー,オーバー	true	2
フロー :	名詞,一般,*,*,*,*,フロー,フロー,フロー	true	2
ovf :	名詞,固有名詞,組織,*,*,*,*	false	3
結果 :	名詞,副詞可能,*,*,*,*,結果,ケッカ,ケッカ	true	2
ovf :	名詞,固有名詞,組織,*,*,*,*	false	4
一致 :	名詞,サ変接続,*,*,*,*,一致,イッチ,イッチ	true	1
場合 :	名詞,副詞可能,*,*,*,*,場合,バアイ,バアイ	true	1
<slide page="27"><body><p>九州大学工学部電気情報工学科（2006年度）cout ovfabopy312cincout00011001neg（操作）（ビット反転）ovf大小比較y31a31y1y0b31b1b0a1a0・ ・ ・2 cincoutnegcincoutcincoutop（＝１）MSB用setset＋「a < b」時に‘１’となる出力信号setを生成</p></body></slide>
in Sheet Class, page: 27
title = ""
body = "<p>九州大学工学部電気情報工学科（2006年度）cout ovfabopy312cincout00011001neg（操作）（ビット反転）ovf大小比較y31a31y1y0b31b1b0a1a0・ ・ ・2 cincoutnegcincoutcincoutop（＝１）MSB用setset＋「a < b」時に‘１’となる出力信号setを生成</p>"
makeWordArrayJp
paragraph: 九州大学工学部電気情報工学科（2006年度）cout ovfabopy312cincout00011001neg（操作）（ビット反転）ovf大小比較y31a31y1y0b31b1b0a1a0・ ・ ・2 cincoutnegcincoutcincoutop（＝１）MSB用setset＋「a < b」時に‘１’となる出力信号setを生成
九州 :	名詞,固有名詞,地域,一般,*,*,九州,キュウシュウ,キューシュー	true	1
大学 :	名詞,一般,*,*,*,*,大学,ダイガク,ダイガク	true	1
工学部 :	名詞,一般,*,*,*,*,工学部,コウガクブ,コーガクブ	true	1
電気 :	名詞,一般,*,*,*,*,電気,デンキ,デンキ	true	1
情報 :	名詞,一般,*,*,*,*,情報,ジョウホウ,ジョーホー	true	1
工学 :	名詞,一般,*,*,*,*,工学,コウガク,コーガク	true	1
年度 :	名詞,接尾,助数詞,*,*,*,年度,ネンド,ネンド	true	1
cout :	名詞,固有名詞,組織,*,*,*,*	false	1
ovfabopy :	名詞,一般,*,*,*,*,*	false	1
cincout :	名詞,一般,*,*,*,*,*	false	1
neg :	名詞,一般,*,*,*,*,*	false	1
操作 :	名詞,サ変接続,*,*,*,*,操作,ソウサ,ソーサ	true	1
ビット :	名詞,一般,*,*,*,*,ビット,ビット,ビット	true	1
反転 :	名詞,サ変接続,*,*,*,*,反転,ハンテン,ハンテン	true	1
ovf :	名詞,固有名詞,組織,*,*,*,*	false	1
大小 :	名詞,一般,*,*,*,*,大小,ダイショウ,ダイショー	true	1
比較 :	名詞,サ変接続,*,*,*,*,比較,ヒカク,ヒカク	true	1
cincoutnegcincoutcincoutop :	名詞,固有名詞,組織,*,*,*,*	false	1
MSB :	名詞,固有名詞,組織,*,*,*,*	false	1
setset :	名詞,一般,*,*,*,*,*	false	1
出力 :	名詞,サ変接続,*,*,*,*,出力,シュツリョク,シュツリョク	true	1
信号 :	名詞,一般,*,*,*,*,信号,シンゴウ,シンゴー	true	1
set :	名詞,一般,*,*,*,*,*	false	1
生成 :	名詞,サ変接続,*,*,*,*,生成,セイセイ,セイセイ	true	1
<slide page="28"><body><p>九州大学工学部電気情報工学科（2006年度）比較器の設計（出力の生成）y31a31y1y0b31・ ・ ・2negcinop（操作）（ビット反転）MSB用coutcoutovfslt(=0)a1b1cincoutslt(=0)a0b0cincoutsltsltslt•LSB以外：「0」を出力•LSB：比較結果に基づき0/1を出力setabopy2cincout01neg（操作）（ビット反転）ovf00011011＋sltset完成版MSB用１ビットALUabopy2cin cout01neg（操作）（ビット反転）00011011＋slt完成版一般用１ビットALU</p></body></slide>
in Sheet Class, page: 28
title = ""
body = "<p>九州大学工学部電気情報工学科（2006年度）比較器の設計（出力の生成）y31a31y1y0b31・ ・ ・2negcinop（操作）（ビット反転）MSB用coutcoutovfslt(=0)a1b1cincoutslt(=0)a0b0cincoutsltsltslt•LSB以外：「0」を出力•LSB：比較結果に基づき0/1を出力setabopy2cincout01neg（操作）（ビット反転）ovf00011011＋sltset完成版MSB用１ビットALUabopy2cin cout01neg（操作）（ビット反転）00011011＋slt完成版一般用１ビットALU</p>"
makeWordArrayJp
paragraph: 九州大学工学部電気情報工学科（2006年度）比較器の設計（出力の生成）y31a31y1y0b31・ ・ ・2negcinop（操作）（ビット反転）MSB用coutcoutovfslt(=0)a1b1cincoutslt(=0)a0b0cincoutsltsltslt•LSB以外：「0」を出力•LSB：比較結果に基づき0/1を出力setabopy2cincout01neg（操作）（ビット反転）ovf00011011＋sltset完成版MSB用１ビットALUabopy2cin cout01neg（操作）（ビット反転）00011011＋slt完成版一般用１ビットALU
九州 :	名詞,固有名詞,地域,一般,*,*,九州,キュウシュウ,キューシュー	true	1
大学 :	名詞,一般,*,*,*,*,大学,ダイガク,ダイガク	true	1
工学部 :	名詞,一般,*,*,*,*,工学部,コウガクブ,コーガクブ	true	1
電気 :	名詞,一般,*,*,*,*,電気,デンキ,デンキ	true	1
情報 :	名詞,一般,*,*,*,*,情報,ジョウホウ,ジョーホー	true	1
工学 :	名詞,一般,*,*,*,*,工学,コウガク,コーガク	true	1
年度 :	名詞,接尾,助数詞,*,*,*,年度,ネンド,ネンド	true	1
比較 :	名詞,サ変接続,*,*,*,*,比較,ヒカク,ヒカク	true	1
設計 :	名詞,サ変接続,*,*,*,*,設計,セッケイ,セッケイ	true	1
出力 :	名詞,サ変接続,*,*,*,*,出力,シュツリョク,シュツリョク	true	1
生成 :	名詞,サ変接続,*,*,*,*,生成,セイセイ,セイセイ	true	1
negcinop :	名詞,一般,*,*,*,*,*	false	1
操作 :	名詞,サ変接続,*,*,*,*,操作,ソウサ,ソーサ	true	1
ビット :	名詞,一般,*,*,*,*,ビット,ビット,ビット	true	1
反転 :	名詞,サ変接続,*,*,*,*,反転,ハンテン,ハンテン	true	1
MSB :	名詞,固有名詞,組織,*,*,*,*	false	1
coutcoutovfslt :	名詞,一般,*,*,*,*,*	false	1
(= :	名詞,サ変接続,*,*,*,*,*	false	1
cincoutslt :	名詞,一般,*,*,*,*,*	false	1
(= :	名詞,サ変接続,*,*,*,*,*	false	2
cincoutsltsltslt :	名詞,一般,*,*,*,*,*	false	1
LSB :	名詞,固有名詞,組織,*,*,*,*	false	1
以外 :	名詞,非自立,副詞可能,*,*,*,以外,イガイ,イガイ	true	1
出力 :	名詞,サ変接続,*,*,*,*,出力,シュツリョク,シュツリョク	true	2
LSB :	名詞,一般,*,*,*,*,*	false	2
比較 :	名詞,サ変接続,*,*,*,*,比較,ヒカク,ヒカク	true	2
結果 :	名詞,副詞可能,*,*,*,*,結果,ケッカ,ケッカ	true	1
出力 :	名詞,サ変接続,*,*,*,*,出力,シュツリョク,シュツリョク	true	3
setabopy :	名詞,一般,*,*,*,*,*	false	1
cincout :	名詞,一般,*,*,*,*,*	false	1
neg :	名詞,一般,*,*,*,*,*	false	1
操作 :	名詞,サ変接続,*,*,*,*,操作,ソウサ,ソーサ	true	2
ビット :	名詞,一般,*,*,*,*,ビット,ビット,ビット	true	2
反転 :	名詞,サ変接続,*,*,*,*,反転,ハンテン,ハンテン	true	2
ovf :	名詞,一般,*,*,*,*,*	false	1
sltset :	名詞,固有名詞,組織,*,*,*,*	false	1
完成 :	名詞,サ変接続,*,*,*,*,完成,カンセイ,カンセイ	true	1
MSB :	名詞,一般,*,*,*,*,*	false	2
ビット :	名詞,接尾,助数詞,*,*,*,ビット,ビット,ビット	true	3
ALUabopy :	名詞,固有名詞,組織,*,*,*,*	false	1
cin :	名詞,固有名詞,組織,*,*,*,*	false	1
cout :	名詞,一般,*,*,*,*,*	false	1
neg :	名詞,一般,*,*,*,*,*	false	2
操作 :	名詞,サ変接続,*,*,*,*,操作,ソウサ,ソーサ	true	3
ビット :	名詞,一般,*,*,*,*,ビット,ビット,ビット	true	4
反転 :	名詞,サ変接続,*,*,*,*,反転,ハンテン,ハンテン	true	3
slt :	名詞,固有名詞,組織,*,*,*,*	false	1
完成 :	名詞,サ変接続,*,*,*,*,完成,カンセイ,カンセイ	true	2
一般 :	名詞,一般,*,*,*,*,一般,イッパン,イッパン	true	1
ビット :	名詞,接尾,助数詞,*,*,*,ビット,ビット,ビット	true	5
ALU :	名詞,固有名詞,組織,*,*,*,*	false	1
<slide page="29"><body><p>九州大学工学部電気情報工学科（2006年度）完成版32ビットALUy31a31y1y0b31・ ・ ・2negcinop（操作）（ビット反転）cout ovfslt(=0)a1b1cincoutslt(=0)a0b0cincoutsltsltsltset完成版MSB用１ビットALU完成版一般用１ビットALU完成版一般用１ビットALUzeroゼロ判定回路ALU制御信号（3ビット）命令 op（操作）neg（ビット反転）AND 00 0OR 01 0ADD 10 0SUB 10 1SLT 11 1</p></body></slide>
in Sheet Class, page: 29
title = ""
body = "<p>九州大学工学部電気情報工学科（2006年度）完成版32ビットALUy31a31y1y0b31・ ・ ・2negcinop（操作）（ビット反転）cout ovfslt(=0)a1b1cincoutslt(=0)a0b0cincoutsltsltsltset完成版MSB用１ビットALU完成版一般用１ビットALU完成版一般用１ビットALUzeroゼロ判定回路ALU制御信号（3ビット）命令 op（操作）neg（ビット反転）AND 00 0OR 01 0ADD 10 0SUB 10 1SLT 11 1</p>"
makeWordArrayJp
paragraph: 九州大学工学部電気情報工学科（2006年度）完成版32ビットALUy31a31y1y0b31・ ・ ・2negcinop（操作）（ビット反転）cout ovfslt(=0)a1b1cincoutslt(=0)a0b0cincoutsltsltsltset完成版MSB用１ビットALU完成版一般用１ビットALU完成版一般用１ビットALUzeroゼロ判定回路ALU制御信号（3ビット）命令 op（操作）neg（ビット反転）AND 00 0OR 01 0ADD 10 0SUB 10 1SLT 11 1
九州 :	名詞,固有名詞,地域,一般,*,*,九州,キュウシュウ,キューシュー	true	1
大学 :	名詞,一般,*,*,*,*,大学,ダイガク,ダイガク	true	1
工学部 :	名詞,一般,*,*,*,*,工学部,コウガクブ,コーガクブ	true	1
電気 :	名詞,一般,*,*,*,*,電気,デンキ,デンキ	true	1
情報 :	名詞,一般,*,*,*,*,情報,ジョウホウ,ジョーホー	true	1
工学 :	名詞,一般,*,*,*,*,工学,コウガク,コーガク	true	1
年度 :	名詞,接尾,助数詞,*,*,*,年度,ネンド,ネンド	true	1
完成 :	名詞,サ変接続,*,*,*,*,完成,カンセイ,カンセイ	true	1
ビット :	名詞,接尾,助数詞,*,*,*,ビット,ビット,ビット	true	1
ALUy :	名詞,固有名詞,組織,*,*,*,*	false	1
negcinop :	名詞,一般,*,*,*,*,*	false	1
操作 :	名詞,サ変接続,*,*,*,*,操作,ソウサ,ソーサ	true	1
ビット :	名詞,一般,*,*,*,*,ビット,ビット,ビット	true	2
反転 :	名詞,サ変接続,*,*,*,*,反転,ハンテン,ハンテン	true	1
cout :	名詞,固有名詞,組織,*,*,*,*	false	1
ovfslt :	名詞,固有名詞,組織,*,*,*,*	false	1
(= :	名詞,サ変接続,*,*,*,*,*	false	1
cincoutslt :	名詞,一般,*,*,*,*,*	false	1
(= :	名詞,サ変接続,*,*,*,*,*	false	2
cincoutsltsltsltset :	名詞,一般,*,*,*,*,*	false	1
完成 :	名詞,サ変接続,*,*,*,*,完成,カンセイ,カンセイ	true	2
MSB :	名詞,一般,*,*,*,*,*	false	1
ビット :	名詞,接尾,助数詞,*,*,*,ビット,ビット,ビット	true	3
ALU :	名詞,固有名詞,組織,*,*,*,*	false	1
完成 :	名詞,サ変接続,*,*,*,*,完成,カンセイ,カンセイ	true	3
一般 :	名詞,一般,*,*,*,*,一般,イッパン,イッパン	true	1
ビット :	名詞,接尾,助数詞,*,*,*,ビット,ビット,ビット	true	4
ALU :	名詞,固有名詞,組織,*,*,*,*	false	2
完成 :	名詞,サ変接続,*,*,*,*,完成,カンセイ,カンセイ	true	4
一般 :	名詞,一般,*,*,*,*,一般,イッパン,イッパン	true	2
ビット :	名詞,接尾,助数詞,*,*,*,ビット,ビット,ビット	true	5
ALUzero :	名詞,固有名詞,組織,*,*,*,*	false	1
ゼロ :	名詞,数,*,*,*,*,ゼロ,ゼロ,ゼロ	true	1
判定 :	名詞,サ変接続,*,*,*,*,判定,ハンテイ,ハンテイ	true	1
回路 :	名詞,一般,*,*,*,*,回路,カイロ,カイロ	true	1
ALU :	名詞,一般,*,*,*,*,*	false	3
制御 :	名詞,サ変接続,*,*,*,*,制御,セイギョ,セイギョ	true	1
信号 :	名詞,一般,*,*,*,*,信号,シンゴウ,シンゴー	true	1
ビット :	名詞,接尾,助数詞,*,*,*,ビット,ビット,ビット	true	6
命令 :	名詞,サ変接続,*,*,*,*,命令,メイレイ,メイレイ	true	1
op :	名詞,固有名詞,組織,*,*,*,*	false	1
操作 :	名詞,サ変接続,*,*,*,*,操作,ソウサ,ソーサ	true	2
neg :	名詞,固有名詞,組織,*,*,*,*	false	1
ビット :	名詞,一般,*,*,*,*,ビット,ビット,ビット	true	7
反転 :	名詞,サ変接続,*,*,*,*,反転,ハンテン,ハンテン	true	2
AND :	名詞,固有名詞,組織,*,*,*,*	false	1
OR :	名詞,固有名詞,組織,*,*,*,*	false	1
ADD :	名詞,固有名詞,組織,*,*,*,*	false	1
SUB :	名詞,固有名詞,組織,*,*,*,*	false	1
SLT :	名詞,固有名詞,組織,*,*,*,*	false	1
<slide page="30"><body><p>九州大学工学部電気情報工学科（2006年度）加算器の高速化（１）順次桁上げ加算器（Ripple Carry Adder）+y31a31 cout++ y1y0b31b1b0a1a0coutcoutcincin・ ・ ・ビット数に比例して遅延が大きくなる．c0c1c31</p></body></slide>
in Sheet Class, page: 30
title = ""
body = "<p>九州大学工学部電気情報工学科（2006年度）加算器の高速化（１）順次桁上げ加算器（Ripple Carry Adder）+y31a31 cout++ y1y0b31b1b0a1a0coutcoutcincin・ ・ ・ビット数に比例して遅延が大きくなる．c0c1c31</p>"
makeWordArrayJp
paragraph: 九州大学工学部電気情報工学科（2006年度）加算器の高速化（１）順次桁上げ加算器（Ripple Carry Adder）+y31a31 cout++ y1y0b31b1b0a1a0coutcoutcincin・ ・ ・ビット数に比例して遅延が大きくなる．c0c1c31
九州 :	名詞,固有名詞,地域,一般,*,*,九州,キュウシュウ,キューシュー	true	1
大学 :	名詞,一般,*,*,*,*,大学,ダイガク,ダイガク	true	1
工学部 :	名詞,一般,*,*,*,*,工学部,コウガクブ,コーガクブ	true	1
電気 :	名詞,一般,*,*,*,*,電気,デンキ,デンキ	true	1
情報 :	名詞,一般,*,*,*,*,情報,ジョウホウ,ジョーホー	true	1
工学 :	名詞,一般,*,*,*,*,工学,コウガク,コーガク	true	1
年度 :	名詞,接尾,助数詞,*,*,*,年度,ネンド,ネンド	true	1
加算 :	名詞,サ変接続,*,*,*,*,加算,カサン,カサン	true	1
高速 :	名詞,一般,*,*,*,*,高速,コウソク,コーソク	true	1
上げ :	名詞,一般,*,*,*,*,上げ,アゲ,アゲ	true	1
加算 :	名詞,サ変接続,*,*,*,*,加算,カサン,カサン	true	2
Ripple :	名詞,固有名詞,組織,*,*,*,*	false	1
Carry :	名詞,固有名詞,組織,*,*,*,*	false	1
Adder :	名詞,固有名詞,組織,*,*,*,*	false	1
cout :	名詞,固有名詞,組織,*,*,*,*	false	1
++ :	名詞,サ変接続,*,*,*,*,*	false	1
coutcoutcincin :	名詞,一般,*,*,*,*,*	false	1
ビット :	名詞,一般,*,*,*,*,ビット,ビット,ビット	true	1
比例 :	名詞,サ変接続,*,*,*,*,比例,ヒレイ,ヒレイ	true	1
遅延 :	名詞,サ変接続,*,*,*,*,遅延,チエン,チエン	true	1
<slide page="31"><body><p>九州大学工学部電気情報工学科（2006年度）加算器の高速化（２）真理値表a0 b0 c0 y c10 0 0 0 00 1 0 1 01 0 0 1 01 1 0 0 10 0 1 1 00 1 1 0 11 0 1 0 11 1 1 1 1c1 = a0・c0 + b0・c0 + a0・b0 = (a0 + b0)・c0 + a0・b0</p></body></slide>
in Sheet Class, page: 31
title = ""
body = "<p>九州大学工学部電気情報工学科（2006年度）加算器の高速化（２）真理値表a0 b0 c0 y c10 0 0 0 00 1 0 1 01 0 0 1 01 1 0 0 10 0 1 1 00 1 1 0 11 0 1 0 11 1 1 1 1c1 = a0・c0 + b0・c0 + a0・b0 = (a0 + b0)・c0 + a0・b0</p>"
makeWordArrayJp
paragraph: 九州大学工学部電気情報工学科（2006年度）加算器の高速化（２）真理値表a0 b0 c0 y c10 0 0 0 00 1 0 1 01 0 0 1 01 1 0 0 10 0 1 1 00 1 1 0 11 0 1 0 11 1 1 1 1c1 = a0・c0 + b0・c0 + a0・b0 = (a0 + b0)・c0 + a0・b0
九州 :	名詞,固有名詞,地域,一般,*,*,九州,キュウシュウ,キューシュー	true	1
大学 :	名詞,一般,*,*,*,*,大学,ダイガク,ダイガク	true	1
工学部 :	名詞,一般,*,*,*,*,工学部,コウガクブ,コーガクブ	true	1
電気 :	名詞,一般,*,*,*,*,電気,デンキ,デンキ	true	1
情報 :	名詞,一般,*,*,*,*,情報,ジョウホウ,ジョーホー	true	1
工学 :	名詞,一般,*,*,*,*,工学,コウガク,コーガク	true	1
年度 :	名詞,接尾,助数詞,*,*,*,年度,ネンド,ネンド	true	1
加算 :	名詞,サ変接続,*,*,*,*,加算,カサン,カサン	true	1
高速 :	名詞,一般,*,*,*,*,高速,コウソク,コーソク	true	1
真理 :	名詞,一般,*,*,*,*,真理,シンリ,シンリ	true	1
)・ :	名詞,サ変接続,*,*,*,*,*	false	1
<slide page="32"><body><p>九州大学工学部電気情報工学科（2006年度）加算器の高速化（３）c1 = a0・c0 + b0・c0 + a0・b0 = (a0 + b0)・c0 + a0・b0c2 = a1・c1 + b1・c1 + a1・b1 = (a1 + b1)・c1 + a1・b1…c31 = a31・c31 + b31・c31 + a31・b31 = (a31 + b31)・c31 + a31・b3132個の各加算器の回路は同じであるので，c2 の右辺の c1，c3 の右辺の c2，…を順次置換すると，c2 = ((a0 + b0)・c0 + a0・b0)・(a1 + b1) + a1・b1☺ c1 がわからなくても，c0 から c2 が求められる．c3 = (((a0 + b0)・c1 + a0・b0)・(a1 + b1) + a1・b1)・(a2 + b2) + a2・b2☺ c2 がわからなくても，c0 から c3 が求められる．…/ビット数が増えるほど，指数関数的に式が長くなる（＝回路が大きくなる）．</p></body></slide>
in Sheet Class, page: 32
title = ""
body = "<p>九州大学工学部電気情報工学科（2006年度）加算器の高速化（３）c1 = a0・c0 + b0・c0 + a0・b0 = (a0 + b0)・c0 + a0・b0c2 = a1・c1 + b1・c1 + a1・b1 = (a1 + b1)・c1 + a1・b1…c31 = a31・c31 + b31・c31 + a31・b31 = (a31 + b31)・c31 + a31・b3132個の各加算器の回路は同じであるので，c2 の右辺の c1，c3 の右辺の c2，…を順次置換すると，c2 = ((a0 + b0)・c0 + a0・b0)・(a1 + b1) + a1・b1☺ c1 がわからなくても，c0 から c2 が求められる．c3 = (((a0 + b0)・c1 + a0・b0)・(a1 + b1) + a1・b1)・(a2 + b2) + a2・b2☺ c2 がわからなくても，c0 から c3 が求められる．…/ビット数が増えるほど，指数関数的に式が長くなる（＝回路が大きくなる）．</p>"
makeWordArrayJp
paragraph: 九州大学工学部電気情報工学科（2006年度）加算器の高速化（３）c1 = a0・c0 + b0・c0 + a0・b0 = (a0 + b0)・c0 + a0・b0c2 = a1・c1 + b1・c1 + a1・b1 = (a1 + b1)・c1 + a1・b1…c31 = a31・c31 + b31・c31 + a31・b31 = (a31 + b31)・c31 + a31・b3132個の各加算器の回路は同じであるので，c2 の右辺の c1，c3 の右辺の c2，…を順次置換すると，c2 = ((a0 + b0)・c0 + a0・b0)・(a1 + b1) + a1・b1☺ c1 がわからなくても，c0 から c2 が求められる．c3 = (((a0 + b0)・c1 + a0・b0)・(a1 + b1) + a1・b1)・(a2 + b2) + a2・b2☺ c2 がわからなくても，c0 から c3 が求められる．…/ビット数が増えるほど，指数関数的に式が長くなる（＝回路が大きくなる）．
九州 :	名詞,固有名詞,地域,一般,*,*,九州,キュウシュウ,キューシュー	true	1
大学 :	名詞,一般,*,*,*,*,大学,ダイガク,ダイガク	true	1
工学部 :	名詞,一般,*,*,*,*,工学部,コウガクブ,コーガクブ	true	1
電気 :	名詞,一般,*,*,*,*,電気,デンキ,デンキ	true	1
情報 :	名詞,一般,*,*,*,*,情報,ジョウホウ,ジョーホー	true	1
工学 :	名詞,一般,*,*,*,*,工学,コウガク,コーガク	true	1
年度 :	名詞,接尾,助数詞,*,*,*,年度,ネンド,ネンド	true	1
加算 :	名詞,サ変接続,*,*,*,*,加算,カサン,カサン	true	1
高速 :	名詞,一般,*,*,*,*,高速,コウソク,コーソク	true	1
)・ :	名詞,サ変接続,*,*,*,*,*	false	1
)・ :	名詞,サ変接続,*,*,*,*,*	false	2
)・ :	名詞,サ変接続,*,*,*,*,*	false	3
加算 :	名詞,サ変接続,*,*,*,*,加算,カサン,カサン	true	2
回路 :	名詞,一般,*,*,*,*,回路,カイロ,カイロ	true	1
右辺 :	名詞,一般,*,*,*,*,右辺,ウヘン,ウヘン	true	1
右辺 :	名詞,一般,*,*,*,*,右辺,ウヘン,ウヘン	true	2
置換 :	名詞,サ変接続,*,*,*,*,置換,チカン,チカン	true	1
(( :	名詞,サ変接続,*,*,*,*,*	false	1
)・ :	名詞,サ変接続,*,*,*,*,*	false	4
)・( :	名詞,サ変接続,*,*,*,*,*	false	1
((( :	名詞,サ変接続,*,*,*,*,*	false	1
)・ :	名詞,サ変接続,*,*,*,*,*	false	5
)・( :	名詞,サ変接続,*,*,*,*,*	false	2
)・( :	名詞,サ変接続,*,*,*,*,*	false	3
ビット :	名詞,一般,*,*,*,*,ビット,ビット,ビット	true	1
指数 :	名詞,一般,*,*,*,*,指数,シスウ,シスー	true	1
関数 :	名詞,一般,*,*,*,*,関数,カンスウ,カンスー	true	1
回路 :	名詞,一般,*,*,*,*,回路,カイロ,カイロ	true	2
<slide page="33"><body><p>九州大学工学部電気情報工学科（2006年度）加算器の高速化（４）c1 = g0 + p0・c0c2 = g1 + p1・g0 + p1・p0・c0c3 =  g2 + p2・g1 + p2・p1・g0 + p2・p1・p0・c0c4 =  g3 + p3・g2 + p3・p2・g1 + p3・p2・p1・g0 + p3・p2・p1・p0・c0gi = ai・bi，pi = ai + bi とすると，4bit 桁上げ先見加算器（Carry Look Ahead Adder）4bit桁上げ先見加算器a3～a0b3～b0c0y3～y0c444 4</p></body></slide>
in Sheet Class, page: 33
title = ""
body = "<p>九州大学工学部電気情報工学科（2006年度）加算器の高速化（４）c1 = g0 + p0・c0c2 = g1 + p1・g0 + p1・p0・c0c3 =  g2 + p2・g1 + p2・p1・g0 + p2・p1・p0・c0c4 =  g3 + p3・g2 + p3・p2・g1 + p3・p2・p1・g0 + p3・p2・p1・p0・c0gi = ai・bi，pi = ai + bi とすると，4bit 桁上げ先見加算器（Carry Look Ahead Adder）4bit桁上げ先見加算器a3～a0b3～b0c0y3～y0c444 4</p>"
makeWordArrayJp
paragraph: 九州大学工学部電気情報工学科（2006年度）加算器の高速化（４）c1 = g0 + p0・c0c2 = g1 + p1・g0 + p1・p0・c0c3 =  g2 + p2・g1 + p2・p1・g0 + p2・p1・p0・c0c4 =  g3 + p3・g2 + p3・p2・g1 + p3・p2・p1・g0 + p3・p2・p1・p0・c0gi = ai・bi，pi = ai + bi とすると，4bit 桁上げ先見加算器（Carry Look Ahead Adder）4bit桁上げ先見加算器a3～a0b3～b0c0y3～y0c444 4
九州 :	名詞,固有名詞,地域,一般,*,*,九州,キュウシュウ,キューシュー	true	1
大学 :	名詞,一般,*,*,*,*,大学,ダイガク,ダイガク	true	1
工学部 :	名詞,一般,*,*,*,*,工学部,コウガクブ,コーガクブ	true	1
電気 :	名詞,一般,*,*,*,*,電気,デンキ,デンキ	true	1
情報 :	名詞,一般,*,*,*,*,情報,ジョウホウ,ジョーホー	true	1
工学 :	名詞,一般,*,*,*,*,工学,コウガク,コーガク	true	1
年度 :	名詞,接尾,助数詞,*,*,*,年度,ネンド,ネンド	true	1
加算 :	名詞,サ変接続,*,*,*,*,加算,カサン,カサン	true	1
高速 :	名詞,一般,*,*,*,*,高速,コウソク,コーソク	true	1
gi :	名詞,固有名詞,組織,*,*,*,*	false	1
ai :	名詞,固有名詞,組織,*,*,*,*	false	1
bi :	名詞,固有名詞,組織,*,*,*,*	false	1
pi :	名詞,固有名詞,組織,*,*,*,*	false	1
ai :	名詞,固有名詞,組織,*,*,*,*	false	2
bi :	名詞,固有名詞,組織,*,*,*,*	false	2
bit :	名詞,固有名詞,組織,*,*,*,*	false	1
上げ :	名詞,一般,*,*,*,*,上げ,アゲ,アゲ	true	1
先見 :	名詞,一般,*,*,*,*,先見,センケン,センケン	true	1
加算 :	名詞,サ変接続,*,*,*,*,加算,カサン,カサン	true	2
Carry :	名詞,固有名詞,組織,*,*,*,*	false	1
Look :	名詞,固有名詞,組織,*,*,*,*	false	1
Ahead :	名詞,固有名詞,組織,*,*,*,*	false	1
Adder :	名詞,固有名詞,組織,*,*,*,*	false	1
bit :	名詞,一般,*,*,*,*,*	false	2
上げ :	名詞,一般,*,*,*,*,上げ,アゲ,アゲ	true	2
先見 :	名詞,一般,*,*,*,*,先見,センケン,センケン	true	2
加算 :	名詞,サ変接続,*,*,*,*,加算,カサン,カサン	true	3
<slide page="34"><body><p>九州大学工学部電気情報工学科（2006年度）桁上げ先見ユ ニ ッ ト加算器の高速化（５）4bit 桁上げ先見加算器（Carry Look Ahead Adder）+y3a3++y1y0b3b1b0a1a0c1c3+b2a2c1y2g3p3g2p2g1p1g0p0c0c4</p></body></slide>
in Sheet Class, page: 34
title = ""
body = "<p>九州大学工学部電気情報工学科（2006年度）桁上げ先見ユ ニ ッ ト加算器の高速化（５）4bit 桁上げ先見加算器（Carry Look Ahead Adder）+y3a3++y1y0b3b1b0a1a0c1c3+b2a2c1y2g3p3g2p2g1p1g0p0c0c4</p>"
makeWordArrayJp
paragraph: 九州大学工学部電気情報工学科（2006年度）桁上げ先見ユ ニ ッ ト加算器の高速化（５）4bit 桁上げ先見加算器（Carry Look Ahead Adder）+y3a3++y1y0b3b1b0a1a0c1c3+b2a2c1y2g3p3g2p2g1p1g0p0c0c4
九州 :	名詞,固有名詞,地域,一般,*,*,九州,キュウシュウ,キューシュー	true	1
大学 :	名詞,一般,*,*,*,*,大学,ダイガク,ダイガク	true	1
工学部 :	名詞,一般,*,*,*,*,工学部,コウガクブ,コーガクブ	true	1
電気 :	名詞,一般,*,*,*,*,電気,デンキ,デンキ	true	1
情報 :	名詞,一般,*,*,*,*,情報,ジョウホウ,ジョーホー	true	1
工学 :	名詞,一般,*,*,*,*,工学,コウガク,コーガク	true	1
年度 :	名詞,接尾,助数詞,*,*,*,年度,ネンド,ネンド	true	1
上げ :	名詞,一般,*,*,*,*,上げ,アゲ,アゲ	true	1
先見 :	名詞,一般,*,*,*,*,先見,センケン,センケン	true	1
加算 :	名詞,サ変接続,*,*,*,*,加算,カサン,カサン	true	1
高速 :	名詞,一般,*,*,*,*,高速,コウソク,コーソク	true	1
bit :	名詞,固有名詞,組織,*,*,*,*	false	1
上げ :	名詞,一般,*,*,*,*,上げ,アゲ,アゲ	true	2
先見 :	名詞,一般,*,*,*,*,先見,センケン,センケン	true	2
加算 :	名詞,サ変接続,*,*,*,*,加算,カサン,カサン	true	2
Carry :	名詞,固有名詞,組織,*,*,*,*	false	1
Look :	名詞,固有名詞,組織,*,*,*,*	false	1
Ahead :	名詞,固有名詞,組織,*,*,*,*	false	1
Adder :	名詞,固有名詞,組織,*,*,*,*	false	1
++ :	名詞,サ変接続,*,*,*,*,*	false	1
<slide page="35"><body><p>九州大学工学部電気情報工学科（2006年度）加算器の高速化（６）32bit 加算器4bit桁上げ先見加算器4bit桁上げ先見加算器4bit桁上げ先見加算器・ ・ ・ まだ長い！c0c4c28a3～a0a7～a4a31～a28b31～b28b7～b4b3～b0 y3～y0y7～y4y31～y28444444444</p></body></slide>
in Sheet Class, page: 35
title = ""
body = "<p>九州大学工学部電気情報工学科（2006年度）加算器の高速化（６）32bit 加算器4bit桁上げ先見加算器4bit桁上げ先見加算器4bit桁上げ先見加算器・ ・ ・ まだ長い！c0c4c28a3～a0a7～a4a31～a28b31～b28b7～b4b3～b0 y3～y0y7～y4y31～y28444444444</p>"
makeWordArrayJp
paragraph: 九州大学工学部電気情報工学科（2006年度）加算器の高速化（６）32bit 加算器4bit桁上げ先見加算器4bit桁上げ先見加算器4bit桁上げ先見加算器・ ・ ・ まだ長い！c0c4c28a3～a0a7～a4a31～a28b31～b28b7～b4b3～b0 y3～y0y7～y4y31～y28444444444
九州 :	名詞,固有名詞,地域,一般,*,*,九州,キュウシュウ,キューシュー	true	1
大学 :	名詞,一般,*,*,*,*,大学,ダイガク,ダイガク	true	1
工学部 :	名詞,一般,*,*,*,*,工学部,コウガクブ,コーガクブ	true	1
電気 :	名詞,一般,*,*,*,*,電気,デンキ,デンキ	true	1
情報 :	名詞,一般,*,*,*,*,情報,ジョウホウ,ジョーホー	true	1
工学 :	名詞,一般,*,*,*,*,工学,コウガク,コーガク	true	1
年度 :	名詞,接尾,助数詞,*,*,*,年度,ネンド,ネンド	true	1
加算 :	名詞,サ変接続,*,*,*,*,加算,カサン,カサン	true	1
高速 :	名詞,一般,*,*,*,*,高速,コウソク,コーソク	true	1
bit :	名詞,固有名詞,組織,*,*,*,*	false	1
加算 :	名詞,サ変接続,*,*,*,*,加算,カサン,カサン	true	2
bit :	名詞,一般,*,*,*,*,*	false	2
上げ :	名詞,一般,*,*,*,*,上げ,アゲ,アゲ	true	1
先見 :	名詞,一般,*,*,*,*,先見,センケン,センケン	true	1
加算 :	名詞,サ変接続,*,*,*,*,加算,カサン,カサン	true	3
bit :	名詞,一般,*,*,*,*,*	false	3
上げ :	名詞,一般,*,*,*,*,上げ,アゲ,アゲ	true	2
先見 :	名詞,一般,*,*,*,*,先見,センケン,センケン	true	2
加算 :	名詞,サ変接続,*,*,*,*,加算,カサン,カサン	true	4
bit :	名詞,一般,*,*,*,*,*	false	4
上げ :	名詞,一般,*,*,*,*,上げ,アゲ,アゲ	true	3
先見 :	名詞,一般,*,*,*,*,先見,センケン,センケン	true	3
加算 :	名詞,サ変接続,*,*,*,*,加算,カサン,カサン	true	5
<slide page="36"><body><p>九州大学工学部電気情報工学科（2006年度）加算器の高速化（７）c4 =  g3 + p3・g2 + p3・p2・g1 + p3・p2・p1・g0 + p3・p2・p1・p0・c0c8 =  g7 + p7・g6 + p7・p6・g5 + p7・p6・p5・g4 + p7・p6・p5・p4・c4…c32 =  g31 + p31・g30 + p31・p30・g29 + p31・p30・p29・g28 + p31・p30・p29・p28・c288個の各4bit桁上げ先見加算器の回路は同じであるので，P0 = p3・p2・p1・p0，P1 = p7・p6・p5・p4，…，G0 = g3 + p3・g2 + p3・p2・g1 + p3・p2・p1・g0， G1 = g7 + p7・g6 + p7・p6・g5 + p7・p6・p5・g4，…として，c8 の右辺の c4，c12 の右辺の c8，…を順次置換すると，c4 = G0 + P0・c0c8 = G1 + P1・G0 + P1・P0・c0c12 =  G2 + P2・G1 + P2・P1・G0 + P2・P1・P0・c0…</p></body></slide>
in Sheet Class, page: 36
title = ""
body = "<p>九州大学工学部電気情報工学科（2006年度）加算器の高速化（７）c4 =  g3 + p3・g2 + p3・p2・g1 + p3・p2・p1・g0 + p3・p2・p1・p0・c0c8 =  g7 + p7・g6 + p7・p6・g5 + p7・p6・p5・g4 + p7・p6・p5・p4・c4…c32 =  g31 + p31・g30 + p31・p30・g29 + p31・p30・p29・g28 + p31・p30・p29・p28・c288個の各4bit桁上げ先見加算器の回路は同じであるので，P0 = p3・p2・p1・p0，P1 = p7・p6・p5・p4，…，G0 = g3 + p3・g2 + p3・p2・g1 + p3・p2・p1・g0， G1 = g7 + p7・g6 + p7・p6・g5 + p7・p6・p5・g4，…として，c8 の右辺の c4，c12 の右辺の c8，…を順次置換すると，c4 = G0 + P0・c0c8 = G1 + P1・G0 + P1・P0・c0c12 =  G2 + P2・G1 + P2・P1・G0 + P2・P1・P0・c0…</p>"
makeWordArrayJp
paragraph: 九州大学工学部電気情報工学科（2006年度）加算器の高速化（７）c4 =  g3 + p3・g2 + p3・p2・g1 + p3・p2・p1・g0 + p3・p2・p1・p0・c0c8 =  g7 + p7・g6 + p7・p6・g5 + p7・p6・p5・g4 + p7・p6・p5・p4・c4…c32 =  g31 + p31・g30 + p31・p30・g29 + p31・p30・p29・g28 + p31・p30・p29・p28・c288個の各4bit桁上げ先見加算器の回路は同じであるので，P0 = p3・p2・p1・p0，P1 = p7・p6・p5・p4，…，G0 = g3 + p3・g2 + p3・p2・g1 + p3・p2・p1・g0， G1 = g7 + p7・g6 + p7・p6・g5 + p7・p6・p5・g4，…として，c8 の右辺の c4，c12 の右辺の c8，…を順次置換すると，c4 = G0 + P0・c0c8 = G1 + P1・G0 + P1・P0・c0c12 =  G2 + P2・G1 + P2・P1・G0 + P2・P1・P0・c0…
九州 :	名詞,固有名詞,地域,一般,*,*,九州,キュウシュウ,キューシュー	true	1
大学 :	名詞,一般,*,*,*,*,大学,ダイガク,ダイガク	true	1
工学部 :	名詞,一般,*,*,*,*,工学部,コウガクブ,コーガクブ	true	1
電気 :	名詞,一般,*,*,*,*,電気,デンキ,デンキ	true	1
情報 :	名詞,一般,*,*,*,*,情報,ジョウホウ,ジョーホー	true	1
工学 :	名詞,一般,*,*,*,*,工学,コウガク,コーガク	true	1
年度 :	名詞,接尾,助数詞,*,*,*,年度,ネンド,ネンド	true	1
加算 :	名詞,サ変接続,*,*,*,*,加算,カサン,カサン	true	1
高速 :	名詞,一般,*,*,*,*,高速,コウソク,コーソク	true	1
bit :	名詞,一般,*,*,*,*,*	false	1
上げ :	名詞,一般,*,*,*,*,上げ,アゲ,アゲ	true	1
先見 :	名詞,一般,*,*,*,*,先見,センケン,センケン	true	1
加算 :	名詞,サ変接続,*,*,*,*,加算,カサン,カサン	true	2
回路 :	名詞,一般,*,*,*,*,回路,カイロ,カイロ	true	1
右辺 :	名詞,一般,*,*,*,*,右辺,ウヘン,ウヘン	true	1
右辺 :	名詞,一般,*,*,*,*,右辺,ウヘン,ウヘン	true	2
置換 :	名詞,サ変接続,*,*,*,*,置換,チカン,チカン	true	1
<slide page="37"><body><p>九州大学工学部電気情報工学科（2006年度）桁上げ先見ユ ニ ッ ト加算器の高速化（８）32bit 桁上げ先見加算器（Carry Look Ahead Adder）+++G7P7G1P1G0P0c0c32a3～a0b3～b0a7～a4a31～a28b31～b28b7～b4・ ・ ・y3～y0y7～y4y31～y28444444c4c28444c8</p></body></slide>
in Sheet Class, page: 37
title = ""
body = "<p>九州大学工学部電気情報工学科（2006年度）桁上げ先見ユ ニ ッ ト加算器の高速化（８）32bit 桁上げ先見加算器（Carry Look Ahead Adder）+++G7P7G1P1G0P0c0c32a3～a0b3～b0a7～a4a31～a28b31～b28b7～b4・ ・ ・y3～y0y7～y4y31～y28444444c4c28444c8</p>"
makeWordArrayJp
paragraph: 九州大学工学部電気情報工学科（2006年度）桁上げ先見ユ ニ ッ ト加算器の高速化（８）32bit 桁上げ先見加算器（Carry Look Ahead Adder）+++G7P7G1P1G0P0c0c32a3～a0b3～b0a7～a4a31～a28b31～b28b7～b4・ ・ ・y3～y0y7～y4y31～y28444444c4c28444c8
九州 :	名詞,固有名詞,地域,一般,*,*,九州,キュウシュウ,キューシュー	true	1
大学 :	名詞,一般,*,*,*,*,大学,ダイガク,ダイガク	true	1
工学部 :	名詞,一般,*,*,*,*,工学部,コウガクブ,コーガクブ	true	1
電気 :	名詞,一般,*,*,*,*,電気,デンキ,デンキ	true	1
情報 :	名詞,一般,*,*,*,*,情報,ジョウホウ,ジョーホー	true	1
工学 :	名詞,一般,*,*,*,*,工学,コウガク,コーガク	true	1
年度 :	名詞,接尾,助数詞,*,*,*,年度,ネンド,ネンド	true	1
上げ :	名詞,一般,*,*,*,*,上げ,アゲ,アゲ	true	1
先見 :	名詞,一般,*,*,*,*,先見,センケン,センケン	true	1
加算 :	名詞,サ変接続,*,*,*,*,加算,カサン,カサン	true	1
高速 :	名詞,一般,*,*,*,*,高速,コウソク,コーソク	true	1
bit :	名詞,固有名詞,組織,*,*,*,*	false	1
上げ :	名詞,一般,*,*,*,*,上げ,アゲ,アゲ	true	2
先見 :	名詞,一般,*,*,*,*,先見,センケン,センケン	true	2
加算 :	名詞,サ変接続,*,*,*,*,加算,カサン,カサン	true	2
Carry :	名詞,固有名詞,組織,*,*,*,*	false	1
Look :	名詞,固有名詞,組織,*,*,*,*	false	1
Ahead :	名詞,固有名詞,組織,*,*,*,*	false	1
Adder :	名詞,固有名詞,組織,*,*,*,*	false	1
+++ :	名詞,サ変接続,*,*,*,*,*	false	1
