filename: 13
xmlFile: /home/sakamoto/OCWData/ocw.kyushu-u.ac.jp/コンピュータアーキテクチャI/13/slide.xml
dir: /home/sakamoto/OCWData/ocw.kyushu-u.ac.jp/コンピュータアーキテクチャI/13
XML:
<presentation language="ja"><slide page="1"><body><p>プロセッサの全体設計（教科書5.1節）</p></body></slide><slide page="2"><body><p>九州大学工学部電気情報工学科（2006年度）設計するプロセッサMIPSのサブセットを設計する．z 算術演算命令z 加算命令： addz 減算命令： subz 比較命令： sltz 論理演算命令の処理z AND命令： andz OR命令： orz 分岐命令z 条件分岐命令： beq</p></body></slide><slide page="3"><body><p>九州大学工学部電気情報工学科（2006年度）命令実行の制御の概要（１）大雑把な命令実行の手順命令取得命令解読命令実行PCの指す番地から命令を取得．命令語の各フィールドを検査して，実行する命令と必要なパラメータを特定する．全ての命令で共通の処理</p></body></slide><slide page="4"><body><p>九州大学工学部電気情報工学科（2006年度）命令実行の制御の概要（２）例）add 命令（sub, and, or, slt も同様）rs，rt の指定するレジスタの値を ALU に転送ALUで演算実行結果を rd の指定するレジスタに転送PC ← PC + 4命令取得命令解読命令実行000000 rs rt rd 00000 100000</p></body></slide><slide page="5"><body><p>九州大学工学部電気情報工学科（2006年度）命令実行の制御の概要（３）例）lw 命令rs の指定するレジスタの値と即値を ALU に転送加算実行加算結果の番地の値を rt の指定するレジスタに転送PC ← PC + 4命令取得命令解読命令実行100011 rs rt 即値</p></body></slide><slide page="6"><body><p>九州大学工学部電気情報工学科（2006年度）大雑把な設計（１）add 命令（sub，and，or，slt）を処理できるプロセッサレジスタＰＣ 命令メモリＡＬＵ25-2120-1615-11000000 rs rt rd 00000 100000</p></body></slide><slide page="7"><body><p>九州大学工学部電気情報工学科（2006年度）大雑把な設計（２）add（sub，and，or，slt）命令と lw 命令を処理できるプロセッサ25-2120-1615-11 データメモリレジスタＰＣ 命令メモリＡＬＵ100011 rs rt 即値15-0</p></body></slide><slide page="8"><body><p>九州大学工学部電気情報工学科（2006年度）大雑把な設計（３）命令に応じてデータの交通整理をすることで回路を共用する．レジスタＰＣ 命令メモリＡＬＵ25-2120-1615-11 データメモリレジスタＰＣ 命令メモリＡＬＵ25-2120-1615-11 データメモリaddlw15-0</p></body></slide></presentation>
<slide page="1"><body><p>プロセッサの全体設計（教科書5.1節）</p></body></slide>
in Sheet Class, page: 1
title = ""
body = "<p>プロセッサの全体設計（教科書5.1節）</p>"
makeWordArrayJp
paragraph: プロセッサの全体設計（教科書5.1節）
プロセッサ :	名詞,一般,*,*,*,*,プロセッサ,プロセッサ,プロセッサ	true	1
全体 :	名詞,副詞可能,*,*,*,*,全体,ゼンタイ,ゼンタイ	true	1
設計 :	名詞,サ変接続,*,*,*,*,設計,セッケイ,セッケイ	true	1
教科書 :	名詞,一般,*,*,*,*,教科書,キョウカショ,キョーカショ	true	1
<slide page="2"><body><p>九州大学工学部電気情報工学科（2006年度）設計するプロセッサMIPSのサブセットを設計する．z 算術演算命令z 加算命令： addz 減算命令： subz 比較命令： sltz 論理演算命令の処理z AND命令： andz OR命令： orz 分岐命令z 条件分岐命令： beq</p></body></slide>
in Sheet Class, page: 2
title = ""
body = "<p>九州大学工学部電気情報工学科（2006年度）設計するプロセッサMIPSのサブセットを設計する．z 算術演算命令z 加算命令： addz 減算命令： subz 比較命令： sltz 論理演算命令の処理z AND命令： andz OR命令： orz 分岐命令z 条件分岐命令： beq</p>"
makeWordArrayJp
paragraph: 九州大学工学部電気情報工学科（2006年度）設計するプロセッサMIPSのサブセットを設計する．z 算術演算命令z 加算命令： addz 減算命令： subz 比較命令： sltz 論理演算命令の処理z AND命令： andz OR命令： orz 分岐命令z 条件分岐命令： beq
九州 :	名詞,固有名詞,地域,一般,*,*,九州,キュウシュウ,キューシュー	true	1
大学 :	名詞,一般,*,*,*,*,大学,ダイガク,ダイガク	true	1
工学部 :	名詞,一般,*,*,*,*,工学部,コウガクブ,コーガクブ	true	1
電気 :	名詞,一般,*,*,*,*,電気,デンキ,デンキ	true	1
情報 :	名詞,一般,*,*,*,*,情報,ジョウホウ,ジョーホー	true	1
工学 :	名詞,一般,*,*,*,*,工学,コウガク,コーガク	true	1
年度 :	名詞,接尾,助数詞,*,*,*,年度,ネンド,ネンド	true	1
設計 :	名詞,サ変接続,*,*,*,*,設計,セッケイ,セッケイ	true	1
プロセッサ :	名詞,一般,*,*,*,*,プロセッサ,プロセッサ,プロセッサ	true	1
MIPS :	名詞,一般,*,*,*,*,*	false	1
サブ :	名詞,一般,*,*,*,*,サブ,サブ,サブ	true	1
セット :	名詞,一般,*,*,*,*,セット,セット,セット	true	1
設計 :	名詞,サ変接続,*,*,*,*,設計,セッケイ,セッケイ	true	2
算術 :	名詞,一般,*,*,*,*,算術,サンジュツ,サンジュツ	true	1
演算 :	名詞,サ変接続,*,*,*,*,演算,エンザン,エンザン	true	1
命令 :	名詞,サ変接続,*,*,*,*,命令,メイレイ,メイレイ	true	1
加算 :	名詞,サ変接続,*,*,*,*,加算,カサン,カサン	true	1
命令 :	名詞,サ変接続,*,*,*,*,命令,メイレイ,メイレイ	true	2
addz :	名詞,固有名詞,組織,*,*,*,*	false	1
減算 :	名詞,サ変接続,*,*,*,*,減算,ゲンザン,ゲンザン	true	1
命令 :	名詞,サ変接続,*,*,*,*,命令,メイレイ,メイレイ	true	3
subz :	名詞,固有名詞,組織,*,*,*,*	false	1
比較 :	名詞,サ変接続,*,*,*,*,比較,ヒカク,ヒカク	true	1
命令 :	名詞,サ変接続,*,*,*,*,命令,メイレイ,メイレイ	true	4
sltz :	名詞,固有名詞,組織,*,*,*,*	false	1
論理 :	名詞,一般,*,*,*,*,論理,ロンリ,ロンリ	true	1
演算 :	名詞,サ変接続,*,*,*,*,演算,エンザン,エンザン	true	2
命令 :	名詞,サ変接続,*,*,*,*,命令,メイレイ,メイレイ	true	5
処理 :	名詞,サ変接続,*,*,*,*,処理,ショリ,ショリ	true	1
AND :	名詞,固有名詞,組織,*,*,*,*	false	1
命令 :	名詞,サ変接続,*,*,*,*,命令,メイレイ,メイレイ	true	6
andz :	名詞,固有名詞,組織,*,*,*,*	false	1
OR :	名詞,固有名詞,組織,*,*,*,*	false	1
命令 :	名詞,サ変接続,*,*,*,*,命令,メイレイ,メイレイ	true	7
orz :	名詞,固有名詞,組織,*,*,*,*	false	1
分岐 :	名詞,サ変接続,*,*,*,*,分岐,ブンキ,ブンキ	true	1
命令 :	名詞,サ変接続,*,*,*,*,命令,メイレイ,メイレイ	true	8
条件 :	名詞,一般,*,*,*,*,条件,ジョウケン,ジョーケン	true	1
分岐 :	名詞,サ変接続,*,*,*,*,分岐,ブンキ,ブンキ	true	2
命令 :	名詞,サ変接続,*,*,*,*,命令,メイレイ,メイレイ	true	9
beq :	名詞,固有名詞,組織,*,*,*,*	false	1
<slide page="3"><body><p>九州大学工学部電気情報工学科（2006年度）命令実行の制御の概要（１）大雑把な命令実行の手順命令取得命令解読命令実行PCの指す番地から命令を取得．命令語の各フィールドを検査して，実行する命令と必要なパラメータを特定する．全ての命令で共通の処理</p></body></slide>
in Sheet Class, page: 3
title = ""
body = "<p>九州大学工学部電気情報工学科（2006年度）命令実行の制御の概要（１）大雑把な命令実行の手順命令取得命令解読命令実行PCの指す番地から命令を取得．命令語の各フィールドを検査して，実行する命令と必要なパラメータを特定する．全ての命令で共通の処理</p>"
makeWordArrayJp
paragraph: 九州大学工学部電気情報工学科（2006年度）命令実行の制御の概要（１）大雑把な命令実行の手順命令取得命令解読命令実行PCの指す番地から命令を取得．命令語の各フィールドを検査して，実行する命令と必要なパラメータを特定する．全ての命令で共通の処理
九州 :	名詞,固有名詞,地域,一般,*,*,九州,キュウシュウ,キューシュー	true	1
大学 :	名詞,一般,*,*,*,*,大学,ダイガク,ダイガク	true	1
工学部 :	名詞,一般,*,*,*,*,工学部,コウガクブ,コーガクブ	true	1
電気 :	名詞,一般,*,*,*,*,電気,デンキ,デンキ	true	1
情報 :	名詞,一般,*,*,*,*,情報,ジョウホウ,ジョーホー	true	1
工学 :	名詞,一般,*,*,*,*,工学,コウガク,コーガク	true	1
年度 :	名詞,接尾,助数詞,*,*,*,年度,ネンド,ネンド	true	1
命令 :	名詞,サ変接続,*,*,*,*,命令,メイレイ,メイレイ	true	1
実行 :	名詞,サ変接続,*,*,*,*,実行,ジッコウ,ジッコー	true	1
制御 :	名詞,サ変接続,*,*,*,*,制御,セイギョ,セイギョ	true	1
概要 :	名詞,一般,*,*,*,*,概要,ガイヨウ,ガイヨー	true	1
大雑把 :	名詞,形容動詞語幹,*,*,*,*,大雑把,オオザッパ,オーザッパ	true	1
命令 :	名詞,サ変接続,*,*,*,*,命令,メイレイ,メイレイ	true	2
実行 :	名詞,サ変接続,*,*,*,*,実行,ジッコウ,ジッコー	true	2
手順 :	名詞,一般,*,*,*,*,手順,テジュン,テジュン	true	1
命令 :	名詞,サ変接続,*,*,*,*,命令,メイレイ,メイレイ	true	3
取得 :	名詞,サ変接続,*,*,*,*,取得,シュトク,シュトク	true	1
命令 :	名詞,サ変接続,*,*,*,*,命令,メイレイ,メイレイ	true	4
解読 :	名詞,サ変接続,*,*,*,*,解読,カイドク,カイドク	true	1
命令 :	名詞,サ変接続,*,*,*,*,命令,メイレイ,メイレイ	true	5
実行 :	名詞,サ変接続,*,*,*,*,実行,ジッコウ,ジッコー	true	3
PC :	名詞,一般,*,*,*,*,*	false	1
番地 :	名詞,一般,*,*,*,*,番地,バンチ,バンチ	true	1
命令 :	名詞,サ変接続,*,*,*,*,命令,メイレイ,メイレイ	true	6
取得 :	名詞,サ変接続,*,*,*,*,取得,シュトク,シュトク	true	2
命令 :	名詞,サ変接続,*,*,*,*,命令,メイレイ,メイレイ	true	7
フィールド :	名詞,一般,*,*,*,*,フィールド,フィールド,フィールド	true	1
検査 :	名詞,サ変接続,*,*,*,*,検査,ケンサ,ケンサ	true	1
実行 :	名詞,サ変接続,*,*,*,*,実行,ジッコウ,ジッコー	true	4
命令 :	名詞,サ変接続,*,*,*,*,命令,メイレイ,メイレイ	true	8
必要 :	名詞,形容動詞語幹,*,*,*,*,必要,ヒツヨウ,ヒツヨー	true	1
パラメータ :	名詞,一般,*,*,*,*,パラメータ,パラメータ,パラメータ	true	1
特定 :	名詞,サ変接続,*,*,*,*,特定,トクテイ,トクテイ	true	1
全て :	名詞,副詞可能,*,*,*,*,全て,スベテ,スベテ	true	1
命令 :	名詞,サ変接続,*,*,*,*,命令,メイレイ,メイレイ	true	9
共通 :	名詞,サ変接続,*,*,*,*,共通,キョウツウ,キョーツー	true	1
処理 :	名詞,サ変接続,*,*,*,*,処理,ショリ,ショリ	true	1
<slide page="4"><body><p>九州大学工学部電気情報工学科（2006年度）命令実行の制御の概要（２）例）add 命令（sub, and, or, slt も同様）rs，rt の指定するレジスタの値を ALU に転送ALUで演算実行結果を rd の指定するレジスタに転送PC ← PC + 4命令取得命令解読命令実行000000 rs rt rd 00000 100000</p></body></slide>
in Sheet Class, page: 4
title = ""
body = "<p>九州大学工学部電気情報工学科（2006年度）命令実行の制御の概要（２）例）add 命令（sub, and, or, slt も同様）rs，rt の指定するレジスタの値を ALU に転送ALUで演算実行結果を rd の指定するレジスタに転送PC ← PC + 4命令取得命令解読命令実行000000 rs rt rd 00000 100000</p>"
makeWordArrayJp
paragraph: 九州大学工学部電気情報工学科（2006年度）命令実行の制御の概要（２）例）add 命令（sub, and, or, slt も同様）rs，rt の指定するレジスタの値を ALU に転送ALUで演算実行結果を rd の指定するレジスタに転送PC ← PC + 4命令取得命令解読命令実行000000 rs rt rd 00000 100000
九州 :	名詞,固有名詞,地域,一般,*,*,九州,キュウシュウ,キューシュー	true	1
大学 :	名詞,一般,*,*,*,*,大学,ダイガク,ダイガク	true	1
工学部 :	名詞,一般,*,*,*,*,工学部,コウガクブ,コーガクブ	true	1
電気 :	名詞,一般,*,*,*,*,電気,デンキ,デンキ	true	1
情報 :	名詞,一般,*,*,*,*,情報,ジョウホウ,ジョーホー	true	1
工学 :	名詞,一般,*,*,*,*,工学,コウガク,コーガク	true	1
年度 :	名詞,接尾,助数詞,*,*,*,年度,ネンド,ネンド	true	1
命令 :	名詞,サ変接続,*,*,*,*,命令,メイレイ,メイレイ	true	1
実行 :	名詞,サ変接続,*,*,*,*,実行,ジッコウ,ジッコー	true	1
制御 :	名詞,サ変接続,*,*,*,*,制御,セイギョ,セイギョ	true	1
概要 :	名詞,一般,*,*,*,*,概要,ガイヨウ,ガイヨー	true	1
add :	名詞,固有名詞,組織,*,*,*,*	false	1
命令 :	名詞,サ変接続,*,*,*,*,命令,メイレイ,メイレイ	true	2
sub :	名詞,固有名詞,組織,*,*,*,*	false	1
and :	名詞,固有名詞,組織,*,*,*,*	false	1
or :	名詞,固有名詞,組織,*,*,*,*	false	1
slt :	名詞,固有名詞,組織,*,*,*,*	false	1
同様 :	名詞,形容動詞語幹,*,*,*,*,同様,ドウヨウ,ドーヨー	true	1
rs :	名詞,固有名詞,組織,*,*,*,*	false	1
rt :	名詞,固有名詞,組織,*,*,*,*	false	1
指定 :	名詞,サ変接続,*,*,*,*,指定,シテイ,シテイ	true	1
レジスタ :	名詞,一般,*,*,*,*,レジスタ,レジスタ,レジスタ	true	1
ALU :	名詞,固有名詞,組織,*,*,*,*	false	1
転送 :	名詞,サ変接続,*,*,*,*,転送,テンソウ,テンソー	true	1
ALU :	名詞,一般,*,*,*,*,*	false	2
演算 :	名詞,サ変接続,*,*,*,*,演算,エンザン,エンザン	true	1
実行 :	名詞,サ変接続,*,*,*,*,実行,ジッコウ,ジッコー	true	2
結果 :	名詞,副詞可能,*,*,*,*,結果,ケッカ,ケッカ	true	1
rd :	名詞,固有名詞,組織,*,*,*,*	false	1
指定 :	名詞,サ変接続,*,*,*,*,指定,シテイ,シテイ	true	2
レジスタ :	名詞,一般,*,*,*,*,レジスタ,レジスタ,レジスタ	true	2
転送 :	名詞,サ変接続,*,*,*,*,転送,テンソウ,テンソー	true	2
PC :	名詞,固有名詞,組織,*,*,*,*	false	1
PC :	名詞,固有名詞,組織,*,*,*,*	false	2
命令 :	名詞,サ変接続,*,*,*,*,命令,メイレイ,メイレイ	true	3
取得 :	名詞,サ変接続,*,*,*,*,取得,シュトク,シュトク	true	1
命令 :	名詞,サ変接続,*,*,*,*,命令,メイレイ,メイレイ	true	4
解読 :	名詞,サ変接続,*,*,*,*,解読,カイドク,カイドク	true	1
命令 :	名詞,サ変接続,*,*,*,*,命令,メイレイ,メイレイ	true	5
実行 :	名詞,サ変接続,*,*,*,*,実行,ジッコウ,ジッコー	true	3
rs :	名詞,固有名詞,組織,*,*,*,*	false	2
rt :	名詞,固有名詞,組織,*,*,*,*	false	2
rd :	名詞,固有名詞,組織,*,*,*,*	false	2
<slide page="5"><body><p>九州大学工学部電気情報工学科（2006年度）命令実行の制御の概要（３）例）lw 命令rs の指定するレジスタの値と即値を ALU に転送加算実行加算結果の番地の値を rt の指定するレジスタに転送PC ← PC + 4命令取得命令解読命令実行100011 rs rt 即値</p></body></slide>
in Sheet Class, page: 5
title = ""
body = "<p>九州大学工学部電気情報工学科（2006年度）命令実行の制御の概要（３）例）lw 命令rs の指定するレジスタの値と即値を ALU に転送加算実行加算結果の番地の値を rt の指定するレジスタに転送PC ← PC + 4命令取得命令解読命令実行100011 rs rt 即値</p>"
makeWordArrayJp
paragraph: 九州大学工学部電気情報工学科（2006年度）命令実行の制御の概要（３）例）lw 命令rs の指定するレジスタの値と即値を ALU に転送加算実行加算結果の番地の値を rt の指定するレジスタに転送PC ← PC + 4命令取得命令解読命令実行100011 rs rt 即値
九州 :	名詞,固有名詞,地域,一般,*,*,九州,キュウシュウ,キューシュー	true	1
大学 :	名詞,一般,*,*,*,*,大学,ダイガク,ダイガク	true	1
工学部 :	名詞,一般,*,*,*,*,工学部,コウガクブ,コーガクブ	true	1
電気 :	名詞,一般,*,*,*,*,電気,デンキ,デンキ	true	1
情報 :	名詞,一般,*,*,*,*,情報,ジョウホウ,ジョーホー	true	1
工学 :	名詞,一般,*,*,*,*,工学,コウガク,コーガク	true	1
年度 :	名詞,接尾,助数詞,*,*,*,年度,ネンド,ネンド	true	1
命令 :	名詞,サ変接続,*,*,*,*,命令,メイレイ,メイレイ	true	1
実行 :	名詞,サ変接続,*,*,*,*,実行,ジッコウ,ジッコー	true	1
制御 :	名詞,サ変接続,*,*,*,*,制御,セイギョ,セイギョ	true	1
概要 :	名詞,一般,*,*,*,*,概要,ガイヨウ,ガイヨー	true	1
lw :	名詞,固有名詞,組織,*,*,*,*	false	1
命令 :	名詞,サ変接続,*,*,*,*,命令,メイレイ,メイレイ	true	2
rs :	名詞,固有名詞,組織,*,*,*,*	false	1
指定 :	名詞,サ変接続,*,*,*,*,指定,シテイ,シテイ	true	1
レジスタ :	名詞,一般,*,*,*,*,レジスタ,レジスタ,レジスタ	true	1
即値 :	名詞,一般,*,*,*,*,即値,ソクチ,ソクチ	true	1
ALU :	名詞,固有名詞,組織,*,*,*,*	false	1
転送 :	名詞,サ変接続,*,*,*,*,転送,テンソウ,テンソー	true	1
加算 :	名詞,サ変接続,*,*,*,*,加算,カサン,カサン	true	1
実行 :	名詞,サ変接続,*,*,*,*,実行,ジッコウ,ジッコー	true	2
加算 :	名詞,サ変接続,*,*,*,*,加算,カサン,カサン	true	2
結果 :	名詞,副詞可能,*,*,*,*,結果,ケッカ,ケッカ	true	1
番地 :	名詞,一般,*,*,*,*,番地,バンチ,バンチ	true	1
rt :	名詞,固有名詞,組織,*,*,*,*	false	1
指定 :	名詞,サ変接続,*,*,*,*,指定,シテイ,シテイ	true	2
レジスタ :	名詞,一般,*,*,*,*,レジスタ,レジスタ,レジスタ	true	2
転送 :	名詞,サ変接続,*,*,*,*,転送,テンソウ,テンソー	true	2
PC :	名詞,固有名詞,組織,*,*,*,*	false	1
PC :	名詞,固有名詞,組織,*,*,*,*	false	2
命令 :	名詞,サ変接続,*,*,*,*,命令,メイレイ,メイレイ	true	3
取得 :	名詞,サ変接続,*,*,*,*,取得,シュトク,シュトク	true	1
命令 :	名詞,サ変接続,*,*,*,*,命令,メイレイ,メイレイ	true	4
解読 :	名詞,サ変接続,*,*,*,*,解読,カイドク,カイドク	true	1
命令 :	名詞,サ変接続,*,*,*,*,命令,メイレイ,メイレイ	true	5
実行 :	名詞,サ変接続,*,*,*,*,実行,ジッコウ,ジッコー	true	3
rs :	名詞,固有名詞,組織,*,*,*,*	false	2
rt :	名詞,固有名詞,組織,*,*,*,*	false	2
即値 :	名詞,一般,*,*,*,*,即値,ソクチ,ソクチ	true	2
<slide page="6"><body><p>九州大学工学部電気情報工学科（2006年度）大雑把な設計（１）add 命令（sub，and，or，slt）を処理できるプロセッサレジスタＰＣ 命令メモリＡＬＵ25-2120-1615-11000000 rs rt rd 00000 100000</p></body></slide>
in Sheet Class, page: 6
title = ""
body = "<p>九州大学工学部電気情報工学科（2006年度）大雑把な設計（１）add 命令（sub，and，or，slt）を処理できるプロセッサレジスタＰＣ 命令メモリＡＬＵ25-2120-1615-11000000 rs rt rd 00000 100000</p>"
makeWordArrayJp
paragraph: 九州大学工学部電気情報工学科（2006年度）大雑把な設計（１）add 命令（sub，and，or，slt）を処理できるプロセッサレジスタＰＣ 命令メモリＡＬＵ25-2120-1615-11000000 rs rt rd 00000 100000
九州 :	名詞,固有名詞,地域,一般,*,*,九州,キュウシュウ,キューシュー	true	1
大学 :	名詞,一般,*,*,*,*,大学,ダイガク,ダイガク	true	1
工学部 :	名詞,一般,*,*,*,*,工学部,コウガクブ,コーガクブ	true	1
電気 :	名詞,一般,*,*,*,*,電気,デンキ,デンキ	true	1
情報 :	名詞,一般,*,*,*,*,情報,ジョウホウ,ジョーホー	true	1
工学 :	名詞,一般,*,*,*,*,工学,コウガク,コーガク	true	1
年度 :	名詞,接尾,助数詞,*,*,*,年度,ネンド,ネンド	true	1
大雑把 :	名詞,形容動詞語幹,*,*,*,*,大雑把,オオザッパ,オーザッパ	true	1
設計 :	名詞,サ変接続,*,*,*,*,設計,セッケイ,セッケイ	true	1
add :	名詞,固有名詞,組織,*,*,*,*	false	1
命令 :	名詞,サ変接続,*,*,*,*,命令,メイレイ,メイレイ	true	1
sub :	名詞,固有名詞,組織,*,*,*,*	false	1
and :	名詞,固有名詞,組織,*,*,*,*	false	1
or :	名詞,固有名詞,組織,*,*,*,*	false	1
slt :	名詞,固有名詞,組織,*,*,*,*	false	1
処理 :	名詞,サ変接続,*,*,*,*,処理,ショリ,ショリ	true	1
プロセッサ :	名詞,一般,*,*,*,*,プロセッサ,プロセッサ,プロセッサ	true	1
レジスタ :	名詞,一般,*,*,*,*,レジスタ,レジスタ,レジスタ	true	1
ＰＣ :	名詞,一般,*,*,*,*,*	false	1
命令 :	名詞,サ変接続,*,*,*,*,命令,メイレイ,メイレイ	true	2
メモリ :	名詞,一般,*,*,*,*,メモリ,メモリ,メモリ	true	1
ＡＬＵ :	名詞,一般,*,*,*,*,*	false	1
rs :	名詞,固有名詞,組織,*,*,*,*	false	1
rt :	名詞,固有名詞,組織,*,*,*,*	false	1
rd :	名詞,固有名詞,組織,*,*,*,*	false	1
<slide page="7"><body><p>九州大学工学部電気情報工学科（2006年度）大雑把な設計（２）add（sub，and，or，slt）命令と lw 命令を処理できるプロセッサ25-2120-1615-11 データメモリレジスタＰＣ 命令メモリＡＬＵ100011 rs rt 即値15-0</p></body></slide>
in Sheet Class, page: 7
title = ""
body = "<p>九州大学工学部電気情報工学科（2006年度）大雑把な設計（２）add（sub，and，or，slt）命令と lw 命令を処理できるプロセッサ25-2120-1615-11 データメモリレジスタＰＣ 命令メモリＡＬＵ100011 rs rt 即値15-0</p>"
makeWordArrayJp
paragraph: 九州大学工学部電気情報工学科（2006年度）大雑把な設計（２）add（sub，and，or，slt）命令と lw 命令を処理できるプロセッサ25-2120-1615-11 データメモリレジスタＰＣ 命令メモリＡＬＵ100011 rs rt 即値15-0
九州 :	名詞,固有名詞,地域,一般,*,*,九州,キュウシュウ,キューシュー	true	1
大学 :	名詞,一般,*,*,*,*,大学,ダイガク,ダイガク	true	1
工学部 :	名詞,一般,*,*,*,*,工学部,コウガクブ,コーガクブ	true	1
電気 :	名詞,一般,*,*,*,*,電気,デンキ,デンキ	true	1
情報 :	名詞,一般,*,*,*,*,情報,ジョウホウ,ジョーホー	true	1
工学 :	名詞,一般,*,*,*,*,工学,コウガク,コーガク	true	1
年度 :	名詞,接尾,助数詞,*,*,*,年度,ネンド,ネンド	true	1
大雑把 :	名詞,形容動詞語幹,*,*,*,*,大雑把,オオザッパ,オーザッパ	true	1
設計 :	名詞,サ変接続,*,*,*,*,設計,セッケイ,セッケイ	true	1
add :	名詞,固有名詞,組織,*,*,*,*	false	1
sub :	名詞,固有名詞,組織,*,*,*,*	false	1
and :	名詞,固有名詞,組織,*,*,*,*	false	1
or :	名詞,固有名詞,組織,*,*,*,*	false	1
slt :	名詞,固有名詞,組織,*,*,*,*	false	1
命令 :	名詞,サ変接続,*,*,*,*,命令,メイレイ,メイレイ	true	1
lw :	名詞,固有名詞,組織,*,*,*,*	false	1
命令 :	名詞,サ変接続,*,*,*,*,命令,メイレイ,メイレイ	true	2
処理 :	名詞,サ変接続,*,*,*,*,処理,ショリ,ショリ	true	1
プロセッサ :	名詞,一般,*,*,*,*,プロセッサ,プロセッサ,プロセッサ	true	1
データ :	名詞,一般,*,*,*,*,データ,データ,データ	true	1
メモリレジスタ :	名詞,一般,*,*,*,*,メモリレジスタ,メモリレジスタ,メモリレジスタ	true	1
ＰＣ :	名詞,一般,*,*,*,*,*	false	1
命令 :	名詞,サ変接続,*,*,*,*,命令,メイレイ,メイレイ	true	3
メモリ :	名詞,一般,*,*,*,*,メモリ,メモリ,メモリ	true	1
ＡＬＵ :	名詞,一般,*,*,*,*,*	false	1
rs :	名詞,固有名詞,組織,*,*,*,*	false	1
rt :	名詞,固有名詞,組織,*,*,*,*	false	1
即値 :	名詞,一般,*,*,*,*,即値,ソクチ,ソクチ	true	1
<slide page="8"><body><p>九州大学工学部電気情報工学科（2006年度）大雑把な設計（３）命令に応じてデータの交通整理をすることで回路を共用する．レジスタＰＣ 命令メモリＡＬＵ25-2120-1615-11 データメモリレジスタＰＣ 命令メモリＡＬＵ25-2120-1615-11 データメモリaddlw15-0</p></body></slide>
in Sheet Class, page: 8
title = ""
body = "<p>九州大学工学部電気情報工学科（2006年度）大雑把な設計（３）命令に応じてデータの交通整理をすることで回路を共用する．レジスタＰＣ 命令メモリＡＬＵ25-2120-1615-11 データメモリレジスタＰＣ 命令メモリＡＬＵ25-2120-1615-11 データメモリaddlw15-0</p>"
makeWordArrayJp
paragraph: 九州大学工学部電気情報工学科（2006年度）大雑把な設計（３）命令に応じてデータの交通整理をすることで回路を共用する．レジスタＰＣ 命令メモリＡＬＵ25-2120-1615-11 データメモリレジスタＰＣ 命令メモリＡＬＵ25-2120-1615-11 データメモリaddlw15-0
九州 :	名詞,固有名詞,地域,一般,*,*,九州,キュウシュウ,キューシュー	true	1
大学 :	名詞,一般,*,*,*,*,大学,ダイガク,ダイガク	true	1
工学部 :	名詞,一般,*,*,*,*,工学部,コウガクブ,コーガクブ	true	1
電気 :	名詞,一般,*,*,*,*,電気,デンキ,デンキ	true	1
情報 :	名詞,一般,*,*,*,*,情報,ジョウホウ,ジョーホー	true	1
工学 :	名詞,一般,*,*,*,*,工学,コウガク,コーガク	true	1
年度 :	名詞,接尾,助数詞,*,*,*,年度,ネンド,ネンド	true	1
大雑把 :	名詞,形容動詞語幹,*,*,*,*,大雑把,オオザッパ,オーザッパ	true	1
設計 :	名詞,サ変接続,*,*,*,*,設計,セッケイ,セッケイ	true	1
命令 :	名詞,サ変接続,*,*,*,*,命令,メイレイ,メイレイ	true	1
データ :	名詞,一般,*,*,*,*,データ,データ,データ	true	1
交通 :	名詞,一般,*,*,*,*,交通,コウツウ,コーツー	true	1
整理 :	名詞,サ変接続,*,*,*,*,整理,セイリ,セイリ	true	1
こと :	名詞,非自立,一般,*,*,*,こと,コト,コト	true	1
回路 :	名詞,一般,*,*,*,*,回路,カイロ,カイロ	true	1
共用 :	名詞,サ変接続,*,*,*,*,共用,キョウヨウ,キョーヨー	true	1
レジスタ :	名詞,一般,*,*,*,*,レジスタ,レジスタ,レジスタ	true	1
ＰＣ :	名詞,一般,*,*,*,*,*	false	1
命令 :	名詞,サ変接続,*,*,*,*,命令,メイレイ,メイレイ	true	2
メモリ :	名詞,一般,*,*,*,*,メモリ,メモリ,メモリ	true	1
ＡＬＵ :	名詞,一般,*,*,*,*,*	false	1
データ :	名詞,一般,*,*,*,*,データ,データ,データ	true	2
メモリレジスタ :	名詞,一般,*,*,*,*,メモリレジスタ,メモリレジスタ,メモリレジスタ	true	1
ＰＣ :	名詞,一般,*,*,*,*,*	false	2
命令 :	名詞,サ変接続,*,*,*,*,命令,メイレイ,メイレイ	true	3
メモリ :	名詞,一般,*,*,*,*,メモリ,メモリ,メモリ	true	2
ＡＬＵ :	名詞,一般,*,*,*,*,*	false	2
データ :	名詞,一般,*,*,*,*,データ,データ,データ	true	3
メモリ :	名詞,一般,*,*,*,*,メモリ,メモリ,メモリ	true	3
addlw :	名詞,一般,*,*,*,*,*	false	1
