交通整理(1)
サブセット(1)
分岐命令(1)
情報工学(7)
九州大学(7)
論理演算(1)
条件分岐(1)
{ 1 } { 2 } { 3 } { 4 } { 5 } { 6 } { 7 } { 8 } 
Segment{ 2 }, Segment{ 3 }
コサイン類似度: 0.03430417318549494
Segment{ 3 }, Segment{ 4 }
コサイン類似度: 1.0
Segment{ 4 }, Segment{ 5 }
コサイン類似度: 1.0
Segment{ 5 }, Segment{ 6 }
コサイン類似度: 1.0
Segment{ 6 }, Segment{ 7 }
コサイン類似度: 1.0
Segment{ 7 }, Segment{ 8 }
コサイン類似度: 0.09044158425823112
交通整理(1)
サブセット(1)
分岐命令(1)
情報工学(6)
九州大学(6)
論理演算(1)
条件分岐(1)
{ 1 } { 2 } { 3 4 } { 5 } { 6 } { 7 } { 8 } 
Segment{ 2 }, Segment{ 3 4 }
コサイン類似度: 0.0423057740297416
Segment{ 3 4 }, Segment{ 5 }
コサイン類似度: 1.0
Segment{ 5 }, Segment{ 6 }
コサイン類似度: 1.0
Segment{ 6 }, Segment{ 7 }
コサイン類似度: 1.0
Segment{ 7 }, Segment{ 8 }
コサイン類似度: 0.11133436186981543
交通整理(1)
サブセット(1)
分岐命令(1)
情報工学(5)
九州大学(5)
論理演算(1)
条件分岐(1)
{ 1 } { 2 } { 3 4 5 } { 6 } { 7 } { 8 } 
Segment{ 2 }, Segment{ 3 4 5 }
コサイン類似度: 0.05431038009438969
Segment{ 3 4 5 }, Segment{ 6 }
コサイン類似度: 0.9999999999999998
Segment{ 6 }, Segment{ 7 }
コサイン類似度: 0.9999999999999998
Segment{ 7 }, Segment{ 8 }
コサイン類似度: 0.14243688416194272
交通整理(1)
サブセット(1)
分岐命令(1)
情報工学(4)
九州大学(4)
論理演算(1)
条件分岐(1)
{ 1 } { 2 } { 3 4 5 6 } { 7 } { 8 } 
Segment{ 2 }, Segment{ 3 4 5 6 }
コサイン類似度: 0.07390719536865249
Segment{ 3 4 5 6 }, Segment{ 7 }
コサイン類似度: 1.0
Segment{ 7 }, Segment{ 8 }
コサイン類似度: 0.1924124499425588
交通整理(1)
サブセット(1)
分岐命令(1)
情報工学(3)
九州大学(3)
論理演算(1)
条件分岐(1)
{ 1 } { 2 } { 3 4 5 6 7 } { 8 } 
Segment{ 2 }, Segment{ 3 4 5 6 7 }
コサイン類似度: 0.11024726933725054
Segment{ 3 4 5 6 7 }, Segment{ 8 }
コサイン類似度: 0.2815994630432826
交通整理(1)
サブセット(1)
分岐命令(1)
情報工学(2)
九州大学(2)
論理演算(1)
条件分岐(1)
{ 1 } { 2 } { 3 4 5 6 7 8 } 
Segment{ 2 }, Segment{ 3 4 5 6 7 8 }
コサイン類似度: 0.18437437625854122
交通整理(1)
サブセット(1)
分岐命令(1)
情報工学(1)
九州大学(1)
論理演算(1)
条件分岐(1)
{ 1 } { 2 3 4 5 6 7 8 } 
addz(1)
解読(1)
ＰＣ(1)
addlw(1)
slt(1)
MIPS(1)
sltz(1)
パラメータ(1)
番地(1)
フィールド(1)
命令(1)
メモリレジスタ(1)
大学(1)
AND(1)
比較(1)
処理(1)
指定(1)
こと(1)
設計(2)
減算(1)
or(1)
ALU(1)
交通(1)
beq(1)
メモリ(1)
and(1)
九州(1)
同様(1)
レジスタ(1)
全体(1)
rs(1)
大雑把(1)
rt(1)
転送(1)
sub(1)
概要(1)
工学(1)
取得(1)
共用(1)
分岐(1)
lw(1)
add(1)
rd(1)
論理(1)
結果(1)
特定(1)
即値(1)
orz(1)
subz(1)
手順(1)
情報(1)
検査(1)
回路(1)
算術(1)
プロセッサ(2)
サブ(1)
データ(1)
教科書(1)
条件(1)
電気(1)
工学部(1)
加算(1)
OR(1)
andz(1)
ＡＬＵ(1)
制御(1)
共通(1)
年度(1)
必要(1)
実行(1)
セット(1)
全て(1)
演算(1)
整理(1)
PC(1)
{ 1 } { 2 3 4 5 6 7 8 } 
addz(1)
解読(1)
ＰＣ(1)
addlw(1)
slt(1)
MIPS(1)
sltz(1)
パラメータ(1)
番地(1)
フィールド(1)
命令(1)
メモリレジスタ(1)
大学(1)
AND(1)
比較(1)
処理(1)
指定(1)
こと(1)
設計(2)
減算(1)
or(1)
ALU(1)
交通(1)
beq(1)
メモリ(1)
and(1)
九州(1)
同様(1)
レジスタ(1)
全体(1)
rs(1)
大雑把(1)
rt(1)
転送(1)
sub(1)
概要(1)
工学(1)
取得(1)
共用(1)
分岐(1)
lw(1)
add(1)
rd(1)
論理(1)
結果(1)
特定(1)
即値(1)
orz(1)
subz(1)
手順(1)
情報(1)
検査(1)
回路(1)
算術(1)
プロセッサ(2)
サブ(1)
データ(1)
教科書(1)
条件(1)
電気(1)
工学部(1)
加算(1)
OR(1)
andz(1)
ＡＬＵ(1)
制御(1)
共通(1)
年度(1)
必要(1)
実行(1)
セット(1)
全て(1)
演算(1)
整理(1)
PC(1)
{ 1 } { 2 3 4 5 6 7 8 } 
