エンパイア(1)
統合(4)
Trade(1)
EC(1)
Commonwealth(1)
移行(1)
countries(1)
帰結(1)
Free(1)
ウッズ(1)
France(2)
of(2)
Six(2)
変化(1)
joined(1)
起源(1)
on(1)
冷戦(1)
ブレトン(1)
処理(1)
IntegrationA(1)
EEC(1)
プリタニカ(1)
破綻(1)
課題(1)
主義(1)
engine(1)
or(1)
構造(2)
UK(1)
EU(1)
再建(1)
ブリ(1)
without(1)
イントロダクション(1)
Asian(2)
決済(1)
講義(3)
宥和(1)
ティッシュ(1)
構想(1)
自立(1)
experiences(1)
概要(1)
ドイツ(2)
国際(2)
European(3)
関連(1)
modelmodel(1)
six(1)
内部(1)
現代(1)
Integration(1)
アメリカーナ(1)
マーシャル(1)
Rome(1)
アジア(2)
イントロダクションー(1)
経済(5)
With(1)
以前(1)
社会(1)
主導(1)
スターリング(2)
次週(1)
スケジュール(1)
British(1)
コソボ(1)
Franco(2)
形成(1)
システム(1)
KoreaASEANJapanUSWith(1)
MilwardHoganMarshallPlan(1)
問題(3)
negotiations(1)
関係(2)
成立(1)
年度(3)
including(1)
構図(1)
開発(1)
))(1)
欧米(2)
共同(1)
modelBritain(1)
相互(1)
Germany(1)
German(2)
).(1)
Japan(2)
invaded(1)
イラン(1)
帝国(1)
ブリタニカ(2)
ドル(1)
recognition(1)
Area(1)
Wider(1)
ナチス(1)
恐慌(1)
Italy(1)
Benelux(1)
FTAsAFTABrazilIraqIndiaUSShield(1)
modelthe(1)
IntegrationUKGermanyFranceEasternEuropeUSChina(1)
政策(1)
欧州(6)
二つ(1)
orWithout(1)
プラン(1)
戦争(1)
中国(1)
過程(1)
WWIIregional(1)
計画(1)
基礎(1)
Chinathe(1)
回復(1)
西欧(1)
運営(1)
Paris(1)
坂出(1)
視角(2)
Bonn(1)
Outline(1)
覇権(1)
treatyThe(1)
ニューディール(1)
貿易(1)
イラク(1)
予習(1)
model(3)
In(1)
パクス(2)
発展(1)
依存(1)
結成(1)
武器(1)
解体(1)
Alliance(1)
年代(1)
NaftaMercousurEUMEFTA(1)
EPU(1)
integration(2)
空爆(1)
景気(1)
大西洋(1)
WWII(1)
近代(1)
NATO(1)
体制(2)
多角(1)
axis(1)
Britain(2)
SaptaAftaChinaJapanRussia(1)
Without(1)
大戦(2)
位置づけ(2)
現在(1)
仕方(1)
復興(1)
東欧(1)
the(3)
アメリカ(1)
イギリス(1)
ポスト(1)
April(1)
plan(1)
平成(3)
危機(1)
解除(1)
started(1)
historical(1)
禁輸(1)
自由(1)
同盟(1)
{ 1 } { 2 } { 3 } { 4 } { 5 } { 6 } { 7 } { 8 } { 9 } { 10 } { 11 } { 12 } 
Segment{ 2 }, Segment{ 3 }
コサイン類似度: 0.042954544017798454
Segment{ 3 }, Segment{ 4 }
コサイン類似度: 0.08578466109077641
Segment{ 4 }, Segment{ 5 }
コサイン類似度: 0.07538865363642905
Segment{ 5 }, Segment{ 6 }
コサイン類似度: 0.0036229819983461795
Segment{ 6 }, Segment{ 7 }
コサイン類似度: 0.00518660618266216
Segment{ 7 }, Segment{ 8 }
コサイン類似度: 0.0
Segment{ 8 }, Segment{ 9 }
コサイン類似度: 0.0
Segment{ 9 }, Segment{ 10 }
コサイン類似度: 0.1778734160792337
Segment{ 10 }, Segment{ 11 }
コサイン類似度: 0.09064697414501159
Segment{ 11 }, Segment{ 12 }
コサイン類似度: 0.006005640443693606
エンパイア(1)
統合(4)
Trade(1)
EC(1)
Commonwealth(1)
移行(1)
countries(1)
帰結(1)
Free(1)
ウッズ(1)
France(2)
of(2)
Six(2)
変化(1)
joined(1)
起源(1)
on(1)
冷戦(1)
ブレトン(1)
処理(1)
IntegrationA(1)
EEC(1)
プリタニカ(1)
破綻(1)
課題(1)
主義(1)
engine(1)
or(1)
構造(2)
UK(1)
EU(1)
再建(1)
ブリ(1)
without(1)
イントロダクション(1)
Asian(2)
決済(1)
講義(3)
宥和(1)
ティッシュ(1)
構想(1)
自立(1)
experiences(1)
概要(1)
ドイツ(2)
国際(2)
European(3)
関連(1)
modelmodel(1)
six(1)
内部(1)
現代(1)
Integration(1)
アメリカーナ(1)
マーシャル(1)
Rome(1)
アジア(2)
イントロダクションー(1)
経済(5)
With(1)
以前(1)
社会(1)
主導(1)
スターリング(2)
次週(1)
スケジュール(1)
British(1)
コソボ(1)
Franco(1)
形成(1)
システム(1)
KoreaASEANJapanUSWith(1)
MilwardHoganMarshallPlan(1)
問題(3)
negotiations(1)
関係(2)
成立(1)
年度(3)
including(1)
構図(1)
開発(1)
))(1)
欧米(2)
共同(1)
modelBritain(1)
相互(1)
Germany(1)
German(1)
).(1)
Japan(2)
invaded(1)
イラン(1)
帝国(1)
ブリタニカ(2)
ドル(1)
recognition(1)
Area(1)
Wider(1)
ナチス(1)
恐慌(1)
Italy(1)
Benelux(1)
FTAsAFTABrazilIraqIndiaUSShield(1)
modelthe(1)
IntegrationUKGermanyFranceEasternEuropeUSChina(1)
政策(1)
欧州(6)
二つ(1)
orWithout(1)
プラン(1)
戦争(1)
中国(1)
過程(1)
WWIIregional(1)
計画(1)
基礎(1)
Chinathe(1)
回復(1)
西欧(1)
運営(1)
Paris(1)
坂出(1)
視角(2)
Bonn(1)
Outline(1)
覇権(1)
treatyThe(1)
ニューディール(1)
貿易(1)
イラク(1)
予習(1)
model(2)
In(1)
パクス(2)
発展(1)
依存(1)
結成(1)
武器(1)
解体(1)
Alliance(1)
年代(1)
NaftaMercousurEUMEFTA(1)
EPU(1)
integration(2)
空爆(1)
景気(1)
大西洋(1)
WWII(1)
近代(1)
NATO(1)
体制(2)
多角(1)
Britain(2)
axis(1)
SaptaAftaChinaJapanRussia(1)
Without(1)
大戦(2)
位置づけ(2)
現在(1)
仕方(1)
復興(1)
東欧(1)
the(2)
アメリカ(1)
イギリス(1)
ポスト(1)
April(1)
plan(1)
平成(3)
危機(1)
解除(1)
started(1)
historical(1)
禁輸(1)
自由(1)
同盟(1)
{ 1 } { 2 } { 3 } { 4 } { 5 } { 6 } { 7 } { 8 } { 9 10 } { 11 } { 12 } 
Segment{ 2 }, Segment{ 3 }
コサイン類似度: 0.042954544017798454
Segment{ 3 }, Segment{ 4 }
コサイン類似度: 0.08578466109077641
Segment{ 4 }, Segment{ 5 }
コサイン類似度: 0.07538865363642905
Segment{ 5 }, Segment{ 6 }
コサイン類似度: 0.0036229819983461795
Segment{ 6 }, Segment{ 7 }
コサイン類似度: 0.00518660618266216
Segment{ 7 }, Segment{ 8 }
コサイン類似度: 0.0
Segment{ 8 }, Segment{ 9 10 }
コサイン類似度: 0.01953661662911409
Segment{ 9 10 }, Segment{ 11 }
コサイン類似度: 0.19160792310702512
Segment{ 11 }, Segment{ 12 }
コサイン類似度: 0.0057501303901772525
エンパイア(1)
統合(4)
Trade(1)
EC(1)
Commonwealth(1)
移行(1)
countries(1)
帰結(1)
Free(1)
ウッズ(1)
France(1)
of(2)
Six(1)
変化(1)
joined(1)
起源(1)
on(1)
冷戦(1)
ブレトン(1)
処理(1)
IntegrationA(1)
EEC(1)
プリタニカ(1)
破綻(1)
課題(1)
主義(1)
engine(1)
or(1)
構造(2)
UK(1)
EU(1)
再建(1)
ブリ(1)
without(1)
イントロダクション(1)
Asian(2)
決済(1)
講義(3)
宥和(1)
ティッシュ(1)
構想(1)
自立(1)
experiences(1)
概要(1)
ドイツ(2)
国際(2)
European(2)
関連(1)
modelmodel(1)
six(1)
内部(1)
現代(1)
Integration(1)
アメリカーナ(1)
マーシャル(1)
Rome(1)
アジア(2)
イントロダクションー(1)
経済(5)
With(1)
以前(1)
社会(1)
主導(1)
スターリング(2)
次週(1)
スケジュール(1)
British(1)
コソボ(1)
Franco(1)
形成(1)
システム(1)
KoreaASEANJapanUSWith(1)
MilwardHoganMarshallPlan(1)
問題(3)
negotiations(1)
関係(2)
成立(1)
年度(3)
including(1)
構図(1)
開発(1)
))(1)
欧米(2)
共同(1)
modelBritain(1)
相互(1)
German(1)
Germany(1)
).(1)
Japan(2)
invaded(1)
イラン(1)
帝国(1)
ブリタニカ(2)
ドル(1)
recognition(1)
Area(1)
Wider(1)
ナチス(1)
恐慌(1)
Italy(1)
Benelux(1)
FTAsAFTABrazilIraqIndiaUSShield(1)
modelthe(1)
IntegrationUKGermanyFranceEasternEuropeUSChina(1)
政策(1)
欧州(6)
二つ(1)
orWithout(1)
プラン(1)
戦争(1)
中国(1)
過程(1)
WWIIregional(1)
計画(1)
基礎(1)
Chinathe(1)
回復(1)
西欧(1)
運営(1)
Paris(1)
坂出(1)
視角(2)
Bonn(1)
Outline(1)
覇権(1)
treatyThe(1)
ニューディール(1)
貿易(1)
イラク(1)
予習(1)
model(1)
In(1)
パクス(2)
発展(1)
依存(1)
結成(1)
武器(1)
解体(1)
Alliance(1)
年代(1)
NaftaMercousurEUMEFTA(1)
EPU(1)
integration(1)
空爆(1)
景気(1)
大西洋(1)
WWII(1)
近代(1)
NATO(1)
体制(2)
多角(1)
axis(1)
Britain(1)
SaptaAftaChinaJapanRussia(1)
Without(1)
大戦(2)
位置づけ(2)
現在(1)
仕方(1)
復興(1)
東欧(1)
the(1)
アメリカ(1)
イギリス(1)
ポスト(1)
April(1)
plan(1)
平成(3)
危機(1)
解除(1)
historical(1)
started(1)
禁輸(1)
自由(1)
同盟(1)
{ 1 } { 2 } { 3 } { 4 } { 5 } { 6 } { 7 } { 8 } { 9 10 11 } { 12 } 
Segment{ 2 }, Segment{ 3 }
コサイン類似度: 0.042954544017798454
Segment{ 3 }, Segment{ 4 }
コサイン類似度: 0.08578466109077641
Segment{ 4 }, Segment{ 5 }
コサイン類似度: 0.07538865363642905
Segment{ 5 }, Segment{ 6 }
コサイン類似度: 0.0036229819983461795
Segment{ 6 }, Segment{ 7 }
コサイン類似度: 0.00518660618266216
Segment{ 7 }, Segment{ 8 }
コサイン類似度: 0.0
Segment{ 8 }, Segment{ 9 10 11 }
コサイン類似度: 0.008482499570520457
Segment{ 9 10 11 }, Segment{ 12 }
コサイン類似度: 0.018249347097634958
エンパイア(1)
統合(4)
Trade(1)
EC(1)
Commonwealth(1)
移行(1)
countries(1)
帰結(1)
Free(1)
ウッズ(1)
France(1)
of(2)
Six(1)
変化(1)
joined(1)
起源(1)
on(1)
冷戦(1)
ブレトン(1)
処理(1)
IntegrationA(1)
EEC(1)
プリタニカ(1)
破綻(1)
主義(1)
課題(1)
engine(1)
or(1)
構造(1)
UK(1)
EU(1)
ブリ(1)
再建(1)
without(1)
イントロダクション(1)
Asian(2)
決済(1)
宥和(1)
講義(2)
ティッシュ(1)
構想(1)
自立(1)
experiences(1)
概要(1)
ドイツ(2)
国際(2)
European(2)
関連(1)
modelmodel(1)
six(1)
内部(1)
現代(1)
Integration(1)
アメリカーナ(1)
マーシャル(1)
Rome(1)
アジア(2)
イントロダクションー(1)
経済(4)
With(1)
社会(1)
以前(1)
主導(1)
スターリング(2)
次週(1)
スケジュール(1)
British(1)
コソボ(1)
Franco(1)
形成(1)
システム(1)
KoreaASEANJapanUSWith(1)
MilwardHoganMarshallPlan(1)
問題(3)
negotiations(1)
関係(2)
成立(1)
年度(2)
including(1)
構図(1)
開発(1)
))(1)
欧米(2)
共同(1)
modelBritain(1)
相互(1)
German(1)
Germany(1)
).(1)
Japan(2)
invaded(1)
イラン(1)
帝国(1)
ブリタニカ(1)
ドル(1)
recognition(1)
Area(1)
Wider(1)
ナチス(1)
恐慌(1)
Italy(1)
Benelux(1)
FTAsAFTABrazilIraqIndiaUSShield(1)
modelthe(1)
IntegrationUKGermanyFranceEasternEuropeUSChina(1)
政策(1)
欧州(6)
二つ(1)
orWithout(1)
プラン(1)
戦争(1)
中国(1)
過程(1)
WWIIregional(1)
計画(1)
基礎(1)
Chinathe(1)
回復(1)
西欧(1)
運営(1)
Paris(1)
視角(2)
坂出(1)
Bonn(1)
覇権(1)
Outline(1)
treatyThe(1)
ニューディール(1)
貿易(1)
イラク(1)
予習(1)
model(1)
In(1)
パクス(1)
発展(1)
依存(1)
結成(1)
武器(1)
解体(1)
Alliance(1)
年代(1)
NaftaMercousurEUMEFTA(1)
EPU(1)
integration(1)
空爆(1)
景気(1)
大西洋(1)
WWII(1)
近代(1)
NATO(1)
体制(2)
多角(1)
axis(1)
Britain(1)
SaptaAftaChinaJapanRussia(1)
Without(1)
大戦(2)
位置づけ(2)
現在(1)
仕方(1)
復興(1)
東欧(1)
the(1)
アメリカ(1)
イギリス(1)
ポスト(1)
April(1)
plan(1)
平成(2)
危機(1)
解除(1)
historical(1)
started(1)
禁輸(1)
自由(1)
同盟(1)
{ 1 } { 2 } { 3 4 } { 5 } { 6 } { 7 } { 8 } { 9 10 11 } { 12 } 
Segment{ 2 }, Segment{ 3 4 }
コサイン類似度: 0.07513327342174601
Segment{ 3 4 }, Segment{ 5 }
コサイン類似度: 0.07568651611737608
Segment{ 5 }, Segment{ 6 }
コサイン類似度: 0.003603697199746733
Segment{ 6 }, Segment{ 7 }
コサイン類似度: 0.00518660618266216
Segment{ 7 }, Segment{ 8 }
コサイン類似度: 0.0
Segment{ 8 }, Segment{ 9 10 11 }
コサイン類似度: 0.008482499570520457
Segment{ 9 10 11 }, Segment{ 12 }
コサイン類似度: 0.018249347097634958
エンパイア(1)
統合(4)
Trade(1)
EC(1)
Commonwealth(1)
移行(1)
countries(1)
帰結(1)
Free(1)
ウッズ(1)
France(1)
of(2)
Six(1)
変化(1)
joined(1)
起源(1)
on(1)
冷戦(1)
ブレトン(1)
処理(1)
IntegrationA(1)
EEC(1)
プリタニカ(1)
破綻(1)
主義(1)
課題(1)
engine(1)
or(1)
構造(1)
UK(1)
EU(1)
ブリ(1)
再建(1)
without(1)
イントロダクション(1)
Asian(2)
決済(1)
講義(2)
宥和(1)
ティッシュ(1)
構想(1)
自立(1)
experiences(1)
概要(1)
ドイツ(1)
国際(2)
European(2)
関連(1)
modelmodel(1)
six(1)
内部(1)
現代(1)
Integration(1)
マーシャル(1)
アメリカーナ(1)
Rome(1)
アジア(2)
イントロダクションー(1)
経済(3)
With(1)
社会(1)
以前(1)
主導(1)
スターリング(1)
次週(1)
スケジュール(1)
British(1)
コソボ(1)
Franco(1)
形成(1)
システム(1)
KoreaASEANJapanUSWith(1)
MilwardHoganMarshallPlan(1)
問題(2)
negotiations(1)
関係(2)
成立(1)
年度(1)
including(1)
構図(1)
開発(1)
))(1)
欧米(2)
共同(1)
modelBritain(1)
相互(1)
German(1)
Germany(1)
).(1)
Japan(2)
invaded(1)
イラン(1)
帝国(1)
ブリタニカ(1)
ドル(1)
recognition(1)
Area(1)
Wider(1)
ナチス(1)
恐慌(1)
Italy(1)
Benelux(1)
FTAsAFTABrazilIraqIndiaUSShield(1)
modelthe(1)
IntegrationUKGermanyFranceEasternEuropeUSChina(1)
政策(1)
欧州(6)
二つ(1)
orWithout(1)
プラン(1)
戦争(1)
中国(1)
過程(1)
WWIIregional(1)
計画(1)
基礎(1)
Chinathe(1)
回復(1)
西欧(1)
運営(1)
Paris(1)
坂出(1)
視角(2)
Bonn(1)
Outline(1)
覇権(1)
treatyThe(1)
ニューディール(1)
貿易(1)
イラク(1)
予習(1)
model(1)
In(1)
パクス(1)
発展(1)
結成(1)
依存(1)
武器(1)
解体(1)
Alliance(1)
年代(1)
NaftaMercousurEUMEFTA(1)
EPU(1)
integration(1)
空爆(1)
景気(1)
大西洋(1)
WWII(1)
近代(1)
NATO(1)
体制(1)
多角(1)
axis(1)
Britain(1)
SaptaAftaChinaJapanRussia(1)
Without(1)
大戦(1)
位置づけ(2)
現在(1)
仕方(1)
復興(1)
東欧(1)
the(1)
アメリカ(1)
イギリス(1)
ポスト(1)
April(1)
plan(1)
平成(1)
危機(1)
解除(1)
historical(1)
started(1)
禁輸(1)
自由(1)
同盟(1)
{ 1 } { 2 } { 3 4 5 } { 6 } { 7 } { 8 } { 9 10 11 } { 12 } 
Segment{ 2 }, Segment{ 3 4 5 }
コサイン類似度: 0.07011771973093324
Segment{ 3 4 5 }, Segment{ 6 }
コサイン類似度: 0.00835423307171714
Segment{ 6 }, Segment{ 7 }
コサイン類似度: 0.005102538927920256
Segment{ 7 }, Segment{ 8 }
コサイン類似度: 0.0
Segment{ 8 }, Segment{ 9 10 11 }
コサイン類似度: 0.008482499570520457
Segment{ 9 10 11 }, Segment{ 12 }
コサイン類似度: 0.018249347097634958
エンパイア(1)
統合(4)
Trade(1)
EC(1)
Commonwealth(1)
移行(1)
countries(1)
帰結(1)
Free(1)
ウッズ(1)
France(1)
of(2)
Six(1)
変化(1)
joined(1)
起源(1)
on(1)
冷戦(1)
ブレトン(1)
処理(1)
IntegrationA(1)
EEC(1)
プリタニカ(1)
破綻(1)
主義(1)
課題(1)
engine(1)
or(1)
構造(1)
UK(1)
EU(1)
ブリ(1)
再建(1)
without(1)
イントロダクション(1)
Asian(2)
決済(1)
宥和(1)
講義(1)
ティッシュ(1)
構想(1)
自立(1)
experiences(1)
概要(1)
ドイツ(1)
国際(1)
European(2)
関連(1)
modelmodel(1)
six(1)
内部(1)
現代(1)
Integration(1)
アメリカーナ(1)
マーシャル(1)
Rome(1)
アジア(2)
イントロダクションー(1)
経済(2)
With(1)
以前(1)
社会(1)
主導(1)
スターリング(1)
次週(1)
スケジュール(1)
British(1)
コソボ(1)
Franco(1)
システム(1)
形成(1)
KoreaASEANJapanUSWith(1)
MilwardHoganMarshallPlan(1)
問題(2)
negotiations(1)
成立(1)
関係(2)
年度(1)
including(1)
構図(1)
開発(1)
))(1)
欧米(2)
共同(1)
modelBritain(1)
相互(1)
German(1)
Germany(1)
).(1)
Japan(2)
invaded(1)
イラン(1)
帝国(1)
ブリタニカ(1)
ドル(1)
recognition(1)
Area(1)
Wider(1)
ナチス(1)
恐慌(1)
Italy(1)
Benelux(1)
FTAsAFTABrazilIraqIndiaUSShield(1)
modelthe(1)
IntegrationUKGermanyFranceEasternEuropeUSChina(1)
政策(1)
欧州(5)
二つ(1)
orWithout(1)
プラン(1)
戦争(1)
中国(1)
過程(1)
WWIIregional(1)
計画(1)
基礎(1)
Chinathe(1)
回復(1)
西欧(1)
運営(1)
Paris(1)
視角(2)
坂出(1)
Bonn(1)
覇権(1)
Outline(1)
treatyThe(1)
ニューディール(1)
貿易(1)
イラク(1)
予習(1)
model(1)
In(1)
パクス(1)
発展(1)
依存(1)
結成(1)
武器(1)
解体(1)
Alliance(1)
年代(1)
NaftaMercousurEUMEFTA(1)
EPU(1)
integration(1)
空爆(1)
景気(1)
大西洋(1)
WWII(1)
近代(1)
NATO(1)
体制(1)
多角(1)
axis(1)
Britain(1)
SaptaAftaChinaJapanRussia(1)
Without(1)
大戦(1)
位置づけ(1)
現在(1)
仕方(1)
復興(1)
東欧(1)
the(1)
アメリカ(1)
イギリス(1)
ポスト(1)
April(1)
plan(1)
平成(1)
危機(1)
解除(1)
historical(1)
started(1)
禁輸(1)
自由(1)
同盟(1)
{ 1 } { 2 3 4 5 } { 6 } { 7 } { 8 } { 9 10 11 } { 12 } 
Segment{ 2 3 4 5 }, Segment{ 6 }
コサイン類似度: 0.0158112721486724
Segment{ 6 }, Segment{ 7 }
コサイン類似度: 0.007319028978301438
Segment{ 7 }, Segment{ 8 }
コサイン類似度: 0.0
Segment{ 8 }, Segment{ 9 10 11 }
コサイン類似度: 0.008482231033854908
Segment{ 9 10 11 }, Segment{ 12 }
コサイン類似度: 0.018248769364765386
