filename: 2006EAEH2
xmlFile: /Users/admin/ocwslidedata/ocw.kyoto-u.ac.jp/005-004-（〜2010年）欧米経済史/2006EAEH2/slide.xml
dir: /Users/admin/ocwslidedata/ocw.kyoto-u.ac.jp/005-004-（〜2010年）欧米経済史/2006EAEH2
XML:
<presentation language="ja"><slide page="1"><body><p>欧米経済史（坂出）2006.4.18#2 課題設定テキスト第１章　序論と基本的議論　より</p></body></slide><slide page="2"><body><p>• 1989　東欧社会主義体制崩壊• 1990　湾岸戦争• 1991　ソ連社会主義体制崩壊• 1992　ボスニア紛争(-95)• 1999 　コソボ紛争（NATO空爆）• 2001　911同時多発テロ・アフガン戦争• 2002• 2003　イラク戦争• 2004• 2005• 2006　イラン核開発問題年表１　冷戦後の世界秩序</p></body></slide><slide page="3"><body><p>NaftaEUMEFTAAsseanChinaJapanRussia アジアBrazilIraqIndiaUSアメリカ大陸 欧州・露中東IranSaudiアフリカ一極化？多極化？南米</p></body></slide><slide page="4"><body><p>冷戦後の世界秩序ー二つの主要な議論「アメリカ的価値」民主主義・人権・市場原理文明の衝突/Huntington歴史の終焉/Fukuyamaイスラム世界との衝突 異文明の包摂国際協調主義単独行動主義</p></body></slide><slide page="5"><body><p>USAUK“古い欧州”ドイツ/フランス“新しい欧州”東欧諸国EU西側同盟欧州内部の亀裂</p></body></slide><slide page="6"><body><p>欧州統合史の課題I.仏独枢軸（パリ＝ボン枢軸）はいかに形成されたか？II.イギリスと大陸欧州統合との関係は？i) ECSC（欧州石炭鉄鋼共同体） 1949-50ii)ローマ条約（EEC発足）　1957-58iii)第一次EEC加盟交渉　1962-63iv)EEC加盟　1973-74</p></body></slide><slide page="7"><body><p>欧州統合史をみる二つの視角欧州統合の自立的発展東欧中欧米の主導性MilwardHoganMarshallPlan</p></body></slide></presentation>
ページ: 1 -----
<slide page="1"><body><p>欧米経済史（坂出）2006.4.18#2 課題設定テキスト第１章　序論と基本的議論　より</p></body></slide>
in Sheet Class, page: 1
title = ""
body = "<p>欧米経済史（坂出）2006.4.18#2 課題設定テキスト第１章　序論と基本的議論　より</p>"
makeWordArrayJp
paragraph: 欧米経済史（坂出）2006.4.18#2 課題設定テキスト第１章　序論と基本的議論　より
欧米 :	名詞,固有名詞,地域,一般,*,*,欧米,オウベイ,オーベイ	true	1
経済 :	名詞,一般,*,*,*,*,経済,ケイザイ,ケイザイ	true	1
坂出 :	名詞,固有名詞,人名,姓,*,*,坂出,サカイデ,サカイデ	true	1
課題 :	名詞,一般,*,*,*,*,課題,カダイ,カダイ	true	1
設定 :	名詞,サ変接続,*,*,*,*,設定,セッテイ,セッテイ	true	1
テキスト :	名詞,一般,*,*,*,*,テキスト,テキスト,テキスト	true	1
序論 :	名詞,一般,*,*,*,*,序論,ジョロン,ジョロン	true	1
基本 :	名詞,一般,*,*,*,*,基本,キホン,キホン	true	1
議論 :	名詞,サ変接続,*,*,*,*,議論,ギロン,ギロン	true	1
ページ: 2 -----
<slide page="2"><body><p>• 1989　東欧社会主義体制崩壊• 1990　湾岸戦争• 1991　ソ連社会主義体制崩壊• 1992　ボスニア紛争(-95)• 1999 　コソボ紛争（NATO空爆）• 2001　911同時多発テロ・アフガン戦争• 2002• 2003　イラク戦争• 2004• 2005• 2006　イラン核開発問題年表１　冷戦後の世界秩序</p></body></slide>
in Sheet Class, page: 2
title = ""
body = "<p>• 1989　東欧社会主義体制崩壊• 1990　湾岸戦争• 1991　ソ連社会主義体制崩壊• 1992　ボスニア紛争(-95)• 1999 　コソボ紛争（NATO空爆）• 2001　911同時多発テロ・アフガン戦争• 2002• 2003　イラク戦争• 2004• 2005• 2006　イラン核開発問題年表１　冷戦後の世界秩序</p>"
makeWordArrayJp
paragraph: • 1989　東欧社会主義体制崩壊• 1990　湾岸戦争• 1991　ソ連社会主義体制崩壊• 1992　ボスニア紛争(-95)• 1999 　コソボ紛争（NATO空爆）• 2001　911同時多発テロ・アフガン戦争• 2002• 2003　イラク戦争• 2004• 2005• 2006　イラン核開発問題年表１　冷戦後の世界秩序
東欧 :	名詞,固有名詞,地域,一般,*,*,東欧,トウオウ,トーオー	true	1
社会 :	名詞,一般,*,*,*,*,社会,シャカイ,シャカイ	true	1
主義 :	名詞,一般,*,*,*,*,主義,シュギ,シュギ	true	1
体制 :	名詞,一般,*,*,*,*,体制,タイセイ,タイセイ	true	1
崩壊 :	名詞,サ変接続,*,*,*,*,崩壊,ホウカイ,ホーカイ	true	1
湾岸 :	名詞,一般,*,*,*,*,湾岸,ワンガン,ワンガン	true	1
戦争 :	名詞,サ変接続,*,*,*,*,戦争,センソウ,センソー	true	1
ソ連 :	名詞,固有名詞,地域,国,*,*,ソ連,ソレン,ソレン	true	1
社会 :	名詞,一般,*,*,*,*,社会,シャカイ,シャカイ	true	2
主義 :	名詞,一般,*,*,*,*,主義,シュギ,シュギ	true	2
体制 :	名詞,一般,*,*,*,*,体制,タイセイ,タイセイ	true	2
崩壊 :	名詞,サ変接続,*,*,*,*,崩壊,ホウカイ,ホーカイ	true	2
ボスニア :	名詞,固有名詞,地域,一般,*,*,ボスニア,ボスニア,ボスニア	true	1
紛争 :	名詞,サ変接続,*,*,*,*,紛争,フンソウ,フンソー	true	1
(- :	名詞,サ変接続,*,*,*,*,*	false	1
)• :	名詞,サ変接続,*,*,*,*,*	false	1
コソボ :	名詞,固有名詞,地域,一般,*,*,コソボ,コソボ,コソボ	true	1
紛争 :	名詞,サ変接続,*,*,*,*,紛争,フンソウ,フンソー	true	2
NATO :	名詞,固有名詞,組織,*,*,*,*	false	1
空爆 :	名詞,サ変接続,*,*,*,*,空爆,クウバク,クーバク	true	1
）• :	名詞,サ変接続,*,*,*,*,*	false	1
同時 :	名詞,一般,*,*,*,*,同時,ドウジ,ドージ	true	1
多発 :	名詞,サ変接続,*,*,*,*,多発,タハツ,タハツ	true	1
テロ :	名詞,一般,*,*,*,*,テロ,テロ,テロ	true	1
アフガン :	名詞,固有名詞,一般,*,*,*,アフガン,アフガン,アフガン	true	1
戦争 :	名詞,サ変接続,*,*,*,*,戦争,センソウ,センソー	true	2
イラク :	名詞,固有名詞,地域,国,*,*,イラク,イラク,イラク	true	1
戦争 :	名詞,サ変接続,*,*,*,*,戦争,センソウ,センソー	true	3
イラン :	名詞,固有名詞,地域,国,*,*,イラン,イラン,イラン	true	1
開発 :	名詞,サ変接続,*,*,*,*,開発,カイハツ,カイハツ	true	1
問題 :	名詞,ナイ形容詞語幹,*,*,*,*,問題,モンダイ,モンダイ	true	1
年表 :	名詞,一般,*,*,*,*,年表,ネンピョウ,ネンピョー	true	1
冷戦 :	名詞,一般,*,*,*,*,冷戦,レイセン,レイセン	true	1
世界 :	名詞,一般,*,*,*,*,世界,セカイ,セカイ	true	1
秩序 :	名詞,一般,*,*,*,*,秩序,チツジョ,チツジョ	true	1
ページ: 3 -----
<slide page="3"><body><p>NaftaEUMEFTAAsseanChinaJapanRussia アジアBrazilIraqIndiaUSアメリカ大陸 欧州・露中東IranSaudiアフリカ一極化？多極化？南米</p></body></slide>
in Sheet Class, page: 3
title = ""
body = "<p>NaftaEUMEFTAAsseanChinaJapanRussia アジアBrazilIraqIndiaUSアメリカ大陸 欧州・露中東IranSaudiアフリカ一極化？多極化？南米</p>"
makeWordArrayJp
paragraph: NaftaEUMEFTAAsseanChinaJapanRussia アジアBrazilIraqIndiaUSアメリカ大陸 欧州・露中東IranSaudiアフリカ一極化？多極化？南米
NaftaEUMEFTAAsseanChinaJapanRussia :	名詞,固有名詞,組織,*,*,*,*	false	1
アジア :	名詞,固有名詞,地域,一般,*,*,アジア,アジア,アジア	true	1
BrazilIraqIndiaUS :	名詞,固有名詞,組織,*,*,*,*	false	1
アメリカ大陸 :	名詞,固有名詞,一般,*,*,*,アメリカ大陸,アメリカタイリク,アメリカタイリク	true	1
欧州 :	名詞,固有名詞,地域,一般,*,*,欧州,オウシュウ,オーシュー	true	1
中東 :	名詞,固有名詞,地域,一般,*,*,中東,チュウトウ,チュートー	true	1
IranSaudi :	名詞,固有名詞,組織,*,*,*,*	false	1
アフリカ :	名詞,固有名詞,地域,一般,*,*,アフリカ,アフリカ,アフリカ	true	1
一極 :	名詞,一般,*,*,*,*,一極,イッキョク,イッキョク	true	1
多極化 :	名詞,サ変接続,*,*,*,*,多極化,タキョクカ,タキョクカ	true	1
南米 :	名詞,固有名詞,地域,一般,*,*,南米,ナンベイ,ナンベイ	true	1
ページ: 4 -----
<slide page="4"><body><p>冷戦後の世界秩序ー二つの主要な議論「アメリカ的価値」民主主義・人権・市場原理文明の衝突/Huntington歴史の終焉/Fukuyamaイスラム世界との衝突 異文明の包摂国際協調主義単独行動主義</p></body></slide>
in Sheet Class, page: 4
title = ""
body = "<p>冷戦後の世界秩序ー二つの主要な議論「アメリカ的価値」民主主義・人権・市場原理文明の衝突/Huntington歴史の終焉/Fukuyamaイスラム世界との衝突 異文明の包摂国際協調主義単独行動主義</p>"
makeWordArrayJp
paragraph: 冷戦後の世界秩序ー二つの主要な議論「アメリカ的価値」民主主義・人権・市場原理文明の衝突/Huntington歴史の終焉/Fukuyamaイスラム世界との衝突 異文明の包摂国際協調主義単独行動主義
冷戦 :	名詞,一般,*,*,*,*,冷戦,レイセン,レイセン	true	1
世界 :	名詞,一般,*,*,*,*,世界,セカイ,セカイ	true	1
秩序 :	名詞,一般,*,*,*,*,秩序,チツジョ,チツジョ	true	1
二つ :	名詞,一般,*,*,*,*,二つ,フタツ,フタツ	true	1
主要 :	名詞,形容動詞語幹,*,*,*,*,主要,シュヨウ,シュヨー	true	1
議論 :	名詞,サ変接続,*,*,*,*,議論,ギロン,ギロン	true	1
アメリカ :	名詞,固有名詞,地域,国,*,*,アメリカ,アメリカ,アメリカ	true	1
価値 :	名詞,一般,*,*,*,*,価値,カチ,カチ	true	1
民主 :	名詞,一般,*,*,*,*,民主,ミンシュ,ミンシュ	true	1
主義 :	名詞,一般,*,*,*,*,主義,シュギ,シュギ	true	1
人権 :	名詞,一般,*,*,*,*,人権,ジンケン,ジンケン	true	1
市場 :	名詞,一般,*,*,*,*,市場,シジョウ,シジョー	true	1
原理 :	名詞,一般,*,*,*,*,原理,ゲンリ,ゲンリ	true	1
文明 :	名詞,一般,*,*,*,*,文明,ブンメイ,ブンメイ	true	1
衝突 :	名詞,サ変接続,*,*,*,*,衝突,ショウトツ,ショートツ	true	1
Huntington :	名詞,一般,*,*,*,*,*	false	1
歴史 :	名詞,一般,*,*,*,*,歴史,レキシ,レキシ	true	1
終焉 :	名詞,一般,*,*,*,*,終焉,シュウエン,シューエン	true	1
Fukuyama :	名詞,固有名詞,組織,*,*,*,*	false	1
イスラム :	名詞,固有名詞,一般,*,*,*,イスラム,イスラム,イスラム	true	1
世界 :	名詞,一般,*,*,*,*,世界,セカイ,セカイ	true	2
衝突 :	名詞,サ変接続,*,*,*,*,衝突,ショウトツ,ショートツ	true	2
文明 :	名詞,一般,*,*,*,*,文明,ブンメイ,ブンメイ	true	2
包摂 :	名詞,サ変接続,*,*,*,*,包摂,ホウセツ,ホーセツ	true	1
国際 :	名詞,一般,*,*,*,*,国際,コクサイ,コクサイ	true	1
協調 :	名詞,サ変接続,*,*,*,*,協調,キョウチョウ,キョーチョー	true	1
主義 :	名詞,一般,*,*,*,*,主義,シュギ,シュギ	true	2
単独 :	名詞,一般,*,*,*,*,単独,タンドク,タンドク	true	1
行動 :	名詞,サ変接続,*,*,*,*,行動,コウドウ,コードー	true	1
主義 :	名詞,一般,*,*,*,*,主義,シュギ,シュギ	true	3
ページ: 5 -----
<slide page="5"><body><p>USAUK“古い欧州”ドイツ/フランス“新しい欧州”東欧諸国EU西側同盟欧州内部の亀裂</p></body></slide>
in Sheet Class, page: 5
title = ""
body = "<p>USAUK“古い欧州”ドイツ/フランス“新しい欧州”東欧諸国EU西側同盟欧州内部の亀裂</p>"
makeWordArrayJp
paragraph: USAUK“古い欧州”ドイツ/フランス“新しい欧州”東欧諸国EU西側同盟欧州内部の亀裂
USAUK :	名詞,一般,*,*,*,*,*	false	1
欧州 :	名詞,固有名詞,地域,一般,*,*,欧州,オウシュウ,オーシュー	true	1
ドイツ :	名詞,固有名詞,地域,国,*,*,ドイツ,ドイツ,ドイツ	true	1
フランス :	名詞,固有名詞,地域,国,*,*,フランス,フランス,フランス	true	1
欧州 :	名詞,固有名詞,地域,一般,*,*,欧州,オウシュウ,オーシュー	true	2
東欧 :	名詞,固有名詞,地域,一般,*,*,東欧,トウオウ,トーオー	true	1
諸国 :	名詞,一般,*,*,*,*,諸国,ショコク,ショコク	true	1
EU :	名詞,一般,*,*,*,*,*	false	1
西側 :	名詞,一般,*,*,*,*,西側,ニシガワ,ニシガワ	true	1
同盟 :	名詞,サ変接続,*,*,*,*,同盟,ドウメイ,ドーメイ	true	1
欧州 :	名詞,固有名詞,地域,一般,*,*,欧州,オウシュウ,オーシュー	true	3
内部 :	名詞,一般,*,*,*,*,内部,ナイブ,ナイブ	true	1
亀裂 :	名詞,一般,*,*,*,*,亀裂,キレツ,キレツ	true	1
ページ: 6 -----
<slide page="6"><body><p>欧州統合史の課題I.仏独枢軸（パリ＝ボン枢軸）はいかに形成されたか？II.イギリスと大陸欧州統合との関係は？i) ECSC（欧州石炭鉄鋼共同体） 1949-50ii)ローマ条約（EEC発足）　1957-58iii)第一次EEC加盟交渉　1962-63iv)EEC加盟　1973-74</p></body></slide>
in Sheet Class, page: 6
title = ""
body = "<p>欧州統合史の課題I.仏独枢軸（パリ＝ボン枢軸）はいかに形成されたか？II.イギリスと大陸欧州統合との関係は？i) ECSC（欧州石炭鉄鋼共同体） 1949-50ii)ローマ条約（EEC発足）　1957-58iii)第一次EEC加盟交渉　1962-63iv)EEC加盟　1973-74</p>"
makeWordArrayJp
paragraph: 欧州統合史の課題I.仏独枢軸（パリ＝ボン枢軸）はいかに形成されたか？II.イギリスと大陸欧州統合との関係は？i) ECSC（欧州石炭鉄鋼共同体） 1949-50ii)ローマ条約（EEC発足）　1957-58iii)第一次EEC加盟交渉　1962-63iv)EEC加盟　1973-74
欧州 :	名詞,固有名詞,地域,一般,*,*,欧州,オウシュウ,オーシュー	true	1
統合 :	名詞,サ変接続,*,*,*,*,統合,トウゴウ,トーゴー	true	1
課題 :	名詞,一般,*,*,*,*,課題,カダイ,カダイ	true	1
枢軸 :	名詞,一般,*,*,*,*,枢軸,スウジク,スージク	true	1
パリ :	名詞,固有名詞,地域,一般,*,*,パリ,パリ,パリ	true	1
ボン :	名詞,固有名詞,地域,一般,*,*,ボン,ボン,ボン	true	1
枢軸 :	名詞,一般,*,*,*,*,枢軸,スウジク,スージク	true	2
形成 :	名詞,サ変接続,*,*,*,*,形成,ケイセイ,ケイセイ	true	1
II :	名詞,固有名詞,組織,*,*,*,*	false	1
イギリス :	名詞,固有名詞,地域,国,*,*,イギリス,イギリス,イギリス	true	1
大陸 :	名詞,一般,*,*,*,*,大陸,タイリク,タイリク	true	1
欧州 :	名詞,固有名詞,地域,一般,*,*,欧州,オウシュウ,オーシュー	true	2
統合 :	名詞,サ変接続,*,*,*,*,統合,トウゴウ,トーゴー	true	2
関係 :	名詞,サ変接続,*,*,*,*,関係,カンケイ,カンケイ	true	1
ECSC :	名詞,固有名詞,組織,*,*,*,*	false	1
欧州 :	名詞,固有名詞,地域,一般,*,*,欧州,オウシュウ,オーシュー	true	3
石炭 :	名詞,一般,*,*,*,*,石炭,セキタン,セキタン	true	1
鉄鋼 :	名詞,一般,*,*,*,*,鉄鋼,テッコウ,テッコー	true	1
共同 :	名詞,サ変接続,*,*,*,*,共同,キョウドウ,キョードー	true	1
ii :	名詞,一般,*,*,*,*,*	false	1
ローマ :	名詞,固有名詞,地域,一般,*,*,ローマ,ローマ,ローマ	true	1
条約 :	名詞,一般,*,*,*,*,条約,ジョウヤク,ジョーヤク	true	1
EEC :	名詞,固有名詞,組織,*,*,*,*	false	1
発足 :	名詞,サ変接続,*,*,*,*,発足,ホッソク,ホッソク	true	1
iii :	名詞,一般,*,*,*,*,*	false	1
EEC :	名詞,固有名詞,組織,*,*,*,*	false	2
加盟 :	名詞,サ変接続,*,*,*,*,加盟,カメイ,カメイ	true	1
交渉 :	名詞,サ変接続,*,*,*,*,交渉,コウショウ,コーショー	true	1
iv :	名詞,一般,*,*,*,*,*	false	1
EEC :	名詞,一般,*,*,*,*,*	false	3
加盟 :	名詞,サ変接続,*,*,*,*,加盟,カメイ,カメイ	true	2
ページ: 7 -----
<slide page="7"><body><p>欧州統合史をみる二つの視角欧州統合の自立的発展東欧中欧米の主導性MilwardHoganMarshallPlan</p></body></slide>
in Sheet Class, page: 7
title = ""
body = "<p>欧州統合史をみる二つの視角欧州統合の自立的発展東欧中欧米の主導性MilwardHoganMarshallPlan</p>"
makeWordArrayJp
paragraph: 欧州統合史をみる二つの視角欧州統合の自立的発展東欧中欧米の主導性MilwardHoganMarshallPlan
欧州 :	名詞,固有名詞,地域,一般,*,*,欧州,オウシュウ,オーシュー	true	1
統合 :	名詞,サ変接続,*,*,*,*,統合,トウゴウ,トーゴー	true	1
二つ :	名詞,一般,*,*,*,*,二つ,フタツ,フタツ	true	1
視角 :	名詞,一般,*,*,*,*,視角,シカク,シカク	true	1
欧州 :	名詞,固有名詞,地域,一般,*,*,欧州,オウシュウ,オーシュー	true	2
統合 :	名詞,サ変接続,*,*,*,*,統合,トウゴウ,トーゴー	true	2
自立 :	名詞,サ変接続,*,*,*,*,自立,ジリツ,ジリツ	true	1
発展 :	名詞,サ変接続,*,*,*,*,発展,ハッテン,ハッテン	true	1
東欧 :	名詞,固有名詞,地域,一般,*,*,東欧,トウオウ,トーオー	true	1
欧米 :	名詞,固有名詞,地域,一般,*,*,欧米,オウベイ,オーベイ	true	1
主導 :	名詞,サ変接続,*,*,*,*,主導,シュドウ,シュドー	true	1
MilwardHoganMarshallPlan :	名詞,固有名詞,組織,*,*,*,*	false	1
