)•(1)
条約(1)
統合(2)
同時(1)
終焉(1)
USAUK(1)
iii(1)
鉄鋼(1)
多極化(1)
市場(1)
協調(1)
冷戦(2)
民主(1)
EEC(1)
中東(1)
主要(1)
課題(2)
主義(2)
EU(1)
世界(2)
基本(1)
発足(1)
崩壊(1)
自立(1)
テロ(1)
南米(1)
イスラム(1)
ドイツ(1)
国際(1)
西側(1)
内部(1)
設定(1)
アメリカ大陸(1)
NaftaEUMEFTAAsseanChinaJapanRussia(1)
アジア(1)
亀裂(1)
経済(1)
社会(1)
主導(1)
(-(1)
秩序(2)
石炭(1)
コソボ(1)
形成(1)
MilwardHoganMarshallPlan(1)
大陸(1)
問題(1)
関係(1)
議論(2)
ローマ(1)
開発(1)
欧米(2)
共同(1)
IranSaudi(1)
ボン(1)
イラン(1)
フランス(1)
湾岸(1)
原理(1)
アフリカ(1)
単独(1)
序論(1)
包摂(1)
紛争(1)
多発(1)
価値(1)
欧州(4)
二つ(2)
ボスニア(1)
戦争(1)
II(1)
アフガン(1)
交渉(1)
年表(1)
テキスト(1)
視角(1)
坂出(1)
ECSC(1)
イラク(1)
発展(1)
Fukuyama(1)
枢軸(1)
パリ(1)
文明(1)
空爆(1)
体制(1)
NATO(1)
加盟(1)
一極(1)
諸国(1)
歴史(1)
iv(1)
ii(1)
東欧(3)
Huntington(1)
BrazilIraqIndiaUS(1)
アメリカ(1)
イギリス(1)
）•(1)
人権(1)
ソ連(1)
衝突(1)
行動(1)
同盟(1)
{ 1 } { 2 } { 3 } { 4 } { 5 } { 6 } { 7 } 
Segment{ 2 }, Segment{ 3 }
コサイン類似度: 0.0
Segment{ 3 }, Segment{ 4 }
コサイン類似度: 0.0
Segment{ 4 }, Segment{ 5 }
コサイン類似度: 0.0
Segment{ 5 }, Segment{ 6 }
コサイン類似度: 0.02980784358029352
Segment{ 6 }, Segment{ 7 }
コサイン類似度: 0.08651826781979838
)•(1)
条約(1)
統合(1)
同時(1)
終焉(1)
USAUK(1)
iii(1)
鉄鋼(1)
多極化(1)
市場(1)
協調(1)
冷戦(2)
民主(1)
EEC(1)
中東(1)
主要(1)
課題(2)
主義(2)
EU(1)
世界(2)
発足(1)
基本(1)
崩壊(1)
自立(1)
テロ(1)
南米(1)
イスラム(1)
ドイツ(1)
国際(1)
西側(1)
内部(1)
設定(1)
アメリカ大陸(1)
NaftaEUMEFTAAsseanChinaJapanRussia(1)
アジア(1)
亀裂(1)
経済(1)
社会(1)
(-(1)
主導(1)
秩序(2)
石炭(1)
コソボ(1)
形成(1)
MilwardHoganMarshallPlan(1)
大陸(1)
問題(1)
関係(1)
議論(2)
ローマ(1)
開発(1)
共同(1)
欧米(2)
IranSaudi(1)
ボン(1)
イラン(1)
フランス(1)
湾岸(1)
原理(1)
アフリカ(1)
単独(1)
序論(1)
包摂(1)
紛争(1)
多発(1)
価値(1)
欧州(3)
二つ(2)
ボスニア(1)
戦争(1)
II(1)
アフガン(1)
交渉(1)
年表(1)
テキスト(1)
視角(1)
坂出(1)
ECSC(1)
イラク(1)
Fukuyama(1)
発展(1)
枢軸(1)
パリ(1)
文明(1)
空爆(1)
体制(1)
NATO(1)
加盟(1)
一極(1)
諸国(1)
歴史(1)
iv(1)
ii(1)
東欧(3)
Huntington(1)
BrazilIraqIndiaUS(1)
アメリカ(1)
イギリス(1)
）•(1)
人権(1)
ソ連(1)
衝突(1)
行動(1)
同盟(1)
{ 1 } { 2 } { 3 } { 4 } { 5 } { 6 7 } 
Segment{ 2 }, Segment{ 3 }
コサイン類似度: 0.0
Segment{ 3 }, Segment{ 4 }
コサイン類似度: 0.0
Segment{ 4 }, Segment{ 5 }
コサイン類似度: 0.0
Segment{ 5 }, Segment{ 6 7 }
コサイン類似度: 0.07239578138883816
)•(1)
条約(1)
統合(1)
同時(1)
終焉(1)
USAUK(1)
iii(1)
鉄鋼(1)
多極化(1)
市場(1)
協調(1)
冷戦(2)
民主(1)
EEC(1)
中東(1)
主要(1)
課題(2)
主義(2)
EU(1)
世界(2)
発足(1)
基本(1)
崩壊(1)
自立(1)
テロ(1)
南米(1)
イスラム(1)
ドイツ(1)
国際(1)
西側(1)
内部(1)
設定(1)
アメリカ大陸(1)
NaftaEUMEFTAAsseanChinaJapanRussia(1)
アジア(1)
亀裂(1)
経済(1)
社会(1)
(-(1)
主導(1)
秩序(2)
石炭(1)
コソボ(1)
形成(1)
大陸(1)
MilwardHoganMarshallPlan(1)
問題(1)
関係(1)
議論(2)
ローマ(1)
開発(1)
共同(1)
欧米(2)
IranSaudi(1)
ボン(1)
イラン(1)
フランス(1)
湾岸(1)
原理(1)
アフリカ(1)
単独(1)
序論(1)
包摂(1)
紛争(1)
多発(1)
価値(1)
欧州(2)
二つ(2)
ボスニア(1)
戦争(1)
II(1)
アフガン(1)
交渉(1)
年表(1)
テキスト(1)
視角(1)
坂出(1)
ECSC(1)
イラク(1)
Fukuyama(1)
発展(1)
枢軸(1)
パリ(1)
文明(1)
空爆(1)
体制(1)
NATO(1)
加盟(1)
一極(1)
諸国(1)
歴史(1)
iv(1)
ii(1)
東欧(2)
Huntington(1)
BrazilIraqIndiaUS(1)
アメリカ(1)
イギリス(1)
）•(1)
人権(1)
ソ連(1)
同盟(1)
衝突(1)
行動(1)
{ 1 } { 2 } { 3 } { 4 } { 5 6 7 } 
Segment{ 2 }, Segment{ 3 }
コサイン類似度: 0.0
Segment{ 3 }, Segment{ 4 }
コサイン類似度: 0.0
Segment{ 4 }, Segment{ 5 6 7 }
コサイン類似度: 0.005081513365882167
