ブリュッセル(1)
統合(1)
侵略(1)
終焉(1)
原理(1)
単独(1)
包摂(1)
市場(1)
対応(1)
IntegrationUKGermanyFranceEasternEuropeUSChina(1)
新書(1)
価値(1)
協調(1)
二つ(1)
欧州(2)
冷戦(1)
orWithout(1)
カ国(1)
:　(1)
民主(1)
主要(1)
主義(1)
報告(1)
金星(1)
or(1)
UK(1)
世界(1)
地域(1)
挑戦(1)
.「(1)
エンジン(1)
Asian(1)
モデル(1)
Fukuyama(1)
枢軸(1)
イスラム(1)
国際(1)
時代(1)
パリ(1)
European(1)
Integration(1)
文明(1)
アジア(1)
紀行(1)
With(1)
Without(1)
大戦(1)
歴史(2)
秩序(1)
KoreaASEANJapanUSWith(1)
Huntington(1)
大陸(1)
アメリカ(1)
議論(1)
認識(1)
岩波(1)
人権(1)
Japan(1)
ボン(1)
行動(1)
衝突(1)
{ 1 } { 2 } { 3 } { 4 } 
Segment{ 2 }, Segment{ 3 }
コサイン類似度: 0.048492864496887195
Segment{ 3 }, Segment{ 4 }
コサイン類似度: 0.0
