経済学部(1)
外交政策(1)
国務長官(1)
中国国民党(5)
軍国主義(1)
{ 1 } { 2 } { 3 } { 4 } { 5 } { 6 } { 7 } { 8 } { 9 } { 10 } { 11 } { 12 } { 13 } { 14 } { 15 } { 16 } { 17 } { 18 } { 19 } { 20 } { 21 } { 22 } { 23 } { 24 } { 25 } { 26 } { 27 } { 28 } { 29 } { 30 } { 31 } { 32 } { 33 } { 34 } { 35 } { 36 } { 37 } { 38 } { 39 } 
Segment{ 2 }, Segment{ 3 }
コサイン類似度: NaN
Segment{ 3 }, Segment{ 4 }
コサイン類似度: NaN
Segment{ 4 }, Segment{ 5 }
コサイン類似度: NaN
Segment{ 5 }, Segment{ 6 }
コサイン類似度: NaN
Segment{ 6 }, Segment{ 7 }
コサイン類似度: NaN
Segment{ 7 }, Segment{ 8 }
コサイン類似度: NaN
Segment{ 8 }, Segment{ 9 }
コサイン類似度: NaN
Segment{ 9 }, Segment{ 10 }
コサイン類似度: NaN
Segment{ 10 }, Segment{ 11 }
コサイン類似度: NaN
Segment{ 11 }, Segment{ 12 }
コサイン類似度: NaN
Segment{ 12 }, Segment{ 13 }
コサイン類似度: NaN
Segment{ 13 }, Segment{ 14 }
コサイン類似度: NaN
Segment{ 14 }, Segment{ 15 }
コサイン類似度: NaN
Segment{ 15 }, Segment{ 16 }
コサイン類似度: NaN
Segment{ 16 }, Segment{ 17 }
コサイン類似度: NaN
Segment{ 17 }, Segment{ 18 }
コサイン類似度: NaN
Segment{ 18 }, Segment{ 19 }
コサイン類似度: NaN
Segment{ 19 }, Segment{ 20 }
コサイン類似度: NaN
Segment{ 20 }, Segment{ 21 }
コサイン類似度: NaN
Segment{ 21 }, Segment{ 22 }
コサイン類似度: NaN
Segment{ 22 }, Segment{ 23 }
コサイン類似度: 1.0
Segment{ 23 }, Segment{ 24 }
コサイン類似度: 1.0
Segment{ 24 }, Segment{ 25 }
コサイン類似度: 1.0
Segment{ 25 }, Segment{ 26 }
コサイン類似度: 1.0
Segment{ 26 }, Segment{ 27 }
コサイン類似度: NaN
Segment{ 27 }, Segment{ 28 }
コサイン類似度: NaN
Segment{ 28 }, Segment{ 29 }
コサイン類似度: NaN
Segment{ 29 }, Segment{ 30 }
コサイン類似度: NaN
Segment{ 30 }, Segment{ 31 }
コサイン類似度: NaN
Segment{ 31 }, Segment{ 32 }
コサイン類似度: NaN
Segment{ 32 }, Segment{ 33 }
コサイン類似度: NaN
Segment{ 33 }, Segment{ 34 }
コサイン類似度: NaN
Segment{ 34 }, Segment{ 35 }
コサイン類似度: NaN
Segment{ 35 }, Segment{ 36 }
コサイン類似度: NaN
Segment{ 36 }, Segment{ 37 }
コサイン類似度: NaN
Segment{ 37 }, Segment{ 38 }
コサイン類似度: NaN
Segment{ 38 }, Segment{ 39 }
コサイン類似度: NaN
経済学部(1)
外交政策(1)
国務長官(1)
中国国民党(4)
軍国主義(1)
{ 1 } { 2 } { 3 } { 4 } { 5 } { 6 } { 7 } { 8 } { 9 } { 10 } { 11 } { 12 } { 13 } { 14 } { 15 } { 16 } { 17 } { 18 } { 19 } { 20 } { 21 } { 22 23 } { 24 } { 25 } { 26 } { 27 } { 28 } { 29 } { 30 } { 31 } { 32 } { 33 } { 34 } { 35 } { 36 } { 37 } { 38 } { 39 } 
Segment{ 2 }, Segment{ 3 }
コサイン類似度: NaN
Segment{ 3 }, Segment{ 4 }
コサイン類似度: NaN
Segment{ 4 }, Segment{ 5 }
コサイン類似度: NaN
Segment{ 5 }, Segment{ 6 }
コサイン類似度: NaN
Segment{ 6 }, Segment{ 7 }
コサイン類似度: NaN
Segment{ 7 }, Segment{ 8 }
コサイン類似度: NaN
Segment{ 8 }, Segment{ 9 }
コサイン類似度: NaN
Segment{ 9 }, Segment{ 10 }
コサイン類似度: NaN
Segment{ 10 }, Segment{ 11 }
コサイン類似度: NaN
Segment{ 11 }, Segment{ 12 }
コサイン類似度: NaN
Segment{ 12 }, Segment{ 13 }
コサイン類似度: NaN
Segment{ 13 }, Segment{ 14 }
コサイン類似度: NaN
Segment{ 14 }, Segment{ 15 }
コサイン類似度: NaN
Segment{ 15 }, Segment{ 16 }
コサイン類似度: NaN
Segment{ 16 }, Segment{ 17 }
コサイン類似度: NaN
Segment{ 17 }, Segment{ 18 }
コサイン類似度: NaN
Segment{ 18 }, Segment{ 19 }
コサイン類似度: NaN
Segment{ 19 }, Segment{ 20 }
コサイン類似度: NaN
Segment{ 20 }, Segment{ 21 }
コサイン類似度: NaN
Segment{ 21 }, Segment{ 22 23 }
コサイン類似度: NaN
Segment{ 22 23 }, Segment{ 24 }
コサイン類似度: 1.0
Segment{ 24 }, Segment{ 25 }
コサイン類似度: 1.0
Segment{ 25 }, Segment{ 26 }
コサイン類似度: 1.0
Segment{ 26 }, Segment{ 27 }
コサイン類似度: NaN
Segment{ 27 }, Segment{ 28 }
コサイン類似度: NaN
Segment{ 28 }, Segment{ 29 }
コサイン類似度: NaN
Segment{ 29 }, Segment{ 30 }
コサイン類似度: NaN
Segment{ 30 }, Segment{ 31 }
コサイン類似度: NaN
Segment{ 31 }, Segment{ 32 }
コサイン類似度: NaN
Segment{ 32 }, Segment{ 33 }
コサイン類似度: NaN
Segment{ 33 }, Segment{ 34 }
コサイン類似度: NaN
Segment{ 34 }, Segment{ 35 }
コサイン類似度: NaN
Segment{ 35 }, Segment{ 36 }
コサイン類似度: NaN
Segment{ 36 }, Segment{ 37 }
コサイン類似度: NaN
Segment{ 37 }, Segment{ 38 }
コサイン類似度: NaN
Segment{ 38 }, Segment{ 39 }
コサイン類似度: NaN
経済学部(1)
外交政策(1)
国務長官(1)
中国国民党(3)
軍国主義(1)
{ 1 } { 2 } { 3 } { 4 } { 5 } { 6 } { 7 } { 8 } { 9 } { 10 } { 11 } { 12 } { 13 } { 14 } { 15 } { 16 } { 17 } { 18 } { 19 } { 20 } { 21 } { 22 23 24 } { 25 } { 26 } { 27 } { 28 } { 29 } { 30 } { 31 } { 32 } { 33 } { 34 } { 35 } { 36 } { 37 } { 38 } { 39 } 
Segment{ 2 }, Segment{ 3 }
コサイン類似度: NaN
Segment{ 3 }, Segment{ 4 }
コサイン類似度: NaN
Segment{ 4 }, Segment{ 5 }
コサイン類似度: NaN
Segment{ 5 }, Segment{ 6 }
コサイン類似度: NaN
Segment{ 6 }, Segment{ 7 }
コサイン類似度: NaN
Segment{ 7 }, Segment{ 8 }
コサイン類似度: NaN
Segment{ 8 }, Segment{ 9 }
コサイン類似度: NaN
Segment{ 9 }, Segment{ 10 }
コサイン類似度: NaN
Segment{ 10 }, Segment{ 11 }
コサイン類似度: NaN
Segment{ 11 }, Segment{ 12 }
コサイン類似度: NaN
Segment{ 12 }, Segment{ 13 }
コサイン類似度: NaN
Segment{ 13 }, Segment{ 14 }
コサイン類似度: NaN
Segment{ 14 }, Segment{ 15 }
コサイン類似度: NaN
Segment{ 15 }, Segment{ 16 }
コサイン類似度: NaN
Segment{ 16 }, Segment{ 17 }
コサイン類似度: NaN
Segment{ 17 }, Segment{ 18 }
コサイン類似度: NaN
Segment{ 18 }, Segment{ 19 }
コサイン類似度: NaN
Segment{ 19 }, Segment{ 20 }
コサイン類似度: NaN
Segment{ 20 }, Segment{ 21 }
コサイン類似度: NaN
Segment{ 21 }, Segment{ 22 23 24 }
コサイン類似度: NaN
Segment{ 22 23 24 }, Segment{ 25 }
コサイン類似度: 1.0
Segment{ 25 }, Segment{ 26 }
コサイン類似度: 1.0
Segment{ 26 }, Segment{ 27 }
コサイン類似度: NaN
Segment{ 27 }, Segment{ 28 }
コサイン類似度: NaN
Segment{ 28 }, Segment{ 29 }
コサイン類似度: NaN
Segment{ 29 }, Segment{ 30 }
コサイン類似度: NaN
Segment{ 30 }, Segment{ 31 }
コサイン類似度: NaN
Segment{ 31 }, Segment{ 32 }
コサイン類似度: NaN
Segment{ 32 }, Segment{ 33 }
コサイン類似度: NaN
Segment{ 33 }, Segment{ 34 }
コサイン類似度: NaN
Segment{ 34 }, Segment{ 35 }
コサイン類似度: NaN
Segment{ 35 }, Segment{ 36 }
コサイン類似度: NaN
Segment{ 36 }, Segment{ 37 }
コサイン類似度: NaN
Segment{ 37 }, Segment{ 38 }
コサイン類似度: NaN
Segment{ 38 }, Segment{ 39 }
コサイン類似度: NaN
経済学部(1)
外交政策(1)
国務長官(1)
中国国民党(2)
軍国主義(1)
{ 1 } { 2 } { 3 } { 4 } { 5 } { 6 } { 7 } { 8 } { 9 } { 10 } { 11 } { 12 } { 13 } { 14 } { 15 } { 16 } { 17 } { 18 } { 19 } { 20 } { 21 } { 22 23 24 25 } { 26 } { 27 } { 28 } { 29 } { 30 } { 31 } { 32 } { 33 } { 34 } { 35 } { 36 } { 37 } { 38 } { 39 } 
Segment{ 2 }, Segment{ 3 }
コサイン類似度: NaN
Segment{ 3 }, Segment{ 4 }
コサイン類似度: NaN
Segment{ 4 }, Segment{ 5 }
コサイン類似度: NaN
Segment{ 5 }, Segment{ 6 }
コサイン類似度: NaN
Segment{ 6 }, Segment{ 7 }
コサイン類似度: NaN
Segment{ 7 }, Segment{ 8 }
コサイン類似度: NaN
Segment{ 8 }, Segment{ 9 }
コサイン類似度: NaN
Segment{ 9 }, Segment{ 10 }
コサイン類似度: NaN
Segment{ 10 }, Segment{ 11 }
コサイン類似度: NaN
Segment{ 11 }, Segment{ 12 }
コサイン類似度: NaN
Segment{ 12 }, Segment{ 13 }
コサイン類似度: NaN
Segment{ 13 }, Segment{ 14 }
コサイン類似度: NaN
Segment{ 14 }, Segment{ 15 }
コサイン類似度: NaN
Segment{ 15 }, Segment{ 16 }
コサイン類似度: NaN
Segment{ 16 }, Segment{ 17 }
コサイン類似度: NaN
Segment{ 17 }, Segment{ 18 }
コサイン類似度: NaN
Segment{ 18 }, Segment{ 19 }
コサイン類似度: NaN
Segment{ 19 }, Segment{ 20 }
コサイン類似度: NaN
Segment{ 20 }, Segment{ 21 }
コサイン類似度: NaN
Segment{ 21 }, Segment{ 22 23 24 25 }
コサイン類似度: NaN
Segment{ 22 23 24 25 }, Segment{ 26 }
コサイン類似度: 1.0
Segment{ 26 }, Segment{ 27 }
コサイン類似度: NaN
Segment{ 27 }, Segment{ 28 }
コサイン類似度: NaN
Segment{ 28 }, Segment{ 29 }
コサイン類似度: NaN
Segment{ 29 }, Segment{ 30 }
コサイン類似度: NaN
Segment{ 30 }, Segment{ 31 }
コサイン類似度: NaN
Segment{ 31 }, Segment{ 32 }
コサイン類似度: NaN
Segment{ 32 }, Segment{ 33 }
コサイン類似度: NaN
Segment{ 33 }, Segment{ 34 }
コサイン類似度: NaN
Segment{ 34 }, Segment{ 35 }
コサイン類似度: NaN
Segment{ 35 }, Segment{ 36 }
コサイン類似度: NaN
Segment{ 36 }, Segment{ 37 }
コサイン類似度: NaN
Segment{ 37 }, Segment{ 38 }
コサイン類似度: NaN
Segment{ 38 }, Segment{ 39 }
コサイン類似度: NaN
経済学部(1)
外交政策(1)
国務長官(1)
中国国民党(1)
軍国主義(1)
{ 1 } { 2 } { 3 } { 4 } { 5 } { 6 } { 7 } { 8 } { 9 } { 10 } { 11 } { 12 } { 13 } { 14 } { 15 } { 16 } { 17 } { 18 } { 19 } { 20 } { 21 } { 22 23 24 25 26 } { 27 } { 28 } { 29 } { 30 } { 31 } { 32 } { 33 } { 34 } { 35 } { 36 } { 37 } { 38 } { 39 } 
Segment{ 2 }, Segment{ 3 }
コサイン類似度: NaN
Segment{ 3 }, Segment{ 4 }
コサイン類似度: NaN
Segment{ 4 }, Segment{ 5 }
コサイン類似度: NaN
Segment{ 5 }, Segment{ 6 }
コサイン類似度: NaN
Segment{ 6 }, Segment{ 7 }
コサイン類似度: NaN
Segment{ 7 }, Segment{ 8 }
コサイン類似度: NaN
Segment{ 8 }, Segment{ 9 }
コサイン類似度: NaN
Segment{ 9 }, Segment{ 10 }
コサイン類似度: NaN
Segment{ 10 }, Segment{ 11 }
コサイン類似度: NaN
Segment{ 11 }, Segment{ 12 }
コサイン類似度: NaN
Segment{ 12 }, Segment{ 13 }
コサイン類似度: NaN
Segment{ 13 }, Segment{ 14 }
コサイン類似度: NaN
Segment{ 14 }, Segment{ 15 }
コサイン類似度: NaN
Segment{ 15 }, Segment{ 16 }
コサイン類似度: NaN
Segment{ 16 }, Segment{ 17 }
コサイン類似度: NaN
Segment{ 17 }, Segment{ 18 }
コサイン類似度: NaN
Segment{ 18 }, Segment{ 19 }
コサイン類似度: NaN
Segment{ 19 }, Segment{ 20 }
コサイン類似度: NaN
Segment{ 20 }, Segment{ 21 }
コサイン類似度: NaN
Segment{ 21 }, Segment{ 22 23 24 25 26 }
コサイン類似度: NaN
Segment{ 22 23 24 25 26 }, Segment{ 27 }
コサイン類似度: NaN
Segment{ 27 }, Segment{ 28 }
コサイン類似度: NaN
Segment{ 28 }, Segment{ 29 }
コサイン類似度: NaN
Segment{ 29 }, Segment{ 30 }
コサイン類似度: NaN
Segment{ 30 }, Segment{ 31 }
コサイン類似度: NaN
Segment{ 31 }, Segment{ 32 }
コサイン類似度: NaN
Segment{ 32 }, Segment{ 33 }
コサイン類似度: NaN
Segment{ 33 }, Segment{ 34 }
コサイン類似度: NaN
Segment{ 34 }, Segment{ 35 }
コサイン類似度: NaN
Segment{ 35 }, Segment{ 36 }
コサイン類似度: NaN
Segment{ 36 }, Segment{ 37 }
コサイン類似度: NaN
Segment{ 37 }, Segment{ 38 }
コサイン類似度: NaN
Segment{ 38 }, Segment{ 39 }
コサイン類似度: NaN
)•(1)
条約(2)
公社(1)
—$£(1)
大使(1)
IIIC(1)
Affairs(1)
BBC(1)
fi(4)
出口(2)
処理(1)
UKUS(1)
Paul(1)
区域(1)
首相(1)
US(1)
人物(15)
Staff(1)
主義(1)
Jean(4)
就任(1)
）((3)
世界(1)
参加(9)
Blair(2)
代理(1)
Canada(1)
Policy(1)
年初(1)
EDC(1)
soc(4)
矛盾(1)
Plan(1)
声明(1)
外交(4)
辞任(1)
概要(6)
５月(1)
Dean(1)
PPS(6)
戦後(1)
分裂(2)
不承(1)
源泉(1)
org(1)
金融(2)
論文(1)
-　(1)
containment(2)
復活(1)
Foreign(1)
Introduction(6)
Planning(1)
商会(9)
室長(1)
経済(1)
McCloy(1)
退任(1)
大国(1)
Foster(1)
Dillon(9)
公布(3)
美英(2)
管理(2)
問題(1)
成立(1)
関係(2)
中立(1)
ABC(1)
占領(1)
$　(1)
→①(1)
性的(1)
草案(1)
esPaul(11)
wikipedia(1)
共同(3)
en(1)
英国(3)
utu(4)
USUK(2)
大西(2)
中心(13)
elpais(11)
軍国(1)
Dulles(1)
HP(1)
手段(1)
John(1)
工業(1)
長官(1)
学部(1)
半期(1)
指名(5)
会談(1)
後任(1)
政策(10)
連邦(1)
欧州(1)
大学(10)
国内(1)
企画(1)
政権(7)
限定(1)
西半球(1)
George(1)
中国(2)
大使館(1)
国民党(1)
II(5)
NSC(8)
勤務(1)
計画(1)
·→(1)
IV(1)
西欧(1)
流産(1)
英美(1)
indice(11)
坂出(2)
起草(6)
Read(9)
Nitze(12)
III(1)
国防(1)
ECSC(4)
内的(1)
合作(1)
立案(1)
www(4)
特殊(2)
１月(1)
年代(3)
UKIII(1)
国下(1)
EPU(5)
ECA(1)
Monnet(4)
長文(1)
手下(1)
半球(1)
大西洋(2)
近代(1)
体制(1)
国務(1)
国務省(1)
美国(4)
深刻(1)
情報(1)
DefenseIndustrialBase(2)
加入(10)
£=(1)
美加(1)
経費(1)
電報(1)
秘密(1)
地位(1)
軍備(1)
SALT(5)
the(1)
Kennan(1)
均衡(1)
告知(1)
認識(1)
上海(1)
Acheson(1)
首席(6)
必要(2)
教員(1)
資源(1)
）•(1)
source(16)
沿海(1)
危機(2)
革命(1)
Coy(2)
$→(1)
角度(5)
引起(1)
自由(1)
同盟(1)
行動(1)
{ 1 } { 2 } { 3 } { 4 } { 5 } { 6 } { 7 } { 8 } { 9 } { 10 } { 11 } { 12 } { 13 } { 14 } { 15 } { 16 } { 17 } { 18 } { 19 } { 20 } { 21 } { 22 23 24 25 26 } { 27 } { 28 } { 29 } { 30 } { 31 } { 32 } { 33 } { 34 } { 35 } { 36 } { 37 } { 38 } { 39 } 
Segment{ 2 }, Segment{ 3 }
コサイン類似度: 0.43959998452608084
Segment{ 3 }, Segment{ 4 }
コサイン類似度: 0.9154499721487457
Segment{ 4 }, Segment{ 5 }
コサイン類似度: 0.6877401349685965
Segment{ 5 }, Segment{ 6 }
コサイン類似度: 0.9055746484743176
Segment{ 6 }, Segment{ 7 }
コサイン類似度: 0.9859694723360348
Segment{ 7 }, Segment{ 8 }
コサイン類似度: 0.045825004026944824
Segment{ 8 }, Segment{ 9 }
コサイン類似度: 0.0
Segment{ 9 }, Segment{ 10 }
コサイン類似度: 0.0
Segment{ 10 }, Segment{ 11 }
コサイン類似度: 0.9999999999999999
Segment{ 11 }, Segment{ 12 }
コサイン類似度: 0.0
Segment{ 12 }, Segment{ 13 }
コサイン類似度: 0.0
Segment{ 13 }, Segment{ 14 }
コサイン類似度: 0.0
Segment{ 14 }, Segment{ 15 }
コサイン類似度: 0.01025493642590263
Segment{ 15 }, Segment{ 16 }
コサイン類似度: 0.0
Segment{ 16 }, Segment{ 17 }
コサイン類似度: 0.0
Segment{ 17 }, Segment{ 18 }
コサイン類似度: 0.01721782363669861
Segment{ 18 }, Segment{ 19 }
コサイン類似度: 0.0
Segment{ 19 }, Segment{ 20 }
コサイン類似度: 1.0
Segment{ 20 }, Segment{ 21 }
コサイン類似度: 0.6366296094237907
Segment{ 21 }, Segment{ 22 23 24 25 26 }
コサイン類似度: 0.2472701878519258
Segment{ 22 23 24 25 26 }, Segment{ 27 }
コサイン類似度: 0.059436677679569075
Segment{ 27 }, Segment{ 28 }
コサイン類似度: 0.0
Segment{ 28 }, Segment{ 29 }
コサイン類似度: 0.9063369706763246
Segment{ 29 }, Segment{ 30 }
コサイン類似度: 0.7372374682168822
Segment{ 30 }, Segment{ 31 }
コサイン類似度: 0.9449908081456361
Segment{ 31 }, Segment{ 32 }
コサイン類似度: 0.9592954748193088
Segment{ 32 }, Segment{ 33 }
コサイン類似度: 0.8618939057703794
Segment{ 33 }, Segment{ 34 }
コサイン類似度: 0.8991223648914628
Segment{ 34 }, Segment{ 35 }
コサイン類似度: 0.8965791656924128
Segment{ 35 }, Segment{ 36 }
コサイン類似度: 1.0
Segment{ 36 }, Segment{ 37 }
コサイン類似度: 0.5889460367062361
Segment{ 37 }, Segment{ 38 }
コサイン類似度: 1.0
Segment{ 38 }, Segment{ 39 }
コサイン類似度: 0.0
)•(1)
条約(2)
公社(1)
—$£(1)
大使(1)
IIIC(1)
Affairs(1)
BBC(1)
fi(3)
出口(2)
処理(1)
UKUS(1)
Paul(1)
区域(1)
首相(1)
US(1)
人物(14)
Staff(1)
主義(1)
Jean(3)
就任(1)
）((3)
世界(1)
参加(9)
Blair(2)
代理(1)
Canada(1)
Policy(1)
年初(1)
EDC(1)
soc(3)
矛盾(1)
Plan(1)
声明(1)
外交(4)
辞任(1)
概要(6)
５月(1)
Dean(1)
PPS(6)
戦後(1)
分裂(2)
不承(1)
源泉(1)
org(1)
金融(2)
論文(1)
-　(1)
containment(2)
復活(1)
Foreign(1)
Introduction(6)
Planning(1)
商会(9)
室長(1)
経済(1)
McCloy(1)
退任(1)
大国(1)
Foster(1)
Dillon(9)
公布(3)
美英(2)
管理(2)
問題(1)
成立(1)
関係(2)
中立(1)
ABC(1)
占領(1)
$　(1)
→①(1)
性的(1)
草案(1)
esPaul(11)
wikipedia(1)
共同(3)
en(1)
英国(3)
utu(3)
USUK(2)
大西(2)
中心(13)
elpais(11)
軍国(1)
Dulles(1)
HP(1)
手段(1)
John(1)
工業(1)
長官(1)
学部(1)
半期(1)
指名(5)
会談(1)
後任(1)
政策(10)
連邦(1)
欧州(1)
大学(10)
国内(1)
企画(1)
政権(7)
限定(1)
西半球(1)
George(1)
中国(2)
大使館(1)
国民党(1)
II(5)
NSC(8)
勤務(1)
計画(1)
·→(1)
IV(1)
西欧(1)
流産(1)
英美(1)
indice(11)
坂出(2)
起草(6)
Read(9)
Nitze(12)
III(1)
国防(1)
ECSC(4)
内的(1)
合作(1)
立案(1)
www(3)
特殊(2)
１月(1)
年代(3)
UKIII(1)
国下(1)
EPU(5)
ECA(1)
Monnet(3)
長文(1)
手下(1)
半球(1)
大西洋(2)
近代(1)
体制(1)
国務(1)
国務省(1)
美国(4)
深刻(1)
情報(1)
DefenseIndustrialBase(2)
加入(10)
£=(1)
美加(1)
経費(1)
電報(1)
秘密(1)
地位(1)
軍備(1)
SALT(5)
the(1)
Kennan(1)
均衡(1)
告知(1)
認識(1)
上海(1)
Acheson(1)
首席(6)
必要(2)
教員(1)
資源(1)
）•(1)
source(15)
沿海(1)
危機(2)
革命(1)
Coy(2)
$→(1)
角度(5)
引起(1)
自由(1)
同盟(1)
行動(1)
{ 1 } { 2 } { 3 } { 4 } { 5 } { 6 } { 7 } { 8 } { 9 } { 10 } { 11 } { 12 } { 13 } { 14 } { 15 } { 16 } { 17 } { 18 } { 19 20 } { 21 } { 22 23 24 25 26 } { 27 } { 28 } { 29 } { 30 } { 31 } { 32 } { 33 } { 34 } { 35 } { 36 } { 37 } { 38 } { 39 } 
Segment{ 2 }, Segment{ 3 }
コサイン類似度: 0.43959998452608084
Segment{ 3 }, Segment{ 4 }
コサイン類似度: 0.9154499721487457
Segment{ 4 }, Segment{ 5 }
コサイン類似度: 0.6877401349685965
Segment{ 5 }, Segment{ 6 }
コサイン類似度: 0.9055746484743176
Segment{ 6 }, Segment{ 7 }
コサイン類似度: 0.9859694723360348
Segment{ 7 }, Segment{ 8 }
コサイン類似度: 0.045825004026944824
Segment{ 8 }, Segment{ 9 }
コサイン類似度: 0.0
Segment{ 9 }, Segment{ 10 }
コサイン類似度: 0.0
Segment{ 10 }, Segment{ 11 }
コサイン類似度: 0.9999999999999999
Segment{ 11 }, Segment{ 12 }
コサイン類似度: 0.0
Segment{ 12 }, Segment{ 13 }
コサイン類似度: 0.0
Segment{ 13 }, Segment{ 14 }
コサイン類似度: 0.0
Segment{ 14 }, Segment{ 15 }
コサイン類似度: 0.01025493642590263
Segment{ 15 }, Segment{ 16 }
コサイン類似度: 0.0
Segment{ 16 }, Segment{ 17 }
コサイン類似度: 0.0
Segment{ 17 }, Segment{ 18 }
コサイン類似度: 0.01721782363669861
Segment{ 18 }, Segment{ 19 20 }
コサイン類似度: 0.0
Segment{ 19 20 }, Segment{ 21 }
コサイン類似度: 0.7388502630605942
Segment{ 21 }, Segment{ 22 23 24 25 26 }
コサイン類似度: 0.2847362191804896
Segment{ 22 23 24 25 26 }, Segment{ 27 }
コサイン類似度: 0.058752436403144995
Segment{ 27 }, Segment{ 28 }
コサイン類似度: 0.0
Segment{ 28 }, Segment{ 29 }
コサイン類似度: 0.9083938254320308
Segment{ 29 }, Segment{ 30 }
コサイン類似度: 0.7407804581801003
Segment{ 30 }, Segment{ 31 }
コサイン類似度: 0.9455712749839222
Segment{ 31 }, Segment{ 32 }
コサイン類似度: 0.9596880719403819
Segment{ 32 }, Segment{ 33 }
コサイン類似度: 0.8629426254275019
Segment{ 33 }, Segment{ 34 }
コサイン類似度: 0.8997288434642764
Segment{ 34 }, Segment{ 35 }
コサイン類似度: 0.8968668761541212
Segment{ 35 }, Segment{ 36 }
コサイン類似度: 1.0
Segment{ 36 }, Segment{ 37 }
コサイン類似度: 0.5895686387224306
Segment{ 37 }, Segment{ 38 }
コサイン類似度: 0.9999999999999998
Segment{ 38 }, Segment{ 39 }
コサイン類似度: 0.0
)•(1)
条約(2)
公社(1)
—$£(1)
大使(1)
IIIC(1)
Affairs(1)
BBC(1)
fi(3)
出口(2)
処理(1)
UKUS(1)
Paul(1)
区域(1)
首相(1)
US(1)
人物(13)
Staff(1)
主義(1)
Jean(3)
就任(1)
）((3)
世界(1)
参加(8)
Blair(2)
代理(1)
Canada(1)
Policy(1)
年初(1)
EDC(1)
soc(3)
矛盾(1)
Plan(1)
声明(1)
外交(4)
辞任(1)
概要(6)
５月(1)
Dean(1)
PPS(6)
戦後(1)
分裂(2)
不承(1)
源泉(1)
org(1)
金融(2)
論文(1)
-　(1)
containment(2)
復活(1)
Foreign(1)
Introduction(6)
Planning(1)
商会(8)
室長(1)
経済(1)
McCloy(1)
退任(1)
大国(1)
Foster(1)
Dillon(8)
公布(3)
美英(2)
管理(2)
問題(1)
成立(1)
関係(2)
中立(1)
ABC(1)
占領(1)
$　(1)
→①(1)
性的(1)
草案(1)
esPaul(10)
wikipedia(1)
共同(3)
en(1)
英国(3)
utu(3)
USUK(2)
大西(2)
中心(12)
elpais(10)
軍国(1)
Dulles(1)
HP(1)
手段(1)
John(1)
工業(1)
長官(1)
学部(1)
半期(1)
指名(5)
会談(1)
後任(1)
政策(9)
連邦(1)
欧州(1)
大学(9)
国内(1)
企画(1)
政権(7)
限定(1)
西半球(1)
George(1)
中国(2)
大使館(1)
国民党(1)
II(4)
NSC(7)
勤務(1)
計画(1)
·→(1)
IV(1)
西欧(1)
流産(1)
英美(1)
indice(10)
坂出(2)
起草(5)
Read(8)
Nitze(11)
III(1)
国防(1)
ECSC(4)
内的(1)
合作(1)
立案(1)
www(3)
特殊(2)
１月(1)
年代(3)
UKIII(1)
国下(1)
EPU(5)
ECA(1)
Monnet(3)
長文(1)
手下(1)
半球(1)
大西洋(2)
近代(1)
体制(1)
国務(1)
国務省(1)
美国(4)
深刻(1)
情報(1)
DefenseIndustrialBase(2)
加入(9)
£=(1)
美加(1)
経費(1)
電報(1)
秘密(1)
地位(1)
軍備(1)
SALT(4)
the(1)
Kennan(1)
均衡(1)
告知(1)
認識(1)
上海(1)
Acheson(1)
首席(6)
必要(2)
教員(1)
資源(1)
）•(1)
source(14)
沿海(1)
危機(2)
革命(1)
Coy(2)
$→(1)
角度(5)
引起(1)
自由(1)
同盟(1)
行動(1)
{ 1 } { 2 } { 3 } { 4 } { 5 } { 6 } { 7 } { 8 } { 9 } { 10 } { 11 } { 12 } { 13 } { 14 } { 15 } { 16 } { 17 } { 18 } { 19 20 } { 21 } { 22 23 24 25 26 } { 27 } { 28 } { 29 } { 30 } { 31 } { 32 } { 33 } { 34 } { 35 36 } { 37 } { 38 } { 39 } 
Segment{ 2 }, Segment{ 3 }
コサイン類似度: 0.43959998452608084
Segment{ 3 }, Segment{ 4 }
コサイン類似度: 0.9154499721487457
Segment{ 4 }, Segment{ 5 }
コサイン類似度: 0.6877401349685965
Segment{ 5 }, Segment{ 6 }
コサイン類似度: 0.9055746484743176
Segment{ 6 }, Segment{ 7 }
コサイン類似度: 0.9817910948219858
Segment{ 7 }, Segment{ 8 }
コサイン類似度: 0.04563080514779115
Segment{ 8 }, Segment{ 9 }
コサイン類似度: 0.0
Segment{ 9 }, Segment{ 10 }
コサイン類似度: 0.0
Segment{ 10 }, Segment{ 11 }
コサイン類似度: 1.0
Segment{ 11 }, Segment{ 12 }
コサイン類似度: 0.0
Segment{ 12 }, Segment{ 13 }
コサイン類似度: 0.0
Segment{ 13 }, Segment{ 14 }
コサイン類似度: 0.0
Segment{ 14 }, Segment{ 15 }
コサイン類似度: 0.010252910032612828
Segment{ 15 }, Segment{ 16 }
コサイン類似度: 0.0
Segment{ 16 }, Segment{ 17 }
コサイン類似度: 0.0
Segment{ 17 }, Segment{ 18 }
コサイン類似度: 0.01721379749469979
Segment{ 18 }, Segment{ 19 20 }
コサイン類似度: 0.0
Segment{ 19 20 }, Segment{ 21 }
コサイン類似度: 0.7392150927442886
Segment{ 21 }, Segment{ 22 23 24 25 26 }
コサイン類似度: 0.2848708269041945
Segment{ 22 23 24 25 26 }, Segment{ 27 }
コサイン類似度: 0.058639546278699196
Segment{ 27 }, Segment{ 28 }
コサイン類似度: 0.0
Segment{ 28 }, Segment{ 29 }
コサイン類似度: 0.905519209851804
Segment{ 29 }, Segment{ 30 }
コサイン類似度: 0.732525998380886
Segment{ 30 }, Segment{ 31 }
コサイン類似度: 0.9439564823231228
Segment{ 31 }, Segment{ 32 }
コサイン類似度: 0.959552869869784
Segment{ 32 }, Segment{ 33 }
コサイン類似度: 0.8488561653362221
Segment{ 33 }, Segment{ 34 }
コサイン類似度: 0.8807514113230303
Segment{ 34 }, Segment{ 35 36 }
コサイン類似度: 0.8888606246217028
Segment{ 35 36 }, Segment{ 37 }
コサイン類似度: 0.6574451974184186
Segment{ 37 }, Segment{ 38 }
コサイン類似度: 0.9999999999999998
Segment{ 38 }, Segment{ 39 }
コサイン類似度: 0.0
)•(1)
条約(2)
公社(1)
—$£(1)
大使(1)
IIIC(1)
Affairs(1)
BBC(1)
fi(3)
出口(2)
処理(1)
UKUS(1)
Paul(1)
区域(1)
首相(1)
US(1)
人物(13)
Staff(1)
主義(1)
Jean(3)
就任(1)
）((3)
世界(1)
参加(8)
Blair(2)
代理(1)
Canada(1)
Policy(1)
年初(1)
EDC(1)
soc(3)
矛盾(1)
Plan(1)
声明(1)
外交(4)
辞任(1)
概要(6)
５月(1)
Dean(1)
PPS(6)
戦後(1)
分裂(2)
不承(1)
源泉(1)
org(1)
金融(2)
論文(1)
-　(1)
containment(1)
復活(1)
Foreign(1)
Introduction(6)
Planning(1)
商会(8)
室長(1)
経済(1)
McCloy(1)
退任(1)
大国(1)
Foster(1)
Dillon(8)
公布(3)
美英(2)
管理(2)
問題(1)
成立(1)
関係(2)
中立(1)
ABC(1)
占領(1)
$　(1)
→①(1)
性的(1)
草案(1)
esPaul(10)
wikipedia(1)
共同(3)
en(1)
英国(3)
utu(3)
USUK(1)
大西(2)
中心(11)
elpais(10)
軍国(1)
Dulles(1)
HP(1)
手段(1)
John(1)
工業(1)
長官(1)
学部(1)
半期(1)
指名(5)
会談(1)
後任(1)
政策(9)
連邦(1)
欧州(1)
大学(9)
国内(1)
企画(1)
政権(7)
限定(1)
西半球(1)
George(1)
中国(2)
大使館(1)
国民党(1)
II(4)
NSC(7)
勤務(1)
計画(1)
·→(1)
IV(1)
西欧(1)
流産(1)
英美(1)
indice(10)
坂出(2)
起草(5)
Read(8)
Nitze(11)
III(1)
国防(1)
ECSC(4)
内的(1)
合作(1)
立案(1)
www(3)
特殊(2)
１月(1)
年代(3)
UKIII(1)
国下(1)
EPU(5)
ECA(1)
Monnet(3)
長文(1)
手下(1)
半球(1)
大西洋(2)
近代(1)
体制(1)
国務(1)
国務省(1)
美国(4)
深刻(1)
情報(1)
DefenseIndustrialBase(1)
加入(9)
£=(1)
美加(1)
経費(1)
電報(1)
秘密(1)
地位(1)
軍備(1)
SALT(4)
the(1)
Kennan(1)
均衡(1)
告知(1)
認識(1)
上海(1)
Acheson(1)
首席(6)
必要(2)
教員(1)
資源(1)
）•(1)
source(14)
沿海(1)
危機(2)
革命(1)
Coy(2)
$→(1)
角度(5)
引起(1)
自由(1)
同盟(1)
行動(1)
{ 1 } { 2 } { 3 } { 4 } { 5 } { 6 } { 7 } { 8 } { 9 } { 10 11 } { 12 } { 13 } { 14 } { 15 } { 16 } { 17 } { 18 } { 19 20 } { 21 } { 22 23 24 25 26 } { 27 } { 28 } { 29 } { 30 } { 31 } { 32 } { 33 } { 34 } { 35 36 } { 37 } { 38 } { 39 } 
Segment{ 2 }, Segment{ 3 }
コサイン類似度: 0.43959998452608084
Segment{ 3 }, Segment{ 4 }
コサイン類似度: 0.9154499721487457
Segment{ 4 }, Segment{ 5 }
コサイン類似度: 0.6877401349685965
Segment{ 5 }, Segment{ 6 }
コサイン類似度: 0.9055746484743176
Segment{ 6 }, Segment{ 7 }
コサイン類似度: 0.9817910948219858
Segment{ 7 }, Segment{ 8 }
コサイン類似度: 0.04563080514779115
Segment{ 8 }, Segment{ 9 }
コサイン類似度: 0.0
Segment{ 9 }, Segment{ 10 11 }
コサイン類似度: 0.0
Segment{ 10 11 }, Segment{ 12 }
コサイン類似度: 0.0
Segment{ 12 }, Segment{ 13 }
コサイン類似度: 0.0
Segment{ 13 }, Segment{ 14 }
コサイン類似度: 0.0
Segment{ 14 }, Segment{ 15 }
コサイン類似度: 0.010252910032612828
Segment{ 15 }, Segment{ 16 }
コサイン類似度: 0.0
Segment{ 16 }, Segment{ 17 }
コサイン類似度: 0.0
Segment{ 17 }, Segment{ 18 }
コサイン類似度: 0.01721379749469979
Segment{ 18 }, Segment{ 19 20 }
コサイン類似度: 0.0
Segment{ 19 20 }, Segment{ 21 }
コサイン類似度: 0.7392150927442886
Segment{ 21 }, Segment{ 22 23 24 25 26 }
コサイン類似度: 0.2848708269041945
Segment{ 22 23 24 25 26 }, Segment{ 27 }
コサイン類似度: 0.058639546278699196
Segment{ 27 }, Segment{ 28 }
コサイン類似度: 0.0
Segment{ 28 }, Segment{ 29 }
コサイン類似度: 0.9073947266086907
Segment{ 29 }, Segment{ 30 }
コサイン類似度: 0.7357526928777409
Segment{ 30 }, Segment{ 31 }
コサイン類似度: 0.9444826230168621
Segment{ 31 }, Segment{ 32 }
コサイン類似度: 0.959899855974352
Segment{ 32 }, Segment{ 33 }
コサイン類似度: 0.8498545736020626
Segment{ 33 }, Segment{ 34 }
コサイン類似度: 0.8813514588897104
Segment{ 34 }, Segment{ 35 36 }
コサイン類似度: 0.8890845695715726
Segment{ 35 36 }, Segment{ 37 }
コサイン類似度: 0.6579105362248406
Segment{ 37 }, Segment{ 38 }
コサイン類似度: 0.9999999999999998
Segment{ 38 }, Segment{ 39 }
コサイン類似度: 0.0
)•(1)
条約(2)
公社(1)
—$£(1)
大使(1)
IIIC(1)
Affairs(1)
BBC(1)
fi(3)
出口(2)
処理(1)
UKUS(1)
Paul(1)
区域(1)
首相(1)
US(1)
人物(12)
Staff(1)
主義(1)
Jean(3)
就任(1)
）((3)
世界(1)
参加(7)
Blair(2)
代理(1)
Canada(1)
Policy(1)
年初(1)
EDC(1)
soc(3)
矛盾(1)
Plan(1)
声明(1)
外交(4)
辞任(1)
概要(6)
５月(1)
Dean(1)
PPS(6)
戦後(1)
分裂(2)
不承(1)
源泉(1)
org(1)
金融(2)
論文(1)
-　(1)
containment(1)
復活(1)
Foreign(1)
Introduction(6)
Planning(1)
商会(7)
室長(1)
経済(1)
McCloy(1)
退任(1)
大国(1)
Foster(1)
Dillon(7)
公布(3)
美英(2)
管理(1)
問題(1)
成立(1)
関係(2)
中立(1)
ABC(1)
占領(1)
$　(1)
→①(1)
性的(1)
草案(1)
esPaul(9)
wikipedia(1)
共同(3)
en(1)
英国(3)
utu(3)
USUK(1)
大西(2)
中心(10)
elpais(9)
軍国(1)
Dulles(1)
HP(1)
手段(1)
John(1)
工業(1)
長官(1)
学部(1)
半期(1)
指名(5)
会談(1)
後任(1)
政策(8)
連邦(1)
欧州(1)
大学(8)
国内(1)
企画(1)
政権(7)
限定(1)
西半球(1)
George(1)
中国(2)
大使館(1)
国民党(1)
II(3)
NSC(6)
勤務(1)
計画(1)
·→(1)
IV(1)
西欧(1)
流産(1)
英美(1)
indice(9)
坂出(2)
起草(4)
Read(7)
Nitze(10)
III(1)
国防(1)
ECSC(4)
内的(1)
合作(1)
立案(1)
www(3)
特殊(2)
１月(1)
年代(2)
UKIII(1)
国下(1)
EPU(5)
ECA(1)
Monnet(3)
長文(1)
手下(1)
半球(1)
大西洋(2)
近代(1)
体制(1)
国務(1)
国務省(1)
美国(4)
深刻(1)
情報(1)
DefenseIndustrialBase(1)
加入(8)
£=(1)
美加(1)
経費(1)
電報(1)
秘密(1)
地位(1)
軍備(1)
SALT(3)
the(1)
Kennan(1)
均衡(1)
告知(1)
認識(1)
上海(1)
Acheson(1)
首席(6)
必要(2)
教員(1)
資源(1)
）•(1)
source(13)
沿海(1)
危機(2)
革命(1)
Coy(2)
$→(1)
角度(5)
引起(1)
自由(1)
同盟(1)
行動(1)
{ 1 } { 2 } { 3 } { 4 } { 5 } { 6 } { 7 } { 8 } { 9 } { 10 11 } { 12 } { 13 } { 14 } { 15 } { 16 } { 17 } { 18 } { 19 20 } { 21 } { 22 23 24 25 26 } { 27 } { 28 } { 29 } { 30 } { 31 } { 32 } { 33 } { 34 } { 35 36 } { 37 38 } { 39 } 
Segment{ 2 }, Segment{ 3 }
コサイン類似度: 0.43959998452608084
Segment{ 3 }, Segment{ 4 }
コサイン類似度: 0.9154499721487457
Segment{ 4 }, Segment{ 5 }
コサイン類似度: 0.6877401349685965
Segment{ 5 }, Segment{ 6 }
コサイン類似度: 0.9055746484743176
Segment{ 6 }, Segment{ 7 }
コサイン類似度: 0.9754560122720946
Segment{ 7 }, Segment{ 8 }
コサイン類似度: 0.04533636886806336
Segment{ 8 }, Segment{ 9 }
コサイン類似度: 0.0
Segment{ 9 }, Segment{ 10 11 }
コサイン類似度: 0.0
Segment{ 10 11 }, Segment{ 12 }
コサイン類似度: 0.0
Segment{ 12 }, Segment{ 13 }
コサイン類似度: 0.0
Segment{ 13 }, Segment{ 14 }
コサイン類似度: 0.0
Segment{ 14 }, Segment{ 15 }
コサイン類似度: 0.010250079094016982
Segment{ 15 }, Segment{ 16 }
コサイン類似度: 0.0
Segment{ 16 }, Segment{ 17 }
コサイン類似度: 0.0
Segment{ 17 }, Segment{ 18 }
コサイン類似度: 0.017208031624673555
Segment{ 18 }, Segment{ 19 20 }
コサイン類似度: 0.0
Segment{ 19 20 }, Segment{ 21 }
コサイン類似度: 0.7396700332506801
Segment{ 21 }, Segment{ 22 23 24 25 26 }
コサイン類似度: 0.2850391057713442
Segment{ 22 23 24 25 26 }, Segment{ 27 }
コサイン類似度: 0.05846925466255036
Segment{ 27 }, Segment{ 28 }
コサイン類似度: 0.0
Segment{ 28 }, Segment{ 29 }
コサイン類似度: 0.9040475535326582
Segment{ 29 }, Segment{ 30 }
コサイン類似度: 0.7257482694081
Segment{ 30 }, Segment{ 31 }
コサイン類似度: 0.9425213756995006
Segment{ 31 }, Segment{ 32 }
コサイン類似度: 0.9598163668785901
Segment{ 32 }, Segment{ 33 }
コサイン類似度: 0.8290224883372757
Segment{ 33 }, Segment{ 34 }
コサイン類似度: 0.8497528555190373
Segment{ 34 }, Segment{ 35 36 }
コサイン類似度: 0.8794063711897163
Segment{ 37 38 }, Segment{ 39 }
コサイン類似度: 0.0
)•(1)
条約(2)
公社(1)
—$£(1)
大使(1)
IIIC(1)
Affairs(1)
BBC(1)
fi(3)
出口(2)
処理(1)
UKUS(1)
Paul(1)
区域(1)
首相(1)
US(1)
人物(12)
Staff(1)
主義(1)
Jean(3)
就任(1)
）((2)
世界(1)
参加(7)
Blair(2)
代理(1)
Canada(1)
Policy(1)
年初(1)
EDC(1)
soc(3)
矛盾(1)
Plan(1)
声明(1)
外交(4)
辞任(1)
概要(5)
５月(1)
Dean(1)
PPS(5)
戦後(1)
分裂(2)
不承(1)
源泉(1)
org(1)
金融(2)
論文(1)
-　(1)
containment(1)
復活(1)
Foreign(1)
Introduction(5)
Planning(1)
商会(7)
室長(1)
経済(1)
McCloy(1)
退任(1)
大国(1)
Foster(1)
Dillon(7)
公布(3)
美英(2)
管理(1)
問題(1)
成立(1)
関係(2)
中立(1)
ABC(1)
占領(1)
$　(1)
→①(1)
性的(1)
草案(1)
esPaul(9)
wikipedia(1)
共同(3)
en(1)
英国(3)
utu(3)
USUK(1)
大西(2)
中心(10)
elpais(9)
軍国(1)
Dulles(1)
HP(1)
手段(1)
John(1)
工業(1)
長官(1)
学部(1)
半期(1)
指名(4)
会談(1)
後任(1)
政策(8)
連邦(1)
欧州(1)
大学(8)
国内(1)
企画(1)
政権(6)
限定(1)
西半球(1)
George(1)
中国(2)
大使館(1)
国民党(1)
II(3)
NSC(6)
勤務(1)
計画(1)
·→(1)
IV(1)
西欧(1)
流産(1)
英美(1)
indice(9)
坂出(2)
起草(4)
Read(7)
Nitze(10)
III(1)
国防(1)
ECSC(3)
内的(1)
合作(1)
立案(1)
www(3)
特殊(2)
１月(1)
年代(2)
UKIII(1)
国下(1)
EPU(4)
ECA(1)
Monnet(3)
長文(1)
手下(1)
半球(1)
大西洋(2)
近代(1)
体制(1)
国務(1)
国務省(1)
美国(4)
深刻(1)
情報(1)
DefenseIndustrialBase(1)
加入(8)
£=(1)
美加(1)
経費(1)
電報(1)
秘密(1)
地位(1)
軍備(1)
SALT(3)
the(1)
Kennan(1)
均衡(1)
告知(1)
認識(1)
上海(1)
Acheson(1)
首席(5)
必要(2)
教員(1)
資源(1)
）•(1)
source(13)
沿海(1)
危機(2)
革命(1)
Coy(2)
$→(1)
角度(4)
引起(1)
自由(1)
同盟(1)
行動(1)
{ 1 } { 2 } { 3 } { 4 } { 5 } { 6 7 } { 8 } { 9 } { 10 11 } { 12 } { 13 } { 14 } { 15 } { 16 } { 17 } { 18 } { 19 20 } { 21 } { 22 23 24 25 26 } { 27 } { 28 } { 29 } { 30 } { 31 } { 32 } { 33 } { 34 } { 35 36 } { 37 38 } { 39 } 
Segment{ 2 }, Segment{ 3 }
コサイン類似度: 0.4361474185108884
Segment{ 3 }, Segment{ 4 }
コサイン類似度: 0.9166120119582486
Segment{ 4 }, Segment{ 5 }
コサイン類似度: 0.6326662217953473
Segment{ 5 }, Segment{ 6 7 }
コサイン類似度: 0.901520649834339
Segment{ 6 7 }, Segment{ 8 }
コサイン類似度: 0.04985867367688698
Segment{ 8 }, Segment{ 9 }
コサイン類似度: 0.0
Segment{ 9 }, Segment{ 10 11 }
コサイン類似度: 0.0
Segment{ 10 11 }, Segment{ 12 }
コサイン類似度: 0.0
Segment{ 12 }, Segment{ 13 }
コサイン類似度: 0.0
Segment{ 13 }, Segment{ 14 }
コサイン類似度: 0.0
Segment{ 14 }, Segment{ 15 }
コサイン類似度: 0.010250079094016982
Segment{ 15 }, Segment{ 16 }
コサイン類似度: 0.0
Segment{ 16 }, Segment{ 17 }
コサイン類似度: 0.0
Segment{ 17 }, Segment{ 18 }
コサイン類似度: 0.016784910031122598
Segment{ 18 }, Segment{ 19 20 }
コサイン類似度: 0.0
Segment{ 19 20 }, Segment{ 21 }
コサイン類似度: 0.7396700332506801
Segment{ 21 }, Segment{ 22 23 24 25 26 }
コサイン類似度: 0.2850233197663022
Segment{ 22 23 24 25 26 }, Segment{ 27 }
コサイン類似度: 0.05846601652458888
Segment{ 27 }, Segment{ 28 }
コサイン類似度: 0.0
Segment{ 28 }, Segment{ 29 }
コサイン類似度: 0.9040475535326582
Segment{ 29 }, Segment{ 30 }
コサイン類似度: 0.7257482694081
Segment{ 30 }, Segment{ 31 }
コサイン類似度: 0.9425213756995006
Segment{ 31 }, Segment{ 32 }
コサイン類似度: 0.9598163668785901
Segment{ 32 }, Segment{ 33 }
コサイン類似度: 0.8290224883372757
Segment{ 33 }, Segment{ 34 }
コサイン類似度: 0.8497528555190373
Segment{ 34 }, Segment{ 35 36 }
コサイン類似度: 0.8794063711897163
Segment{ 37 38 }, Segment{ 39 }
コサイン類似度: 0.0
)•(1)
条約(2)
公社(1)
—$£(1)
大使(1)
IIIC(1)
Affairs(1)
BBC(1)
fi(3)
出口(2)
処理(1)
UKUS(1)
Paul(1)
区域(1)
首相(1)
US(1)
人物(11)
Staff(1)
主義(1)
Jean(3)
就任(1)
）((2)
世界(1)
参加(6)
Blair(2)
代理(1)
Canada(1)
Policy(1)
年初(1)
EDC(1)
soc(3)
矛盾(1)
Plan(1)
声明(1)
外交(4)
辞任(1)
概要(5)
５月(1)
Dean(1)
PPS(5)
戦後(1)
分裂(2)
不承(1)
源泉(1)
org(1)
金融(2)
論文(1)
-　(1)
containment(1)
復活(1)
Foreign(1)
Introduction(5)
Planning(1)
商会(6)
室長(1)
経済(1)
McCloy(1)
退任(1)
大国(1)
Foster(1)
Dillon(6)
公布(3)
美英(2)
管理(1)
問題(1)
成立(1)
関係(2)
中立(1)
ABC(1)
占領(1)
$　(1)
→①(1)
性的(1)
草案(1)
esPaul(8)
wikipedia(1)
共同(3)
en(1)
英国(3)
utu(3)
USUK(1)
大西(2)
中心(9)
elpais(8)
軍国(1)
Dulles(1)
HP(1)
手段(1)
John(1)
工業(1)
長官(1)
学部(1)
半期(1)
指名(4)
会談(1)
後任(1)
政策(8)
連邦(1)
欧州(1)
大学(7)
国内(1)
企画(1)
政権(6)
限定(1)
西半球(1)
George(1)
中国(2)
大使館(1)
国民党(1)
II(3)
NSC(6)
勤務(1)
計画(1)
·→(1)
IV(1)
西欧(1)
流産(1)
英美(1)
indice(8)
坂出(2)
起草(4)
Read(6)
Nitze(9)
III(1)
国防(1)
ECSC(3)
内的(1)
合作(1)
立案(1)
www(3)
特殊(2)
１月(1)
年代(2)
UKIII(1)
国下(1)
EPU(4)
ECA(1)
Monnet(3)
長文(1)
手下(1)
半球(1)
大西洋(2)
近代(1)
体制(1)
国務(1)
国務省(1)
美国(4)
深刻(1)
情報(1)
DefenseIndustrialBase(1)
加入(7)
£=(1)
美加(1)
経費(1)
電報(1)
秘密(1)
地位(1)
軍備(1)
SALT(3)
the(1)
Kennan(1)
均衡(1)
告知(1)
認識(1)
上海(1)
Acheson(1)
首席(5)
必要(2)
教員(1)
資源(1)
）•(1)
source(12)
沿海(1)
危機(2)
革命(1)
Coy(2)
$→(1)
角度(4)
引起(1)
自由(1)
同盟(1)
行動(1)
{ 1 } { 2 } { 3 } { 4 } { 5 } { 6 7 } { 8 } { 9 } { 10 11 } { 12 } { 13 } { 14 } { 15 } { 16 } { 17 } { 18 } { 19 20 } { 21 } { 22 23 24 25 26 } { 27 } { 28 } { 29 } { 30 } { 31 32 } { 33 } { 34 } { 35 36 } { 37 38 } { 39 } 
Segment{ 2 }, Segment{ 3 }
コサイン類似度: 0.4361474185108884
Segment{ 3 }, Segment{ 4 }
コサイン類似度: 0.9166120119582486
Segment{ 4 }, Segment{ 5 }
コサイン類似度: 0.6326662217953473
Segment{ 5 }, Segment{ 6 7 }
コサイン類似度: 0.901520649834339
Segment{ 6 7 }, Segment{ 8 }
コサイン類似度: 0.04985867367688698
Segment{ 8 }, Segment{ 9 }
コサイン類似度: 0.0
Segment{ 9 }, Segment{ 10 11 }
コサイン類似度: 0.0
Segment{ 10 11 }, Segment{ 12 }
コサイン類似度: 0.0
Segment{ 12 }, Segment{ 13 }
コサイン類似度: 0.0
Segment{ 13 }, Segment{ 14 }
コサイン類似度: 0.0
Segment{ 14 }, Segment{ 15 }
コサイン類似度: 0.010250079094016982
Segment{ 15 }, Segment{ 16 }
コサイン類似度: 0.0
Segment{ 16 }, Segment{ 17 }
コサイン類似度: 0.0
Segment{ 17 }, Segment{ 18 }
コサイン類似度: 0.016776689047818764
Segment{ 18 }, Segment{ 19 20 }
コサイン類似度: 0.0
Segment{ 19 20 }, Segment{ 21 }
コサイン類似度: 0.7402472929987608
Segment{ 21 }, Segment{ 22 23 24 25 26 }
コサイン類似度: 0.28523751380240364
Segment{ 22 23 24 25 26 }, Segment{ 27 }
コサイン類似度: 0.05846210821153429
Segment{ 27 }, Segment{ 28 }
コサイン類似度: 0.0
Segment{ 28 }, Segment{ 29 }
コサイン類似度: 0.8997754770819792
Segment{ 29 }, Segment{ 30 }
コサイン類似度: 0.7128528178390323
Segment{ 30 }, Segment{ 31 32 }
コサイン類似度: 0.9324177665488168
Segment{ 31 32 }, Segment{ 33 }
コサイン類似度: 0.8525683496762357
Segment{ 33 }, Segment{ 34 }
コサイン類似度: 0.8695882638411845
Segment{ 34 }, Segment{ 35 36 }
コサイン類似度: 0.8850005529521219
Segment{ 37 38 }, Segment{ 39 }
コサイン類似度: 0.0
)•(1)
条約(2)
公社(1)
—$£(1)
大使(1)
IIIC(1)
Affairs(1)
BBC(1)
fi(3)
出口(2)
処理(1)
UKUS(1)
Paul(1)
区域(1)
首相(1)
US(1)
人物(10)
Staff(1)
主義(1)
Jean(3)
就任(1)
）((2)
世界(1)
参加(6)
Blair(2)
代理(1)
Canada(1)
Policy(1)
年初(1)
EDC(1)
soc(3)
矛盾(1)
Plan(1)
声明(1)
外交(4)
辞任(1)
概要(5)
５月(1)
Dean(1)
PPS(5)
戦後(1)
分裂(2)
不承(1)
源泉(1)
org(1)
金融(2)
論文(1)
-　(1)
containment(1)
復活(1)
Foreign(1)
Introduction(5)
Planning(1)
商会(5)
室長(1)
経済(1)
McCloy(1)
退任(1)
大国(1)
Foster(1)
Dillon(5)
公布(3)
美英(2)
管理(1)
問題(1)
成立(1)
関係(2)
中立(1)
ABC(1)
占領(1)
$　(1)
→①(1)
性的(1)
草案(1)
esPaul(7)
wikipedia(1)
共同(3)
en(1)
英国(3)
utu(3)
USUK(1)
大西(2)
中心(8)
elpais(7)
軍国(1)
Dulles(1)
HP(1)
手段(1)
John(1)
工業(1)
長官(1)
学部(1)
半期(1)
指名(4)
会談(1)
後任(1)
政策(8)
連邦(1)
欧州(1)
大学(6)
国内(1)
企画(1)
政権(6)
限定(1)
西半球(1)
George(1)
中国(2)
大使館(1)
国民党(1)
II(3)
NSC(6)
勤務(1)
計画(1)
·→(1)
IV(1)
西欧(1)
流産(1)
英美(1)
indice(7)
坂出(2)
起草(4)
Read(5)
Nitze(8)
III(1)
国防(1)
ECSC(3)
内的(1)
合作(1)
立案(1)
www(3)
特殊(2)
１月(1)
年代(2)
UKIII(1)
国下(1)
EPU(4)
ECA(1)
Monnet(3)
長文(1)
手下(1)
半球(1)
大西洋(2)
近代(1)
体制(1)
国務(1)
国務省(1)
美国(4)
深刻(1)
情報(1)
DefenseIndustrialBase(1)
加入(6)
£=(1)
美加(1)
経費(1)
電報(1)
秘密(1)
地位(1)
軍備(1)
SALT(3)
the(1)
Kennan(1)
均衡(1)
告知(1)
認識(1)
上海(1)
Acheson(1)
首席(5)
必要(2)
教員(1)
資源(1)
）•(1)
source(11)
沿海(1)
危機(2)
革命(1)
Coy(2)
$→(1)
角度(4)
引起(1)
自由(1)
同盟(1)
行動(1)
{ 1 } { 2 } { 3 } { 4 } { 5 } { 6 7 } { 8 } { 9 } { 10 11 } { 12 } { 13 } { 14 } { 15 } { 16 } { 17 } { 18 } { 19 20 } { 21 } { 22 23 24 25 26 } { 27 } { 28 } { 29 } { 30 31 32 } { 33 } { 34 } { 35 36 } { 37 38 } { 39 } 
Segment{ 2 }, Segment{ 3 }
コサイン類似度: 0.4361474185108884
Segment{ 3 }, Segment{ 4 }
コサイン類似度: 0.9166120119582486
Segment{ 4 }, Segment{ 5 }
コサイン類似度: 0.6326662217953473
Segment{ 5 }, Segment{ 6 7 }
コサイン類似度: 0.901520649834339
Segment{ 6 7 }, Segment{ 8 }
コサイン類似度: 0.04985867367688698
Segment{ 8 }, Segment{ 9 }
コサイン類似度: 0.0
Segment{ 9 }, Segment{ 10 11 }
コサイン類似度: 0.0
Segment{ 10 11 }, Segment{ 12 }
コサイン類似度: 0.0
Segment{ 12 }, Segment{ 13 }
コサイン類似度: 0.0
Segment{ 13 }, Segment{ 14 }
コサイン類似度: 0.0
Segment{ 14 }, Segment{ 15 }
コサイン類似度: 0.010250079094016982
Segment{ 15 }, Segment{ 16 }
コサイン類似度: 0.0
Segment{ 16 }, Segment{ 17 }
コサイン類似度: 0.0
Segment{ 17 }, Segment{ 18 }
コサイン類似度: 0.016771709608272064
Segment{ 18 }, Segment{ 19 20 }
コサイン類似度: 0.0
Segment{ 19 20 }, Segment{ 21 }
コサイン類似度: 0.7409948057565277
Segment{ 21 }, Segment{ 22 23 24 25 26 }
コサイン類似度: 0.28551601702319607
Segment{ 22 23 24 25 26 }, Segment{ 27 }
コサイン類似度: 0.05845702181591826
Segment{ 27 }, Segment{ 28 }
コサイン類似度: 0.0
Segment{ 28 }, Segment{ 29 }
コサイン類似度: 0.8941267538252206
Segment{ 29 }, Segment{ 30 31 32 }
コサイン類似度: 0.6790758491851969
Segment{ 30 31 32 }, Segment{ 33 }
コサイン類似度: 0.8728649090589585
Segment{ 33 }, Segment{ 34 }
コサイン類似度: 0.889261016912231
Segment{ 34 }, Segment{ 35 36 }
コサイン類似度: 0.8922067717083125
Segment{ 37 38 }, Segment{ 39 }
コサイン類似度: 0.0
)•(1)
条約(2)
公社(1)
—$£(1)
大使(1)
IIIC(1)
Affairs(1)
BBC(1)
fi(3)
出口(2)
処理(1)
UKUS(1)
Paul(1)
区域(1)
首相(1)
US(1)
人物(10)
Staff(1)
主義(1)
Jean(3)
就任(1)
）((2)
世界(1)
参加(6)
Blair(2)
代理(1)
Canada(1)
Policy(1)
年初(1)
EDC(1)
soc(3)
矛盾(1)
Plan(1)
声明(1)
外交(4)
辞任(1)
概要(4)
５月(1)
Dean(1)
PPS(5)
戦後(1)
分裂(2)
不承(1)
源泉(1)
org(1)
金融(2)
論文(1)
-　(1)
containment(1)
復活(1)
Foreign(1)
Introduction(4)
Planning(1)
商会(5)
室長(1)
経済(1)
McCloy(1)
退任(1)
大国(1)
Foster(1)
Dillon(5)
公布(3)
美英(2)
管理(1)
問題(1)
成立(1)
関係(2)
中立(1)
ABC(1)
占領(1)
$　(1)
→①(1)
性的(1)
草案(1)
esPaul(7)
wikipedia(1)
共同(3)
en(1)
英国(3)
utu(3)
USUK(1)
大西(2)
中心(8)
elpais(7)
軍国(1)
Dulles(1)
HP(1)
手段(1)
John(1)
工業(1)
長官(1)
学部(1)
半期(1)
指名(3)
会談(1)
後任(1)
政策(8)
連邦(1)
欧州(1)
大学(6)
国内(1)
企画(1)
政権(5)
限定(1)
西半球(1)
George(1)
中国(2)
大使館(1)
国民党(1)
II(3)
NSC(6)
勤務(1)
計画(1)
·→(1)
IV(1)
西欧(1)
流産(1)
英美(1)
indice(7)
坂出(2)
起草(4)
Read(5)
Nitze(8)
III(1)
国防(1)
ECSC(3)
内的(1)
合作(1)
立案(1)
www(3)
特殊(2)
１月(1)
年代(2)
UKIII(1)
国下(1)
EPU(4)
ECA(1)
Monnet(3)
長文(1)
手下(1)
半球(1)
大西洋(2)
近代(1)
体制(1)
国務(1)
国務省(1)
美国(4)
深刻(1)
情報(1)
DefenseIndustrialBase(1)
加入(6)
£=(1)
美加(1)
経費(1)
電報(1)
秘密(1)
地位(1)
軍備(1)
SALT(3)
the(1)
Kennan(1)
均衡(1)
告知(1)
認識(1)
上海(1)
Acheson(1)
首席(4)
必要(2)
教員(1)
資源(1)
）•(1)
source(11)
沿海(1)
危機(2)
革命(1)
Coy(2)
$→(1)
角度(4)
引起(1)
自由(1)
同盟(1)
行動(1)
{ 1 } { 2 } { 3 4 } { 5 } { 6 7 } { 8 } { 9 } { 10 11 } { 12 } { 13 } { 14 } { 15 } { 16 } { 17 } { 18 } { 19 20 } { 21 } { 22 23 24 25 26 } { 27 } { 28 } { 29 } { 30 31 32 } { 33 } { 34 } { 35 36 } { 37 38 } { 39 } 
Segment{ 2 }, Segment{ 3 4 }
コサイン類似度: 0.42341807770322754
Segment{ 3 4 }, Segment{ 5 }
コサイン類似度: 0.6996478154964646
Segment{ 5 }, Segment{ 6 7 }
コサイン類似度: 0.9134683236940334
Segment{ 6 7 }, Segment{ 8 }
コサイン類似度: 0.07027142625886675
Segment{ 8 }, Segment{ 9 }
コサイン類似度: 0.0
Segment{ 9 }, Segment{ 10 11 }
コサイン類似度: 0.0
Segment{ 10 11 }, Segment{ 12 }
コサイン類似度: 0.0
Segment{ 12 }, Segment{ 13 }
コサイン類似度: 0.0
Segment{ 13 }, Segment{ 14 }
コサイン類似度: 0.0
Segment{ 14 }, Segment{ 15 }
コサイン類似度: 0.010250079094016982
Segment{ 15 }, Segment{ 16 }
コサイン類似度: 0.0
Segment{ 16 }, Segment{ 17 }
コサイン類似度: 0.0
Segment{ 17 }, Segment{ 18 }
コサイン類似度: 0.016771709608272064
Segment{ 18 }, Segment{ 19 20 }
コサイン類似度: 0.0
Segment{ 19 20 }, Segment{ 21 }
コサイン類似度: 0.7409948057565277
Segment{ 21 }, Segment{ 22 23 24 25 26 }
コサイン類似度: 0.28551601702319607
Segment{ 22 23 24 25 26 }, Segment{ 27 }
コサイン類似度: 0.05845702181591826
Segment{ 27 }, Segment{ 28 }
コサイン類似度: 0.0
Segment{ 28 }, Segment{ 29 }
コサイン類似度: 0.8941267538252206
Segment{ 29 }, Segment{ 30 31 32 }
コサイン類似度: 0.6790758491851969
Segment{ 30 31 32 }, Segment{ 33 }
コサイン類似度: 0.8728649090589585
Segment{ 33 }, Segment{ 34 }
コサイン類似度: 0.889261016912231
Segment{ 34 }, Segment{ 35 36 }
コサイン類似度: 0.8922067717083125
Segment{ 37 38 }, Segment{ 39 }
コサイン類似度: 0.0
)•(1)
条約(2)
公社(1)
—$£(1)
大使(1)
IIIC(1)
Affairs(1)
BBC(1)
fi(3)
出口(2)
処理(1)
UKUS(1)
Paul(1)
区域(1)
首相(1)
US(1)
人物(10)
Staff(1)
主義(1)
Jean(3)
就任(1)
）((1)
世界(1)
参加(6)
Blair(2)
代理(1)
Canada(1)
Policy(1)
年初(1)
EDC(1)
soc(3)
矛盾(1)
Plan(1)
声明(1)
外交(4)
辞任(1)
概要(3)
５月(1)
Dean(1)
PPS(4)
戦後(1)
分裂(2)
不承(1)
源泉(1)
org(1)
金融(2)
論文(1)
-　(1)
containment(1)
復活(1)
Foreign(1)
Introduction(3)
Planning(1)
商会(5)
室長(1)
経済(1)
McCloy(1)
退任(1)
大国(1)
Foster(1)
Dillon(5)
公布(3)
美英(2)
管理(1)
問題(1)
成立(1)
関係(2)
中立(1)
ABC(1)
占領(1)
$　(1)
→①(1)
性的(1)
草案(1)
esPaul(7)
wikipedia(1)
共同(3)
en(1)
英国(3)
utu(3)
USUK(1)
大西(2)
中心(8)
elpais(7)
軍国(1)
Dulles(1)
HP(1)
手段(1)
John(1)
工業(1)
長官(1)
学部(1)
半期(1)
指名(2)
会談(1)
後任(1)
政策(8)
連邦(1)
欧州(1)
大学(6)
国内(1)
企画(1)
政権(4)
限定(1)
西半球(1)
George(1)
中国(2)
大使館(1)
国民党(1)
II(3)
NSC(6)
勤務(1)
計画(1)
·→(1)
IV(1)
西欧(1)
流産(1)
英美(1)
indice(7)
坂出(2)
起草(4)
Read(5)
Nitze(8)
III(1)
国防(1)
ECSC(3)
内的(1)
合作(1)
立案(1)
www(3)
特殊(2)
１月(1)
年代(2)
UKIII(1)
国下(1)
EPU(3)
ECA(1)
Monnet(3)
長文(1)
手下(1)
半球(1)
大西洋(2)
近代(1)
体制(1)
国務(1)
国務省(1)
美国(4)
深刻(1)
情報(1)
DefenseIndustrialBase(1)
加入(6)
£=(1)
美加(1)
経費(1)
電報(1)
秘密(1)
地位(1)
軍備(1)
SALT(3)
the(1)
Kennan(1)
均衡(1)
告知(1)
認識(1)
上海(1)
Acheson(1)
首席(3)
必要(2)
教員(1)
資源(1)
）•(1)
source(11)
沿海(1)
危機(2)
革命(1)
Coy(2)
$→(1)
角度(3)
引起(1)
自由(1)
同盟(1)
行動(1)
{ 1 } { 2 } { 3 4 } { 5 6 7 } { 8 } { 9 } { 10 11 } { 12 } { 13 } { 14 } { 15 } { 16 } { 17 } { 18 } { 19 20 } { 21 } { 22 23 24 25 26 } { 27 } { 28 } { 29 } { 30 31 32 } { 33 } { 34 } { 35 36 } { 37 38 } { 39 } 
Segment{ 2 }, Segment{ 3 4 }
コサイン類似度: 0.40985241566284797
Segment{ 5 6 7 }, Segment{ 8 }
コサイン類似度: 0.08200292224260297
Segment{ 8 }, Segment{ 9 }
コサイン類似度: 0.0
Segment{ 9 }, Segment{ 10 11 }
コサイン類似度: 0.0
Segment{ 10 11 }, Segment{ 12 }
コサイン類似度: 0.0
Segment{ 12 }, Segment{ 13 }
コサイン類似度: 0.0
Segment{ 13 }, Segment{ 14 }
コサイン類似度: 0.0
Segment{ 14 }, Segment{ 15 }
コサイン類似度: 0.010250079094016982
Segment{ 15 }, Segment{ 16 }
コサイン類似度: 0.0
Segment{ 16 }, Segment{ 17 }
コサイン類似度: 0.0
Segment{ 17 }, Segment{ 18 }
コサイン類似度: 0.016159143264935536
Segment{ 18 }, Segment{ 19 20 }
コサイン類似度: 0.0
Segment{ 19 20 }, Segment{ 21 }
コサイン類似度: 0.7409948057565277
Segment{ 21 }, Segment{ 22 23 24 25 26 }
コサイン類似度: 0.28551601702319607
Segment{ 22 23 24 25 26 }, Segment{ 27 }
コサイン類似度: 0.05845702181591826
Segment{ 27 }, Segment{ 28 }
コサイン類似度: 0.0
Segment{ 28 }, Segment{ 29 }
コサイン類似度: 0.8941267538252206
Segment{ 29 }, Segment{ 30 31 32 }
コサイン類似度: 0.6790758491851969
Segment{ 30 31 32 }, Segment{ 33 }
コサイン類似度: 0.8728649090589585
Segment{ 33 }, Segment{ 34 }
コサイン類似度: 0.889261016912231
Segment{ 34 }, Segment{ 35 36 }
コサイン類似度: 0.8922067717083125
Segment{ 37 38 }, Segment{ 39 }
コサイン類似度: 0.0
)•(1)
条約(2)
公社(1)
—$£(1)
大使(1)
IIIC(1)
Affairs(1)
BBC(1)
fi(3)
出口(2)
処理(1)
UKUS(1)
Paul(1)
区域(1)
首相(1)
US(1)
人物(9)
Staff(1)
主義(1)
Jean(3)
就任(1)
）((1)
世界(1)
参加(6)
Blair(2)
代理(1)
Canada(1)
Policy(1)
年初(1)
EDC(1)
soc(3)
矛盾(1)
Plan(1)
声明(1)
外交(4)
辞任(1)
概要(3)
５月(1)
Dean(1)
PPS(4)
戦後(1)
分裂(2)
不承(1)
源泉(1)
org(1)
金融(2)
論文(1)
-　(1)
containment(1)
復活(1)
Foreign(1)
Introduction(3)
Planning(1)
商会(5)
室長(1)
経済(1)
McCloy(1)
退任(1)
大国(1)
Foster(1)
Dillon(5)
公布(3)
美英(2)
管理(1)
問題(1)
成立(1)
関係(2)
中立(1)
ABC(1)
占領(1)
$　(1)
→①(1)
性的(1)
草案(1)
esPaul(6)
wikipedia(1)
共同(3)
en(1)
英国(3)
utu(3)
USUK(1)
大西(2)
中心(7)
elpais(6)
軍国(1)
Dulles(1)
HP(1)
手段(1)
John(1)
工業(1)
長官(1)
学部(1)
半期(1)
指名(2)
会談(1)
後任(1)
政策(8)
連邦(1)
欧州(1)
大学(6)
国内(1)
企画(1)
政権(4)
限定(1)
西半球(1)
George(1)
中国(2)
大使館(1)
国民党(1)
II(3)
NSC(6)
勤務(1)
計画(1)
·→(1)
IV(1)
西欧(1)
流産(1)
英美(1)
indice(6)
坂出(2)
起草(4)
Read(5)
Nitze(7)
III(1)
国防(1)
ECSC(3)
内的(1)
合作(1)
立案(1)
www(3)
特殊(2)
１月(1)
年代(2)
UKIII(1)
国下(1)
EPU(3)
ECA(1)
Monnet(3)
長文(1)
手下(1)
半球(1)
大西洋(2)
近代(1)
体制(1)
国務(1)
国務省(1)
美国(4)
深刻(1)
情報(1)
DefenseIndustrialBase(1)
加入(6)
£=(1)
美加(1)
経費(1)
電報(1)
秘密(1)
地位(1)
軍備(1)
SALT(3)
the(1)
Kennan(1)
均衡(1)
告知(1)
認識(1)
上海(1)
Acheson(1)
首席(3)
必要(2)
教員(1)
資源(1)
）•(1)
source(10)
沿海(1)
危機(2)
革命(1)
Coy(2)
$→(1)
角度(3)
引起(1)
自由(1)
同盟(1)
行動(1)
{ 1 } { 2 } { 3 4 } { 5 6 7 } { 8 } { 9 } { 10 11 } { 12 } { 13 } { 14 } { 15 } { 16 } { 17 } { 18 } { 19 20 } { 21 } { 22 23 24 25 26 } { 27 } { 28 29 } { 30 31 32 } { 33 } { 34 } { 35 36 } { 37 38 } { 39 } 
Segment{ 2 }, Segment{ 3 4 }
コサイン類似度: 0.40985241566284797
Segment{ 5 6 7 }, Segment{ 8 }
コサイン類似度: 0.08200292224260297
Segment{ 8 }, Segment{ 9 }
コサイン類似度: 0.0
Segment{ 9 }, Segment{ 10 11 }
コサイン類似度: 0.0
Segment{ 10 11 }, Segment{ 12 }
コサイン類似度: 0.0
Segment{ 12 }, Segment{ 13 }
コサイン類似度: 0.0
Segment{ 13 }, Segment{ 14 }
コサイン類似度: 0.0
Segment{ 14 }, Segment{ 15 }
コサイン類似度: 0.010250079094016982
Segment{ 15 }, Segment{ 16 }
コサイン類似度: 0.0
Segment{ 16 }, Segment{ 17 }
コサイン類似度: 0.0
Segment{ 17 }, Segment{ 18 }
コサイン類似度: 0.016159143264935536
Segment{ 18 }, Segment{ 19 20 }
コサイン類似度: 0.0
Segment{ 19 20 }, Segment{ 21 }
コサイン類似度: 0.7419863789382372
Segment{ 21 }, Segment{ 22 23 24 25 26 }
コサイン類似度: 0.285887443353543
Segment{ 22 23 24 25 26 }, Segment{ 27 }
コサイン類似度: 0.05845023013642098
Segment{ 27 }, Segment{ 28 29 }
コサイン類似度: 0.0
Segment{ 30 31 32 }, Segment{ 33 }
コサイン類似度: 0.8834605619345837
Segment{ 33 }, Segment{ 34 }
コサイン類似度: 0.896650663785227
Segment{ 34 }, Segment{ 35 36 }
コサイン類似度: 0.8954298713548923
Segment{ 37 38 }, Segment{ 39 }
コサイン類似度: 0.0
)•(1)
条約(2)
公社(1)
—$£(1)
大使(1)
IIIC(1)
Affairs(1)
BBC(1)
fi(3)
出口(2)
処理(1)
UKUS(1)
Paul(1)
区域(1)
首相(1)
US(1)
人物(8)
Staff(1)
主義(1)
Jean(3)
就任(1)
）((1)
世界(1)
参加(5)
Blair(2)
代理(1)
Canada(1)
Policy(1)
年初(1)
EDC(1)
soc(3)
矛盾(1)
Plan(1)
声明(1)
外交(4)
辞任(1)
概要(3)
５月(1)
Dean(1)
PPS(4)
戦後(1)
分裂(2)
不承(1)
源泉(1)
org(1)
金融(2)
論文(1)
-　(1)
containment(1)
復活(1)
Foreign(1)
Introduction(3)
Planning(1)
商会(4)
室長(1)
経済(1)
McCloy(1)
退任(1)
大国(1)
Foster(1)
Dillon(4)
公布(3)
美英(2)
管理(1)
問題(1)
成立(1)
関係(2)
中立(1)
ABC(1)
占領(1)
$　(1)
→①(1)
性的(1)
草案(1)
esPaul(5)
wikipedia(1)
共同(3)
en(1)
英国(3)
utu(3)
USUK(1)
大西(2)
中心(6)
elpais(5)
軍国(1)
Dulles(1)
HP(1)
手段(1)
John(1)
工業(1)
長官(1)
学部(1)
半期(1)
指名(2)
会談(1)
後任(1)
政策(7)
連邦(1)
欧州(1)
大学(5)
国内(1)
企画(1)
政権(4)
限定(1)
西半球(1)
George(1)
中国(2)
大使館(1)
国民党(1)
II(3)
NSC(5)
勤務(1)
計画(1)
·→(1)
IV(1)
西欧(1)
流産(1)
英美(1)
indice(5)
坂出(2)
起草(3)
Read(4)
Nitze(6)
III(1)
国防(1)
ECSC(3)
内的(1)
合作(1)
立案(1)
www(3)
特殊(2)
１月(1)
年代(2)
UKIII(1)
国下(1)
EPU(3)
ECA(1)
Monnet(3)
長文(1)
手下(1)
半球(1)
大西洋(2)
近代(1)
体制(1)
国務(1)
国務省(1)
美国(4)
深刻(1)
情報(1)
DefenseIndustrialBase(1)
加入(5)
£=(1)
美加(1)
経費(1)
電報(1)
秘密(1)
地位(1)
軍備(1)
SALT(3)
the(1)
Kennan(1)
均衡(1)
告知(1)
認識(1)
上海(1)
Acheson(1)
首席(3)
必要(2)
教員(1)
資源(1)
）•(1)
source(9)
沿海(1)
危機(2)
革命(1)
Coy(2)
$→(1)
角度(3)
引起(1)
自由(1)
同盟(1)
行動(1)
{ 1 } { 2 } { 3 4 } { 5 6 7 } { 8 } { 9 } { 10 11 } { 12 } { 13 } { 14 } { 15 } { 16 } { 17 } { 18 } { 19 20 } { 21 } { 22 23 24 25 26 } { 27 } { 28 29 } { 30 31 32 } { 33 34 } { 35 36 } { 37 38 } { 39 } 
Segment{ 2 }, Segment{ 3 4 }
コサイン類似度: 0.40985241566284797
Segment{ 5 6 7 }, Segment{ 8 }
コサイン類似度: 0.08197739892959932
Segment{ 8 }, Segment{ 9 }
コサイン類似度: 0.0
Segment{ 9 }, Segment{ 10 11 }
コサイン類似度: 0.0
Segment{ 10 11 }, Segment{ 12 }
コサイン類似度: 0.0
Segment{ 12 }, Segment{ 13 }
コサイン類似度: 0.0
Segment{ 13 }, Segment{ 14 }
コサイン類似度: 0.0
Segment{ 14 }, Segment{ 15 }
コサイン類似度: 0.01024595413524023
Segment{ 15 }, Segment{ 16 }
コサイン類似度: 0.0
Segment{ 16 }, Segment{ 17 }
コサイン類似度: 0.0
Segment{ 17 }, Segment{ 18 }
コサイン類似度: 0.01614419556162171
Segment{ 18 }, Segment{ 19 20 }
コサイン類似度: 0.0
Segment{ 19 20 }, Segment{ 21 }
コサイン類似度: 0.7433403369447118
Segment{ 21 }, Segment{ 22 23 24 25 26 }
コサイン類似度: 0.2863983177564895
Segment{ 22 23 24 25 26 }, Segment{ 27 }
コサイン類似度: 0.05817009774086328
Segment{ 27 }, Segment{ 28 29 }
コサイン類似度: 0.0
Segment{ 37 38 }, Segment{ 39 }
コサイン類似度: 0.0
)•(1)
条約(2)
公社(1)
—$£(1)
大使(1)
IIIC(1)
Affairs(1)
BBC(1)
fi(2)
出口(2)
処理(1)
UKUS(1)
Paul(1)
区域(1)
首相(1)
US(1)
人物(7)
Staff(1)
主義(1)
Jean(2)
就任(1)
）((1)
世界(1)
参加(5)
Blair(2)
代理(1)
Canada(1)
Policy(1)
年初(1)
EDC(1)
soc(2)
矛盾(1)
Plan(1)
声明(1)
外交(4)
辞任(1)
概要(3)
５月(1)
Dean(1)
PPS(4)
戦後(1)
分裂(2)
不承(1)
源泉(1)
org(1)
金融(2)
論文(1)
-　(1)
containment(1)
復活(1)
Foreign(1)
Introduction(3)
Planning(1)
商会(4)
室長(1)
経済(1)
McCloy(1)
退任(1)
大国(1)
Foster(1)
Dillon(4)
公布(3)
美英(2)
管理(1)
問題(1)
成立(1)
関係(2)
中立(1)
ABC(1)
占領(1)
$　(1)
→①(1)
性的(1)
草案(1)
esPaul(5)
wikipedia(1)
共同(3)
en(1)
英国(3)
utu(2)
USUK(1)
大西(2)
中心(6)
elpais(5)
軍国(1)
Dulles(1)
HP(1)
手段(1)
John(1)
工業(1)
長官(1)
学部(1)
半期(1)
指名(2)
会談(1)
後任(1)
政策(7)
連邦(1)
欧州(1)
大学(5)
国内(1)
企画(1)
政権(4)
限定(1)
西半球(1)
George(1)
中国(2)
大使館(1)
国民党(1)
II(3)
NSC(5)
勤務(1)
計画(1)
·→(1)
IV(1)
西欧(1)
流産(1)
英美(1)
indice(5)
坂出(2)
起草(3)
Read(4)
Nitze(6)
III(1)
国防(1)
ECSC(3)
内的(1)
合作(1)
立案(1)
www(2)
特殊(2)
１月(1)
年代(2)
UKIII(1)
国下(1)
EPU(3)
ECA(1)
Monnet(2)
長文(1)
手下(1)
半球(1)
大西洋(2)
近代(1)
体制(1)
国務(1)
国務省(1)
美国(4)
深刻(1)
情報(1)
DefenseIndustrialBase(1)
加入(5)
£=(1)
美加(1)
経費(1)
電報(1)
秘密(1)
地位(1)
軍備(1)
SALT(3)
the(1)
Kennan(1)
均衡(1)
告知(1)
認識(1)
上海(1)
Acheson(1)
首席(3)
必要(2)
教員(1)
資源(1)
）•(1)
source(8)
沿海(1)
危機(2)
革命(1)
Coy(2)
$→(1)
角度(3)
引起(1)
自由(1)
同盟(1)
行動(1)
{ 1 } { 2 } { 3 4 } { 5 6 7 } { 8 } { 9 } { 10 11 } { 12 } { 13 } { 14 } { 15 } { 16 } { 17 } { 18 } { 19 20 21 } { 22 23 24 25 26 } { 27 } { 28 29 } { 30 31 32 } { 33 34 } { 35 36 } { 37 38 } { 39 } 
Segment{ 2 }, Segment{ 3 4 }
コサイン類似度: 0.40985241566284797
Segment{ 5 6 7 }, Segment{ 8 }
コサイン類似度: 0.08197739892959932
Segment{ 8 }, Segment{ 9 }
コサイン類似度: 0.0
Segment{ 9 }, Segment{ 10 11 }
コサイン類似度: 0.0
Segment{ 10 11 }, Segment{ 12 }
コサイン類似度: 0.0
Segment{ 12 }, Segment{ 13 }
コサイン類似度: 0.0
Segment{ 13 }, Segment{ 14 }
コサイン類似度: 0.0
Segment{ 14 }, Segment{ 15 }
コサイン類似度: 0.01024595413524023
Segment{ 15 }, Segment{ 16 }
コサイン類似度: 0.0
Segment{ 16 }, Segment{ 17 }
コサイン類似度: 0.0
Segment{ 17 }, Segment{ 18 }
コサイン類似度: 0.01614419556162171
Segment{ 18 }, Segment{ 19 20 21 }
コサイン類似度: 0.0
Segment{ 22 23 24 25 26 }, Segment{ 27 }
コサイン類似度: 0.056351312051282694
Segment{ 27 }, Segment{ 28 29 }
コサイン類似度: 0.0
Segment{ 37 38 }, Segment{ 39 }
コサイン類似度: 0.0
)•(1)
条約(2)
公社(1)
—$£(1)
大使(1)
IIIC(1)
Affairs(1)
BBC(1)
fi(2)
出口(2)
処理(1)
UKUS(1)
Paul(1)
区域(1)
首相(1)
US(1)
人物(7)
Staff(1)
主義(1)
Jean(2)
就任(1)
）((1)
世界(1)
参加(5)
Blair(2)
代理(1)
Canada(1)
Policy(1)
年初(1)
EDC(1)
soc(2)
矛盾(1)
Plan(1)
声明(1)
外交(4)
辞任(1)
概要(2)
５月(1)
Dean(1)
PPS(4)
戦後(1)
分裂(2)
不承(1)
源泉(1)
org(1)
金融(2)
論文(1)
-　(1)
containment(1)
復活(1)
Foreign(1)
Introduction(3)
Planning(1)
商会(4)
室長(1)
経済(1)
McCloy(1)
退任(1)
大国(1)
Foster(1)
Dillon(4)
公布(3)
美英(2)
管理(1)
問題(1)
成立(1)
関係(2)
中立(1)
ABC(1)
占領(1)
$　(1)
→①(1)
性的(1)
草案(1)
esPaul(5)
wikipedia(1)
共同(3)
en(1)
英国(3)
utu(2)
USUK(1)
大西(2)
中心(6)
elpais(5)
軍国(1)
Dulles(1)
HP(1)
手段(1)
John(1)
工業(1)
長官(1)
学部(1)
半期(1)
指名(2)
会談(1)
後任(1)
政策(7)
連邦(1)
欧州(1)
大学(5)
国内(1)
企画(1)
政権(4)
限定(1)
西半球(1)
George(1)
中国(2)
大使館(1)
国民党(1)
II(3)
NSC(5)
勤務(1)
計画(1)
·→(1)
IV(1)
西欧(1)
流産(1)
英美(1)
indice(5)
坂出(2)
起草(3)
Read(4)
Nitze(6)
III(1)
国防(1)
ECSC(3)
内的(1)
合作(1)
立案(1)
www(2)
特殊(2)
１月(1)
年代(2)
UKIII(1)
国下(1)
EPU(3)
ECA(1)
Monnet(2)
長文(1)
手下(1)
半球(1)
大西洋(2)
近代(1)
体制(1)
国務(1)
国務省(1)
美国(4)
深刻(1)
情報(1)
DefenseIndustrialBase(1)
加入(5)
£=(1)
美加(1)
経費(1)
電報(1)
秘密(1)
地位(1)
軍備(1)
SALT(3)
the(1)
Kennan(1)
均衡(1)
告知(1)
認識(1)
上海(1)
Acheson(1)
首席(3)
必要(2)
教員(1)
資源(1)
）•(1)
source(8)
沿海(1)
危機(2)
革命(1)
Coy(2)
$→(1)
角度(3)
引起(1)
自由(1)
同盟(1)
行動(1)
{ 1 } { 2 3 4 } { 5 6 7 } { 8 } { 9 } { 10 11 } { 12 } { 13 } { 14 } { 15 } { 16 } { 17 } { 18 } { 19 20 21 } { 22 23 24 25 26 } { 27 } { 28 29 } { 30 31 32 } { 33 34 } { 35 36 } { 37 38 } { 39 } 
Segment{ 5 6 7 }, Segment{ 8 }
コサイン類似度: 0.07948658124400408
Segment{ 8 }, Segment{ 9 }
コサイン類似度: 0.0
Segment{ 9 }, Segment{ 10 11 }
コサイン類似度: 0.0
Segment{ 10 11 }, Segment{ 12 }
コサイン類似度: 0.0
Segment{ 12 }, Segment{ 13 }
コサイン類似度: 0.0
Segment{ 13 }, Segment{ 14 }
コサイン類似度: 0.0
Segment{ 14 }, Segment{ 15 }
コサイン類似度: 0.01024595413524023
Segment{ 15 }, Segment{ 16 }
コサイン類似度: 0.0
Segment{ 16 }, Segment{ 17 }
コサイン類似度: 0.0
Segment{ 17 }, Segment{ 18 }
コサイン類似度: 0.01614419556162171
Segment{ 18 }, Segment{ 19 20 21 }
コサイン類似度: 0.0
Segment{ 22 23 24 25 26 }, Segment{ 27 }
コサイン類似度: 0.056351312051282694
Segment{ 27 }, Segment{ 28 29 }
コサイン類似度: 0.0
Segment{ 37 38 }, Segment{ 39 }
コサイン類似度: 0.0
)•(1)
条約(2)
公社(1)
—$£(1)
大使(1)
IIIC(1)
Affairs(1)
BBC(1)
fi(2)
出口(2)
処理(1)
UKUS(1)
Paul(1)
区域(1)
首相(1)
US(1)
人物(7)
Staff(1)
主義(1)
Jean(2)
就任(1)
）((1)
世界(1)
参加(5)
Blair(2)
代理(1)
Canada(1)
Policy(1)
年初(1)
EDC(1)
soc(2)
矛盾(1)
Plan(1)
声明(1)
外交(4)
辞任(1)
概要(2)
５月(1)
Dean(1)
PPS(4)
戦後(1)
分裂(2)
不承(1)
源泉(1)
org(1)
金融(2)
論文(1)
-　(1)
containment(1)
復活(1)
Foreign(1)
Introduction(2)
Planning(1)
商会(4)
室長(1)
経済(1)
McCloy(1)
退任(1)
大国(1)
Foster(1)
Dillon(4)
公布(3)
美英(2)
管理(1)
問題(1)
成立(1)
関係(2)
中立(1)
ABC(1)
占領(1)
$　(1)
→①(1)
性的(1)
草案(1)
esPaul(5)
wikipedia(1)
共同(3)
en(1)
英国(3)
utu(2)
USUK(1)
大西(2)
中心(6)
elpais(5)
軍国(1)
Dulles(1)
HP(1)
手段(1)
John(1)
工業(1)
長官(1)
学部(1)
半期(1)
指名(2)
会談(1)
後任(1)
政策(7)
連邦(1)
欧州(1)
大学(5)
国内(1)
企画(1)
政権(3)
限定(1)
西半球(1)
George(1)
中国(2)
大使館(1)
国民党(1)
II(3)
NSC(5)
勤務(1)
計画(1)
·→(1)
IV(1)
西欧(1)
流産(1)
英美(1)
indice(5)
坂出(2)
起草(3)
Read(4)
Nitze(6)
III(1)
ECSC(3)
国防(1)
内的(1)
合作(1)
立案(1)
www(2)
特殊(2)
１月(1)
年代(2)
UKIII(1)
国下(1)
EPU(3)
ECA(1)
Monnet(2)
長文(1)
手下(1)
半球(1)
大西洋(2)
近代(1)
体制(1)
国務(1)
国務省(1)
美国(4)
深刻(1)
情報(1)
DefenseIndustrialBase(1)
加入(5)
£=(1)
美加(1)
経費(1)
電報(1)
秘密(1)
地位(1)
軍備(1)
SALT(3)
the(1)
Kennan(1)
均衡(1)
告知(1)
認識(1)
上海(1)
Acheson(1)
首席(2)
必要(2)
教員(1)
資源(1)
）•(1)
source(8)
沿海(1)
危機(2)
革命(1)
Coy(2)
$→(1)
角度(3)
引起(1)
自由(1)
同盟(1)
行動(1)
{ 1 } { 2 3 4 } { 5 6 7 8 } { 9 } { 10 11 } { 12 } { 13 } { 14 } { 15 } { 16 } { 17 } { 18 } { 19 20 21 } { 22 23 24 25 26 } { 27 } { 28 29 } { 30 31 32 } { 33 34 } { 35 36 } { 37 38 } { 39 } 
Segment{ 5 6 7 8 }, Segment{ 9 }
コサイン類似度: 0.01054540620474602
Segment{ 9 }, Segment{ 10 11 }
コサイン類似度: 0.0
Segment{ 10 11 }, Segment{ 12 }
コサイン類似度: 0.0
Segment{ 12 }, Segment{ 13 }
コサイン類似度: 0.0
Segment{ 13 }, Segment{ 14 }
コサイン類似度: 0.0
Segment{ 14 }, Segment{ 15 }
コサイン類似度: 0.01024595413524023
Segment{ 15 }, Segment{ 16 }
コサイン類似度: 0.0
Segment{ 16 }, Segment{ 17 }
コサイン類似度: 0.0
Segment{ 17 }, Segment{ 18 }
コサイン類似度: 0.01614419556162171
Segment{ 18 }, Segment{ 19 20 21 }
コサイン類似度: 0.0
Segment{ 22 23 24 25 26 }, Segment{ 27 }
コサイン類似度: 0.056351312051282694
Segment{ 27 }, Segment{ 28 29 }
コサイン類似度: 0.0
Segment{ 37 38 }, Segment{ 39 }
コサイン類似度: 0.0
)•(1)
条約(2)
公社(1)
—$£(1)
大使(1)
IIIC(1)
Affairs(1)
BBC(1)
fi(2)
出口(2)
処理(1)
UKUS(1)
Paul(1)
区域(1)
首相(1)
US(1)
人物(7)
Staff(1)
主義(1)
Jean(2)
就任(1)
）((1)
世界(1)
参加(5)
Blair(2)
代理(1)
Canada(1)
Policy(1)
年初(1)
EDC(1)
soc(2)
矛盾(1)
Plan(1)
声明(1)
外交(3)
辞任(1)
概要(2)
５月(1)
Dean(1)
PPS(4)
戦後(1)
分裂(2)
不承(1)
源泉(1)
org(1)
金融(2)
論文(1)
-　(1)
containment(1)
復活(1)
Foreign(1)
Introduction(2)
Planning(1)
商会(4)
室長(1)
経済(1)
McCloy(1)
退任(1)
大国(1)
Foster(1)
Dillon(4)
公布(3)
美英(2)
管理(1)
問題(1)
成立(1)
関係(2)
中立(1)
ABC(1)
占領(1)
$　(1)
→①(1)
性的(1)
草案(1)
esPaul(5)
wikipedia(1)
共同(3)
en(1)
英国(3)
utu(2)
USUK(1)
大西(2)
中心(6)
elpais(5)
軍国(1)
Dulles(1)
HP(1)
John(1)
手段(1)
工業(1)
長官(1)
学部(1)
半期(1)
指名(2)
会談(1)
後任(1)
政策(7)
連邦(1)
欧州(1)
大学(5)
国内(1)
企画(1)
政権(3)
限定(1)
西半球(1)
George(1)
中国(1)
大使館(1)
国民党(1)
II(3)
NSC(5)
勤務(1)
計画(1)
·→(1)
IV(1)
西欧(1)
流産(1)
英美(1)
indice(5)
坂出(2)
起草(3)
Read(4)
Nitze(6)
III(1)
ECSC(3)
国防(1)
内的(1)
合作(1)
立案(1)
www(2)
特殊(2)
１月(1)
年代(2)
UKIII(1)
国下(1)
EPU(3)
ECA(1)
Monnet(2)
長文(1)
手下(1)
半球(1)
大西洋(2)
近代(1)
体制(1)
国務(1)
国務省(1)
美国(3)
深刻(1)
情報(1)
DefenseIndustrialBase(1)
加入(5)
£=(1)
美加(1)
経費(1)
電報(1)
秘密(1)
地位(1)
軍備(1)
SALT(3)
the(1)
Kennan(1)
均衡(1)
告知(1)
認識(1)
上海(1)
Acheson(1)
首席(2)
必要(2)
教員(1)
資源(1)
）•(1)
source(8)
沿海(1)
危機(2)
革命(1)
Coy(2)
$→(1)
角度(3)
引起(1)
自由(1)
同盟(1)
行動(1)
{ 1 } { 2 3 4 } { 5 6 7 8 } { 9 } { 10 11 } { 12 } { 13 } { 14 } { 15 } { 16 } { 17 } { 18 } { 19 20 21 } { 22 23 24 25 26 27 } { 28 29 } { 30 31 32 } { 33 34 } { 35 36 } { 37 38 } { 39 } 
Segment{ 5 6 7 8 }, Segment{ 9 }
コサイン類似度: 0.010517695507931501
Segment{ 9 }, Segment{ 10 11 }
コサイン類似度: 0.0
Segment{ 10 11 }, Segment{ 12 }
コサイン類似度: 0.0
Segment{ 12 }, Segment{ 13 }
コサイン類似度: 0.0
Segment{ 13 }, Segment{ 14 }
コサイン類似度: 0.0
Segment{ 14 }, Segment{ 15 }
コサイン類似度: 0.0101917999154066
Segment{ 15 }, Segment{ 16 }
コサイン類似度: 0.0
Segment{ 16 }, Segment{ 17 }
コサイン類似度: 0.0
Segment{ 17 }, Segment{ 18 }
コサイン類似度: 0.01614419556162171
Segment{ 18 }, Segment{ 19 20 21 }
コサイン類似度: 0.0
Segment{ 37 38 }, Segment{ 39 }
コサイン類似度: 0.0
)•(1)
条約(2)
公社(1)
—$£(1)
大使(1)
IIIC(1)
Affairs(1)
BBC(1)
fi(2)
出口(2)
処理(1)
UKUS(1)
Paul(1)
区域(1)
首相(1)
US(1)
人物(7)
Staff(1)
主義(1)
Jean(2)
就任(1)
）((1)
世界(1)
参加(5)
Blair(2)
代理(1)
Canada(1)
Policy(1)
年初(1)
EDC(1)
soc(2)
矛盾(1)
Plan(1)
声明(1)
外交(3)
辞任(1)
概要(2)
５月(1)
Dean(1)
PPS(4)
戦後(1)
分裂(2)
不承(1)
源泉(1)
org(1)
金融(2)
論文(1)
-　(1)
containment(1)
復活(1)
Foreign(1)
Introduction(2)
Planning(1)
商会(4)
室長(1)
経済(1)
McCloy(1)
退任(1)
大国(1)
Foster(1)
Dillon(4)
公布(3)
美英(2)
管理(1)
問題(1)
成立(1)
関係(2)
中立(1)
ABC(1)
占領(1)
$　(1)
→①(1)
性的(1)
草案(1)
esPaul(5)
wikipedia(1)
共同(3)
en(1)
英国(3)
utu(2)
USUK(1)
大西(2)
中心(6)
elpais(5)
軍国(1)
Dulles(1)
HP(1)
John(1)
手段(1)
工業(1)
長官(1)
学部(1)
半期(1)
指名(2)
会談(1)
後任(1)
政策(7)
連邦(1)
欧州(1)
大学(5)
国内(1)
企画(1)
政権(3)
限定(1)
西半球(1)
George(1)
中国(1)
大使館(1)
国民党(1)
II(3)
NSC(5)
勤務(1)
計画(1)
·→(1)
IV(1)
西欧(1)
流産(1)
英美(1)
indice(5)
坂出(2)
起草(3)
Read(4)
Nitze(6)
III(1)
ECSC(3)
国防(1)
内的(1)
合作(1)
立案(1)
www(2)
特殊(2)
１月(1)
年代(2)
UKIII(1)
国下(1)
EPU(3)
ECA(1)
Monnet(2)
長文(1)
手下(1)
半球(1)
大西洋(2)
近代(1)
体制(1)
国務(1)
国務省(1)
美国(3)
深刻(1)
情報(1)
DefenseIndustrialBase(1)
加入(5)
£=(1)
美加(1)
経費(1)
電報(1)
秘密(1)
地位(1)
軍備(1)
SALT(3)
the(1)
Kennan(1)
均衡(1)
告知(1)
認識(1)
上海(1)
Acheson(1)
首席(2)
必要(2)
教員(1)
資源(1)
）•(1)
source(8)
沿海(1)
危機(2)
革命(1)
Coy(2)
$→(1)
角度(3)
引起(1)
自由(1)
同盟(1)
行動(1)
{ 1 } { 2 3 4 } { 5 6 7 8 } { 9 } { 10 11 } { 12 } { 13 } { 14 } { 15 } { 16 } { 17 } { 18 } { 19 20 21 } { 22 23 24 25 26 27 } { 28 29 } { 30 31 32 } { 33 34 } { 35 36 } { 37 38 } { 39 } 
前後のスライドを見るSegment{ 9 }, Segment{ 10 11 }
コサイン類似度: 0.0
前後のスライドを見るSegment{ 12 }, Segment{ 13 }
コサイン類似度: 0.0
前後のスライドを見るSegment{ 13 }, Segment{ 14 }
コサイン類似度: 0.06133454598013287
前後のスライドを見るSegment{ 14 }, Segment{ 15 }
コサイン類似度: 0.0
前後のスライドを見るSegment{ 15 }, Segment{ 16 }
コサイン類似度: 0.0
前後のスライドを見るSegment{ 16 }, Segment{ 17 }
コサイン類似度: 0.013180018816796797
前後のスライドを見るSegment{ 17 }, Segment{ 18 }
コサイン類似度: 0.015280234485187547
前後のスライドを見るSegment{ 18 }, Segment{ 19 20 21 }
コサイン類似度: 0.0
)•(1)
条約(2)
公社(1)
—$£(1)
大使(1)
IIIC(1)
Affairs(1)
BBC(1)
fi(2)
出口(2)
処理(1)
UKUS(1)
Paul(1)
区域(1)
首相(1)
US(1)
人物(7)
Staff(1)
主義(1)
Jean(2)
就任(1)
）((1)
世界(1)
参加(5)
Blair(2)
代理(1)
Canada(1)
Policy(1)
年初(1)
EDC(1)
soc(2)
矛盾(1)
Plan(1)
声明(1)
外交(3)
辞任(1)
概要(2)
５月(1)
Dean(1)
PPS(4)
戦後(1)
分裂(2)
不承(1)
源泉(1)
org(1)
金融(2)
論文(1)
-　(1)
containment(1)
復活(1)
Foreign(1)
Introduction(2)
Planning(1)
商会(4)
室長(1)
経済(1)
McCloy(1)
退任(1)
大国(1)
Foster(1)
Dillon(4)
公布(3)
美英(1)
管理(1)
問題(1)
成立(1)
関係(1)
中立(1)
ABC(1)
占領(1)
$　(1)
→①(1)
性的(1)
草案(1)
esPaul(5)
wikipedia(1)
共同(3)
en(1)
英国(3)
utu(2)
USUK(1)
大西(2)
中心(6)
elpais(5)
軍国(1)
Dulles(1)
HP(1)
John(1)
手段(1)
工業(1)
長官(1)
学部(1)
半期(1)
指名(2)
会談(1)
後任(1)
政策(7)
連邦(1)
欧州(1)
大学(5)
国内(1)
企画(1)
政権(3)
限定(1)
西半球(1)
George(1)
中国(1)
大使館(1)
国民党(1)
II(3)
NSC(5)
勤務(1)
計画(1)
·→(1)
IV(1)
西欧(1)
流産(1)
英美(1)
indice(5)
坂出(2)
起草(3)
Read(4)
Nitze(6)
III(1)
ECSC(3)
国防(1)
内的(1)
合作(1)
立案(1)
www(2)
特殊(1)
１月(1)
年代(2)
UKIII(1)
国下(1)
EPU(3)
ECA(1)
Monnet(2)
長文(1)
手下(1)
半球(1)
大西洋(2)
近代(1)
体制(1)
国務(1)
国務省(1)
美国(3)
深刻(1)
情報(1)
DefenseIndustrialBase(1)
加入(5)
£=(1)
美加(1)
経費(1)
電報(1)
秘密(1)
地位(1)
軍備(1)
SALT(3)
the(1)
Kennan(1)
均衡(1)
告知(1)
認識(1)
上海(1)
Acheson(1)
首席(2)
必要(2)
教員(1)
資源(1)
）•(1)
source(8)
沿海(1)
危機(2)
革命(1)
Coy(2)
$→(1)
角度(3)
引起(1)
自由(1)
同盟(1)
行動(1)
{ 1 } { 2 3 4 } { 5 6 7 8 } { 9 } { 10 11 } { 12 13 14 } { 15 } { 16 } { 17 } { 18 } { 19 20 21 } { 22 23 24 25 26 27 } { 28 29 } { 30 31 32 } { 33 34 } { 35 36 } { 37 38 } { 39 } 
前後のスライドを見るSegment{ 9 }, Segment{ 10 11 }
コサイン類似度: 0.0
前後のスライドを見るSegment{ 15 }, Segment{ 16 }
コサイン類似度: 0.0
前後のスライドを見るSegment{ 16 }, Segment{ 17 }
コサイン類似度: 0.013180018816796797
前後のスライドを見るSegment{ 17 }, Segment{ 18 }
コサイン類似度: 0.015280234485187547
前後のスライドを見るSegment{ 18 }, Segment{ 19 20 21 }
コサイン類似度: 0.0
