経済学部(1)
原子燃料(1)
共同所有(1)
安全保障(2)
{ 1 } { 2 } { 3 } { 4 } { 5 } { 6 } { 7 } { 8 } { 9 } { 10 } { 11 } { 12 } { 13 } 
Segment{ 2 }, Segment{ 3 }
コサイン類似度: NaN
Segment{ 3 }, Segment{ 4 }
コサイン類似度: NaN
Segment{ 4 }, Segment{ 5 }
コサイン類似度: NaN
Segment{ 5 }, Segment{ 6 }
コサイン類似度: NaN
Segment{ 6 }, Segment{ 7 }
コサイン類似度: NaN
Segment{ 7 }, Segment{ 8 }
コサイン類似度: NaN
Segment{ 8 }, Segment{ 9 }
コサイン類似度: NaN
Segment{ 9 }, Segment{ 10 }
コサイン類似度: NaN
Segment{ 10 }, Segment{ 11 }
コサイン類似度: NaN
Segment{ 11 }, Segment{ 12 }
コサイン類似度: NaN
Segment{ 12 }, Segment{ 13 }
コサイン類似度: NaN
帝国(1)
方案(3)
HP(1)
前半(1)
）╳(2)
学部(1)
FTA(1)
半期(1)
人的(1)
政権(1)
限定(1)
－－(1)
的中(1)
EEC(4)
II(1)
首相(1)
区域(2)
方向(1)
NSC(3)
報告(1)
）((2)
•②(1)
世界(1)
ppt(1)
•①(1)
FDR(2)
形式(1)
政治(5)
国民(1)
焦点(1)
流産(1)
想到(1)
坂出(2)
批准(1)
EDC(7)
JF(2)
能力(1)
ECSC(4)
Plan(1)
EPC(1)
燃料(1)
BW(2)
通貨(1)
外交(1)
位置(1)
混乱(2)
路線(1)
合作(1)
和平(1)
概要(1)
分裂(1)
年代(2)
·“(1)
EPU(2)
保障(2)
大量(1)
所有(1)
Euratom(1)
大西洋(2)
NATO(1)
経済(1)
美国(5)
EFTA(1)
加盟(1)
(`(1)
安全(2)
共和(1)
建立(1)
６月(1)
前夜(2)
戦略(1)
要求(1)
美英(1)
管理(2)
新出(1)
埃及(1)
EPCECSCEPU(1)
国家(2)
教員(1)
）•(4)
原子(5)
通商(1)
一路(1)
共同(7)
英国(2)
NSAM(2)
引起(1)
不同(1)
自由(1)
武装(1)
斯波(1)
同盟(1)
{ 1 } { 2 } { 3 } { 4 } { 5 } { 6 } { 7 } { 8 } { 9 } { 10 } { 11 } { 12 } { 13 } 
Segment{ 2 }, Segment{ 3 }
コサイン類似度: 0.0
Segment{ 3 }, Segment{ 4 }
コサイン類似度: 0.015531833357279857
Segment{ 4 }, Segment{ 5 }
コサイン類似度: 0.03981285773055294
Segment{ 5 }, Segment{ 6 }
コサイン類似度: 0.007035909065091184
Segment{ 6 }, Segment{ 7 }
コサイン類似度: 0.003625077719268953
Segment{ 7 }, Segment{ 8 }
コサイン類似度: 0.07829838370204721
Segment{ 8 }, Segment{ 9 }
コサイン類似度: 0.017572379469843386
Segment{ 9 }, Segment{ 10 }
コサイン類似度: 0.0
Segment{ 10 }, Segment{ 11 }
コサイン類似度: 0.0040715484091121195
Segment{ 11 }, Segment{ 12 }
コサイン類似度: 0.008751327111640448
Segment{ 12 }, Segment{ 13 }
コサイン類似度: 0.005555463048625932
帝国(1)
方案(2)
HP(1)
前半(1)
）╳(2)
学部(1)
FTA(1)
半期(1)
人的(1)
政権(1)
限定(1)
－－(1)
的中(1)
EEC(4)
II(1)
首相(1)
区域(2)
方向(1)
NSC(3)
報告(1)
）((2)
•②(1)
世界(1)
ppt(1)
•①(1)
FDR(2)
形式(1)
政治(5)
国民(1)
焦点(1)
流産(1)
想到(1)
坂出(2)
批准(1)
EDC(6)
JF(2)
能力(1)
ECSC(3)
Plan(1)
EPC(1)
BW(2)
通貨(1)
燃料(1)
外交(1)
位置(1)
混乱(2)
路線(1)
合作(1)
和平(1)
概要(1)
分裂(1)
年代(2)
·“(1)
EPU(2)
保障(2)
大量(1)
所有(1)
Euratom(1)
大西洋(2)
NATO(1)
経済(1)
美国(5)
EFTA(1)
加盟(1)
(`(1)
安全(2)
共和(1)
建立(1)
６月(1)
前夜(2)
戦略(1)
要求(1)
美英(1)
管理(2)
新出(1)
埃及(1)
EPCECSCEPU(1)
国家(2)
教員(1)
）•(3)
原子(4)
通商(1)
一路(1)
共同(6)
英国(2)
NSAM(2)
引起(1)
不同(1)
自由(1)
武装(1)
斯波(1)
同盟(1)
{ 1 } { 2 } { 3 } { 4 } { 5 } { 6 } { 7 8 } { 9 } { 10 } { 11 } { 12 } { 13 } 
Segment{ 2 }, Segment{ 3 }
コサイン類似度: 0.0
Segment{ 3 }, Segment{ 4 }
コサイン類似度: 0.01817563649939297
Segment{ 4 }, Segment{ 5 }
コサイン類似度: 0.042996529108455805
Segment{ 5 }, Segment{ 6 }
コサイン類似度: 0.009506262370677603
Segment{ 6 }, Segment{ 7 8 }
コサイン類似度: 0.005112748835550365
Segment{ 7 8 }, Segment{ 9 }
コサイン類似度: 0.022967813410595162
Segment{ 9 }, Segment{ 10 }
コサイン類似度: 0.0
Segment{ 10 }, Segment{ 11 }
コサイン類似度: 0.0040715484091121195
Segment{ 11 }, Segment{ 12 }
コサイン類似度: 0.008549207564549384
Segment{ 12 }, Segment{ 13 }
コサイン類似度: 0.0073833439022798
帝国(1)
方案(2)
HP(1)
前半(1)
）╳(2)
学部(1)
FTA(1)
半期(1)
人的(1)
政権(1)
限定(1)
－－(1)
的中(1)
EEC(4)
II(1)
首相(1)
区域(2)
方向(1)
NSC(3)
報告(1)
）((2)
•②(1)
世界(1)
ppt(1)
•①(1)
FDR(2)
形式(1)
政治(5)
国民(1)
焦点(1)
流産(1)
想到(1)
坂出(2)
批准(1)
EDC(6)
JF(2)
能力(1)
ECSC(3)
Plan(1)
EPC(1)
BW(2)
通貨(1)
燃料(1)
外交(1)
位置(1)
混乱(2)
路線(1)
合作(1)
和平(1)
概要(1)
分裂(1)
年代(2)
·“(1)
EPU(2)
保障(2)
大量(1)
所有(1)
Euratom(1)
大西洋(2)
NATO(1)
経済(1)
美国(5)
EFTA(1)
加盟(1)
(`(1)
安全(2)
共和(1)
建立(1)
６月(1)
前夜(2)
戦略(1)
要求(1)
美英(1)
管理(2)
新出(1)
埃及(1)
EPCECSCEPU(1)
国家(2)
教員(1)
）•(3)
原子(4)
通商(1)
一路(1)
共同(6)
英国(2)
NSAM(2)
引起(1)
不同(1)
自由(1)
武装(1)
斯波(1)
同盟(1)
{ 1 } { 2 } { 3 } { 4 } { 5 } { 6 } { 7 8 } { 9 } { 10 } { 11 } { 12 } { 13 } 
前後のスライドを見るSegment{ 3 }, Segment{ 4 }
コサイン類似度: 0.0
前後のスライドを見るSegment{ 4 }, Segment{ 5 }
コサイン類似度: 0.03171112956114807
前後のスライドを見るSegment{ 5 }, Segment{ 6 }
コサイン類似度: 0.016345904896019576
前後のスライドを見るSegment{ 6 }, Segment{ 7 8 }
コサイン類似度: 0.07096090302582923
前後のスライドを見るSegment{ 9 }, Segment{ 10 }
コサイン類似度: 0.0
前後のスライドを見るSegment{ 10 }, Segment{ 11 }
コサイン類似度: 0.1229251471594073
前後のスライドを見るSegment{ 11 }, Segment{ 12 }
コサイン類似度: 0.0
前後のスライドを見るSegment{ 12 }, Segment{ 13 }
コサイン類似度: 0.0
帝国(1)
方案(2)
HP(1)
前半(1)
）╳(2)
学部(1)
FTA(1)
半期(1)
人的(1)
政権(1)
限定(1)
－－(1)
的中(1)
EEC(3)
II(1)
首相(1)
区域(1)
方向(1)
NSC(3)
報告(1)
）((2)
•②(1)
世界(1)
ppt(1)
•①(1)
FDR(2)
形式(1)
政治(4)
国民(1)
焦点(1)
流産(1)
想到(1)
坂出(2)
批准(1)
EDC(6)
JF(2)
能力(1)
ECSC(3)
Plan(1)
EPC(1)
BW(2)
通貨(1)
燃料(1)
外交(1)
位置(1)
混乱(2)
路線(1)
合作(1)
和平(1)
概要(1)
分裂(1)
年代(2)
·“(1)
EPU(2)
保障(2)
大量(1)
所有(1)
Euratom(1)
大西洋(2)
NATO(1)
経済(1)
美国(5)
EFTA(1)
加盟(1)
(`(1)
安全(2)
共和(1)
建立(1)
６月(1)
前夜(2)
戦略(1)
要求(1)
美英(1)
管理(2)
新出(1)
埃及(1)
EPCECSCEPU(1)
国家(2)
教員(1)
）•(3)
原子(4)
通商(1)
一路(1)
共同(6)
英国(1)
NSAM(2)
引起(1)
不同(1)
自由(1)
武装(1)
斯波(1)
同盟(1)
{ 1 } { 2 } { 3 } { 4 } { 5 } { 6 } { 7 8 } { 9 10 11 } { 12 } { 13 } 
前後のスライドを見るSegment{ 3 }, Segment{ 4 }
コサイン類似度: 0.0
前後のスライドを見るSegment{ 4 }, Segment{ 5 }
コサイン類似度: 0.03151215629538059
前後のスライドを見るSegment{ 5 }, Segment{ 6 }
コサイン類似度: 0.02011225994712073
前後のスライドを見るSegment{ 6 }, Segment{ 7 8 }
コサイン類似度: 0.07379950327541426
前後のスライドを見るSegment{ 12 }, Segment{ 13 }
コサイン類似度: 0.0
帝国(1)
方案(2)
HP(1)
前半(1)
）╳(2)
学部(1)
FTA(1)
半期(1)
人的(1)
政権(1)
限定(1)
－－(1)
的中(1)
EEC(2)
II(1)
首相(1)
区域(1)
方向(1)
NSC(3)
報告(1)
）((2)
•②(1)
世界(1)
ppt(1)
•①(1)
FDR(2)
形式(1)
政治(4)
国民(1)
焦点(1)
流産(1)
想到(1)
坂出(2)
批准(1)
EDC(4)
JF(2)
ECSC(2)
能力(1)
Plan(1)
EPC(1)
燃料(1)
BW(2)
通貨(1)
外交(1)
位置(1)
混乱(2)
路線(1)
合作(1)
概要(1)
和平(1)
分裂(1)
年代(2)
·“(1)
EPU(2)
保障(2)
大量(1)
所有(1)
Euratom(1)
大西洋(2)
NATO(1)
経済(1)
美国(4)
EFTA(1)
加盟(1)
(`(1)
安全(2)
共和(1)
建立(1)
６月(1)
前夜(2)
戦略(1)
要求(1)
美英(1)
管理(2)
埃及(1)
新出(1)
EPCECSCEPU(1)
国家(2)
教員(1)
）•(3)
原子(3)
通商(1)
一路(1)
共同(5)
英国(1)
NSAM(2)
引起(1)
不同(1)
自由(1)
斯波(1)
武装(1)
同盟(1)
{ 1 } { 2 } { 3 } { 4 } { 5 6 7 8 } { 9 10 11 } { 12 } { 13 } 
前後のスライドを見るSegment{ 3 }, Segment{ 4 }
コサイン類似度: 0.0
前後のスライドを見るSegment{ 4 }, Segment{ 5 6 7 8 }
コサイン類似度: 0.054259537384001605
前後のスライドを見るSegment{ 12 }, Segment{ 13 }
コサイン類似度: 0.0
帝国(1)
方案(2)
HP(1)
前半(1)
）╳(2)
学部(1)
FTA(1)
半期(1)
人的(1)
政権(1)
限定(1)
－－(1)
的中(1)
EEC(2)
II(1)
首相(1)
区域(1)
方向(1)
NSC(2)
報告(1)
）((2)
•②(1)
世界(1)
ppt(1)
•①(1)
FDR(2)
形式(1)
政治(2)
国民(1)
焦点(1)
流産(1)
想到(1)
坂出(2)
批准(1)
EDC(2)
JF(2)
ECSC(2)
能力(1)
Plan(1)
EPC(1)
通貨(1)
BW(2)
燃料(1)
外交(1)
位置(1)
路線(1)
混乱(1)
合作(1)
概要(1)
和平(1)
分裂(1)
年代(2)
·“(1)
EPU(2)
保障(2)
大量(1)
所有(1)
Euratom(1)
大西洋(2)
NATO(1)
経済(1)
美国(4)
EFTA(1)
加盟(1)
(`(1)
安全(2)
共和(1)
建立(1)
６月(1)
戦略(1)
前夜(2)
要求(1)
美英(1)
管理(2)
EPCECSCEPU(1)
新出(1)
埃及(1)
国家(2)
教員(1)
）•(2)
原子(3)
通商(1)
一路(1)
共同(5)
英国(1)
NSAM(2)
引起(1)
不同(1)
自由(1)
武装(1)
斯波(1)
同盟(1)
{ 1 } { 2 } { 3 4 5 6 7 8 } { 9 10 11 } { 12 } { 13 } 
前後のスライドを見るSegment{ 12 }, Segment{ 13 }
コサイン類似度: 0.0
