filename: CEAEH200607
xmlFile: /home/sakamoto/OCWData/ocw.kyoto-u.ac.jp/04-欧米経済史,（〜2010年）/CEAEH200607/slide.xml
dir: /home/sakamoto/OCWData/ocw.kyoto-u.ac.jp/04-欧米経済史,（〜2010年）/CEAEH200607
XML:
<presentation language="ja"><slide page="1"><body><p>欧美经济史 （坂出）2006.6.6第7回 艾森豪威尔政权II(`1950年代后半期)课本 第5章 对于欧洲联盟的大西洋共同体的框架1950-60年（p.39-54）</p></body></slide><slide page="2"><body><p>本周讲义的概要(1)第二期艾森豪威尔政权的各种困难(2)欧洲联盟的重新编制和各种方案(1)墨西拿会议(2)欧洲原子能共同体(3)麦克米伦构想×斯派克路线(4)戴高乐政权的开始(3)美国的欧洲统一战略－－第二个转折的前夜</p></body></slide><slide page="3"><body><p>[1] 第二期艾森豪威尔政权的各种困难•艾森豪威尔政权的课题• NSC-68构筑“实力的立场”（国际化军事性公约）•财政负担的减轻—新观念战略（基于对苏战略爆炸能力优势的大量报复战略）•西德重整军备—EDC•对中东的政治军事公约—伊朗·埃及</p></body></slide><slide page="4"><body><p>第二期艾森豪威尔政权的各种困难1.新观念战略—“斯巴达克危机”引起的失败→新观念（NATO核武装计划）引起的混乱2. EDC·欧洲联盟—EDC流产3.对中东的政治军事公约—苏伊士危机后的中东·第三世界问题</p></body></slide><slide page="5"><body><p>美国的战略　　　　　欧洲联盟(1)FDR政权的战后构想（BW计划）(2)马歇尔计划(3)X论文与凯南的遏制构想　　　　　　ECSC(4)艾奇逊・尼采与NSC68路線             EPU(5)JF杜勒斯的新观念戦略                     EDC     斯派克報告（ 欧洲原子能共同体・EEC苏伊士危机・斯波尼克危机・EDC流産→英法德比荷卢联盟的混乱美国欧洲统一战略的第二次转折ー从鲍伊构想到NSAM40</p></body></slide><slide page="6"><body><p>莫内主导的「欧洲联盟」（1950年代前半期）EDC EPCECSCEPU安全保障 政治煤炭・钢铁（能源）通貨大陆6国的超国家统一</p></body></slide><slide page="7"><body><p>[2] 欧洲联盟的重新编制和各种方案1.墨西拿会议• 1954.8  法国国民议会EDC批准遭到否决—莫奈的“欧洲联邦”构想遇挫• 1955.6  墨西拿会议—ECSC6国外交部长会议“欧洲重新出发”（以设立共同市场为目标）• 比利时外交部长斯派克主导• 1956.5  斯派克报告（共同市场与欧洲原子能共同体）• 1957.3  签订罗马条约（EEC/欧洲原子能共同体）</p></body></slide><slide page="8"><body><p>2. Euratom（欧洲原子能共同体）• EDC/EPC遇挫后，莫奈的欧洲统一方案• ·ECSC（煤炭钢铁）→Euratom（原子能）• ·“德国问题”煤炭钢铁问题→核管理问题• ·Euratom：欧洲原子能产业的共同所有（原子能发电设备和铀燃料）美国→限定浓缩铀供给（核不扩散）╳ 欧（法）—共同建设浓缩工场• ·艾森豪威尔的“为了和平的原子能”构想</p></body></slide><slide page="9"><body><p>3. 麦克米伦构想╳ 斯派克路线•苏伊士危机后，英国建立麦克米伦政权• ·麦克米伦—英国主导新的欧洲统一构想• Plan G — 英联邦形式的缓和型FTA（自由贸易圈）╳ EEC（区域内关税同盟）• FTA交涉（罗马条约6国 ╳ Plan G 7国）• 1958年底分裂• 1960.5 欧洲自由贸易联盟EFTA 7国发起</p></body></slide><slide page="10"><body><p>4. 戴高乐政权开始•苏伊士入侵失败与阿尔及利亚危机 → 戴高乐政权（第5共和政权）开始•与莫奈的超国家统一路线不同的“欧洲人的欧洲”构想•实际上的美英法三头政治论•德国阿登纳首相与戴高乐合作（向巴黎-波恩轴心方向发展）</p></body></slide><slide page="11"><body><p>[3] 美国的欧洲统一战略—第二个转折的前夜•英国 麦克米伦政权 苏伊士危机后大英帝国的重新编制•法国 戴高乐政权   “三头政治论”•西德 阿登纳政权   导致第二次柏林危机的核危机•两个课题•①安全保障—核管理问题—法德的核限制力要求—英国核限制力的位置•②经济—欧洲区域内·美欧之间的通商交涉•焦点ー是英国的EEC加盟问题</p></body></slide><slide page="12"><body><p>美国的战略                         欧洲联盟(1) FDR政权的战后构想（BW计划）(2) 马歇尔计划(3) X论文与凯南的遏制构想                                     ECSC(4) 艾奇逊·尼采与NSC68路线                                  EPU(5) JF杜勒斯的新观念战略                                   EDC   斯派克报告(6) 鲍伊构想                                                         欧洲原子能共同体(7) 艾奇逊与NSAM40     </p></body></slide><slide page="13"><body><p>下周计划６月１３日 肯尼迪・约翰逊政権课本　第６章　戴高乐对大西洋共同体框架的挑战1960-70年(p.55-76) 过去课程的ppt　経済学部HP→教員介绍→坂出健</p></body></slide></presentation>
ページ: 1 -----
<slide page="1"><body><p>欧美经济史 （坂出）2006.6.6第7回 艾森豪威尔政权II(`1950年代后半期)课本 第5章 对于欧洲联盟的大西洋共同体的框架1950-60年（p.39-54）</p></body></slide>
in Sheet Class, page: 1
title = ""
body = "<p>欧美经济史 （坂出）2006.6.6第7回 艾森豪威尔政权II(`1950年代后半期)课本 第5章 对于欧洲联盟的大西洋共同体的框架1950-60年（p.39-54）</p>"
makeWordArrayJp
paragraph: 欧美经济史 （坂出）2006.6.6第7回 艾森豪威尔政权II(`1950年代后半期)课本 第5章 对于欧洲联盟的大西洋共同体的框架1950-60年（p.39-54）
坂出 :	名詞,固有名詞,人名,姓,*,*,坂出,サカイデ,サカイデ	true	1
II :	名詞,一般,*,*,*,*,*	false	1
(` :	名詞,サ変接続,*,*,*,*,*	false	1
年代 :	名詞,接尾,助数詞,*,*,*,年代,ネンダイ,ネンダイ	true	1
半期 :	名詞,一般,*,*,*,*,半期,ハンキ,ハンキ	true	1
大西洋 :	名詞,固有名詞,地域,一般,*,*,大西洋,タイセイヨウ,タイセイヨー	true	1
共同 :	名詞,サ変接続,*,*,*,*,共同,キョウドウ,キョードー	true	1
ページ: 2 -----
<slide page="2"><body><p>本周讲义的概要(1)第二期艾森豪威尔政权的各种困难(2)欧洲联盟的重新编制和各种方案(1)墨西拿会议(2)欧洲原子能共同体(3)麦克米伦构想×斯派克路线(4)戴高乐政权的开始(3)美国的欧洲统一战略－－第二个转折的前夜</p></body></slide>
in Sheet Class, page: 2
title = ""
body = "<p>本周讲义的概要(1)第二期艾森豪威尔政权的各种困难(2)欧洲联盟的重新编制和各种方案(1)墨西拿会议(2)欧洲原子能共同体(3)麦克米伦构想×斯派克路线(4)戴高乐政权的开始(3)美国的欧洲统一战略－－第二个转折的前夜</p>"
makeWordArrayJp
paragraph: 本周讲义的概要(1)第二期艾森豪威尔政权的各种困难(2)欧洲联盟的重新编制和各种方案(1)墨西拿会议(2)欧洲原子能共同体(3)麦克米伦构想×斯派克路线(4)戴高乐政权的开始(3)美国的欧洲统一战略－－第二个转折的前夜
概要 :	名詞,一般,*,*,*,*,概要,ガイヨウ,ガイヨー	true	1
方案 :	名詞,一般,*,*,*,*,方案,ホウアン,ホーアン	true	1
原子 :	名詞,一般,*,*,*,*,原子,ゲンシ,ゲンシ	true	1
共同 :	名詞,サ変接続,*,*,*,*,共同,キョウドウ,キョードー	true	1
美国 :	名詞,固有名詞,地域,一般,*,*,美国,ビクニ,ビクニ	true	1
－－ :	名詞,サ変接続,*,*,*,*,*	false	1
前夜 :	名詞,副詞可能,*,*,*,*,前夜,ゼンヤ,ゼンヤ	true	1
ページ: 3 -----
<slide page="3"><body><p>[1] 第二期艾森豪威尔政权的各种困难•艾森豪威尔政权的课题• NSC-68构筑“实力的立场”（国际化军事性公约）•财政负担的减轻—新观念战略（基于对苏战略爆炸能力优势的大量报复战略）•西德重整军备—EDC•对中东的政治军事公约—伊朗·埃及</p></body></slide>
in Sheet Class, page: 3
title = ""
body = "<p>[1] 第二期艾森豪威尔政权的各种困难•艾森豪威尔政权的课题• NSC-68构筑“实力的立场”（国际化军事性公约）•财政负担的减轻—新观念战略（基于对苏战略爆炸能力优势的大量报复战略）•西德重整军备—EDC•对中东的政治军事公约—伊朗·埃及</p>"
makeWordArrayJp
paragraph: [1] 第二期艾森豪威尔政权的各种困难•艾森豪威尔政权的课题• NSC-68构筑“实力的立场”（国际化军事性公约）•财政负担的减轻—新观念战略（基于对苏战略爆炸能力优势的大量报复战略）•西德重整军备—EDC•对中东的政治军事公约—伊朗·埃及
NSC :	名詞,固有名詞,組織,*,*,*,*	false	1
）• :	名詞,サ変接続,*,*,*,*,*	false	1
能力 :	名詞,一般,*,*,*,*,能力,ノウリョク,ノーリョク	true	1
大量 :	名詞,形容動詞語幹,*,*,*,*,大量,タイリョウ,タイリョー	true	1
EDC :	名詞,固有名詞,組織,*,*,*,*	false	1
政治 :	名詞,一般,*,*,*,*,政治,セイジ,セイジ	true	1
埃及 :	名詞,固有名詞,地域,国,*,*,埃及,エジプト,エジプト	true	1
ページ: 4 -----
<slide page="4"><body><p>第二期艾森豪威尔政权的各种困难1.新观念战略—“斯巴达克危机”引起的失败→新观念（NATO核武装计划）引起的混乱2. EDC·欧洲联盟—EDC流产3.对中东的政治军事公约—苏伊士危机后的中东·第三世界问题</p></body></slide>
in Sheet Class, page: 4
title = ""
body = "<p>第二期艾森豪威尔政权的各种困难1.新观念战略—“斯巴达克危机”引起的失败→新观念（NATO核武装计划）引起的混乱2. EDC·欧洲联盟—EDC流产3.对中东的政治军事公约—苏伊士危机后的中东·第三世界问题</p>"
makeWordArrayJp
paragraph: 第二期艾森豪威尔政权的各种困难1.新观念战略—“斯巴达克危机”引起的失败→新观念（NATO核武装计划）引起的混乱2. EDC·欧洲联盟—EDC流产3.对中东的政治军事公约—苏伊士危机后的中东·第三世界问题
引起 :	名詞,一般,*,*,*,*,引起,インキ,インキ	true	1
NATO :	名詞,固有名詞,組織,*,*,*,*	false	1
武装 :	名詞,サ変接続,*,*,*,*,武装,ブソウ,ブソー	true	1
引起 :	名詞,一般,*,*,*,*,引起,インキ,インキ	true	2
混乱 :	名詞,サ変接続,*,*,*,*,混乱,コンラン,コンラン	true	1
EDC :	名詞,固有名詞,組織,*,*,*,*	false	1
EDC :	名詞,固有名詞,組織,*,*,*,*	false	2
政治 :	名詞,一般,*,*,*,*,政治,セイジ,セイジ	true	1
的中 :	名詞,サ変接続,*,*,*,*,的中,テキチュウ,テキチュー	true	1
世界 :	名詞,一般,*,*,*,*,世界,セカイ,セカイ	true	1
ページ: 5 -----
<slide page="5"><body><p>美国的战略　　　　　欧洲联盟(1)FDR政权的战后构想（BW计划）(2)马歇尔计划(3)X论文与凯南的遏制构想　　　　　　ECSC(4)艾奇逊・尼采与NSC68路線             EPU(5)JF杜勒斯的新观念戦略                     EDC     斯派克報告（ 欧洲原子能共同体・EEC苏伊士危机・斯波尼克危机・EDC流産→英法德比荷卢联盟的混乱美国欧洲统一战略的第二次转折ー从鲍伊构想到NSAM40</p></body></slide>
in Sheet Class, page: 5
title = ""
body = "<p>美国的战略　　　　　欧洲联盟(1)FDR政权的战后构想（BW计划）(2)马歇尔计划(3)X论文与凯南的遏制构想　　　　　　ECSC(4)艾奇逊・尼采与NSC68路線             EPU(5)JF杜勒斯的新观念戦略                     EDC     斯派克報告（ 欧洲原子能共同体・EEC苏伊士危机・斯波尼克危机・EDC流産→英法德比荷卢联盟的混乱美国欧洲统一战略的第二次转折ー从鲍伊构想到NSAM40</p>"
makeWordArrayJp
paragraph: 美国的战略　　　　　欧洲联盟(1)FDR政权的战后构想（BW计划）(2)马歇尔计划(3)X论文与凯南的遏制构想　　　　　　ECSC(4)艾奇逊・尼采与NSC68路線             EPU(5)JF杜勒斯的新观念戦略                     EDC     斯派克報告（ 欧洲原子能共同体・EEC苏伊士危机・斯波尼克危机・EDC流産→英法德比荷卢联盟的混乱美国欧洲统一战略的第二次转折ー从鲍伊构想到NSAM40
美国 :	名詞,固有名詞,地域,一般,*,*,美国,ビクニ,ビクニ	true	1
FDR :	名詞,一般,*,*,*,*,*	false	1
BW :	名詞,固有名詞,組織,*,*,*,*	false	1
）( :	名詞,サ変接続,*,*,*,*,*	false	1
ECSC :	名詞,固有名詞,組織,*,*,*,*	false	1
NSC :	名詞,一般,*,*,*,*,*	false	1
路線 :	名詞,一般,*,*,*,*,路線,ロセン,ロセン	true	1
EPU :	名詞,固有名詞,組織,*,*,*,*	false	1
JF :	名詞,一般,*,*,*,*,*	false	1
戦略 :	名詞,一般,*,*,*,*,戦略,センリャク,センリャク	true	1
EDC :	名詞,固有名詞,組織,*,*,*,*	false	1
報告 :	名詞,サ変接続,*,*,*,*,報告,ホウコク,ホーコク	true	1
原子 :	名詞,一般,*,*,*,*,原子,ゲンシ,ゲンシ	true	1
共同 :	名詞,サ変接続,*,*,*,*,共同,キョウドウ,キョードー	true	1
EEC :	名詞,固有名詞,組織,*,*,*,*	false	1
斯波 :	名詞,固有名詞,人名,姓,*,*,斯波,シバ,シバ	true	1
EDC :	名詞,固有名詞,組織,*,*,*,*	false	2
流産 :	名詞,サ変接続,*,*,*,*,流産,リュウザン,リューザン	true	1
混乱 :	名詞,サ変接続,*,*,*,*,混乱,コンラン,コンラン	true	1
美国 :	名詞,固有名詞,地域,一般,*,*,美国,ビクニ,ビクニ	true	2
想到 :	名詞,サ変接続,*,*,*,*,想到,ソウトウ,ソートー	true	1
NSAM :	名詞,一般,*,*,*,*,*	false	1
ページ: 6 -----
<slide page="6"><body><p>莫内主导的「欧洲联盟」（1950年代前半期）EDC EPCECSCEPU安全保障 政治煤炭・钢铁（能源）通貨大陆6国的超国家统一</p></body></slide>
in Sheet Class, page: 6
title = ""
body = "<p>莫内主导的「欧洲联盟」（1950年代前半期）EDC EPCECSCEPU安全保障 政治煤炭・钢铁（能源）通貨大陆6国的超国家统一</p>"
makeWordArrayJp
paragraph: 莫内主导的「欧洲联盟」（1950年代前半期）EDC EPCECSCEPU安全保障 政治煤炭・钢铁（能源）通貨大陆6国的超国家统一
年代 :	名詞,接尾,助数詞,*,*,*,年代,ネンダイ,ネンダイ	true	1
前半 :	名詞,一般,*,*,*,*,前半,ゼンハン,ゼンハン	true	1
EDC :	名詞,固有名詞,組織,*,*,*,*	false	1
EPCECSCEPU :	名詞,一般,*,*,*,*,*	false	1
安全 :	名詞,形容動詞語幹,*,*,*,*,安全,アンゼン,アンゼン	true	1
保障 :	名詞,サ変接続,*,*,*,*,保障,ホショウ,ホショー	true	1
政治 :	名詞,一般,*,*,*,*,政治,セイジ,セイジ	true	1
通貨 :	名詞,一般,*,*,*,*,通貨,ツウカ,ツーカ	true	1
国家 :	名詞,一般,*,*,*,*,国家,コッカ,コッカ	true	1
ページ: 7 -----
<slide page="7"><body><p>[2] 欧洲联盟的重新编制和各种方案1.墨西拿会议• 1954.8  法国国民议会EDC批准遭到否决—莫奈的“欧洲联邦”构想遇挫• 1955.6  墨西拿会议—ECSC6国外交部长会议“欧洲重新出发”（以设立共同市场为目标）• 比利时外交部长斯派克主导• 1956.5  斯派克报告（共同市场与欧洲原子能共同体）• 1957.3  签订罗马条约（EEC/欧洲原子能共同体）</p></body></slide>
in Sheet Class, page: 7
title = ""
body = "<p>[2] 欧洲联盟的重新编制和各种方案1.墨西拿会议• 1954.8  法国国民议会EDC批准遭到否决—莫奈的“欧洲联邦”构想遇挫• 1955.6  墨西拿会议—ECSC6国外交部长会议“欧洲重新出发”（以设立共同市场为目标）• 比利时外交部长斯派克主导• 1956.5  斯派克报告（共同市场与欧洲原子能共同体）• 1957.3  签订罗马条约（EEC/欧洲原子能共同体）</p>"
makeWordArrayJp
paragraph: [2] 欧洲联盟的重新编制和各种方案1.墨西拿会议• 1954.8  法国国民议会EDC批准遭到否决—莫奈的“欧洲联邦”构想遇挫• 1955.6  墨西拿会议—ECSC6国外交部长会议“欧洲重新出发”（以设立共同市场为目标）• 比利时外交部长斯派克主导• 1956.5  斯派克报告（共同市场与欧洲原子能共同体）• 1957.3  签订罗马条约（EEC/欧洲原子能共同体）
方案 :	名詞,一般,*,*,*,*,方案,ホウアン,ホーアン	true	1
国民 :	名詞,一般,*,*,*,*,国民,コクミン,コクミン	true	1
EDC :	名詞,一般,*,*,*,*,*	false	1
批准 :	名詞,サ変接続,*,*,*,*,批准,ヒジュン,ヒジュン	true	1
ECSC :	名詞,固有名詞,組織,*,*,*,*	false	1
外交 :	名詞,一般,*,*,*,*,外交,ガイコウ,ガイコー	true	1
新出 :	名詞,固有名詞,人名,姓,*,*,新出,ニイデ,ニーデ	true	1
共同 :	名詞,サ変接続,*,*,*,*,共同,キョウドウ,キョードー	true	1
）• :	名詞,サ変接続,*,*,*,*,*	false	1
外交 :	名詞,一般,*,*,*,*,外交,ガイコウ,ガイコー	true	2
共同 :	名詞,サ変接続,*,*,*,*,共同,キョウドウ,キョードー	true	2
原子 :	名詞,一般,*,*,*,*,原子,ゲンシ,ゲンシ	true	1
共同 :	名詞,サ変接続,*,*,*,*,共同,キョウドウ,キョードー	true	3
EEC :	名詞,固有名詞,組織,*,*,*,*	false	1
原子 :	名詞,一般,*,*,*,*,原子,ゲンシ,ゲンシ	true	2
共同 :	名詞,サ変接続,*,*,*,*,共同,キョウドウ,キョードー	true	4
ページ: 8 -----
<slide page="8"><body><p>2. Euratom（欧洲原子能共同体）• EDC/EPC遇挫后，莫奈的欧洲统一方案• ·ECSC（煤炭钢铁）→Euratom（原子能）• ·“德国问题”煤炭钢铁问题→核管理问题• ·Euratom：欧洲原子能产业的共同所有（原子能发电设备和铀燃料）美国→限定浓缩铀供给（核不扩散）╳ 欧（法）—共同建设浓缩工场• ·艾森豪威尔的“为了和平的原子能”构想</p></body></slide>
in Sheet Class, page: 8
title = ""
body = "<p>2. Euratom（欧洲原子能共同体）• EDC/EPC遇挫后，莫奈的欧洲统一方案• ·ECSC（煤炭钢铁）→Euratom（原子能）• ·“德国问题”煤炭钢铁问题→核管理问题• ·Euratom：欧洲原子能产业的共同所有（原子能发电设备和铀燃料）美国→限定浓缩铀供给（核不扩散）╳ 欧（法）—共同建设浓缩工场• ·艾森豪威尔的“为了和平的原子能”构想</p>"
makeWordArrayJp
paragraph: 2. Euratom（欧洲原子能共同体）• EDC/EPC遇挫后，莫奈的欧洲统一方案• ·ECSC（煤炭钢铁）→Euratom（原子能）• ·“德国问题”煤炭钢铁问题→核管理问题• ·Euratom：欧洲原子能产业的共同所有（原子能发电设备和铀燃料）美国→限定浓缩铀供给（核不扩散）╳ 欧（法）—共同建设浓缩工场• ·艾森豪威尔的“为了和平的原子能”构想
Euratom :	名詞,固有名詞,組織,*,*,*,*	false	1
原子 :	名詞,一般,*,*,*,*,原子,ゲンシ,ゲンシ	true	1
共同 :	名詞,サ変接続,*,*,*,*,共同,キョウドウ,キョードー	true	1
EDC :	名詞,固有名詞,組織,*,*,*,*	false	1
EPC :	名詞,一般,*,*,*,*,*	false	1
方案 :	名詞,一般,*,*,*,*,方案,ホウアン,ホーアン	true	1
ECSC :	名詞,一般,*,*,*,*,*	false	1
Euratom :	名詞,固有名詞,組織,*,*,*,*	false	2
原子 :	名詞,一般,*,*,*,*,原子,ゲンシ,ゲンシ	true	2
）• :	名詞,サ変接続,*,*,*,*,*	false	1
·“ :	名詞,サ変接続,*,*,*,*,*	false	1
管理 :	名詞,サ変接続,*,*,*,*,管理,カンリ,カンリ	true	1
Euratom :	名詞,一般,*,*,*,*,*	false	3
原子 :	名詞,一般,*,*,*,*,原子,ゲンシ,ゲンシ	true	3
共同 :	名詞,サ変接続,*,*,*,*,共同,キョウドウ,キョードー	true	2
所有 :	名詞,サ変接続,*,*,*,*,所有,ショユウ,ショユー	true	1
原子 :	名詞,一般,*,*,*,*,原子,ゲンシ,ゲンシ	true	4
燃料 :	名詞,一般,*,*,*,*,燃料,ネンリョウ,ネンリョー	true	1
美国 :	名詞,固有名詞,地域,一般,*,*,美国,ビクニ,ビクニ	true	1
限定 :	名詞,サ変接続,*,*,*,*,限定,ゲンテイ,ゲンテイ	true	1
）╳ :	名詞,サ変接続,*,*,*,*,*	false	1
共同 :	名詞,サ変接続,*,*,*,*,共同,キョウドウ,キョードー	true	3
和平 :	名詞,一般,*,*,*,*,和平,ワヘイ,ワヘイ	true	1
原子 :	名詞,一般,*,*,*,*,原子,ゲンシ,ゲンシ	true	5
ページ: 9 -----
<slide page="9"><body><p>3. 麦克米伦构想╳ 斯派克路线•苏伊士危机后，英国建立麦克米伦政权• ·麦克米伦—英国主导新的欧洲统一构想• Plan G — 英联邦形式的缓和型FTA（自由贸易圈）╳ EEC（区域内关税同盟）• FTA交涉（罗马条约6国 ╳ Plan G 7国）• 1958年底分裂• 1960.5 欧洲自由贸易联盟EFTA 7国发起</p></body></slide>
in Sheet Class, page: 9
title = ""
body = "<p>3. 麦克米伦构想╳ 斯派克路线•苏伊士危机后，英国建立麦克米伦政权• ·麦克米伦—英国主导新的欧洲统一构想• Plan G — 英联邦形式的缓和型FTA（自由贸易圈）╳ EEC（区域内关税同盟）• FTA交涉（罗马条约6国 ╳ Plan G 7国）• 1958年底分裂• 1960.5 欧洲自由贸易联盟EFTA 7国发起</p>"
makeWordArrayJp
paragraph: 3. 麦克米伦构想╳ 斯派克路线•苏伊士危机后，英国建立麦克米伦政权• ·麦克米伦—英国主导新的欧洲统一构想• Plan G — 英联邦形式的缓和型FTA（自由贸易圈）╳ EEC（区域内关税同盟）• FTA交涉（罗马条约6国 ╳ Plan G 7国）• 1958年底分裂• 1960.5 欧洲自由贸易联盟EFTA 7国发起
英国 :	名詞,固有名詞,地域,国,*,*,英国,エイコク,エイコク	true	1
建立 :	名詞,サ変接続,*,*,*,*,建立,コンリュウ,コンリュー	true	1
英国 :	名詞,固有名詞,地域,国,*,*,英国,エイコク,エイコク	true	2
Plan :	名詞,固有名詞,組織,*,*,*,*	false	1
形式 :	名詞,一般,*,*,*,*,形式,ケイシキ,ケイシキ	true	1
FTA :	名詞,一般,*,*,*,*,*	false	1
自由 :	名詞,形容動詞語幹,*,*,*,*,自由,ジユウ,ジユー	true	1
）╳ :	名詞,サ変接続,*,*,*,*,*	false	1
EEC :	名詞,固有名詞,組織,*,*,*,*	false	1
区域 :	名詞,一般,*,*,*,*,区域,クイキ,クイキ	true	1
同盟 :	名詞,サ変接続,*,*,*,*,同盟,ドウメイ,ドーメイ	true	1
）• :	名詞,サ変接続,*,*,*,*,*	false	1
FTA :	名詞,固有名詞,組織,*,*,*,*	false	2
Plan :	名詞,固有名詞,組織,*,*,*,*	false	2
分裂 :	名詞,サ変接続,*,*,*,*,分裂,ブンレツ,ブンレツ	true	1
自由 :	名詞,形容動詞語幹,*,*,*,*,自由,ジユウ,ジユー	true	2
EFTA :	名詞,一般,*,*,*,*,*	false	1
ページ: 10 -----
<slide page="10"><body><p>4. 戴高乐政权开始•苏伊士入侵失败与阿尔及利亚危机 → 戴高乐政权（第5共和政权）开始•与莫奈的超国家统一路线不同的“欧洲人的欧洲”构想•实际上的美英法三头政治论•德国阿登纳首相与戴高乐合作（向巴黎-波恩轴心方向发展）</p></body></slide>
in Sheet Class, page: 10
title = ""
body = "<p>4. 戴高乐政权开始•苏伊士入侵失败与阿尔及利亚危机 → 戴高乐政权（第5共和政权）开始•与莫奈的超国家统一路线不同的“欧洲人的欧洲”构想•实际上的美英法三头政治论•德国阿登纳首相与戴高乐合作（向巴黎-波恩轴心方向发展）</p>"
makeWordArrayJp
paragraph: 4. 戴高乐政权开始•苏伊士入侵失败与阿尔及利亚危机 → 戴高乐政权（第5共和政权）开始•与莫奈的超国家统一路线不同的“欧洲人的欧洲”构想•实际上的美英法三头政治论•德国阿登纳首相与戴高乐合作（向巴黎-波恩轴心方向发展）
共和 :	名詞,一般,*,*,*,*,共和,キョウワ,キョーワ	true	1
国家 :	名詞,一般,*,*,*,*,国家,コッカ,コッカ	true	1
一路 :	名詞,一般,*,*,*,*,一路,イチロ,イチロ	true	1
不同 :	名詞,一般,*,*,*,*,不同,フドウ,フドー	true	1
人的 :	名詞,形容動詞語幹,*,*,*,*,人的,ジンテキ,ジンテキ	true	1
美英 :	名詞,固有名詞,人名,名,*,*,美英,ミエ,ミエ	true	1
政治 :	名詞,一般,*,*,*,*,政治,セイジ,セイジ	true	1
首相 :	名詞,一般,*,*,*,*,首相,シュショウ,シュショー	true	1
合作 :	名詞,サ変接続,*,*,*,*,合作,ガッサク,ガッサク	true	1
方向 :	名詞,一般,*,*,*,*,方向,ホウコウ,ホーコー	true	1
ページ: 11 -----
<slide page="11"><body><p>[3] 美国的欧洲统一战略—第二个转折的前夜•英国 麦克米伦政权 苏伊士危机后大英帝国的重新编制•法国 戴高乐政权   “三头政治论”•西德 阿登纳政权   导致第二次柏林危机的核危机•两个课题•①安全保障—核管理问题—法德的核限制力要求—英国核限制力的位置•②经济—欧洲区域内·美欧之间的通商交涉•焦点ー是英国的EEC加盟问题</p></body></slide>
in Sheet Class, page: 11
title = ""
body = "<p>[3] 美国的欧洲统一战略—第二个转折的前夜•英国 麦克米伦政权 苏伊士危机后大英帝国的重新编制•法国 戴高乐政权   “三头政治论”•西德 阿登纳政权   导致第二次柏林危机的核危机•两个课题•①安全保障—核管理问题—法德的核限制力要求—英国核限制力的位置•②经济—欧洲区域内·美欧之间的通商交涉•焦点ー是英国的EEC加盟问题</p>"
makeWordArrayJp
paragraph: [3] 美国的欧洲统一战略—第二个转折的前夜•英国 麦克米伦政权 苏伊士危机后大英帝国的重新编制•法国 戴高乐政权   “三头政治论”•西德 阿登纳政权   导致第二次柏林危机的核危机•两个课题•①安全保障—核管理问题—法德的核限制力要求—英国核限制力的位置•②经济—欧洲区域内·美欧之间的通商交涉•焦点ー是英国的EEC加盟问题
美国 :	名詞,固有名詞,地域,一般,*,*,美国,ビクニ,ビクニ	true	1
前夜 :	名詞,副詞可能,*,*,*,*,前夜,ゼンヤ,ゼンヤ	true	1
英国 :	名詞,固有名詞,地域,国,*,*,英国,エイコク,エイコク	true	1
帝国 :	名詞,一般,*,*,*,*,帝国,テイコク,テイコク	true	1
政治 :	名詞,一般,*,*,*,*,政治,セイジ,セイジ	true	1
•① :	名詞,サ変接続,*,*,*,*,*	false	1
安全 :	名詞,形容動詞語幹,*,*,*,*,安全,アンゼン,アンゼン	true	1
保障 :	名詞,サ変接続,*,*,*,*,保障,ホショウ,ホショー	true	1
管理 :	名詞,サ変接続,*,*,*,*,管理,カンリ,カンリ	true	1
要求 :	名詞,サ変接続,*,*,*,*,要求,ヨウキュウ,ヨーキュー	true	1
英国 :	名詞,固有名詞,地域,国,*,*,英国,エイコク,エイコク	true	2
位置 :	名詞,サ変接続,*,*,*,*,位置,イチ,イチ	true	1
•② :	名詞,サ変接続,*,*,*,*,*	false	1
区域 :	名詞,一般,*,*,*,*,区域,クイキ,クイキ	true	1
通商 :	名詞,サ変接続,*,*,*,*,通商,ツウショウ,ツーショー	true	1
焦点 :	名詞,一般,*,*,*,*,焦点,ショウテン,ショーテン	true	1
英国 :	名詞,固有名詞,地域,国,*,*,英国,エイコク,エイコク	true	3
EEC :	名詞,一般,*,*,*,*,*	false	1
加盟 :	名詞,サ変接続,*,*,*,*,加盟,カメイ,カメイ	true	1
ページ: 12 -----
<slide page="12"><body><p>美国的战略                         欧洲联盟(1) FDR政权的战后构想（BW计划）(2) 马歇尔计划(3) X论文与凯南的遏制构想                                     ECSC(4) 艾奇逊·尼采与NSC68路线                                  EPU(5) JF杜勒斯的新观念战略                                   EDC   斯派克报告(6) 鲍伊构想                                                         欧洲原子能共同体(7) 艾奇逊与NSAM40     </p></body></slide>
in Sheet Class, page: 12
title = ""
body = "<p>美国的战略                         欧洲联盟(1) FDR政权的战后构想（BW计划）(2) 马歇尔计划(3) X论文与凯南的遏制构想                                     ECSC(4) 艾奇逊·尼采与NSC68路线                                  EPU(5) JF杜勒斯的新观念战略                                   EDC   斯派克报告(6) 鲍伊构想                                                         欧洲原子能共同体(7) 艾奇逊与NSAM40     </p>"
makeWordArrayJp
paragraph: 美国的战略                         欧洲联盟(1) FDR政权的战后构想（BW计划）(2) 马歇尔计划(3) X论文与凯南的遏制构想                                     ECSC(4) 艾奇逊·尼采与NSC68路线                                  EPU(5) JF杜勒斯的新观念战略                                   EDC   斯派克报告(6) 鲍伊构想                                                         欧洲原子能共同体(7) 艾奇逊与NSAM40     
美国 :	名詞,固有名詞,地域,一般,*,*,美国,ビクニ,ビクニ	true	1
FDR :	名詞,固有名詞,組織,*,*,*,*	false	1
BW :	名詞,固有名詞,組織,*,*,*,*	false	1
）( :	名詞,サ変接続,*,*,*,*,*	false	1
ECSC :	名詞,固有名詞,組織,*,*,*,*	false	1
NSC :	名詞,一般,*,*,*,*,*	false	1
EPU :	名詞,固有名詞,組織,*,*,*,*	false	1
JF :	名詞,固有名詞,組織,*,*,*,*	false	1
EDC :	名詞,固有名詞,組織,*,*,*,*	false	1
原子 :	名詞,一般,*,*,*,*,原子,ゲンシ,ゲンシ	true	1
共同 :	名詞,サ変接続,*,*,*,*,共同,キョウドウ,キョードー	true	1
NSAM :	名詞,一般,*,*,*,*,*	false	1
ページ: 13 -----
<slide page="13"><body><p>下周计划６月１３日 肯尼迪・约翰逊政権课本　第６章　戴高乐对大西洋共同体框架的挑战1960-70年(p.55-76) 过去课程的ppt　経済学部HP→教員介绍→坂出健</p></body></slide>
in Sheet Class, page: 13
title = ""
body = "<p>下周计划６月１３日 肯尼迪・约翰逊政権课本　第６章　戴高乐对大西洋共同体框架的挑战1960-70年(p.55-76) 过去课程的ppt　経済学部HP→教員介绍→坂出健</p>"
makeWordArrayJp
paragraph: 下周计划６月１３日 肯尼迪・约翰逊政権课本　第６章　戴高乐对大西洋共同体框架的挑战1960-70年(p.55-76) 过去课程的ppt　経済学部HP→教員介绍→坂出健
６月 :	名詞,副詞可能,*,*,*,*,６月,ロクガツ,ロクガツ	true	1
政権 :	名詞,一般,*,*,*,*,政権,セイケン,セイケン	true	1
大西洋 :	名詞,固有名詞,地域,一般,*,*,大西洋,タイセイヨウ,タイセイヨー	true	1
共同 :	名詞,サ変接続,*,*,*,*,共同,キョウドウ,キョードー	true	1
ppt :	名詞,一般,*,*,*,*,*	false	1
経済 :	名詞,一般,*,*,*,*,経済,ケイザイ,ケイザイ	true	1
学部 :	名詞,一般,*,*,*,*,学部,ガクブ,ガクブ	true	1
HP :	名詞,一般,*,*,*,*,*	false	1
教員 :	名詞,一般,*,*,*,*,教員,キョウイン,キョーイン	true	1
坂出 :	名詞,固有名詞,人名,姓,*,*,坂出,サカイデ,サカイデ	true	1
