filename: CEAEH200609
xmlFile: /Users/admin/ocwslidedata/ocw.kyoto-u.ac.jp/005-004-（〜2010年）欧米経済史/CEAEH200609/slide.xml
dir: /Users/admin/ocwslidedata/ocw.kyoto-u.ac.jp/005-004-（〜2010年）欧米経済史/CEAEH200609
XML:
<presentation language="ja"><slide page="1"><body><p>欧美经济史 （坂出）2006.6.20第9回 约翰逊政权（1960年代后半期）课本 第7章 欧洲经济对大西洋共同体框架的挑战1945-72年（p.77-90）</p></body></slide><slide page="2"><body><p>本周的讲义1.从两种相互对立的构想到美英德合作2.法国脱离NATO军事机构（1966年）3.美德offset交涉4.尼克松 基辛格外交的課題</p></body></slide><slide page="3"><body><p>美国推进欧洲统一的各种动机（隆德斯塔德）</p></body></slide><slide page="4"><body><p>美国推进欧洲统一的各种动机（隆德斯塔德）(1)美国模式联邦主义・民主主義・市场</p></body></slide><slide page="5"><body><p>美国推进欧洲统一的各种动机（隆德斯塔德）(1)美国模式联邦主义・民主主義・市场(2)更合理更有效的欧洲模式</p></body></slide><slide page="6"><body><p>美国推进欧洲统一的各种动机（隆德斯塔德）(1)美国模式联邦主义・民主主義・市场(2)更合理更有效的欧洲模式(3)美国的責任分担的减轻</p></body></slide><slide page="7"><body><p>美国推进欧洲统一的各种动机（隆德斯塔德）(1)美国模式联邦主义・民主主義・市场(2)更合理更有效的欧洲模式(3)美国的責任分担的减轻(4)苏联遏制政策</p></body></slide><slide page="8"><body><p>美国推进欧洲统一的各种动机（隆德斯塔德）(1)美国模式联邦主义・民主主義・市场(2)更合理更有效的欧洲模式(3)美国的責任分担的减轻(4)苏联遏制政策(5)德国遏制政策　「二重遏制」ー德国中立化的危机ー法德和解</p></body></slide><slide page="9"><body><p>[1]法国脱离NATO军事机构（1966年）（１）法国脱离NATO军事机构• 1966.2 戴高乐的改革方案（由美英法进行核管理）• 1966.3 戴高乐、通知单方面从NATO军事机构脱离的方针• 1966.6 戴高乐访苏→法苏联盟• 1966.7 法军、从NATO军事机构脱离</p></body></slide><slide page="10"><body><p>（２）英国申请加盟EEC（第二次）• 1967.5.10 威尔逊首相申请加盟•数天后，戴高乐会见记者“（英国的加盟）将导致大西洋圈的形成，将会使欧洲大陆失去它真正的独立性”（否决加盟）</p></body></slide><slide page="11"><body><p>[2]美德offset交涉（1）责任分担（burden-sharing）论•（之后的）曼斯菲尔德提案（要求撤离在欧美军）• ·欧洲没有履行对苏防卫的责任（美国过大负担）→国际收支赤字• ·要求撤离在欧美军←孤立主义• ·→德国应负担在欧军费• ·预计法国将脱离NATO军事机构，美英德最为重要的交涉</p></body></slide><slide page="12"><body><p>（2)美国的国际收支（単位:100万$）-30,000-22,500-15,000-7,50007,50015,00022,50030,00054 55 56 57 58 59 60 61 62 63 64 65 66 67 68 69 70 71国際収支 軍事支出 外貨準備</p></body></slide><slide page="13"><body><p>（3） 由于美元不足引起的美元危机•时期界定 美元不足→交换性恢复（1958年）→美元过剩•美元不足（1946-49年）•①美国国际收支的小幅赤字（1950-57年）•②美国国际收支赤字大幅增加（1958-67年）•③美元基础性不均衡（1968年ー）</p></body></slide><slide page="14"><body><p>(4)美国的国际收支赤字•①政府裁定项目（军事支出·对外援助）②民间的对外直接投资• 1960年代—美国—国际收支为赤字，但是国内还是进行新经济战略，依靠企业减税和积极财政来带动经济增长，对外有越南战争等对外军事支出</p></body></slide><slide page="15"><body><p>(5)美德offset（驻莱茵军费）交涉• 1957.6.7(1957.5-1958.5.5)-3.25亿DM• 1961.10.24(1961.7-63.6)-57亿DM(14.25亿$)• 1962.9.14(63.7-65.6)-56亿DM(14亿$)• 1964.5.11(65.7-67.6)-13.5亿$+31.4亿DM(购买军用品)• 1966.11 艾哈德政权→基辛格政权• 1967.4.28(67.7-68.6)-美国国债20亿DM</p></body></slide><slide page="16"><body><p>(6) 美德offset交涉• Hubert Zimmermann, Money and Security (2002).•军费交涉ー购入美国产的兵器→德中央银行购入美国国债（1967年）• 1970年代—石油美元的回流问题• 1980年代—日美政策协调• 2000年代—人民币问题•由同盟国支撑的美国体制支持成本的构造发展軍費交渉</p></body></slide><slide page="17"><body><p>[3]尼克松＝基辛格外交的课题•国际收支·货币问题•能源问题•欧洲的“独立性”问题•英国加盟EEC(1973年欧洲之年)国際収支・通貨問題</p></body></slide><slide page="18"><body><p>4-2 下周计划７月４日 尼克松政権 从1960年代末到1970年代前半期第８章　尼克松＝基辛格重新审视欧洲1969-76年(p.91-98)第１０章　美国的支持对于欧洲统一重要吗？７月１１日 讲义的总结课本１１～１３章</p></body></slide></presentation>
ページ: 1 -----
<slide page="1"><body><p>欧美经济史 （坂出）2006.6.20第9回 约翰逊政权（1960年代后半期）课本 第7章 欧洲经济对大西洋共同体框架的挑战1945-72年（p.77-90）</p></body></slide>
in Sheet Class, page: 1
title = ""
body = "<p>欧美经济史 （坂出）2006.6.20第9回 约翰逊政权（1960年代后半期）课本 第7章 欧洲经济对大西洋共同体框架的挑战1945-72年（p.77-90）</p>"
makeWordArrayJp
paragraph: 欧美经济史 （坂出）2006.6.20第9回 约翰逊政权（1960年代后半期）课本 第7章 欧洲经济对大西洋共同体框架的挑战1945-72年（p.77-90）
坂出 :	名詞,固有名詞,人名,姓,*,*,坂出,サカイデ,サカイデ	true	1
年代 :	名詞,接尾,助数詞,*,*,*,年代,ネンダイ,ネンダイ	true	1
半期 :	名詞,一般,*,*,*,*,半期,ハンキ,ハンキ	true	1
大西洋 :	名詞,固有名詞,地域,一般,*,*,大西洋,タイセイヨウ,タイセイヨー	true	1
共同 :	名詞,サ変接続,*,*,*,*,共同,キョウドウ,キョードー	true	1
ページ: 2 -----
<slide page="2"><body><p>本周的讲义1.从两种相互对立的构想到美英德合作2.法国脱离NATO军事机构（1966年）3.美德offset交涉4.尼克松 基辛格外交的課題</p></body></slide>
in Sheet Class, page: 2
title = ""
body = "<p>本周的讲义1.从两种相互对立的构想到美英德合作2.法国脱离NATO军事机构（1966年）3.美德offset交涉4.尼克松 基辛格外交的課題</p>"
makeWordArrayJp
paragraph: 本周的讲义1.从两种相互对立的构想到美英德合作2.法国脱离NATO军事机构（1966年）3.美德offset交涉4.尼克松 基辛格外交的課題
相互 :	名詞,一般,*,*,*,*,相互,ソウゴ,ソーゴ	true	1
想到 :	名詞,サ変接続,*,*,*,*,想到,ソウトウ,ソートー	true	1
美英 :	名詞,固有名詞,人名,名,*,*,美英,ミエ,ミエ	true	1
合作 :	名詞,サ変接続,*,*,*,*,合作,ガッサク,ガッサク	true	1
NATO :	名詞,一般,*,*,*,*,*	false	1
offset :	名詞,一般,*,*,*,*,*	false	1
外交 :	名詞,一般,*,*,*,*,外交,ガイコウ,ガイコー	true	1
課題 :	名詞,一般,*,*,*,*,課題,カダイ,カダイ	true	1
ページ: 3 -----
<slide page="3"><body><p>美国推进欧洲统一的各种动机（隆德斯塔德）</p></body></slide>
in Sheet Class, page: 3
title = ""
body = "<p>美国推进欧洲统一的各种动机（隆德斯塔德）</p>"
makeWordArrayJp
paragraph: 美国推进欧洲统一的各种动机（隆德斯塔德）
美国 :	名詞,固有名詞,地域,一般,*,*,美国,ビクニ,ビクニ	true	1
ページ: 4 -----
<slide page="4"><body><p>美国推进欧洲统一的各种动机（隆德斯塔德）(1)美国模式联邦主义・民主主義・市场</p></body></slide>
in Sheet Class, page: 4
title = ""
body = "<p>美国推进欧洲统一的各种动机（隆德斯塔德）(1)美国模式联邦主义・民主主義・市场</p>"
makeWordArrayJp
paragraph: 美国推进欧洲统一的各种动机（隆德斯塔德）(1)美国模式联邦主义・民主主義・市场
美国 :	名詞,固有名詞,地域,一般,*,*,美国,ビクニ,ビクニ	true	1
）( :	名詞,サ変接続,*,*,*,*,*	false	1
美国 :	名詞,固有名詞,地域,一般,*,*,美国,ビクニ,ビクニ	true	2
民主 :	名詞,一般,*,*,*,*,民主,ミンシュ,ミンシュ	true	1
主義 :	名詞,一般,*,*,*,*,主義,シュギ,シュギ	true	1
ページ: 5 -----
<slide page="5"><body><p>美国推进欧洲统一的各种动机（隆德斯塔德）(1)美国模式联邦主义・民主主義・市场(2)更合理更有效的欧洲模式</p></body></slide>
in Sheet Class, page: 5
title = ""
body = "<p>美国推进欧洲统一的各种动机（隆德斯塔德）(1)美国模式联邦主义・民主主義・市场(2)更合理更有效的欧洲模式</p>"
makeWordArrayJp
paragraph: 美国推进欧洲统一的各种动机（隆德斯塔德）(1)美国模式联邦主义・民主主義・市场(2)更合理更有效的欧洲模式
美国 :	名詞,固有名詞,地域,一般,*,*,美国,ビクニ,ビクニ	true	1
）( :	名詞,サ変接続,*,*,*,*,*	false	1
美国 :	名詞,固有名詞,地域,一般,*,*,美国,ビクニ,ビクニ	true	2
民主 :	名詞,一般,*,*,*,*,民主,ミンシュ,ミンシュ	true	1
主義 :	名詞,一般,*,*,*,*,主義,シュギ,シュギ	true	1
合理 :	名詞,一般,*,*,*,*,合理,ゴウリ,ゴーリ	true	1
ページ: 6 -----
<slide page="6"><body><p>美国推进欧洲统一的各种动机（隆德斯塔德）(1)美国模式联邦主义・民主主義・市场(2)更合理更有效的欧洲模式(3)美国的責任分担的减轻</p></body></slide>
in Sheet Class, page: 6
title = ""
body = "<p>美国推进欧洲统一的各种动机（隆德斯塔德）(1)美国模式联邦主义・民主主義・市场(2)更合理更有效的欧洲模式(3)美国的責任分担的减轻</p>"
makeWordArrayJp
paragraph: 美国推进欧洲统一的各种动机（隆德斯塔德）(1)美国模式联邦主义・民主主義・市场(2)更合理更有效的欧洲模式(3)美国的責任分担的减轻
美国 :	名詞,固有名詞,地域,一般,*,*,美国,ビクニ,ビクニ	true	1
）( :	名詞,サ変接続,*,*,*,*,*	false	1
美国 :	名詞,固有名詞,地域,一般,*,*,美国,ビクニ,ビクニ	true	2
民主 :	名詞,一般,*,*,*,*,民主,ミンシュ,ミンシュ	true	1
主義 :	名詞,一般,*,*,*,*,主義,シュギ,シュギ	true	1
合理 :	名詞,一般,*,*,*,*,合理,ゴウリ,ゴーリ	true	1
美国 :	名詞,固有名詞,地域,一般,*,*,美国,ビクニ,ビクニ	true	3
責任 :	名詞,一般,*,*,*,*,責任,セキニン,セキニン	true	1
分担 :	名詞,サ変接続,*,*,*,*,分担,ブンタン,ブンタン	true	1
ページ: 7 -----
<slide page="7"><body><p>美国推进欧洲统一的各种动机（隆德斯塔德）(1)美国模式联邦主义・民主主義・市场(2)更合理更有效的欧洲模式(3)美国的責任分担的减轻(4)苏联遏制政策</p></body></slide>
in Sheet Class, page: 7
title = ""
body = "<p>美国推进欧洲统一的各种动机（隆德斯塔德）(1)美国模式联邦主义・民主主義・市场(2)更合理更有效的欧洲模式(3)美国的責任分担的减轻(4)苏联遏制政策</p>"
makeWordArrayJp
paragraph: 美国推进欧洲统一的各种动机（隆德斯塔德）(1)美国模式联邦主义・民主主義・市场(2)更合理更有效的欧洲模式(3)美国的責任分担的减轻(4)苏联遏制政策
美国 :	名詞,固有名詞,地域,一般,*,*,美国,ビクニ,ビクニ	true	1
）( :	名詞,サ変接続,*,*,*,*,*	false	1
美国 :	名詞,固有名詞,地域,一般,*,*,美国,ビクニ,ビクニ	true	2
民主 :	名詞,一般,*,*,*,*,民主,ミンシュ,ミンシュ	true	1
主義 :	名詞,一般,*,*,*,*,主義,シュギ,シュギ	true	1
合理 :	名詞,一般,*,*,*,*,合理,ゴウリ,ゴーリ	true	1
美国 :	名詞,固有名詞,地域,一般,*,*,美国,ビクニ,ビクニ	true	3
責任 :	名詞,一般,*,*,*,*,責任,セキニン,セキニン	true	1
分担 :	名詞,サ変接続,*,*,*,*,分担,ブンタン,ブンタン	true	1
政策 :	名詞,一般,*,*,*,*,政策,セイサク,セイサク	true	1
ページ: 8 -----
<slide page="8"><body><p>美国推进欧洲统一的各种动机（隆德斯塔德）(1)美国模式联邦主义・民主主義・市场(2)更合理更有效的欧洲模式(3)美国的責任分担的减轻(4)苏联遏制政策(5)德国遏制政策　「二重遏制」ー德国中立化的危机ー法德和解</p></body></slide>
in Sheet Class, page: 8
title = ""
body = "<p>美国推进欧洲统一的各种动机（隆德斯塔德）(1)美国模式联邦主义・民主主義・市场(2)更合理更有效的欧洲模式(3)美国的責任分担的减轻(4)苏联遏制政策(5)德国遏制政策　「二重遏制」ー德国中立化的危机ー法德和解</p>"
makeWordArrayJp
paragraph: 美国推进欧洲统一的各种动机（隆德斯塔德）(1)美国模式联邦主义・民主主義・市场(2)更合理更有效的欧洲模式(3)美国的責任分担的减轻(4)苏联遏制政策(5)德国遏制政策　「二重遏制」ー德国中立化的危机ー法德和解
美国 :	名詞,固有名詞,地域,一般,*,*,美国,ビクニ,ビクニ	true	1
）( :	名詞,サ変接続,*,*,*,*,*	false	1
美国 :	名詞,固有名詞,地域,一般,*,*,美国,ビクニ,ビクニ	true	2
民主 :	名詞,一般,*,*,*,*,民主,ミンシュ,ミンシュ	true	1
主義 :	名詞,一般,*,*,*,*,主義,シュギ,シュギ	true	1
合理 :	名詞,一般,*,*,*,*,合理,ゴウリ,ゴーリ	true	1
美国 :	名詞,固有名詞,地域,一般,*,*,美国,ビクニ,ビクニ	true	3
責任 :	名詞,一般,*,*,*,*,責任,セキニン,セキニン	true	1
分担 :	名詞,サ変接続,*,*,*,*,分担,ブンタン,ブンタン	true	1
政策 :	名詞,一般,*,*,*,*,政策,セイサク,セイサク	true	1
政策 :	名詞,一般,*,*,*,*,政策,セイサク,セイサク	true	2
中立 :	名詞,サ変接続,*,*,*,*,中立,チュウリツ,チューリツ	true	1
和解 :	名詞,サ変接続,*,*,*,*,和解,ワカイ,ワカイ	true	1
ページ: 9 -----
<slide page="9"><body><p>[1]法国脱离NATO军事机构（1966年）（１）法国脱离NATO军事机构• 1966.2 戴高乐的改革方案（由美英法进行核管理）• 1966.3 戴高乐、通知单方面从NATO军事机构脱离的方针• 1966.6 戴高乐访苏→法苏联盟• 1966.7 法军、从NATO军事机构脱离</p></body></slide>
in Sheet Class, page: 9
title = ""
body = "<p>[1]法国脱离NATO军事机构（1966年）（１）法国脱离NATO军事机构• 1966.2 戴高乐的改革方案（由美英法进行核管理）• 1966.3 戴高乐、通知单方面从NATO军事机构脱离的方针• 1966.6 戴高乐访苏→法苏联盟• 1966.7 法军、从NATO军事机构脱离</p>"
makeWordArrayJp
paragraph: [1]法国脱离NATO军事机构（1966年）（１）法国脱离NATO军事机构• 1966.2 戴高乐的改革方案（由美英法进行核管理）• 1966.3 戴高乐、通知单方面从NATO军事机构脱离的方针• 1966.6 戴高乐访苏→法苏联盟• 1966.7 法军、从NATO军事机构脱离
NATO :	名詞,一般,*,*,*,*,*	false	1
NATO :	名詞,一般,*,*,*,*,*	false	2
改革 :	名詞,サ変接続,*,*,*,*,改革,カイカク,カイカク	true	1
方案 :	名詞,一般,*,*,*,*,方案,ホウアン,ホーアン	true	1
由美 :	名詞,固有名詞,人名,名,*,*,由美,ユミ,ユミ	true	1
管理 :	名詞,サ変接続,*,*,*,*,管理,カンリ,カンリ	true	1
）• :	名詞,サ変接続,*,*,*,*,*	false	1
通知 :	名詞,サ変接続,*,*,*,*,通知,ツウチ,ツーチ	true	1
方面 :	名詞,一般,*,*,*,*,方面,ホウメン,ホーメン	true	1
NATO :	名詞,一般,*,*,*,*,*	false	3
NATO :	名詞,一般,*,*,*,*,*	false	4
ページ: 10 -----
<slide page="10"><body><p>（２）英国申请加盟EEC（第二次）• 1967.5.10 威尔逊首相申请加盟•数天后，戴高乐会见记者“（英国的加盟）将导致大西洋圈的形成，将会使欧洲大陆失去它真正的独立性”（否决加盟）</p></body></slide>
in Sheet Class, page: 10
title = ""
body = "<p>（２）英国申请加盟EEC（第二次）• 1967.5.10 威尔逊首相申请加盟•数天后，戴高乐会见记者“（英国的加盟）将导致大西洋圈的形成，将会使欧洲大陆失去它真正的独立性”（否决加盟）</p>"
makeWordArrayJp
paragraph: （２）英国申请加盟EEC（第二次）• 1967.5.10 威尔逊首相申请加盟•数天后，戴高乐会见记者“（英国的加盟）将导致大西洋圈的形成，将会使欧洲大陆失去它真正的独立性”（否决加盟）
英国 :	名詞,固有名詞,地域,国,*,*,英国,エイコク,エイコク	true	1
加盟 :	名詞,サ変接続,*,*,*,*,加盟,カメイ,カメイ	true	1
EEC :	名詞,一般,*,*,*,*,*	false	1
首相 :	名詞,一般,*,*,*,*,首相,シュショウ,シュショー	true	1
加盟 :	名詞,サ変接続,*,*,*,*,加盟,カメイ,カメイ	true	2
英国 :	名詞,固有名詞,地域,国,*,*,英国,エイコク,エイコク	true	2
加盟 :	名詞,サ変接続,*,*,*,*,加盟,カメイ,カメイ	true	3
大西洋 :	名詞,固有名詞,地域,一般,*,*,大西洋,タイセイヨウ,タイセイヨー	true	1
形成 :	名詞,サ変接続,*,*,*,*,形成,ケイセイ,ケイセイ	true	1
真正 :	名詞,一般,*,*,*,*,真正,シンセイ,シンセイ	true	1
独立 :	名詞,サ変接続,*,*,*,*,独立,ドクリツ,ドクリツ	true	1
加盟 :	名詞,サ変接続,*,*,*,*,加盟,カメイ,カメイ	true	4
ページ: 11 -----
<slide page="11"><body><p>[2]美德offset交涉（1）责任分担（burden-sharing）论•（之后的）曼斯菲尔德提案（要求撤离在欧美军）• ·欧洲没有履行对苏防卫的责任（美国过大负担）→国际收支赤字• ·要求撤离在欧美军←孤立主义• ·→德国应负担在欧军费• ·预计法国将脱离NATO军事机构，美英德最为重要的交涉</p></body></slide>
in Sheet Class, page: 11
title = ""
body = "<p>[2]美德offset交涉（1）责任分担（burden-sharing）论•（之后的）曼斯菲尔德提案（要求撤离在欧美军）• ·欧洲没有履行对苏防卫的责任（美国过大负担）→国际收支赤字• ·要求撤离在欧美军←孤立主义• ·→德国应负担在欧军费• ·预计法国将脱离NATO军事机构，美英德最为重要的交涉</p>"
makeWordArrayJp
paragraph: [2]美德offset交涉（1）责任分担（burden-sharing）论•（之后的）曼斯菲尔德提案（要求撤离在欧美军）• ·欧洲没有履行对苏防卫的责任（美国过大负担）→国际收支赤字• ·要求撤离在欧美军←孤立主义• ·→德国应负担在欧军费• ·预计法国将脱离NATO军事机构，美英德最为重要的交涉
offset :	名詞,一般,*,*,*,*,*	false	1
分担 :	名詞,サ変接続,*,*,*,*,分担,ブンタン,ブンタン	true	1
burden :	名詞,固有名詞,組織,*,*,*,*	false	1
sharing :	名詞,固有名詞,組織,*,*,*,*	false	1
•（ :	名詞,サ変接続,*,*,*,*,*	false	1
提案 :	名詞,サ変接続,*,*,*,*,提案,テイアン,テイアン	true	1
要求 :	名詞,サ変接続,*,*,*,*,要求,ヨウキュウ,ヨーキュー	true	1
）• :	名詞,サ変接続,*,*,*,*,*	false	1
履行 :	名詞,サ変接続,*,*,*,*,履行,リコウ,リコー	true	1
美国 :	名詞,固有名詞,地域,一般,*,*,美国,ビクニ,ビクニ	true	1
赤字 :	名詞,一般,*,*,*,*,赤字,アカジ,アカジ	true	1
要求 :	名詞,サ変接続,*,*,*,*,要求,ヨウキュウ,ヨーキュー	true	2
孤立 :	名詞,サ変接続,*,*,*,*,孤立,コリツ,コリツ	true	1
·→ :	名詞,サ変接続,*,*,*,*,*	false	1
NATO :	名詞,一般,*,*,*,*,*	false	1
美英 :	名詞,固有名詞,人名,名,*,*,美英,ミエ,ミエ	true	1
重要 :	名詞,形容動詞語幹,*,*,*,*,重要,ジュウヨウ,ジューヨー	true	1
ページ: 12 -----
<slide page="12"><body><p>（2)美国的国际收支（単位:100万$）-30,000-22,500-15,000-7,50007,50015,00022,50030,00054 55 56 57 58 59 60 61 62 63 64 65 66 67 68 69 70 71国際収支 軍事支出 外貨準備</p></body></slide>
in Sheet Class, page: 12
title = ""
body = "<p>（2)美国的国际收支（単位:100万$）-30,000-22,500-15,000-7,50007,50015,00022,50030,00054 55 56 57 58 59 60 61 62 63 64 65 66 67 68 69 70 71国際収支 軍事支出 外貨準備</p>"
makeWordArrayJp
paragraph: （2)美国的国际收支（単位:100万$）-30,000-22,500-15,000-7,50007,50015,00022,50030,00054 55 56 57 58 59 60 61 62 63 64 65 66 67 68 69 70 71国際収支 軍事支出 外貨準備
美国 :	名詞,固有名詞,地域,一般,*,*,美国,ビクニ,ビクニ	true	1
単位 :	名詞,一般,*,*,*,*,単位,タンイ,タンイ	true	1
$）- :	名詞,サ変接続,*,*,*,*,*	false	1
国際 :	名詞,一般,*,*,*,*,国際,コクサイ,コクサイ	true	1
収支 :	名詞,一般,*,*,*,*,収支,シュウシ,シューシ	true	1
軍事 :	名詞,一般,*,*,*,*,軍事,グンジ,グンジ	true	1
支出 :	名詞,サ変接続,*,*,*,*,支出,シシュツ,シシュツ	true	1
外貨 :	名詞,一般,*,*,*,*,外貨,ガイカ,ガイカ	true	1
準備 :	名詞,サ変接続,*,*,*,*,準備,ジュンビ,ジュンビ	true	1
ページ: 13 -----
<slide page="13"><body><p>（3） 由于美元不足引起的美元危机•时期界定 美元不足→交换性恢复（1958年）→美元过剩•美元不足（1946-49年）•①美国国际收支的小幅赤字（1950-57年）•②美国国际收支赤字大幅增加（1958-67年）•③美元基础性不均衡（1968年ー）</p></body></slide>
in Sheet Class, page: 13
title = ""
body = "<p>（3） 由于美元不足引起的美元危机•时期界定 美元不足→交换性恢复（1958年）→美元过剩•美元不足（1946-49年）•①美国国际收支的小幅赤字（1950-57年）•②美国国际收支赤字大幅增加（1958-67年）•③美元基础性不均衡（1968年ー）</p>"
makeWordArrayJp
paragraph: （3） 由于美元不足引起的美元危机•时期界定 美元不足→交换性恢复（1958年）→美元过剩•美元不足（1946-49年）•①美国国际收支的小幅赤字（1950-57年）•②美国国际收支赤字大幅增加（1958-67年）•③美元基础性不均衡（1968年ー）
不足 :	名詞,サ変接続,*,*,*,*,不足,フソク,フソク	true	1
引起 :	名詞,一般,*,*,*,*,引起,インキ,インキ	true	1
不足 :	名詞,サ変接続,*,*,*,*,不足,フソク,フソク	true	2
不足 :	名詞,サ変接続,*,*,*,*,不足,フソク,フソク	true	3
•① :	名詞,サ変接続,*,*,*,*,*	false	1
美国 :	名詞,固有名詞,地域,一般,*,*,美国,ビクニ,ビクニ	true	1
小幅 :	名詞,一般,*,*,*,*,小幅,コハバ,コハバ	true	1
赤字 :	名詞,一般,*,*,*,*,赤字,アカジ,アカジ	true	1
•② :	名詞,サ変接続,*,*,*,*,*	false	1
美国 :	名詞,固有名詞,地域,一般,*,*,美国,ビクニ,ビクニ	true	2
赤字 :	名詞,一般,*,*,*,*,赤字,アカジ,アカジ	true	2
大幅 :	名詞,形容動詞語幹,*,*,*,*,大幅,オオハバ,オーハバ	true	1
•③ :	名詞,サ変接続,*,*,*,*,*	false	1
均衡 :	名詞,サ変接続,*,*,*,*,均衡,キンコウ,キンコー	true	1
ページ: 14 -----
<slide page="14"><body><p>(4)美国的国际收支赤字•①政府裁定项目（军事支出·对外援助）②民间的对外直接投资• 1960年代—美国—国际收支为赤字，但是国内还是进行新经济战略，依靠企业减税和积极财政来带动经济增长，对外有越南战争等对外军事支出</p></body></slide>
in Sheet Class, page: 14
title = ""
body = "<p>(4)美国的国际收支赤字•①政府裁定项目（军事支出·对外援助）②民间的对外直接投资• 1960年代—美国—国际收支为赤字，但是国内还是进行新经济战略，依靠企业减税和积极财政来带动经济增长，对外有越南战争等对外军事支出</p>"
makeWordArrayJp
paragraph: (4)美国的国际收支赤字•①政府裁定项目（军事支出·对外援助）②民间的对外直接投资• 1960年代—美国—国际收支为赤字，但是国内还是进行新经济战略，依靠企业减税和积极财政来带动经济增长，对外有越南战争等对外军事支出
美国 :	名詞,固有名詞,地域,一般,*,*,美国,ビクニ,ビクニ	true	1
赤字 :	名詞,一般,*,*,*,*,赤字,アカジ,アカジ	true	1
•① :	名詞,サ変接続,*,*,*,*,*	false	1
政府 :	名詞,一般,*,*,*,*,政府,セイフ,セイフ	true	1
裁定 :	名詞,サ変接続,*,*,*,*,裁定,サイテイ,サイテイ	true	1
支出 :	名詞,サ変接続,*,*,*,*,支出,シシュツ,シシュツ	true	1
援助 :	名詞,サ変接続,*,*,*,*,援助,エンジョ,エンジョ	true	1
）② :	名詞,サ変接続,*,*,*,*,*	false	1
直接 :	名詞,副詞可能,*,*,*,*,直接,チョクセツ,チョクセツ	true	1
年代 :	名詞,接尾,助数詞,*,*,*,年代,ネンダイ,ネンダイ	true	1
美国 :	名詞,固有名詞,地域,一般,*,*,美国,ビクニ,ビクニ	true	2
赤字 :	名詞,一般,*,*,*,*,赤字,アカジ,アカジ	true	2
国内 :	名詞,一般,*,*,*,*,国内,コクナイ,コクナイ	true	1
支出 :	名詞,サ変接続,*,*,*,*,支出,シシュツ,シシュツ	true	2
ページ: 15 -----
<slide page="15"><body><p>(5)美德offset（驻莱茵军费）交涉• 1957.6.7(1957.5-1958.5.5)-3.25亿DM• 1961.10.24(1961.7-63.6)-57亿DM(14.25亿$)• 1962.9.14(63.7-65.6)-56亿DM(14亿$)• 1964.5.11(65.7-67.6)-13.5亿$+31.4亿DM(购买军用品)• 1966.11 艾哈德政权→基辛格政权• 1967.4.28(67.7-68.6)-美国国债20亿DM</p></body></slide>
in Sheet Class, page: 15
title = ""
body = "<p>(5)美德offset（驻莱茵军费）交涉• 1957.6.7(1957.5-1958.5.5)-3.25亿DM• 1961.10.24(1961.7-63.6)-57亿DM(14.25亿$)• 1962.9.14(63.7-65.6)-56亿DM(14亿$)• 1964.5.11(65.7-67.6)-13.5亿$+31.4亿DM(购买军用品)• 1966.11 艾哈德政权→基辛格政权• 1967.4.28(67.7-68.6)-美国国债20亿DM</p>"
makeWordArrayJp
paragraph: (5)美德offset（驻莱茵军费）交涉• 1957.6.7(1957.5-1958.5.5)-3.25亿DM• 1961.10.24(1961.7-63.6)-57亿DM(14.25亿$)• 1962.9.14(63.7-65.6)-56亿DM(14亿$)• 1964.5.11(65.7-67.6)-13.5亿$+31.4亿DM(购买军用品)• 1966.11 艾哈德政权→基辛格政权• 1967.4.28(67.7-68.6)-美国国债20亿DM
offset :	名詞,一般,*,*,*,*,*	false	1
)- :	名詞,サ変接続,*,*,*,*,*	false	1
DM :	名詞,一般,*,*,*,*,*	false	1
)- :	名詞,サ変接続,*,*,*,*,*	false	2
DM :	名詞,一般,*,*,*,*,*	false	2
$)• :	名詞,サ変接続,*,*,*,*,*	false	1
)- :	名詞,サ変接続,*,*,*,*,*	false	3
DM :	名詞,一般,*,*,*,*,*	false	3
$)• :	名詞,サ変接続,*,*,*,*,*	false	2
)- :	名詞,サ変接続,*,*,*,*,*	false	4
$+ :	名詞,サ変接続,*,*,*,*,*	false	1
DM :	名詞,一般,*,*,*,*,*	false	4
用品 :	名詞,一般,*,*,*,*,用品,ヨウヒン,ヨーヒン	true	1
)• :	名詞,サ変接続,*,*,*,*,*	false	1
)- :	名詞,サ変接続,*,*,*,*,*	false	5
美国 :	名詞,固有名詞,地域,一般,*,*,美国,ビクニ,ビクニ	true	1
DM :	名詞,固有名詞,組織,*,*,*,*	false	5
ページ: 16 -----
<slide page="16"><body><p>(6) 美德offset交涉• Hubert Zimmermann, Money and Security (2002).•军费交涉ー购入美国产的兵器→德中央银行购入美国国债（1967年）• 1970年代—石油美元的回流问题• 1980年代—日美政策协调• 2000年代—人民币问题•由同盟国支撑的美国体制支持成本的构造发展軍費交渉</p></body></slide>
in Sheet Class, page: 16
title = ""
body = "<p>(6) 美德offset交涉• Hubert Zimmermann, Money and Security (2002).•军费交涉ー购入美国产的兵器→德中央银行购入美国国债（1967年）• 1970年代—石油美元的回流问题• 1980年代—日美政策协调• 2000年代—人民币问题•由同盟国支撑的美国体制支持成本的构造发展軍費交渉</p>"
makeWordArrayJp
paragraph: (6) 美德offset交涉• Hubert Zimmermann, Money and Security (2002).•军费交涉ー购入美国产的兵器→德中央银行购入美国国债（1967年）• 1970年代—石油美元的回流问题• 1980年代—日美政策协调• 2000年代—人民币问题•由同盟国支撑的美国体制支持成本的构造发展軍費交渉
offset :	名詞,一般,*,*,*,*,*	false	1
Hubert :	名詞,固有名詞,組織,*,*,*,*	false	1
Zimmermann :	名詞,固有名詞,組織,*,*,*,*	false	1
Money :	名詞,固有名詞,組織,*,*,*,*	false	1
and :	名詞,固有名詞,組織,*,*,*,*	false	1
Security :	名詞,固有名詞,組織,*,*,*,*	false	1
).• :	名詞,サ変接続,*,*,*,*,*	false	1
美国 :	名詞,固有名詞,地域,一般,*,*,美国,ビクニ,ビクニ	true	1
兵器 :	名詞,一般,*,*,*,*,兵器,ヘイキ,ヘイキ	true	1
中央 :	名詞,一般,*,*,*,*,中央,チュウオウ,チューオー	true	1
美国 :	名詞,固有名詞,地域,一般,*,*,美国,ビクニ,ビクニ	true	2
年代 :	名詞,接尾,助数詞,*,*,*,年代,ネンダイ,ネンダイ	true	1
石油 :	名詞,一般,*,*,*,*,石油,セキユ,セキユ	true	1
回流 :	名詞,一般,*,*,*,*,回流,カイリュウ,カイリュー	true	1
年代 :	名詞,接尾,助数詞,*,*,*,年代,ネンダイ,ネンダイ	true	2
政策 :	名詞,一般,*,*,*,*,政策,セイサク,セイサク	true	1
年代 :	名詞,接尾,助数詞,*,*,*,年代,ネンダイ,ネンダイ	true	3
人民 :	名詞,一般,*,*,*,*,人民,ジンミン,ジンミン	true	1
同盟 :	名詞,サ変接続,*,*,*,*,同盟,ドウメイ,ドーメイ	true	1
美国 :	名詞,固有名詞,地域,一般,*,*,美国,ビクニ,ビクニ	true	3
体制 :	名詞,一般,*,*,*,*,体制,タイセイ,タイセイ	true	1
支持 :	名詞,サ変接続,*,*,*,*,支持,シジ,シジ	true	1
成本 :	名詞,固有名詞,人名,姓,*,*,成本,ナリモト,ナリモト	true	1
軍費 :	名詞,一般,*,*,*,*,軍費,グンピ,グンピ	true	1
交渉 :	名詞,サ変接続,*,*,*,*,交渉,コウショウ,コーショー	true	1
ページ: 17 -----
<slide page="17"><body><p>[3]尼克松＝基辛格外交的课题•国际收支·货币问题•能源问题•欧洲的“独立性”问题•英国加盟EEC(1973年欧洲之年)国際収支・通貨問題</p></body></slide>
in Sheet Class, page: 17
title = ""
body = "<p>[3]尼克松＝基辛格外交的课题•国际收支·货币问题•能源问题•欧洲的“独立性”问题•英国加盟EEC(1973年欧洲之年)国際収支・通貨問題</p>"
makeWordArrayJp
paragraph: [3]尼克松＝基辛格外交的课题•国际收支·货币问题•能源问题•欧洲的“独立性”问题•英国加盟EEC(1973年欧洲之年)国際収支・通貨問題
外交 :	名詞,一般,*,*,*,*,外交,ガイコウ,ガイコー	true	1
独立 :	名詞,サ変接続,*,*,*,*,独立,ドクリツ,ドクリツ	true	1
英国 :	名詞,固有名詞,地域,国,*,*,英国,エイコク,エイコク	true	1
加盟 :	名詞,サ変接続,*,*,*,*,加盟,カメイ,カメイ	true	1
EEC :	名詞,一般,*,*,*,*,*	false	1
国際 :	名詞,一般,*,*,*,*,国際,コクサイ,コクサイ	true	1
収支 :	名詞,一般,*,*,*,*,収支,シュウシ,シューシ	true	1
通貨 :	名詞,一般,*,*,*,*,通貨,ツウカ,ツーカ	true	1
問題 :	名詞,ナイ形容詞語幹,*,*,*,*,問題,モンダイ,モンダイ	true	1
ページ: 18 -----
<slide page="18"><body><p>4-2 下周计划７月４日 尼克松政権 从1960年代末到1970年代前半期第８章　尼克松＝基辛格重新审视欧洲1969-76年(p.91-98)第１０章　美国的支持对于欧洲统一重要吗？７月１１日 讲义的总结课本１１～１３章</p></body></slide>
in Sheet Class, page: 18
title = ""
body = "<p>4-2 下周计划７月４日 尼克松政権 从1960年代末到1970年代前半期第８章　尼克松＝基辛格重新审视欧洲1969-76年(p.91-98)第１０章　美国的支持对于欧洲统一重要吗？７月１１日 讲义的总结课本１１～１３章</p>"
makeWordArrayJp
paragraph: 4-2 下周计划７月４日 尼克松政権 从1960年代末到1970年代前半期第８章　尼克松＝基辛格重新审视欧洲1969-76年(p.91-98)第１０章　美国的支持对于欧洲统一重要吗？７月１１日 讲义的总结课本１１～１３章
７月 :	名詞,副詞可能,*,*,*,*,７月,シチガツ,シチガツ	true	1
政権 :	名詞,一般,*,*,*,*,政権,セイケン,セイケン	true	1
年代 :	名詞,接尾,助数詞,*,*,*,年代,ネンダイ,ネンダイ	true	1
年代 :	名詞,接尾,助数詞,*,*,*,年代,ネンダイ,ネンダイ	true	2
前半 :	名詞,一般,*,*,*,*,前半,ゼンハン,ゼンハン	true	1
美国 :	名詞,固有名詞,地域,一般,*,*,美国,ビクニ,ビクニ	true	1
支持 :	名詞,サ変接続,*,*,*,*,支持,シジ,シジ	true	1
重要 :	名詞,形容動詞語幹,*,*,*,*,重要,ジュウヨウ,ジューヨー	true	1
７月 :	名詞,副詞可能,*,*,*,*,７月,シチガツ,シチガツ	true	2
