filename: CEAEH200605
xmlFile: /home/sakamoto/OCWData/ocw.kyoto-u.ac.jp/04-欧米経済史,（〜2010年）/CEAEH200605/slide.xml
dir: /home/sakamoto/OCWData/ocw.kyoto-u.ac.jp/04-欧米経済史,（〜2010年）/CEAEH200605
XML:
<presentation language="ja"><slide page="1"><body><p>欧美经济史 （坂出）2006.5.16第5回 第一届艾森豪威尔政权（1950年代后半期）课本 第5章 对于欧洲联盟大西洋共同体的构架1950-60年（p.39-54）</p></body></slide><slide page="2"><body><p>今天讲义的概要</p></body></slide><slide page="3"><body><p>今天讲义的概要(1)Introduction-长期政権的后继首席指名</p></body></slide><slide page="4"><body><p>今天讲义的概要(1)Introduction-长期政権的后继首席指名(2)凯南与PPS/55（上周的总结）</p></body></slide><slide page="5"><body><p>今天讲义的概要(1)Introduction-长期政権的后继首席指名(2)凯南与PPS/55（上周的总结）(3)从经济角度看待EPU</p></body></slide><slide page="6"><body><p>今天讲义的概要(1)Introduction-长期政権的后继首席指名(2)凯南与PPS/55（上周的总结）(3)从经济角度看待EPU(4)从经济角度看待ECSC</p></body></slide><slide page="7"><body><p>今天讲义的概要(1)Introduction-长期政権的后继首席指名(2)凯南与PPS/55（上周的总结）(3)从经济角度看待EPU(4)从经济角度看待ECSC(5)尼采与NSC-68</p></body></slide><slide page="8"><body><p>1. Introduction - 长期政権的后继首席阿登纳政権的1963年「１月危機」 阿登纳首相施特劳斯国防部长艾哈德外交部长施罗德外交部长法德合作条約（爱丽舍条約）大西洋同盟框架内的法德协调</p></body></slide><slide page="9"><body><p>source: en.wikipedia.org1. 凯南与PPS/55George F. Kennan (1904-2005)1933-37 莫斯科大使館勤務1944-　莫斯科大使館代理大使1946　「長文電報」1947 「X論文」Foreign Affairs『苏联的行動的源泉』马歇尔国務長官手下的政策企画室(Policy Planning Staff)長1949.12　PPS室長退任(後任为Paul H. Nitze）1953 国務省辞任1957　BBC里斯讲义</p></body></slide><slide page="10"><body><p>权利・中心論USUK中欧苏日“containment”DefenseIndustrialBase</p></body></slide><slide page="11"><body><p>权利・中心論USUK中欧苏日“containment”DefenseIndustrialBase</p></body></slide><slide page="12"><body><p>PPS/55(1949.7.7)の世界認識I.US/Canada II.UKIII.沿海部IV.中欧V.东方卫星国A. I-II-III-IV: 大西洋共同体B. I-II-IIIC. I-II: 美英特殊関係D. III-IV: 中立化（凯南草案）德国统一的假定</p></body></slide><slide page="13"><body><p>3. 从经济角度来看EPU• 1949.1 艾奇逊就任国务卿• ·1949年初 「1949年的危机」—西半球的美元圈（美加）×东半球的非美元圈（西欧·英镑圈）的不均衡→由非美元圈到美元圈的出口困难—$£汇率调整的必要性（欧洲货币汇率调整问题）</p></body></slide><slide page="14"><body><p>战后英国外交政策（三圆环论）的自相矛盾UKUS法德苏联英連邦美英特殊関係 欧洲统一作为「大国」的地位</p></body></slide><slide page="15"><body><p>1949年英镑危機与ABC会談• 1949年英镑危机与ABC会谈• ·6.16 英→美  告知英国深刻的美元危机• ·9.5 华盛顿（秘密）会谈（ABC诸国）• ·英镑下跌（1£=4.03$→2.8$　9.18公布）• ·美国不承认放弃英美金融协定9条（撤销贸易区别措施条款）</p></body></slide><slide page="16"><body><p>德国「問題」（德国戦後処理問題）复兴非工業国化分裂 统一马歇尔計画・德再軍備摩根索计划鲁尔煤炭钢铁資源・赔偿德軍国主義復活的担忧法 苏占領経費問題</p></body></slide><slide page="17"><body><p>4. 从经济角度来看ECSC•煤炭双重价格制（规定煤炭的出口价格超过国内价格）问题• 9.18 公布英镑下调• 9.20 法国下调20.5% →马克下调幅度问题• 9.22-27 美法交涉→①废除双重价格②下调幅度20%</p></body></slide><slide page="18"><body><p>创造欧洲单一市场计划与欧洲支付联盟(EPU)• 1949.10.31 霍夫曼ECA局长—欧洲创造单一市场计划声明→区域内贸易支付自由化(EPU)•英国加入EPU问题—「资本主义体制的美元圈与英镑圈的分裂」危机• 1950.5.9 公布舒曼计划• 1950.6.6 英国内阁决定参加EPU(引起关于英国外汇储备的忧虑)</p></body></slide><slide page="19"><body><p>source: www.soc.utu.fi仠 人物—Jean Monnet(1888-1979) 欧洲之父</p></body></slide><slide page="20"><body><p>source: www.soc.utu.fi仠 人物—Jean Monnet(1888-1979) 欧洲之父1919 国际联盟事务副总裁</p></body></slide><slide page="21"><body><p>source: www.soc.utu.fi仠 人物—Jean Monnet(1888-1979) 欧洲之父1919 国际联盟事务副总裁1926～ 美国投资银行Blair&Coy欧洲责任者</p></body></slide><slide page="22"><body><p>source: www.soc.utu.fi仠 人物—Jean Monnet(1888-1979) 欧洲之父1919 国际联盟事务副总裁1926～ 美国投资银行Blair&Coy欧洲责任者1933  以中国国民党宋子文为顾问，中国开发金融公社（上海）成立      Dean Acheson, John McCloy, 与John Foster Dulles关系亲近</p></body></slide><slide page="23"><body><p>source: www.soc.utu.fi仠 人物—Jean Monnet(1888-1979) 欧洲之父1919 国际联盟事务副总裁1926～ 美国投资银行Blair&Coy欧洲责任者1933  以中国国民党宋子文为顾问，中国开发金融公社（上海）成立      Dean Acheson, John McCloy, 与John Foster Dulles关系亲近1946  the Monnet Plan</p></body></slide><slide page="24"><body><p>source: www.soc.utu.fi仠 人物—Jean Monnet(1888-1979) 欧洲之父1919 国际联盟事务副总裁1926～ 美国投资银行Blair&Coy欧洲责任者1933  以中国国民党宋子文为顾问，中国开发金融公社（上海）成立      Dean Acheson, John McCloy, 与John Foster Dulles关系亲近1946  the Monnet Plan      法国近代化5年计划</p></body></slide><slide page="25"><body><p>source: www.soc.utu.fi仠 人物—Jean Monnet(1888-1979) 欧洲之父1919 国际联盟事务副总裁1926～ 美国投资银行Blair&Coy欧洲责任者1933  以中国国民党宋子文为顾问，中国开发金融公社（上海）成立      Dean Acheson, John McCloy, 与John Foster Dulles关系亲近1946  the Monnet Plan      法国近代化5年计划1950.5.9 舒曼（法国外交部长）计划立案</p></body></slide><slide page="26"><body><p>source: www.soc.utu.fi仠 人物—Jean Monnet(1888-1979) 欧洲之父1919 国际联盟事务副总裁1926～ 美国投资银行Blair&Coy欧洲责任者1933  以中国国民党宋子文为顾问，中国开发金融公社（上海）成立      Dean Acheson, John McCloy, 与John Foster Dulles关系亲近1946  the Monnet Plan      法国近代化5年计划1950.5.9 舒曼（法国外交部长）计划立案1952.7  ECSC第一代总裁</p></body></slide><slide page="27"><body><p>5. 尼采与NSC-68•凯南所主张的“限定性的”遏制•外交手段·德国统一 —X论文 NSC-20• 1949年的两个冲击—苏联核试验和中国革命•终结了美国的核垄断·→新政策的必要性</p></body></slide><slide page="28"><body><p>source: indice.elpais.esPaul Nitze(1907-2004)对苏联冷战的中心人物</p></body></slide><slide page="29"><body><p>source: indice.elpais.esPaul Nitze(1907-2004)对苏联冷战的中心人物1928  哈佛大学毕业</p></body></slide><slide page="30"><body><p>source: indice.elpais.esPaul Nitze(1907-2004)对苏联冷战的中心人物1928  哈佛大学毕业         加入投资银行界（Dillon Read商会）</p></body></slide><slide page="31"><body><p>source: indice.elpais.esPaul Nitze(1907-2004)对苏联冷战的中心人物1928  哈佛大学毕业         加入投资银行界（Dillon Read商会）1944-46 参加战略爆炸调查团</p></body></slide><slide page="32"><body><p>source: indice.elpais.esPaul Nitze(1907-2004)对苏联冷战的中心人物1928  哈佛大学毕业         加入投资银行界（Dillon Read商会）1944-46 参加战略爆炸调查团1950-53 国务院政策计划室长</p></body></slide><slide page="33"><body><p>source: indice.elpais.esPaul Nitze(1907-2004)对苏联冷战的中心人物1928  哈佛大学毕业         加入投资银行界（Dillon Read商会）1944-46 参加战略爆炸调查团1950-53 国务院政策计划室长1950 起草NSC-68</p></body></slide><slide page="34"><body><p>source: indice.elpais.esPaul Nitze(1907-2004)对苏联冷战的中心人物1928  哈佛大学毕业         加入投资银行界（Dillon Read商会）1944-46 参加战略爆炸调查团1950-53 国务院政策计划室长1950 起草NSC-681963-67 SALT-1</p></body></slide><slide page="35"><body><p>source: indice.elpais.esPaul Nitze(1907-2004)对苏联冷战的中心人物1928  哈佛大学毕业         加入投资银行界（Dillon Read商会）1944-46 参加战略爆炸调查团1950-53 国务院政策计划室长1950 起草NSC-681963-67 SALT-11967-69 SALT-II</p></body></slide><slide page="36"><body><p>source: indice.elpais.esPaul Nitze(1907-2004)对苏联冷战的中心人物1928  哈佛大学毕业         加入投资银行界（Dillon Read商会）1944-46 参加战略爆炸调查团1950-53 国务院政策计划室长1950 起草NSC-681963-67 SALT-11967-69 SALT-II1981-84 交涉中距离核导弹</p></body></slide><slide page="37"><body><p>source: indice.elpais.esPaul Nitze(1907-2004)对苏联冷战的中心人物1928  哈佛大学毕业         加入投资银行界（Dillon Read商会）1944-46 参加战略爆炸调查团1950-53 国务院政策计划室长1950 起草NSC-681963-67 SALT-11967-69 SALT-II1981-84 交涉中距离核导弹1960年代—1980年代：美苏中距离核导弹交涉·军备管理的主导者</p></body></slide><slide page="38"><body><p>source: indice.elpais.esPaul Nitze(1907-2004)对苏联冷战的中心人物1928  哈佛大学毕业         加入投资银行界（Dillon Read商会）1944-46 参加战略爆炸调查团1950-53 国务院政策计划室长1950 起草NSC-681963-67 SALT-11967-69 SALT-II1981-84 交涉中距离核导弹1960年代—1980年代：美苏中距离核导弹交涉·军备管理的主导者</p></body></slide><slide page="39"><body><p>下周计划５月２３日（火）　第２期艾森豪威尔政権 1953-56 EDC（欧州防卫共同体）流産と斯派克报告1957-60 史波尼克危机和罗马条約课本　第５章　对于欧洲联盟的大西洋共同体的框架1950-60年(p.39-54) 讲义情報　経済学部HP→教員介绍→坂出健</p></body></slide></presentation>
ページ: 1 -----
<slide page="1"><body><p>欧美经济史 （坂出）2006.5.16第5回 第一届艾森豪威尔政权（1950年代后半期）课本 第5章 对于欧洲联盟大西洋共同体的构架1950-60年（p.39-54）</p></body></slide>
in Sheet Class, page: 1
title = ""
body = "<p>欧美经济史 （坂出）2006.5.16第5回 第一届艾森豪威尔政权（1950年代后半期）课本 第5章 对于欧洲联盟大西洋共同体的构架1950-60年（p.39-54）</p>"
makeWordArrayJp
paragraph: 欧美经济史 （坂出）2006.5.16第5回 第一届艾森豪威尔政权（1950年代后半期）课本 第5章 对于欧洲联盟大西洋共同体的构架1950-60年（p.39-54）
坂出 :	名詞,固有名詞,人名,姓,*,*,坂出,サカイデ,サカイデ	true	1
年代 :	名詞,接尾,助数詞,*,*,*,年代,ネンダイ,ネンダイ	true	1
半期 :	名詞,一般,*,*,*,*,半期,ハンキ,ハンキ	true	1
大西洋 :	名詞,固有名詞,地域,一般,*,*,大西洋,タイセイヨウ,タイセイヨー	true	1
共同 :	名詞,サ変接続,*,*,*,*,共同,キョウドウ,キョードー	true	1
ページ: 2 -----
<slide page="2"><body><p>今天讲义的概要</p></body></slide>
in Sheet Class, page: 2
title = ""
body = "<p>今天讲义的概要</p>"
makeWordArrayJp
paragraph: 今天讲义的概要
概要 :	名詞,一般,*,*,*,*,概要,ガイヨウ,ガイヨー	true	1
ページ: 3 -----
<slide page="3"><body><p>今天讲义的概要(1)Introduction-长期政権的后继首席指名</p></body></slide>
in Sheet Class, page: 3
title = ""
body = "<p>今天讲义的概要(1)Introduction-长期政権的后继首席指名</p>"
makeWordArrayJp
paragraph: 今天讲义的概要(1)Introduction-长期政権的后继首席指名
概要 :	名詞,一般,*,*,*,*,概要,ガイヨウ,ガイヨー	true	1
Introduction :	名詞,一般,*,*,*,*,*	false	1
政権 :	名詞,一般,*,*,*,*,政権,セイケン,セイケン	true	1
首席 :	名詞,一般,*,*,*,*,首席,シュセキ,シュセキ	true	1
指名 :	名詞,サ変接続,*,*,*,*,指名,シメイ,シメイ	true	1
ページ: 4 -----
<slide page="4"><body><p>今天讲义的概要(1)Introduction-长期政権的后继首席指名(2)凯南与PPS/55（上周的总结）</p></body></slide>
in Sheet Class, page: 4
title = ""
body = "<p>今天讲义的概要(1)Introduction-长期政権的后继首席指名(2)凯南与PPS/55（上周的总结）</p>"
makeWordArrayJp
paragraph: 今天讲义的概要(1)Introduction-长期政権的后继首席指名(2)凯南与PPS/55（上周的总结）
概要 :	名詞,一般,*,*,*,*,概要,ガイヨウ,ガイヨー	true	1
Introduction :	名詞,一般,*,*,*,*,*	false	1
政権 :	名詞,一般,*,*,*,*,政権,セイケン,セイケン	true	1
首席 :	名詞,一般,*,*,*,*,首席,シュセキ,シュセキ	true	1
指名 :	名詞,サ変接続,*,*,*,*,指名,シメイ,シメイ	true	1
PPS :	名詞,固有名詞,組織,*,*,*,*	false	1
ページ: 5 -----
<slide page="5"><body><p>今天讲义的概要(1)Introduction-长期政権的后继首席指名(2)凯南与PPS/55（上周的总结）(3)从经济角度看待EPU</p></body></slide>
in Sheet Class, page: 5
title = ""
body = "<p>今天讲义的概要(1)Introduction-长期政権的后继首席指名(2)凯南与PPS/55（上周的总结）(3)从经济角度看待EPU</p>"
makeWordArrayJp
paragraph: 今天讲义的概要(1)Introduction-长期政権的后继首席指名(2)凯南与PPS/55（上周的总结）(3)从经济角度看待EPU
概要 :	名詞,一般,*,*,*,*,概要,ガイヨウ,ガイヨー	true	1
Introduction :	名詞,一般,*,*,*,*,*	false	1
政権 :	名詞,一般,*,*,*,*,政権,セイケン,セイケン	true	1
首席 :	名詞,一般,*,*,*,*,首席,シュセキ,シュセキ	true	1
指名 :	名詞,サ変接続,*,*,*,*,指名,シメイ,シメイ	true	1
PPS :	名詞,固有名詞,組織,*,*,*,*	false	1
）( :	名詞,サ変接続,*,*,*,*,*	false	1
角度 :	名詞,一般,*,*,*,*,角度,カクド,カクド	true	1
EPU :	名詞,固有名詞,組織,*,*,*,*	false	1
ページ: 6 -----
<slide page="6"><body><p>今天讲义的概要(1)Introduction-长期政権的后继首席指名(2)凯南与PPS/55（上周的总结）(3)从经济角度看待EPU(4)从经济角度看待ECSC</p></body></slide>
in Sheet Class, page: 6
title = ""
body = "<p>今天讲义的概要(1)Introduction-长期政権的后继首席指名(2)凯南与PPS/55（上周的总结）(3)从经济角度看待EPU(4)从经济角度看待ECSC</p>"
makeWordArrayJp
paragraph: 今天讲义的概要(1)Introduction-长期政権的后继首席指名(2)凯南与PPS/55（上周的总结）(3)从经济角度看待EPU(4)从经济角度看待ECSC
概要 :	名詞,一般,*,*,*,*,概要,ガイヨウ,ガイヨー	true	1
Introduction :	名詞,一般,*,*,*,*,*	false	1
政権 :	名詞,一般,*,*,*,*,政権,セイケン,セイケン	true	1
首席 :	名詞,一般,*,*,*,*,首席,シュセキ,シュセキ	true	1
指名 :	名詞,サ変接続,*,*,*,*,指名,シメイ,シメイ	true	1
PPS :	名詞,固有名詞,組織,*,*,*,*	false	1
）( :	名詞,サ変接続,*,*,*,*,*	false	1
角度 :	名詞,一般,*,*,*,*,角度,カクド,カクド	true	1
EPU :	名詞,一般,*,*,*,*,*	false	1
角度 :	名詞,一般,*,*,*,*,角度,カクド,カクド	true	2
ECSC :	名詞,固有名詞,組織,*,*,*,*	false	1
ページ: 7 -----
<slide page="7"><body><p>今天讲义的概要(1)Introduction-长期政権的后继首席指名(2)凯南与PPS/55（上周的总结）(3)从经济角度看待EPU(4)从经济角度看待ECSC(5)尼采与NSC-68</p></body></slide>
in Sheet Class, page: 7
title = ""
body = "<p>今天讲义的概要(1)Introduction-长期政権的后继首席指名(2)凯南与PPS/55（上周的总结）(3)从经济角度看待EPU(4)从经济角度看待ECSC(5)尼采与NSC-68</p>"
makeWordArrayJp
paragraph: 今天讲义的概要(1)Introduction-长期政権的后继首席指名(2)凯南与PPS/55（上周的总结）(3)从经济角度看待EPU(4)从经济角度看待ECSC(5)尼采与NSC-68
概要 :	名詞,一般,*,*,*,*,概要,ガイヨウ,ガイヨー	true	1
Introduction :	名詞,一般,*,*,*,*,*	false	1
政権 :	名詞,一般,*,*,*,*,政権,セイケン,セイケン	true	1
首席 :	名詞,一般,*,*,*,*,首席,シュセキ,シュセキ	true	1
指名 :	名詞,サ変接続,*,*,*,*,指名,シメイ,シメイ	true	1
PPS :	名詞,固有名詞,組織,*,*,*,*	false	1
）( :	名詞,サ変接続,*,*,*,*,*	false	1
角度 :	名詞,一般,*,*,*,*,角度,カクド,カクド	true	1
EPU :	名詞,一般,*,*,*,*,*	false	1
角度 :	名詞,一般,*,*,*,*,角度,カクド,カクド	true	2
ECSC :	名詞,一般,*,*,*,*,*	false	1
NSC :	名詞,固有名詞,組織,*,*,*,*	false	1
ページ: 8 -----
<slide page="8"><body><p>1. Introduction - 长期政権的后继首席阿登纳政権的1963年「１月危機」 阿登纳首相施特劳斯国防部长艾哈德外交部长施罗德外交部长法德合作条約（爱丽舍条約）大西洋同盟框架内的法德协调</p></body></slide>
in Sheet Class, page: 8
title = ""
body = "<p>1. Introduction - 长期政権的后继首席阿登纳政権的1963年「１月危機」 阿登纳首相施特劳斯国防部长艾哈德外交部长施罗德外交部长法德合作条約（爱丽舍条約）大西洋同盟框架内的法德协调</p>"
makeWordArrayJp
paragraph: 1. Introduction - 长期政権的后继首席阿登纳政権的1963年「１月危機」 阿登纳首相施特劳斯国防部长艾哈德外交部长施罗德外交部长法德合作条約（爱丽舍条約）大西洋同盟框架内的法德协调
Introduction :	名詞,固有名詞,組織,*,*,*,*	false	1
政権 :	名詞,一般,*,*,*,*,政権,セイケン,セイケン	true	1
首席 :	名詞,一般,*,*,*,*,首席,シュセキ,シュセキ	true	1
政権 :	名詞,一般,*,*,*,*,政権,セイケン,セイケン	true	2
１月 :	名詞,副詞可能,*,*,*,*,１月,イチガツ,イチガツ	true	1
危機 :	名詞,一般,*,*,*,*,危機,キキ,キキ	true	1
首相 :	名詞,一般,*,*,*,*,首相,シュショウ,シュショー	true	1
国防 :	名詞,一般,*,*,*,*,国防,コクボウ,コクボー	true	1
外交 :	名詞,一般,*,*,*,*,外交,ガイコウ,ガイコー	true	1
外交 :	名詞,一般,*,*,*,*,外交,ガイコウ,ガイコー	true	2
合作 :	名詞,サ変接続,*,*,*,*,合作,ガッサク,ガッサク	true	1
条約 :	名詞,一般,*,*,*,*,条約,ジョウヤク,ジョーヤク	true	1
条約 :	名詞,一般,*,*,*,*,条約,ジョウヤク,ジョーヤク	true	2
大西 :	名詞,固有名詞,人名,姓,*,*,大西,オオニシ,オーニシ	true	1
同盟 :	名詞,サ変接続,*,*,*,*,同盟,ドウメイ,ドーメイ	true	1
内的 :	名詞,一般,*,*,*,*,内的,ナイテキ,ナイテキ	true	1
ページ: 9 -----
<slide page="9"><body><p>source: en.wikipedia.org1. 凯南与PPS/55George F. Kennan (1904-2005)1933-37 莫斯科大使館勤務1944-　莫斯科大使館代理大使1946　「長文電報」1947 「X論文」Foreign Affairs『苏联的行動的源泉』马歇尔国務長官手下的政策企画室(Policy Planning Staff)長1949.12　PPS室長退任(後任为Paul H. Nitze）1953 国務省辞任1957　BBC里斯讲义</p></body></slide>
in Sheet Class, page: 9
title = ""
body = "<p>source: en.wikipedia.org1. 凯南与PPS/55George F. Kennan (1904-2005)1933-37 莫斯科大使館勤務1944-　莫斯科大使館代理大使1946　「長文電報」1947 「X論文」Foreign Affairs『苏联的行動的源泉』马歇尔国務長官手下的政策企画室(Policy Planning Staff)長1949.12　PPS室長退任(後任为Paul H. Nitze）1953 国務省辞任1957　BBC里斯讲义</p>"
makeWordArrayJp
paragraph: source: en.wikipedia.org1. 凯南与PPS/55George F. Kennan (1904-2005)1933-37 莫斯科大使館勤務1944-　莫斯科大使館代理大使1946　「長文電報」1947 「X論文」Foreign Affairs『苏联的行動的源泉』马歇尔国務長官手下的政策企画室(Policy Planning Staff)長1949.12　PPS室長退任(後任为Paul H. Nitze）1953 国務省辞任1957　BBC里斯讲义
source :	名詞,固有名詞,組織,*,*,*,*	false	1
en :	名詞,固有名詞,組織,*,*,*,*	false	1
wikipedia :	名詞,一般,*,*,*,*,*	false	1
org :	名詞,一般,*,*,*,*,*	false	1
PPS :	名詞,固有名詞,組織,*,*,*,*	false	1
George :	名詞,固有名詞,組織,*,*,*,*	false	1
Kennan :	名詞,固有名詞,組織,*,*,*,*	false	1
大使館 :	名詞,一般,*,*,*,*,大使館,タイシカン,タイシカン	true	1
勤務 :	名詞,サ変接続,*,*,*,*,勤務,キンム,キンム	true	1
-　 :	名詞,サ変接続,*,*,*,*,*	false	1
大使館 :	名詞,一般,*,*,*,*,大使館,タイシカン,タイシカン	true	2
代理 :	名詞,サ変接続,*,*,*,*,代理,ダイリ,ダイリ	true	1
大使 :	名詞,一般,*,*,*,*,大使,タイシ,タイシ	true	1
長文 :	名詞,一般,*,*,*,*,長文,チョウブン,チョーブン	true	1
電報 :	名詞,一般,*,*,*,*,電報,デンポウ,デンポー	true	1
論文 :	名詞,一般,*,*,*,*,論文,ロンブン,ロンブン	true	1
Foreign :	名詞,固有名詞,組織,*,*,*,*	false	1
Affairs :	名詞,固有名詞,組織,*,*,*,*	false	1
行動 :	名詞,サ変接続,*,*,*,*,行動,コウドウ,コードー	true	1
源泉 :	名詞,一般,*,*,*,*,源泉,ゲンセン,ゲンセン	true	1
国務 :	名詞,一般,*,*,*,*,国務,コクム,コクム	true	1
長官 :	名詞,一般,*,*,*,*,長官,チョウカン,チョーカン	true	1
手下 :	名詞,一般,*,*,*,*,手下,テシタ,テシタ	true	1
政策 :	名詞,一般,*,*,*,*,政策,セイサク,セイサク	true	1
企画 :	名詞,サ変接続,*,*,*,*,企画,キカク,キカク	true	1
Policy :	名詞,固有名詞,組織,*,*,*,*	false	1
Planning :	名詞,固有名詞,組織,*,*,*,*	false	1
Staff :	名詞,固有名詞,組織,*,*,*,*	false	1
PPS :	名詞,固有名詞,組織,*,*,*,*	false	2
室長 :	名詞,一般,*,*,*,*,室長,シツチョウ,シツチョー	true	1
退任 :	名詞,サ変接続,*,*,*,*,退任,タイニン,タイニン	true	1
後任 :	名詞,一般,*,*,*,*,後任,コウニン,コーニン	true	1
Paul :	名詞,一般,*,*,*,*,*	false	1
Nitze :	名詞,固有名詞,組織,*,*,*,*	false	1
国務省 :	名詞,固有名詞,組織,*,*,*,国務省,コクムショウ,コクムショー	true	1
辞任 :	名詞,サ変接続,*,*,*,*,辞任,ジニン,ジニン	true	1
BBC :	名詞,固有名詞,組織,*,*,*,*	false	1
ページ: 10 -----
<slide page="10"><body><p>权利・中心論USUK中欧苏日“containment”DefenseIndustrialBase</p></body></slide>
in Sheet Class, page: 10
title = ""
body = "<p>权利・中心論USUK中欧苏日“containment”DefenseIndustrialBase</p>"
makeWordArrayJp
paragraph: 权利・中心論USUK中欧苏日“containment”DefenseIndustrialBase
中心 :	名詞,一般,*,*,*,*,中心,チュウシン,チューシン	true	1
USUK :	名詞,一般,*,*,*,*,*	false	1
containment :	名詞,固有名詞,組織,*,*,*,*	false	1
DefenseIndustrialBase :	名詞,固有名詞,組織,*,*,*,*	false	1
ページ: 11 -----
<slide page="11"><body><p>权利・中心論USUK中欧苏日“containment”DefenseIndustrialBase</p></body></slide>
in Sheet Class, page: 11
title = ""
body = "<p>权利・中心論USUK中欧苏日“containment”DefenseIndustrialBase</p>"
makeWordArrayJp
paragraph: 权利・中心論USUK中欧苏日“containment”DefenseIndustrialBase
中心 :	名詞,一般,*,*,*,*,中心,チュウシン,チューシン	true	1
USUK :	名詞,一般,*,*,*,*,*	false	1
containment :	名詞,固有名詞,組織,*,*,*,*	false	1
DefenseIndustrialBase :	名詞,固有名詞,組織,*,*,*,*	false	1
ページ: 12 -----
<slide page="12"><body><p>PPS/55(1949.7.7)の世界認識I.US/Canada II.UKIII.沿海部IV.中欧V.东方卫星国A. I-II-III-IV: 大西洋共同体B. I-II-IIIC. I-II: 美英特殊関係D. III-IV: 中立化（凯南草案）德国统一的假定</p></body></slide>
in Sheet Class, page: 12
title = ""
body = "<p>PPS/55(1949.7.7)の世界認識I.US/Canada II.UKIII.沿海部IV.中欧V.东方卫星国A. I-II-III-IV: 大西洋共同体B. I-II-IIIC. I-II: 美英特殊関係D. III-IV: 中立化（凯南草案）德国统一的假定</p>"
makeWordArrayJp
paragraph: PPS/55(1949.7.7)の世界認識I.US/Canada II.UKIII.沿海部IV.中欧V.东方卫星国A. I-II-III-IV: 大西洋共同体B. I-II-IIIC. I-II: 美英特殊関係D. III-IV: 中立化（凯南草案）德国统一的假定
PPS :	名詞,固有名詞,組織,*,*,*,*	false	1
世界 :	名詞,一般,*,*,*,*,世界,セカイ,セカイ	true	1
認識 :	名詞,サ変接続,*,*,*,*,認識,ニンシキ,ニンシキ	true	1
US :	名詞,一般,*,*,*,*,*	false	1
Canada :	名詞,固有名詞,組織,*,*,*,*	false	1
II :	名詞,固有名詞,組織,*,*,*,*	false	1
UKIII :	名詞,一般,*,*,*,*,*	false	1
沿海 :	名詞,一般,*,*,*,*,沿海,エンカイ,エンカイ	true	1
IV :	名詞,一般,*,*,*,*,*	false	1
II :	名詞,一般,*,*,*,*,*	false	2
III :	名詞,一般,*,*,*,*,*	false	1
IV :	名詞,一般,*,*,*,*,*	false	2
大西 :	名詞,固有名詞,人名,姓,*,*,大西,オオニシ,オーニシ	true	1
共同 :	名詞,サ変接続,*,*,*,*,共同,キョウドウ,キョードー	true	1
II :	名詞,一般,*,*,*,*,*	false	3
IIIC :	名詞,一般,*,*,*,*,*	false	1
II :	名詞,一般,*,*,*,*,*	false	4
美英 :	名詞,固有名詞,人名,名,*,*,美英,ミエ,ミエ	true	1
特殊 :	名詞,形容動詞語幹,*,*,*,*,特殊,トクシュ,トクシュ	true	1
関係 :	名詞,サ変接続,*,*,*,*,関係,カンケイ,カンケイ	true	1
III :	名詞,固有名詞,組織,*,*,*,*	false	2
IV :	名詞,一般,*,*,*,*,*	false	3
中立 :	名詞,サ変接続,*,*,*,*,中立,チュウリツ,チューリツ	true	1
草案 :	名詞,一般,*,*,*,*,草案,ソウアン,ソーアン	true	1
ページ: 13 -----
<slide page="13"><body><p>3. 从经济角度来看EPU• 1949.1 艾奇逊就任国务卿• ·1949年初 「1949年的危机」—西半球的美元圈（美加）×东半球的非美元圈（西欧·英镑圈）的不均衡→由非美元圈到美元圈的出口困难—$£汇率调整的必要性（欧洲货币汇率调整问题）</p></body></slide>
in Sheet Class, page: 13
title = ""
body = "<p>3. 从经济角度来看EPU• 1949.1 艾奇逊就任国务卿• ·1949年初 「1949年的危机」—西半球的美元圈（美加）×东半球的非美元圈（西欧·英镑圈）的不均衡→由非美元圈到美元圈的出口困难—$£汇率调整的必要性（欧洲货币汇率调整问题）</p>"
makeWordArrayJp
paragraph: 3. 从经济角度来看EPU• 1949.1 艾奇逊就任国务卿• ·1949年初 「1949年的危机」—西半球的美元圈（美加）×东半球的非美元圈（西欧·英镑圈）的不均衡→由非美元圈到美元圈的出口困难—$£汇率调整的必要性（欧洲货币汇率调整问题）
角度 :	名詞,一般,*,*,*,*,角度,カクド,カクド	true	1
EPU :	名詞,一般,*,*,*,*,*	false	1
就任 :	名詞,サ変接続,*,*,*,*,就任,シュウニン,シューニン	true	1
年初 :	名詞,一般,*,*,*,*,年初,ネンショ,ネンショ	true	1
西半球 :	名詞,固有名詞,地域,一般,*,*,西半球,ニシハンキュウ,ニシハンキュー	true	1
美加 :	名詞,固有名詞,人名,名,*,*,美加,ミカ,ミカ	true	1
半球 :	名詞,一般,*,*,*,*,半球,ハンキュウ,ハンキュー	true	1
西欧 :	名詞,固有名詞,地域,一般,*,*,西欧,セイオウ,セイオー	true	1
均衡 :	名詞,サ変接続,*,*,*,*,均衡,キンコウ,キンコー	true	1
出口 :	名詞,一般,*,*,*,*,出口,デグチ,デグチ	true	1
—$£ :	名詞,サ変接続,*,*,*,*,*	false	1
必要 :	名詞,形容動詞語幹,*,*,*,*,必要,ヒツヨウ,ヒツヨー	true	1
ページ: 14 -----
<slide page="14"><body><p>战后英国外交政策（三圆环论）的自相矛盾UKUS法德苏联英連邦美英特殊関係 欧洲统一作为「大国」的地位</p></body></slide>
in Sheet Class, page: 14
title = ""
body = "<p>战后英国外交政策（三圆环论）的自相矛盾UKUS法德苏联英連邦美英特殊関係 欧洲统一作为「大国」的地位</p>"
makeWordArrayJp
paragraph: 战后英国外交政策（三圆环论）的自相矛盾UKUS法德苏联英連邦美英特殊関係 欧洲统一作为「大国」的地位
英国 :	名詞,固有名詞,地域,国,*,*,英国,エイコク,エイコク	true	1
外交 :	名詞,一般,*,*,*,*,外交,ガイコウ,ガイコー	true	1
政策 :	名詞,一般,*,*,*,*,政策,セイサク,セイサク	true	1
矛盾 :	名詞,サ変接続,*,*,*,*,矛盾,ムジュン,ムジュン	true	1
UKUS :	名詞,一般,*,*,*,*,*	false	1
連邦 :	名詞,一般,*,*,*,*,連邦,レンポウ,レンポー	true	1
美英 :	名詞,固有名詞,人名,名,*,*,美英,ミエ,ミエ	true	1
特殊 :	名詞,形容動詞語幹,*,*,*,*,特殊,トクシュ,トクシュ	true	1
関係 :	名詞,サ変接続,*,*,*,*,関係,カンケイ,カンケイ	true	1
大国 :	名詞,一般,*,*,*,*,大国,タイコク,タイコク	true	1
地位 :	名詞,一般,*,*,*,*,地位,チイ,チイ	true	1
ページ: 15 -----
<slide page="15"><body><p>1949年英镑危機与ABC会談• 1949年英镑危机与ABC会谈• ·6.16 英→美  告知英国深刻的美元危机• ·9.5 华盛顿（秘密）会谈（ABC诸国）• ·英镑下跌（1£=4.03$→2.8$　9.18公布）• ·美国不承认放弃英美金融协定9条（撤销贸易区别措施条款）</p></body></slide>
in Sheet Class, page: 15
title = ""
body = "<p>1949年英镑危機与ABC会談• 1949年英镑危机与ABC会谈• ·6.16 英→美  告知英国深刻的美元危机• ·9.5 华盛顿（秘密）会谈（ABC诸国）• ·英镑下跌（1£=4.03$→2.8$　9.18公布）• ·美国不承认放弃英美金融协定9条（撤销贸易区别措施条款）</p>"
makeWordArrayJp
paragraph: 1949年英镑危機与ABC会談• 1949年英镑危机与ABC会谈• ·6.16 英→美  告知英国深刻的美元危机• ·9.5 华盛顿（秘密）会谈（ABC诸国）• ·英镑下跌（1£=4.03$→2.8$　9.18公布）• ·美国不承认放弃英美金融协定9条（撤销贸易区别措施条款）
危機 :	名詞,一般,*,*,*,*,危機,キキ,キキ	true	1
ABC :	名詞,固有名詞,組織,*,*,*,*	false	1
会談 :	名詞,サ変接続,*,*,*,*,会談,カイダン,カイダン	true	1
ABC :	名詞,固有名詞,組織,*,*,*,*	false	2
告知 :	名詞,サ変接続,*,*,*,*,告知,コクチ,コクチ	true	1
英国 :	名詞,固有名詞,地域,国,*,*,英国,エイコク,エイコク	true	1
深刻 :	名詞,形容動詞語幹,*,*,*,*,深刻,シンコク,シンコク	true	1
秘密 :	名詞,一般,*,*,*,*,秘密,ヒミツ,ヒミツ	true	1
ABC :	名詞,固有名詞,組織,*,*,*,*	false	3
£= :	名詞,サ変接続,*,*,*,*,*	false	1
$→ :	名詞,サ変接続,*,*,*,*,*	false	1
$　 :	名詞,サ変接続,*,*,*,*,*	false	1
公布 :	名詞,サ変接続,*,*,*,*,公布,コウフ,コーフ	true	1
）• :	名詞,サ変接続,*,*,*,*,*	false	1
美国 :	名詞,固有名詞,地域,一般,*,*,美国,ビクニ,ビクニ	true	1
不承 :	名詞,サ変接続,*,*,*,*,不承,フショウ,フショー	true	1
英美 :	名詞,固有名詞,人名,名,*,*,英美,ヒデミ,ヒデミ	true	1
金融 :	名詞,一般,*,*,*,*,金融,キンユウ,キンユー	true	1
ページ: 16 -----
<slide page="16"><body><p>德国「問題」（德国戦後処理問題）复兴非工業国化分裂 统一马歇尔計画・德再軍備摩根索计划鲁尔煤炭钢铁資源・赔偿德軍国主義復活的担忧法 苏占領経費問題</p></body></slide>
in Sheet Class, page: 16
title = ""
body = "<p>德国「問題」（德国戦後処理問題）复兴非工業国化分裂 统一马歇尔計画・德再軍備摩根索计划鲁尔煤炭钢铁資源・赔偿德軍国主義復活的担忧法 苏占領経費問題</p>"
makeWordArrayJp
paragraph: 德国「問題」（德国戦後処理問題）复兴非工業国化分裂 统一马歇尔計画・德再軍備摩根索计划鲁尔煤炭钢铁資源・赔偿德軍国主義復活的担忧法 苏占領経費問題
問題 :	名詞,ナイ形容詞語幹,*,*,*,*,問題,モンダイ,モンダイ	true	1
戦後 :	名詞,副詞可能,*,*,*,*,戦後,センゴ,センゴ	true	1
処理 :	名詞,サ変接続,*,*,*,*,処理,ショリ,ショリ	true	1
問題 :	名詞,ナイ形容詞語幹,*,*,*,*,問題,モンダイ,モンダイ	true	2
工業 :	名詞,一般,*,*,*,*,工業,コウギョウ,コーギョー	true	1
分裂 :	名詞,サ変接続,*,*,*,*,分裂,ブンレツ,ブンレツ	true	1
計画 :	名詞,サ変接続,*,*,*,*,計画,ケイカク,ケイカク	true	1
軍備 :	名詞,サ変接続,*,*,*,*,軍備,グンビ,グンビ	true	1
資源 :	名詞,一般,*,*,*,*,資源,シゲン,シゲン	true	1
軍国 :	名詞,一般,*,*,*,*,軍国,グンコク,グンコク	true	1
主義 :	名詞,一般,*,*,*,*,主義,シュギ,シュギ	true	1
復活 :	名詞,サ変接続,*,*,*,*,復活,フッカツ,フッカツ	true	1
占領 :	名詞,サ変接続,*,*,*,*,占領,センリョウ,センリョー	true	1
経費 :	名詞,一般,*,*,*,*,経費,ケイヒ,ケイヒ	true	1
問題 :	名詞,ナイ形容詞語幹,*,*,*,*,問題,モンダイ,モンダイ	true	3
ページ: 17 -----
<slide page="17"><body><p>4. 从经济角度来看ECSC•煤炭双重价格制（规定煤炭的出口价格超过国内价格）问题• 9.18 公布英镑下调• 9.20 法国下调20.5% →马克下调幅度问题• 9.22-27 美法交涉→①废除双重价格②下调幅度20%</p></body></slide>
in Sheet Class, page: 17
title = ""
body = "<p>4. 从经济角度来看ECSC•煤炭双重价格制（规定煤炭的出口价格超过国内价格）问题• 9.18 公布英镑下调• 9.20 法国下调20.5% →马克下调幅度问题• 9.22-27 美法交涉→①废除双重价格②下调幅度20%</p>"
makeWordArrayJp
paragraph: 4. 从经济角度来看ECSC•煤炭双重价格制（规定煤炭的出口价格超过国内价格）问题• 9.18 公布英镑下调• 9.20 法国下调20.5% →马克下调幅度问题• 9.22-27 美法交涉→①废除双重价格②下调幅度20%
角度 :	名詞,一般,*,*,*,*,角度,カクド,カクド	true	1
ECSC :	名詞,一般,*,*,*,*,*	false	1
出口 :	名詞,一般,*,*,*,*,出口,デグチ,デグチ	true	1
国内 :	名詞,一般,*,*,*,*,国内,コクナイ,コクナイ	true	1
公布 :	名詞,サ変接続,*,*,*,*,公布,コウフ,コーフ	true	1
国下 :	名詞,固有名詞,地域,一般,*,*,国下,コクガ,コクガ	true	1
→① :	名詞,サ変接続,*,*,*,*,*	false	1
ページ: 18 -----
<slide page="18"><body><p>创造欧洲单一市场计划与欧洲支付联盟(EPU)• 1949.10.31 霍夫曼ECA局长—欧洲创造单一市场计划声明→区域内贸易支付自由化(EPU)•英国加入EPU问题—「资本主义体制的美元圈与英镑圈的分裂」危机• 1950.5.9 公布舒曼计划• 1950.6.6 英国内阁决定参加EPU(引起关于英国外汇储备的忧虑)</p></body></slide>
in Sheet Class, page: 18
title = ""
body = "<p>创造欧洲单一市场计划与欧洲支付联盟(EPU)• 1949.10.31 霍夫曼ECA局长—欧洲创造单一市场计划声明→区域内贸易支付自由化(EPU)•英国加入EPU问题—「资本主义体制的美元圈与英镑圈的分裂」危机• 1950.5.9 公布舒曼计划• 1950.6.6 英国内阁决定参加EPU(引起关于英国外汇储备的忧虑)</p>"
makeWordArrayJp
paragraph: 创造欧洲单一市场计划与欧洲支付联盟(EPU)• 1949.10.31 霍夫曼ECA局长—欧洲创造单一市场计划声明→区域内贸易支付自由化(EPU)•英国加入EPU问题—「资本主义体制的美元圈与英镑圈的分裂」危机• 1950.5.9 公布舒曼计划• 1950.6.6 英国内阁决定参加EPU(引起关于英国外汇储备的忧虑)
EPU :	名詞,一般,*,*,*,*,*	false	1
)• :	名詞,サ変接続,*,*,*,*,*	false	1
ECA :	名詞,一般,*,*,*,*,*	false	1
声明 :	名詞,サ変接続,*,*,*,*,声明,セイメイ,セイメイ	true	1
区域 :	名詞,一般,*,*,*,*,区域,クイキ,クイキ	true	1
自由 :	名詞,形容動詞語幹,*,*,*,*,自由,ジユウ,ジユー	true	1
EPU :	名詞,一般,*,*,*,*,*	false	2
)• :	名詞,サ変接続,*,*,*,*,*	false	2
英国 :	名詞,固有名詞,地域,国,*,*,英国,エイコク,エイコク	true	1
加入 :	名詞,サ変接続,*,*,*,*,加入,カニュウ,カニュー	true	1
EPU :	名詞,一般,*,*,*,*,*	false	3
体制 :	名詞,一般,*,*,*,*,体制,タイセイ,タイセイ	true	1
分裂 :	名詞,サ変接続,*,*,*,*,分裂,ブンレツ,ブンレツ	true	1
公布 :	名詞,サ変接続,*,*,*,*,公布,コウフ,コーフ	true	1
英国 :	名詞,固有名詞,地域,国,*,*,英国,エイコク,エイコク	true	2
参加 :	名詞,サ変接続,*,*,*,*,参加,サンカ,サンカ	true	1
EPU :	名詞,一般,*,*,*,*,*	false	4
引起 :	名詞,一般,*,*,*,*,引起,インキ,インキ	true	1
英国 :	名詞,固有名詞,地域,国,*,*,英国,エイコク,エイコク	true	3
ページ: 19 -----
<slide page="19"><body><p>source: www.soc.utu.fi仠 人物—Jean Monnet(1888-1979) 欧洲之父</p></body></slide>
in Sheet Class, page: 19
title = ""
body = "<p>source: www.soc.utu.fi仠 人物—Jean Monnet(1888-1979) 欧洲之父</p>"
makeWordArrayJp
paragraph: source: www.soc.utu.fi仠 人物—Jean Monnet(1888-1979) 欧洲之父
source :	名詞,固有名詞,組織,*,*,*,*	false	1
www :	名詞,固有名詞,組織,*,*,*,*	false	1
soc :	名詞,一般,*,*,*,*,*	false	1
utu :	名詞,一般,*,*,*,*,*	false	1
fi :	名詞,一般,*,*,*,*,*	false	1
人物 :	名詞,一般,*,*,*,*,人物,ジンブツ,ジンブツ	true	1
Jean :	名詞,固有名詞,組織,*,*,*,*	false	1
Monnet :	名詞,固有名詞,組織,*,*,*,*	false	1
ページ: 20 -----
<slide page="20"><body><p>source: www.soc.utu.fi仠 人物—Jean Monnet(1888-1979) 欧洲之父1919 国际联盟事务副总裁</p></body></slide>
in Sheet Class, page: 20
title = ""
body = "<p>source: www.soc.utu.fi仠 人物—Jean Monnet(1888-1979) 欧洲之父1919 国际联盟事务副总裁</p>"
makeWordArrayJp
paragraph: source: www.soc.utu.fi仠 人物—Jean Monnet(1888-1979) 欧洲之父1919 国际联盟事务副总裁
source :	名詞,固有名詞,組織,*,*,*,*	false	1
www :	名詞,固有名詞,組織,*,*,*,*	false	1
soc :	名詞,一般,*,*,*,*,*	false	1
utu :	名詞,一般,*,*,*,*,*	false	1
fi :	名詞,一般,*,*,*,*,*	false	1
人物 :	名詞,一般,*,*,*,*,人物,ジンブツ,ジンブツ	true	1
Jean :	名詞,固有名詞,組織,*,*,*,*	false	1
Monnet :	名詞,固有名詞,組織,*,*,*,*	false	1
ページ: 21 -----
<slide page="21"><body><p>source: www.soc.utu.fi仠 人物—Jean Monnet(1888-1979) 欧洲之父1919 国际联盟事务副总裁1926～ 美国投资银行Blair&Coy欧洲责任者</p></body></slide>
in Sheet Class, page: 21
title = ""
body = "<p>source: www.soc.utu.fi仠 人物—Jean Monnet(1888-1979) 欧洲之父1919 国际联盟事务副总裁1926～ 美国投资银行Blair&Coy欧洲责任者</p>"
makeWordArrayJp
paragraph: source: www.soc.utu.fi仠 人物—Jean Monnet(1888-1979) 欧洲之父1919 国际联盟事务副总裁1926～ 美国投资银行Blair&Coy欧洲责任者
source :	名詞,固有名詞,組織,*,*,*,*	false	1
www :	名詞,固有名詞,組織,*,*,*,*	false	1
soc :	名詞,一般,*,*,*,*,*	false	1
utu :	名詞,一般,*,*,*,*,*	false	1
fi :	名詞,一般,*,*,*,*,*	false	1
人物 :	名詞,一般,*,*,*,*,人物,ジンブツ,ジンブツ	true	1
Jean :	名詞,固有名詞,組織,*,*,*,*	false	1
Monnet :	名詞,固有名詞,組織,*,*,*,*	false	1
美国 :	名詞,固有名詞,地域,一般,*,*,美国,ビクニ,ビクニ	true	1
Blair :	名詞,一般,*,*,*,*,*	false	1
Coy :	名詞,一般,*,*,*,*,*	false	1
ページ: 22 -----
<slide page="22"><body><p>source: www.soc.utu.fi仠 人物—Jean Monnet(1888-1979) 欧洲之父1919 国际联盟事务副总裁1926～ 美国投资银行Blair&Coy欧洲责任者1933  以中国国民党宋子文为顾问，中国开发金融公社（上海）成立      Dean Acheson, John McCloy, 与John Foster Dulles关系亲近</p></body></slide>
in Sheet Class, page: 22
title = ""
body = "<p>source: www.soc.utu.fi仠 人物—Jean Monnet(1888-1979) 欧洲之父1919 国际联盟事务副总裁1926～ 美国投资银行Blair&Coy欧洲责任者1933  以中国国民党宋子文为顾问，中国开发金融公社（上海）成立      Dean Acheson, John McCloy, 与John Foster Dulles关系亲近</p>"
makeWordArrayJp
paragraph: source: www.soc.utu.fi仠 人物—Jean Monnet(1888-1979) 欧洲之父1919 国际联盟事务副总裁1926～ 美国投资银行Blair&Coy欧洲责任者1933  以中国国民党宋子文为顾问，中国开发金融公社（上海）成立      Dean Acheson, John McCloy, 与John Foster Dulles关系亲近
source :	名詞,固有名詞,組織,*,*,*,*	false	1
www :	名詞,固有名詞,組織,*,*,*,*	false	1
soc :	名詞,一般,*,*,*,*,*	false	1
utu :	名詞,一般,*,*,*,*,*	false	1
fi :	名詞,一般,*,*,*,*,*	false	1
人物 :	名詞,一般,*,*,*,*,人物,ジンブツ,ジンブツ	true	1
Jean :	名詞,固有名詞,組織,*,*,*,*	false	1
Monnet :	名詞,固有名詞,組織,*,*,*,*	false	1
美国 :	名詞,固有名詞,地域,一般,*,*,美国,ビクニ,ビクニ	true	1
Blair :	名詞,一般,*,*,*,*,*	false	1
Coy :	名詞,一般,*,*,*,*,*	false	1
中国 :	名詞,固有名詞,地域,国,*,*,中国,チュウゴク,チューゴク	true	1
国民党 :	名詞,固有名詞,組織,*,*,*,国民党,コクミントウ,コクミントー	true	1
中国 :	名詞,固有名詞,地域,国,*,*,中国,チュウゴク,チューゴク	true	2
金融 :	名詞,一般,*,*,*,*,金融,キンユウ,キンユー	true	1
公社 :	名詞,一般,*,*,*,*,公社,コウシャ,コーシャ	true	1
上海 :	名詞,固有名詞,地域,一般,*,*,上海,シャンハイ,シャンハイ	true	1
成立 :	名詞,サ変接続,*,*,*,*,成立,セイリツ,セイリツ	true	1
Dean :	名詞,固有名詞,組織,*,*,*,*	false	1
Acheson :	名詞,固有名詞,組織,*,*,*,*	false	1
John :	名詞,固有名詞,組織,*,*,*,*	false	1
McCloy :	名詞,固有名詞,組織,*,*,*,*	false	1
John :	名詞,固有名詞,組織,*,*,*,*	false	2
Foster :	名詞,固有名詞,組織,*,*,*,*	false	1
Dulles :	名詞,固有名詞,組織,*,*,*,*	false	1
ページ: 23 -----
<slide page="23"><body><p>source: www.soc.utu.fi仠 人物—Jean Monnet(1888-1979) 欧洲之父1919 国际联盟事务副总裁1926～ 美国投资银行Blair&Coy欧洲责任者1933  以中国国民党宋子文为顾问，中国开发金融公社（上海）成立      Dean Acheson, John McCloy, 与John Foster Dulles关系亲近1946  the Monnet Plan</p></body></slide>
in Sheet Class, page: 23
title = ""
body = "<p>source: www.soc.utu.fi仠 人物—Jean Monnet(1888-1979) 欧洲之父1919 国际联盟事务副总裁1926～ 美国投资银行Blair&Coy欧洲责任者1933  以中国国民党宋子文为顾问，中国开发金融公社（上海）成立      Dean Acheson, John McCloy, 与John Foster Dulles关系亲近1946  the Monnet Plan</p>"
makeWordArrayJp
paragraph: source: www.soc.utu.fi仠 人物—Jean Monnet(1888-1979) 欧洲之父1919 国际联盟事务副总裁1926～ 美国投资银行Blair&Coy欧洲责任者1933  以中国国民党宋子文为顾问，中国开发金融公社（上海）成立      Dean Acheson, John McCloy, 与John Foster Dulles关系亲近1946  the Monnet Plan
source :	名詞,固有名詞,組織,*,*,*,*	false	1
www :	名詞,固有名詞,組織,*,*,*,*	false	1
soc :	名詞,一般,*,*,*,*,*	false	1
utu :	名詞,一般,*,*,*,*,*	false	1
fi :	名詞,一般,*,*,*,*,*	false	1
人物 :	名詞,一般,*,*,*,*,人物,ジンブツ,ジンブツ	true	1
Jean :	名詞,固有名詞,組織,*,*,*,*	false	1
Monnet :	名詞,固有名詞,組織,*,*,*,*	false	1
美国 :	名詞,固有名詞,地域,一般,*,*,美国,ビクニ,ビクニ	true	1
Blair :	名詞,一般,*,*,*,*,*	false	1
Coy :	名詞,一般,*,*,*,*,*	false	1
中国 :	名詞,固有名詞,地域,国,*,*,中国,チュウゴク,チューゴク	true	1
国民党 :	名詞,固有名詞,組織,*,*,*,国民党,コクミントウ,コクミントー	true	1
中国 :	名詞,固有名詞,地域,国,*,*,中国,チュウゴク,チューゴク	true	2
金融 :	名詞,一般,*,*,*,*,金融,キンユウ,キンユー	true	1
公社 :	名詞,一般,*,*,*,*,公社,コウシャ,コーシャ	true	1
上海 :	名詞,固有名詞,地域,一般,*,*,上海,シャンハイ,シャンハイ	true	1
成立 :	名詞,サ変接続,*,*,*,*,成立,セイリツ,セイリツ	true	1
Dean :	名詞,固有名詞,組織,*,*,*,*	false	1
Acheson :	名詞,固有名詞,組織,*,*,*,*	false	1
John :	名詞,固有名詞,組織,*,*,*,*	false	1
McCloy :	名詞,固有名詞,組織,*,*,*,*	false	1
John :	名詞,固有名詞,組織,*,*,*,*	false	2
Foster :	名詞,固有名詞,組織,*,*,*,*	false	1
Dulles :	名詞,固有名詞,組織,*,*,*,*	false	1
the :	名詞,固有名詞,組織,*,*,*,*	false	1
Monnet :	名詞,固有名詞,組織,*,*,*,*	false	2
Plan :	名詞,固有名詞,組織,*,*,*,*	false	1
ページ: 24 -----
<slide page="24"><body><p>source: www.soc.utu.fi仠 人物—Jean Monnet(1888-1979) 欧洲之父1919 国际联盟事务副总裁1926～ 美国投资银行Blair&Coy欧洲责任者1933  以中国国民党宋子文为顾问，中国开发金融公社（上海）成立      Dean Acheson, John McCloy, 与John Foster Dulles关系亲近1946  the Monnet Plan      法国近代化5年计划</p></body></slide>
in Sheet Class, page: 24
title = ""
body = "<p>source: www.soc.utu.fi仠 人物—Jean Monnet(1888-1979) 欧洲之父1919 国际联盟事务副总裁1926～ 美国投资银行Blair&Coy欧洲责任者1933  以中国国民党宋子文为顾问，中国开发金融公社（上海）成立      Dean Acheson, John McCloy, 与John Foster Dulles关系亲近1946  the Monnet Plan      法国近代化5年计划</p>"
makeWordArrayJp
paragraph: source: www.soc.utu.fi仠 人物—Jean Monnet(1888-1979) 欧洲之父1919 国际联盟事务副总裁1926～ 美国投资银行Blair&Coy欧洲责任者1933  以中国国民党宋子文为顾问，中国开发金融公社（上海）成立      Dean Acheson, John McCloy, 与John Foster Dulles关系亲近1946  the Monnet Plan      法国近代化5年计划
source :	名詞,固有名詞,組織,*,*,*,*	false	1
www :	名詞,固有名詞,組織,*,*,*,*	false	1
soc :	名詞,一般,*,*,*,*,*	false	1
utu :	名詞,一般,*,*,*,*,*	false	1
fi :	名詞,一般,*,*,*,*,*	false	1
人物 :	名詞,一般,*,*,*,*,人物,ジンブツ,ジンブツ	true	1
Jean :	名詞,固有名詞,組織,*,*,*,*	false	1
Monnet :	名詞,固有名詞,組織,*,*,*,*	false	1
美国 :	名詞,固有名詞,地域,一般,*,*,美国,ビクニ,ビクニ	true	1
Blair :	名詞,一般,*,*,*,*,*	false	1
Coy :	名詞,一般,*,*,*,*,*	false	1
中国 :	名詞,固有名詞,地域,国,*,*,中国,チュウゴク,チューゴク	true	1
国民党 :	名詞,固有名詞,組織,*,*,*,国民党,コクミントウ,コクミントー	true	1
中国 :	名詞,固有名詞,地域,国,*,*,中国,チュウゴク,チューゴク	true	2
金融 :	名詞,一般,*,*,*,*,金融,キンユウ,キンユー	true	1
公社 :	名詞,一般,*,*,*,*,公社,コウシャ,コーシャ	true	1
上海 :	名詞,固有名詞,地域,一般,*,*,上海,シャンハイ,シャンハイ	true	1
成立 :	名詞,サ変接続,*,*,*,*,成立,セイリツ,セイリツ	true	1
Dean :	名詞,固有名詞,組織,*,*,*,*	false	1
Acheson :	名詞,固有名詞,組織,*,*,*,*	false	1
John :	名詞,固有名詞,組織,*,*,*,*	false	1
McCloy :	名詞,固有名詞,組織,*,*,*,*	false	1
John :	名詞,固有名詞,組織,*,*,*,*	false	2
Foster :	名詞,固有名詞,組織,*,*,*,*	false	1
Dulles :	名詞,固有名詞,組織,*,*,*,*	false	1
the :	名詞,固有名詞,組織,*,*,*,*	false	1
Monnet :	名詞,固有名詞,組織,*,*,*,*	false	2
Plan :	名詞,固有名詞,組織,*,*,*,*	false	1
近代 :	名詞,一般,*,*,*,*,近代,キンダイ,キンダイ	true	1
ページ: 25 -----
<slide page="25"><body><p>source: www.soc.utu.fi仠 人物—Jean Monnet(1888-1979) 欧洲之父1919 国际联盟事务副总裁1926～ 美国投资银行Blair&Coy欧洲责任者1933  以中国国民党宋子文为顾问，中国开发金融公社（上海）成立      Dean Acheson, John McCloy, 与John Foster Dulles关系亲近1946  the Monnet Plan      法国近代化5年计划1950.5.9 舒曼（法国外交部长）计划立案</p></body></slide>
in Sheet Class, page: 25
title = ""
body = "<p>source: www.soc.utu.fi仠 人物—Jean Monnet(1888-1979) 欧洲之父1919 国际联盟事务副总裁1926～ 美国投资银行Blair&Coy欧洲责任者1933  以中国国民党宋子文为顾问，中国开发金融公社（上海）成立      Dean Acheson, John McCloy, 与John Foster Dulles关系亲近1946  the Monnet Plan      法国近代化5年计划1950.5.9 舒曼（法国外交部长）计划立案</p>"
makeWordArrayJp
paragraph: source: www.soc.utu.fi仠 人物—Jean Monnet(1888-1979) 欧洲之父1919 国际联盟事务副总裁1926～ 美国投资银行Blair&Coy欧洲责任者1933  以中国国民党宋子文为顾问，中国开发金融公社（上海）成立      Dean Acheson, John McCloy, 与John Foster Dulles关系亲近1946  the Monnet Plan      法国近代化5年计划1950.5.9 舒曼（法国外交部长）计划立案
source :	名詞,固有名詞,組織,*,*,*,*	false	1
www :	名詞,固有名詞,組織,*,*,*,*	false	1
soc :	名詞,一般,*,*,*,*,*	false	1
utu :	名詞,一般,*,*,*,*,*	false	1
fi :	名詞,一般,*,*,*,*,*	false	1
人物 :	名詞,一般,*,*,*,*,人物,ジンブツ,ジンブツ	true	1
Jean :	名詞,固有名詞,組織,*,*,*,*	false	1
Monnet :	名詞,固有名詞,組織,*,*,*,*	false	1
美国 :	名詞,固有名詞,地域,一般,*,*,美国,ビクニ,ビクニ	true	1
Blair :	名詞,一般,*,*,*,*,*	false	1
Coy :	名詞,一般,*,*,*,*,*	false	1
中国 :	名詞,固有名詞,地域,国,*,*,中国,チュウゴク,チューゴク	true	1
国民党 :	名詞,固有名詞,組織,*,*,*,国民党,コクミントウ,コクミントー	true	1
中国 :	名詞,固有名詞,地域,国,*,*,中国,チュウゴク,チューゴク	true	2
金融 :	名詞,一般,*,*,*,*,金融,キンユウ,キンユー	true	1
公社 :	名詞,一般,*,*,*,*,公社,コウシャ,コーシャ	true	1
上海 :	名詞,固有名詞,地域,一般,*,*,上海,シャンハイ,シャンハイ	true	1
成立 :	名詞,サ変接続,*,*,*,*,成立,セイリツ,セイリツ	true	1
Dean :	名詞,固有名詞,組織,*,*,*,*	false	1
Acheson :	名詞,固有名詞,組織,*,*,*,*	false	1
John :	名詞,固有名詞,組織,*,*,*,*	false	1
McCloy :	名詞,固有名詞,組織,*,*,*,*	false	1
John :	名詞,固有名詞,組織,*,*,*,*	false	2
Foster :	名詞,固有名詞,組織,*,*,*,*	false	1
Dulles :	名詞,固有名詞,組織,*,*,*,*	false	1
the :	名詞,固有名詞,組織,*,*,*,*	false	1
Monnet :	名詞,固有名詞,組織,*,*,*,*	false	2
Plan :	名詞,固有名詞,組織,*,*,*,*	false	1
近代 :	名詞,一般,*,*,*,*,近代,キンダイ,キンダイ	true	1
外交 :	名詞,一般,*,*,*,*,外交,ガイコウ,ガイコー	true	1
立案 :	名詞,サ変接続,*,*,*,*,立案,リツアン,リツアン	true	1
ページ: 26 -----
<slide page="26"><body><p>source: www.soc.utu.fi仠 人物—Jean Monnet(1888-1979) 欧洲之父1919 国际联盟事务副总裁1926～ 美国投资银行Blair&Coy欧洲责任者1933  以中国国民党宋子文为顾问，中国开发金融公社（上海）成立      Dean Acheson, John McCloy, 与John Foster Dulles关系亲近1946  the Monnet Plan      法国近代化5年计划1950.5.9 舒曼（法国外交部长）计划立案1952.7  ECSC第一代总裁</p></body></slide>
in Sheet Class, page: 26
title = ""
body = "<p>source: www.soc.utu.fi仠 人物—Jean Monnet(1888-1979) 欧洲之父1919 国际联盟事务副总裁1926～ 美国投资银行Blair&Coy欧洲责任者1933  以中国国民党宋子文为顾问，中国开发金融公社（上海）成立      Dean Acheson, John McCloy, 与John Foster Dulles关系亲近1946  the Monnet Plan      法国近代化5年计划1950.5.9 舒曼（法国外交部长）计划立案1952.7  ECSC第一代总裁</p>"
makeWordArrayJp
paragraph: source: www.soc.utu.fi仠 人物—Jean Monnet(1888-1979) 欧洲之父1919 国际联盟事务副总裁1926～ 美国投资银行Blair&Coy欧洲责任者1933  以中国国民党宋子文为顾问，中国开发金融公社（上海）成立      Dean Acheson, John McCloy, 与John Foster Dulles关系亲近1946  the Monnet Plan      法国近代化5年计划1950.5.9 舒曼（法国外交部长）计划立案1952.7  ECSC第一代总裁
source :	名詞,固有名詞,組織,*,*,*,*	false	1
www :	名詞,固有名詞,組織,*,*,*,*	false	1
soc :	名詞,一般,*,*,*,*,*	false	1
utu :	名詞,一般,*,*,*,*,*	false	1
fi :	名詞,一般,*,*,*,*,*	false	1
人物 :	名詞,一般,*,*,*,*,人物,ジンブツ,ジンブツ	true	1
Jean :	名詞,固有名詞,組織,*,*,*,*	false	1
Monnet :	名詞,固有名詞,組織,*,*,*,*	false	1
美国 :	名詞,固有名詞,地域,一般,*,*,美国,ビクニ,ビクニ	true	1
Blair :	名詞,一般,*,*,*,*,*	false	1
Coy :	名詞,一般,*,*,*,*,*	false	1
中国 :	名詞,固有名詞,地域,国,*,*,中国,チュウゴク,チューゴク	true	1
国民党 :	名詞,固有名詞,組織,*,*,*,国民党,コクミントウ,コクミントー	true	1
中国 :	名詞,固有名詞,地域,国,*,*,中国,チュウゴク,チューゴク	true	2
金融 :	名詞,一般,*,*,*,*,金融,キンユウ,キンユー	true	1
公社 :	名詞,一般,*,*,*,*,公社,コウシャ,コーシャ	true	1
上海 :	名詞,固有名詞,地域,一般,*,*,上海,シャンハイ,シャンハイ	true	1
成立 :	名詞,サ変接続,*,*,*,*,成立,セイリツ,セイリツ	true	1
Dean :	名詞,固有名詞,組織,*,*,*,*	false	1
Acheson :	名詞,固有名詞,組織,*,*,*,*	false	1
John :	名詞,固有名詞,組織,*,*,*,*	false	1
McCloy :	名詞,固有名詞,組織,*,*,*,*	false	1
John :	名詞,固有名詞,組織,*,*,*,*	false	2
Foster :	名詞,固有名詞,組織,*,*,*,*	false	1
Dulles :	名詞,固有名詞,組織,*,*,*,*	false	1
the :	名詞,固有名詞,組織,*,*,*,*	false	1
Monnet :	名詞,固有名詞,組織,*,*,*,*	false	2
Plan :	名詞,固有名詞,組織,*,*,*,*	false	1
近代 :	名詞,一般,*,*,*,*,近代,キンダイ,キンダイ	true	1
外交 :	名詞,一般,*,*,*,*,外交,ガイコウ,ガイコー	true	1
立案 :	名詞,サ変接続,*,*,*,*,立案,リツアン,リツアン	true	1
ECSC :	名詞,固有名詞,組織,*,*,*,*	false	1
ページ: 27 -----
<slide page="27"><body><p>5. 尼采与NSC-68•凯南所主张的“限定性的”遏制•外交手段·德国统一 —X论文 NSC-20• 1949年的两个冲击—苏联核试验和中国革命•终结了美国的核垄断·→新政策的必要性</p></body></slide>
in Sheet Class, page: 27
title = ""
body = "<p>5. 尼采与NSC-68•凯南所主张的“限定性的”遏制•外交手段·德国统一 —X论文 NSC-20• 1949年的两个冲击—苏联核试验和中国革命•终结了美国的核垄断·→新政策的必要性</p>"
makeWordArrayJp
paragraph: 5. 尼采与NSC-68•凯南所主张的“限定性的”遏制•外交手段·德国统一 —X论文 NSC-20• 1949年的两个冲击—苏联核试验和中国革命•终结了美国的核垄断·→新政策的必要性
NSC :	名詞,固有名詞,組織,*,*,*,*	false	1
限定 :	名詞,サ変接続,*,*,*,*,限定,ゲンテイ,ゲンテイ	true	1
性的 :	名詞,形容動詞語幹,*,*,*,*,性的,セイテキ,セイテキ	true	1
外交 :	名詞,一般,*,*,*,*,外交,ガイコウ,ガイコー	true	1
手段 :	名詞,一般,*,*,*,*,手段,シュダン,シュダン	true	1
NSC :	名詞,固有名詞,組織,*,*,*,*	false	2
中国 :	名詞,固有名詞,地域,国,*,*,中国,チュウゴク,チューゴク	true	1
革命 :	名詞,一般,*,*,*,*,革命,カクメイ,カクメイ	true	1
美国 :	名詞,固有名詞,地域,一般,*,*,美国,ビクニ,ビクニ	true	1
·→ :	名詞,サ変接続,*,*,*,*,*	false	1
政策 :	名詞,一般,*,*,*,*,政策,セイサク,セイサク	true	1
必要 :	名詞,形容動詞語幹,*,*,*,*,必要,ヒツヨウ,ヒツヨー	true	1
ページ: 28 -----
<slide page="28"><body><p>source: indice.elpais.esPaul Nitze(1907-2004)对苏联冷战的中心人物</p></body></slide>
in Sheet Class, page: 28
title = ""
body = "<p>source: indice.elpais.esPaul Nitze(1907-2004)对苏联冷战的中心人物</p>"
makeWordArrayJp
paragraph: source: indice.elpais.esPaul Nitze(1907-2004)对苏联冷战的中心人物
source :	名詞,固有名詞,組織,*,*,*,*	false	1
indice :	名詞,固有名詞,組織,*,*,*,*	false	1
elpais :	名詞,一般,*,*,*,*,*	false	1
esPaul :	名詞,固有名詞,組織,*,*,*,*	false	1
Nitze :	名詞,固有名詞,組織,*,*,*,*	false	1
中心 :	名詞,一般,*,*,*,*,中心,チュウシン,チューシン	true	1
人物 :	名詞,一般,*,*,*,*,人物,ジンブツ,ジンブツ	true	1
ページ: 29 -----
<slide page="29"><body><p>source: indice.elpais.esPaul Nitze(1907-2004)对苏联冷战的中心人物1928  哈佛大学毕业</p></body></slide>
in Sheet Class, page: 29
title = ""
body = "<p>source: indice.elpais.esPaul Nitze(1907-2004)对苏联冷战的中心人物1928  哈佛大学毕业</p>"
makeWordArrayJp
paragraph: source: indice.elpais.esPaul Nitze(1907-2004)对苏联冷战的中心人物1928  哈佛大学毕业
source :	名詞,固有名詞,組織,*,*,*,*	false	1
indice :	名詞,固有名詞,組織,*,*,*,*	false	1
elpais :	名詞,一般,*,*,*,*,*	false	1
esPaul :	名詞,固有名詞,組織,*,*,*,*	false	1
Nitze :	名詞,固有名詞,組織,*,*,*,*	false	1
中心 :	名詞,一般,*,*,*,*,中心,チュウシン,チューシン	true	1
人物 :	名詞,一般,*,*,*,*,人物,ジンブツ,ジンブツ	true	1
大学 :	名詞,一般,*,*,*,*,大学,ダイガク,ダイガク	true	1
ページ: 30 -----
<slide page="30"><body><p>source: indice.elpais.esPaul Nitze(1907-2004)对苏联冷战的中心人物1928  哈佛大学毕业         加入投资银行界（Dillon Read商会）</p></body></slide>
in Sheet Class, page: 30
title = ""
body = "<p>source: indice.elpais.esPaul Nitze(1907-2004)对苏联冷战的中心人物1928  哈佛大学毕业         加入投资银行界（Dillon Read商会）</p>"
makeWordArrayJp
paragraph: source: indice.elpais.esPaul Nitze(1907-2004)对苏联冷战的中心人物1928  哈佛大学毕业         加入投资银行界（Dillon Read商会）
source :	名詞,固有名詞,組織,*,*,*,*	false	1
indice :	名詞,固有名詞,組織,*,*,*,*	false	1
elpais :	名詞,一般,*,*,*,*,*	false	1
esPaul :	名詞,固有名詞,組織,*,*,*,*	false	1
Nitze :	名詞,固有名詞,組織,*,*,*,*	false	1
中心 :	名詞,一般,*,*,*,*,中心,チュウシン,チューシン	true	1
人物 :	名詞,一般,*,*,*,*,人物,ジンブツ,ジンブツ	true	1
大学 :	名詞,一般,*,*,*,*,大学,ダイガク,ダイガク	true	1
加入 :	名詞,サ変接続,*,*,*,*,加入,カニュウ,カニュー	true	1
Dillon :	名詞,固有名詞,組織,*,*,*,*	false	1
Read :	名詞,固有名詞,組織,*,*,*,*	false	1
商会 :	名詞,一般,*,*,*,*,商会,ショウカイ,ショーカイ	true	1
ページ: 31 -----
<slide page="31"><body><p>source: indice.elpais.esPaul Nitze(1907-2004)对苏联冷战的中心人物1928  哈佛大学毕业         加入投资银行界（Dillon Read商会）1944-46 参加战略爆炸调查团</p></body></slide>
in Sheet Class, page: 31
title = ""
body = "<p>source: indice.elpais.esPaul Nitze(1907-2004)对苏联冷战的中心人物1928  哈佛大学毕业         加入投资银行界（Dillon Read商会）1944-46 参加战略爆炸调查团</p>"
makeWordArrayJp
paragraph: source: indice.elpais.esPaul Nitze(1907-2004)对苏联冷战的中心人物1928  哈佛大学毕业         加入投资银行界（Dillon Read商会）1944-46 参加战略爆炸调查团
source :	名詞,固有名詞,組織,*,*,*,*	false	1
indice :	名詞,固有名詞,組織,*,*,*,*	false	1
elpais :	名詞,一般,*,*,*,*,*	false	1
esPaul :	名詞,固有名詞,組織,*,*,*,*	false	1
Nitze :	名詞,固有名詞,組織,*,*,*,*	false	1
中心 :	名詞,一般,*,*,*,*,中心,チュウシン,チューシン	true	1
人物 :	名詞,一般,*,*,*,*,人物,ジンブツ,ジンブツ	true	1
大学 :	名詞,一般,*,*,*,*,大学,ダイガク,ダイガク	true	1
加入 :	名詞,サ変接続,*,*,*,*,加入,カニュウ,カニュー	true	1
Dillon :	名詞,固有名詞,組織,*,*,*,*	false	1
Read :	名詞,固有名詞,組織,*,*,*,*	false	1
商会 :	名詞,一般,*,*,*,*,商会,ショウカイ,ショーカイ	true	1
参加 :	名詞,サ変接続,*,*,*,*,参加,サンカ,サンカ	true	1
ページ: 32 -----
<slide page="32"><body><p>source: indice.elpais.esPaul Nitze(1907-2004)对苏联冷战的中心人物1928  哈佛大学毕业         加入投资银行界（Dillon Read商会）1944-46 参加战略爆炸调查团1950-53 国务院政策计划室长</p></body></slide>
in Sheet Class, page: 32
title = ""
body = "<p>source: indice.elpais.esPaul Nitze(1907-2004)对苏联冷战的中心人物1928  哈佛大学毕业         加入投资银行界（Dillon Read商会）1944-46 参加战略爆炸调查团1950-53 国务院政策计划室长</p>"
makeWordArrayJp
paragraph: source: indice.elpais.esPaul Nitze(1907-2004)对苏联冷战的中心人物1928  哈佛大学毕业         加入投资银行界（Dillon Read商会）1944-46 参加战略爆炸调查团1950-53 国务院政策计划室长
source :	名詞,固有名詞,組織,*,*,*,*	false	1
indice :	名詞,固有名詞,組織,*,*,*,*	false	1
elpais :	名詞,一般,*,*,*,*,*	false	1
esPaul :	名詞,固有名詞,組織,*,*,*,*	false	1
Nitze :	名詞,固有名詞,組織,*,*,*,*	false	1
中心 :	名詞,一般,*,*,*,*,中心,チュウシン,チューシン	true	1
人物 :	名詞,一般,*,*,*,*,人物,ジンブツ,ジンブツ	true	1
大学 :	名詞,一般,*,*,*,*,大学,ダイガク,ダイガク	true	1
加入 :	名詞,サ変接続,*,*,*,*,加入,カニュウ,カニュー	true	1
Dillon :	名詞,固有名詞,組織,*,*,*,*	false	1
Read :	名詞,固有名詞,組織,*,*,*,*	false	1
商会 :	名詞,一般,*,*,*,*,商会,ショウカイ,ショーカイ	true	1
参加 :	名詞,サ変接続,*,*,*,*,参加,サンカ,サンカ	true	1
政策 :	名詞,一般,*,*,*,*,政策,セイサク,セイサク	true	1
ページ: 33 -----
<slide page="33"><body><p>source: indice.elpais.esPaul Nitze(1907-2004)对苏联冷战的中心人物1928  哈佛大学毕业         加入投资银行界（Dillon Read商会）1944-46 参加战略爆炸调查团1950-53 国务院政策计划室长1950 起草NSC-68</p></body></slide>
in Sheet Class, page: 33
title = ""
body = "<p>source: indice.elpais.esPaul Nitze(1907-2004)对苏联冷战的中心人物1928  哈佛大学毕业         加入投资银行界（Dillon Read商会）1944-46 参加战略爆炸调查团1950-53 国务院政策计划室长1950 起草NSC-68</p>"
makeWordArrayJp
paragraph: source: indice.elpais.esPaul Nitze(1907-2004)对苏联冷战的中心人物1928  哈佛大学毕业         加入投资银行界（Dillon Read商会）1944-46 参加战略爆炸调查团1950-53 国务院政策计划室长1950 起草NSC-68
source :	名詞,固有名詞,組織,*,*,*,*	false	1
indice :	名詞,固有名詞,組織,*,*,*,*	false	1
elpais :	名詞,一般,*,*,*,*,*	false	1
esPaul :	名詞,固有名詞,組織,*,*,*,*	false	1
Nitze :	名詞,固有名詞,組織,*,*,*,*	false	1
中心 :	名詞,一般,*,*,*,*,中心,チュウシン,チューシン	true	1
人物 :	名詞,一般,*,*,*,*,人物,ジンブツ,ジンブツ	true	1
大学 :	名詞,一般,*,*,*,*,大学,ダイガク,ダイガク	true	1
加入 :	名詞,サ変接続,*,*,*,*,加入,カニュウ,カニュー	true	1
Dillon :	名詞,固有名詞,組織,*,*,*,*	false	1
Read :	名詞,固有名詞,組織,*,*,*,*	false	1
商会 :	名詞,一般,*,*,*,*,商会,ショウカイ,ショーカイ	true	1
参加 :	名詞,サ変接続,*,*,*,*,参加,サンカ,サンカ	true	1
政策 :	名詞,一般,*,*,*,*,政策,セイサク,セイサク	true	1
起草 :	名詞,サ変接続,*,*,*,*,起草,キソウ,キソー	true	1
NSC :	名詞,一般,*,*,*,*,*	false	1
ページ: 34 -----
<slide page="34"><body><p>source: indice.elpais.esPaul Nitze(1907-2004)对苏联冷战的中心人物1928  哈佛大学毕业         加入投资银行界（Dillon Read商会）1944-46 参加战略爆炸调查团1950-53 国务院政策计划室长1950 起草NSC-681963-67 SALT-1</p></body></slide>
in Sheet Class, page: 34
title = ""
body = "<p>source: indice.elpais.esPaul Nitze(1907-2004)对苏联冷战的中心人物1928  哈佛大学毕业         加入投资银行界（Dillon Read商会）1944-46 参加战略爆炸调查团1950-53 国务院政策计划室长1950 起草NSC-681963-67 SALT-1</p>"
makeWordArrayJp
paragraph: source: indice.elpais.esPaul Nitze(1907-2004)对苏联冷战的中心人物1928  哈佛大学毕业         加入投资银行界（Dillon Read商会）1944-46 参加战略爆炸调查团1950-53 国务院政策计划室长1950 起草NSC-681963-67 SALT-1
source :	名詞,固有名詞,組織,*,*,*,*	false	1
indice :	名詞,固有名詞,組織,*,*,*,*	false	1
elpais :	名詞,一般,*,*,*,*,*	false	1
esPaul :	名詞,固有名詞,組織,*,*,*,*	false	1
Nitze :	名詞,固有名詞,組織,*,*,*,*	false	1
中心 :	名詞,一般,*,*,*,*,中心,チュウシン,チューシン	true	1
人物 :	名詞,一般,*,*,*,*,人物,ジンブツ,ジンブツ	true	1
大学 :	名詞,一般,*,*,*,*,大学,ダイガク,ダイガク	true	1
加入 :	名詞,サ変接続,*,*,*,*,加入,カニュウ,カニュー	true	1
Dillon :	名詞,固有名詞,組織,*,*,*,*	false	1
Read :	名詞,固有名詞,組織,*,*,*,*	false	1
商会 :	名詞,一般,*,*,*,*,商会,ショウカイ,ショーカイ	true	1
参加 :	名詞,サ変接続,*,*,*,*,参加,サンカ,サンカ	true	1
政策 :	名詞,一般,*,*,*,*,政策,セイサク,セイサク	true	1
起草 :	名詞,サ変接続,*,*,*,*,起草,キソウ,キソー	true	1
NSC :	名詞,一般,*,*,*,*,*	false	1
SALT :	名詞,固有名詞,組織,*,*,*,*	false	1
ページ: 35 -----
<slide page="35"><body><p>source: indice.elpais.esPaul Nitze(1907-2004)对苏联冷战的中心人物1928  哈佛大学毕业         加入投资银行界（Dillon Read商会）1944-46 参加战略爆炸调查团1950-53 国务院政策计划室长1950 起草NSC-681963-67 SALT-11967-69 SALT-II</p></body></slide>
in Sheet Class, page: 35
title = ""
body = "<p>source: indice.elpais.esPaul Nitze(1907-2004)对苏联冷战的中心人物1928  哈佛大学毕业         加入投资银行界（Dillon Read商会）1944-46 参加战略爆炸调查团1950-53 国务院政策计划室长1950 起草NSC-681963-67 SALT-11967-69 SALT-II</p>"
makeWordArrayJp
paragraph: source: indice.elpais.esPaul Nitze(1907-2004)对苏联冷战的中心人物1928  哈佛大学毕业         加入投资银行界（Dillon Read商会）1944-46 参加战略爆炸调查团1950-53 国务院政策计划室长1950 起草NSC-681963-67 SALT-11967-69 SALT-II
source :	名詞,固有名詞,組織,*,*,*,*	false	1
indice :	名詞,固有名詞,組織,*,*,*,*	false	1
elpais :	名詞,一般,*,*,*,*,*	false	1
esPaul :	名詞,固有名詞,組織,*,*,*,*	false	1
Nitze :	名詞,固有名詞,組織,*,*,*,*	false	1
中心 :	名詞,一般,*,*,*,*,中心,チュウシン,チューシン	true	1
人物 :	名詞,一般,*,*,*,*,人物,ジンブツ,ジンブツ	true	1
大学 :	名詞,一般,*,*,*,*,大学,ダイガク,ダイガク	true	1
加入 :	名詞,サ変接続,*,*,*,*,加入,カニュウ,カニュー	true	1
Dillon :	名詞,固有名詞,組織,*,*,*,*	false	1
Read :	名詞,固有名詞,組織,*,*,*,*	false	1
商会 :	名詞,一般,*,*,*,*,商会,ショウカイ,ショーカイ	true	1
参加 :	名詞,サ変接続,*,*,*,*,参加,サンカ,サンカ	true	1
政策 :	名詞,一般,*,*,*,*,政策,セイサク,セイサク	true	1
起草 :	名詞,サ変接続,*,*,*,*,起草,キソウ,キソー	true	1
NSC :	名詞,一般,*,*,*,*,*	false	1
SALT :	名詞,固有名詞,組織,*,*,*,*	false	1
SALT :	名詞,固有名詞,組織,*,*,*,*	false	2
II :	名詞,固有名詞,組織,*,*,*,*	false	1
ページ: 36 -----
<slide page="36"><body><p>source: indice.elpais.esPaul Nitze(1907-2004)对苏联冷战的中心人物1928  哈佛大学毕业         加入投资银行界（Dillon Read商会）1944-46 参加战略爆炸调查团1950-53 国务院政策计划室长1950 起草NSC-681963-67 SALT-11967-69 SALT-II1981-84 交涉中距离核导弹</p></body></slide>
in Sheet Class, page: 36
title = ""
body = "<p>source: indice.elpais.esPaul Nitze(1907-2004)对苏联冷战的中心人物1928  哈佛大学毕业         加入投资银行界（Dillon Read商会）1944-46 参加战略爆炸调查团1950-53 国务院政策计划室长1950 起草NSC-681963-67 SALT-11967-69 SALT-II1981-84 交涉中距离核导弹</p>"
makeWordArrayJp
paragraph: source: indice.elpais.esPaul Nitze(1907-2004)对苏联冷战的中心人物1928  哈佛大学毕业         加入投资银行界（Dillon Read商会）1944-46 参加战略爆炸调查团1950-53 国务院政策计划室长1950 起草NSC-681963-67 SALT-11967-69 SALT-II1981-84 交涉中距离核导弹
source :	名詞,固有名詞,組織,*,*,*,*	false	1
indice :	名詞,固有名詞,組織,*,*,*,*	false	1
elpais :	名詞,一般,*,*,*,*,*	false	1
esPaul :	名詞,固有名詞,組織,*,*,*,*	false	1
Nitze :	名詞,固有名詞,組織,*,*,*,*	false	1
中心 :	名詞,一般,*,*,*,*,中心,チュウシン,チューシン	true	1
人物 :	名詞,一般,*,*,*,*,人物,ジンブツ,ジンブツ	true	1
大学 :	名詞,一般,*,*,*,*,大学,ダイガク,ダイガク	true	1
加入 :	名詞,サ変接続,*,*,*,*,加入,カニュウ,カニュー	true	1
Dillon :	名詞,固有名詞,組織,*,*,*,*	false	1
Read :	名詞,固有名詞,組織,*,*,*,*	false	1
商会 :	名詞,一般,*,*,*,*,商会,ショウカイ,ショーカイ	true	1
参加 :	名詞,サ変接続,*,*,*,*,参加,サンカ,サンカ	true	1
政策 :	名詞,一般,*,*,*,*,政策,セイサク,セイサク	true	1
起草 :	名詞,サ変接続,*,*,*,*,起草,キソウ,キソー	true	1
NSC :	名詞,一般,*,*,*,*,*	false	1
SALT :	名詞,固有名詞,組織,*,*,*,*	false	1
SALT :	名詞,固有名詞,組織,*,*,*,*	false	2
II :	名詞,一般,*,*,*,*,*	false	1
ページ: 37 -----
<slide page="37"><body><p>source: indice.elpais.esPaul Nitze(1907-2004)对苏联冷战的中心人物1928  哈佛大学毕业         加入投资银行界（Dillon Read商会）1944-46 参加战略爆炸调查团1950-53 国务院政策计划室长1950 起草NSC-681963-67 SALT-11967-69 SALT-II1981-84 交涉中距离核导弹1960年代—1980年代：美苏中距离核导弹交涉·军备管理的主导者</p></body></slide>
in Sheet Class, page: 37
title = ""
body = "<p>source: indice.elpais.esPaul Nitze(1907-2004)对苏联冷战的中心人物1928  哈佛大学毕业         加入投资银行界（Dillon Read商会）1944-46 参加战略爆炸调查团1950-53 国务院政策计划室长1950 起草NSC-681963-67 SALT-11967-69 SALT-II1981-84 交涉中距离核导弹1960年代—1980年代：美苏中距离核导弹交涉·军备管理的主导者</p>"
makeWordArrayJp
paragraph: source: indice.elpais.esPaul Nitze(1907-2004)对苏联冷战的中心人物1928  哈佛大学毕业         加入投资银行界（Dillon Read商会）1944-46 参加战略爆炸调查团1950-53 国务院政策计划室长1950 起草NSC-681963-67 SALT-11967-69 SALT-II1981-84 交涉中距离核导弹1960年代—1980年代：美苏中距离核导弹交涉·军备管理的主导者
source :	名詞,固有名詞,組織,*,*,*,*	false	1
indice :	名詞,固有名詞,組織,*,*,*,*	false	1
elpais :	名詞,一般,*,*,*,*,*	false	1
esPaul :	名詞,固有名詞,組織,*,*,*,*	false	1
Nitze :	名詞,固有名詞,組織,*,*,*,*	false	1
中心 :	名詞,一般,*,*,*,*,中心,チュウシン,チューシン	true	1
人物 :	名詞,一般,*,*,*,*,人物,ジンブツ,ジンブツ	true	1
大学 :	名詞,一般,*,*,*,*,大学,ダイガク,ダイガク	true	1
加入 :	名詞,サ変接続,*,*,*,*,加入,カニュウ,カニュー	true	1
Dillon :	名詞,固有名詞,組織,*,*,*,*	false	1
Read :	名詞,固有名詞,組織,*,*,*,*	false	1
商会 :	名詞,一般,*,*,*,*,商会,ショウカイ,ショーカイ	true	1
参加 :	名詞,サ変接続,*,*,*,*,参加,サンカ,サンカ	true	1
政策 :	名詞,一般,*,*,*,*,政策,セイサク,セイサク	true	1
起草 :	名詞,サ変接続,*,*,*,*,起草,キソウ,キソー	true	1
NSC :	名詞,一般,*,*,*,*,*	false	1
SALT :	名詞,固有名詞,組織,*,*,*,*	false	1
SALT :	名詞,固有名詞,組織,*,*,*,*	false	2
II :	名詞,一般,*,*,*,*,*	false	1
年代 :	名詞,接尾,助数詞,*,*,*,年代,ネンダイ,ネンダイ	true	1
年代 :	名詞,接尾,助数詞,*,*,*,年代,ネンダイ,ネンダイ	true	2
管理 :	名詞,サ変接続,*,*,*,*,管理,カンリ,カンリ	true	1
ページ: 38 -----
<slide page="38"><body><p>source: indice.elpais.esPaul Nitze(1907-2004)对苏联冷战的中心人物1928  哈佛大学毕业         加入投资银行界（Dillon Read商会）1944-46 参加战略爆炸调查团1950-53 国务院政策计划室长1950 起草NSC-681963-67 SALT-11967-69 SALT-II1981-84 交涉中距离核导弹1960年代—1980年代：美苏中距离核导弹交涉·军备管理的主导者</p></body></slide>
in Sheet Class, page: 38
title = ""
body = "<p>source: indice.elpais.esPaul Nitze(1907-2004)对苏联冷战的中心人物1928  哈佛大学毕业         加入投资银行界（Dillon Read商会）1944-46 参加战略爆炸调查团1950-53 国务院政策计划室长1950 起草NSC-681963-67 SALT-11967-69 SALT-II1981-84 交涉中距离核导弹1960年代—1980年代：美苏中距离核导弹交涉·军备管理的主导者</p>"
makeWordArrayJp
paragraph: source: indice.elpais.esPaul Nitze(1907-2004)对苏联冷战的中心人物1928  哈佛大学毕业         加入投资银行界（Dillon Read商会）1944-46 参加战略爆炸调查团1950-53 国务院政策计划室长1950 起草NSC-681963-67 SALT-11967-69 SALT-II1981-84 交涉中距离核导弹1960年代—1980年代：美苏中距离核导弹交涉·军备管理的主导者
source :	名詞,固有名詞,組織,*,*,*,*	false	1
indice :	名詞,固有名詞,組織,*,*,*,*	false	1
elpais :	名詞,一般,*,*,*,*,*	false	1
esPaul :	名詞,固有名詞,組織,*,*,*,*	false	1
Nitze :	名詞,固有名詞,組織,*,*,*,*	false	1
中心 :	名詞,一般,*,*,*,*,中心,チュウシン,チューシン	true	1
人物 :	名詞,一般,*,*,*,*,人物,ジンブツ,ジンブツ	true	1
大学 :	名詞,一般,*,*,*,*,大学,ダイガク,ダイガク	true	1
加入 :	名詞,サ変接続,*,*,*,*,加入,カニュウ,カニュー	true	1
Dillon :	名詞,固有名詞,組織,*,*,*,*	false	1
Read :	名詞,固有名詞,組織,*,*,*,*	false	1
商会 :	名詞,一般,*,*,*,*,商会,ショウカイ,ショーカイ	true	1
参加 :	名詞,サ変接続,*,*,*,*,参加,サンカ,サンカ	true	1
政策 :	名詞,一般,*,*,*,*,政策,セイサク,セイサク	true	1
起草 :	名詞,サ変接続,*,*,*,*,起草,キソウ,キソー	true	1
NSC :	名詞,一般,*,*,*,*,*	false	1
SALT :	名詞,固有名詞,組織,*,*,*,*	false	1
SALT :	名詞,固有名詞,組織,*,*,*,*	false	2
II :	名詞,一般,*,*,*,*,*	false	1
年代 :	名詞,接尾,助数詞,*,*,*,年代,ネンダイ,ネンダイ	true	1
年代 :	名詞,接尾,助数詞,*,*,*,年代,ネンダイ,ネンダイ	true	2
管理 :	名詞,サ変接続,*,*,*,*,管理,カンリ,カンリ	true	1
ページ: 39 -----
<slide page="39"><body><p>下周计划５月２３日（火）　第２期艾森豪威尔政権 1953-56 EDC（欧州防卫共同体）流産と斯派克报告1957-60 史波尼克危机和罗马条約课本　第５章　对于欧洲联盟的大西洋共同体的框架1950-60年(p.39-54) 讲义情報　経済学部HP→教員介绍→坂出健</p></body></slide>
in Sheet Class, page: 39
title = ""
body = "<p>下周计划５月２３日（火）　第２期艾森豪威尔政権 1953-56 EDC（欧州防卫共同体）流産と斯派克报告1957-60 史波尼克危机和罗马条約课本　第５章　对于欧洲联盟的大西洋共同体的框架1950-60年(p.39-54) 讲义情報　経済学部HP→教員介绍→坂出健</p>"
makeWordArrayJp
paragraph: 下周计划５月２３日（火）　第２期艾森豪威尔政権 1953-56 EDC（欧州防卫共同体）流産と斯派克报告1957-60 史波尼克危机和罗马条約课本　第５章　对于欧洲联盟的大西洋共同体的框架1950-60年(p.39-54) 讲义情報　経済学部HP→教員介绍→坂出健
５月 :	名詞,副詞可能,*,*,*,*,５月,ゴガツ,ゴガツ	true	1
政権 :	名詞,一般,*,*,*,*,政権,セイケン,セイケン	true	1
EDC :	名詞,固有名詞,組織,*,*,*,*	false	1
欧州 :	名詞,固有名詞,地域,一般,*,*,欧州,オウシュウ,オーシュー	true	1
共同 :	名詞,サ変接続,*,*,*,*,共同,キョウドウ,キョードー	true	1
流産 :	名詞,サ変接続,*,*,*,*,流産,リュウザン,リューザン	true	1
条約 :	名詞,一般,*,*,*,*,条約,ジョウヤク,ジョーヤク	true	1
大西洋 :	名詞,固有名詞,地域,一般,*,*,大西洋,タイセイヨウ,タイセイヨー	true	1
共同 :	名詞,サ変接続,*,*,*,*,共同,キョウドウ,キョードー	true	2
情報 :	名詞,一般,*,*,*,*,情報,ジョウホウ,ジョーホー	true	1
経済 :	名詞,一般,*,*,*,*,経済,ケイザイ,ケイザイ	true	1
学部 :	名詞,一般,*,*,*,*,学部,ガクブ,ガクブ	true	1
HP :	名詞,一般,*,*,*,*,*	false	1
教員 :	名詞,一般,*,*,*,*,教員,キョウイン,キョーイン	true	1
坂出 :	名詞,固有名詞,人名,姓,*,*,坂出,サカイデ,サカイデ	true	1
