Trade(1)
EC(1)
·［(1)
Commonwealth(1)
countries(1)
Free(1)
France(2)
of(2)
Six(2)
起源(1)
joined(1)
on(1)
IntegrationA(1)
EEC(1)
福新(1)
engine(1)
or(1)
UK(1)
EU(1)
世界(2)
without(1)
Asian(2)
自立(1)
experiences(1)
概要(1)
森林(1)
European(3)
modelmodel(1)
内部(1)
six(1)
Integration(1)
·（(1)
Rome(1)
With(1)
社会(1)
方法(1)
British(1)
形成(1)
Franco(2)
KoreaASEANJapanUSWith(1)
美英(1)
MilwardHoganMarshallPlan(1)
問題(1)
成立(1)
negotiations(1)
年度(3)
including(1)
))(1)
共同(1)
modelBritain(1)
相互(1)
英国(1)
Germany(1)
German(2)
).(1)
Japan(2)
西洋(1)
invaded(1)
帝国(1)
recognition(1)
Area(1)
Wider(1)
Italy(1)
FTAsAFTABrazilIraqIndiaUSShield(1)
Benelux(1)
」·(1)
modelthe(1)
IntegrationUKGermanyFranceEasternEuropeUSChina(1)
本科(1)
政策(1)
欧州(1)
orWithout(1)
中国(1)
WWIIregional(1)
Chinathe(1)
］·(1)
西欧(1)
）·［(1)
坂出(1)
Paris(1)
Bonn(1)
treatyThe(1)
model(3)
In(1)
依存(1)
武器(1)
解体(1)
年代(1)
Alliance(1)
EPU(1)
NaftaMercousurEUMEFTA(1)
integration(2)
WWII(1)
NATO(1)
体制(2)
美国(2)
·「(1)
SaptaAftaChinaJapanRussia(1)
Britain(2)
axis(1)
Without(1)
現在(1)
東欧(1)
the(3)
定位(2)
April(1)
plan(1)
平成(3)
解除(1)
started(1)
historical(1)
自由(1)
{ 1 } { 2 } { 3 } { 4 } { 5 } { 6 } { 7 } { 8 } { 9 } { 10 } { 11 } { 12 } 
Segment{ 2 }, Segment{ 3 }
コサイン類似度: 0.04719291781830087
Segment{ 3 }, Segment{ 4 }
コサイン類似度: 0.010795769116961913
Segment{ 4 }, Segment{ 5 }
コサイン類似度: 0.0710026607792134
Segment{ 5 }, Segment{ 6 }
コサイン類似度: 0.0
Segment{ 6 }, Segment{ 7 }
コサイン類似度: 0.0
Segment{ 7 }, Segment{ 8 }
コサイン類似度: 0.0
Segment{ 8 }, Segment{ 9 }
コサイン類似度: 0.0
Segment{ 9 }, Segment{ 10 }
コサイン類似度: 0.1953793325034739
Segment{ 10 }, Segment{ 11 }
コサイン類似度: 0.09064697414501159
Segment{ 11 }, Segment{ 12 }
コサイン類似度: 0.006005640443693606
Trade(1)
EC(1)
·［(1)
Commonwealth(1)
countries(1)
Free(1)
France(2)
of(2)
Six(2)
起源(1)
joined(1)
on(1)
IntegrationA(1)
EEC(1)
福新(1)
engine(1)
or(1)
UK(1)
EU(1)
世界(2)
without(1)
Asian(2)
自立(1)
experiences(1)
概要(1)
森林(1)
European(3)
modelmodel(1)
内部(1)
six(1)
Integration(1)
·（(1)
Rome(1)
With(1)
社会(1)
方法(1)
British(1)
形成(1)
Franco(1)
KoreaASEANJapanUSWith(1)
美英(1)
MilwardHoganMarshallPlan(1)
問題(1)
成立(1)
negotiations(1)
年度(3)
including(1)
))(1)
共同(1)
modelBritain(1)
相互(1)
英国(1)
Germany(1)
German(1)
).(1)
Japan(2)
西洋(1)
invaded(1)
帝国(1)
recognition(1)
Area(1)
Wider(1)
Italy(1)
FTAsAFTABrazilIraqIndiaUSShield(1)
Benelux(1)
」·(1)
modelthe(1)
IntegrationUKGermanyFranceEasternEuropeUSChina(1)
本科(1)
政策(1)
欧州(1)
orWithout(1)
中国(1)
WWIIregional(1)
Chinathe(1)
］·(1)
西欧(1)
）·［(1)
坂出(1)
Paris(1)
Bonn(1)
treatyThe(1)
model(2)
In(1)
依存(1)
武器(1)
解体(1)
年代(1)
Alliance(1)
EPU(1)
NaftaMercousurEUMEFTA(1)
integration(2)
WWII(1)
NATO(1)
体制(2)
美国(2)
·「(1)
SaptaAftaChinaJapanRussia(1)
axis(1)
Britain(2)
Without(1)
現在(1)
東欧(1)
the(2)
定位(2)
April(1)
plan(1)
平成(3)
解除(1)
started(1)
historical(1)
自由(1)
{ 1 } { 2 } { 3 } { 4 } { 5 } { 6 } { 7 } { 8 } { 9 10 } { 11 } { 12 } 
Segment{ 2 }, Segment{ 3 }
コサイン類似度: 0.04719291781830087
Segment{ 3 }, Segment{ 4 }
コサイン類似度: 0.010795769116961913
Segment{ 4 }, Segment{ 5 }
コサイン類似度: 0.0710026607792134
Segment{ 5 }, Segment{ 6 }
コサイン類似度: 0.0
Segment{ 6 }, Segment{ 7 }
コサイン類似度: 0.0
Segment{ 7 }, Segment{ 8 }
コサイン類似度: 0.0
Segment{ 8 }, Segment{ 9 10 }
コサイン類似度: 0.019679854401103796
Segment{ 9 10 }, Segment{ 11 }
コサイン類似度: 0.1930127462922498
Segment{ 11 }, Segment{ 12 }
コサイン類似度: 0.0057501303901772525
Trade(1)
EC(1)
·［(1)
Commonwealth(1)
countries(1)
Free(1)
France(1)
of(2)
Six(1)
起源(1)
joined(1)
on(1)
IntegrationA(1)
EEC(1)
福新(1)
engine(1)
or(1)
UK(1)
EU(1)
世界(2)
without(1)
Asian(2)
自立(1)
experiences(1)
概要(1)
森林(1)
European(2)
modelmodel(1)
内部(1)
six(1)
Integration(1)
·（(1)
Rome(1)
With(1)
社会(1)
方法(1)
British(1)
形成(1)
Franco(1)
KoreaASEANJapanUSWith(1)
美英(1)
MilwardHoganMarshallPlan(1)
問題(1)
成立(1)
negotiations(1)
年度(3)
including(1)
))(1)
共同(1)
modelBritain(1)
相互(1)
英国(1)
German(1)
Germany(1)
).(1)
Japan(2)
invaded(1)
西洋(1)
帝国(1)
recognition(1)
Area(1)
Wider(1)
Italy(1)
FTAsAFTABrazilIraqIndiaUSShield(1)
Benelux(1)
」·(1)
modelthe(1)
IntegrationUKGermanyFranceEasternEuropeUSChina(1)
本科(1)
政策(1)
欧州(1)
orWithout(1)
中国(1)
WWIIregional(1)
Chinathe(1)
］·(1)
西欧(1)
）·［(1)
坂出(1)
Paris(1)
Bonn(1)
treatyThe(1)
model(1)
In(1)
依存(1)
武器(1)
解体(1)
年代(1)
Alliance(1)
EPU(1)
NaftaMercousurEUMEFTA(1)
integration(1)
WWII(1)
NATO(1)
体制(2)
美国(2)
·「(1)
SaptaAftaChinaJapanRussia(1)
Britain(1)
axis(1)
Without(1)
現在(1)
東欧(1)
the(1)
定位(2)
April(1)
plan(1)
平成(3)
解除(1)
started(1)
historical(1)
自由(1)
{ 1 } { 2 } { 3 } { 4 } { 5 } { 6 } { 7 } { 8 } { 9 10 11 } { 12 } 
Segment{ 2 }, Segment{ 3 }
コサイン類似度: 0.04719291781830087
Segment{ 3 }, Segment{ 4 }
コサイン類似度: 0.010795769116961913
Segment{ 4 }, Segment{ 5 }
コサイン類似度: 0.0710026607792134
Segment{ 5 }, Segment{ 6 }
コサイン類似度: 0.0
Segment{ 6 }, Segment{ 7 }
コサイン類似度: 0.0
Segment{ 7 }, Segment{ 8 }
コサイン類似度: 0.0
Segment{ 8 }, Segment{ 9 10 11 }
コサイン類似度: 0.00849411985729376
Segment{ 9 10 11 }, Segment{ 12 }
コサイン類似度: 0.01827434711619518
Trade(1)
EC(1)
·［(1)
Commonwealth(1)
countries(1)
Free(1)
France(1)
of(2)
Six(1)
起源(1)
joined(1)
on(1)
IntegrationA(1)
EEC(1)
福新(1)
engine(1)
or(1)
UK(1)
EU(1)
世界(1)
without(1)
Asian(2)
自立(1)
experiences(1)
概要(1)
森林(1)
European(2)
modelmodel(1)
内部(1)
six(1)
Integration(1)
·（(1)
Rome(1)
With(1)
社会(1)
方法(1)
British(1)
形成(1)
Franco(1)
KoreaASEANJapanUSWith(1)
美英(1)
MilwardHoganMarshallPlan(1)
問題(1)
成立(1)
negotiations(1)
年度(2)
including(1)
))(1)
共同(1)
modelBritain(1)
相互(1)
英国(1)
German(1)
Germany(1)
).(1)
Japan(2)
invaded(1)
西洋(1)
帝国(1)
recognition(1)
Area(1)
Wider(1)
Italy(1)
FTAsAFTABrazilIraqIndiaUSShield(1)
Benelux(1)
」·(1)
modelthe(1)
IntegrationUKGermanyFranceEasternEuropeUSChina(1)
本科(1)
政策(1)
欧州(1)
orWithout(1)
中国(1)
WWIIregional(1)
Chinathe(1)
］·(1)
西欧(1)
）·［(1)
坂出(1)
Paris(1)
Bonn(1)
treatyThe(1)
model(1)
In(1)
依存(1)
武器(1)
解体(1)
年代(1)
Alliance(1)
EPU(1)
NaftaMercousurEUMEFTA(1)
integration(1)
WWII(1)
NATO(1)
体制(1)
美国(2)
·「(1)
SaptaAftaChinaJapanRussia(1)
Britain(1)
axis(1)
Without(1)
現在(1)
東欧(1)
the(1)
定位(2)
April(1)
plan(1)
平成(2)
解除(1)
started(1)
historical(1)
自由(1)
{ 1 } { 2 } { 3 } { 4 5 } { 6 } { 7 } { 8 } { 9 10 11 } { 12 } 
Segment{ 2 }, Segment{ 3 }
コサイン類似度: 0.04667600280093366
Segment{ 3 }, Segment{ 4 5 }
コサイン類似度: 0.03578424520486568
Segment{ 4 5 }, Segment{ 6 }
コサイン類似度: 0.01771924779845835
Segment{ 6 }, Segment{ 7 }
コサイン類似度: 0.0
Segment{ 7 }, Segment{ 8 }
コサイン類似度: 0.0
Segment{ 8 }, Segment{ 9 10 11 }
コサイン類似度: 0.00849411985729376
Segment{ 9 10 11 }, Segment{ 12 }
コサイン類似度: 0.01827434711619518
