経済学部(1)
{ 1 } { 2 } { 3 } { 4 } { 5 } { 6 } { 7 } { 8 } { 9 } { 10 } { 11 } { 12 } { 13 } { 14 } { 15 } { 16 } { 17 } { 18 } { 19 } { 20 } { 21 } { 22 } { 23 } { 24 } { 25 } { 26 } { 27 } 
Segment{ 2 }, Segment{ 3 }
コサイン類似度: NaN
Segment{ 3 }, Segment{ 4 }
コサイン類似度: NaN
Segment{ 4 }, Segment{ 5 }
コサイン類似度: NaN
Segment{ 5 }, Segment{ 6 }
コサイン類似度: NaN
Segment{ 6 }, Segment{ 7 }
コサイン類似度: NaN
Segment{ 7 }, Segment{ 8 }
コサイン類似度: NaN
Segment{ 8 }, Segment{ 9 }
コサイン類似度: NaN
Segment{ 9 }, Segment{ 10 }
コサイン類似度: NaN
Segment{ 10 }, Segment{ 11 }
コサイン類似度: NaN
Segment{ 11 }, Segment{ 12 }
コサイン類似度: NaN
Segment{ 12 }, Segment{ 13 }
コサイン類似度: NaN
Segment{ 13 }, Segment{ 14 }
コサイン類似度: NaN
Segment{ 14 }, Segment{ 15 }
コサイン類似度: NaN
Segment{ 15 }, Segment{ 16 }
コサイン類似度: NaN
Segment{ 16 }, Segment{ 17 }
コサイン類似度: NaN
Segment{ 17 }, Segment{ 18 }
コサイン類似度: NaN
Segment{ 18 }, Segment{ 19 }
コサイン類似度: NaN
Segment{ 19 }, Segment{ 20 }
コサイン類似度: NaN
Segment{ 20 }, Segment{ 21 }
コサイン類似度: NaN
Segment{ 21 }, Segment{ 22 }
コサイン類似度: NaN
Segment{ 22 }, Segment{ 23 }
コサイン類似度: NaN
Segment{ 23 }, Segment{ 24 }
コサイン類似度: NaN
Segment{ 24 }, Segment{ 25 }
コサイン類似度: NaN
Segment{ 25 }, Segment{ 26 }
コサイン類似度: NaN
Segment{ 26 }, Segment{ 27 }
コサイン類似度: NaN
条約(1)
占有(1)
制止(1)
停止(1)
time(1)
Welsh(1)
Cromwell(2)
EEC(1)
最高(1)
人物(13)
課題(1)
）((2)
成本(1)
世界(3)
参加(8)
政治(1)
批准(1)
海外(1)
代表(1)
EDC(4)
湾入(1)
外交(2)
上上(1)
混乱(1)
概要(2)
PPS(1)
？•(2)
共和党(1)
org(1)
法律(1)
·“(1)
大量(1)
方面(1)
商会(9)
経済(1)
卓也(1)
支出(1)
最大(1)
６月(1)
再生(1)
Foster(1)
Dillon(9)
管理(2)
成立(1)
埃及(1)
意思(1)
Sullivan(2)
？•→(1)
国家(1)
年度(1)
原子(2)
性的(1)
esPaul(11)
wikipedia(1)
共同(4)
en(1)
Allen(1)
斯波(1)
中心(11)
com(1)
日本(1)
elpais(11)
Dulles(2)
HP(1)
手段(1)
John(1)
危地(1)
黄金(1)
Benelux(1)
警察(1)
学部(1)
批判(1)
政策(9)
大学(10)
•（(1)
政権(2)
限定(1)
民主党(1)
痛苦(1)
中国(2)
II(5)
NSC(15)
局部(1)
·→(1)
理事(1)
FDR(1)
and(2)
西欧(3)
解散(1)
提出(1)
OSS(1)
想到(1)
indice(11)
坂出(2)
起草(6)
Read(9)
佐佐木(1)
Nitze(11)
JF(2)
ECSC(2)
国防(1)
BW(1)
西方(2)
www(1)
CIA(1)
兵力(1)
年代(3)
EPU(2)
)　(2)
大西洋(3)
NATO(2)
offset(1)
美国(7)
背景(1)
情報(1)
加盟(1)
加入(10)
内在(1)
戦略(1)
表示(1)
SALT(5)
各国(1)
追加(1)
能否(1)
必要(1)
教員(1)
）•(3)
source(13)
当初(1)
援助(1)
革命(1)
角度(1)
NSAM(2)
同盟(2)
{ 1 } { 2 } { 3 } { 4 } { 5 } { 6 } { 7 } { 8 } { 9 } { 10 } { 11 } { 12 } { 13 } { 14 } { 15 } { 16 } { 17 } { 18 } { 19 } { 20 } { 21 } { 22 } { 23 } { 24 } { 25 } { 26 } { 27 } 
Segment{ 2 }, Segment{ 3 }
コサイン類似度: 0.06075057939051818
Segment{ 3 }, Segment{ 4 }
コサイン類似度: 0.0014700229581755422
Segment{ 4 }, Segment{ 5 }
コサイン類似度: 0.057418068380335543
Segment{ 5 }, Segment{ 6 }
コサイン類似度: 0.007021365562080012
Segment{ 6 }, Segment{ 7 }
コサイン類似度: 0.0
Segment{ 7 }, Segment{ 8 }
コサイン類似度: 0.9174222064806922
Segment{ 8 }, Segment{ 9 }
コサイン類似度: 0.757061500990829
Segment{ 9 }, Segment{ 10 }
コサイン類似度: 0.9358489962212814
Segment{ 10 }, Segment{ 11 }
コサイン類似度: 0.9542771999239739
Segment{ 11 }, Segment{ 12 }
コサイン類似度: 0.9004929477707075
Segment{ 12 }, Segment{ 13 }
コサイン類似度: 0.8999298846695628
Segment{ 13 }, Segment{ 14 }
コサイン類似度: 0.8969627528465394
Segment{ 14 }, Segment{ 15 }
コサイン類似度: 1.0000000000000002
Segment{ 15 }, Segment{ 16 }
コサイン類似度: 0.5897762370828845
Segment{ 16 }, Segment{ 17 }
コサイン類似度: 1.0000000000000002
Segment{ 17 }, Segment{ 18 }
コサイン類似度: 0.0032013845750403793
Segment{ 18 }, Segment{ 19 }
コサイン類似度: 0.003550836866917804
Segment{ 19 }, Segment{ 20 }
コサイン類似度: 0.061316883182988
Segment{ 20 }, Segment{ 21 }
コサイン類似度: 0.02124208896490326
Segment{ 21 }, Segment{ 22 }
コサイン類似度: 0.0
Segment{ 22 }, Segment{ 23 }
コサイン類似度: 0.09820616318899682
Segment{ 23 }, Segment{ 24 }
コサイン類似度: 0.0
Segment{ 24 }, Segment{ 25 }
コサイン類似度: 0.00958276489329235
Segment{ 25 }, Segment{ 26 }
コサイン類似度: 0.024234181715962668
Segment{ 26 }, Segment{ 27 }
コサイン類似度: 0.007095918570755721
条約(1)
占有(1)
制止(1)
停止(1)
time(1)
Welsh(1)
Cromwell(2)
EEC(1)
最高(1)
人物(12)
課題(1)
）((2)
成本(1)
世界(3)
参加(7)
政治(1)
批准(1)
海外(1)
代表(1)
EDC(4)
湾入(1)
外交(2)
上上(1)
混乱(1)
概要(2)
PPS(1)
？•(2)
共和党(1)
org(1)
法律(1)
·“(1)
大量(1)
方面(1)
商会(8)
経済(1)
卓也(1)
支出(1)
最大(1)
６月(1)
再生(1)
Foster(1)
Dillon(8)
管理(2)
成立(1)
埃及(1)
意思(1)
Sullivan(2)
？•→(1)
国家(1)
年度(1)
原子(2)
性的(1)
esPaul(10)
wikipedia(1)
共同(4)
en(1)
Allen(1)
斯波(1)
中心(10)
com(1)
日本(1)
elpais(10)
Dulles(2)
HP(1)
手段(1)
John(1)
危地(1)
黄金(1)
Benelux(1)
警察(1)
学部(1)
批判(1)
政策(8)
大学(9)
•（(1)
政権(2)
限定(1)
民主党(1)
痛苦(1)
中国(2)
II(4)
NSC(14)
局部(1)
·→(1)
理事(1)
FDR(1)
and(2)
西欧(3)
解散(1)
提出(1)
OSS(1)
想到(1)
indice(10)
坂出(2)
起草(5)
Read(8)
佐佐木(1)
Nitze(10)
JF(2)
ECSC(2)
国防(1)
BW(1)
西方(2)
www(1)
CIA(1)
兵力(1)
年代(3)
EPU(2)
)　(2)
大西洋(3)
NATO(2)
offset(1)
美国(7)
背景(1)
情報(1)
加盟(1)
加入(9)
内在(1)
戦略(1)
表示(1)
SALT(4)
各国(1)
追加(1)
能否(1)
必要(1)
教員(1)
）•(3)
source(12)
当初(1)
援助(1)
革命(1)
角度(1)
NSAM(2)
同盟(2)
{ 1 } { 2 } { 3 } { 4 } { 5 } { 6 } { 7 } { 8 } { 9 } { 10 } { 11 } { 12 } { 13 } { 14 15 } { 16 } { 17 } { 18 } { 19 } { 20 } { 21 } { 22 } { 23 } { 24 } { 25 } { 26 } { 27 } 
Segment{ 2 }, Segment{ 3 }
コサイン類似度: 0.06089673237107954
Segment{ 3 }, Segment{ 4 }
コサイン類似度: 0.00168715286940825
Segment{ 4 }, Segment{ 5 }
コサイン類似度: 0.05741289655339898
Segment{ 5 }, Segment{ 6 }
コサイン類似度: 0.00701820046366995
Segment{ 6 }, Segment{ 7 }
コサイン類似度: 0.0
Segment{ 7 }, Segment{ 8 }
コサイン類似度: 0.9154543572248393
Segment{ 8 }, Segment{ 9 }
コサイン類似度: 0.7502017197634825
Segment{ 9 }, Segment{ 10 }
コサイン類似度: 0.9322359122231741
Segment{ 10 }, Segment{ 11 }
コサイン類似度: 0.9533551126798947
Segment{ 11 }, Segment{ 12 }
コサイン類似度: 0.8898109262374091
Segment{ 12 }, Segment{ 13 }
コサイン類似度: 0.8809416917975711
Segment{ 13 }, Segment{ 14 15 }
コサイン類似度: 0.8889314491662322
Segment{ 14 15 }, Segment{ 16 }
コサイン類似度: 0.657592394609845
Segment{ 16 }, Segment{ 17 }
コサイン類似度: 1.0000000000000002
Segment{ 17 }, Segment{ 18 }
コサイン類似度: 0.0034278166434689905
Segment{ 18 }, Segment{ 19 }
コサイン類似度: 0.004073928254489333
Segment{ 19 }, Segment{ 20 }
コサイン類似度: 0.06152691275515986
Segment{ 20 }, Segment{ 21 }
コサイン類似度: 0.02136005632751452
Segment{ 21 }, Segment{ 22 }
コサイン類似度: 0.0
Segment{ 22 }, Segment{ 23 }
コサイン類似度: 0.09834232601988899
Segment{ 23 }, Segment{ 24 }
コサイン類似度: 0.0
Segment{ 24 }, Segment{ 25 }
コサイン類似度: 0.009578366129158513
Segment{ 25 }, Segment{ 26 }
コサイン類似度: 0.02422346416832907
Segment{ 26 }, Segment{ 27 }
コサイン類似度: 0.007095918570755721
条約(1)
占有(1)
制止(1)
停止(1)
time(1)
Welsh(1)
Cromwell(2)
EEC(1)
最高(1)
人物(11)
課題(1)
）((2)
成本(1)
世界(3)
参加(6)
政治(1)
批准(1)
海外(1)
代表(1)
EDC(4)
湾入(1)
外交(2)
上上(1)
混乱(1)
概要(2)
PPS(1)
？•(2)
共和党(1)
org(1)
法律(1)
·“(1)
大量(1)
方面(1)
商会(7)
経済(1)
卓也(1)
支出(1)
最大(1)
６月(1)
再生(1)
Foster(1)
Dillon(7)
管理(1)
成立(1)
埃及(1)
意思(1)
Sullivan(2)
？•→(1)
国家(1)
年度(1)
原子(2)
性的(1)
esPaul(9)
wikipedia(1)
共同(4)
en(1)
Allen(1)
斯波(1)
中心(9)
com(1)
日本(1)
elpais(9)
Dulles(2)
HP(1)
手段(1)
John(1)
危地(1)
黄金(1)
Benelux(1)
警察(1)
学部(1)
批判(1)
政策(7)
大学(8)
•（(1)
政権(2)
限定(1)
民主党(1)
痛苦(1)
中国(2)
II(3)
NSC(13)
局部(1)
·→(1)
理事(1)
FDR(1)
and(2)
西欧(3)
解散(1)
提出(1)
OSS(1)
想到(1)
indice(9)
坂出(2)
起草(4)
Read(7)
佐佐木(1)
Nitze(9)
JF(2)
ECSC(2)
国防(1)
BW(1)
西方(2)
www(1)
CIA(1)
兵力(1)
年代(2)
EPU(2)
)　(2)
大西洋(3)
NATO(2)
offset(1)
美国(7)
背景(1)
情報(1)
加盟(1)
加入(8)
内在(1)
戦略(1)
表示(1)
SALT(3)
各国(1)
追加(1)
能否(1)
必要(1)
教員(1)
）•(3)
source(11)
当初(1)
援助(1)
革命(1)
角度(1)
NSAM(2)
同盟(2)
{ 1 } { 2 } { 3 } { 4 } { 5 } { 6 } { 7 } { 8 } { 9 } { 10 } { 11 } { 12 } { 13 } { 14 15 } { 16 17 } { 18 } { 19 } { 20 } { 21 } { 22 } { 23 } { 24 } { 25 } { 26 } { 27 } 
Segment{ 2 }, Segment{ 3 }
コサイン類似度: 0.061077823589890674
Segment{ 3 }, Segment{ 4 }
コサイン類似度: 0.0019561613588903186
Segment{ 4 }, Segment{ 5 }
コサイン類似度: 0.05740648779113607
Segment{ 5 }, Segment{ 6 }
コサイン類似度: 0.007013899351303237
Segment{ 6 }, Segment{ 7 }
コサイン類似度: 0.0
Segment{ 7 }, Segment{ 8 }
コサイン類似度: 0.912999582995794
Segment{ 8 }, Segment{ 9 }
コサイン類似度: 0.7415401754048976
Segment{ 9 }, Segment{ 10 }
コサイン類似度: 0.9273986910194824
Segment{ 10 }, Segment{ 11 }
コサイン類似度: 0.9522484070388471
Segment{ 11 }, Segment{ 12 }
コサイン類似度: 0.8728634158847022
Segment{ 12 }, Segment{ 13 }
コサイン類似度: 0.8491989533172113
Segment{ 13 }, Segment{ 14 15 }
コサイン類似度: 0.8792706304210535
Segment{ 16 17 }, Segment{ 18 }
コサイン類似度: 0.002607458069664091
Segment{ 18 }, Segment{ 19 }
コサイン類似度: 0.004721508409940248
Segment{ 19 }, Segment{ 20 }
コサイン類似度: 0.061787020988899294
Segment{ 20 }, Segment{ 21 }
コサイン類似度: 0.021506237370744204
Segment{ 21 }, Segment{ 22 }
コサイン類似度: 0.0
Segment{ 22 }, Segment{ 23 }
コサイン類似度: 0.09851630150085476
Segment{ 23 }, Segment{ 24 }
コサイン類似度: 0.0
Segment{ 24 }, Segment{ 25 }
コサイン類似度: 0.009571995697657718
Segment{ 25 }, Segment{ 26 }
コサイン類似度: 0.024207857195653208
Segment{ 26 }, Segment{ 27 }
コサイン類似度: 0.007095918570755721
条約(1)
占有(1)
制止(1)
停止(1)
time(1)
Welsh(1)
Cromwell(2)
EEC(1)
最高(1)
人物(10)
課題(1)
）((2)
成本(1)
世界(3)
参加(5)
政治(1)
批准(1)
海外(1)
代表(1)
EDC(4)
湾入(1)
外交(2)
上上(1)
混乱(1)
概要(2)
PPS(1)
？•(2)
共和党(1)
org(1)
法律(1)
·“(1)
大量(1)
方面(1)
商会(6)
経済(1)
卓也(1)
支出(1)
最大(1)
６月(1)
再生(1)
Foster(1)
Dillon(6)
管理(1)
成立(1)
埃及(1)
意思(1)
Sullivan(2)
？•→(1)
国家(1)
年度(1)
原子(2)
性的(1)
esPaul(8)
wikipedia(1)
共同(4)
en(1)
Allen(1)
斯波(1)
中心(8)
com(1)
日本(1)
elpais(8)
Dulles(2)
HP(1)
手段(1)
John(1)
危地(1)
黄金(1)
Benelux(1)
警察(1)
学部(1)
批判(1)
政策(7)
大学(7)
•（(1)
政権(2)
限定(1)
民主党(1)
痛苦(1)
中国(2)
II(3)
NSC(13)
局部(1)
·→(1)
理事(1)
FDR(1)
and(2)
西欧(3)
解散(1)
提出(1)
OSS(1)
想到(1)
indice(8)
坂出(2)
起草(4)
Read(6)
佐佐木(1)
Nitze(8)
JF(2)
ECSC(2)
国防(1)
BW(1)
西方(2)
www(1)
CIA(1)
兵力(1)
年代(2)
EPU(2)
)　(2)
大西洋(3)
NATO(2)
offset(1)
美国(7)
背景(1)
情報(1)
加盟(1)
加入(7)
内在(1)
戦略(1)
表示(1)
SALT(3)
各国(1)
追加(1)
能否(1)
必要(1)
教員(1)
）•(3)
source(10)
当初(1)
援助(1)
革命(1)
角度(1)
NSAM(2)
同盟(2)
{ 1 } { 2 } { 3 } { 4 } { 5 } { 6 } { 7 } { 8 } { 9 } { 10 11 } { 12 } { 13 } { 14 15 } { 16 17 } { 18 } { 19 } { 20 } { 21 } { 22 } { 23 } { 24 } { 25 } { 26 } { 27 } 
Segment{ 2 }, Segment{ 3 }
コサイン類似度: 0.061077823589890674
Segment{ 3 }, Segment{ 4 }
コサイン類似度: 0.0019561613588903186
Segment{ 4 }, Segment{ 5 }
コサイン類似度: 0.05740648779113607
Segment{ 5 }, Segment{ 6 }
コサイン類似度: 0.007013899351303237
Segment{ 6 }, Segment{ 7 }
コサイン類似度: 0.0
Segment{ 7 }, Segment{ 8 }
コサイン類似度: 0.9098502057841489
Segment{ 8 }, Segment{ 9 }
コサイン類似度: 0.7302557076096895
Segment{ 9 }, Segment{ 10 11 }
コサイン類似度: 0.9117655884625273
Segment{ 10 11 }, Segment{ 12 }
コサイン類似度: 0.8893146375864135
Segment{ 12 }, Segment{ 13 }
コサイン類似度: 0.8715558485276629
Segment{ 13 }, Segment{ 14 15 }
コサイン類似度: 0.8856404023379998
Segment{ 16 17 }, Segment{ 18 }
コサイン類似度: 0.0025786987701191346
Segment{ 18 }, Segment{ 19 }
コサイン類似度: 0.004721508409940248
Segment{ 19 }, Segment{ 20 }
コサイン類似度: 0.061787020988899294
Segment{ 20 }, Segment{ 21 }
コサイン類似度: 0.021506237370744204
Segment{ 21 }, Segment{ 22 }
コサイン類似度: 0.0
Segment{ 22 }, Segment{ 23 }
コサイン類似度: 0.09874328455569505
Segment{ 23 }, Segment{ 24 }
コサイン類似度: 0.0
Segment{ 24 }, Segment{ 25 }
コサイン類似度: 0.009571995697657718
Segment{ 25 }, Segment{ 26 }
コサイン類似度: 0.024207857195653208
Segment{ 26 }, Segment{ 27 }
コサイン類似度: 0.007095918570755721
条約(1)
占有(1)
制止(1)
停止(1)
time(1)
Welsh(1)
Cromwell(2)
EEC(1)
最高(1)
人物(9)
課題(1)
）((2)
成本(1)
世界(3)
参加(5)
政治(1)
批准(1)
海外(1)
代表(1)
EDC(4)
湾入(1)
外交(2)
上上(1)
混乱(1)
概要(2)
PPS(1)
？•(2)
共和党(1)
org(1)
法律(1)
·“(1)
大量(1)
方面(1)
商会(5)
経済(1)
卓也(1)
支出(1)
最大(1)
６月(1)
再生(1)
Foster(1)
Dillon(5)
管理(1)
成立(1)
埃及(1)
意思(1)
Sullivan(2)
？•→(1)
国家(1)
年度(1)
原子(2)
性的(1)
esPaul(7)
wikipedia(1)
共同(4)
en(1)
Allen(1)
斯波(1)
中心(7)
com(1)
日本(1)
elpais(7)
Dulles(2)
HP(1)
手段(1)
John(1)
危地(1)
黄金(1)
Benelux(1)
警察(1)
学部(1)
批判(1)
政策(7)
大学(6)
•（(1)
政権(2)
限定(1)
民主党(1)
痛苦(1)
中国(2)
II(3)
NSC(13)
局部(1)
·→(1)
理事(1)
FDR(1)
and(2)
西欧(3)
解散(1)
提出(1)
OSS(1)
想到(1)
indice(7)
坂出(2)
起草(4)
Read(5)
佐佐木(1)
Nitze(7)
JF(2)
ECSC(2)
国防(1)
BW(1)
西方(2)
www(1)
CIA(1)
兵力(1)
年代(2)
EPU(2)
)　(2)
大西洋(3)
NATO(2)
offset(1)
美国(7)
背景(1)
情報(1)
加盟(1)
加入(6)
内在(1)
戦略(1)
表示(1)
SALT(3)
各国(1)
追加(1)
能否(1)
必要(1)
教員(1)
）•(3)
source(9)
当初(1)
援助(1)
革命(1)
角度(1)
NSAM(2)
同盟(2)
{ 1 } { 2 } { 3 } { 4 } { 5 } { 6 } { 7 } { 8 } { 9 10 11 } { 12 } { 13 } { 14 15 } { 16 17 } { 18 } { 19 } { 20 } { 21 } { 22 } { 23 } { 24 } { 25 } { 26 } { 27 } 
Segment{ 2 }, Segment{ 3 }
コサイン類似度: 0.061077823589890674
Segment{ 3 }, Segment{ 4 }
コサイン類似度: 0.0019561613588903186
Segment{ 4 }, Segment{ 5 }
コサイン類似度: 0.05740648779113607
Segment{ 5 }, Segment{ 6 }
コサイン類似度: 0.007013899351303237
Segment{ 6 }, Segment{ 7 }
コサイン類似度: 0.0
Segment{ 7 }, Segment{ 8 }
コサイン類似度: 0.9056600568678012
Segment{ 8 }, Segment{ 9 10 11 }
コサイン類似度: 0.692350147459505
Segment{ 9 10 11 }, Segment{ 12 }
コサイン類似度: 0.9006938593585035
Segment{ 12 }, Segment{ 13 }
コサイン類似度: 0.8916741002573599
Segment{ 13 }, Segment{ 14 15 }
コサイン類似度: 0.8932253047346759
Segment{ 16 17 }, Segment{ 18 }
コサイン類似度: 0.0025439225101351634
Segment{ 18 }, Segment{ 19 }
コサイン類似度: 0.004721508409940248
Segment{ 19 }, Segment{ 20 }
コサイン類似度: 0.061787020988899294
Segment{ 20 }, Segment{ 21 }
コサイン類似度: 0.021506237370744204
Segment{ 21 }, Segment{ 22 }
コサイン類似度: 0.0
Segment{ 22 }, Segment{ 23 }
コサイン類似度: 0.0990466977104338
Segment{ 23 }, Segment{ 24 }
コサイン類似度: 0.0
Segment{ 24 }, Segment{ 25 }
コサイン類似度: 0.009571995697657718
Segment{ 25 }, Segment{ 26 }
コサイン類似度: 0.024207857195653208
Segment{ 26 }, Segment{ 27 }
コサイン類似度: 0.007095918570755721
条約(1)
占有(1)
制止(1)
停止(1)
time(1)
Welsh(1)
Cromwell(2)
EEC(1)
最高(1)
人物(8)
課題(1)
）((2)
成本(1)
世界(3)
参加(5)
政治(1)
批准(1)
海外(1)
代表(1)
EDC(4)
湾入(1)
外交(2)
上上(1)
混乱(1)
概要(2)
PPS(1)
？•(2)
共和党(1)
org(1)
法律(1)
·“(1)
大量(1)
方面(1)
商会(5)
経済(1)
卓也(1)
支出(1)
最大(1)
６月(1)
再生(1)
Foster(1)
Dillon(5)
管理(1)
成立(1)
埃及(1)
意思(1)
Sullivan(2)
？•→(1)
国家(1)
年度(1)
原子(2)
性的(1)
esPaul(6)
wikipedia(1)
共同(4)
en(1)
Allen(1)
斯波(1)
中心(6)
com(1)
日本(1)
elpais(6)
Dulles(2)
HP(1)
手段(1)
John(1)
危地(1)
黄金(1)
Benelux(1)
警察(1)
学部(1)
批判(1)
政策(7)
大学(6)
•（(1)
政権(2)
限定(1)
民主党(1)
痛苦(1)
中国(2)
II(3)
NSC(13)
局部(1)
·→(1)
理事(1)
FDR(1)
and(2)
西欧(3)
解散(1)
提出(1)
OSS(1)
想到(1)
indice(6)
坂出(2)
起草(4)
Read(5)
佐佐木(1)
Nitze(6)
JF(2)
ECSC(2)
国防(1)
BW(1)
西方(2)
www(1)
CIA(1)
兵力(1)
年代(2)
EPU(2)
)　(2)
大西洋(3)
NATO(2)
offset(1)
美国(7)
背景(1)
情報(1)
加盟(1)
加入(6)
内在(1)
戦略(1)
表示(1)
SALT(3)
各国(1)
追加(1)
能否(1)
必要(1)
教員(1)
）•(3)
source(8)
当初(1)
援助(1)
革命(1)
角度(1)
NSAM(2)
同盟(2)
{ 1 } { 2 } { 3 } { 4 } { 5 } { 6 } { 7 8 } { 9 10 11 } { 12 } { 13 } { 14 15 } { 16 17 } { 18 } { 19 } { 20 } { 21 } { 22 } { 23 } { 24 } { 25 } { 26 } { 27 } 
Segment{ 2 }, Segment{ 3 }
コサイン類似度: 0.061077823589890674
Segment{ 3 }, Segment{ 4 }
コサイン類似度: 0.0019561613588903186
Segment{ 4 }, Segment{ 5 }
コサイン類似度: 0.05740648779113607
Segment{ 5 }, Segment{ 6 }
コサイン類似度: 0.007013899351303237
Segment{ 6 }, Segment{ 7 8 }
コサイン類似度: 0.0
Segment{ 9 10 11 }, Segment{ 12 }
コサイン類似度: 0.9101513978941549
Segment{ 12 }, Segment{ 13 }
コサイン類似度: 0.9001505902486134
Segment{ 13 }, Segment{ 14 15 }
コサイン類似度: 0.8970682976304281
Segment{ 16 17 }, Segment{ 18 }
コサイン類似度: 0.0025256355657304616
Segment{ 18 }, Segment{ 19 }
コサイン類似度: 0.004721508409940248
Segment{ 19 }, Segment{ 20 }
コサイン類似度: 0.061787020988899294
Segment{ 20 }, Segment{ 21 }
コサイン類似度: 0.021506237370744204
Segment{ 21 }, Segment{ 22 }
コサイン類似度: 0.0
Segment{ 22 }, Segment{ 23 }
コサイン類似度: 0.09950517825026055
Segment{ 23 }, Segment{ 24 }
コサイン類似度: 0.0
Segment{ 24 }, Segment{ 25 }
コサイン類似度: 0.009571995697657718
Segment{ 25 }, Segment{ 26 }
コサイン類似度: 0.024207857195653208
Segment{ 26 }, Segment{ 27 }
コサイン類似度: 0.007095918570755721
条約(1)
占有(1)
制止(1)
停止(1)
time(1)
Welsh(1)
Cromwell(2)
EEC(1)
最高(1)
人物(7)
課題(1)
）((2)
成本(1)
世界(3)
参加(4)
政治(1)
批准(1)
海外(1)
代表(1)
EDC(4)
湾入(1)
外交(2)
上上(1)
混乱(1)
概要(2)
PPS(1)
？•(2)
共和党(1)
org(1)
法律(1)
·“(1)
大量(1)
方面(1)
商会(4)
経済(1)
卓也(1)
支出(1)
最大(1)
６月(1)
再生(1)
Foster(1)
Dillon(4)
管理(1)
成立(1)
埃及(1)
意思(1)
Sullivan(2)
？•→(1)
国家(1)
年度(1)
原子(2)
性的(1)
esPaul(5)
wikipedia(1)
共同(4)
en(1)
Allen(1)
斯波(1)
中心(5)
com(1)
日本(1)
elpais(5)
Dulles(2)
HP(1)
手段(1)
John(1)
危地(1)
黄金(1)
Benelux(1)
警察(1)
学部(1)
批判(1)
政策(6)
大学(5)
•（(1)
政権(2)
限定(1)
民主党(1)
痛苦(1)
中国(2)
II(3)
NSC(13)
局部(1)
·→(1)
理事(1)
FDR(1)
and(2)
西欧(3)
解散(1)
提出(1)
OSS(1)
想到(1)
indice(5)
坂出(2)
起草(4)
Read(4)
佐佐木(1)
Nitze(5)
JF(2)
ECSC(2)
国防(1)
BW(1)
西方(2)
www(1)
CIA(1)
兵力(1)
年代(2)
EPU(2)
)　(2)
大西洋(3)
NATO(2)
offset(1)
美国(7)
背景(1)
情報(1)
加盟(1)
加入(5)
内在(1)
戦略(1)
表示(1)
SALT(3)
各国(1)
追加(1)
能否(1)
必要(1)
教員(1)
）•(3)
source(7)
当初(1)
援助(1)
革命(1)
角度(1)
NSAM(2)
同盟(2)
{ 1 } { 2 } { 3 } { 4 } { 5 } { 6 } { 7 8 } { 9 10 11 12 } { 13 } { 14 15 } { 16 17 } { 18 } { 19 } { 20 } { 21 } { 22 } { 23 } { 24 } { 25 } { 26 } { 27 } 
Segment{ 2 }, Segment{ 3 }
コサイン類似度: 0.061077823589890674
Segment{ 3 }, Segment{ 4 }
コサイン類似度: 0.0019561613588903186
Segment{ 4 }, Segment{ 5 }
コサイン類似度: 0.05740648779113607
Segment{ 5 }, Segment{ 6 }
コサイン類似度: 0.007009965588539489
Segment{ 6 }, Segment{ 7 8 }
コサイン類似度: 0.0
Segment{ 9 10 11 12 }, Segment{ 13 }
コサイン類似度: 0.8922447544624562
Segment{ 13 }, Segment{ 14 15 }
コサイン類似度: 0.9117075566198923
Segment{ 16 17 }, Segment{ 18 }
コサイン類似度: 0.0024490431173649525
Segment{ 18 }, Segment{ 19 }
コサイン類似度: 0.004721508409940248
Segment{ 19 }, Segment{ 20 }
コサイン類似度: 0.061787020988899294
Segment{ 20 }, Segment{ 21 }
コサイン類似度: 0.021506237370744204
Segment{ 21 }, Segment{ 22 }
コサイン類似度: 0.0
Segment{ 22 }, Segment{ 23 }
コサイン類似度: 0.10013139152081114
Segment{ 23 }, Segment{ 24 }
コサイン類似度: 0.0
Segment{ 24 }, Segment{ 25 }
コサイン類似度: 0.009562510886908104
Segment{ 25 }, Segment{ 26 }
コサイン類似度: 0.02418386983174219
Segment{ 26 }, Segment{ 27 }
コサイン類似度: 0.007095918570755721
条約(1)
占有(1)
制止(1)
停止(1)
time(1)
Welsh(1)
Cromwell(2)
EEC(1)
最高(1)
人物(6)
課題(1)
）((2)
成本(1)
世界(3)
参加(3)
政治(1)
批准(1)
海外(1)
代表(1)
EDC(4)
湾入(1)
外交(2)
上上(1)
混乱(1)
概要(2)
PPS(1)
？•(2)
共和党(1)
org(1)
法律(1)
·“(1)
大量(1)
方面(1)
商会(3)
経済(1)
卓也(1)
支出(1)
最大(1)
６月(1)
再生(1)
Foster(1)
Dillon(3)
管理(1)
成立(1)
埃及(1)
意思(1)
Sullivan(2)
？•→(1)
国家(1)
年度(1)
原子(2)
性的(1)
esPaul(4)
wikipedia(1)
共同(4)
en(1)
Allen(1)
斯波(1)
中心(4)
com(1)
日本(1)
elpais(4)
Dulles(2)
HP(1)
手段(1)
John(1)
危地(1)
黄金(1)
Benelux(1)
警察(1)
学部(1)
批判(1)
政策(5)
大学(4)
•（(1)
政権(2)
限定(1)
民主党(1)
痛苦(1)
中国(2)
II(3)
NSC(12)
局部(1)
·→(1)
理事(1)
FDR(1)
and(2)
西欧(3)
解散(1)
提出(1)
OSS(1)
想到(1)
indice(4)
坂出(2)
起草(3)
Read(3)
佐佐木(1)
Nitze(4)
JF(2)
ECSC(2)
国防(1)
BW(1)
西方(2)
www(1)
CIA(1)
兵力(1)
年代(2)
EPU(2)
)　(2)
大西洋(3)
NATO(2)
offset(1)
美国(7)
背景(1)
情報(1)
加盟(1)
加入(4)
内在(1)
戦略(1)
表示(1)
SALT(2)
各国(1)
追加(1)
能否(1)
必要(1)
教員(1)
）•(3)
source(6)
当初(1)
援助(1)
革命(1)
角度(1)
NSAM(2)
同盟(2)
{ 1 } { 2 } { 3 } { 4 } { 5 } { 6 } { 7 8 } { 9 10 11 12 } { 13 14 15 } { 16 17 } { 18 } { 19 } { 20 } { 21 } { 22 } { 23 } { 24 } { 25 } { 26 } { 27 } 
Segment{ 2 }, Segment{ 3 }
コサイン類似度: 0.06130593776515965
Segment{ 3 }, Segment{ 4 }
コサイン類似度: 0.002294979463297792
Segment{ 4 }, Segment{ 5 }
コサイン類似度: 0.057398413960485964
Segment{ 5 }, Segment{ 6 }
コサイン類似度: 0.007001271745160424
Segment{ 6 }, Segment{ 7 8 }
コサイン類似度: 0.0
Segment{ 16 17 }, Segment{ 18 }
コサイン類似度: 0.0025149505499490517
Segment{ 18 }, Segment{ 19 }
コサイン類似度: 0.005536365323582665
Segment{ 19 }, Segment{ 20 }
コサイン類似度: 0.06211446657076553
Segment{ 20 }, Segment{ 21 }
コサイン類似度: 0.02169039736472627
Segment{ 21 }, Segment{ 22 }
コサイン類似度: 0.0
Segment{ 22 }, Segment{ 23 }
コサイン類似度: 0.10108080359476833
Segment{ 23 }, Segment{ 24 }
コサイン類似度: 0.0
Segment{ 24 }, Segment{ 25 }
コサイン類似度: 0.009546592322712868
Segment{ 25 }, Segment{ 26 }
コサイン類似度: 0.024144244424296198
Segment{ 26 }, Segment{ 27 }
コサイン類似度: 0.007095918570755721
条約(1)
占有(1)
制止(1)
停止(1)
time(1)
Welsh(1)
Cromwell(1)
EEC(1)
最高(1)
人物(5)
課題(1)
）((2)
成本(1)
世界(3)
参加(3)
政治(1)
批准(1)
海外(1)
代表(1)
EDC(4)
湾入(1)
外交(2)
上上(1)
混乱(1)
概要(2)
PPS(1)
？•(2)
共和党(1)
org(1)
法律(1)
·“(1)
大量(1)
方面(1)
商会(3)
経済(1)
卓也(1)
支出(1)
最大(1)
６月(1)
再生(1)
Foster(1)
Dillon(3)
管理(1)
成立(1)
埃及(1)
意思(1)
Sullivan(1)
？•→(1)
国家(1)
年度(1)
原子(2)
性的(1)
esPaul(4)
wikipedia(1)
共同(4)
en(1)
Allen(1)
斯波(1)
中心(4)
com(1)
日本(1)
elpais(4)
Dulles(1)
HP(1)
手段(1)
John(1)
危地(1)
黄金(1)
Benelux(1)
警察(1)
学部(1)
批判(1)
政策(5)
大学(4)
•（(1)
政権(2)
限定(1)
民主党(1)
痛苦(1)
中国(2)
II(3)
NSC(12)
局部(1)
·→(1)
理事(1)
FDR(1)
and(1)
西欧(3)
解散(1)
提出(1)
OSS(1)
想到(1)
indice(4)
坂出(2)
起草(3)
Read(3)
佐佐木(1)
Nitze(4)
JF(2)
ECSC(2)
国防(1)
BW(1)
西方(2)
www(1)
CIA(1)
兵力(1)
年代(2)
EPU(2)
)　(1)
大西洋(3)
NATO(2)
offset(1)
美国(7)
背景(1)
情報(1)
加盟(1)
加入(4)
内在(1)
戦略(1)
表示(1)
SALT(2)
各国(1)
追加(1)
能否(1)
必要(1)
教員(1)
）•(3)
source(5)
当初(1)
援助(1)
革命(1)
角度(1)
NSAM(2)
同盟(2)
{ 1 } { 2 } { 3 } { 4 } { 5 } { 6 } { 7 8 } { 9 10 11 12 } { 13 14 15 } { 16 17 } { 18 } { 19 } { 20 } { 21 } { 22 23 } { 24 } { 25 } { 26 } { 27 } 
Segment{ 2 }, Segment{ 3 }
コサイン類似度: 0.06130593776515965
Segment{ 3 }, Segment{ 4 }
コサイン類似度: 0.002294979463297792
Segment{ 4 }, Segment{ 5 }
コサイン類似度: 0.057398413960485964
Segment{ 5 }, Segment{ 6 }
コサイン類似度: 0.007001271745160424
Segment{ 6 }, Segment{ 7 8 }
コサイン類似度: 0.0
Segment{ 16 17 }, Segment{ 18 }
コサイン類似度: 0.0025076752010967382
Segment{ 18 }, Segment{ 19 }
コサイン類似度: 0.005536365323582665
Segment{ 19 }, Segment{ 20 }
コサイン類似度: 0.06211446657076553
Segment{ 20 }, Segment{ 21 }
コサイン類似度: 0.02169039736472627
Segment{ 21 }, Segment{ 22 23 }
コサイン類似度: 0.009257441268434538
Segment{ 22 23 }, Segment{ 24 }
コサイン類似度: 0.0013940356178250917
Segment{ 24 }, Segment{ 25 }
コサイン類似度: 0.009546592322712868
Segment{ 25 }, Segment{ 26 }
コサイン類似度: 0.024144244424296198
Segment{ 26 }, Segment{ 27 }
コサイン類似度: 0.007095918570755721
条約(1)
占有(1)
制止(1)
停止(1)
time(1)
Welsh(1)
Cromwell(1)
EEC(1)
最高(1)
人物(5)
課題(1)
）((2)
成本(1)
世界(3)
参加(3)
政治(1)
批准(1)
海外(1)
代表(1)
EDC(4)
湾入(1)
外交(2)
上上(1)
混乱(1)
概要(2)
PPS(1)
？•(2)
共和党(1)
org(1)
法律(1)
·“(1)
大量(1)
方面(1)
商会(3)
経済(1)
卓也(1)
支出(1)
最大(1)
６月(1)
再生(1)
Foster(1)
Dillon(3)
管理(1)
成立(1)
埃及(1)
意思(1)
Sullivan(1)
？•→(1)
国家(1)
年度(1)
原子(2)
性的(1)
esPaul(4)
wikipedia(1)
共同(4)
en(1)
Allen(1)
斯波(1)
中心(4)
com(1)
日本(1)
elpais(4)
Dulles(1)
HP(1)
手段(1)
John(1)
危地(1)
黄金(1)
Benelux(1)
警察(1)
学部(1)
批判(1)
政策(5)
大学(4)
•（(1)
政権(2)
限定(1)
民主党(1)
痛苦(1)
中国(2)
II(3)
NSC(11)
局部(1)
·→(1)
理事(1)
FDR(1)
and(1)
西欧(3)
解散(1)
提出(1)
OSS(1)
想到(1)
indice(4)
坂出(2)
起草(3)
Read(3)
佐佐木(1)
Nitze(4)
JF(2)
ECSC(2)
国防(1)
BW(1)
西方(1)
www(1)
CIA(1)
兵力(1)
年代(2)
EPU(2)
)　(1)
大西洋(3)
NATO(2)
offset(1)
美国(7)
背景(1)
情報(1)
加盟(1)
加入(4)
内在(1)
戦略(1)
表示(1)
SALT(2)
各国(1)
追加(1)
能否(1)
必要(1)
教員(1)
）•(3)
source(5)
当初(1)
援助(1)
革命(1)
角度(1)
NSAM(2)
同盟(1)
{ 1 } { 2 } { 3 } { 4 } { 5 } { 6 } { 7 8 } { 9 10 11 12 } { 13 14 15 } { 16 17 } { 18 } { 19 20 } { 21 } { 22 23 } { 24 } { 25 } { 26 } { 27 } 
Segment{ 2 }, Segment{ 3 }
コサイン類似度: 0.061598870357485694
Segment{ 3 }, Segment{ 4 }
コサイン類似度: 0.00273000317067018
Segment{ 4 }, Segment{ 5 }
コサイン類似度: 0.05738804442099225
Segment{ 5 }, Segment{ 6 }
コサイン類似度: 0.0069984678607618285
Segment{ 6 }, Segment{ 7 8 }
コサイン類似度: 0.0
Segment{ 16 17 }, Segment{ 18 }
コサイン類似度: 0.00298278935390444
Segment{ 18 }, Segment{ 19 20 }
コサイン類似度: 0.013465792102750772
Segment{ 19 20 }, Segment{ 21 }
コサイン類似度: 0.016259468771039846
Segment{ 21 }, Segment{ 22 23 }
コサイン類似度: 0.009255585625134862
Segment{ 22 23 }, Segment{ 24 }
コサイン類似度: 0.0013939886501558286
Segment{ 24 }, Segment{ 25 }
コサイン類似度: 0.009546270680148598
Segment{ 25 }, Segment{ 26 }
コサイン類似度: 0.024144244424296198
Segment{ 26 }, Segment{ 27 }
コサイン類似度: 0.007095918570755721
条約(1)
占有(1)
制止(1)
停止(1)
time(1)
Welsh(1)
Cromwell(1)
EEC(1)
最高(1)
人物(5)
課題(1)
）((2)
成本(1)
世界(3)
参加(3)
政治(1)
批准(1)
海外(1)
代表(1)
EDC(4)
湾入(1)
外交(2)
上上(1)
混乱(1)
概要(1)
PPS(1)
？•(2)
共和党(1)
org(1)
法律(1)
·“(1)
大量(1)
方面(1)
商会(3)
経済(1)
卓也(1)
支出(1)
最大(1)
６月(1)
再生(1)
Foster(1)
Dillon(3)
管理(1)
成立(1)
埃及(1)
意思(1)
Sullivan(1)
？•→(1)
国家(1)
年度(1)
原子(2)
性的(1)
esPaul(4)
wikipedia(1)
共同(4)
en(1)
Allen(1)
斯波(1)
中心(4)
com(1)
日本(1)
elpais(4)
Dulles(1)
HP(1)
手段(1)
John(1)
危地(1)
黄金(1)
Benelux(1)
警察(1)
学部(1)
批判(1)
政策(5)
大学(4)
•（(1)
政権(2)
限定(1)
民主党(1)
痛苦(1)
中国(2)
II(3)
NSC(10)
局部(1)
·→(1)
理事(1)
FDR(1)
and(1)
西欧(3)
解散(1)
提出(1)
OSS(1)
想到(1)
indice(4)
坂出(2)
起草(3)
Read(3)
佐佐木(1)
Nitze(4)
JF(2)
ECSC(2)
国防(1)
BW(1)
西方(1)
www(1)
CIA(1)
兵力(1)
年代(2)
EPU(2)
)　(1)
大西洋(3)
NATO(2)
offset(1)
美国(7)
背景(1)
情報(1)
加盟(1)
加入(4)
内在(1)
戦略(1)
表示(1)
SALT(2)
各国(1)
追加(1)
能否(1)
必要(1)
教員(1)
）•(3)
source(5)
当初(1)
援助(1)
革命(1)
角度(1)
NSAM(2)
同盟(1)
{ 1 } { 2 3 } { 4 } { 5 } { 6 } { 7 8 } { 9 10 11 12 } { 13 14 15 } { 16 17 } { 18 } { 19 20 } { 21 } { 22 23 } { 24 } { 25 } { 26 } { 27 } 
Segment{ 2 3 }, Segment{ 4 }
コサイン類似度: 0.1115280196708948
Segment{ 4 }, Segment{ 5 }
コサイン類似度: 0.057374419279040405
Segment{ 5 }, Segment{ 6 }
コサイン類似度: 0.006994786483377416
Segment{ 6 }, Segment{ 7 8 }
コサイン類似度: 0.0
Segment{ 16 17 }, Segment{ 18 }
コサイン類似度: 0.003606710250925776
Segment{ 18 }, Segment{ 19 20 }
コサイン類似度: 0.014505353677758317
Segment{ 19 20 }, Segment{ 21 }
コサイン類似度: 0.017028019875256244
Segment{ 21 }, Segment{ 22 23 }
コサイン類似度: 0.009253147554799281
Segment{ 22 23 }, Segment{ 24 }
コサイン類似度: 0.0013939269051045267
Segment{ 24 }, Segment{ 25 }
コサイン類似度: 0.009545847839566057
Segment{ 25 }, Segment{ 26 }
コサイン類似度: 0.024144244424296198
Segment{ 26 }, Segment{ 27 }
コサイン類似度: 0.007095918570755721
条約(1)
占有(1)
制止(1)
停止(1)
time(1)
Welsh(1)
Cromwell(1)
EEC(1)
最高(1)
人物(5)
課題(1)
）((1)
成本(1)
世界(3)
参加(3)
政治(1)
批准(1)
海外(1)
代表(1)
EDC(4)
湾入(1)
外交(2)
上上(1)
混乱(1)
概要(1)
PPS(1)
？•(2)
共和党(1)
org(1)
法律(1)
·“(1)
大量(1)
方面(1)
商会(3)
経済(1)
卓也(1)
支出(1)
最大(1)
６月(1)
再生(1)
Foster(1)
Dillon(3)
管理(1)
成立(1)
埃及(1)
意思(1)
Sullivan(1)
？•→(1)
国家(1)
年度(1)
原子(2)
性的(1)
esPaul(4)
wikipedia(1)
共同(4)
en(1)
Allen(1)
斯波(1)
中心(4)
com(1)
日本(1)
elpais(4)
Dulles(1)
HP(1)
手段(1)
John(1)
危地(1)
黄金(1)
Benelux(1)
警察(1)
学部(1)
批判(1)
政策(5)
大学(4)
•（(1)
政権(2)
限定(1)
民主党(1)
痛苦(1)
中国(2)
II(3)
NSC(9)
局部(1)
·→(1)
理事(1)
FDR(1)
and(1)
西欧(3)
解散(1)
提出(1)
OSS(1)
想到(1)
indice(4)
坂出(2)
起草(3)
Read(3)
佐佐木(1)
Nitze(4)
JF(2)
ECSC(1)
国防(1)
BW(1)
西方(1)
www(1)
CIA(1)
兵力(1)
年代(2)
EPU(1)
)　(1)
大西洋(3)
NATO(2)
offset(1)
美国(7)
背景(1)
情報(1)
加盟(1)
加入(4)
内在(1)
戦略(1)
表示(1)
SALT(2)
各国(1)
追加(1)
能否(1)
必要(1)
教員(1)
）•(3)
source(5)
当初(1)
援助(1)
革命(1)
角度(1)
NSAM(2)
同盟(1)
{ 1 } { 2 3 4 } { 5 } { 6 } { 7 8 } { 9 10 11 12 } { 13 14 15 } { 16 17 } { 18 } { 19 20 } { 21 } { 22 23 } { 24 } { 25 } { 26 } { 27 } 
Segment{ 2 3 4 }, Segment{ 5 }
コサイン類似度: 0.021011209071718932
Segment{ 5 }, Segment{ 6 }
コサイン類似度: 0.00698982010819879
Segment{ 6 }, Segment{ 7 8 }
コサイン類似度: 0.0
Segment{ 16 17 }, Segment{ 18 }
コサイン類似度: 0.004448622977324668
Segment{ 18 }, Segment{ 19 20 }
コサイン類似度: 0.01590688820788399
Segment{ 19 20 }, Segment{ 21 }
コサイン類似度: 0.018064704097077614
Segment{ 21 }, Segment{ 22 23 }
コサイン類似度: 0.009249855421228024
Segment{ 22 23 }, Segment{ 24 }
コサイン類似度: 0.0013938434661291924
Segment{ 24 }, Segment{ 25 }
コサイン類似度: 0.009545276435312711
Segment{ 25 }, Segment{ 26 }
コサイン類似度: 0.024144244424296198
Segment{ 26 }, Segment{ 27 }
コサイン類似度: 0.007095918570755721
条約(1)
占有(1)
制止(1)
停止(1)
time(1)
Welsh(1)
Cromwell(1)
EEC(1)
最高(1)
人物(5)
課題(1)
）((1)
成本(1)
世界(3)
参加(3)
政治(1)
批准(1)
海外(1)
代表(1)
EDC(4)
湾入(1)
外交(2)
上上(1)
混乱(1)
概要(1)
PPS(1)
？•(2)
共和党(1)
org(1)
法律(1)
·“(1)
大量(1)
方面(1)
商会(3)
経済(1)
卓也(1)
支出(1)
最大(1)
６月(1)
再生(1)
Foster(1)
Dillon(3)
管理(1)
成立(1)
埃及(1)
意思(1)
Sullivan(1)
？•→(1)
国家(1)
年度(1)
原子(2)
性的(1)
esPaul(4)
wikipedia(1)
共同(4)
en(1)
Allen(1)
斯波(1)
中心(4)
com(1)
日本(1)
elpais(4)
Dulles(1)
HP(1)
手段(1)
John(1)
危地(1)
黄金(1)
Benelux(1)
警察(1)
学部(1)
批判(1)
政策(5)
大学(4)
•（(1)
政権(2)
限定(1)
民主党(1)
痛苦(1)
中国(2)
II(3)
NSC(9)
局部(1)
·→(1)
理事(1)
FDR(1)
and(1)
西欧(3)
解散(1)
提出(1)
OSS(1)
想到(1)
indice(4)
坂出(2)
起草(3)
Read(3)
佐佐木(1)
Nitze(4)
JF(2)
ECSC(1)
国防(1)
BW(1)
西方(1)
www(1)
CIA(1)
兵力(1)
年代(2)
EPU(1)
)　(1)
大西洋(3)
NATO(2)
offset(1)
美国(7)
背景(1)
情報(1)
加盟(1)
加入(4)
内在(1)
戦略(1)
表示(1)
SALT(2)
各国(1)
追加(1)
能否(1)
必要(1)
教員(1)
）•(3)
source(5)
当初(1)
援助(1)
革命(1)
角度(1)
NSAM(2)
同盟(1)
{ 1 } { 2 3 4 } { 5 } { 6 } { 7 8 } { 9 10 11 12 } { 13 14 15 } { 16 17 } { 18 } { 19 20 } { 21 } { 22 23 } { 24 } { 25 } { 26 } { 27 } 
前後のスライドを見るSegment{ 5 }, Segment{ 6 }
コサイン類似度: 0.0070391644569590675
前後のスライドを見るSegment{ 6 }, Segment{ 7 8 }
コサイン類似度: 0.0
前後のスライドを見るSegment{ 18 }, Segment{ 19 20 }
コサイン類似度: 0.00490351150534399
前後のスライドを見るSegment{ 21 }, Segment{ 22 23 }
コサイン類似度: 6.304951991339386E-4
前後のスライドを見るSegment{ 24 }, Segment{ 25 }
コサイン類似度: 0.003193458127009872
前後のスライドを見るSegment{ 25 }, Segment{ 26 }
コサイン類似度: 0.0
前後のスライドを見るSegment{ 26 }, Segment{ 27 }
コサイン類似度: 0.0
