条約(1)
)•(1)
前半(1)
重要(1)
BBC(1)
美的(5)
的中(2)
EEC(7)
首相(1)
区域(1)
天空(5)
独立(1)
）((1)
ppt(1)
政治(1)
紹介(1)
批准(1)
EDC(1)
構想(1)
外交(2)
路線(1)
混乱(1)
接近(1)
所以(1)
戦後(1)
保障(1)
Introduction(1)
Action(1)
経済(1)
６月(1)
前夜(1)
美英(4)
管理(2)
成立(1)
原子(1)
通商(1)
雅典(1)
共同(3)
英国(8)
大西(1)
武装(5)
斯波(1)
帝国(1)
Memorandom(1)
独自(2)
HP(1)
摘要(1)
域内(1)
学部(1)
半期(1)
抑制(2)
政策(2)
提供(2)
政権(3)
国内(1)
接受(1)
保持(1)
除法(1)
NSC(1)
報告(1)
回避(1)
政府(1)
中止(1)
•②(2)
•①(2)
FDR(1)
残留(1)
Security(1)
焦点(1)
提出(1)
流産(1)
英美(2)
想到(3)
坂出(2)
長期(1)
JF(1)
cf(1)
ECSC(1)
国防(2)
一月(2)
BW(1)
skybolt(1)
西方(1)
内的(1)
位置(1)
国外(1)
合作(4)
特殊(5)
基地(1)
序言(1)
１月(1)
存在(1)
年代(2)
排除(1)
中枢(1)
EPU(1)
同意(1)
大西洋(2)
水上(1)
NATO(8)
体制(1)
美国(7)
潜水(1)
加盟(6)
安全(1)
加入(1)
戦略(1)
要求(1)
条件(1)
National(1)
首席(1)
教員(1)
自己(1)
）•(1)
危機(1)
NSAM(3)
期待(1)
参入(1)
孤立(1)
同盟(2)
{ 1 } { 2 } { 3 } { 4 } { 5 } { 6 } { 7 } { 8 } { 9 } { 10 } { 11 } { 12 } { 13 } { 14 } { 15 } { 16 } 
Segment{ 2 }, Segment{ 3 }
コサイン類似度: 0.004080060466246522
Segment{ 3 }, Segment{ 4 }
コサイン類似度: 0.0
Segment{ 4 }, Segment{ 5 }
コサイン類似度: 0.06984882511317164
Segment{ 5 }, Segment{ 6 }
コサイン類似度: 0.0453871670484664
Segment{ 6 }, Segment{ 7 }
コサイン類似度: 0.09509809976068699
Segment{ 7 }, Segment{ 8 }
コサイン類似度: 0.01826395521427883
Segment{ 8 }, Segment{ 9 }
コサイン類似度: 0.0053837925791656955
Segment{ 9 }, Segment{ 10 }
コサイン類似度: 0.10536996531098916
Segment{ 10 }, Segment{ 11 }
コサイン類似度: 0.0394979521587811
Segment{ 11 }, Segment{ 12 }
コサイン類似度: 0.028220619930813724
Segment{ 12 }, Segment{ 13 }
コサイン類似度: 0.0
Segment{ 13 }, Segment{ 14 }
コサイン類似度: 0.06239446715951924
Segment{ 14 }, Segment{ 15 }
コサイン類似度: 0.03434958535342916
Segment{ 15 }, Segment{ 16 }
コサイン類似度: 0.0
条約(1)
)•(1)
前半(1)
重要(1)
BBC(1)
美的(5)
的中(2)
EEC(7)
首相(1)
区域(1)
天空(4)
独立(1)
）((1)
ppt(1)
政治(1)
紹介(1)
批准(1)
EDC(1)
構想(1)
外交(2)
路線(1)
混乱(1)
接近(1)
所以(1)
戦後(1)
保障(1)
Introduction(1)
Action(1)
経済(1)
６月(1)
前夜(1)
美英(4)
管理(2)
成立(1)
原子(1)
通商(1)
雅典(1)
共同(3)
英国(8)
大西(1)
武装(5)
斯波(1)
帝国(1)
Memorandom(1)
独自(1)
HP(1)
摘要(1)
域内(1)
学部(1)
半期(1)
抑制(2)
政策(2)
提供(2)
政権(3)
国内(1)
接受(1)
保持(1)
除法(1)
NSC(1)
報告(1)
回避(1)
中止(1)
政府(1)
•②(2)
•①(2)
FDR(1)
残留(1)
Security(1)
焦点(1)
提出(1)
流産(1)
英美(2)
想到(3)
坂出(2)
長期(1)
JF(1)
cf(1)
ECSC(1)
国防(2)
一月(2)
BW(1)
skybolt(1)
西方(1)
内的(1)
位置(1)
国外(1)
合作(4)
特殊(5)
基地(1)
序言(1)
１月(1)
存在(1)
年代(2)
排除(1)
中枢(1)
EPU(1)
同意(1)
大西洋(2)
水上(1)
NATO(8)
体制(1)
美国(7)
潜水(1)
加盟(6)
安全(1)
加入(1)
戦略(1)
要求(1)
条件(1)
National(1)
首席(1)
教員(1)
自己(1)
）•(1)
危機(1)
NSAM(3)
期待(1)
参入(1)
孤立(1)
同盟(2)
{ 1 } { 2 } { 3 } { 4 } { 5 } { 6 } { 7 } { 8 } { 9 10 } { 11 } { 12 } { 13 } { 14 } { 15 } { 16 } 
Segment{ 2 }, Segment{ 3 }
コサイン類似度: 0.004080060466246522
Segment{ 3 }, Segment{ 4 }
コサイン類似度: 0.0
Segment{ 4 }, Segment{ 5 }
コサイン類似度: 0.06854916123985885
Segment{ 5 }, Segment{ 6 }
コサイン類似度: 0.04531941178479895
Segment{ 6 }, Segment{ 7 }
コサイン類似度: 0.09495613459205952
Segment{ 7 }, Segment{ 8 }
コサイン類似度: 0.01824669921573034
Segment{ 8 }, Segment{ 9 10 }
コサイン類似度: 0.024160042909058918
Segment{ 9 10 }, Segment{ 11 }
コサイン類似度: 0.029795890640659125
Segment{ 11 }, Segment{ 12 }
コサイン類似度: 0.028220619930813724
Segment{ 12 }, Segment{ 13 }
コサイン類似度: 0.0
Segment{ 13 }, Segment{ 14 }
コサイン類似度: 0.06239446715951924
Segment{ 14 }, Segment{ 15 }
コサイン類似度: 0.03434958535342916
Segment{ 15 }, Segment{ 16 }
コサイン類似度: 0.0
条約(1)
)•(1)
前半(1)
重要(1)
BBC(1)
美的(4)
的中(1)
EEC(7)
首相(1)
区域(1)
天空(4)
独立(1)
）((1)
ppt(1)
政治(1)
紹介(1)
批准(1)
EDC(1)
構想(1)
外交(2)
路線(1)
混乱(1)
接近(1)
所以(1)
戦後(1)
保障(1)
Introduction(1)
Action(1)
経済(1)
６月(1)
前夜(1)
美英(4)
管理(2)
成立(1)
原子(1)
通商(1)
雅典(1)
共同(3)
英国(8)
大西(1)
武装(4)
斯波(1)
帝国(1)
Memorandom(1)
独自(1)
HP(1)
摘要(1)
域内(1)
学部(1)
半期(1)
抑制(2)
政策(2)
提供(2)
政権(3)
国内(1)
接受(1)
保持(1)
除法(1)
NSC(1)
報告(1)
回避(1)
中止(1)
政府(1)
•②(2)
•①(2)
FDR(1)
残留(1)
Security(1)
焦点(1)
提出(1)
流産(1)
英美(2)
想到(3)
坂出(2)
長期(1)
JF(1)
cf(1)
ECSC(1)
国防(2)
一月(2)
BW(1)
skybolt(1)
西方(1)
内的(1)
位置(1)
国外(1)
合作(4)
特殊(4)
基地(1)
序言(1)
１月(1)
存在(1)
年代(2)
排除(1)
中枢(1)
EPU(1)
同意(1)
大西洋(2)
水上(1)
NATO(7)
体制(1)
美国(7)
潜水(1)
加盟(6)
安全(1)
加入(1)
戦略(1)
要求(1)
条件(1)
National(1)
首席(1)
教員(1)
自己(1)
）•(1)
危機(1)
NSAM(3)
期待(1)
参入(1)
孤立(1)
同盟(2)
{ 1 } { 2 } { 3 } { 4 } { 5 } { 6 7 } { 8 } { 9 10 } { 11 } { 12 } { 13 } { 14 } { 15 } { 16 } 
Segment{ 2 }, Segment{ 3 }
コサイン類似度: 0.004080060466246522
Segment{ 3 }, Segment{ 4 }
コサイン類似度: 0.0
Segment{ 4 }, Segment{ 5 }
コサイン類似度: 0.09998380624363817
Segment{ 5 }, Segment{ 6 7 }
コサイン類似度: 0.11305353191322944
Segment{ 6 7 }, Segment{ 8 }
コサイン類似度: 0.0662244191432168
Segment{ 8 }, Segment{ 9 10 }
コサイン類似度: 0.024019338211542555
Segment{ 9 10 }, Segment{ 11 }
コサイン類似度: 0.03205625161163364
Segment{ 11 }, Segment{ 12 }
コサイン類似度: 0.02814458075921071
Segment{ 12 }, Segment{ 13 }
コサイン類似度: 0.0
Segment{ 13 }, Segment{ 14 }
コサイン類似度: 0.06236437019125491
Segment{ 14 }, Segment{ 15 }
コサイン類似度: 0.036319966759448666
Segment{ 15 }, Segment{ 16 }
コサイン類似度: 0.0
条約(1)
)•(1)
前半(1)
重要(1)
BBC(1)
美的(3)
的中(1)
EEC(7)
首相(1)
区域(1)
天空(4)
独立(1)
）((1)
ppt(1)
政治(1)
紹介(1)
批准(1)
EDC(1)
構想(1)
外交(2)
路線(1)
混乱(1)
接近(1)
所以(1)
戦後(1)
保障(1)
Introduction(1)
Action(1)
経済(1)
６月(1)
前夜(1)
美英(4)
管理(2)
成立(1)
原子(1)
通商(1)
雅典(1)
共同(3)
英国(8)
大西(1)
武装(3)
斯波(1)
帝国(1)
Memorandom(1)
独自(1)
HP(1)
摘要(1)
域内(1)
学部(1)
半期(1)
抑制(2)
政策(2)
提供(2)
政権(3)
国内(1)
接受(1)
保持(1)
除法(1)
NSC(1)
報告(1)
回避(1)
中止(1)
政府(1)
•②(2)
•①(2)
FDR(1)
残留(1)
Security(1)
焦点(1)
提出(1)
流産(1)
英美(2)
想到(3)
坂出(2)
長期(1)
JF(1)
cf(1)
ECSC(1)
国防(2)
一月(2)
BW(1)
skybolt(1)
西方(1)
内的(1)
位置(1)
国外(1)
合作(4)
特殊(3)
基地(1)
序言(1)
１月(1)
存在(1)
年代(2)
排除(1)
中枢(1)
EPU(1)
同意(1)
大西洋(2)
水上(1)
NATO(6)
体制(1)
美国(7)
潜水(1)
加盟(6)
安全(1)
加入(1)
戦略(1)
要求(1)
条件(1)
National(1)
首席(1)
教員(1)
自己(1)
）•(1)
危機(1)
NSAM(3)
期待(1)
参入(1)
孤立(1)
同盟(2)
{ 1 } { 2 } { 3 } { 4 } { 5 6 7 } { 8 } { 9 10 } { 11 } { 12 } { 13 } { 14 } { 15 } { 16 } 
Segment{ 2 }, Segment{ 3 }
コサイン類似度: 0.004080060466246522
Segment{ 3 }, Segment{ 4 }
コサイン類似度: 0.0
Segment{ 4 }, Segment{ 5 6 7 }
コサイン類似度: 0.209658289388003
Segment{ 5 6 7 }, Segment{ 8 }
コサイン類似度: 0.10012873676099152
Segment{ 8 }, Segment{ 9 10 }
コサイン類似度: 0.023729534361823436
Segment{ 9 10 }, Segment{ 11 }
コサイン類似度: 0.03549183902400657
Segment{ 11 }, Segment{ 12 }
コサイン類似度: 0.028028617847416497
Segment{ 12 }, Segment{ 13 }
コサイン類似度: 0.0
Segment{ 13 }, Segment{ 14 }
コサイン類似度: 0.062318083694245685
Segment{ 14 }, Segment{ 15 }
コサイン類似度: 0.03933538142248595
Segment{ 15 }, Segment{ 16 }
コサイン類似度: 0.0
条約(1)
)•(1)
前半(1)
重要(1)
BBC(1)
美的(2)
的中(1)
EEC(7)
首相(1)
区域(1)
天空(3)
独立(1)
）((1)
ppt(1)
政治(1)
紹介(1)
批准(1)
EDC(1)
構想(1)
外交(2)
路線(1)
混乱(1)
接近(1)
所以(1)
戦後(1)
保障(1)
Introduction(1)
Action(1)
経済(1)
６月(1)
前夜(1)
美英(4)
管理(2)
成立(1)
原子(1)
通商(1)
雅典(1)
共同(3)
英国(8)
大西(1)
斯波(1)
武装(2)
帝国(1)
Memorandom(1)
独自(1)
HP(1)
摘要(1)
域内(1)
学部(1)
半期(1)
抑制(2)
政策(2)
提供(2)
政権(3)
国内(1)
接受(1)
保持(1)
除法(1)
NSC(1)
報告(1)
回避(1)
中止(1)
政府(1)
•②(2)
•①(2)
FDR(1)
残留(1)
Security(1)
焦点(1)
提出(1)
流産(1)
英美(2)
想到(3)
坂出(2)
長期(1)
JF(1)
cf(1)
ECSC(1)
国防(2)
一月(2)
skybolt(1)
BW(1)
西方(1)
内的(1)
位置(1)
国外(1)
合作(4)
特殊(2)
基地(1)
序言(1)
１月(1)
存在(1)
年代(2)
排除(1)
中枢(1)
EPU(1)
同意(1)
大西洋(2)
水上(1)
NATO(5)
体制(1)
美国(7)
潜水(1)
加盟(6)
安全(1)
加入(1)
戦略(1)
要求(1)
条件(1)
National(1)
首席(1)
教員(1)
）•(1)
自己(1)
危機(1)
NSAM(3)
期待(1)
参入(1)
孤立(1)
同盟(2)
{ 1 } { 2 } { 3 } { 4 5 6 7 } { 8 } { 9 10 } { 11 } { 12 } { 13 } { 14 } { 15 } { 16 } 
Segment{ 2 }, Segment{ 3 }
コサイン類似度: 0.004080060466246522
Segment{ 3 }, Segment{ 4 5 6 7 }
コサイン類似度: 0.029472676998726244
Segment{ 4 5 6 7 }, Segment{ 8 }
コサイン類似度: 0.2123207403470686
Segment{ 8 }, Segment{ 9 10 }
コサイン類似度: 0.029034767686975212
Segment{ 9 10 }, Segment{ 11 }
コサイン類似度: 0.04081807586272343
Segment{ 11 }, Segment{ 12 }
コサイン類似度: 0.02783941790458124
Segment{ 12 }, Segment{ 13 }
コサイン類似度: 0.0
Segment{ 13 }, Segment{ 14 }
コサイン類似度: 0.06224154599335707
Segment{ 14 }, Segment{ 15 }
コサイン類似度: 0.04428258480860254
Segment{ 15 }, Segment{ 16 }
コサイン類似度: 0.0
条約(1)
)•(1)
前半(1)
重要(1)
BBC(1)
美的(1)
的中(1)
EEC(7)
首相(1)
区域(1)
天空(2)
独立(1)
）((1)
ppt(1)
政治(1)
紹介(1)
批准(1)
EDC(1)
構想(1)
外交(2)
路線(1)
混乱(1)
接近(1)
所以(1)
戦後(1)
保障(1)
Introduction(1)
Action(1)
経済(1)
６月(1)
前夜(1)
美英(4)
管理(2)
成立(1)
原子(1)
通商(1)
雅典(1)
共同(3)
英国(7)
大西(1)
斯波(1)
武装(2)
帝国(1)
Memorandom(1)
独自(1)
HP(1)
摘要(1)
域内(1)
学部(1)
半期(1)
抑制(2)
政策(1)
提供(2)
政権(3)
国内(1)
接受(1)
保持(1)
除法(1)
NSC(1)
報告(1)
回避(1)
中止(1)
政府(1)
•②(2)
•①(2)
FDR(1)
残留(1)
Security(1)
焦点(1)
提出(1)
流産(1)
英美(1)
想到(3)
坂出(2)
長期(1)
JF(1)
cf(1)
ECSC(1)
国防(2)
一月(2)
skybolt(1)
BW(1)
西方(1)
内的(1)
位置(1)
国外(1)
合作(4)
基地(1)
特殊(1)
序言(1)
１月(1)
存在(1)
年代(2)
排除(1)
中枢(1)
EPU(1)
同意(1)
大西洋(2)
水上(1)
NATO(5)
体制(1)
美国(6)
潜水(1)
加盟(6)
安全(1)
加入(1)
戦略(1)
要求(1)
条件(1)
National(1)
首席(1)
教員(1)
）•(1)
自己(1)
危機(1)
NSAM(2)
期待(1)
参入(1)
孤立(1)
同盟(2)
{ 1 } { 2 } { 3 } { 4 5 6 7 8 } { 9 10 } { 11 } { 12 } { 13 } { 14 } { 15 } { 16 } 
Segment{ 2 }, Segment{ 3 }
コサイン類似度: 0.005030125145419342
Segment{ 3 }, Segment{ 4 5 6 7 8 }
コサイン類似度: 0.03242560068408702
Segment{ 9 10 }, Segment{ 11 }
コサイン類似度: 0.04419908411081601
Segment{ 11 }, Segment{ 12 }
コサイン類似度: 0.036280065953337055
Segment{ 12 }, Segment{ 13 }
コサイン類似度: 0.0
Segment{ 13 }, Segment{ 14 }
コサイン類似度: 0.06221166966926654
Segment{ 14 }, Segment{ 15 }
コサイン類似度: 0.04620070828222165
Segment{ 15 }, Segment{ 16 }
コサイン類似度: 0.0
条約(1)
)•(1)
前半(1)
重要(1)
BBC(1)
美的(1)
的中(1)
EEC(7)
首相(1)
区域(1)
天空(2)
独立(1)
）((1)
ppt(1)
政治(1)
紹介(1)
批准(1)
EDC(1)
構想(1)
外交(1)
路線(1)
混乱(1)
接近(1)
所以(1)
戦後(1)
保障(1)
Introduction(1)
Action(1)
経済(1)
６月(1)
前夜(1)
美英(4)
管理(2)
成立(1)
原子(1)
通商(1)
雅典(1)
共同(3)
英国(7)
大西(1)
斯波(1)
武装(2)
帝国(1)
Memorandom(1)
独自(1)
HP(1)
摘要(1)
域内(1)
学部(1)
半期(1)
抑制(2)
政策(1)
提供(2)
政権(3)
国内(1)
接受(1)
保持(1)
除法(1)
NSC(1)
報告(1)
回避(1)
中止(1)
政府(1)
•②(2)
•①(2)
FDR(1)
残留(1)
Security(1)
焦点(1)
提出(1)
流産(1)
英美(1)
想到(3)
坂出(2)
長期(1)
JF(1)
cf(1)
ECSC(1)
国防(2)
一月(2)
skybolt(1)
BW(1)
西方(1)
内的(1)
位置(1)
国外(1)
合作(3)
基地(1)
特殊(1)
１月(1)
序言(1)
存在(1)
年代(2)
排除(1)
中枢(1)
EPU(1)
同意(1)
大西洋(2)
水上(1)
NATO(5)
体制(1)
美国(6)
潜水(1)
加盟(6)
安全(1)
加入(1)
戦略(1)
要求(1)
条件(1)
National(1)
首席(1)
教員(1)
）•(1)
自己(1)
危機(1)
NSAM(2)
期待(1)
参入(1)
孤立(1)
同盟(2)
{ 1 } { 2 } { 3 } { 4 5 6 7 8 } { 9 10 } { 11 } { 12 } { 13 14 } { 15 } { 16 } 
Segment{ 2 }, Segment{ 3 }
コサイン類似度: 0.005030125145419342
Segment{ 3 }, Segment{ 4 5 6 7 8 }
コサイン類似度: 0.032420117070660386
Segment{ 9 10 }, Segment{ 11 }
コサイン類似度: 0.04414353734203394
Segment{ 11 }, Segment{ 12 }
コサイン類似度: 0.036280065953337055
Segment{ 12 }, Segment{ 13 14 }
コサイン類似度: 0.016517324100716525
Segment{ 13 14 }, Segment{ 15 }
コサイン類似度: 0.023320385690677986
Segment{ 15 }, Segment{ 16 }
コサイン類似度: 0.0
