)•(1)
条約(1)
恐怖(1)
如何(1)
原理(1)
iii(1)
USAUK(1)
市場(1)
紛争(1)
欧州(3)
冷戦(2)
民主(1)
戦争(1)
EEC(1)
II(1)
中東(1)
主要(1)
課題(1)
主義(1)
EU(1)
交渉(1)
世界(2)
基本(1)
年表(1)
坂出(1)
崩壊(1)
ECSC(1)
包容(1)
自立(1)
西方(1)
独行(1)
Fukuyama(1)
中枢(1)
内部(1)
設定(1)
文明(1)
NaftaEUMEFTAAsseanChinaJapanRussia(1)
NATO(1)
体制(1)
美国(3)
社会(1)
主導(1)
(-(1)
加盟(1)
秩序(2)
iv(1)
ii(1)
形成(1)
MilwardHoganMarshallPlan(1)
東欧(3)
南美(1)
Huntington(1)
BrazilIraqIndiaUS(1)
）•(1)
開発(1)
施行(1)
共同(1)
欧米(1)
英国(1)
IranSaudi(1)
同盟(1)
{ 1 } { 2 } { 3 } { 4 } { 5 } { 6 } { 7 } 
Segment{ 2 }, Segment{ 3 }
コサイン類似度: 0.0
Segment{ 3 }, Segment{ 4 }
コサイン類似度: 0.0131790172575555
Segment{ 4 }, Segment{ 5 }
コサイン類似度: 0.0
Segment{ 5 }, Segment{ 6 }
コサイン類似度: 0.026387969828012548
Segment{ 6 }, Segment{ 7 }
コサイン類似度: 0.0
