filename: CEAEH200602
xmlFile: /Users/admin/ocwslidedata/ocw.kyoto-u.ac.jp/005-004-（〜2010年）欧米経済史/CEAEH200602/slide.xml
dir: /Users/admin/ocwslidedata/ocw.kyoto-u.ac.jp/005-004-（〜2010年）欧米経済史/CEAEH200602
XML:
<presentation language="ja"><slide page="1"><body><p>欧米经济史（坂出）2006.4.18#2 課題設定课本 第１章　序论与基本议论　</p></body></slide><slide page="2"><body><p>• 1989　東欧社会主義体制崩壊• 1990　海湾戦争• 1991　苏联社会主義体制崩溃• 1992　波斯尼亚紛争(-95)• 1999 　科索沃紛争（NATO空袭）• 2001　911恐怖袭击・阿富汗戦争• 2002• 2003　伊拉克戦争• 2004• 2005• 2006　伊朗核開発问题年表１　冷戦後的世界秩序</p></body></slide><slide page="3"><body><p>NaftaEUMEFTAAsseanChinaJapanRussia 亚洲BrazilIraqIndiaUS美国大陆 欧州・俄罗斯中東IranSaudi非洲一极化？多极化？南美</p></body></slide><slide page="4"><body><p>冷戦後の世界秩序ー两种主要议论「美国的价值」民主主义・人权・市場原理文明的冲突/Huntington历史的终结／Fukuyama与伊斯兰世界的冲突 异文明的包容国际协调主义 单独行动主义</p></body></slide><slide page="5"><body><p>USAUK“旧欧州”德国/法国“新欧州”東欧诸国EU西方同盟欧州内部的龟裂</p></body></slide><slide page="6"><body><p>欧州统一史的课题I.法德中枢（巴黎＝波恩轴心）是如何形成的？II.英国和欧洲大陆统一的关系i) ECSC（欧洲煤炭钢铁共同体） 1949-50ii)罗马条約（EEC开始施行）　1957-58iii)第一次EEC加盟交渉　1962-63iv)EEC加盟　1973-74</p></body></slide><slide page="7"><body><p>看待欧洲统一史的两种视角欧洲统一的自立发展東欧中欧美国的主導性MilwardHoganMarshallPlan</p></body></slide></presentation>
ページ: 1 -----
<slide page="1"><body><p>欧米经济史（坂出）2006.4.18#2 課題設定课本 第１章　序论与基本议论　</p></body></slide>
in Sheet Class, page: 1
title = ""
body = "<p>欧米经济史（坂出）2006.4.18#2 課題設定课本 第１章　序论与基本议论　</p>"
makeWordArrayJp
paragraph: 欧米经济史（坂出）2006.4.18#2 課題設定课本 第１章　序论与基本议论　
欧米 :	名詞,固有名詞,地域,一般,*,*,欧米,オウベイ,オーベイ	true	1
坂出 :	名詞,固有名詞,人名,姓,*,*,坂出,サカイデ,サカイデ	true	1
課題 :	名詞,一般,*,*,*,*,課題,カダイ,カダイ	true	1
設定 :	名詞,サ変接続,*,*,*,*,設定,セッテイ,セッテイ	true	1
基本 :	名詞,一般,*,*,*,*,基本,キホン,キホン	true	1
ページ: 2 -----
<slide page="2"><body><p>• 1989　東欧社会主義体制崩壊• 1990　海湾戦争• 1991　苏联社会主義体制崩溃• 1992　波斯尼亚紛争(-95)• 1999 　科索沃紛争（NATO空袭）• 2001　911恐怖袭击・阿富汗戦争• 2002• 2003　伊拉克戦争• 2004• 2005• 2006　伊朗核開発问题年表１　冷戦後的世界秩序</p></body></slide>
in Sheet Class, page: 2
title = ""
body = "<p>• 1989　東欧社会主義体制崩壊• 1990　海湾戦争• 1991　苏联社会主義体制崩溃• 1992　波斯尼亚紛争(-95)• 1999 　科索沃紛争（NATO空袭）• 2001　911恐怖袭击・阿富汗戦争• 2002• 2003　伊拉克戦争• 2004• 2005• 2006　伊朗核開発问题年表１　冷戦後的世界秩序</p>"
makeWordArrayJp
paragraph: • 1989　東欧社会主義体制崩壊• 1990　海湾戦争• 1991　苏联社会主義体制崩溃• 1992　波斯尼亚紛争(-95)• 1999 　科索沃紛争（NATO空袭）• 2001　911恐怖袭击・阿富汗戦争• 2002• 2003　伊拉克戦争• 2004• 2005• 2006　伊朗核開発问题年表１　冷戦後的世界秩序
東欧 :	名詞,固有名詞,地域,一般,*,*,東欧,トウオウ,トーオー	true	1
社会 :	名詞,一般,*,*,*,*,社会,シャカイ,シャカイ	true	1
主義 :	名詞,一般,*,*,*,*,主義,シュギ,シュギ	true	1
体制 :	名詞,一般,*,*,*,*,体制,タイセイ,タイセイ	true	1
崩壊 :	名詞,サ変接続,*,*,*,*,崩壊,ホウカイ,ホーカイ	true	1
戦争 :	名詞,サ変接続,*,*,*,*,戦争,センソウ,センソー	true	1
社会 :	名詞,一般,*,*,*,*,社会,シャカイ,シャカイ	true	2
主義 :	名詞,一般,*,*,*,*,主義,シュギ,シュギ	true	2
体制 :	名詞,一般,*,*,*,*,体制,タイセイ,タイセイ	true	2
紛争 :	名詞,サ変接続,*,*,*,*,紛争,フンソウ,フンソー	true	1
(- :	名詞,サ変接続,*,*,*,*,*	false	1
)• :	名詞,サ変接続,*,*,*,*,*	false	1
紛争 :	名詞,サ変接続,*,*,*,*,紛争,フンソウ,フンソー	true	2
NATO :	名詞,固有名詞,組織,*,*,*,*	false	1
）• :	名詞,サ変接続,*,*,*,*,*	false	1
恐怖 :	名詞,サ変接続,*,*,*,*,恐怖,キョウフ,キョーフ	true	1
戦争 :	名詞,サ変接続,*,*,*,*,戦争,センソウ,センソー	true	2
戦争 :	名詞,サ変接続,*,*,*,*,戦争,センソウ,センソー	true	3
開発 :	名詞,サ変接続,*,*,*,*,開発,カイハツ,カイハツ	true	1
年表 :	名詞,一般,*,*,*,*,年表,ネンピョウ,ネンピョー	true	1
冷戦 :	名詞,一般,*,*,*,*,冷戦,レイセン,レイセン	true	1
世界 :	名詞,一般,*,*,*,*,世界,セカイ,セカイ	true	1
秩序 :	名詞,一般,*,*,*,*,秩序,チツジョ,チツジョ	true	1
ページ: 3 -----
<slide page="3"><body><p>NaftaEUMEFTAAsseanChinaJapanRussia 亚洲BrazilIraqIndiaUS美国大陆 欧州・俄罗斯中東IranSaudi非洲一极化？多极化？南美</p></body></slide>
in Sheet Class, page: 3
title = ""
body = "<p>NaftaEUMEFTAAsseanChinaJapanRussia 亚洲BrazilIraqIndiaUS美国大陆 欧州・俄罗斯中東IranSaudi非洲一极化？多极化？南美</p>"
makeWordArrayJp
paragraph: NaftaEUMEFTAAsseanChinaJapanRussia 亚洲BrazilIraqIndiaUS美国大陆 欧州・俄罗斯中東IranSaudi非洲一极化？多极化？南美
NaftaEUMEFTAAsseanChinaJapanRussia :	名詞,固有名詞,組織,*,*,*,*	false	1
BrazilIraqIndiaUS :	名詞,一般,*,*,*,*,*	false	1
美国 :	名詞,固有名詞,地域,一般,*,*,美国,ビクニ,ビクニ	true	1
欧州 :	名詞,固有名詞,地域,一般,*,*,欧州,オウシュウ,オーシュー	true	1
中東 :	名詞,固有名詞,地域,一般,*,*,中東,チュウトウ,チュートー	true	1
IranSaudi :	名詞,固有名詞,組織,*,*,*,*	false	1
南美 :	名詞,固有名詞,人名,名,*,*,南美,ミナミ,ミナミ	true	1
ページ: 4 -----
<slide page="4"><body><p>冷戦後の世界秩序ー两种主要议论「美国的价值」民主主义・人权・市場原理文明的冲突/Huntington历史的终结／Fukuyama与伊斯兰世界的冲突 异文明的包容国际协调主义 单独行动主义</p></body></slide>
in Sheet Class, page: 4
title = ""
body = "<p>冷戦後の世界秩序ー两种主要议论「美国的价值」民主主义・人权・市場原理文明的冲突/Huntington历史的终结／Fukuyama与伊斯兰世界的冲突 异文明的包容国际协调主义 单独行动主义</p>"
makeWordArrayJp
paragraph: 冷戦後の世界秩序ー两种主要议论「美国的价值」民主主义・人权・市場原理文明的冲突/Huntington历史的终结／Fukuyama与伊斯兰世界的冲突 异文明的包容国际协调主义 单独行动主义
冷戦 :	名詞,一般,*,*,*,*,冷戦,レイセン,レイセン	true	1
世界 :	名詞,一般,*,*,*,*,世界,セカイ,セカイ	true	1
秩序 :	名詞,一般,*,*,*,*,秩序,チツジョ,チツジョ	true	1
主要 :	名詞,形容動詞語幹,*,*,*,*,主要,シュヨウ,シュヨー	true	1
美国 :	名詞,固有名詞,地域,一般,*,*,美国,ビクニ,ビクニ	true	1
民主 :	名詞,一般,*,*,*,*,民主,ミンシュ,ミンシュ	true	1
市場 :	名詞,一般,*,*,*,*,市場,シジョウ,シジョー	true	1
原理 :	名詞,一般,*,*,*,*,原理,ゲンリ,ゲンリ	true	1
文明 :	名詞,一般,*,*,*,*,文明,ブンメイ,ブンメイ	true	1
Huntington :	名詞,一般,*,*,*,*,*	false	1
Fukuyama :	名詞,固有名詞,組織,*,*,*,*	false	1
世界 :	名詞,一般,*,*,*,*,世界,セカイ,セカイ	true	2
文明 :	名詞,一般,*,*,*,*,文明,ブンメイ,ブンメイ	true	2
包容 :	名詞,サ変接続,*,*,*,*,包容,ホウヨウ,ホーヨー	true	1
独行 :	名詞,サ変接続,*,*,*,*,独行,ドッコウ,ドッコー	true	1
ページ: 5 -----
<slide page="5"><body><p>USAUK“旧欧州”德国/法国“新欧州”東欧诸国EU西方同盟欧州内部的龟裂</p></body></slide>
in Sheet Class, page: 5
title = ""
body = "<p>USAUK“旧欧州”德国/法国“新欧州”東欧诸国EU西方同盟欧州内部的龟裂</p>"
makeWordArrayJp
paragraph: USAUK“旧欧州”德国/法国“新欧州”東欧诸国EU西方同盟欧州内部的龟裂
USAUK :	名詞,一般,*,*,*,*,*	false	1
欧州 :	名詞,固有名詞,地域,一般,*,*,欧州,オウシュウ,オーシュー	true	1
欧州 :	名詞,固有名詞,地域,一般,*,*,欧州,オウシュウ,オーシュー	true	2
東欧 :	名詞,固有名詞,地域,一般,*,*,東欧,トウオウ,トーオー	true	1
EU :	名詞,一般,*,*,*,*,*	false	1
西方 :	名詞,一般,*,*,*,*,西方,セイホウ,セイホー	true	1
同盟 :	名詞,サ変接続,*,*,*,*,同盟,ドウメイ,ドーメイ	true	1
欧州 :	名詞,固有名詞,地域,一般,*,*,欧州,オウシュウ,オーシュー	true	3
内部 :	名詞,一般,*,*,*,*,内部,ナイブ,ナイブ	true	1
ページ: 6 -----
<slide page="6"><body><p>欧州统一史的课题I.法德中枢（巴黎＝波恩轴心）是如何形成的？II.英国和欧洲大陆统一的关系i) ECSC（欧洲煤炭钢铁共同体） 1949-50ii)罗马条約（EEC开始施行）　1957-58iii)第一次EEC加盟交渉　1962-63iv)EEC加盟　1973-74</p></body></slide>
in Sheet Class, page: 6
title = ""
body = "<p>欧州统一史的课题I.法德中枢（巴黎＝波恩轴心）是如何形成的？II.英国和欧洲大陆统一的关系i) ECSC（欧洲煤炭钢铁共同体） 1949-50ii)罗马条約（EEC开始施行）　1957-58iii)第一次EEC加盟交渉　1962-63iv)EEC加盟　1973-74</p>"
makeWordArrayJp
paragraph: 欧州统一史的课题I.法德中枢（巴黎＝波恩轴心）是如何形成的？II.英国和欧洲大陆统一的关系i) ECSC（欧洲煤炭钢铁共同体） 1949-50ii)罗马条約（EEC开始施行）　1957-58iii)第一次EEC加盟交渉　1962-63iv)EEC加盟　1973-74
欧州 :	名詞,固有名詞,地域,一般,*,*,欧州,オウシュウ,オーシュー	true	1
中枢 :	名詞,一般,*,*,*,*,中枢,チュウスウ,チュースー	true	1
如何 :	名詞,一般,*,*,*,*,如何,イカ,イカ	true	1
形成 :	名詞,サ変接続,*,*,*,*,形成,ケイセイ,ケイセイ	true	1
II :	名詞,固有名詞,組織,*,*,*,*	false	1
英国 :	名詞,固有名詞,地域,国,*,*,英国,エイコク,エイコク	true	1
ECSC :	名詞,固有名詞,組織,*,*,*,*	false	1
共同 :	名詞,サ変接続,*,*,*,*,共同,キョウドウ,キョードー	true	1
ii :	名詞,一般,*,*,*,*,*	false	1
条約 :	名詞,一般,*,*,*,*,条約,ジョウヤク,ジョーヤク	true	1
EEC :	名詞,固有名詞,組織,*,*,*,*	false	1
施行 :	名詞,サ変接続,*,*,*,*,施行,シコウ,シコー	true	1
iii :	名詞,一般,*,*,*,*,*	false	1
EEC :	名詞,固有名詞,組織,*,*,*,*	false	2
加盟 :	名詞,サ変接続,*,*,*,*,加盟,カメイ,カメイ	true	1
交渉 :	名詞,サ変接続,*,*,*,*,交渉,コウショウ,コーショー	true	1
iv :	名詞,一般,*,*,*,*,*	false	1
EEC :	名詞,一般,*,*,*,*,*	false	3
加盟 :	名詞,サ変接続,*,*,*,*,加盟,カメイ,カメイ	true	2
ページ: 7 -----
<slide page="7"><body><p>看待欧洲统一史的两种视角欧洲统一的自立发展東欧中欧美国的主導性MilwardHoganMarshallPlan</p></body></slide>
in Sheet Class, page: 7
title = ""
body = "<p>看待欧洲统一史的两种视角欧洲统一的自立发展東欧中欧美国的主導性MilwardHoganMarshallPlan</p>"
makeWordArrayJp
paragraph: 看待欧洲统一史的两种视角欧洲统一的自立发展東欧中欧美国的主導性MilwardHoganMarshallPlan
自立 :	名詞,サ変接続,*,*,*,*,自立,ジリツ,ジリツ	true	1
東欧 :	名詞,固有名詞,地域,一般,*,*,東欧,トウオウ,トーオー	true	1
美国 :	名詞,固有名詞,地域,一般,*,*,美国,ビクニ,ビクニ	true	1
主導 :	名詞,サ変接続,*,*,*,*,主導,シュドウ,シュドー	true	1
MilwardHoganMarshallPlan :	名詞,固有名詞,組織,*,*,*,*	false	1
