７月(1)
)•(1)
方案(1)
支持(2)
大幅(1)
前半(1)
).•(1)
DM(1)
和解(1)
合理(4)
重要(2)
石油(1)
半期(1)
政策(3)
burden(1)
政権(1)
国内(1)
•（(1)
Hubert(1)
責任(3)
民主(5)
裁定(1)
中央(1)
EEC(2)
人民(1)
首相(1)
外貨(1)
主義(5)
課題(1)
赤字(3)
収支(2)
独立(2)
提案(1)
成本(1)
）((5)
交渉(1)
政府(1)
$)•(1)
•②(1)
·→(1)
•①(2)
and(1)
Security(1)
準備(1)
Zimmermann(1)
想到(1)
坂出(1)
改革(1)
用品(1)
通貨(1)
回流(1)
外交(2)
合作(1)
$+(1)
$）-(1)
国際(2)
年代(4)
履行(1)
sharing(1)
軍費(1)
方面(1)
大西洋(2)
体制(1)
NATO(3)
offset(4)
•③(1)
美国(13)
加盟(2)
支出(2)
通知(1)
Money(1)
分担(4)
兵器(1)
形成(1)
要求(1)
美英(2)
問題(1)
管理(1)
小幅(1)
均衡(1)
中立(1)
軍事(1)
）•(2)
真正(1)
援助(1)
直接(1)
共同(1)
単位(1)
相互(1)
英国(2)
不足(1)
)-(1)
引起(1)
孤立(1)
）②(1)
由美(1)
同盟(1)
{ 1 } { 2 } { 3 } { 4 } { 5 } { 6 } { 7 } { 8 } { 9 } { 10 } { 11 } { 12 } { 13 } { 14 } { 15 } { 16 } { 17 } { 18 } 
Segment{ 2 }, Segment{ 3 }
コサイン類似度: 0.0
Segment{ 3 }, Segment{ 4 }
コサイン類似度: 0.40588747923409946
Segment{ 4 }, Segment{ 5 }
コサイン類似度: 0.834775485513771
Segment{ 5 }, Segment{ 6 }
コサイン類似度: 0.7504045178621261
Segment{ 6 }, Segment{ 7 }
コサイン類似度: 0.8868598949055583
Segment{ 7 }, Segment{ 8 }
コサイン類似度: 0.5182276199797646
Segment{ 8 }, Segment{ 9 }
コサイン類似度: 0.0
Segment{ 9 }, Segment{ 10 }
コサイン類似度: 0.0
Segment{ 10 }, Segment{ 11 }
コサイン類似度: 0.0
Segment{ 11 }, Segment{ 12 }
コサイン類似度: 7.089359674542653E-4
Segment{ 12 }, Segment{ 13 }
コサイン類似度: 0.001244187458003844
Segment{ 13 }, Segment{ 14 }
コサイン類似度: 0.06493602875558903
Segment{ 14 }, Segment{ 15 }
コサイン類似度: 5.616147015016316E-4
Segment{ 15 }, Segment{ 16 }
コサイン類似度: 0.002573525186624857
Segment{ 16 }, Segment{ 17 }
コサイン類似度: 0.0
Segment{ 17 }, Segment{ 18 }
コサイン類似度: 0.0
７月(1)
)•(1)
方案(1)
支持(2)
大幅(1)
前半(1)
).•(1)
DM(1)
和解(1)
合理(3)
重要(2)
石油(1)
半期(1)
政策(3)
burden(1)
政権(1)
国内(1)
•（(1)
Hubert(1)
責任(2)
民主(4)
裁定(1)
中央(1)
EEC(2)
人民(1)
首相(1)
外貨(1)
主義(4)
課題(1)
赤字(3)
収支(2)
独立(2)
提案(1)
成本(1)
）((4)
交渉(1)
政府(1)
$)•(1)
•②(1)
·→(1)
•①(2)
and(1)
Security(1)
準備(1)
Zimmermann(1)
想到(1)
坂出(1)
改革(1)
用品(1)
通貨(1)
回流(1)
外交(2)
合作(1)
$+(1)
$）-(1)
国際(2)
年代(4)
履行(1)
sharing(1)
軍費(1)
方面(1)
大西洋(2)
体制(1)
NATO(3)
offset(4)
•③(1)
美国(12)
加盟(2)
支出(2)
通知(1)
Money(1)
分担(3)
兵器(1)
形成(1)
要求(1)
美英(2)
問題(1)
管理(1)
小幅(1)
均衡(1)
中立(1)
軍事(1)
）•(2)
真正(1)
援助(1)
直接(1)
共同(1)
単位(1)
相互(1)
英国(2)
不足(1)
)-(1)
引起(1)
孤立(1)
）②(1)
由美(1)
同盟(1)
{ 1 } { 2 } { 3 } { 4 } { 5 } { 6 7 } { 8 } { 9 } { 10 } { 11 } { 12 } { 13 } { 14 } { 15 } { 16 } { 17 } { 18 } 
Segment{ 2 }, Segment{ 3 }
コサイン類似度: 0.0
Segment{ 3 }, Segment{ 4 }
コサイン類似度: 0.35921060405354976
Segment{ 4 }, Segment{ 5 }
コサイン類似度: 0.8121419014464814
Segment{ 5 }, Segment{ 6 7 }
コサイン類似度: 0.6877574022043238
Segment{ 6 7 }, Segment{ 8 }
コサイン類似度: 0.5407380704358751
Segment{ 8 }, Segment{ 9 }
コサイン類似度: 0.0
Segment{ 9 }, Segment{ 10 }
コサイン類似度: 0.0
Segment{ 10 }, Segment{ 11 }
コサイン類似度: 0.0
Segment{ 11 }, Segment{ 12 }
コサイン類似度: 8.302401090258099E-4
Segment{ 12 }, Segment{ 13 }
コサイン類似度: 0.0014598711265134078
Segment{ 13 }, Segment{ 14 }
コサイン類似度: 0.06528183023336463
Segment{ 14 }, Segment{ 15 }
コサイン類似度: 6.589373437852398E-4
Segment{ 15 }, Segment{ 16 }
コサイン類似度: 0.0026716061181441403
Segment{ 16 }, Segment{ 17 }
コサイン類似度: 0.0
Segment{ 17 }, Segment{ 18 }
コサイン類似度: 0.0
７月(1)
)•(1)
方案(1)
支持(2)
大幅(1)
前半(1)
).•(1)
DM(1)
和解(1)
合理(3)
重要(2)
石油(1)
半期(1)
政策(3)
burden(1)
政権(1)
国内(1)
•（(1)
Hubert(1)
責任(2)
民主(3)
裁定(1)
中央(1)
EEC(2)
人民(1)
首相(1)
外貨(1)
主義(3)
課題(1)
赤字(3)
収支(2)
独立(2)
提案(1)
成本(1)
）((3)
交渉(1)
政府(1)
$)•(1)
•②(1)
·→(1)
•①(2)
and(1)
Security(1)
準備(1)
Zimmermann(1)
想到(1)
坂出(1)
改革(1)
用品(1)
通貨(1)
回流(1)
外交(2)
合作(1)
$+(1)
$）-(1)
国際(2)
年代(4)
履行(1)
sharing(1)
軍費(1)
方面(1)
大西洋(2)
体制(1)
NATO(3)
offset(4)
•③(1)
美国(11)
加盟(2)
支出(2)
通知(1)
Money(1)
分担(3)
兵器(1)
形成(1)
要求(1)
美英(2)
問題(1)
管理(1)
小幅(1)
均衡(1)
中立(1)
軍事(1)
）•(2)
真正(1)
援助(1)
直接(1)
共同(1)
単位(1)
相互(1)
英国(2)
不足(1)
)-(1)
引起(1)
孤立(1)
）②(1)
由美(1)
同盟(1)
{ 1 } { 2 } { 3 } { 4 5 } { 6 7 } { 8 } { 9 } { 10 } { 11 } { 12 } { 13 } { 14 } { 15 } { 16 } { 17 } { 18 } 
Segment{ 2 }, Segment{ 3 }
コサイン類似度: 0.0
Segment{ 3 }, Segment{ 4 5 }
コサイン類似度: 0.2895983602343715
Segment{ 6 7 }, Segment{ 8 }
コサイン類似度: 0.5705115477248366
Segment{ 8 }, Segment{ 9 }
コサイン類似度: 0.0
Segment{ 9 }, Segment{ 10 }
コサイン類似度: 0.0
Segment{ 10 }, Segment{ 11 }
コサイン類似度: 0.0
Segment{ 11 }, Segment{ 12 }
コサイン類似度: 9.878874378307712E-4
Segment{ 12 }, Segment{ 13 }
コサイン類似度: 0.001736876516004061
Segment{ 13 }, Segment{ 14 }
コサイン類似度: 0.06572577210901658
Segment{ 14 }, Segment{ 15 }
コサイン類似度: 7.83915023293405E-4
Segment{ 15 }, Segment{ 16 }
コサイン類似度: 0.0027975556868454587
Segment{ 16 }, Segment{ 17 }
コサイン類似度: 0.0
Segment{ 17 }, Segment{ 18 }
コサイン類似度: 0.0
７月(1)
)•(1)
方案(1)
支持(2)
大幅(1)
前半(1)
).•(1)
DM(1)
和解(1)
合理(2)
重要(2)
石油(1)
半期(1)
政策(2)
burden(1)
政権(1)
国内(1)
•（(1)
Hubert(1)
責任(1)
民主(2)
裁定(1)
中央(1)
EEC(2)
人民(1)
首相(1)
外貨(1)
主義(2)
課題(1)
赤字(3)
収支(2)
独立(2)
提案(1)
成本(1)
）((2)
交渉(1)
政府(1)
$)•(1)
•②(1)
·→(1)
•①(2)
and(1)
Security(1)
準備(1)
Zimmermann(1)
想到(1)
坂出(1)
改革(1)
用品(1)
通貨(1)
回流(1)
外交(2)
合作(1)
$+(1)
$）-(1)
国際(2)
年代(4)
履行(1)
sharing(1)
軍費(1)
方面(1)
大西洋(2)
体制(1)
NATO(3)
offset(4)
•③(1)
美国(10)
加盟(2)
支出(2)
通知(1)
Money(1)
分担(2)
兵器(1)
形成(1)
要求(1)
美英(2)
問題(1)
管理(1)
小幅(1)
均衡(1)
中立(1)
軍事(1)
）•(2)
真正(1)
援助(1)
直接(1)
共同(1)
単位(1)
相互(1)
英国(2)
不足(1)
)-(1)
引起(1)
孤立(1)
）②(1)
由美(1)
同盟(1)
{ 1 } { 2 } { 3 } { 4 5 } { 6 7 8 } { 9 } { 10 } { 11 } { 12 } { 13 } { 14 } { 15 } { 16 } { 17 } { 18 } 
Segment{ 2 }, Segment{ 3 }
コサイン類似度: 0.0
Segment{ 3 }, Segment{ 4 5 }
コサイン類似度: 0.21661214442955298
Segment{ 6 7 8 }, Segment{ 9 }
コサイン類似度: 0.0
Segment{ 9 }, Segment{ 10 }
コサイン類似度: 0.0
Segment{ 10 }, Segment{ 11 }
コサイン類似度: 0.0
Segment{ 11 }, Segment{ 12 }
コサイン類似度: 0.0011883090311041462
Segment{ 12 }, Segment{ 13 }
コサイン類似度: 0.002100840336134454
Segment{ 13 }, Segment{ 14 }
コサイン類似度: 0.06630877786173993
Segment{ 14 }, Segment{ 15 }
コサイン類似度: 9.481003947549439E-4
Segment{ 15 }, Segment{ 16 }
コサイン類似度: 0.0029510377890998737
Segment{ 16 }, Segment{ 17 }
コサイン類似度: 0.0
Segment{ 17 }, Segment{ 18 }
コサイン類似度: 0.0
７月(1)
)•(1)
方案(1)
支持(2)
大幅(1)
前半(1)
).•(1)
DM(1)
和解(1)
合理(2)
重要(2)
石油(1)
半期(1)
政策(2)
burden(1)
政権(1)
国内(1)
•（(1)
Hubert(1)
責任(1)
民主(2)
裁定(1)
中央(1)
EEC(2)
人民(1)
首相(1)
外貨(1)
主義(2)
課題(1)
赤字(3)
収支(2)
独立(2)
提案(1)
成本(1)
）((2)
交渉(1)
政府(1)
$)•(1)
•②(1)
·→(1)
•①(2)
and(1)
Security(1)
準備(1)
Zimmermann(1)
想到(1)
坂出(1)
改革(1)
用品(1)
通貨(1)
回流(1)
外交(2)
合作(1)
$+(1)
$）-(1)
国際(2)
年代(4)
履行(1)
sharing(1)
軍費(1)
方面(1)
大西洋(2)
体制(1)
NATO(3)
offset(4)
•③(1)
美国(9)
加盟(2)
支出(2)
通知(1)
Money(1)
分担(2)
兵器(1)
形成(1)
要求(1)
美英(2)
問題(1)
管理(1)
小幅(1)
均衡(1)
中立(1)
軍事(1)
）•(2)
真正(1)
援助(1)
直接(1)
共同(1)
単位(1)
相互(1)
英国(2)
不足(1)
)-(1)
引起(1)
孤立(1)
）②(1)
由美(1)
同盟(1)
{ 1 } { 2 } { 3 4 5 } { 6 7 8 } { 9 } { 10 } { 11 } { 12 } { 13 } { 14 } { 15 } { 16 } { 17 } { 18 } 
Segment{ 2 }, Segment{ 3 4 5 }
コサイン類似度: 0.0
Segment{ 6 7 8 }, Segment{ 9 }
コサイン類似度: 0.0
Segment{ 9 }, Segment{ 10 }
コサイン類似度: 0.0
Segment{ 10 }, Segment{ 11 }
コサイン類似度: 0.0
Segment{ 11 }, Segment{ 12 }
コサイン類似度: 0.001466609661675447
Segment{ 12 }, Segment{ 13 }
コサイン類似度: 0.002592329286405916
Segment{ 13 }, Segment{ 14 }
コサイン類似度: 0.06709551666136103
Segment{ 14 }, Segment{ 15 }
コサイン類似度: 0.0011697666341581006
Segment{ 15 }, Segment{ 16 }
コサイン類似度: 0.003173530622140561
Segment{ 16 }, Segment{ 17 }
コサイン類似度: 0.0
Segment{ 17 }, Segment{ 18 }
コサイン類似度: 0.0
７月(1)
)•(1)
方案(1)
支持(2)
大幅(1)
前半(1)
).•(1)
DM(1)
和解(1)
合理(2)
重要(2)
石油(1)
半期(1)
政策(2)
burden(1)
政権(1)
国内(1)
•（(1)
Hubert(1)
責任(1)
民主(2)
裁定(1)
中央(1)
EEC(2)
人民(1)
首相(1)
外貨(1)
主義(2)
課題(1)
赤字(2)
収支(2)
独立(2)
提案(1)
成本(1)
）((2)
交渉(1)
政府(1)
$)•(1)
•②(1)
·→(1)
•①(1)
and(1)
Security(1)
準備(1)
Zimmermann(1)
想到(1)
坂出(1)
改革(1)
用品(1)
通貨(1)
回流(1)
外交(2)
合作(1)
$+(1)
$）-(1)
国際(2)
年代(4)
履行(1)
sharing(1)
軍費(1)
方面(1)
大西洋(2)
体制(1)
NATO(3)
offset(4)
•③(1)
美国(8)
加盟(2)
支出(2)
通知(1)
Money(1)
分担(2)
兵器(1)
形成(1)
要求(1)
美英(2)
問題(1)
管理(1)
均衡(1)
小幅(1)
中立(1)
軍事(1)
）•(2)
真正(1)
直接(1)
援助(1)
共同(1)
単位(1)
相互(1)
英国(2)
不足(1)
)-(1)
引起(1)
孤立(1)
）②(1)
由美(1)
同盟(1)
{ 1 } { 2 } { 3 4 5 } { 6 7 8 } { 9 } { 10 } { 11 } { 12 } { 13 14 } { 15 } { 16 } { 17 } { 18 } 
Segment{ 2 }, Segment{ 3 4 5 }
コサイン類似度: 0.0
Segment{ 6 7 8 }, Segment{ 9 }
コサイン類似度: 0.0
Segment{ 9 }, Segment{ 10 }
コサイン類似度: 0.0
Segment{ 10 }, Segment{ 11 }
コサイン類似度: 0.0
Segment{ 11 }, Segment{ 12 }
コサイン類似度: 0.0018450153098852485
Segment{ 12 }, Segment{ 13 14 }
コサイン類似度: 0.042548911345366834
Segment{ 13 14 }, Segment{ 15 }
コサイン類似度: 0.001502568535468883
Segment{ 15 }, Segment{ 16 }
コサイン類似度: 0.003484111659368171
Segment{ 16 }, Segment{ 17 }
コサイン類似度: 0.0
Segment{ 17 }, Segment{ 18 }
コサイン類似度: 0.0
