filename: CEAEH200611
xmlFile: /Users/admin/ocwslidedata/ocw.kyoto-u.ac.jp/005-004-（〜2010年）欧米経済史/CEAEH200611/slide.xml
dir: /Users/admin/ocwslidedata/ocw.kyoto-u.ac.jp/005-004-（〜2010年）欧米経済史/CEAEH200611
XML:
<presentation language="ja"><slide page="1"><body><p>欧美经济史 （坂出）2006.7.11第11回 本课程的总结(1)第10章 美国的支持对于欧洲统一重要吗？第11章 大西洋联盟没有更加进展是为什么？第12章 美国的“帝国”—从比较层面上</p></body></slide><slide page="2"><body><p>今日讲义概要隆德斯塔德「三个转折」的整理</p></body></slide><slide page="3"><body><p>(1)FDR政权的战后构想（BW计划）(2)马歇尔计划(3)X論文与凯南遏制构想→「第一次转折」　　　　　　ECSC(4)艾奇逊・尼采与NSC68路線             EPU(5)JF杜勒斯的新观念戦略                  EDC     斯派克報告（ 欧洲原子能共同体・EEC）(6)美国的欧州統一戦略第二次转折ー从鲍伊构想到NSAM40(7)约翰逊政権　　美国国際収支問題　　　在欧美軍軍費（offset）交渉(8)尼克松政権　第三次转折　1971金元交换停止　1973欧州之年与新大西洋宪章　　　　</p></body></slide><slide page="4"><body><p>关于美国促进欧洲联盟的两个课题I.法德中枢（巴黎＝波恩中枢）是怎样形成的？II.英国与大陆欧洲联盟的关系怎样？i) ECSC（欧洲煤炭钢铁共同体） 1949-50ii)罗马条约（EEC开始） 　1957-58iii)第一次EEC加盟的交涉 　1962-63iv)EEC加盟　1973-74</p></body></slide><slide page="5"><body><p>美国战后世界构想第一个挫折（1947年）1930年代・WWII的反省自由・無差別・多角世界経済(BW)体制IMF/IBRDITO美英金融协议BW的三根支柱（加德纳）英镑圏解体德国的非纳粹化非軍国主義化「１９４７年的危机」</p></body></slide><slide page="6"><body><p>PPS/55(1949.7.7)的世界认识I.US/Canada II.UKIII.沿海部IV.中欧V.东方卫星国A. I-II-III-IV: 大西洋共同体B. I-II-IIIC. I-II: 美英特殊関係D. III-IV: 中立化（凯南案）統一德国的假定</p></body></slide><slide page="7"><body><p>美-欧关系的基本模型美英法德</p></body></slide><slide page="8"><body><p>(1)雅尔塔会谈·BW体系（第二次大战战时同盟）美英法德苏</p></body></slide><slide page="9"><body><p>(2)马歇尔计划（1947）～第一次转换（1949）美英法德英主导的欧州統一</p></body></slide><slide page="10"><body><p>德国“问题”（德国战后处理的问题）复兴非工業国化分裂 统一马歇尔計画・德再軍備摩根索计划鲁尔煤炭钢铁資源・赔偿德国軍国主義復活担忧法 苏占領経費問題</p></body></slide><slide page="11"><body><p>(3)第一次转换（1949）～第二次转换（1961）美英法德法国主导的欧州統一比荷卢联盟英联邦</p></body></slide><slide page="12"><body><p>战后英国外交政策（三圆环论）的矛盾UKUS法德苏联英联邦英美特殊関係 欧州統一作为三「大国」的地位</p></body></slide><slide page="13"><body><p>欧洲联合（合众）国</p></body></slide><slide page="14"><body><p>欧洲联合（合众）国• ·ECSC/Coal&Steel       煤炭·钢铁</p></body></slide><slide page="15"><body><p>欧洲联合（合众）国• ·ECSC/Coal&Steel       煤炭·钢铁• ·Euratom/Atom          原子能</p></body></slide><slide page="16"><body><p>欧洲联合（合众）国• ·ECSC/Coal&Steel       煤炭·钢铁• ·Euratom/Atom          原子能• ·EEC/Economic         通商</p></body></slide><slide page="17"><body><p>欧洲联合（合众）国• ·ECSC/Coal&Steel       煤炭·钢铁• ·Euratom/Atom          原子能• ·EEC/Economic         通商• ·EDC/Defense           军事</p></body></slide><slide page="18"><body><p>欧洲联合（合众）国• ·ECSC/Coal&Steel       煤炭·钢铁• ·Euratom/Atom          原子能• ·EEC/Economic         通商• ·EDC/Defense           军事• ·EPC/Political           政治———6国—超国家的统一</p></body></slide><slide page="19"><body><p>欧洲联合（合众）国• ·ECSC/Coal&Steel       煤炭·钢铁• ·Euratom/Atom          原子能• ·EEC/Economic         通商• ·EDC/Defense           军事• ·EPC/Political           政治———6国—超国家的统一• ·EPU/Payment           结算·货币————包括英国</p></body></slide><slide page="20"><body><p>莫奈主导的“欧洲联邦”（1950年代前半期）EDC EPCECSCEPU安全保障 政治煤炭・钢铁（能源）通貨大陆6国的超国家统一</p></body></slide><slide page="21"><body><p>戴高乐构想美英法德三头政治論法德合作条约柏林危機</p></body></slide><slide page="22"><body><p>阿登纳政权1963年“1月危机” 阿登纳首相施特劳斯国防部长艾哈德经济部长施罗德外交部长法德合作条约（爱丽舍条約）大西洋同盟框架内的法德合作</p></body></slide><slide page="23"><body><p>阿登纳政权1963年“1月危机” 阿登纳首相艾哈德经济部长施罗德外交部长法德合作条约（爱丽舍条約）大西洋同盟框架内的法德合作</p></body></slide><slide page="24"><body><p>阿登纳政权1963年“1月危机” 阿登纳首相艾哈德经济部长施罗德外交部长法德合作条约（爱丽舍条約）大西洋同盟框架内的法德合作</p></body></slide><slide page="25"><body><p>阿登纳政权1963年“1月危机” 艾哈德经济部长施罗德外交部长法德合作条约（爱丽舍条約）大西洋同盟框架内的法德合作</p></body></slide><slide page="26"><body><p>阿登纳政权1963年“1月危机” 艾哈德经济部长施罗德外交部长法德合作条约（爱丽舍条約）大西洋同盟框架内的法德合作</p></body></slide><slide page="27"><body><p>阿登纳政权1963年“1月危机” 艾哈德经济部长施罗德外交部长大西洋同盟框架内的法德合作</p></body></slide><slide page="28"><body><p>阿登纳政权1963年“1月危机” 艾哈德经济部长施罗德外交部长大西洋同盟框架内的法德合作</p></body></slide><slide page="29"><body><p>(4)第二次转换（英美停止特殊关系）1961-遏制戴高乐主义美英法德美英德駐留軍費交渉</p></body></slide><slide page="30"><body><p>(5)第三次转换（对欧洲联盟、消极态度）从欧洲之年（1973年）起到发达国家峰会美英法德欧州統一在大西洋同盟的「框架内」？</p></body></slide><slide page="31"><body><p>基辛格・权利中心論美苏中 欧日冷戦</p></body></slide><slide page="32"><body><p>基辛格・权利中心論美苏中 欧日冷戦</p></body></slide><slide page="33"><body><p>基辛格・权利中心論美苏中 欧日冷戦×</p></body></slide><slide page="34"><body><p>基辛格・权利中心論美苏中 欧日冷戦× ×</p></body></slide><slide page="35"><body><p>基辛格・权利中心論美苏中 欧日冷戦× × ×</p></body></slide></presentation>
ページ: 1 -----
<slide page="1"><body><p>欧美经济史 （坂出）2006.7.11第11回 本课程的总结(1)第10章 美国的支持对于欧洲统一重要吗？第11章 大西洋联盟没有更加进展是为什么？第12章 美国的“帝国”—从比较层面上</p></body></slide>
in Sheet Class, page: 1
title = ""
body = "<p>欧美经济史 （坂出）2006.7.11第11回 本课程的总结(1)第10章 美国的支持对于欧洲统一重要吗？第11章 大西洋联盟没有更加进展是为什么？第12章 美国的“帝国”—从比较层面上</p>"
makeWordArrayJp
paragraph: 欧美经济史 （坂出）2006.7.11第11回 本课程的总结(1)第10章 美国的支持对于欧洲统一重要吗？第11章 大西洋联盟没有更加进展是为什么？第12章 美国的“帝国”—从比较层面上
坂出 :	名詞,固有名詞,人名,姓,*,*,坂出,サカイデ,サカイデ	true	1
美国 :	名詞,固有名詞,地域,一般,*,*,美国,ビクニ,ビクニ	true	1
支持 :	名詞,サ変接続,*,*,*,*,支持,シジ,シジ	true	1
重要 :	名詞,形容動詞語幹,*,*,*,*,重要,ジュウヨウ,ジューヨー	true	1
大西 :	名詞,固有名詞,人名,姓,*,*,大西,オオニシ,オーニシ	true	1
美国 :	名詞,固有名詞,地域,一般,*,*,美国,ビクニ,ビクニ	true	2
帝国 :	名詞,一般,*,*,*,*,帝国,テイコク,テイコク	true	1
ページ: 2 -----
<slide page="2"><body><p>今日讲义概要隆德斯塔德「三个转折」的整理</p></body></slide>
in Sheet Class, page: 2
title = ""
body = "<p>今日讲义概要隆德斯塔德「三个转折」的整理</p>"
makeWordArrayJp
paragraph: 今日讲义概要隆德斯塔德「三个转折」的整理
今日 :	名詞,副詞可能,*,*,*,*,今日,キョウ,キョー	true	1
概要 :	名詞,一般,*,*,*,*,概要,ガイヨウ,ガイヨー	true	1
整理 :	名詞,サ変接続,*,*,*,*,整理,セイリ,セイリ	true	1
ページ: 3 -----
<slide page="3"><body><p>(1)FDR政权的战后构想（BW计划）(2)马歇尔计划(3)X論文与凯南遏制构想→「第一次转折」　　　　　　ECSC(4)艾奇逊・尼采与NSC68路線             EPU(5)JF杜勒斯的新观念戦略                  EDC     斯派克報告（ 欧洲原子能共同体・EEC）(6)美国的欧州統一戦略第二次转折ー从鲍伊构想到NSAM40(7)约翰逊政権　　美国国際収支問題　　　在欧美軍軍費（offset）交渉(8)尼克松政権　第三次转折　1971金元交换停止　1973欧州之年与新大西洋宪章　　　　</p></body></slide>
in Sheet Class, page: 3
title = ""
body = "<p>(1)FDR政权的战后构想（BW计划）(2)马歇尔计划(3)X論文与凯南遏制构想→「第一次转折」　　　　　　ECSC(4)艾奇逊・尼采与NSC68路線             EPU(5)JF杜勒斯的新观念戦略                  EDC     斯派克報告（ 欧洲原子能共同体・EEC）(6)美国的欧州統一戦略第二次转折ー从鲍伊构想到NSAM40(7)约翰逊政権　　美国国際収支問題　　　在欧美軍軍費（offset）交渉(8)尼克松政権　第三次转折　1971金元交换停止　1973欧州之年与新大西洋宪章　　　　</p>"
makeWordArrayJp
paragraph: (1)FDR政权的战后构想（BW计划）(2)马歇尔计划(3)X論文与凯南遏制构想→「第一次转折」　　　　　　ECSC(4)艾奇逊・尼采与NSC68路線             EPU(5)JF杜勒斯的新观念戦略                  EDC     斯派克報告（ 欧洲原子能共同体・EEC）(6)美国的欧州統一戦略第二次转折ー从鲍伊构想到NSAM40(7)约翰逊政権　　美国国際収支問題　　　在欧美軍軍費（offset）交渉(8)尼克松政権　第三次转折　1971金元交换停止　1973欧州之年与新大西洋宪章　　　　
FDR :	名詞,一般,*,*,*,*,*	false	1
BW :	名詞,固有名詞,組織,*,*,*,*	false	1
）( :	名詞,サ変接続,*,*,*,*,*	false	1
論文 :	名詞,一般,*,*,*,*,論文,ロンブン,ロンブン	true	1
ECSC :	名詞,固有名詞,組織,*,*,*,*	false	1
NSC :	名詞,一般,*,*,*,*,*	false	1
路線 :	名詞,一般,*,*,*,*,路線,ロセン,ロセン	true	1
EPU :	名詞,固有名詞,組織,*,*,*,*	false	1
JF :	名詞,一般,*,*,*,*,*	false	1
戦略 :	名詞,一般,*,*,*,*,戦略,センリャク,センリャク	true	1
EDC :	名詞,固有名詞,組織,*,*,*,*	false	1
報告 :	名詞,サ変接続,*,*,*,*,報告,ホウコク,ホーコク	true	1
原子 :	名詞,一般,*,*,*,*,原子,ゲンシ,ゲンシ	true	1
共同 :	名詞,サ変接続,*,*,*,*,共同,キョウドウ,キョードー	true	1
EEC :	名詞,固有名詞,組織,*,*,*,*	false	1
美国 :	名詞,固有名詞,地域,一般,*,*,美国,ビクニ,ビクニ	true	1
欧州 :	名詞,固有名詞,地域,一般,*,*,欧州,オウシュウ,オーシュー	true	1
統一 :	名詞,サ変接続,*,*,*,*,統一,トウイツ,トーイツ	true	1
戦略 :	名詞,一般,*,*,*,*,戦略,センリャク,センリャク	true	2
想到 :	名詞,サ変接続,*,*,*,*,想到,ソウトウ,ソートー	true	1
NSAM :	名詞,一般,*,*,*,*,*	false	1
政権 :	名詞,一般,*,*,*,*,政権,セイケン,セイケン	true	1
美国 :	名詞,固有名詞,地域,一般,*,*,美国,ビクニ,ビクニ	true	2
国際 :	名詞,一般,*,*,*,*,国際,コクサイ,コクサイ	true	1
収支 :	名詞,一般,*,*,*,*,収支,シュウシ,シューシ	true	1
問題 :	名詞,ナイ形容詞語幹,*,*,*,*,問題,モンダイ,モンダイ	true	1
軍費 :	名詞,一般,*,*,*,*,軍費,グンピ,グンピ	true	1
offset :	名詞,固有名詞,組織,*,*,*,*	false	1
交渉 :	名詞,サ変接続,*,*,*,*,交渉,コウショウ,コーショー	true	1
政権 :	名詞,一般,*,*,*,*,政権,セイケン,セイケン	true	2
金元 :	名詞,一般,*,*,*,*,金元,カネモト,カネモト	true	1
停止 :	名詞,サ変接続,*,*,*,*,停止,テイシ,テイシ	true	1
欧州 :	名詞,固有名詞,地域,一般,*,*,欧州,オウシュウ,オーシュー	true	2
大西洋 :	名詞,固有名詞,地域,一般,*,*,大西洋,タイセイヨウ,タイセイヨー	true	1
ページ: 4 -----
<slide page="4"><body><p>关于美国促进欧洲联盟的两个课题I.法德中枢（巴黎＝波恩中枢）是怎样形成的？II.英国与大陆欧洲联盟的关系怎样？i) ECSC（欧洲煤炭钢铁共同体） 1949-50ii)罗马条约（EEC开始） 　1957-58iii)第一次EEC加盟的交涉 　1962-63iv)EEC加盟　1973-74</p></body></slide>
in Sheet Class, page: 4
title = ""
body = "<p>关于美国促进欧洲联盟的两个课题I.法德中枢（巴黎＝波恩中枢）是怎样形成的？II.英国与大陆欧洲联盟的关系怎样？i) ECSC（欧洲煤炭钢铁共同体） 1949-50ii)罗马条约（EEC开始） 　1957-58iii)第一次EEC加盟的交涉 　1962-63iv)EEC加盟　1973-74</p>"
makeWordArrayJp
paragraph: 关于美国促进欧洲联盟的两个课题I.法德中枢（巴黎＝波恩中枢）是怎样形成的？II.英国与大陆欧洲联盟的关系怎样？i) ECSC（欧洲煤炭钢铁共同体） 1949-50ii)罗马条约（EEC开始） 　1957-58iii)第一次EEC加盟的交涉 　1962-63iv)EEC加盟　1973-74
美国 :	名詞,固有名詞,地域,一般,*,*,美国,ビクニ,ビクニ	true	1
中枢 :	名詞,一般,*,*,*,*,中枢,チュウスウ,チュースー	true	1
中枢 :	名詞,一般,*,*,*,*,中枢,チュウスウ,チュースー	true	2
形成 :	名詞,サ変接続,*,*,*,*,形成,ケイセイ,ケイセイ	true	1
II :	名詞,固有名詞,組織,*,*,*,*	false	1
英国 :	名詞,固有名詞,地域,国,*,*,英国,エイコク,エイコク	true	1
ECSC :	名詞,固有名詞,組織,*,*,*,*	false	1
共同 :	名詞,サ変接続,*,*,*,*,共同,キョウドウ,キョードー	true	1
ii :	名詞,一般,*,*,*,*,*	false	1
EEC :	名詞,固有名詞,組織,*,*,*,*	false	1
iii :	名詞,一般,*,*,*,*,*	false	1
EEC :	名詞,固有名詞,組織,*,*,*,*	false	2
加盟 :	名詞,サ変接続,*,*,*,*,加盟,カメイ,カメイ	true	1
iv :	名詞,一般,*,*,*,*,*	false	1
EEC :	名詞,一般,*,*,*,*,*	false	3
加盟 :	名詞,サ変接続,*,*,*,*,加盟,カメイ,カメイ	true	2
ページ: 5 -----
<slide page="5"><body><p>美国战后世界构想第一个挫折（1947年）1930年代・WWII的反省自由・無差別・多角世界経済(BW)体制IMF/IBRDITO美英金融协议BW的三根支柱（加德纳）英镑圏解体德国的非纳粹化非軍国主義化「１９４７年的危机」</p></body></slide>
in Sheet Class, page: 5
title = ""
body = "<p>美国战后世界构想第一个挫折（1947年）1930年代・WWII的反省自由・無差別・多角世界経済(BW)体制IMF/IBRDITO美英金融协议BW的三根支柱（加德纳）英镑圏解体德国的非纳粹化非軍国主義化「１９４７年的危机」</p>"
makeWordArrayJp
paragraph: 美国战后世界构想第一个挫折（1947年）1930年代・WWII的反省自由・無差別・多角世界経済(BW)体制IMF/IBRDITO美英金融协议BW的三根支柱（加德纳）英镑圏解体德国的非纳粹化非軍国主義化「１９４７年的危机」
美国 :	名詞,固有名詞,地域,一般,*,*,美国,ビクニ,ビクニ	true	1
世界 :	名詞,一般,*,*,*,*,世界,セカイ,セカイ	true	1
挫折 :	名詞,サ変接続,*,*,*,*,挫折,ザセツ,ザセツ	true	1
年代 :	名詞,接尾,助数詞,*,*,*,年代,ネンダイ,ネンダイ	true	1
WWII :	名詞,固有名詞,組織,*,*,*,*	false	1
反省 :	名詞,サ変接続,*,*,*,*,反省,ハンセイ,ハンセイ	true	1
自由 :	名詞,形容動詞語幹,*,*,*,*,自由,ジユウ,ジユー	true	1
差別 :	名詞,サ変接続,*,*,*,*,差別,サベツ,サベツ	true	1
多角 :	名詞,一般,*,*,*,*,多角,タカク,タカク	true	1
世界 :	名詞,一般,*,*,*,*,世界,セカイ,セカイ	true	2
経済 :	名詞,一般,*,*,*,*,経済,ケイザイ,ケイザイ	true	1
BW :	名詞,一般,*,*,*,*,*	false	1
体制 :	名詞,一般,*,*,*,*,体制,タイセイ,タイセイ	true	1
IMF :	名詞,一般,*,*,*,*,*	false	1
IBRDITO :	名詞,一般,*,*,*,*,*	false	1
美英 :	名詞,固有名詞,人名,名,*,*,美英,ミエ,ミエ	true	1
金融 :	名詞,一般,*,*,*,*,金融,キンユウ,キンユー	true	1
BW :	名詞,一般,*,*,*,*,*	false	2
支柱 :	名詞,一般,*,*,*,*,支柱,シチュウ,シチュー	true	1
解体 :	名詞,サ変接続,*,*,*,*,解体,カイタイ,カイタイ	true	1
軍国 :	名詞,一般,*,*,*,*,軍国,グンコク,グンコク	true	1
主義 :	名詞,一般,*,*,*,*,主義,シュギ,シュギ	true	1
ページ: 6 -----
<slide page="6"><body><p>PPS/55(1949.7.7)的世界认识I.US/Canada II.UKIII.沿海部IV.中欧V.东方卫星国A. I-II-III-IV: 大西洋共同体B. I-II-IIIC. I-II: 美英特殊関係D. III-IV: 中立化（凯南案）統一德国的假定</p></body></slide>
in Sheet Class, page: 6
title = ""
body = "<p>PPS/55(1949.7.7)的世界认识I.US/Canada II.UKIII.沿海部IV.中欧V.东方卫星国A. I-II-III-IV: 大西洋共同体B. I-II-IIIC. I-II: 美英特殊関係D. III-IV: 中立化（凯南案）統一德国的假定</p>"
makeWordArrayJp
paragraph: PPS/55(1949.7.7)的世界认识I.US/Canada II.UKIII.沿海部IV.中欧V.东方卫星国A. I-II-III-IV: 大西洋共同体B. I-II-IIIC. I-II: 美英特殊関係D. III-IV: 中立化（凯南案）統一德国的假定
PPS :	名詞,固有名詞,組織,*,*,*,*	false	1
世界 :	名詞,一般,*,*,*,*,世界,セカイ,セカイ	true	1
US :	名詞,一般,*,*,*,*,*	false	1
Canada :	名詞,固有名詞,組織,*,*,*,*	false	1
II :	名詞,固有名詞,組織,*,*,*,*	false	1
UKIII :	名詞,一般,*,*,*,*,*	false	1
沿海 :	名詞,一般,*,*,*,*,沿海,エンカイ,エンカイ	true	1
IV :	名詞,一般,*,*,*,*,*	false	1
II :	名詞,一般,*,*,*,*,*	false	2
III :	名詞,一般,*,*,*,*,*	false	1
IV :	名詞,一般,*,*,*,*,*	false	2
大西 :	名詞,固有名詞,人名,姓,*,*,大西,オオニシ,オーニシ	true	1
共同 :	名詞,サ変接続,*,*,*,*,共同,キョウドウ,キョードー	true	1
II :	名詞,一般,*,*,*,*,*	false	3
IIIC :	名詞,一般,*,*,*,*,*	false	1
II :	名詞,一般,*,*,*,*,*	false	4
美英 :	名詞,固有名詞,人名,名,*,*,美英,ミエ,ミエ	true	1
特殊 :	名詞,形容動詞語幹,*,*,*,*,特殊,トクシュ,トクシュ	true	1
関係 :	名詞,サ変接続,*,*,*,*,関係,カンケイ,カンケイ	true	1
III :	名詞,固有名詞,組織,*,*,*,*	false	2
IV :	名詞,一般,*,*,*,*,*	false	3
中立 :	名詞,サ変接続,*,*,*,*,中立,チュウリツ,チューリツ	true	1
統一 :	名詞,サ変接続,*,*,*,*,統一,トウイツ,トーイツ	true	1
ページ: 7 -----
<slide page="7"><body><p>美-欧关系的基本模型美英法德</p></body></slide>
in Sheet Class, page: 7
title = ""
body = "<p>美-欧关系的基本模型美英法德</p>"
makeWordArrayJp
paragraph: 美-欧关系的基本模型美英法德
基本 :	名詞,一般,*,*,*,*,基本,キホン,キホン	true	1
模型 :	名詞,一般,*,*,*,*,模型,モケイ,モケイ	true	1
美英 :	名詞,固有名詞,人名,名,*,*,美英,ミエ,ミエ	true	1
ページ: 8 -----
<slide page="8"><body><p>(1)雅尔塔会谈·BW体系（第二次大战战时同盟）美英法德苏</p></body></slide>
in Sheet Class, page: 8
title = ""
body = "<p>(1)雅尔塔会谈·BW体系（第二次大战战时同盟）美英法德苏</p>"
makeWordArrayJp
paragraph: (1)雅尔塔会谈·BW体系（第二次大战战时同盟）美英法德苏
BW :	名詞,一般,*,*,*,*,*	false	1
体系 :	名詞,一般,*,*,*,*,体系,タイケイ,タイケイ	true	1
同盟 :	名詞,サ変接続,*,*,*,*,同盟,ドウメイ,ドーメイ	true	1
美英 :	名詞,固有名詞,人名,名,*,*,美英,ミエ,ミエ	true	1
ページ: 9 -----
<slide page="9"><body><p>(2)马歇尔计划（1947）～第一次转换（1949）美英法德英主导的欧州統一</p></body></slide>
in Sheet Class, page: 9
title = ""
body = "<p>(2)马歇尔计划（1947）～第一次转换（1949）美英法德英主导的欧州統一</p>"
makeWordArrayJp
paragraph: (2)马歇尔计划（1947）～第一次转换（1949）美英法德英主导的欧州統一
）～ :	名詞,サ変接続,*,*,*,*,*	false	1
美英 :	名詞,固有名詞,人名,名,*,*,美英,ミエ,ミエ	true	1
英主 :	名詞,一般,*,*,*,*,英主,エイシュ,エイシュ	true	1
欧州 :	名詞,固有名詞,地域,一般,*,*,欧州,オウシュウ,オーシュー	true	1
統一 :	名詞,サ変接続,*,*,*,*,統一,トウイツ,トーイツ	true	1
ページ: 10 -----
<slide page="10"><body><p>德国“问题”（德国战后处理的问题）复兴非工業国化分裂 统一马歇尔計画・德再軍備摩根索计划鲁尔煤炭钢铁資源・赔偿德国軍国主義復活担忧法 苏占領経費問題</p></body></slide>
in Sheet Class, page: 10
title = ""
body = "<p>德国“问题”（德国战后处理的问题）复兴非工業国化分裂 统一马歇尔計画・德再軍備摩根索计划鲁尔煤炭钢铁資源・赔偿德国軍国主義復活担忧法 苏占領経費問題</p>"
makeWordArrayJp
paragraph: 德国“问题”（德国战后处理的问题）复兴非工業国化分裂 统一马歇尔計画・德再軍備摩根索计划鲁尔煤炭钢铁資源・赔偿德国軍国主義復活担忧法 苏占領経費問題
工業 :	名詞,一般,*,*,*,*,工業,コウギョウ,コーギョー	true	1
分裂 :	名詞,サ変接続,*,*,*,*,分裂,ブンレツ,ブンレツ	true	1
計画 :	名詞,サ変接続,*,*,*,*,計画,ケイカク,ケイカク	true	1
軍備 :	名詞,サ変接続,*,*,*,*,軍備,グンビ,グンビ	true	1
資源 :	名詞,一般,*,*,*,*,資源,シゲン,シゲン	true	1
軍国 :	名詞,一般,*,*,*,*,軍国,グンコク,グンコク	true	1
主義 :	名詞,一般,*,*,*,*,主義,シュギ,シュギ	true	1
復活 :	名詞,サ変接続,*,*,*,*,復活,フッカツ,フッカツ	true	1
占領 :	名詞,サ変接続,*,*,*,*,占領,センリョウ,センリョー	true	1
経費 :	名詞,一般,*,*,*,*,経費,ケイヒ,ケイヒ	true	1
問題 :	名詞,ナイ形容詞語幹,*,*,*,*,問題,モンダイ,モンダイ	true	1
ページ: 11 -----
<slide page="11"><body><p>(3)第一次转换（1949）～第二次转换（1961）美英法德法国主导的欧州統一比荷卢联盟英联邦</p></body></slide>
in Sheet Class, page: 11
title = ""
body = "<p>(3)第一次转换（1949）～第二次转换（1961）美英法德法国主导的欧州統一比荷卢联盟英联邦</p>"
makeWordArrayJp
paragraph: (3)第一次转换（1949）～第二次转换（1961）美英法德法国主导的欧州統一比荷卢联盟英联邦
）～ :	名詞,サ変接続,*,*,*,*,*	false	1
美英 :	名詞,固有名詞,人名,名,*,*,美英,ミエ,ミエ	true	1
国主 :	名詞,一般,*,*,*,*,国主,コクシュ,コクシュ	true	1
欧州 :	名詞,固有名詞,地域,一般,*,*,欧州,オウシュウ,オーシュー	true	1
統一 :	名詞,サ変接続,*,*,*,*,統一,トウイツ,トーイツ	true	1
ページ: 12 -----
<slide page="12"><body><p>战后英国外交政策（三圆环论）的矛盾UKUS法德苏联英联邦英美特殊関係 欧州統一作为三「大国」的地位</p></body></slide>
in Sheet Class, page: 12
title = ""
body = "<p>战后英国外交政策（三圆环论）的矛盾UKUS法德苏联英联邦英美特殊関係 欧州統一作为三「大国」的地位</p>"
makeWordArrayJp
paragraph: 战后英国外交政策（三圆环论）的矛盾UKUS法德苏联英联邦英美特殊関係 欧州統一作为三「大国」的地位
英国 :	名詞,固有名詞,地域,国,*,*,英国,エイコク,エイコク	true	1
外交 :	名詞,一般,*,*,*,*,外交,ガイコウ,ガイコー	true	1
政策 :	名詞,一般,*,*,*,*,政策,セイサク,セイサク	true	1
矛盾 :	名詞,サ変接続,*,*,*,*,矛盾,ムジュン,ムジュン	true	1
UKUS :	名詞,一般,*,*,*,*,*	false	1
特殊 :	名詞,形容動詞語幹,*,*,*,*,特殊,トクシュ,トクシュ	true	1
関係 :	名詞,サ変接続,*,*,*,*,関係,カンケイ,カンケイ	true	1
欧州 :	名詞,固有名詞,地域,一般,*,*,欧州,オウシュウ,オーシュー	true	1
統一 :	名詞,サ変接続,*,*,*,*,統一,トウイツ,トーイツ	true	1
大国 :	名詞,一般,*,*,*,*,大国,タイコク,タイコク	true	1
地位 :	名詞,一般,*,*,*,*,地位,チイ,チイ	true	1
ページ: 13 -----
<slide page="13"><body><p>欧洲联合（合众）国</p></body></slide>
in Sheet Class, page: 13
title = ""
body = "<p>欧洲联合（合众）国</p>"
makeWordArrayJp
paragraph: 欧洲联合（合众）国
ページ: 14 -----
<slide page="14"><body><p>欧洲联合（合众）国• ·ECSC/Coal&Steel       煤炭·钢铁</p></body></slide>
in Sheet Class, page: 14
title = ""
body = "<p>欧洲联合（合众）国• ·ECSC/Coal&Steel       煤炭·钢铁</p>"
makeWordArrayJp
paragraph: 欧洲联合（合众）国• ·ECSC/Coal&Steel       煤炭·钢铁
ECSC :	名詞,一般,*,*,*,*,*	false	1
Coal :	名詞,一般,*,*,*,*,*	false	1
Steel :	名詞,固有名詞,組織,*,*,*,*	false	1
ページ: 15 -----
<slide page="15"><body><p>欧洲联合（合众）国• ·ECSC/Coal&Steel       煤炭·钢铁• ·Euratom/Atom          原子能</p></body></slide>
in Sheet Class, page: 15
title = ""
body = "<p>欧洲联合（合众）国• ·ECSC/Coal&Steel       煤炭·钢铁• ·Euratom/Atom          原子能</p>"
makeWordArrayJp
paragraph: 欧洲联合（合众）国• ·ECSC/Coal&Steel       煤炭·钢铁• ·Euratom/Atom          原子能
ECSC :	名詞,一般,*,*,*,*,*	false	1
Coal :	名詞,一般,*,*,*,*,*	false	1
Steel :	名詞,固有名詞,組織,*,*,*,*	false	1
Euratom :	名詞,一般,*,*,*,*,*	false	1
Atom :	名詞,固有名詞,組織,*,*,*,*	false	1
原子 :	名詞,一般,*,*,*,*,原子,ゲンシ,ゲンシ	true	1
ページ: 16 -----
<slide page="16"><body><p>欧洲联合（合众）国• ·ECSC/Coal&Steel       煤炭·钢铁• ·Euratom/Atom          原子能• ·EEC/Economic         通商</p></body></slide>
in Sheet Class, page: 16
title = ""
body = "<p>欧洲联合（合众）国• ·ECSC/Coal&Steel       煤炭·钢铁• ·Euratom/Atom          原子能• ·EEC/Economic         通商</p>"
makeWordArrayJp
paragraph: 欧洲联合（合众）国• ·ECSC/Coal&Steel       煤炭·钢铁• ·Euratom/Atom          原子能• ·EEC/Economic         通商
ECSC :	名詞,一般,*,*,*,*,*	false	1
Coal :	名詞,一般,*,*,*,*,*	false	1
Steel :	名詞,固有名詞,組織,*,*,*,*	false	1
Euratom :	名詞,一般,*,*,*,*,*	false	1
Atom :	名詞,固有名詞,組織,*,*,*,*	false	1
原子 :	名詞,一般,*,*,*,*,原子,ゲンシ,ゲンシ	true	1
EEC :	名詞,一般,*,*,*,*,*	false	1
Economic :	名詞,固有名詞,組織,*,*,*,*	false	1
通商 :	名詞,サ変接続,*,*,*,*,通商,ツウショウ,ツーショー	true	1
ページ: 17 -----
<slide page="17"><body><p>欧洲联合（合众）国• ·ECSC/Coal&Steel       煤炭·钢铁• ·Euratom/Atom          原子能• ·EEC/Economic         通商• ·EDC/Defense           军事</p></body></slide>
in Sheet Class, page: 17
title = ""
body = "<p>欧洲联合（合众）国• ·ECSC/Coal&Steel       煤炭·钢铁• ·Euratom/Atom          原子能• ·EEC/Economic         通商• ·EDC/Defense           军事</p>"
makeWordArrayJp
paragraph: 欧洲联合（合众）国• ·ECSC/Coal&Steel       煤炭·钢铁• ·Euratom/Atom          原子能• ·EEC/Economic         通商• ·EDC/Defense           军事
ECSC :	名詞,一般,*,*,*,*,*	false	1
Coal :	名詞,一般,*,*,*,*,*	false	1
Steel :	名詞,固有名詞,組織,*,*,*,*	false	1
Euratom :	名詞,一般,*,*,*,*,*	false	1
Atom :	名詞,固有名詞,組織,*,*,*,*	false	1
原子 :	名詞,一般,*,*,*,*,原子,ゲンシ,ゲンシ	true	1
EEC :	名詞,一般,*,*,*,*,*	false	1
Economic :	名詞,固有名詞,組織,*,*,*,*	false	1
通商 :	名詞,サ変接続,*,*,*,*,通商,ツウショウ,ツーショー	true	1
EDC :	名詞,一般,*,*,*,*,*	false	1
Defense :	名詞,固有名詞,組織,*,*,*,*	false	1
ページ: 18 -----
<slide page="18"><body><p>欧洲联合（合众）国• ·ECSC/Coal&Steel       煤炭·钢铁• ·Euratom/Atom          原子能• ·EEC/Economic         通商• ·EDC/Defense           军事• ·EPC/Political           政治———6国—超国家的统一</p></body></slide>
in Sheet Class, page: 18
title = ""
body = "<p>欧洲联合（合众）国• ·ECSC/Coal&Steel       煤炭·钢铁• ·Euratom/Atom          原子能• ·EEC/Economic         通商• ·EDC/Defense           军事• ·EPC/Political           政治———6国—超国家的统一</p>"
makeWordArrayJp
paragraph: 欧洲联合（合众）国• ·ECSC/Coal&Steel       煤炭·钢铁• ·Euratom/Atom          原子能• ·EEC/Economic         通商• ·EDC/Defense           军事• ·EPC/Political           政治———6国—超国家的统一
ECSC :	名詞,一般,*,*,*,*,*	false	1
Coal :	名詞,一般,*,*,*,*,*	false	1
Steel :	名詞,固有名詞,組織,*,*,*,*	false	1
Euratom :	名詞,一般,*,*,*,*,*	false	1
Atom :	名詞,固有名詞,組織,*,*,*,*	false	1
原子 :	名詞,一般,*,*,*,*,原子,ゲンシ,ゲンシ	true	1
EEC :	名詞,一般,*,*,*,*,*	false	1
Economic :	名詞,固有名詞,組織,*,*,*,*	false	1
通商 :	名詞,サ変接続,*,*,*,*,通商,ツウショウ,ツーショー	true	1
EDC :	名詞,一般,*,*,*,*,*	false	1
Defense :	名詞,固有名詞,組織,*,*,*,*	false	1
EPC :	名詞,一般,*,*,*,*,*	false	1
Political :	名詞,固有名詞,組織,*,*,*,*	false	1
政治 :	名詞,一般,*,*,*,*,政治,セイジ,セイジ	true	1
国家 :	名詞,一般,*,*,*,*,国家,コッカ,コッカ	true	1
ページ: 19 -----
<slide page="19"><body><p>欧洲联合（合众）国• ·ECSC/Coal&Steel       煤炭·钢铁• ·Euratom/Atom          原子能• ·EEC/Economic         通商• ·EDC/Defense           军事• ·EPC/Political           政治———6国—超国家的统一• ·EPU/Payment           结算·货币————包括英国</p></body></slide>
in Sheet Class, page: 19
title = ""
body = "<p>欧洲联合（合众）国• ·ECSC/Coal&Steel       煤炭·钢铁• ·Euratom/Atom          原子能• ·EEC/Economic         通商• ·EDC/Defense           军事• ·EPC/Political           政治———6国—超国家的统一• ·EPU/Payment           结算·货币————包括英国</p>"
makeWordArrayJp
paragraph: 欧洲联合（合众）国• ·ECSC/Coal&Steel       煤炭·钢铁• ·Euratom/Atom          原子能• ·EEC/Economic         通商• ·EDC/Defense           军事• ·EPC/Political           政治———6国—超国家的统一• ·EPU/Payment           结算·货币————包括英国
ECSC :	名詞,一般,*,*,*,*,*	false	1
Coal :	名詞,一般,*,*,*,*,*	false	1
Steel :	名詞,固有名詞,組織,*,*,*,*	false	1
Euratom :	名詞,一般,*,*,*,*,*	false	1
Atom :	名詞,固有名詞,組織,*,*,*,*	false	1
原子 :	名詞,一般,*,*,*,*,原子,ゲンシ,ゲンシ	true	1
EEC :	名詞,一般,*,*,*,*,*	false	1
Economic :	名詞,固有名詞,組織,*,*,*,*	false	1
通商 :	名詞,サ変接続,*,*,*,*,通商,ツウショウ,ツーショー	true	1
EDC :	名詞,一般,*,*,*,*,*	false	1
Defense :	名詞,固有名詞,組織,*,*,*,*	false	1
EPC :	名詞,一般,*,*,*,*,*	false	1
Political :	名詞,固有名詞,組織,*,*,*,*	false	1
政治 :	名詞,一般,*,*,*,*,政治,セイジ,セイジ	true	1
国家 :	名詞,一般,*,*,*,*,国家,コッカ,コッカ	true	1
EPU :	名詞,一般,*,*,*,*,*	false	1
Payment :	名詞,固有名詞,組織,*,*,*,*	false	1
包括 :	名詞,サ変接続,*,*,*,*,包括,ホウカツ,ホーカツ	true	1
英国 :	名詞,固有名詞,地域,国,*,*,英国,エイコク,エイコク	true	1
ページ: 20 -----
<slide page="20"><body><p>莫奈主导的“欧洲联邦”（1950年代前半期）EDC EPCECSCEPU安全保障 政治煤炭・钢铁（能源）通貨大陆6国的超国家统一</p></body></slide>
in Sheet Class, page: 20
title = ""
body = "<p>莫奈主导的“欧洲联邦”（1950年代前半期）EDC EPCECSCEPU安全保障 政治煤炭・钢铁（能源）通貨大陆6国的超国家统一</p>"
makeWordArrayJp
paragraph: 莫奈主导的“欧洲联邦”（1950年代前半期）EDC EPCECSCEPU安全保障 政治煤炭・钢铁（能源）通貨大陆6国的超国家统一
年代 :	名詞,接尾,助数詞,*,*,*,年代,ネンダイ,ネンダイ	true	1
前半 :	名詞,一般,*,*,*,*,前半,ゼンハン,ゼンハン	true	1
EDC :	名詞,固有名詞,組織,*,*,*,*	false	1
EPCECSCEPU :	名詞,一般,*,*,*,*,*	false	1
安全 :	名詞,形容動詞語幹,*,*,*,*,安全,アンゼン,アンゼン	true	1
保障 :	名詞,サ変接続,*,*,*,*,保障,ホショウ,ホショー	true	1
政治 :	名詞,一般,*,*,*,*,政治,セイジ,セイジ	true	1
通貨 :	名詞,一般,*,*,*,*,通貨,ツウカ,ツーカ	true	1
国家 :	名詞,一般,*,*,*,*,国家,コッカ,コッカ	true	1
ページ: 21 -----
<slide page="21"><body><p>戴高乐构想美英法德三头政治論法德合作条约柏林危機</p></body></slide>
in Sheet Class, page: 21
title = ""
body = "<p>戴高乐构想美英法德三头政治論法德合作条约柏林危機</p>"
makeWordArrayJp
paragraph: 戴高乐构想美英法德三头政治論法德合作条约柏林危機
美英 :	名詞,固有名詞,人名,名,*,*,美英,ミエ,ミエ	true	1
政治 :	名詞,一般,*,*,*,*,政治,セイジ,セイジ	true	1
論法 :	名詞,一般,*,*,*,*,論法,ロンポウ,ロンポー	true	1
合作 :	名詞,サ変接続,*,*,*,*,合作,ガッサク,ガッサク	true	1
危機 :	名詞,一般,*,*,*,*,危機,キキ,キキ	true	1
ページ: 22 -----
<slide page="22"><body><p>阿登纳政权1963年“1月危机” 阿登纳首相施特劳斯国防部长艾哈德经济部长施罗德外交部长法德合作条约（爱丽舍条約）大西洋同盟框架内的法德合作</p></body></slide>
in Sheet Class, page: 22
title = ""
body = "<p>阿登纳政权1963年“1月危机” 阿登纳首相施特劳斯国防部长艾哈德经济部长施罗德外交部长法德合作条约（爱丽舍条約）大西洋同盟框架内的法德合作</p>"
makeWordArrayJp
paragraph: 阿登纳政权1963年“1月危机” 阿登纳首相施特劳斯国防部长艾哈德经济部长施罗德外交部长法德合作条约（爱丽舍条約）大西洋同盟框架内的法德合作
首相 :	名詞,一般,*,*,*,*,首相,シュショウ,シュショー	true	1
国防 :	名詞,一般,*,*,*,*,国防,コクボウ,コクボー	true	1
外交 :	名詞,一般,*,*,*,*,外交,ガイコウ,ガイコー	true	1
合作 :	名詞,サ変接続,*,*,*,*,合作,ガッサク,ガッサク	true	1
条約 :	名詞,一般,*,*,*,*,条約,ジョウヤク,ジョーヤク	true	1
大西 :	名詞,固有名詞,人名,姓,*,*,大西,オオニシ,オーニシ	true	1
同盟 :	名詞,サ変接続,*,*,*,*,同盟,ドウメイ,ドーメイ	true	1
内的 :	名詞,一般,*,*,*,*,内的,ナイテキ,ナイテキ	true	1
合作 :	名詞,サ変接続,*,*,*,*,合作,ガッサク,ガッサク	true	2
ページ: 23 -----
<slide page="23"><body><p>阿登纳政权1963年“1月危机” 阿登纳首相艾哈德经济部长施罗德外交部长法德合作条约（爱丽舍条約）大西洋同盟框架内的法德合作</p></body></slide>
in Sheet Class, page: 23
title = ""
body = "<p>阿登纳政权1963年“1月危机” 阿登纳首相艾哈德经济部长施罗德外交部长法德合作条约（爱丽舍条約）大西洋同盟框架内的法德合作</p>"
makeWordArrayJp
paragraph: 阿登纳政权1963年“1月危机” 阿登纳首相艾哈德经济部长施罗德外交部长法德合作条约（爱丽舍条約）大西洋同盟框架内的法德合作
首相 :	名詞,一般,*,*,*,*,首相,シュショウ,シュショー	true	1
外交 :	名詞,一般,*,*,*,*,外交,ガイコウ,ガイコー	true	1
合作 :	名詞,サ変接続,*,*,*,*,合作,ガッサク,ガッサク	true	1
条約 :	名詞,一般,*,*,*,*,条約,ジョウヤク,ジョーヤク	true	1
大西 :	名詞,固有名詞,人名,姓,*,*,大西,オオニシ,オーニシ	true	1
同盟 :	名詞,サ変接続,*,*,*,*,同盟,ドウメイ,ドーメイ	true	1
内的 :	名詞,一般,*,*,*,*,内的,ナイテキ,ナイテキ	true	1
合作 :	名詞,サ変接続,*,*,*,*,合作,ガッサク,ガッサク	true	2
ページ: 24 -----
<slide page="24"><body><p>阿登纳政权1963年“1月危机” 阿登纳首相艾哈德经济部长施罗德外交部长法德合作条约（爱丽舍条約）大西洋同盟框架内的法德合作</p></body></slide>
in Sheet Class, page: 24
title = ""
body = "<p>阿登纳政权1963年“1月危机” 阿登纳首相艾哈德经济部长施罗德外交部长法德合作条约（爱丽舍条約）大西洋同盟框架内的法德合作</p>"
makeWordArrayJp
paragraph: 阿登纳政权1963年“1月危机” 阿登纳首相艾哈德经济部长施罗德外交部长法德合作条约（爱丽舍条約）大西洋同盟框架内的法德合作
首相 :	名詞,一般,*,*,*,*,首相,シュショウ,シュショー	true	1
外交 :	名詞,一般,*,*,*,*,外交,ガイコウ,ガイコー	true	1
合作 :	名詞,サ変接続,*,*,*,*,合作,ガッサク,ガッサク	true	1
条約 :	名詞,一般,*,*,*,*,条約,ジョウヤク,ジョーヤク	true	1
大西 :	名詞,固有名詞,人名,姓,*,*,大西,オオニシ,オーニシ	true	1
同盟 :	名詞,サ変接続,*,*,*,*,同盟,ドウメイ,ドーメイ	true	1
内的 :	名詞,一般,*,*,*,*,内的,ナイテキ,ナイテキ	true	1
合作 :	名詞,サ変接続,*,*,*,*,合作,ガッサク,ガッサク	true	2
ページ: 25 -----
<slide page="25"><body><p>阿登纳政权1963年“1月危机” 艾哈德经济部长施罗德外交部长法德合作条约（爱丽舍条約）大西洋同盟框架内的法德合作</p></body></slide>
in Sheet Class, page: 25
title = ""
body = "<p>阿登纳政权1963年“1月危机” 艾哈德经济部长施罗德外交部长法德合作条约（爱丽舍条約）大西洋同盟框架内的法德合作</p>"
makeWordArrayJp
paragraph: 阿登纳政权1963年“1月危机” 艾哈德经济部长施罗德外交部长法德合作条约（爱丽舍条約）大西洋同盟框架内的法德合作
外交 :	名詞,一般,*,*,*,*,外交,ガイコウ,ガイコー	true	1
合作 :	名詞,サ変接続,*,*,*,*,合作,ガッサク,ガッサク	true	1
条約 :	名詞,一般,*,*,*,*,条約,ジョウヤク,ジョーヤク	true	1
大西 :	名詞,固有名詞,人名,姓,*,*,大西,オオニシ,オーニシ	true	1
同盟 :	名詞,サ変接続,*,*,*,*,同盟,ドウメイ,ドーメイ	true	1
内的 :	名詞,一般,*,*,*,*,内的,ナイテキ,ナイテキ	true	1
合作 :	名詞,サ変接続,*,*,*,*,合作,ガッサク,ガッサク	true	2
ページ: 26 -----
<slide page="26"><body><p>阿登纳政权1963年“1月危机” 艾哈德经济部长施罗德外交部长法德合作条约（爱丽舍条約）大西洋同盟框架内的法德合作</p></body></slide>
in Sheet Class, page: 26
title = ""
body = "<p>阿登纳政权1963年“1月危机” 艾哈德经济部长施罗德外交部长法德合作条约（爱丽舍条約）大西洋同盟框架内的法德合作</p>"
makeWordArrayJp
paragraph: 阿登纳政权1963年“1月危机” 艾哈德经济部长施罗德外交部长法德合作条约（爱丽舍条約）大西洋同盟框架内的法德合作
外交 :	名詞,一般,*,*,*,*,外交,ガイコウ,ガイコー	true	1
合作 :	名詞,サ変接続,*,*,*,*,合作,ガッサク,ガッサク	true	1
条約 :	名詞,一般,*,*,*,*,条約,ジョウヤク,ジョーヤク	true	1
大西 :	名詞,固有名詞,人名,姓,*,*,大西,オオニシ,オーニシ	true	1
同盟 :	名詞,サ変接続,*,*,*,*,同盟,ドウメイ,ドーメイ	true	1
内的 :	名詞,一般,*,*,*,*,内的,ナイテキ,ナイテキ	true	1
合作 :	名詞,サ変接続,*,*,*,*,合作,ガッサク,ガッサク	true	2
ページ: 27 -----
<slide page="27"><body><p>阿登纳政权1963年“1月危机” 艾哈德经济部长施罗德外交部长大西洋同盟框架内的法德合作</p></body></slide>
in Sheet Class, page: 27
title = ""
body = "<p>阿登纳政权1963年“1月危机” 艾哈德经济部长施罗德外交部长大西洋同盟框架内的法德合作</p>"
makeWordArrayJp
paragraph: 阿登纳政权1963年“1月危机” 艾哈德经济部长施罗德外交部长大西洋同盟框架内的法德合作
外交 :	名詞,一般,*,*,*,*,外交,ガイコウ,ガイコー	true	1
大西洋 :	名詞,固有名詞,地域,一般,*,*,大西洋,タイセイヨウ,タイセイヨー	true	1
同盟 :	名詞,サ変接続,*,*,*,*,同盟,ドウメイ,ドーメイ	true	1
内的 :	名詞,一般,*,*,*,*,内的,ナイテキ,ナイテキ	true	1
合作 :	名詞,サ変接続,*,*,*,*,合作,ガッサク,ガッサク	true	1
ページ: 28 -----
<slide page="28"><body><p>阿登纳政权1963年“1月危机” 艾哈德经济部长施罗德外交部长大西洋同盟框架内的法德合作</p></body></slide>
in Sheet Class, page: 28
title = ""
body = "<p>阿登纳政权1963年“1月危机” 艾哈德经济部长施罗德外交部长大西洋同盟框架内的法德合作</p>"
makeWordArrayJp
paragraph: 阿登纳政权1963年“1月危机” 艾哈德经济部长施罗德外交部长大西洋同盟框架内的法德合作
外交 :	名詞,一般,*,*,*,*,外交,ガイコウ,ガイコー	true	1
大西洋 :	名詞,固有名詞,地域,一般,*,*,大西洋,タイセイヨウ,タイセイヨー	true	1
同盟 :	名詞,サ変接続,*,*,*,*,同盟,ドウメイ,ドーメイ	true	1
内的 :	名詞,一般,*,*,*,*,内的,ナイテキ,ナイテキ	true	1
合作 :	名詞,サ変接続,*,*,*,*,合作,ガッサク,ガッサク	true	1
ページ: 29 -----
<slide page="29"><body><p>(4)第二次转换（英美停止特殊关系）1961-遏制戴高乐主义美英法德美英德駐留軍費交渉</p></body></slide>
in Sheet Class, page: 29
title = ""
body = "<p>(4)第二次转换（英美停止特殊关系）1961-遏制戴高乐主义美英法德美英德駐留軍費交渉</p>"
makeWordArrayJp
paragraph: (4)第二次转换（英美停止特殊关系）1961-遏制戴高乐主义美英法德美英德駐留軍費交渉
英美 :	名詞,固有名詞,人名,名,*,*,英美,ヒデミ,ヒデミ	true	1
停止 :	名詞,サ変接続,*,*,*,*,停止,テイシ,テイシ	true	1
特殊 :	名詞,形容動詞語幹,*,*,*,*,特殊,トクシュ,トクシュ	true	1
美英 :	名詞,固有名詞,人名,名,*,*,美英,ミエ,ミエ	true	1
美英 :	名詞,固有名詞,人名,名,*,*,美英,ミエ,ミエ	true	2
駐留 :	名詞,サ変接続,*,*,*,*,駐留,チュウリュウ,チューリュー	true	1
軍費 :	名詞,一般,*,*,*,*,軍費,グンピ,グンピ	true	1
交渉 :	名詞,サ変接続,*,*,*,*,交渉,コウショウ,コーショー	true	1
ページ: 30 -----
<slide page="30"><body><p>(5)第三次转换（对欧洲联盟、消极态度）从欧洲之年（1973年）起到发达国家峰会美英法德欧州統一在大西洋同盟的「框架内」？</p></body></slide>
in Sheet Class, page: 30
title = ""
body = "<p>(5)第三次转换（对欧洲联盟、消极态度）从欧洲之年（1973年）起到发达国家峰会美英法德欧州統一在大西洋同盟的「框架内」？</p>"
makeWordArrayJp
paragraph: (5)第三次转换（对欧洲联盟、消极态度）从欧洲之年（1973年）起到发达国家峰会美英法德欧州統一在大西洋同盟的「框架内」？
国家 :	名詞,一般,*,*,*,*,国家,コッカ,コッカ	true	1
美英 :	名詞,固有名詞,人名,名,*,*,美英,ミエ,ミエ	true	1
欧州 :	名詞,固有名詞,地域,一般,*,*,欧州,オウシュウ,オーシュー	true	1
統一 :	名詞,サ変接続,*,*,*,*,統一,トウイツ,トーイツ	true	1
大西洋 :	名詞,固有名詞,地域,一般,*,*,大西洋,タイセイヨウ,タイセイヨー	true	1
同盟 :	名詞,サ変接続,*,*,*,*,同盟,ドウメイ,ドーメイ	true	1
ページ: 31 -----
<slide page="31"><body><p>基辛格・权利中心論美苏中 欧日冷戦</p></body></slide>
in Sheet Class, page: 31
title = ""
body = "<p>基辛格・权利中心論美苏中 欧日冷戦</p>"
makeWordArrayJp
paragraph: 基辛格・权利中心論美苏中 欧日冷戦
中心 :	名詞,一般,*,*,*,*,中心,チュウシン,チューシン	true	1
冷戦 :	名詞,一般,*,*,*,*,冷戦,レイセン,レイセン	true	1
ページ: 32 -----
<slide page="32"><body><p>基辛格・权利中心論美苏中 欧日冷戦</p></body></slide>
in Sheet Class, page: 32
title = ""
body = "<p>基辛格・权利中心論美苏中 欧日冷戦</p>"
makeWordArrayJp
paragraph: 基辛格・权利中心論美苏中 欧日冷戦
中心 :	名詞,一般,*,*,*,*,中心,チュウシン,チューシン	true	1
冷戦 :	名詞,一般,*,*,*,*,冷戦,レイセン,レイセン	true	1
ページ: 33 -----
<slide page="33"><body><p>基辛格・权利中心論美苏中 欧日冷戦×</p></body></slide>
in Sheet Class, page: 33
title = ""
body = "<p>基辛格・权利中心論美苏中 欧日冷戦×</p>"
makeWordArrayJp
paragraph: 基辛格・权利中心論美苏中 欧日冷戦×
中心 :	名詞,一般,*,*,*,*,中心,チュウシン,チューシン	true	1
冷戦 :	名詞,一般,*,*,*,*,冷戦,レイセン,レイセン	true	1
ページ: 34 -----
<slide page="34"><body><p>基辛格・权利中心論美苏中 欧日冷戦× ×</p></body></slide>
in Sheet Class, page: 34
title = ""
body = "<p>基辛格・权利中心論美苏中 欧日冷戦× ×</p>"
makeWordArrayJp
paragraph: 基辛格・权利中心論美苏中 欧日冷戦× ×
中心 :	名詞,一般,*,*,*,*,中心,チュウシン,チューシン	true	1
冷戦 :	名詞,一般,*,*,*,*,冷戦,レイセン,レイセン	true	1
ページ: 35 -----
<slide page="35"><body><p>基辛格・权利中心論美苏中 欧日冷戦× × ×</p></body></slide>
in Sheet Class, page: 35
title = ""
body = "<p>基辛格・权利中心論美苏中 欧日冷戦× × ×</p>"
makeWordArrayJp
paragraph: 基辛格・权利中心論美苏中 欧日冷戦× × ×
中心 :	名詞,一般,*,*,*,*,中心,チュウシン,チューシン	true	1
冷戦 :	名詞,一般,*,*,*,*,冷戦,レイセン,レイセン	true	1
