条約(5)
支持(1)
停止(2)
iii(1)
論法(1)
IIIC(1)
前半(1)
Payment(1)
重要(1)
体系(1)
Defense(3)
冷戦(5)
Steel(6)
UKUS(1)
EEC(6)
首相(3)
US(1)
主義(2)
収支(1)
今日(1)
）((1)
世界(2)
模型(1)
政治(4)
基本(1)
Canada(1)
EDC(5)
差別(1)
矛盾(1)
EPC(2)
IMF(1)
統一(6)
外交(8)
）～(2)
路線(1)
概要(1)
国際(1)
PPS(1)
分裂(1)
論文(1)
金融(1)
保障(1)
復活(1)
軍費(2)
Euratom(5)
経済(1)
大国(1)
形成(1)
美英(9)
問題(2)
EPCECSCEPU(1)
関係(2)
中立(1)
国家(4)
占領(1)
原子(6)
通商(4)
共同(3)
英国(3)
中心(5)
大西(7)
整理(1)
帝国(1)
反省(1)
挫折(1)
軍国(2)
工業(1)
IBRDITO(1)
Political(2)
政策(1)
欧州(5)
政権(1)
II(2)
NSC(1)
報告(1)
計画(1)
交渉(2)
Economic(4)
IV(1)
FDR(1)
英美(1)
想到(1)
坂出(1)
国主(1)
JF(1)
III(1)
国防(1)
ECSC(8)
支柱(1)
英主(1)
通貨(1)
BW(3)
包括(1)
内的(7)
合作(8)
特殊(3)
Coal(6)
解体(1)
年代(2)
UKIII(1)
中枢(1)
EPU(2)
Atom(5)
大西洋(4)
WWII(1)
駐留(1)
体制(1)
offset(1)
美国(4)
多角(1)
加盟(1)
安全(1)
iv(1)
経費(1)
地位(1)
戦略(1)
軍備(1)
ii(1)
資源(1)
金元(1)
沿海(1)
危機(1)
NSAM(1)
自由(1)
同盟(9)
{ 1 } { 2 } { 3 } { 4 } { 5 } { 6 } { 7 } { 8 } { 9 } { 10 } { 11 } { 12 } { 13 } { 14 } { 15 } { 16 } { 17 } { 18 } { 19 } { 20 } { 21 } { 22 } { 23 } { 24 } { 25 } { 26 } { 27 } { 28 } { 29 } { 30 } { 31 } { 32 } { 33 } { 34 } { 35 } 
Segment{ 2 }, Segment{ 3 }
コサイン類似度: 0.0
Segment{ 3 }, Segment{ 4 }
コサイン類似度: 0.019492674130020232
Segment{ 4 }, Segment{ 5 }
コサイン類似度: 0.004470537257230269
Segment{ 5 }, Segment{ 6 }
コサイン類似度: 0.02633776223483098
Segment{ 6 }, Segment{ 7 }
コサイン類似度: 0.001748191107349325
Segment{ 7 }, Segment{ 8 }
コサイン類似度: 0.008166054689165982
Segment{ 8 }, Segment{ 9 }
コサイン類似度: 0.010044252012505984
Segment{ 9 }, Segment{ 10 }
コサイン類似度: 0.0
Segment{ 10 }, Segment{ 11 }
コサイン類似度: 0.0
Segment{ 11 }, Segment{ 12 }
コサイン類似度: 0.02493302012830092
Segment{ 12 }, Segment{ 13 }
コサイン類似度: NaN
Segment{ 13 }, Segment{ 14 }
コサイン類似度: NaN
Segment{ 14 }, Segment{ 15 }
コサイン類似度: 0.6306737039989804
Segment{ 15 }, Segment{ 16 }
コサイン類似度: 0.7344793476189174
Segment{ 16 }, Segment{ 17 }
コサイン類似度: 0.8288797046569399
Segment{ 17 }, Segment{ 18 }
コサイン類似度: 0.6601839048252457
Segment{ 18 }, Segment{ 19 }
コサイン類似度: 0.5651196321016211
Segment{ 19 }, Segment{ 20 }
コサイン類似度: 0.038070201196489274
Segment{ 20 }, Segment{ 21 }
コサイン類似度: 0.018576279916699374
Segment{ 21 }, Segment{ 22 }
コサイン類似度: 0.019086071465580893
Segment{ 22 }, Segment{ 23 }
コサイン類似度: 0.46926640312502876
Segment{ 23 }, Segment{ 24 }
コサイン類似度: 1.0000000000000002
Segment{ 24 }, Segment{ 25 }
コサイン類似度: 0.7788096256393366
Segment{ 25 }, Segment{ 26 }
コサイン類似度: 1.0
Segment{ 26 }, Segment{ 27 }
コサイン類似度: 0.5409490156015972
Segment{ 27 }, Segment{ 28 }
コサイン類似度: 0.9999999999999998
Segment{ 28 }, Segment{ 29 }
コサイン類似度: 0.0
Segment{ 29 }, Segment{ 30 }
コサイン類似度: 0.031035791186056177
Segment{ 30 }, Segment{ 31 }
コサイン類似度: 0.0
Segment{ 31 }, Segment{ 32 }
コサイン類似度: 0.9999999999999998
Segment{ 32 }, Segment{ 33 }
コサイン類似度: 0.9999999999999998
Segment{ 33 }, Segment{ 34 }
コサイン類似度: 0.9999999999999998
Segment{ 34 }, Segment{ 35 }
コサイン類似度: 0.9999999999999998
条約(4)
支持(1)
停止(2)
iii(1)
論法(1)
IIIC(1)
前半(1)
Payment(1)
重要(1)
体系(1)
Defense(3)
冷戦(5)
Steel(6)
UKUS(1)
EEC(6)
首相(2)
US(1)
主義(2)
収支(1)
今日(1)
）((1)
世界(2)
模型(1)
政治(4)
基本(1)
Canada(1)
EDC(5)
差別(1)
矛盾(1)
EPC(2)
IMF(1)
統一(6)
外交(7)
）～(2)
路線(1)
概要(1)
国際(1)
PPS(1)
分裂(1)
論文(1)
金融(1)
保障(1)
復活(1)
軍費(2)
Euratom(5)
経済(1)
大国(1)
形成(1)
美英(9)
問題(2)
EPCECSCEPU(1)
関係(2)
中立(1)
国家(4)
占領(1)
原子(6)
通商(4)
共同(3)
英国(3)
中心(5)
大西(6)
整理(1)
帝国(1)
反省(1)
挫折(1)
軍国(2)
工業(1)
IBRDITO(1)
Political(2)
政策(1)
欧州(5)
政権(1)
II(2)
NSC(1)
報告(1)
計画(1)
交渉(2)
Economic(4)
IV(1)
FDR(1)
英美(1)
想到(1)
坂出(1)
国主(1)
JF(1)
III(1)
国防(1)
ECSC(8)
支柱(1)
英主(1)
通貨(1)
BW(3)
包括(1)
内的(6)
合作(7)
特殊(3)
Coal(6)
解体(1)
年代(2)
UKIII(1)
中枢(1)
EPU(2)
Atom(5)
大西洋(4)
WWII(1)
駐留(1)
体制(1)
offset(1)
美国(4)
多角(1)
加盟(1)
安全(1)
iv(1)
経費(1)
地位(1)
戦略(1)
軍備(1)
ii(1)
資源(1)
金元(1)
沿海(1)
危機(1)
NSAM(1)
自由(1)
同盟(8)
{ 1 } { 2 } { 3 } { 4 } { 5 } { 6 } { 7 } { 8 } { 9 } { 10 } { 11 } { 12 } { 13 } { 14 } { 15 } { 16 } { 17 } { 18 } { 19 } { 20 } { 21 } { 22 } { 23 24 } { 25 } { 26 } { 27 } { 28 } { 29 } { 30 } { 31 } { 32 } { 33 } { 34 } { 35 } 
Segment{ 2 }, Segment{ 3 }
コサイン類似度: 0.0
Segment{ 3 }, Segment{ 4 }
コサイン類似度: 0.019492674130020232
Segment{ 4 }, Segment{ 5 }
コサイン類似度: 0.004470537257230269
Segment{ 5 }, Segment{ 6 }
コサイン類似度: 0.026333847095345354
Segment{ 6 }, Segment{ 7 }
コサイン類似度: 0.001747931236674976
Segment{ 7 }, Segment{ 8 }
コサイン類似度: 0.008154291523315616
Segment{ 8 }, Segment{ 9 }
コサイン類似度: 0.010029783311675124
Segment{ 9 }, Segment{ 10 }
コサイン類似度: 0.0
Segment{ 10 }, Segment{ 11 }
コサイン類似度: 0.0
Segment{ 11 }, Segment{ 12 }
コサイン類似度: 0.024922293904557337
Segment{ 12 }, Segment{ 13 }
コサイン類似度: NaN
Segment{ 13 }, Segment{ 14 }
コサイン類似度: NaN
Segment{ 14 }, Segment{ 15 }
コサイン類似度: 0.6306737039989804
Segment{ 15 }, Segment{ 16 }
コサイン類似度: 0.7344793476189174
Segment{ 16 }, Segment{ 17 }
コサイン類似度: 0.8288797046569399
Segment{ 17 }, Segment{ 18 }
コサイン類似度: 0.6601839048252457
Segment{ 18 }, Segment{ 19 }
コサイン類似度: 0.5651196321016211
Segment{ 19 }, Segment{ 20 }
コサイン類似度: 0.038070201196489274
Segment{ 20 }, Segment{ 21 }
コサイン類似度: 0.01855506431366677
Segment{ 21 }, Segment{ 22 }
コサイン類似度: 0.023133796314131934
Segment{ 22 }, Segment{ 23 24 }
コサイン類似度: 0.5717746821715648
Segment{ 23 24 }, Segment{ 25 }
コサイン類似度: 0.6966359355277416
Segment{ 25 }, Segment{ 26 }
コサイン類似度: 1.0
Segment{ 26 }, Segment{ 27 }
コサイン類似度: 0.5626030341249332
Segment{ 27 }, Segment{ 28 }
コサイン類似度: 1.0
Segment{ 28 }, Segment{ 29 }
コサイン類似度: 0.0
Segment{ 29 }, Segment{ 30 }
コサイン類似度: 0.03080440307027975
Segment{ 30 }, Segment{ 31 }
コサイン類似度: 0.0
Segment{ 31 }, Segment{ 32 }
コサイン類似度: 0.9999999999999998
Segment{ 32 }, Segment{ 33 }
コサイン類似度: 0.9999999999999998
Segment{ 33 }, Segment{ 34 }
コサイン類似度: 0.9999999999999998
Segment{ 34 }, Segment{ 35 }
コサイン類似度: 0.9999999999999998
条約(3)
支持(1)
停止(2)
iii(1)
論法(1)
IIIC(1)
前半(1)
Payment(1)
重要(1)
体系(1)
Defense(3)
冷戦(5)
Steel(6)
UKUS(1)
EEC(6)
首相(2)
US(1)
主義(2)
収支(1)
今日(1)
）((1)
世界(2)
模型(1)
政治(4)
基本(1)
Canada(1)
EDC(5)
差別(1)
矛盾(1)
EPC(2)
IMF(1)
統一(6)
外交(6)
）～(2)
路線(1)
概要(1)
国際(1)
PPS(1)
分裂(1)
論文(1)
金融(1)
保障(1)
復活(1)
軍費(2)
Euratom(5)
経済(1)
大国(1)
形成(1)
美英(9)
問題(2)
EPCECSCEPU(1)
関係(2)
中立(1)
国家(4)
占領(1)
原子(6)
通商(4)
共同(3)
英国(3)
中心(5)
大西(5)
整理(1)
帝国(1)
反省(1)
挫折(1)
軍国(2)
工業(1)
IBRDITO(1)
Political(2)
政策(1)
欧州(5)
政権(1)
II(2)
NSC(1)
報告(1)
計画(1)
交渉(2)
Economic(4)
IV(1)
FDR(1)
英美(1)
想到(1)
坂出(1)
国主(1)
JF(1)
III(1)
国防(1)
ECSC(8)
支柱(1)
英主(1)
通貨(1)
BW(3)
包括(1)
内的(5)
合作(6)
特殊(3)
Coal(6)
解体(1)
年代(2)
UKIII(1)
中枢(1)
EPU(2)
Atom(5)
大西洋(4)
WWII(1)
駐留(1)
体制(1)
offset(1)
美国(4)
多角(1)
加盟(1)
安全(1)
iv(1)
経費(1)
地位(1)
戦略(1)
軍備(1)
ii(1)
資源(1)
金元(1)
沿海(1)
危機(1)
NSAM(1)
自由(1)
同盟(7)
{ 1 } { 2 } { 3 } { 4 } { 5 } { 6 } { 7 } { 8 } { 9 } { 10 } { 11 } { 12 } { 13 } { 14 } { 15 } { 16 } { 17 } { 18 } { 19 } { 20 } { 21 } { 22 } { 23 24 } { 25 26 } { 27 } { 28 } { 29 } { 30 } { 31 } { 32 } { 33 } { 34 } { 35 } 
Segment{ 2 }, Segment{ 3 }
コサイン類似度: 0.0
Segment{ 3 }, Segment{ 4 }
コサイン類似度: 0.019492674130020232
Segment{ 4 }, Segment{ 5 }
コサイン類似度: 0.004470537257230269
Segment{ 5 }, Segment{ 6 }
コサイン類似度: 0.026327357834272765
Segment{ 6 }, Segment{ 7 }
コサイン類似度: 0.0017475005065165359
Segment{ 7 }, Segment{ 8 }
コサイン類似度: 0.008137224750313704
Segment{ 8 }, Segment{ 9 }
コサイン類似度: 0.010008791170966235
Segment{ 9 }, Segment{ 10 }
コサイン類似度: 0.0
Segment{ 10 }, Segment{ 11 }
コサイン類似度: 0.0
Segment{ 11 }, Segment{ 12 }
コサイン類似度: 0.024905794636543258
Segment{ 12 }, Segment{ 13 }
コサイン類似度: NaN
Segment{ 13 }, Segment{ 14 }
コサイン類似度: NaN
Segment{ 14 }, Segment{ 15 }
コサイン類似度: 0.6306737039989804
Segment{ 15 }, Segment{ 16 }
コサイン類似度: 0.7344793476189174
Segment{ 16 }, Segment{ 17 }
コサイン類似度: 0.8288797046569399
Segment{ 17 }, Segment{ 18 }
コサイン類似度: 0.6601839048252457
Segment{ 18 }, Segment{ 19 }
コサイン類似度: 0.5651196321016211
Segment{ 19 }, Segment{ 20 }
コサイン類似度: 0.038070201196489274
Segment{ 20 }, Segment{ 21 }
コサイン類似度: 0.01852251837645257
Segment{ 21 }, Segment{ 22 }
コサイン類似度: 0.03028526397077437
Segment{ 22 }, Segment{ 23 24 }
コサイン類似度: 0.6125025698825487
Segment{ 25 26 }, Segment{ 27 }
コサイン類似度: 0.5748044020598583
Segment{ 27 }, Segment{ 28 }
コサイン類似度: 0.9999999999999999
Segment{ 28 }, Segment{ 29 }
コサイン類似度: 0.0
Segment{ 29 }, Segment{ 30 }
コサイン類似度: 0.030475996549673895
Segment{ 30 }, Segment{ 31 }
コサイン類似度: 0.0
Segment{ 31 }, Segment{ 32 }
コサイン類似度: 0.9999999999999998
Segment{ 32 }, Segment{ 33 }
コサイン類似度: 0.9999999999999998
Segment{ 33 }, Segment{ 34 }
コサイン類似度: 0.9999999999999998
Segment{ 34 }, Segment{ 35 }
コサイン類似度: 0.9999999999999998
条約(3)
支持(1)
停止(2)
iii(1)
論法(1)
IIIC(1)
前半(1)
Payment(1)
重要(1)
体系(1)
Defense(3)
冷戦(5)
Steel(6)
UKUS(1)
EEC(6)
首相(2)
US(1)
主義(2)
収支(1)
今日(1)
）((1)
世界(2)
模型(1)
政治(4)
基本(1)
Canada(1)
EDC(5)
差別(1)
矛盾(1)
EPC(2)
IMF(1)
統一(6)
外交(5)
）～(2)
路線(1)
概要(1)
国際(1)
PPS(1)
分裂(1)
論文(1)
金融(1)
保障(1)
復活(1)
軍費(2)
Euratom(5)
経済(1)
大国(1)
形成(1)
美英(9)
問題(2)
EPCECSCEPU(1)
関係(2)
中立(1)
国家(4)
占領(1)
原子(6)
通商(4)
共同(3)
英国(3)
中心(5)
大西(5)
整理(1)
帝国(1)
反省(1)
挫折(1)
軍国(2)
工業(1)
IBRDITO(1)
Political(2)
政策(1)
欧州(5)
政権(1)
II(2)
NSC(1)
報告(1)
計画(1)
交渉(2)
Economic(4)
IV(1)
FDR(1)
英美(1)
想到(1)
坂出(1)
国主(1)
JF(1)
III(1)
国防(1)
ECSC(8)
支柱(1)
英主(1)
通貨(1)
BW(3)
包括(1)
内的(4)
合作(5)
特殊(3)
Coal(6)
解体(1)
年代(2)
UKIII(1)
中枢(1)
EPU(2)
Atom(5)
大西洋(3)
WWII(1)
駐留(1)
体制(1)
offset(1)
美国(4)
多角(1)
加盟(1)
安全(1)
iv(1)
経費(1)
地位(1)
戦略(1)
軍備(1)
ii(1)
資源(1)
金元(1)
沿海(1)
危機(1)
NSAM(1)
自由(1)
同盟(6)
{ 1 } { 2 } { 3 } { 4 } { 5 } { 6 } { 7 } { 8 } { 9 } { 10 } { 11 } { 12 } { 13 } { 14 } { 15 } { 16 } { 17 } { 18 } { 19 } { 20 } { 21 } { 22 } { 23 24 } { 25 26 } { 27 28 } { 29 } { 30 } { 31 } { 32 } { 33 } { 34 } { 35 } 
Segment{ 2 }, Segment{ 3 }
コサイン類似度: 0.0
Segment{ 3 }, Segment{ 4 }
コサイン類似度: 0.01947218202107393
Segment{ 4 }, Segment{ 5 }
コサイン類似度: 0.004470537257230269
Segment{ 5 }, Segment{ 6 }
コサイン類似度: 0.026327357834272765
Segment{ 6 }, Segment{ 7 }
コサイン類似度: 0.0017475005065165359
Segment{ 7 }, Segment{ 8 }
コサイン類似度: 0.008111137760247931
Segment{ 8 }, Segment{ 9 }
コサイン類似度: 0.009976704158027663
Segment{ 9 }, Segment{ 10 }
コサイン類似度: 0.0
Segment{ 10 }, Segment{ 11 }
コサイン類似度: 0.0
Segment{ 11 }, Segment{ 12 }
コサイン類似度: 0.0248785033257611
Segment{ 12 }, Segment{ 13 }
コサイン類似度: NaN
Segment{ 13 }, Segment{ 14 }
コサイン類似度: NaN
Segment{ 14 }, Segment{ 15 }
コサイン類似度: 0.6306737039989804
Segment{ 15 }, Segment{ 16 }
コサイン類似度: 0.7344793476189174
Segment{ 16 }, Segment{ 17 }
コサイン類似度: 0.8288797046569399
Segment{ 17 }, Segment{ 18 }
コサイン類似度: 0.6601839048252457
Segment{ 18 }, Segment{ 19 }
コサイン類似度: 0.5651196321016211
Segment{ 19 }, Segment{ 20 }
コサイン類似度: 0.038070201196489274
Segment{ 20 }, Segment{ 21 }
コサイン類似度: 0.01846891768767375
Segment{ 21 }, Segment{ 22 }
コサイン類似度: 0.04229888399793295
Segment{ 22 }, Segment{ 23 24 }
コサイン類似度: 0.6393511656029047
Segment{ 27 28 }, Segment{ 29 }
コサイン類似度: 0.0
Segment{ 29 }, Segment{ 30 }
コサイン類似度: 0.027278024352296083
Segment{ 30 }, Segment{ 31 }
コサイン類似度: 0.0
Segment{ 31 }, Segment{ 32 }
コサイン類似度: 0.9999999999999998
Segment{ 32 }, Segment{ 33 }
コサイン類似度: 0.9999999999999998
Segment{ 33 }, Segment{ 34 }
コサイン類似度: 0.9999999999999998
Segment{ 34 }, Segment{ 35 }
コサイン類似度: 0.9999999999999998
条約(3)
支持(1)
停止(2)
iii(1)
論法(1)
IIIC(1)
前半(1)
Payment(1)
重要(1)
体系(1)
Defense(3)
冷戦(4)
Steel(6)
UKUS(1)
EEC(6)
首相(2)
US(1)
主義(2)
収支(1)
今日(1)
）((1)
世界(2)
模型(1)
政治(4)
基本(1)
Canada(1)
EDC(5)
差別(1)
矛盾(1)
EPC(2)
IMF(1)
統一(6)
外交(5)
）～(2)
路線(1)
概要(1)
国際(1)
PPS(1)
分裂(1)
論文(1)
金融(1)
保障(1)
復活(1)
軍費(2)
Euratom(5)
経済(1)
大国(1)
形成(1)
美英(9)
問題(2)
EPCECSCEPU(1)
関係(2)
中立(1)
国家(4)
占領(1)
原子(6)
通商(4)
共同(3)
英国(3)
中心(4)
大西(5)
整理(1)
帝国(1)
反省(1)
挫折(1)
軍国(2)
工業(1)
IBRDITO(1)
Political(2)
政策(1)
欧州(5)
政権(1)
II(2)
NSC(1)
報告(1)
計画(1)
交渉(2)
Economic(4)
IV(1)
FDR(1)
英美(1)
想到(1)
坂出(1)
国主(1)
JF(1)
III(1)
国防(1)
ECSC(8)
支柱(1)
英主(1)
通貨(1)
BW(3)
包括(1)
内的(4)
合作(5)
特殊(3)
Coal(6)
解体(1)
年代(2)
UKIII(1)
中枢(1)
EPU(2)
Atom(5)
大西洋(3)
WWII(1)
駐留(1)
体制(1)
offset(1)
美国(4)
多角(1)
加盟(1)
安全(1)
iv(1)
経費(1)
地位(1)
戦略(1)
軍備(1)
ii(1)
資源(1)
金元(1)
沿海(1)
危機(1)
NSAM(1)
自由(1)
同盟(6)
{ 1 } { 2 } { 3 } { 4 } { 5 } { 6 } { 7 } { 8 } { 9 } { 10 } { 11 } { 12 } { 13 } { 14 } { 15 } { 16 } { 17 } { 18 } { 19 } { 20 } { 21 } { 22 } { 23 24 } { 25 26 } { 27 28 } { 29 } { 30 } { 31 32 } { 33 } { 34 } { 35 } 
Segment{ 2 }, Segment{ 3 }
コサイン類似度: 0.0
Segment{ 3 }, Segment{ 4 }
コサイン類似度: 0.01947218202107393
Segment{ 4 }, Segment{ 5 }
コサイン類似度: 0.004470537257230269
Segment{ 5 }, Segment{ 6 }
コサイン類似度: 0.026327357834272765
Segment{ 6 }, Segment{ 7 }
コサイン類似度: 0.0017475005065165359
Segment{ 7 }, Segment{ 8 }
コサイン類似度: 0.008111137760247931
Segment{ 8 }, Segment{ 9 }
コサイン類似度: 0.009976704158027663
Segment{ 9 }, Segment{ 10 }
コサイン類似度: 0.0
Segment{ 10 }, Segment{ 11 }
コサイン類似度: 0.0
Segment{ 11 }, Segment{ 12 }
コサイン類似度: 0.0248785033257611
Segment{ 12 }, Segment{ 13 }
コサイン類似度: NaN
Segment{ 13 }, Segment{ 14 }
コサイン類似度: NaN
Segment{ 14 }, Segment{ 15 }
コサイン類似度: 0.6306737039989804
Segment{ 15 }, Segment{ 16 }
コサイン類似度: 0.7344793476189174
Segment{ 16 }, Segment{ 17 }
コサイン類似度: 0.8288797046569399
Segment{ 17 }, Segment{ 18 }
コサイン類似度: 0.6601839048252457
Segment{ 18 }, Segment{ 19 }
コサイン類似度: 0.5651196321016211
Segment{ 19 }, Segment{ 20 }
コサイン類似度: 0.038070201196489274
Segment{ 20 }, Segment{ 21 }
コサイン類似度: 0.01846891768767375
Segment{ 21 }, Segment{ 22 }
コサイン類似度: 0.04229888399793295
Segment{ 22 }, Segment{ 23 24 }
コサイン類似度: 0.6393511656029047
Segment{ 27 28 }, Segment{ 29 }
コサイン類似度: 0.0
Segment{ 29 }, Segment{ 30 }
コサイン類似度: 0.027278024352296083
Segment{ 30 }, Segment{ 31 32 }
コサイン類似度: 0.0
Segment{ 31 32 }, Segment{ 33 }
コサイン類似度: 0.9999999999999998
Segment{ 33 }, Segment{ 34 }
コサイン類似度: 0.9999999999999998
Segment{ 34 }, Segment{ 35 }
コサイン類似度: 0.9999999999999998
条約(3)
支持(1)
停止(2)
iii(1)
論法(1)
IIIC(1)
前半(1)
Payment(1)
重要(1)
体系(1)
Defense(3)
冷戦(3)
Steel(6)
UKUS(1)
EEC(6)
首相(2)
US(1)
主義(2)
収支(1)
今日(1)
）((1)
世界(2)
模型(1)
政治(4)
基本(1)
Canada(1)
EDC(5)
差別(1)
矛盾(1)
EPC(2)
IMF(1)
統一(6)
外交(5)
）～(2)
路線(1)
概要(1)
国際(1)
PPS(1)
分裂(1)
論文(1)
金融(1)
保障(1)
復活(1)
軍費(2)
Euratom(5)
経済(1)
大国(1)
形成(1)
美英(9)
問題(2)
EPCECSCEPU(1)
関係(2)
中立(1)
国家(4)
占領(1)
原子(6)
通商(4)
共同(3)
英国(3)
中心(3)
大西(5)
整理(1)
帝国(1)
反省(1)
挫折(1)
軍国(2)
工業(1)
IBRDITO(1)
Political(2)
政策(1)
欧州(5)
政権(1)
II(2)
NSC(1)
報告(1)
計画(1)
交渉(2)
Economic(4)
IV(1)
FDR(1)
英美(1)
想到(1)
坂出(1)
国主(1)
JF(1)
III(1)
国防(1)
ECSC(8)
支柱(1)
英主(1)
通貨(1)
BW(3)
包括(1)
内的(4)
合作(5)
特殊(3)
Coal(6)
解体(1)
年代(2)
UKIII(1)
中枢(1)
EPU(2)
Atom(5)
大西洋(3)
WWII(1)
駐留(1)
体制(1)
offset(1)
美国(4)
多角(1)
加盟(1)
安全(1)
iv(1)
経費(1)
地位(1)
戦略(1)
軍備(1)
ii(1)
資源(1)
金元(1)
沿海(1)
危機(1)
NSAM(1)
自由(1)
同盟(6)
{ 1 } { 2 } { 3 } { 4 } { 5 } { 6 } { 7 } { 8 } { 9 } { 10 } { 11 } { 12 } { 13 } { 14 } { 15 } { 16 } { 17 } { 18 } { 19 } { 20 } { 21 } { 22 } { 23 24 } { 25 26 } { 27 28 } { 29 } { 30 } { 31 32 33 } { 34 } { 35 } 
Segment{ 2 }, Segment{ 3 }
コサイン類似度: 0.0
Segment{ 3 }, Segment{ 4 }
コサイン類似度: 0.01947218202107393
Segment{ 4 }, Segment{ 5 }
コサイン類似度: 0.004470537257230269
Segment{ 5 }, Segment{ 6 }
コサイン類似度: 0.026327357834272765
Segment{ 6 }, Segment{ 7 }
コサイン類似度: 0.0017475005065165359
Segment{ 7 }, Segment{ 8 }
コサイン類似度: 0.008111137760247931
Segment{ 8 }, Segment{ 9 }
コサイン類似度: 0.009976704158027663
Segment{ 9 }, Segment{ 10 }
コサイン類似度: 0.0
Segment{ 10 }, Segment{ 11 }
コサイン類似度: 0.0
Segment{ 11 }, Segment{ 12 }
コサイン類似度: 0.0248785033257611
Segment{ 12 }, Segment{ 13 }
コサイン類似度: NaN
Segment{ 13 }, Segment{ 14 }
コサイン類似度: NaN
Segment{ 14 }, Segment{ 15 }
コサイン類似度: 0.6306737039989804
Segment{ 15 }, Segment{ 16 }
コサイン類似度: 0.7344793476189174
Segment{ 16 }, Segment{ 17 }
コサイン類似度: 0.8288797046569399
Segment{ 17 }, Segment{ 18 }
コサイン類似度: 0.6601839048252457
Segment{ 18 }, Segment{ 19 }
コサイン類似度: 0.5651196321016211
Segment{ 19 }, Segment{ 20 }
コサイン類似度: 0.038070201196489274
Segment{ 20 }, Segment{ 21 }
コサイン類似度: 0.01846891768767375
Segment{ 21 }, Segment{ 22 }
コサイン類似度: 0.04229888399793295
Segment{ 22 }, Segment{ 23 24 }
コサイン類似度: 0.6393511656029047
Segment{ 27 28 }, Segment{ 29 }
コサイン類似度: 0.0
Segment{ 29 }, Segment{ 30 }
コサイン類似度: 0.027278024352296083
Segment{ 30 }, Segment{ 31 32 33 }
コサイン類似度: 0.0
Segment{ 31 32 33 }, Segment{ 34 }
コサイン類似度: 0.9999999999999999
Segment{ 34 }, Segment{ 35 }
コサイン類似度: 1.0
条約(3)
支持(1)
停止(2)
iii(1)
論法(1)
IIIC(1)
前半(1)
Payment(1)
重要(1)
体系(1)
Defense(3)
冷戦(2)
Steel(6)
UKUS(1)
EEC(6)
首相(2)
US(1)
主義(2)
収支(1)
今日(1)
）((1)
世界(2)
模型(1)
政治(4)
基本(1)
Canada(1)
EDC(5)
差別(1)
矛盾(1)
EPC(2)
IMF(1)
統一(6)
外交(5)
）～(2)
路線(1)
概要(1)
国際(1)
PPS(1)
分裂(1)
論文(1)
金融(1)
保障(1)
復活(1)
軍費(2)
Euratom(5)
経済(1)
大国(1)
形成(1)
美英(9)
問題(2)
EPCECSCEPU(1)
関係(2)
中立(1)
国家(4)
占領(1)
原子(6)
通商(4)
共同(3)
英国(3)
中心(2)
大西(5)
整理(1)
帝国(1)
反省(1)
挫折(1)
軍国(2)
工業(1)
IBRDITO(1)
Political(2)
政策(1)
欧州(5)
政権(1)
II(2)
NSC(1)
報告(1)
計画(1)
交渉(2)
Economic(4)
IV(1)
FDR(1)
英美(1)
想到(1)
坂出(1)
国主(1)
JF(1)
III(1)
国防(1)
ECSC(8)
支柱(1)
英主(1)
通貨(1)
BW(3)
包括(1)
内的(4)
合作(5)
特殊(3)
Coal(6)
解体(1)
年代(2)
UKIII(1)
中枢(1)
EPU(2)
Atom(5)
大西洋(3)
WWII(1)
駐留(1)
体制(1)
offset(1)
美国(4)
多角(1)
加盟(1)
安全(1)
iv(1)
経費(1)
地位(1)
戦略(1)
軍備(1)
ii(1)
資源(1)
金元(1)
沿海(1)
危機(1)
NSAM(1)
自由(1)
同盟(6)
{ 1 } { 2 } { 3 } { 4 } { 5 } { 6 } { 7 } { 8 } { 9 } { 10 } { 11 } { 12 } { 13 } { 14 } { 15 } { 16 } { 17 } { 18 } { 19 } { 20 } { 21 } { 22 } { 23 24 } { 25 26 } { 27 28 } { 29 } { 30 } { 31 32 33 } { 34 35 } 
Segment{ 2 }, Segment{ 3 }
コサイン類似度: 0.0
Segment{ 3 }, Segment{ 4 }
コサイン類似度: 0.01947218202107393
Segment{ 4 }, Segment{ 5 }
コサイン類似度: 0.004470537257230269
Segment{ 5 }, Segment{ 6 }
コサイン類似度: 0.026327357834272765
Segment{ 6 }, Segment{ 7 }
コサイン類似度: 0.0017475005065165359
Segment{ 7 }, Segment{ 8 }
コサイン類似度: 0.008111137760247931
Segment{ 8 }, Segment{ 9 }
コサイン類似度: 0.009976704158027663
Segment{ 9 }, Segment{ 10 }
コサイン類似度: 0.0
Segment{ 10 }, Segment{ 11 }
コサイン類似度: 0.0
Segment{ 11 }, Segment{ 12 }
コサイン類似度: 0.0248785033257611
Segment{ 12 }, Segment{ 13 }
コサイン類似度: NaN
Segment{ 13 }, Segment{ 14 }
コサイン類似度: NaN
Segment{ 14 }, Segment{ 15 }
コサイン類似度: 0.6306737039989804
Segment{ 15 }, Segment{ 16 }
コサイン類似度: 0.7344793476189174
Segment{ 16 }, Segment{ 17 }
コサイン類似度: 0.8288797046569399
Segment{ 17 }, Segment{ 18 }
コサイン類似度: 0.6601839048252457
Segment{ 18 }, Segment{ 19 }
コサイン類似度: 0.5651196321016211
Segment{ 19 }, Segment{ 20 }
コサイン類似度: 0.038070201196489274
Segment{ 20 }, Segment{ 21 }
コサイン類似度: 0.01846891768767375
Segment{ 21 }, Segment{ 22 }
コサイン類似度: 0.04229888399793295
Segment{ 22 }, Segment{ 23 24 }
コサイン類似度: 0.6393511656029047
Segment{ 27 28 }, Segment{ 29 }
コサイン類似度: 0.0
Segment{ 29 }, Segment{ 30 }
コサイン類似度: 0.027278024352296083
Segment{ 30 }, Segment{ 31 32 33 }
コサイン類似度: 0.0
条約(3)
支持(1)
停止(2)
iii(1)
論法(1)
IIIC(1)
前半(1)
Payment(1)
重要(1)
体系(1)
Defense(3)
冷戦(2)
Steel(5)
UKUS(1)
EEC(5)
首相(2)
US(1)
主義(2)
収支(1)
今日(1)
）((1)
世界(2)
模型(1)
政治(4)
基本(1)
Canada(1)
EDC(5)
差別(1)
矛盾(1)
EPC(2)
IMF(1)
統一(6)
外交(5)
）～(2)
路線(1)
概要(1)
国際(1)
PPS(1)
分裂(1)
論文(1)
金融(1)
保障(1)
復活(1)
軍費(2)
Euratom(4)
経済(1)
大国(1)
形成(1)
美英(9)
問題(2)
EPCECSCEPU(1)
関係(2)
中立(1)
国家(4)
占領(1)
原子(5)
通商(3)
共同(3)
英国(3)
中心(2)
大西(5)
整理(1)
帝国(1)
反省(1)
挫折(1)
軍国(2)
工業(1)
IBRDITO(1)
Political(2)
政策(1)
欧州(5)
政権(1)
II(2)
NSC(1)
報告(1)
計画(1)
交渉(2)
Economic(3)
IV(1)
FDR(1)
英美(1)
想到(1)
坂出(1)
国主(1)
JF(1)
III(1)
国防(1)
ECSC(7)
支柱(1)
英主(1)
通貨(1)
BW(3)
包括(1)
内的(4)
合作(5)
特殊(3)
Coal(5)
解体(1)
年代(2)
UKIII(1)
中枢(1)
EPU(2)
Atom(4)
大西洋(3)
WWII(1)
駐留(1)
体制(1)
offset(1)
美国(4)
多角(1)
加盟(1)
安全(1)
iv(1)
経費(1)
地位(1)
戦略(1)
軍備(1)
ii(1)
資源(1)
金元(1)
沿海(1)
危機(1)
NSAM(1)
自由(1)
同盟(6)
{ 1 } { 2 } { 3 } { 4 } { 5 } { 6 } { 7 } { 8 } { 9 } { 10 } { 11 } { 12 } { 13 } { 14 } { 15 } { 16 17 } { 18 } { 19 } { 20 } { 21 } { 22 } { 23 24 } { 25 26 } { 27 28 } { 29 } { 30 } { 31 32 33 } { 34 35 } 
Segment{ 2 }, Segment{ 3 }
コサイン類似度: 0.0
Segment{ 3 }, Segment{ 4 }
コサイン類似度: 0.021769792714803202
Segment{ 4 }, Segment{ 5 }
コサイン類似度: 0.004450626980483369
Segment{ 5 }, Segment{ 6 }
コサイン類似度: 0.026327357834272765
Segment{ 6 }, Segment{ 7 }
コサイン類似度: 0.0017475005065165359
Segment{ 7 }, Segment{ 8 }
コサイン類似度: 0.008111137760247931
Segment{ 8 }, Segment{ 9 }
コサイン類似度: 0.009976704158027663
Segment{ 9 }, Segment{ 10 }
コサイン類似度: 0.0
Segment{ 10 }, Segment{ 11 }
コサイン類似度: 0.0
Segment{ 11 }, Segment{ 12 }
コサイン類似度: 0.0248785033257611
Segment{ 12 }, Segment{ 13 }
コサイン類似度: NaN
Segment{ 13 }, Segment{ 14 }
コサイン類似度: NaN
Segment{ 14 }, Segment{ 15 }
コサイン類似度: 0.6150740055434558
Segment{ 15 }, Segment{ 16 17 }
コサイン類似度: 0.685134916506961
Segment{ 16 17 }, Segment{ 18 }
コサイン類似度: 0.7025454555364439
Segment{ 18 }, Segment{ 19 }
コサイン類似度: 0.5964409976106092
Segment{ 19 }, Segment{ 20 }
コサイン類似度: 0.03703876157792776
Segment{ 20 }, Segment{ 21 }
コサイン類似度: 0.01846891768767375
Segment{ 21 }, Segment{ 22 }
コサイン類似度: 0.04229888399793295
Segment{ 22 }, Segment{ 23 24 }
コサイン類似度: 0.6393511656029047
Segment{ 27 28 }, Segment{ 29 }
コサイン類似度: 0.0
Segment{ 29 }, Segment{ 30 }
コサイン類似度: 0.027278024352296083
Segment{ 30 }, Segment{ 31 32 33 }
コサイン類似度: 0.0
条約(3)
支持(1)
停止(2)
iii(1)
論法(1)
IIIC(1)
前半(1)
Payment(1)
重要(1)
体系(1)
Defense(2)
冷戦(2)
Steel(4)
UKUS(1)
EEC(4)
首相(2)
US(1)
主義(2)
収支(1)
今日(1)
）((1)
世界(2)
模型(1)
政治(4)
基本(1)
Canada(1)
EDC(4)
差別(1)
矛盾(1)
EPC(2)
IMF(1)
統一(6)
外交(5)
）～(2)
路線(1)
概要(1)
国際(1)
PPS(1)
分裂(1)
論文(1)
金融(1)
保障(1)
復活(1)
軍費(2)
Euratom(3)
経済(1)
大国(1)
形成(1)
美英(9)
問題(2)
EPCECSCEPU(1)
関係(2)
中立(1)
国家(4)
占領(1)
原子(4)
通商(2)
共同(3)
英国(3)
中心(2)
大西(5)
整理(1)
帝国(1)
反省(1)
挫折(1)
軍国(2)
工業(1)
IBRDITO(1)
Political(2)
政策(1)
欧州(5)
政権(1)
II(2)
NSC(1)
報告(1)
計画(1)
交渉(2)
Economic(2)
IV(1)
FDR(1)
英美(1)
想到(1)
坂出(1)
国主(1)
JF(1)
III(1)
国防(1)
ECSC(6)
支柱(1)
英主(1)
通貨(1)
BW(3)
包括(1)
内的(4)
合作(5)
特殊(3)
Coal(4)
解体(1)
年代(2)
UKIII(1)
中枢(1)
EPU(2)
Atom(3)
大西洋(3)
WWII(1)
駐留(1)
体制(1)
offset(1)
美国(4)
多角(1)
加盟(1)
安全(1)
iv(1)
経費(1)
地位(1)
戦略(1)
軍備(1)
ii(1)
資源(1)
金元(1)
沿海(1)
危機(1)
NSAM(1)
自由(1)
同盟(6)
{ 1 } { 2 } { 3 } { 4 } { 5 } { 6 } { 7 } { 8 } { 9 } { 10 } { 11 } { 12 } { 13 } { 14 } { 15 } { 16 17 18 } { 19 } { 20 } { 21 } { 22 } { 23 24 } { 25 26 } { 27 28 } { 29 } { 30 } { 31 32 33 } { 34 35 } 
Segment{ 2 }, Segment{ 3 }
コサイン類似度: 0.0
Segment{ 3 }, Segment{ 4 }
コサイン類似度: 0.025847401581908763
Segment{ 4 }, Segment{ 5 }
コサイン類似度: 0.004414900679198814
Segment{ 5 }, Segment{ 6 }
コサイン類似度: 0.026327357834272765
Segment{ 6 }, Segment{ 7 }
コサイン類似度: 0.0017475005065165359
Segment{ 7 }, Segment{ 8 }
コサイン類似度: 0.008111137760247931
Segment{ 8 }, Segment{ 9 }
コサイン類似度: 0.009976704158027663
Segment{ 9 }, Segment{ 10 }
コサイン類似度: 0.0
Segment{ 10 }, Segment{ 11 }
コサイン類似度: 0.0
Segment{ 11 }, Segment{ 12 }
コサイン類似度: 0.0248785033257611
Segment{ 12 }, Segment{ 13 }
コサイン類似度: NaN
Segment{ 13 }, Segment{ 14 }
コサイン類似度: NaN
Segment{ 14 }, Segment{ 15 }
コサイン類似度: 0.5909368402852788
Segment{ 15 }, Segment{ 16 17 18 }
コサイン類似度: 0.6017216678143152
Segment{ 16 17 18 }, Segment{ 19 }
コサイン類似度: 0.621598873552017
Segment{ 19 }, Segment{ 20 }
コサイン類似度: 0.03878265694116622
Segment{ 20 }, Segment{ 21 }
コサイン類似度: 0.018430666522646893
Segment{ 21 }, Segment{ 22 }
コサイン類似度: 0.04229888399793295
Segment{ 22 }, Segment{ 23 24 }
コサイン類似度: 0.6393511656029047
Segment{ 27 28 }, Segment{ 29 }
コサイン類似度: 0.0
Segment{ 29 }, Segment{ 30 }
コサイン類似度: 0.027278024352296083
Segment{ 30 }, Segment{ 31 32 33 }
コサイン類似度: 0.0
条約(2)
支持(1)
停止(2)
iii(1)
論法(1)
IIIC(1)
前半(1)
Payment(1)
重要(1)
体系(1)
Defense(2)
冷戦(2)
Steel(4)
UKUS(1)
EEC(4)
首相(1)
US(1)
主義(2)
収支(1)
今日(1)
）((1)
世界(2)
模型(1)
政治(4)
基本(1)
Canada(1)
EDC(4)
差別(1)
矛盾(1)
EPC(2)
IMF(1)
統一(6)
外交(4)
）～(2)
路線(1)
概要(1)
国際(1)
PPS(1)
分裂(1)
論文(1)
金融(1)
保障(1)
復活(1)
軍費(2)
Euratom(3)
経済(1)
大国(1)
形成(1)
美英(9)
問題(2)
EPCECSCEPU(1)
関係(2)
中立(1)
国家(4)
占領(1)
原子(4)
通商(2)
共同(3)
英国(3)
中心(2)
大西(4)
整理(1)
帝国(1)
反省(1)
挫折(1)
軍国(2)
工業(1)
IBRDITO(1)
Political(2)
政策(1)
欧州(5)
政権(1)
II(2)
NSC(1)
報告(1)
計画(1)
交渉(2)
Economic(2)
IV(1)
FDR(1)
英美(1)
想到(1)
坂出(1)
国主(1)
JF(1)
III(1)
国防(1)
ECSC(6)
支柱(1)
英主(1)
通貨(1)
BW(3)
包括(1)
内的(3)
合作(4)
特殊(3)
Coal(4)
解体(1)
年代(2)
UKIII(1)
中枢(1)
EPU(2)
Atom(3)
大西洋(3)
WWII(1)
駐留(1)
体制(1)
offset(1)
美国(4)
多角(1)
加盟(1)
安全(1)
iv(1)
経費(1)
地位(1)
戦略(1)
軍備(1)
ii(1)
資源(1)
金元(1)
沿海(1)
危機(1)
NSAM(1)
自由(1)
同盟(5)
{ 1 } { 2 } { 3 } { 4 } { 5 } { 6 } { 7 } { 8 } { 9 } { 10 } { 11 } { 12 } { 13 } { 14 } { 15 } { 16 17 18 } { 19 } { 20 } { 21 } { 22 23 24 } { 25 26 } { 27 28 } { 29 } { 30 } { 31 32 33 } { 34 35 } 
Segment{ 2 }, Segment{ 3 }
コサイン類似度: 0.0
Segment{ 3 }, Segment{ 4 }
コサイン類似度: 0.025847401581908763
Segment{ 4 }, Segment{ 5 }
コサイン類似度: 0.004414900679198814
Segment{ 5 }, Segment{ 6 }
コサイン類似度: 0.026315424228673976
Segment{ 6 }, Segment{ 7 }
コサイン類似度: 0.001746708403413759
Segment{ 7 }, Segment{ 8 }
コサイン類似度: 0.008068421148773187
Segment{ 8 }, Segment{ 9 }
コサイン類似度: 0.009924162701093526
Segment{ 9 }, Segment{ 10 }
コサイン類似度: 0.0
Segment{ 10 }, Segment{ 11 }
コサイン類似度: 0.0
Segment{ 11 }, Segment{ 12 }
コサイン類似度: 0.02482849623333847
Segment{ 12 }, Segment{ 13 }
コサイン類似度: NaN
Segment{ 13 }, Segment{ 14 }
コサイン類似度: NaN
Segment{ 14 }, Segment{ 15 }
コサイン類似度: 0.5909368402852788
Segment{ 15 }, Segment{ 16 17 18 }
コサイン類似度: 0.6017216678143152
Segment{ 16 17 18 }, Segment{ 19 }
コサイン類似度: 0.621598873552017
Segment{ 19 }, Segment{ 20 }
コサイン類似度: 0.03878265694116622
Segment{ 20 }, Segment{ 21 }
コサイン類似度: 0.018333399348779058
Segment{ 21 }, Segment{ 22 23 24 }
コサイン類似度: 0.06223878534593477
Segment{ 27 28 }, Segment{ 29 }
コサイン類似度: 0.0
Segment{ 29 }, Segment{ 30 }
コサイン類似度: 0.02670447879055289
Segment{ 30 }, Segment{ 31 32 33 }
コサイン類似度: 0.0
条約(2)
支持(1)
停止(2)
iii(1)
論法(1)
IIIC(1)
前半(1)
Payment(1)
重要(1)
体系(1)
Defense(1)
冷戦(2)
Steel(3)
UKUS(1)
EEC(3)
首相(1)
US(1)
主義(2)
収支(1)
今日(1)
）((1)
世界(2)
模型(1)
政治(3)
基本(1)
Canada(1)
EDC(3)
差別(1)
矛盾(1)
EPC(1)
IMF(1)
統一(6)
外交(4)
）～(2)
路線(1)
概要(1)
国際(1)
PPS(1)
分裂(1)
論文(1)
金融(1)
保障(1)
復活(1)
軍費(2)
Euratom(2)
経済(1)
大国(1)
形成(1)
美英(9)
問題(2)
EPCECSCEPU(1)
関係(2)
中立(1)
国家(3)
占領(1)
原子(3)
通商(1)
共同(3)
英国(3)
中心(2)
大西(4)
整理(1)
帝国(1)
反省(1)
挫折(1)
軍国(2)
工業(1)
IBRDITO(1)
Political(1)
政策(1)
欧州(5)
政権(1)
II(2)
NSC(1)
報告(1)
計画(1)
交渉(2)
Economic(1)
IV(1)
FDR(1)
英美(1)
想到(1)
坂出(1)
国主(1)
JF(1)
III(1)
国防(1)
ECSC(5)
支柱(1)
英主(1)
通貨(1)
BW(3)
包括(1)
内的(3)
合作(4)
特殊(3)
Coal(3)
解体(1)
年代(2)
UKIII(1)
中枢(1)
EPU(2)
Atom(2)
大西洋(3)
WWII(1)
駐留(1)
体制(1)
offset(1)
美国(4)
多角(1)
加盟(1)
安全(1)
iv(1)
経費(1)
地位(1)
戦略(1)
軍備(1)
ii(1)
資源(1)
金元(1)
沿海(1)
危機(1)
NSAM(1)
自由(1)
同盟(5)
{ 1 } { 2 } { 3 } { 4 } { 5 } { 6 } { 7 } { 8 } { 9 } { 10 } { 11 } { 12 } { 13 } { 14 } { 15 } { 16 17 18 19 } { 20 } { 21 } { 22 23 24 } { 25 26 } { 27 28 } { 29 } { 30 } { 31 32 33 } { 34 35 } 
Segment{ 2 }, Segment{ 3 }
コサイン類似度: 0.0
Segment{ 3 }, Segment{ 4 }
コサイン類似度: 0.03419891112658069
Segment{ 4 }, Segment{ 5 }
コサイン類似度: 0.004341153257052111
Segment{ 5 }, Segment{ 6 }
コサイン類似度: 0.026315424228673976
Segment{ 6 }, Segment{ 7 }
コサイン類似度: 0.001746708403413759
Segment{ 7 }, Segment{ 8 }
コサイン類似度: 0.008068421148773187
Segment{ 8 }, Segment{ 9 }
コサイン類似度: 0.009924162701093526
Segment{ 9 }, Segment{ 10 }
コサイン類似度: 0.0
Segment{ 10 }, Segment{ 11 }
コサイン類似度: 0.0
Segment{ 11 }, Segment{ 12 }
コサイン類似度: 0.02482849623333847
Segment{ 12 }, Segment{ 13 }
コサイン類似度: NaN
Segment{ 13 }, Segment{ 14 }
コサイン類似度: NaN
Segment{ 14 }, Segment{ 15 }
コサイン類似度: 0.5479547909510497
Segment{ 15 }, Segment{ 16 17 18 19 }
コサイン類似度: 0.4500097957635496
Segment{ 16 17 18 19 }, Segment{ 20 }
コサイン類似度: 0.0396260433375568
Segment{ 20 }, Segment{ 21 }
コサイン類似度: 0.031804599108596544
Segment{ 21 }, Segment{ 22 23 24 }
コサイン類似度: 0.061542864372793576
Segment{ 27 28 }, Segment{ 29 }
コサイン類似度: 0.0
Segment{ 29 }, Segment{ 30 }
コサイン類似度: 0.024735985073472064
Segment{ 30 }, Segment{ 31 32 33 }
コサイン類似度: 0.0
条約(2)
支持(1)
停止(2)
iii(1)
論法(1)
IIIC(1)
前半(1)
Payment(1)
重要(1)
体系(1)
Defense(1)
冷戦(2)
Steel(2)
UKUS(1)
EEC(3)
首相(1)
US(1)
主義(2)
収支(1)
今日(1)
）((1)
世界(2)
模型(1)
政治(3)
基本(1)
Canada(1)
EDC(3)
差別(1)
矛盾(1)
EPC(1)
IMF(1)
統一(6)
外交(4)
）～(2)
路線(1)
概要(1)
国際(1)
PPS(1)
分裂(1)
論文(1)
金融(1)
保障(1)
復活(1)
軍費(2)
Euratom(2)
経済(1)
大国(1)
形成(1)
美英(9)
問題(2)
EPCECSCEPU(1)
関係(2)
中立(1)
国家(3)
占領(1)
原子(3)
通商(1)
共同(3)
英国(3)
中心(2)
大西(4)
整理(1)
帝国(1)
反省(1)
挫折(1)
軍国(2)
工業(1)
IBRDITO(1)
Political(1)
政策(1)
欧州(5)
政権(1)
II(2)
NSC(1)
報告(1)
計画(1)
交渉(2)
Economic(1)
IV(1)
FDR(1)
英美(1)
想到(1)
坂出(1)
国主(1)
JF(1)
III(1)
国防(1)
ECSC(4)
支柱(1)
英主(1)
通貨(1)
BW(3)
包括(1)
内的(3)
合作(4)
特殊(3)
Coal(2)
解体(1)
年代(2)
UKIII(1)
中枢(1)
EPU(2)
Atom(2)
大西洋(3)
WWII(1)
駐留(1)
体制(1)
offset(1)
美国(4)
多角(1)
加盟(1)
安全(1)
iv(1)
経費(1)
地位(1)
戦略(1)
軍備(1)
ii(1)
資源(1)
金元(1)
沿海(1)
危機(1)
NSAM(1)
自由(1)
同盟(5)
{ 1 } { 2 } { 3 } { 4 } { 5 } { 6 } { 7 } { 8 } { 9 } { 10 } { 11 } { 12 } { 13 } { 14 15 } { 16 17 18 19 } { 20 } { 21 } { 22 23 24 } { 25 26 } { 27 28 } { 29 } { 30 } { 31 32 33 } { 34 35 } 
Segment{ 2 }, Segment{ 3 }
コサイン類似度: 0.0
Segment{ 3 }, Segment{ 4 }
コサイン類似度: 0.03541511772051897
Segment{ 4 }, Segment{ 5 }
コサイン類似度: 0.00433756000883325
Segment{ 5 }, Segment{ 6 }
コサイン類似度: 0.026315424228673976
Segment{ 6 }, Segment{ 7 }
コサイン類似度: 0.001746708403413759
Segment{ 7 }, Segment{ 8 }
コサイン類似度: 0.008068421148773187
Segment{ 8 }, Segment{ 9 }
コサイン類似度: 0.009924162701093526
Segment{ 9 }, Segment{ 10 }
コサイン類似度: 0.0
Segment{ 10 }, Segment{ 11 }
コサイン類似度: 0.0
Segment{ 11 }, Segment{ 12 }
コサイン類似度: 0.02482849623333847
Segment{ 12 }, Segment{ 13 }
コサイン類似度: NaN
Segment{ 13 }, Segment{ 14 15 }
コサイン類似度: NaN
Segment{ 16 17 18 19 }, Segment{ 20 }
コサイン類似度: 0.038314593779838535
Segment{ 20 }, Segment{ 21 }
コサイン類似度: 0.031804599108596544
Segment{ 21 }, Segment{ 22 23 24 }
コサイン類似度: 0.061542864372793576
Segment{ 27 28 }, Segment{ 29 }
コサイン類似度: 0.0
Segment{ 29 }, Segment{ 30 }
コサイン類似度: 0.024735985073472064
Segment{ 30 }, Segment{ 31 32 33 }
コサイン類似度: 0.0
条約(2)
支持(1)
停止(2)
iii(1)
論法(1)
IIIC(1)
前半(1)
Payment(1)
重要(1)
体系(1)
Defense(1)
冷戦(2)
Steel(2)
UKUS(1)
EEC(3)
首相(1)
US(1)
主義(2)
収支(1)
今日(1)
）((1)
世界(2)
模型(1)
政治(3)
基本(1)
Canada(1)
EDC(3)
差別(1)
矛盾(1)
EPC(1)
IMF(1)
統一(6)
外交(4)
）～(2)
路線(1)
概要(1)
国際(1)
PPS(1)
分裂(1)
論文(1)
金融(1)
保障(1)
復活(1)
軍費(2)
Euratom(2)
経済(1)
大国(1)
形成(1)
美英(9)
問題(2)
EPCECSCEPU(1)
関係(2)
中立(1)
国家(3)
占領(1)
原子(3)
通商(1)
共同(3)
英国(3)
中心(2)
大西(4)
整理(1)
帝国(1)
反省(1)
挫折(1)
軍国(2)
工業(1)
IBRDITO(1)
Political(1)
政策(1)
欧州(5)
政権(1)
II(2)
NSC(1)
報告(1)
計画(1)
交渉(2)
Economic(1)
IV(1)
FDR(1)
英美(1)
想到(1)
坂出(1)
国主(1)
JF(1)
III(1)
国防(1)
ECSC(4)
支柱(1)
英主(1)
通貨(1)
BW(3)
包括(1)
内的(3)
合作(3)
特殊(3)
Coal(2)
解体(1)
年代(2)
UKIII(1)
中枢(1)
EPU(2)
Atom(2)
大西洋(3)
WWII(1)
駐留(1)
体制(1)
offset(1)
美国(4)
多角(1)
加盟(1)
安全(1)
iv(1)
経費(1)
地位(1)
戦略(1)
軍備(1)
ii(1)
資源(1)
金元(1)
沿海(1)
危機(1)
NSAM(1)
自由(1)
同盟(5)
{ 1 } { 2 } { 3 } { 4 } { 5 } { 6 } { 7 } { 8 } { 9 } { 10 } { 11 } { 12 } { 13 } { 14 15 } { 16 17 18 19 } { 20 } { 21 22 23 24 } { 25 26 } { 27 28 } { 29 } { 30 } { 31 32 33 } { 34 35 } 
Segment{ 2 }, Segment{ 3 }
コサイン類似度: 0.0
Segment{ 3 }, Segment{ 4 }
コサイン類似度: 0.03541511772051897
Segment{ 4 }, Segment{ 5 }
コサイン類似度: 0.00433756000883325
Segment{ 5 }, Segment{ 6 }
コサイン類似度: 0.026315424228673976
Segment{ 6 }, Segment{ 7 }
コサイン類似度: 0.001746708403413759
Segment{ 7 }, Segment{ 8 }
コサイン類似度: 0.008068421148773187
Segment{ 8 }, Segment{ 9 }
コサイン類似度: 0.009924162701093526
Segment{ 9 }, Segment{ 10 }
コサイン類似度: 0.0
Segment{ 10 }, Segment{ 11 }
コサイン類似度: 0.0
Segment{ 11 }, Segment{ 12 }
コサイン類似度: 0.02482849623333847
Segment{ 12 }, Segment{ 13 }
コサイン類似度: NaN
Segment{ 13 }, Segment{ 14 15 }
コサイン類似度: NaN
Segment{ 16 17 18 19 }, Segment{ 20 }
コサイン類似度: 0.038314593779838535
Segment{ 20 }, Segment{ 21 22 23 24 }
コサイン類似度: 0.009957034952458782
Segment{ 27 28 }, Segment{ 29 }
コサイン類似度: 0.0
Segment{ 29 }, Segment{ 30 }
コサイン類似度: 0.024735985073472064
Segment{ 30 }, Segment{ 31 32 33 }
コサイン類似度: 0.0
