ファイルが見つかりませんでした: /Users/admin/ocwslidedata/ocw.kyoto-u.ac.jp/002-002-(〜2010年)情報技術演習（2006年度）/gijutsuenshu10/slide.xml
ファイルが見つかりませんでした: /Users/admin/ocwslidedata/ocw.kyoto-u.ac.jp/002-003-(〜2010年)情報技術演習（2005年度）/ensyu01/slide.xml
ファイルが見つかりませんでした: /Users/admin/ocwslidedata/ocw.kyoto-u.ac.jp/002-004-(〜2010年)哲学講義/07/slide.xml
ファイルが見つかりませんでした: /Users/admin/ocwslidedata/ocw.kyoto-u.ac.jp/002-004-(〜2010年)哲学講義/09/slide.xml
ファイルが見つかりませんでした: /Users/admin/ocwslidedata/ocw.kyoto-u.ac.jp/005-001-（〜2010年）経済史・思想史入門/2005history_nyumon1/slide.xml
ファイルが見つかりませんでした: /Users/admin/ocwslidedata/ocw.kyoto-u.ac.jp/005-001-（〜2010年）経済史・思想史入門/2005history_nyumon2/slide.xml
ファイルが見つかりませんでした: /Users/admin/ocwslidedata/ocw.kyoto-u.ac.jp/005-001-（〜2010年）経済史・思想史入門/2005history_nyumon3/slide.xml
ファイルが見つかりませんでした: /Users/admin/ocwslidedata/ocw.kyoto-u.ac.jp/005-002-（〜2010年）経済学IIB/economics2b01/slide.xml
ファイルが見つかりませんでした: /Users/admin/ocwslidedata/ocw.kyoto-u.ac.jp/005-002-（〜2010年）経済学IIB/economics2b02/slide.xml
ファイルが見つかりませんでした: /Users/admin/ocwslidedata/ocw.kyoto-u.ac.jp/005-002-（〜2010年）経済学IIB/economics2b03/slide.xml
ファイルが見つかりませんでした: /Users/admin/ocwslidedata/ocw.kyoto-u.ac.jp/005-002-（〜2010年）経済学IIB/economics2b04/slide.xml
ファイルが見つかりませんでした: /Users/admin/ocwslidedata/ocw.kyoto-u.ac.jp/005-002-（〜2010年）経済学IIB/economics2b05/slide.xml
ファイルが見つかりませんでした: /Users/admin/ocwslidedata/ocw.kyoto-u.ac.jp/005-002-（〜2010年）経済学IIB/economics2b06/slide.xml
ファイルが見つかりませんでした: /Users/admin/ocwslidedata/ocw.kyoto-u.ac.jp/005-002-（〜2010年）経済学IIB/economics2b07/slide.xml
ファイルが見つかりませんでした: /Users/admin/ocwslidedata/ocw.kyoto-u.ac.jp/005-002-（〜2010年）経済学IIB/economics2b08/slide.xml
ファイルが見つかりませんでした: /Users/admin/ocwslidedata/ocw.kyoto-u.ac.jp/005-002-（〜2010年）経済学IIB/economics2b09/slide.xml
ファイルが見つかりませんでした: /Users/admin/ocwslidedata/ocw.kyoto-u.ac.jp/005-002-（〜2010年）経済学IIB/economics2b10/slide.xml
ファイルが見つかりませんでした: /Users/admin/ocwslidedata/ocw.kyoto-u.ac.jp/005-002-（〜2010年）経済学IIB/economics2b11/slide.xml
ファイルが見つかりませんでした: /Users/admin/ocwslidedata/ocw.kyoto-u.ac.jp/005-002-（〜2010年）経済学IIB/economics2b12/slide.xml
ファイルが見つかりませんでした: /Users/admin/ocwslidedata/ocw.kyoto-u.ac.jp/005-002-（〜2010年）経済学IIB/economics2b13/slide.xml
ファイルが見つかりませんでした: /Users/admin/ocwslidedata/ocw.kyoto-u.ac.jp/005-003-（〜2010年）経済史2/keizaishi2-1-1/slide.xml
ファイルが見つかりませんでした: /Users/admin/ocwslidedata/ocw.kyoto-u.ac.jp/005-003-（〜2010年）経済史2/keizaishi2-10-1/slide.xml
ファイルが見つかりませんでした: /Users/admin/ocwslidedata/ocw.kyoto-u.ac.jp/005-003-（〜2010年）経済史2/keizaishi2-11-1/slide.xml
ファイルが見つかりませんでした: /Users/admin/ocwslidedata/ocw.kyoto-u.ac.jp/005-003-（〜2010年）経済史2/keizaishi2-12-1/slide.xml
ファイルが見つかりませんでした: /Users/admin/ocwslidedata/ocw.kyoto-u.ac.jp/005-003-（〜2010年）経済史2/keizaishi2-13-1/slide.xml
ファイルが見つかりませんでした: /Users/admin/ocwslidedata/ocw.kyoto-u.ac.jp/005-003-（〜2010年）経済史2/keizaishi2-2-1/slide.xml
ファイルが見つかりませんでした: /Users/admin/ocwslidedata/ocw.kyoto-u.ac.jp/005-003-（〜2010年）経済史2/keizaishi2-3-1/slide.xml
ファイルが見つかりませんでした: /Users/admin/ocwslidedata/ocw.kyoto-u.ac.jp/005-003-（〜2010年）経済史2/keizaishi2-4-1/slide.xml
ファイルが見つかりませんでした: /Users/admin/ocwslidedata/ocw.kyoto-u.ac.jp/005-003-（〜2010年）経済史2/keizaishi2-5-1/slide.xml
ファイルが見つかりませんでした: /Users/admin/ocwslidedata/ocw.kyoto-u.ac.jp/005-003-（〜2010年）経済史2/keizaishi2-6-1/slide.xml
ファイルが見つかりませんでした: /Users/admin/ocwslidedata/ocw.kyoto-u.ac.jp/005-003-（〜2010年）経済史2/keizaishi2-7-1/slide.xml
ファイルが見つかりませんでした: /Users/admin/ocwslidedata/ocw.kyoto-u.ac.jp/005-003-（〜2010年）経済史2/keizaishi2-8-1/slide.xml
ファイルが見つかりませんでした: /Users/admin/ocwslidedata/ocw.kyoto-u.ac.jp/005-003-（〜2010年）経済史2/keizaishi2-9-1/slide.xml
ファイルが見つかりませんでした: /Users/admin/ocwslidedata/ocw.kyoto-u.ac.jp/005-003-（〜2010年）経済史2/keizaishi2-term1/slide.xml
ファイルが見つかりませんでした: /Users/admin/ocwslidedata/ocw.kyoto-u.ac.jp/005-003-（〜2010年）経済史2/keizaishi2-term2/slide.xml
ファイルが見つかりませんでした: /Users/admin/ocwslidedata/ocw.kyoto-u.ac.jp/005-004-（〜2010年）欧米経済史/2006EAEH10/slide.xml
ファイルが見つかりませんでした: /Users/admin/ocwslidedata/ocw.kyoto-u.ac.jp/005-004-（〜2010年）欧米経済史/2006EAEH11/slide.xml
ファイルが見つかりませんでした: /Users/admin/ocwslidedata/ocw.kyoto-u.ac.jp/005-004-（〜2010年）欧米経済史/2006EAEH3/slide.xml
ファイルが見つかりませんでした: /Users/admin/ocwslidedata/ocw.kyoto-u.ac.jp/005-004-（〜2010年）欧米経済史/2006EAEH4/slide.xml
ファイルが見つかりませんでした: /Users/admin/ocwslidedata/ocw.kyoto-u.ac.jp/005-004-（〜2010年）欧米経済史/2006EAEH5/slide.xml
ファイルが見つかりませんでした: /Users/admin/ocwslidedata/ocw.kyoto-u.ac.jp/005-004-（〜2010年）欧米経済史/2006EAEH6/slide.xml
ファイルが見つかりませんでした: /Users/admin/ocwslidedata/ocw.kyoto-u.ac.jp/005-004-（〜2010年）欧米経済史/2006EAEH7/slide.xml
ファイルが見つかりませんでした: /Users/admin/ocwslidedata/ocw.kyoto-u.ac.jp/005-004-（〜2010年）欧米経済史/2006EAEH8/slide.xml
ファイルが見つかりませんでした: /Users/admin/ocwslidedata/ocw.kyoto-u.ac.jp/005-004-（〜2010年）欧米経済史/2006EAEH9/slide.xml
ファイルが見つかりませんでした: /Users/admin/ocwslidedata/ocw.kyoto-u.ac.jp/005-004-（〜2010年）欧米経済史/CEAEH200603/slide.xml
ファイルが見つかりませんでした: /Users/admin/ocwslidedata/ocw.kyoto-u.ac.jp/005-004-（〜2010年）欧米経済史/CEAEH200610/slide.xml
ファイルが見つかりませんでした: /Users/admin/ocwslidedata/ocw.kyoto-u.ac.jp/005-004-（〜2010年）欧米経済史/CEAEH200612/slide.xml
ファイルが見つかりませんでした: /Users/admin/ocwslidedata/ocw.kyoto-u.ac.jp/005-005-（〜2010年）西洋経済史A/ecoA10ppt/slide.xml
ファイルが見つかりませんでした: /Users/admin/ocwslidedata/ocw.kyoto-u.ac.jp/005-005-（〜2010年）西洋経済史A/ecoA10txt/slide.xml
ファイルが見つかりませんでした: /Users/admin/ocwslidedata/ocw.kyoto-u.ac.jp/005-005-（〜2010年）西洋経済史A/ecoA11ppt/slide.xml
ファイルが見つかりませんでした: /Users/admin/ocwslidedata/ocw.kyoto-u.ac.jp/005-005-（〜2010年）西洋経済史A/ecoA11txt/slide.xml
ファイルが見つかりませんでした: /Users/admin/ocwslidedata/ocw.kyoto-u.ac.jp/005-005-（〜2010年）西洋経済史A/ecoA12txt/slide.xml
ファイルが見つかりませんでした: /Users/admin/ocwslidedata/ocw.kyoto-u.ac.jp/005-005-（〜2010年）西洋経済史A/ecoA13ppt/slide.xml
ファイルが見つかりませんでした: /Users/admin/ocwslidedata/ocw.kyoto-