OCW: ocw.osaka-u.ac.jp
Lecture: 会社法応用2
Lecture: 数値計算法演習／バイオ情報解析演習
Lecture: 300307 - 理論言語学研究A, Spring Term, 2008
Slide: lecturenoteno-5
Slide: lecturenoteno-4
Slide: lecturenoteno-3
Slide: lecturenoteno-1
Slide: lecturenoteno-9
Slide: lecturenoteno-8
Slide: lecturenoteno-7
Slide: lecturenoteno-6
Slide: lecturenoteno-2
Lecture: ロシア語学概論
Slide: survey_of_russian
Lecture: データマイニング工学概論
Slide: datamining
Lecture: 34618E - 会社法応用2, Autumn Term, 2010
Lecture: 生物情報工学（マクロ生物学）
Slide: no-10
Slide: no-4
Slide: no-8
Slide: no-5
Slide: no-7
Slide: no-1
Slide: no-13
Slide: no3
Slide: no-2
Slide: no-14
Slide: no-11
Slide: no-12
Slide: no-9
Lecture: 090373 - 量子力学B, Spring Term, 2007
Slide: lecturenoteno-5
Slide: lecturenoteno-10
Slide: lecturenoteno-11
Slide: lecturenoteno-4
Slide: lecturenoteno-3
Slide: lecturenoteno-1
Slide: lecturenoteno-9
Slide: lecturenoteno-8
Slide: lecturenoteno-12
Slide: lecturenoteno-7
Slide: teachingaid
Slide: lecturenoteno-6
Slide: lecturenoteno-13
Slide: lecturenoteno-14
Slide: lecturenoteno-2
Lecture: 900001 - バイオテクノロジー・ファンダメンタルズ, 2005
Slide: dr-kanaya
Slide: dr-omasa
Slide: dr-suga1
Slide: dr-nihira-dr-kinoshita
Slide: dr-harashima1
Slide: dr-harashima3
Slide: dr-kobayashi
Slide: dr-harashima2
Slide: dr-shioya
Slide: dr-katakura
Slide: dr-kaneko
Slide: dr-shimizu
Slide: dr-yoshida-2
Slide: dr-yoshida-1
Slide: dr-suga2
Slide: dr-kishimoto
Lecture: 280516 - Fluid-Solid Multiphase Flow(J), Autumn Term, 2005
Slide: 2
Slide: 10
Slide: 4
Slide: 13-3
Slide: 6
Slide: 3
Slide: 5
Slide: 13-1
Slide: 7
Slide: 13-2
Slide: 8
Slide: 9
Slide: 1
Slide: 11-2
Slide: 12-1
Slide: 12-2
Slide: 11-1
Lecture: 090372 - 量子力学A, Autumn Term, 2006
Slide: quantummechaa8
Slide: quantummechaa9
Slide: quantummechaa2
Slide: quantummechaa5
Slide: quantummechaa10
Slide: quantummechaa1
Slide: quantummechaa7
Slide: quantummechaa3
Slide: quantummechaa4
Slide: quantummechaa11
Slide: quantummechaa6
Lecture: 286162 - 高周波集積回路設計, Spring Term, 2005
Slide: rf-no-6
Slide: rf-no-3
Slide: rf-no-7
Slide: rf-no-8
Slide: rf-no-9
Slide: rf-no-1
Slide: rf-no-5
Slide: rf-no-2
Slide: rf-no-10
Slide: rf-no-4
Lecture: 280834 - データマイニング工学概論, Autumn Term, 2007
Slide: datamining
Lecture: 会社法基礎
Lecture: 法学の基礎
Slide: presentationno.3
Slide: presentationno.2
Slide: presentationno.4
Slide: presentationno.1
Slide: presentationno.6
Slide: presentationno.5
Lecture: 280512 - 分子変換化学（有機合成化学特論）, Spring Term, 2005
Slide: no-10
Slide: no-8
Slide: no-7
Slide: no1-4
Slide: no-13
Slide: no-11
Slide: no-1-7
Slide: no-12
Slide: no-9
Lecture: 000005 - ロシア語学概論, 2009
Slide: survey_of_russian
Lecture: 360104 - 科学技術コミュニケーション入門, Spring, 2009
Slide: dr_sho_kasuga1
Slide: assocprof_hideyuki_hirakawa_1
Slide: dr_ekoh_yagi
Slide: professor_tadashi_kobayashi
Slide: assocprof_hideyuki_hirakawa_2
Lecture: Theory in Materials Science(J)
Slide: no5
Slide: no2
Slide: no9
Slide: no8
Slide: no4
Slide: no7
Slide: no3
Slide: no10
Slide: no6
Slide: no1
Lecture: 026001 - 法学の基礎, Spring Term, 2011
Slide: presentationno.3
Slide: presentationno.2
Slide: presentationno.4
Slide: presentationno.1
Slide: presentationno.6
Slide: presentationno.5
Lecture: 300239 - 言語情報科学論, Spring Term, 2007
Slide: lecturenoteno-5
Slide: lecturenoteno-10
Slide: lecturenoteno-11
Slide: lecturenoteno-4
Slide: lecturenoteno-3
Slide: lecturenoteno-1
Slide: lecturenoteno-9
Slide: lecturenoteno-8
Slide: lecturenoteno-7
Slide: lecturenoteno-6
Slide: lecturenoteno-2
Lecture: ロシア語文法
Lecture: 280263 - ディジタル集積回路設計, Spring Term, 2005
Slide: digital-no-1
Slide: digital-no-9
Slide: digital-no-4
Slide: digital-no-6
Slide: digital-no-8
Slide: digital-no-5
Slide: digital-no-2
Slide: digital-no-11
Slide: digital-no-10
Slide: digital-no-7
Slide: digital-no-3
Lecture: 代謝情報工学
Slide: 2004no-2
Slide: 2005no3
Slide: 2005no6
Slide: 2004no-8
Slide: 2005no12
Slide: 2005no8
Slide: 2004no-10
Slide: 2004no-11
Slide: 2005no2
Slide: 2004no-9
Slide: 2004no-7
Slide: 2005no5
Slide: 2004no-5
Slide: 2005no9
Slide: 2005no1
Slide: 2004no-6
Slide: 2005no7
Slide: 2005no11
Slide: 2005no4
Slide: 2005no10
Lecture: 135697 - 西洋美術史, Spring Term, 2007
Slide: lecturenote
Lecture: 280261 - アナログ集積回路設計, Autumn Term, 2005
Slide: ic_devices_10
Slide: ic_devices_02
Slide: ic_devices_04
Slide: ic_devices_06
Slide: ic_devices_03
Slide: ic_devices_09
Slide: ic_devices_05
Slide: ic_devices_07
Slide: ic_devices_01
Slide: ic_devices_08
Lecture: 34616 - 会社法基礎, Spring Term, 2007
Lecture: 34306 - 商法４, Spring Term, 2007
Lecture: 量子力学B
Slide: lecturenoteno-5
Slide: lecturenoteno-10
Slide: lecturenoteno-11
Slide: lecturenoteno-4
Slide: lecturenoteno-3
Slide: lecturenoteno-1
Slide: lecturenoteno-9
Slide: lecturenoteno-8
Slide: lecturenoteno-12
Slide: lecturenoteno-7
Slide: teachingaid
Slide: lecturenoteno-6
Slide: lecturenoteno-13
Slide: lecturenoteno-14
Slide: lecturenoteno-2
Lecture: 言語情報科学論
Slide: lecturenoteno-5
Slide: lecturenoteno-10
Slide: lecturenoteno-11
Slide: lecturenoteno-4
Slide: lecturenoteno-3
Slide: lecturenoteno-1
Slide: lecturenoteno-9
Slide: lecturenoteno-8
Slide: lecturenoteno-7
Slide: lecturenoteno-6
Slide: lecturenoteno-2
Lecture: ディジタル集積回路設計
Slide: digital-no-1
Slide: digital-no-9
Slide: digital-no-4
Slide: digital-no-6
Slide: digital-no-8
Slide: digital-no-5
Slide: digital-no-2
Slide: digital-no-11
Slide: digital-no-10
Slide: digital-no-7
Slide: digital-no-3
Lecture: 商法４
Lecture: 哲学講義（2010年度）
Lecture: 理論言語学研究A
Slide: lecturenoteno-5
Slide: lecturenoteno-4
Slide: lecturenoteno-3
Slide: 2010_Spring_5
Slide: lecturenoteno-1
Slide: lecturenoteno-9
Slide: 2010_Spring_3
Slide: lecturenoteno-8
Slide: 2010_Spring_4
Slide: 2010_Spring_1
Slide: 2010_Spring_2
Slide: lecturenoteno-7
Slide: lecturenoteno-6
Slide: lecturenoteno-2
Slide: 2010_Spring_6
Lecture: 001021 - 哲学史講義-フランス近代哲学史概説, Spring Term, 2007
Slide: anonymous
Slide: arimasayuri
Slide: ohyabushinnosuke
Slide: kirikisakiko
Slide: tsumurashoji
Slide: takaiehiroyo
Slide: yamamotomasayuki
Slide: isakakaori
Slide: hirakawachikage
Slide: okuharoka
Slide: yasukawamiru
Slide: tohmurakuniaki
Slide: mizusakakumiko
Slide: miyoshitoshiko
Slide: kawaguchitakashi
Slide: okamotoshinsuke
Slide: takeuchisatoshi
Slide: haradasuguru
Slide: fukueseiishi
Slide: miyagawakohei
Lecture: 020141 - 知的財産法1, Spring Term, 2011
Lecture: 民法入門
Lecture: 量子力学A
Slide: quantummechaa8
Slide: quantummechaa9
Slide: quantummechaa2
Slide: quantummechaa5
Slide: quantummechaa10
Slide: quantummechaa1
Slide: quantummechaa7
Slide: quantummechaa3
Slide: quantummechaa4
Slide: quantummechaa11
Slide: quantummechaa6
Lecture: 020254 - 西洋法制史, Autumn Term, 2010
Slide: presentationno.10
Slide: presentationno.23
Slide: presentationno.21
Slide: presentationno.22
Slide: presentationno.3
Slide: presentationno.14
Slide: presentationno.16
Slide: presentationno.15
Slide: presentationno.2
Slide: presentationno.18
Slide: presentationno.19
Slide: presentationno.4
Slide: presentationno.8
Slide: presentationno.11
Slide: presentationno.1
Slide: presentationno.6
Slide: presentationno.7
Slide: presentationno.5
Slide: presentationno.9
Slide: presentationno.12
Slide: presentationno.20
Slide: presentationno.17
Slide: presentationno.24
Slide: presentationno.13
Lecture: 001036 - 現代哲学講義, Spring Term, 2007
Slide: tsumurashoji
Slide: contemporaryphilosophyno-2
Slide: tanakayusuke
Slide: contemporaryphilosophy_no-1
Slide: haradasuguru
Slide: iriyamaasuka
Lecture: バイオインフォマティクス
Slide: no-12-lecture-note
Slide: no-13-lecture-note
Slide: no-9-lecture-note
Lecture: 000006 - ロシア語文法, 2009
Lecture: 080171 - 数値計算法演習／バイオ情報解析演習, Spring Term, 2005
Lecture: 保険法
Lecture: 331005 - 情報技術と倫理, Spring Term, 2005
Slide: lecture-note
Lecture: 湯川秀樹博士関連資料
Slide: plate
Slide: yukawamemorialno1
Slide: postcard
Slide: calligraphy
Slide: yukawamemorialno2
Lecture: 哲学講義（2011年度）
Lecture: 331409 - システムインタフェース設計論, Spring Term, 2005
Slide: lecture-note-no-8
Slide: lecture-note-no-10
Slide: lecture-note-no-11
Slide: lecture-note-no-5
Slide: lecture-note-no-13
Slide: lecture-note-no-9
Lecture: 科学技術コミュニケーション入門
Slide: dr_sho_kasuga1
Slide: assocprof_hideyuki_hirakawa_1
Slide: dr_ekoh_yagi
Slide: professor_tadashi_kobayashi
Slide: assocprof_hideyuki_hirakawa_2
Lecture: 34622N - 保険法, Spring Term, 2010
Lecture: バイオテクノロジー・ファンダメンタルズ
Slide: dr-kanaya
Slide: dr-omasa
Slide: dr-suga1
Slide: dr-nihira-dr-kinoshita
Slide: dr-harashima1
Slide: dr-harashima3
Slide: dr-kobayashi
Slide: dr-harashima2
Slide: dr-shioya
Slide: dr-katakura
Slide: dr-kaneko
Slide: dr-shimizu
Slide: dr-yoshida-2
Slide: dr-yoshida-1
Slide: dr-suga2
Slide: dr-kishimoto
Lecture: 西洋美術史
Slide: lecturenote
Lecture: 情報技術と倫理
Slide: lecture-note
Lecture: 商法応用（総則・商行為法）
Lecture: 001017 - 哲学講義（2010年度）, Spring Term, 2010
Lecture: Fluid-Solid Multiphase Flow(J)
Slide: 2
Slide: 10
Slide: 4
Slide: 13-3
Slide: 6
Slide: 3
Slide: 5
Slide: 13-1
Slide: 7
Slide: 13-2
Slide: 8
Slide: 9
Slide: 1
Slide: 11-2
Slide: 12-1
Slide: 12-2
Slide: 11-1
Lecture: 001017 - 哲学講義（2011年度）, Spring Term, 2011
Lecture: 080190 - バイオインフォマティクス, Spring Term, 2005
Slide: no-12-lecture-note
Slide: no-13-lecture-note
Slide: no-9-lecture-note
Lecture: 分子変換化学（有機合成化学特論）
Slide: no-10
Slide: no-8
Slide: no-7
Slide: no1-4
Slide: no-13
Slide: no-11
Slide: no-1-7
Slide: no-12
Slide: no-9
Lecture: 34620N - 商法応用（総則・商行為法）, Spring Term, 2010
Lecture: 026002 - 民法入門
Lecture: 高周波集積回路設計
Slide: rf-no-6
Slide: rf-no-3
Slide: rf-no-7
Slide: rf-no-8
Slide: rf-no-9
Slide: rf-no-1
Slide: rf-no-5
Slide: rf-no-2
Slide: rf-no-10
Slide: rf-no-4
Lecture: 32 - Theory in Materials Science(J), Spring Term
Slide: no5
Slide: no2
Slide: no9
Slide: no8
Slide: no4
Slide: no7
Slide: no3
Slide: no10
Slide: no6
Slide: no1
Lecture: 331703 - 代謝情報工学, Spring Term, 2005
Slide: 2004no-2
Slide: 2005no3
Slide: 2005no6
Slide: 2004no-8
Slide: 2005no12
Slide: 2005no8
Slide: 2004no-10
Slide: 2004no-11
Slide: 2005no2
Slide: 2004no-9
Slide: 2004no-7
Slide: 2005no5
Slide: 2004no-5
Slide: 2005no9
Slide: 2005no1
Slide: 2004no-6
Slide: 2005no7
Slide: 2005no11
Slide: 2005no4
Slide: 2005no10
Lecture: システムインタフェース設計論
Slide: lecture-note-no-8
Slide: lecture-note-no-10
Slide: lecture-note-no-11
Slide: lecture-note-no-5
Slide: lecture-note-no-13
Slide: lecture-note-no-9
Lecture: 34204 - 商法１, Spring Term, 2007
Lecture: 300307 - 理論言語学研究A, Spring Term, 2010
Slide: 2010_Spring_5
Slide: 2010_Spring_3
Slide: 2010_Spring_4
Slide: 2010_Spring_1
Slide: 2010_Spring_2
Slide: 2010_Spring_6
Lecture: 哲学史講義-フランス近代哲学史概説
Slide: anonymous
Slide: arimasayuri
Slide: ohyabushinnosuke
Slide: kirikisakiko
Slide: tsumurashoji
Slide: takaiehiroyo
Slide: yamamotomasayuki
Slide: isakakaori
Slide: hirakawachikage
Slide: okuharoka
Slide: yasukawamiru
Slide: tohmurakuniaki
Slide: mizusakakumiko
Slide: miyoshitoshiko
Slide: kawaguchitakashi
Slide: okamotoshinsuke
Slide: takeuchisatoshi
Slide: haradasuguru
Slide: fukueseiishi
Slide: miyagawakohei
Lecture: 現代哲学講義
Slide: tsumurashoji
Slide: contemporaryphilosophyno-2
Slide: tanakayusuke
Slide: contemporaryphilosophy_no-1
Slide: haradasuguru
Slide: iriyamaasuka
Lecture: 商法１
Lecture: 080100 - 生物情報工学（マクロ生物学）, Autumn Term, 2005
Slide: no-10
Slide: no-4
Slide: no-8
Slide: no-5
Slide: no-7
Slide: no-1
Slide: no-13
Slide: no3
Slide: no-2
Slide: no-14
Slide: no-11
Slide: no-12
Slide: no-9
Lecture: アナログ集積回路設計
Slide: ic_devices_10
Slide: ic_devices_02
Slide: ic_devices_04
Slide: ic_devices_06
Slide: ic_devices_03
Slide: ic_devices_09
Slide: ic_devices_05
Slide: ic_devices_07
Slide: ic_devices_01
Slide: ic_devices_08
Lecture: 知的財産法1
Lecture: 西洋法制史
Slide: presentationno.10
Slide: presentationno.23
Slide: presentationno.21
Slide: presentationno.22
Slide: presentationno.3
Slide: presentationno.14
Slide: presentationno.16
Slide: presentationno.15
Slide: presentationno.2
Slide: presentationno.18
Slide: presentationno.19
Slide: presentationno.4
Slide: presentationno.8
Slide: presentationno.11
Slide: presentationno.1
Slide: presentationno.6
Slide: presentationno.7
Slide: presentationno.5
Slide: presentationno.9
Slide: presentationno.12
Slide: presentationno.20
Slide: presentationno.17
Slide: presentationno.24
Slide: presentationno.13
OCW: ocw.nagoya-u.jp
Lecture: 最終講義 - 学校臨床社会学の構想
Slide: 05siota_anzai
Slide: Fuerstenbrgs
Slide: knot
Slide: 14yamauchi
Slide: folding
Slide: Bertrand
Slide: 01maekawa
Slide: game
Slide: fractale
Slide: 03mori
Slide: Kaleidoscope
Lecture: 最終講義 - ロベルト・ユンクの２０世紀
Slide: 05siota_anzai
Slide: Fuerstenbrgs
Slide: knot
Slide: 14yamauchi
Slide: folding
Slide: Bertrand
Slide: 01maekawa
Slide: game
Slide: fractale
Slide: 03mori
Slide: Kaleidoscope
Lecture: 最終講義 - 今後の核融合研究への期待
Slide: 05siota_anzai
Slide: Fuerstenbrgs
Slide: knot
Slide: 14yamauchi
Slide: folding
Slide: Bertrand
Slide: 01maekawa
Slide: game
Slide: fractale
Slide: 03mori
Slide: Kaleidoscope
Lecture: 経済理論 I 
Slide: 05siota_anzai
Slide: Fuerstenbrgs
Slide: knot
Slide: 14yamauchi
Slide: folding
Slide: Bertrand
Slide: 01maekawa
Slide: game
Slide: fractale
Slide: 03mori
Slide: Kaleidoscope
Lecture: 最終講義 - 日本・スコットランド教育文化交流の諸相−明治日本とグラスゴウ−
Slide: 05siota_anzai
Slide: Fuerstenbrgs
Slide: knot
Slide: 14yamauchi
Slide: folding
Slide: Bertrand
Slide: 01maekawa
Slide: game
Slide: fractale
Slide: 03mori
Slide: Kaleidoscope
Lecture: 最終講義 - Interactions between Development Economics and the Japanese Economy : Retrospect and Prospect（開発経済学と日本経済をめぐって：回顧と展望）
Slide: 05siota_anzai
Slide: Fuerstenbrgs
Slide: knot
Slide: 14yamauchi
Slide: folding
Slide: Bertrand
Slide: 01maekawa
Slide: game
Slide: fractale
Slide: 03mori
Slide: Kaleidoscope
Lecture: 最終講義 - 生物とは何か?
Slide: 05siota_anzai
Slide: Fuerstenbrgs
Slide: knot
Slide: 14yamauchi
Slide: folding
Slide: Bertrand
Slide: 01maekawa
Slide: game
Slide: fractale
Slide: 03mori
Slide: Kaleidoscope
Lecture: 最終講義 - 新材料・新材料プロセスの開発
Slide: 05siota_anzai
Slide: Fuerstenbrgs
Slide: knot
Slide: 14yamauchi
Slide: folding
Slide: Bertrand
Slide: 01maekawa
Slide: game
Slide: fractale
Slide: 03mori
Slide: Kaleidoscope
Lecture: 住まいの見方
Slide: 05siota_anzai
Slide: Fuerstenbrgs
Slide: knot
Slide: 14yamauchi
Slide: folding
Slide: Bertrand
Slide: 01maekawa
Slide: game
Slide: fractale
Slide: 03mori
Slide: Kaleidoscope
Lecture: 最終講義 - やったこと、やれなかったこと、やらなかったこと−対照言語学と言語教育−
Slide: 05siota_anzai
Slide: Fuerstenbrgs
Slide: knot
Slide: 14yamauchi
Slide: folding
Slide: Bertrand
Slide: 01maekawa
Slide: game
Slide: fractale
Slide: 03mori
Slide: Kaleidoscope
Lecture: 「名大の授業について」
Slide: 05siota_anzai
Slide: Fuerstenbrgs
Slide: knot
Slide: 14yamauchi
Slide: folding
Slide: Bertrand
Slide: 01maekawa
Slide: game
Slide: fractale
Slide: 03mori
Slide: Kaleidoscope
Lecture: Gaussの和を計算してみよう
Slide: 05siota_anzai
Slide: Fuerstenbrgs
Slide: knot
Slide: 14yamauchi
Slide: folding
Slide: Bertrand
Slide: 01maekawa
Slide: game
Slide: fractale
Slide: 03mori
Slide: Kaleidoscope
Lecture: 最終講義 - 半導体電子デバイス研究40年
Slide: 05siota_anzai
Slide: Fuerstenbrgs
Slide: knot
Slide: 14yamauchi
Slide: folding
Slide: Bertrand
Slide: 01maekawa
Slide: game
Slide: fractale
Slide: 03mori
Slide: Kaleidoscope
Lecture: 計量経済 I
Slide: 05siota_anzai
Slide: Fuerstenbrgs
Slide: knot
Slide: 14yamauchi
Slide: folding
Slide: Bertrand
Slide: 01maekawa
Slide: game
Slide: fractale
Slide: 03mori
Slide: Kaleidoscope
Lecture: 最終講義 - タンパク質の研究に行き着くまで
Slide: 05siota_anzai
Slide: Fuerstenbrgs
Slide: knot
Slide: 14yamauchi
Slide: folding
Slide: Bertrand
Slide: 01maekawa
Slide: game
Slide: fractale
Slide: 03mori
Slide: Kaleidoscope
Lecture: 最終講義 - 分光の夢を追いつつ四拾年虹の七色未だ見えず
Slide: 05siota_anzai
Slide: Fuerstenbrgs
Slide: knot
Slide: 14yamauchi
Slide: folding
Slide: Bertrand
Slide: 01maekawa
Slide: game
Slide: fractale
Slide: 03mori
Slide: Kaleidoscope
Lecture: Academic Writing(A) - Logical Thinking Skills In Academic Writing
Slide: 05siota_anzai
Slide: Fuerstenbrgs
Slide: knot
Slide: 14yamauchi
Slide: folding
Slide: Bertrand
Slide: 01maekawa
Slide: game
Slide: fractale
Slide: 03mori
Slide: Kaleidoscope
Lecture: 最終講義 - 射影極限と帰納極限
Slide: 05siota_anzai
Slide: Fuerstenbrgs
Slide: knot
Slide: 14yamauchi
Slide: folding
Slide: Bertrand
Slide: 01maekawa
Slide: game
Slide: fractale
Slide: 03mori
Slide: Kaleidoscope
Lecture: 経営労務
Slide: 05siota_anzai
Slide: Fuerstenbrgs
Slide: knot
Slide: 14yamauchi
Slide: folding
Slide: Bertrand
Slide: 01maekawa
Slide: game
Slide: fractale
Slide: 03mori
Slide: Kaleidoscope
Lecture: 最終講義 - ショウジョウバエと共に28年
Slide: 05siota_anzai
Slide: Fuerstenbrgs
Slide: knot
Slide: 14yamauchi
Slide: folding
Slide: Bertrand
Slide: 01maekawa
Slide: game
Slide: fractale
Slide: 03mori
Slide: Kaleidoscope
Lecture: 物理工学序論
Slide: 05siota_anzai
Slide: Fuerstenbrgs
Slide: knot
Slide: 14yamauchi
Slide: folding
Slide: Bertrand
Slide: 01maekawa
Slide: game
Slide: fractale
Slide: 03mori
Slide: Kaleidoscope
Lecture: 環境行動論
Slide: 05siota_anzai
Slide: Fuerstenbrgs
Slide: knot
Slide: 14yamauchi
Slide: folding
Slide: Bertrand
Slide: 01maekawa
Slide: game
Slide: fractale
Slide: 03mori
Slide: Kaleidoscope
Lecture: 最終講義 - 西洋近世哲学と神
Slide: 05siota_anzai
Slide: Fuerstenbrgs
Slide: knot
Slide: 14yamauchi
Slide: folding
Slide: Bertrand
Slide: 01maekawa
Slide: game
Slide: fractale
Slide: 03mori
Slide: Kaleidoscope
Lecture: 先端文化思想論ab
Slide: 05siota_anzai
Slide: Fuerstenbrgs
Slide: knot
Slide: 14yamauchi
Slide: folding
Slide: Bertrand
Slide: 01maekawa
Slide: game
Slide: fractale
Slide: 03mori
Slide: Kaleidoscope
Lecture: 最終講義 - 色素異常症の基礎と悪性黒色腫の臨床
Slide: 05siota_anzai
Slide: Fuerstenbrgs
Slide: knot
Slide: 14yamauchi
Slide: folding
Slide: Bertrand
Slide: 01maekawa
Slide: game
Slide: fractale
Slide: 03mori
Slide: Kaleidoscope
Lecture: 科学・技術の哲学
Slide: 05siota_anzai
Slide: Fuerstenbrgs
Slide: knot
Slide: 14yamauchi
Slide: folding
Slide: Bertrand
Slide: 01maekawa
Slide: game
Slide: fractale
Slide: 03mori
Slide: Kaleidoscope
Lecture: 発達障害治療学及び実習
Slide: 05siota_anzai
Slide: Fuerstenbrgs
Slide: knot
Slide: 14yamauchi
Slide: folding
Slide: Bertrand
Slide: 01maekawa
Slide: game
Slide: fractale
Slide: 03mori
Slide: Kaleidoscope
Lecture: 森林環境人間学
Slide: 05siota_anzai
Slide: Fuerstenbrgs
Slide: knot
Slide: 14yamauchi
Slide: folding
Slide: Bertrand
Slide: 01maekawa
Slide: game
Slide: fractale
Slide: 03mori
Slide: Kaleidoscope
Lecture: Clinician at the crossroads
Slide: 05siota_anzai
Slide: Fuerstenbrgs
Slide: knot
Slide: 14yamauchi
Slide: folding
Slide: Bertrand
Slide: 01maekawa
Slide: game
Slide: fractale
Slide: 03mori
Slide: Kaleidoscope
Lecture: 最終講義 - 生き暮れて30有余年
Slide: 05siota_anzai
Slide: Fuerstenbrgs
Slide: knot
Slide: 14yamauchi
Slide: folding
Slide: Bertrand
Slide: 01maekawa
Slide: game
Slide: fractale
Slide: 03mori
Slide: Kaleidoscope
Lecture: 核医学診断技術学 I 
Slide: 05siota_anzai
Slide: Fuerstenbrgs
Slide: knot
Slide: 14yamauchi
Slide: folding
Slide: Bertrand
Slide: 01maekawa
Slide: game
Slide: fractale
Slide: 03mori
Slide: Kaleidoscope
Lecture: 中級フランス語2
Slide: 05siota_anzai
Slide: Fuerstenbrgs
Slide: knot
Slide: 14yamauchi
Slide: folding
Slide: Bertrand
Slide: 01maekawa
Slide: game
Slide: fractale
Slide: 03mori
Slide: Kaleidoscope
Lecture: こころの健康を維持する
Slide: 05siota_anzai
Slide: Fuerstenbrgs
Slide: knot
Slide: 14yamauchi
Slide: folding
Slide: Bertrand
Slide: 01maekawa
Slide: game
Slide: fractale
Slide: 03mori
Slide: Kaleidoscope
Lecture: 最終講義 - 環境放射能研究４０年
Slide: 05siota_anzai
Slide: Fuerstenbrgs
Slide: knot
Slide: 14yamauchi
Slide: folding
Slide: Bertrand
Slide: 01maekawa
Slide: game
Slide: fractale
Slide: 03mori
Slide: Kaleidoscope
Lecture: 人間発達の心理学（発達教育臨床基礎論）
Slide: 05siota_anzai
Slide: Fuerstenbrgs
Slide: knot
Slide: 14yamauchi
Slide: folding
Slide: Bertrand
Slide: 01maekawa
Slide: game
Slide: fractale
Slide: 03mori
Slide: Kaleidoscope
Lecture: 書く、のはいいが、イッタイ何のため？—サバイバルのための文章教室
Slide: 05siota_anzai
Slide: Fuerstenbrgs
Slide: knot
Slide: 14yamauchi
Slide: folding
Slide: Bertrand
Slide: 01maekawa
Slide: game
Slide: fractale
Slide: 03mori
Slide: Kaleidoscope
Lecture: 最終講義 - 植物で明るい未来を
Slide: 05siota_anzai
Slide: Fuerstenbrgs
Slide: knot
Slide: 14yamauchi
Slide: folding
Slide: Bertrand
Slide: 01maekawa
Slide: game
Slide: fractale
Slide: 03mori
Slide: Kaleidoscope
Lecture: フィンランド語文法
Slide: 05siota_anzai
Slide: Fuerstenbrgs
Slide: knot
Slide: 14yamauchi
Slide: folding
Slide: Bertrand
Slide: 01maekawa
Slide: game
Slide: fractale
Slide: 03mori
Slide: Kaleidoscope
Lecture: 最終講義 - 大学における研究開発の在り方一考察
Slide: 05siota_anzai
Slide: Fuerstenbrgs
Slide: knot
Slide: 14yamauchi
Slide: folding
Slide: Bertrand
Slide: 01maekawa
Slide: game
Slide: fractale
Slide: 03mori
Slide: Kaleidoscope
Lecture: 世界の中の日本語
Slide: 05siota_anzai
Slide: Fuerstenbrgs
Slide: knot
Slide: 14yamauchi
Slide: folding
Slide: Bertrand
Slide: 01maekawa
Slide: game
Slide: fractale
Slide: 03mori
Slide: Kaleidoscope
Lecture: 適応システム特論
Slide: 05siota_anzai
Slide: Fuerstenbrgs
Slide: knot
Slide: 14yamauchi
Slide: folding
Slide: Bertrand
Slide: 01maekawa
Slide: game
Slide: fractale
Slide: 03mori
Slide: Kaleidoscope
Lecture: 統計解析
Slide: 05siota_anzai
Slide: Fuerstenbrgs
Slide: knot
Slide: 14yamauchi
Slide: folding
Slide: Bertrand
Slide: 01maekawa
Slide: game
Slide: fractale
Slide: 03mori
Slide: Kaleidoscope
Lecture: 最終講義 - 失敗した事、やり残した事　−名古屋大学での19年
Slide: 05siota_anzai
Slide: Fuerstenbrgs
Slide: knot
Slide: 14yamauchi
Slide: folding
Slide: Bertrand
Slide: 01maekawa
Slide: game
Slide: fractale
Slide: 03mori
Slide: Kaleidoscope
Lecture: テラヘルツイメージングによる非破壊検査技術
Slide: 05siota_anzai
Slide: Fuerstenbrgs
Slide: knot
Slide: 14yamauchi
Slide: folding
Slide: Bertrand
Slide: 01maekawa
Slide: game
Slide: fractale
Slide: 03mori
Slide: Kaleidoscope
Lecture: 細胞の構造生物学
Slide: 05siota_anzai
Slide: Fuerstenbrgs
Slide: knot
Slide: 14yamauchi
Slide: folding
Slide: Bertrand
Slide: 01maekawa
Slide: game
Slide: fractale
Slide: 03mori
Slide: Kaleidoscope
Lecture: 最終講義 - 表見法理における帰責の構造
Slide: 05siota_anzai
Slide: Fuerstenbrgs
Slide: knot
Slide: 14yamauchi
Slide: folding
Slide: Bertrand
Slide: 01maekawa
Slide: game
Slide: fractale
Slide: 03mori
Slide: Kaleidoscope
Lecture: 最終講義 - 新聞は消えない
Slide: 05siota_anzai
Slide: Fuerstenbrgs
Slide: knot
Slide: 14yamauchi
Slide: folding
Slide: Bertrand
Slide: 01maekawa
Slide: game
Slide: fractale
Slide: 03mori
Slide: Kaleidoscope
Lecture: 英語（コミュニケーション）
Slide: 05siota_anzai
Slide: Fuerstenbrgs
Slide: knot
Slide: 14yamauchi
Slide: folding
Slide: Bertrand
Slide: 01maekawa
Slide: game
Slide: fractale
Slide: 03mori
Slide: Kaleidoscope
Lecture: 最終講義 - 物語学の課題
Slide: 05siota_anzai
Slide: Fuerstenbrgs
Slide: knot
Slide: 14yamauchi
Slide: folding
Slide: Bertrand
Slide: 01maekawa
Slide: game
Slide: fractale
Slide: 03mori
Slide: Kaleidoscope
Lecture: 最終講義 - 1兆分の1秒から30億年：光合成の分子システムとその進化
Slide: 05siota_anzai
Slide: Fuerstenbrgs
Slide: knot
Slide: 14yamauchi
Slide: folding
Slide: Bertrand
Slide: 01maekawa
Slide: game
Slide: fractale
Slide: 03mori
Slide: Kaleidoscope
Lecture: 最終講義 - 流れの科学
Slide: 05siota_anzai
Slide: Fuerstenbrgs
Slide: knot
Slide: 14yamauchi
Slide: folding
Slide: Bertrand
Slide: 01maekawa
Slide: game
Slide: fractale
Slide: 03mori
Slide: Kaleidoscope
Lecture: 地理学
Slide: 05siota_anzai
Slide: Fuerstenbrgs
Slide: knot
Slide: 14yamauchi
Slide: folding
Slide: Bertrand
Slide: 01maekawa
Slide: game
Slide: fractale
Slide: 03mori
Slide: Kaleidoscope
Lecture: 最終講義 - 原子核乾板と共に格闘して学んだこと
Slide: 05siota_anzai
Slide: Fuerstenbrgs
Slide: knot
Slide: 14yamauchi
Slide: folding
Slide: Bertrand
Slide: 01maekawa
Slide: game
Slide: fractale
Slide: 03mori
Slide: Kaleidoscope
Lecture: 経営学
Slide: 05siota_anzai
Slide: Fuerstenbrgs
Slide: knot
Slide: 14yamauchi
Slide: folding
Slide: Bertrand
Slide: 01maekawa
Slide: game
Slide: fractale
Slide: 03mori
Slide: Kaleidoscope
Lecture: E. ライントレースカーを作る
Slide: 05siota_anzai
Slide: Fuerstenbrgs
Slide: knot
Slide: 14yamauchi
Slide: folding
Slide: Bertrand
Slide: 01maekawa
Slide: game
Slide: fractale
Slide: 03mori
Slide: Kaleidoscope
Lecture: 最終講義 - ロードマップは科学の進展に役立つか
Slide: 05siota_anzai
Slide: Fuerstenbrgs
Slide: knot
Slide: 14yamauchi
Slide: folding
Slide: Bertrand
Slide: 01maekawa
Slide: game
Slide: fractale
Slide: 03mori
Slide: Kaleidoscope
Lecture: 最終講義 - 資金会計の国際的展開
Slide: 05siota_anzai
Slide: Fuerstenbrgs
Slide: knot
Slide: 14yamauchi
Slide: folding
Slide: Bertrand
Slide: 01maekawa
Slide: game
Slide: fractale
Slide: 03mori
Slide: Kaleidoscope
Lecture: 最終講義 - 動物に助けられて
Slide: 05siota_anzai
Slide: Fuerstenbrgs
Slide: knot
Slide: 14yamauchi
Slide: folding
Slide: Bertrand
Slide: 01maekawa
Slide: game
Slide: fractale
Slide: 03mori
Slide: Kaleidoscope
Lecture: 最終講義 - 授業分析の到達点と可能性
Slide: 05siota_anzai
Slide: Fuerstenbrgs
Slide: knot
Slide: 14yamauchi
Slide: folding
Slide: Bertrand
Slide: 01maekawa
Slide: game
Slide: fractale
Slide: 03mori
Slide: Kaleidoscope
Lecture: 統計物理学III
Slide: 05siota_anzai
Slide: Fuerstenbrgs
Slide: knot
Slide: 14yamauchi
Slide: folding
Slide: Bertrand
Slide: 01maekawa
Slide: game
Slide: fractale
Slide: 03mori
Slide: Kaleidoscope
Lecture: 日本語文法論b
Slide: 05siota_anzai
Slide: Fuerstenbrgs
Slide: knot
Slide: 14yamauchi
Slide: folding
Slide: Bertrand
Slide: 01maekawa
Slide: game
Slide: fractale
Slide: 03mori
Slide: Kaleidoscope
Lecture: 最終講義 - 時を超える「ひと」、「もの」、「こころ」
Slide: 05siota_anzai
Slide: Fuerstenbrgs
Slide: knot
Slide: 14yamauchi
Slide: folding
Slide: Bertrand
Slide: 01maekawa
Slide: game
Slide: fractale
Slide: 03mori
Slide: Kaleidoscope
Lecture: 量子化学II
Slide: 05siota_anzai
Slide: Fuerstenbrgs
Slide: knot
Slide: 14yamauchi
Slide: folding
Slide: Bertrand
Slide: 01maekawa
Slide: game
Slide: fractale
Slide: 03mori
Slide: Kaleidoscope
Lecture: 最終講義 - 医学物理士としての30年
Slide: 05siota_anzai
Slide: Fuerstenbrgs
Slide: knot
Slide: 14yamauchi
Slide: folding
Slide: Bertrand
Slide: 01maekawa
Slide: game
Slide: fractale
Slide: 03mori
Slide: Kaleidoscope
Lecture: 中級中国語2
Slide: 05siota_anzai
Slide: Fuerstenbrgs
Slide: knot
Slide: 14yamauchi
Slide: folding
Slide: Bertrand
Slide: 01maekawa
Slide: game
Slide: fractale
Slide: 03mori
Slide: Kaleidoscope
Lecture: 最終講義 - 死亡ゼロを達成した若年女性のがん−予防的管理と早期治療の軌跡−
Slide: 05siota_anzai
Slide: Fuerstenbrgs
Slide: knot
Slide: 14yamauchi
Slide: folding
Slide: Bertrand
Slide: 01maekawa
Slide: game
Slide: fractale
Slide: 03mori
Slide: Kaleidoscope
Lecture: 最終講義 - 環境科学への想い
Slide: 05siota_anzai
Slide: Fuerstenbrgs
Slide: knot
Slide: 14yamauchi
Slide: folding
Slide: Bertrand
Slide: 01maekawa
Slide: game
Slide: fractale
Slide: 03mori
Slide: Kaleidoscope
Lecture: 動物感覚情報学
Slide: 05siota_anzai
Slide: Fuerstenbrgs
Slide: knot
Slide: 14yamauchi
Slide: folding
Slide: Bertrand
Slide: 01maekawa
Slide: game
Slide: fractale
Slide: 03mori
Slide: Kaleidoscope
Lecture: A. 電子ブロックで体験する物理と研究最前線
Slide: 05siota_anzai
Slide: Fuerstenbrgs
Slide: knot
Slide: 14yamauchi
Slide: folding
Slide: Bertrand
Slide: 01maekawa
Slide: game
Slide: fractale
Slide: 03mori
Slide: Kaleidoscope
Lecture: 岩石学実験
Slide: 05siota_anzai
Slide: Fuerstenbrgs
Slide: knot
Slide: 14yamauchi
Slide: folding
Slide: Bertrand
Slide: 01maekawa
Slide: game
Slide: fractale
Slide: 03mori
Slide: Kaleidoscope
Lecture: 固体電子工学
Slide: 05siota_anzai
Slide: Fuerstenbrgs
Slide: knot
Slide: 14yamauchi
Slide: folding
Slide: Bertrand
Slide: 01maekawa
Slide: game
Slide: fractale
Slide: 03mori
Slide: Kaleidoscope
Lecture: 言語文化学方法論a：表象の領域—普遍的イメージの成立を巡って
Slide: 05siota_anzai
Slide: Fuerstenbrgs
Slide: knot
Slide: 14yamauchi
Slide: folding
Slide: Bertrand
Slide: 01maekawa
Slide: game
Slide: fractale
Slide: 03mori
Slide: Kaleidoscope
Lecture: これも数学!?結び目理論
Slide: 05siota_anzai
Slide: Fuerstenbrgs
Slide: knot
Slide: 14yamauchi
Slide: folding
Slide: Bertrand
Slide: 01maekawa
Slide: game
Slide: fractale
Slide: 03mori
Slide: Kaleidoscope
Lecture: フランス語1
Slide: 05siota_anzai
Slide: Fuerstenbrgs
Slide: knot
Slide: 14yamauchi
Slide: folding
Slide: Bertrand
Slide: 01maekawa
Slide: game
Slide: fractale
Slide: 03mori
Slide: Kaleidoscope
Lecture: 数理解析・計算機数学 I
Slide: 05siota_anzai
Slide: Fuerstenbrgs
Slide: knot
Slide: 14yamauchi
Slide: folding
Slide: Bertrand
Slide: 01maekawa
Slide: game
Slide: fractale
Slide: 03mori
Slide: Kaleidoscope
Lecture: メディアディスコース分析論
Slide: 05siota_anzai
Slide: Fuerstenbrgs
Slide: knot
Slide: 14yamauchi
Slide: folding
Slide: Bertrand
Slide: 01maekawa
Slide: game
Slide: fractale
Slide: 03mori
Slide: Kaleidoscope
Lecture: 最終講義 - 企業の研究、大学の教育
Slide: 05siota_anzai
Slide: Fuerstenbrgs
Slide: knot
Slide: 14yamauchi
Slide: folding
Slide: Bertrand
Slide: 01maekawa
Slide: game
Slide: fractale
Slide: 03mori
Slide: Kaleidoscope
Lecture: 最終講義 - 痛覚過敏の機構をめぐって歩いた15年−熱痛覚過敏から機械痛覚過敏へ−
Slide: 05siota_anzai
Slide: Fuerstenbrgs
Slide: knot
Slide: 14yamauchi
Slide: folding
Slide: Bertrand
Slide: 01maekawa
Slide: game
Slide: fractale
Slide: 03mori
Slide: Kaleidoscope
Lecture: 社会システム情報学特論
Slide: 05siota_anzai
Slide: Fuerstenbrgs
Slide: knot
Slide: 14yamauchi
Slide: folding
Slide: Bertrand
Slide: 01maekawa
Slide: game
Slide: fractale
Slide: 03mori
Slide: Kaleidoscope
Lecture: 最終講義 - 耳鼻咽喉科学の過去・現在・未来
Slide: 05siota_anzai
Slide: Fuerstenbrgs
Slide: knot
Slide: 14yamauchi
Slide: folding
Slide: Bertrand
Slide: 01maekawa
Slide: game
Slide: fractale
Slide: 03mori
Slide: Kaleidoscope
Lecture: 最終講義 - 超伝導、中性子散乱、そして物質物理開発
Slide: 05siota_anzai
Slide: Fuerstenbrgs
Slide: knot
Slide: 14yamauchi
Slide: folding
Slide: Bertrand
Slide: 01maekawa
Slide: game
Slide: fractale
Slide: 03mori
Slide: Kaleidoscope
Lecture: 最終講義 - 航空宇宙工学における流体力学の教育研究
Slide: 05siota_anzai
Slide: Fuerstenbrgs
Slide: knot
Slide: 14yamauchi
Slide: folding
Slide: Bertrand
Slide: 01maekawa
Slide: game
Slide: fractale
Slide: 03mori
Slide: Kaleidoscope
Lecture: 社会行動学講義
Slide: 05siota_anzai
Slide: Fuerstenbrgs
Slide: knot
Slide: 14yamauchi
Slide: folding
Slide: Bertrand
Slide: 01maekawa
Slide: game
Slide: fractale
Slide: 03mori
Slide: Kaleidoscope
Lecture: 微生物学3
Slide: 05siota_anzai
Slide: Fuerstenbrgs
Slide: knot
Slide: 14yamauchi
Slide: folding
Slide: Bertrand
Slide: 01maekawa
Slide: game
Slide: fractale
Slide: 03mori
Slide: Kaleidoscope
Lecture: 幾何学要論I　曲線と曲面の幾何
Slide: 05siota_anzai
Slide: Fuerstenbrgs
Slide: knot
Slide: 14yamauchi
Slide: folding
Slide: Bertrand
Slide: 01maekawa
Slide: game
Slide: fractale
Slide: 03mori
Slide: Kaleidoscope
Lecture: ホーム 
Slide: 05siota_anzai
Slide: Fuerstenbrgs
Slide: knot
Slide: 14yamauchi
Slide: folding
Slide: Bertrand
Slide: 01maekawa
Slide: game
Slide: fractale
Slide: 03mori
Slide: Kaleidoscope
Lecture: 最終講義 - 強相関電子系の光物性—ラマン散乱に魅せられて
Slide: 05siota_anzai
Slide: Fuerstenbrgs
Slide: knot
Slide: 14yamauchi
Slide: folding
Slide: Bertrand
Slide: 01maekawa
Slide: game
Slide: fractale
Slide: 03mori
Slide: Kaleidoscope
Lecture: 人間発達科学 I
Slide: 05siota_anzai
Slide: Fuerstenbrgs
Slide: knot
Slide: 14yamauchi
Slide: folding
Slide: Bertrand
Slide: 01maekawa
Slide: game
Slide: fractale
Slide: 03mori
Slide: Kaleidoscope
Lecture: 国内実地研修
Slide: 05siota_anzai
Slide: Fuerstenbrgs
Slide: knot
Slide: 14yamauchi
Slide: folding
Slide: Bertrand
Slide: 01maekawa
Slide: game
Slide: fractale
Slide: 03mori
Slide: Kaleidoscope
Lecture: 最終講義 - 市場と政府
Slide: 05siota_anzai
Slide: Fuerstenbrgs
Slide: knot
Slide: 14yamauchi
Slide: folding
Slide: Bertrand
Slide: 01maekawa
Slide: game
Slide: fractale
Slide: 03mori
Slide: Kaleidoscope
Lecture: 「21世紀における健康管理」を考える
Slide: 05siota_anzai
Slide: Fuerstenbrgs
Slide: knot
Slide: 14yamauchi
Slide: folding
Slide: Bertrand
Slide: 01maekawa
Slide: game
Slide: fractale
Slide: 03mori
Slide: Kaleidoscope
Lecture: 最終講義 - 動機づけ研究の歩みと到達点　〜さて、上がってきたのか、下がってきたのか〜
Slide: 05siota_anzai
Slide: Fuerstenbrgs
Slide: knot
Slide: 14yamauchi
Slide: folding
Slide: Bertrand
Slide: 01maekawa
Slide: game
Slide: fractale
Slide: 03mori
Slide: Kaleidoscope
Lecture: ごあいさつ
Slide: 05siota_anzai
Slide: Fuerstenbrgs
Slide: knot
Slide: 14yamauchi
Slide: folding
Slide: Bertrand
Slide: 01maekawa
Slide: game
Slide: fractale
Slide: 03mori
Slide: Kaleidoscope
Lecture: 心理行動科学実験演習9（観察法）
Slide: 05siota_anzai
Slide: Fuerstenbrgs
Slide: knot
Slide: 14yamauchi
Slide: folding
Slide: Bertrand
Slide: 01maekawa
Slide: game
Slide: fractale
Slide: 03mori
Slide: Kaleidoscope
Lecture: 最終講義 - 地球惑星科学における観測
Slide: 05siota_anzai
Slide: Fuerstenbrgs
Slide: knot
Slide: 14yamauchi
Slide: folding
Slide: Bertrand
Slide: 01maekawa
Slide: game
Slide: fractale
Slide: 03mori
Slide: Kaleidoscope
Lecture: 最終講義 - 地球惑星磁気圏のシミュレーション
Slide: 05siota_anzai
Slide: Fuerstenbrgs
Slide: knot
Slide: 14yamauchi
Slide: folding
Slide: Bertrand
Slide: 01maekawa
Slide: game
Slide: fractale
Slide: 03mori
Slide: Kaleidoscope
Lecture: 電気で安心!? 自動車の未来
Slide: 05siota_anzai
Slide: Fuerstenbrgs
Slide: knot
Slide: 14yamauchi
Slide: folding
Slide: Bertrand
Slide: 01maekawa
Slide: game
Slide: fractale
Slide: 03mori
Slide: Kaleidoscope
Lecture: 最終講義 - ロゲルギスト風に
Slide: 05siota_anzai
Slide: Fuerstenbrgs
Slide: knot
Slide: 14yamauchi
Slide: folding
Slide: Bertrand
Slide: 01maekawa
Slide: game
Slide: fractale
Slide: 03mori
Slide: Kaleidoscope
Lecture: 最終講義 - 光と大気の窓
Slide: 05siota_anzai
Slide: Fuerstenbrgs
Slide: knot
Slide: 14yamauchi
Slide: folding
Slide: Bertrand
Slide: 01maekawa
Slide: game
Slide: fractale
Slide: 03mori
Slide: Kaleidoscope
Lecture: 無機化学IV
Slide: 05siota_anzai
Slide: Fuerstenbrgs
Slide: knot
Slide: 14yamauchi
Slide: folding
Slide: Bertrand
Slide: 01maekawa
Slide: game
Slide: fractale
Slide: 03mori
Slide: Kaleidoscope
Lecture: 対照表現論II a,b
Slide: 05siota_anzai
Slide: Fuerstenbrgs
Slide: knot
Slide: 14yamauchi
Slide: folding
Slide: Bertrand
Slide: 01maekawa
Slide: game
Slide: fractale
Slide: 03mori
Slide: Kaleidoscope
Lecture: 応用言語学特殊研究b
Slide: 05siota_anzai
Slide: Fuerstenbrgs
Slide: knot
Slide: 14yamauchi
Slide: folding
Slide: Bertrand
Slide: 01maekawa
Slide: game
Slide: fractale
Slide: 03mori
Slide: Kaleidoscope
Lecture: 最終講義 - 森の生きものとともに
Slide: 05siota_anzai
Slide: Fuerstenbrgs
Slide: knot
Slide: 14yamauchi
Slide: folding
Slide: Bertrand
Slide: 01maekawa
Slide: game
Slide: fractale
Slide: 03mori
Slide: Kaleidoscope
Lecture: パワーエレクトロニクス
Slide: 05siota_anzai
Slide: Fuerstenbrgs
Slide: knot
Slide: 14yamauchi
Slide: folding
Slide: Bertrand
Slide: 01maekawa
Slide: game
Slide: fractale
Slide: 03mori
Slide: Kaleidoscope
Lecture: 現代日本の政治と行政
Slide: 05siota_anzai
Slide: Fuerstenbrgs
Slide: knot
Slide: 14yamauchi
Slide: folding
Slide: Bertrand
Slide: 01maekawa
Slide: game
Slide: fractale
Slide: 03mori
Slide: Kaleidoscope
Lecture: 水の環境学
Slide: 05siota_anzai
Slide: Fuerstenbrgs
Slide: knot
Slide: 14yamauchi
Slide: folding
Slide: Bertrand
Slide: 01maekawa
Slide: game
Slide: fractale
Slide: 03mori
Slide: Kaleidoscope
Lecture: ドイツ語1
Slide: 05siota_anzai
Slide: Fuerstenbrgs
Slide: knot
Slide: 14yamauchi
Slide: folding
Slide: Bertrand
Slide: 01maekawa
Slide: game
Slide: fractale
Slide: 03mori
Slide: Kaleidoscope
Lecture: 数学展望 II
Slide: 05siota_anzai
Slide: Fuerstenbrgs
Slide: knot
Slide: 14yamauchi
Slide: folding
Slide: Bertrand
Slide: 01maekawa
Slide: game
Slide: fractale
Slide: 03mori
Slide: Kaleidoscope
Lecture: 最終講義 - “自然に学ぶ”フィールドワーク40年
Slide: 05siota_anzai
Slide: Fuerstenbrgs
Slide: knot
Slide: 14yamauchi
Slide: folding
Slide: Bertrand
Slide: 01maekawa
Slide: game
Slide: fractale
Slide: 03mori
Slide: Kaleidoscope
Lecture: 計量経済II
Slide: 05siota_anzai
Slide: Fuerstenbrgs
Slide: knot
Slide: 14yamauchi
Slide: folding
Slide: Bertrand
Slide: 01maekawa
Slide: game
Slide: fractale
Slide: 03mori
Slide: Kaleidoscope
Lecture: だいじょうぶか！ 公教育 −人間発達と社会の持続的発展の視点から−
Slide: 05siota_anzai
Slide: Fuerstenbrgs
Slide: knot
Slide: 14yamauchi
Slide: folding
Slide: Bertrand
Slide: 01maekawa
Slide: game
Slide: fractale
Slide: 03mori
Slide: Kaleidoscope
Lecture: 最終講義 - 開発途上国の農学・農業・農村問題に取り組んで
Slide: 05siota_anzai
Slide: Fuerstenbrgs
Slide: knot
Slide: 14yamauchi
Slide: folding
Slide: Bertrand
Slide: 01maekawa
Slide: game
Slide: fractale
Slide: 03mori
Slide: Kaleidoscope
Lecture: 最終講義 - 宇宙天気研究をふり返って
Slide: 05siota_anzai
Slide: Fuerstenbrgs
Slide: knot
Slide: 14yamauchi
Slide: folding
Slide: Bertrand
Slide: 01maekawa
Slide: game
Slide: fractale
Slide: 03mori
Slide: Kaleidoscope
Lecture: 情報通信工学第2
Slide: 05siota_anzai
Slide: Fuerstenbrgs
Slide: knot
Slide: 14yamauchi
Slide: folding
Slide: Bertrand
Slide: 01maekawa
Slide: game
Slide: fractale
Slide: 03mori
Slide: Kaleidoscope
Lecture: 最終講義 - 破壊力学と材料−力学屋の材料強度学−
Slide: 05siota_anzai
Slide: Fuerstenbrgs
Slide: knot
Slide: 14yamauchi
Slide: folding
Slide: Bertrand
Slide: 01maekawa
Slide: game
Slide: fractale
Slide: 03mori
Slide: Kaleidoscope
Lecture: 複雑系プログラミング特論
Slide: 05siota_anzai
Slide: Fuerstenbrgs
Slide: knot
Slide: 14yamauchi
Slide: folding
Slide: Bertrand
Slide: 01maekawa
Slide: game
Slide: fractale
Slide: 03mori
Slide: Kaleidoscope
Lecture: 全学教養科目 - 留学生と日本〜異文化を通しての日本理解〜
Slide: 05siota_anzai
Slide: Fuerstenbrgs
Slide: knot
Slide: 14yamauchi
Slide: folding
Slide: Bertrand
Slide: 01maekawa
Slide: game
Slide: fractale
Slide: 03mori
Slide: Kaleidoscope
Lecture: 最終講義 - 電子顕微鏡による細胞内微細空間構造の解析:膜細胞骨格から核膜骨格へ
Slide: 05siota_anzai
Slide: Fuerstenbrgs
Slide: knot
Slide: 14yamauchi
Slide: folding
Slide: Bertrand
Slide: 01maekawa
Slide: game
Slide: fractale
Slide: 03mori
Slide: Kaleidoscope
Lecture: ベトナム語入門Ia、Ib
Slide: 05siota_anzai
Slide: Fuerstenbrgs
Slide: knot
Slide: 14yamauchi
Slide: folding
Slide: Bertrand
Slide: 01maekawa
Slide: game
Slide: fractale
Slide: 03mori
Slide: Kaleidoscope
Lecture: 対照表現論演習 I
Slide: 05siota_anzai
Slide: Fuerstenbrgs
Slide: knot
Slide: 14yamauchi
Slide: folding
Slide: Bertrand
Slide: 01maekawa
Slide: game
Slide: fractale
Slide: 03mori
Slide: Kaleidoscope
Lecture: スペイン語 1,2
Slide: 05siota_anzai
Slide: Fuerstenbrgs
Slide: knot
Slide: 14yamauchi
Slide: folding
Slide: Bertrand
Slide: 01maekawa
Slide: game
Slide: fractale
Slide: 03mori
Slide: Kaleidoscope
Lecture: 管理会計
Slide: 05siota_anzai
Slide: Fuerstenbrgs
Slide: knot
Slide: 14yamauchi
Slide: folding
Slide: Bertrand
Slide: 01maekawa
Slide: game
Slide: fractale
Slide: 03mori
Slide: Kaleidoscope
Lecture: 最終講義 - 「ニワトリ研究の世界の先達となれ」を目指して
Slide: 05siota_anzai
Slide: Fuerstenbrgs
Slide: knot
Slide: 14yamauchi
Slide: folding
Slide: Bertrand
Slide: 01maekawa
Slide: game
Slide: fractale
Slide: 03mori
Slide: Kaleidoscope
Lecture: 日本語教育方法論概説a
Slide: 05siota_anzai
Slide: Fuerstenbrgs
Slide: knot
Slide: 14yamauchi
Slide: folding
Slide: Bertrand
Slide: 01maekawa
Slide: game
Slide: fractale
Slide: 03mori
Slide: Kaleidoscope
Lecture: 非線形制御特論
Slide: 05siota_anzai
Slide: Fuerstenbrgs
Slide: knot
Slide: 14yamauchi
Slide: folding
Slide: Bertrand
Slide: 01maekawa
Slide: game
Slide: fractale
Slide: 03mori
Slide: Kaleidoscope
Lecture: 基礎セミナー - 遺伝子を使うと何がわかる？何ができる？
Slide: 05siota_anzai
Slide: Fuerstenbrgs
Slide: knot
Slide: 14yamauchi
Slide: folding
Slide: Bertrand
Slide: 01maekawa
Slide: game
Slide: fractale
Slide: 03mori
Slide: Kaleidoscope
Lecture: 古代国家と手工業
Slide: 05siota_anzai
Slide: Fuerstenbrgs
Slide: knot
Slide: 14yamauchi
Slide: folding
Slide: Bertrand
Slide: 01maekawa
Slide: game
Slide: fractale
Slide: 03mori
Slide: Kaleidoscope
Lecture: 最終講義 - 植物細胞の増殖と分化：コインの表と裏か？
Slide: 05siota_anzai
Slide: Fuerstenbrgs
Slide: knot
Slide: 14yamauchi
Slide: folding
Slide: Bertrand
Slide: 01maekawa
Slide: game
Slide: fractale
Slide: 03mori
Slide: Kaleidoscope
Lecture: 情報デバイス工学特論
Slide: 05siota_anzai
Slide: Fuerstenbrgs
Slide: knot
Slide: 14yamauchi
Slide: folding
Slide: Bertrand
Slide: 01maekawa
Slide: game
Slide: fractale
Slide: 03mori
Slide: Kaleidoscope
Lecture: おしらせ
Slide: 05siota_anzai
Slide: Fuerstenbrgs
Slide: knot
Slide: 14yamauchi
Slide: folding
Slide: Bertrand
Slide: 01maekawa
Slide: game
Slide: fractale
Slide: 03mori
Slide: Kaleidoscope
Lecture: 開発金融論
Slide: 05siota_anzai
Slide: Fuerstenbrgs
Slide: knot
Slide: 14yamauchi
Slide: folding
Slide: Bertrand
Slide: 01maekawa
Slide: game
Slide: fractale
Slide: 03mori
Slide: Kaleidoscope
Lecture: 環境政策論
Slide: 05siota_anzai
Slide: Fuerstenbrgs
Slide: knot
Slide: 14yamauchi
Slide: folding
Slide: Bertrand
Slide: 01maekawa
Slide: game
Slide: fractale
Slide: 03mori
Slide: Kaleidoscope
Lecture: 比較文学論a
Slide: 05siota_anzai
Slide: Fuerstenbrgs
Slide: knot
Slide: 14yamauchi
Slide: folding
Slide: Bertrand
Slide: 01maekawa
Slide: game
Slide: fractale
Slide: 03mori
Slide: Kaleidoscope
Lecture: 産業社会と企業
Slide: 05siota_anzai
Slide: Fuerstenbrgs
Slide: knot
Slide: 14yamauchi
Slide: folding
Slide: Bertrand
Slide: 01maekawa
Slide: game
Slide: fractale
Slide: 03mori
Slide: Kaleidoscope
Lecture: ジェンダーと文学b−日中のフェミニズム＼ジェンダー文学批評の流れ
Slide: 05siota_anzai
Slide: Fuerstenbrgs
Slide: knot
Slide: 14yamauchi
Slide: folding
Slide: Bertrand
Slide: 01maekawa
Slide: game
Slide: fractale
Slide: 03mori
Slide: Kaleidoscope
Lecture: 最終講義 - EPMAが拓いた岩石学
Slide: 05siota_anzai
Slide: Fuerstenbrgs
Slide: knot
Slide: 14yamauchi
Slide: folding
Slide: Bertrand
Slide: 01maekawa
Slide: game
Slide: fractale
Slide: 03mori
Slide: Kaleidoscope
Lecture: 最終講義 - 生物有機化学40年の展開
Slide: 05siota_anzai
Slide: Fuerstenbrgs
Slide: knot
Slide: 14yamauchi
Slide: folding
Slide: Bertrand
Slide: 01maekawa
Slide: game
Slide: fractale
Slide: 03mori
Slide: Kaleidoscope
Lecture: 生物学各論
Slide: 05siota_anzai
Slide: Fuerstenbrgs
Slide: knot
Slide: 14yamauchi
Slide: folding
Slide: Bertrand
Slide: 01maekawa
Slide: game
Slide: fractale
Slide: 03mori
Slide: Kaleidoscope
Lecture: 最終講義 - プラズマと核融合の未来〜実験と理論の狭間で〜
Slide: 05siota_anzai
Slide: Fuerstenbrgs
Slide: knot
Slide: 14yamauchi
Slide: folding
Slide: Bertrand
Slide: 01maekawa
Slide: game
Slide: fractale
Slide: 03mori
Slide: Kaleidoscope
Lecture: 最終講義 - 有機導体の研究をふりかえって
Slide: 05siota_anzai
Slide: Fuerstenbrgs
Slide: knot
Slide: 14yamauchi
Slide: folding
Slide: Bertrand
Slide: 01maekawa
Slide: game
Slide: fractale
Slide: 03mori
Slide: Kaleidoscope
Lecture: 最終講義 - 甲状腺学と三十三年間　研究を続ける切っ掛けとなったいくつかの出来事
Slide: 05siota_anzai
Slide: Fuerstenbrgs
Slide: knot
Slide: 14yamauchi
Slide: folding
Slide: Bertrand
Slide: 01maekawa
Slide: game
Slide: fractale
Slide: 03mori
Slide: Kaleidoscope
Lecture: 「モデル小説」から見るプライヴァシーの近代
Slide: 05siota_anzai
Slide: Fuerstenbrgs
Slide: knot
Slide: 14yamauchi
Slide: folding
Slide: Bertrand
Slide: 01maekawa
Slide: game
Slide: fractale
Slide: 03mori
Slide: Kaleidoscope
Lecture: 最終講義 - 建築計画の実践を通じて得たもの
Slide: 05siota_anzai
Slide: Fuerstenbrgs
Slide: knot
Slide: 14yamauchi
Slide: folding
Slide: Bertrand
Slide: 01maekawa
Slide: game
Slide: fractale
Slide: 03mori
Slide: Kaleidoscope
Lecture: メディアアート論
Slide: 05siota_anzai
Slide: Fuerstenbrgs
Slide: knot
Slide: 14yamauchi
Slide: folding
Slide: Bertrand
Slide: 01maekawa
Slide: game
Slide: fractale
Slide: 03mori
Slide: Kaleidoscope
Lecture: 最終講義 - 蛋白質間相互作用のおもしろさ、奥深さ：アクチン研究の現場から
Slide: 05siota_anzai
Slide: Fuerstenbrgs
Slide: knot
Slide: 14yamauchi
Slide: folding
Slide: Bertrand
Slide: 01maekawa
Slide: game
Slide: fractale
Slide: 03mori
Slide: Kaleidoscope
Lecture: 物質情報学2
Slide: 05siota_anzai
Slide: Fuerstenbrgs
Slide: knot
Slide: 14yamauchi
Slide: folding
Slide: Bertrand
Slide: 01maekawa
Slide: game
Slide: fractale
Slide: 03mori
Slide: Kaleidoscope
Lecture: 地球環境変動論（温暖化概論）
Slide: 05siota_anzai
Slide: Fuerstenbrgs
Slide: knot
Slide: 14yamauchi
Slide: folding
Slide: Bertrand
Slide: 01maekawa
Slide: game
Slide: fractale
Slide: 03mori
Slide: Kaleidoscope
Lecture: ロシア語2
Slide: 05siota_anzai
Slide: Fuerstenbrgs
Slide: knot
Slide: 14yamauchi
Slide: folding
Slide: Bertrand
Slide: 01maekawa
Slide: game
Slide: fractale
Slide: 03mori
Slide: Kaleidoscope
Lecture: 基礎セミナー - オペラの魔力とはなにか
Slide: 05siota_anzai
Slide: Fuerstenbrgs
Slide: knot
Slide: 14yamauchi
Slide: folding
Slide: Bertrand
Slide: 01maekawa
Slide: game
Slide: fractale
Slide: 03mori
Slide: Kaleidoscope
Lecture: 最終講義 - 海洋観測船・中性子回折・放射光化学…
Slide: 05siota_anzai
Slide: Fuerstenbrgs
Slide: knot
Slide: 14yamauchi
Slide: folding
Slide: Bertrand
Slide: 01maekawa
Slide: game
Slide: fractale
Slide: 03mori
Slide: Kaleidoscope
Lecture: 信号伝送検出理論特論
Slide: 05siota_anzai
Slide: Fuerstenbrgs
Slide: knot
Slide: 14yamauchi
Slide: folding
Slide: Bertrand
Slide: 01maekawa
Slide: game
Slide: fractale
Slide: 03mori
Slide: Kaleidoscope
Lecture: 基礎セミナー - 図書館情報リテラシー: 図書館と情報を使いこなす
Slide: 05siota_anzai
Slide: Fuerstenbrgs
Slide: knot
Slide: 14yamauchi
Slide: folding
Slide: Bertrand
Slide: 01maekawa
Slide: game
Slide: fractale
Slide: 03mori
Slide: Kaleidoscope
Lecture: 最終講義 - 経済政策の基礎
Slide: 05siota_anzai
Slide: Fuerstenbrgs
Slide: knot
Slide: 14yamauchi
Slide: folding
Slide: Bertrand
Slide: 01maekawa
Slide: game
Slide: fractale
Slide: 03mori
Slide: Kaleidoscope
Lecture: ドイツ語4
Slide: 05siota_anzai
Slide: Fuerstenbrgs
Slide: knot
Slide: 14yamauchi
Slide: folding
Slide: Bertrand
Slide: 01maekawa
Slide: game
Slide: fractale
Slide: 03mori
Slide: Kaleidoscope
Lecture: 基礎セミナー - 自然をみつめ，考える
Slide: 05siota_anzai
Slide: Fuerstenbrgs
Slide: knot
Slide: 14yamauchi
Slide: folding
Slide: Bertrand
Slide: 01maekawa
Slide: game
Slide: fractale
Slide: 03mori
Slide: Kaleidoscope
Lecture: 最終講義 - イオンビームを用いた物性改質及び分析
Slide: 05siota_anzai
Slide: Fuerstenbrgs
Slide: knot
Slide: 14yamauchi
Slide: folding
Slide: Bertrand
Slide: 01maekawa
Slide: game
Slide: fractale
Slide: 03mori
Slide: Kaleidoscope
Lecture: 最終講義 - 単結晶シリコンを対象としたマイクロ機械理工学研究
Slide: 05siota_anzai
Slide: Fuerstenbrgs
Slide: knot
Slide: 14yamauchi
Slide: folding
Slide: Bertrand
Slide: 01maekawa
Slide: game
Slide: fractale
Slide: 03mori
Slide: Kaleidoscope
Lecture: 情報メディア空間構成特論
Slide: 05siota_anzai
Slide: Fuerstenbrgs
Slide: knot
Slide: 14yamauchi
Slide: folding
Slide: Bertrand
Slide: 01maekawa
Slide: game
Slide: fractale
Slide: 03mori
Slide: Kaleidoscope
Lecture: 最終講義 - 赤松要と名古屋高等商業学校—雁行形態論の誕生とその展開に関する一試論—
Slide: 05siota_anzai
Slide: Fuerstenbrgs
Slide: knot
Slide: 14yamauchi
Slide: folding
Slide: Bertrand
Slide: 01maekawa
Slide: game
Slide: fractale
Slide: 03mori
Slide: Kaleidoscope
Lecture: 基礎セミナー − 食と健康
Slide: 05siota_anzai
Slide: Fuerstenbrgs
Slide: knot
Slide: 14yamauchi
Slide: folding
Slide: Bertrand
Slide: 01maekawa
Slide: game
Slide: fractale
Slide: 03mori
Slide: Kaleidoscope
Lecture: アルゴリズム
Slide: 05siota_anzai
Slide: Fuerstenbrgs
Slide: knot
Slide: 14yamauchi
Slide: folding
Slide: Bertrand
Slide: 01maekawa
Slide: game
Slide: fractale
Slide: 03mori
Slide: Kaleidoscope
Lecture: 最終講義 - 生物時計に魅せられて
Slide: 05siota_anzai
Slide: Fuerstenbrgs
Slide: knot
Slide: 14yamauchi
Slide: folding
Slide: Bertrand
Slide: 01maekawa
Slide: game
Slide: fractale
Slide: 03mori
Slide: Kaleidoscope
Lecture: 最終講義 - プラズマ物理と国際交流〜恩師、友との出会い、来し方を振り返る
Slide: 05siota_anzai
Slide: Fuerstenbrgs
Slide: knot
Slide: 14yamauchi
Slide: folding
Slide: Bertrand
Slide: 01maekawa
Slide: game
Slide: fractale
Slide: 03mori
Slide: Kaleidoscope
Lecture: 教育方法学講義 I —教育方法概論—
Slide: 05siota_anzai
Slide: Fuerstenbrgs
Slide: knot
Slide: 14yamauchi
Slide: folding
Slide: Bertrand
Slide: 01maekawa
Slide: game
Slide: fractale
Slide: 03mori
Slide: Kaleidoscope
Lecture: 消化器
Slide: 05siota_anzai
Slide: Fuerstenbrgs
Slide: knot
Slide: 14yamauchi
Slide: folding
Slide: Bertrand
Slide: 01maekawa
Slide: game
Slide: fractale
Slide: 03mori
Slide: Kaleidoscope
Lecture: 教育方法学講義 II —授業分析と教育の科学化—
Slide: 05siota_anzai
Slide: Fuerstenbrgs
Slide: knot
Slide: 14yamauchi
Slide: folding
Slide: Bertrand
Slide: 01maekawa
Slide: game
Slide: fractale
Slide: 03mori
Slide: Kaleidoscope
Lecture: 最終講義 - 白血病研究と私
Slide: 05siota_anzai
Slide: Fuerstenbrgs
Slide: knot
Slide: 14yamauchi
Slide: folding
Slide: Bertrand
Slide: 01maekawa
Slide: game
Slide: fractale
Slide: 03mori
Slide: Kaleidoscope
Lecture: 人間発達科学 I 
Slide: 05siota_anzai
Slide: Fuerstenbrgs
Slide: knot
Slide: 14yamauchi
Slide: folding
Slide: Bertrand
Slide: 01maekawa
Slide: game
Slide: fractale
Slide: 03mori
Slide: Kaleidoscope
Lecture: 最終講義 - プラズマ加熱電流駆動の時代に生きて
Slide: 05siota_anzai
Slide: Fuerstenbrgs
Slide: knot
Slide: 14yamauchi
Slide: folding
Slide: Bertrand
Slide: 01maekawa
Slide: game
Slide: fractale
Slide: 03mori
Slide: Kaleidoscope
Lecture: 最終講義 - こだわったこと　こだわらなかったこと
Slide: 05siota_anzai
Slide: Fuerstenbrgs
Slide: knot
Slide: 14yamauchi
Slide: folding
Slide: Bertrand
Slide: 01maekawa
Slide: game
Slide: fractale
Slide: 03mori
Slide: Kaleidoscope
Lecture: ジェンダーとセクシュアリティ
Slide: 05siota_anzai
Slide: Fuerstenbrgs
Slide: knot
Slide: 14yamauchi
Slide: folding
Slide: Bertrand
Slide: 01maekawa
Slide: game
Slide: fractale
Slide: 03mori
Slide: Kaleidoscope
Lecture: 民法 II
Slide: 05siota_anzai
Slide: Fuerstenbrgs
Slide: knot
Slide: 14yamauchi
Slide: folding
Slide: Bertrand
Slide: 01maekawa
Slide: game
Slide: fractale
Slide: 03mori
Slide: Kaleidoscope
Lecture: 最終講義 - 魯迅の小説『離婚』について
Slide: 05siota_anzai
Slide: Fuerstenbrgs
Slide: knot
Slide: 14yamauchi
Slide: folding
Slide: Bertrand
Slide: 01maekawa
Slide: game
Slide: fractale
Slide: 03mori
Slide: Kaleidoscope
Lecture: オートマトン・形式言語特論
Slide: 05siota_anzai
Slide: Fuerstenbrgs
Slide: knot
Slide: 14yamauchi
Slide: folding
Slide: Bertrand
Slide: 01maekawa
Slide: game
Slide: fractale
Slide: 03mori
Slide: Kaleidoscope
Lecture: 最終講義 - モデル理論からみた普通の数学
Slide: 05siota_anzai
Slide: Fuerstenbrgs
Slide: knot
Slide: 14yamauchi
Slide: folding
Slide: Bertrand
Slide: 01maekawa
Slide: game
Slide: fractale
Slide: 03mori
Slide: Kaleidoscope
Lecture: 第二言語習得研究概論a：第二言語習得研究の理解
Slide: 05siota_anzai
Slide: Fuerstenbrgs
Slide: knot
Slide: 14yamauchi
Slide: folding
Slide: Bertrand
Slide: 01maekawa
Slide: game
Slide: fractale
Slide: 03mori
Slide: Kaleidoscope
Lecture: 放射線計測学
Slide: 05siota_anzai
Slide: Fuerstenbrgs
Slide: knot
Slide: 14yamauchi
Slide: folding
Slide: Bertrand
Slide: 01maekawa
Slide: game
Slide: fractale
Slide: 03mori
Slide: Kaleidoscope
Lecture: 最終講義 - 黄疸との闘い40年
Slide: 05siota_anzai
Slide: Fuerstenbrgs
Slide: knot
Slide: 14yamauchi
Slide: folding
Slide: Bertrand
Slide: 01maekawa
Slide: game
Slide: fractale
Slide: 03mori
Slide: Kaleidoscope
Lecture: 固体力学
Slide: 05siota_anzai
Slide: Fuerstenbrgs
Slide: knot
Slide: 14yamauchi
Slide: folding
Slide: Bertrand
Slide: 01maekawa
Slide: game
Slide: fractale
Slide: 03mori
Slide: Kaleidoscope
Lecture: 最終講義 - 公共中間財がある場合の貿易理論の分析をめぐって
Slide: 05siota_anzai
Slide: Fuerstenbrgs
Slide: knot
Slide: 14yamauchi
Slide: folding
Slide: Bertrand
Slide: 01maekawa
Slide: game
Slide: fractale
Slide: 03mori
Slide: Kaleidoscope
Lecture: 最終講義 - 森林流域における水循環の解明を目指して
Slide: 05siota_anzai
Slide: Fuerstenbrgs
Slide: knot
Slide: 14yamauchi
Slide: folding
Slide: Bertrand
Slide: 01maekawa
Slide: game
Slide: fractale
Slide: 03mori
Slide: Kaleidoscope
Lecture: 人間形成学講義 III
Slide: 05siota_anzai
Slide: Fuerstenbrgs
Slide: knot
Slide: 14yamauchi
Slide: folding
Slide: Bertrand
Slide: 01maekawa
Slide: game
Slide: fractale
Slide: 03mori
Slide: Kaleidoscope
Lecture: 最終講義 - 学生と共に歩んだ研究生活
Slide: 05siota_anzai
Slide: Fuerstenbrgs
Slide: knot
Slide: 14yamauchi
Slide: folding
Slide: Bertrand
Slide: 01maekawa
Slide: game
Slide: fractale
Slide: 03mori
Slide: Kaleidoscope
Lecture: 生物学入門
Slide: 05siota_anzai
Slide: Fuerstenbrgs
Slide: knot
Slide: 14yamauchi
Slide: folding
Slide: Bertrand
Slide: 01maekawa
Slide: game
Slide: fractale
Slide: 03mori
Slide: Kaleidoscope
Lecture: 最終講義 - 歳月38年
Slide: 05siota_anzai
Slide: Fuerstenbrgs
Slide: knot
Slide: 14yamauchi
Slide: folding
Slide: Bertrand
Slide: 01maekawa
Slide: game
Slide: fractale
Slide: 03mori
Slide: Kaleidoscope
Lecture: 英語（リーディング）2
Slide: 05siota_anzai
Slide: Fuerstenbrgs
Slide: knot
Slide: 14yamauchi
Slide: folding
Slide: Bertrand
Slide: 01maekawa
Slide: game
Slide: fractale
Slide: 03mori
Slide: Kaleidoscope
Lecture: ミクロ経済学 II
Slide: 05siota_anzai
Slide: Fuerstenbrgs
Slide: knot
Slide: 14yamauchi
Slide: folding
Slide: Bertrand
Slide: 01maekawa
Slide: game
Slide: fractale
Slide: 03mori
Slide: Kaleidoscope
Lecture: 最終講義 - 人間のための画像処理
Slide: 05siota_anzai
Slide: Fuerstenbrgs
Slide: knot
Slide: 14yamauchi
Slide: folding
Slide: Bertrand
Slide: 01maekawa
Slide: game
Slide: fractale
Slide: 03mori
Slide: Kaleidoscope
Lecture: 最終講義 - 食品機能化学研究と共に
Slide: 05siota_anzai
Slide: Fuerstenbrgs
Slide: knot
Slide: 14yamauchi
Slide: folding
Slide: Bertrand
Slide: 01maekawa
Slide: game
Slide: fractale
Slide: 03mori
Slide: Kaleidoscope
Lecture: ドラマ研究概論b
Slide: 国際多元文化演習b
Lecture: 最終講義 - 化合物半導体—結晶成長からデバイスまで—
Slide: 05siota_anzai
Slide: Fuerstenbrgs
Slide: knot
Slide: 14yamauchi
Slide: folding
Slide: Bertrand
Slide: 01maekawa
Slide: game
Slide: fractale
Slide: 03mori
Slide: Kaleidoscope
Lecture: メディアの報道は信じられるか
Slide: 05siota_anzai
Slide: Fuerstenbrgs
Slide: knot
Slide: 14yamauchi
Slide: folding
Slide: Bertrand
Slide: 01maekawa
Slide: game
Slide: fractale
Slide: 03mori
Slide: Kaleidoscope
Lecture: 移動現象論
Slide: 05siota_anzai
Slide: Fuerstenbrgs
Slide: knot
Slide: 14yamauchi
Slide: folding
Slide: Bertrand
Slide: 01maekawa
Slide: game
Slide: fractale
Slide: 03mori
Slide: Kaleidoscope
Lecture: 機械創造設計製作
Slide: 05siota_anzai
Slide: Fuerstenbrgs
Slide: knot
Slide: 14yamauchi
Slide: folding
Slide: Bertrand
Slide: 01maekawa
Slide: game
Slide: fractale
Slide: 03mori
Slide: Kaleidoscope
Lecture: 中国西南の民族と歴史
Slide: 05siota_anzai
Slide: Fuerstenbrgs
Slide: knot
Slide: 14yamauchi
Slide: folding
Slide: Bertrand
Slide: 01maekawa
Slide: game
Slide: fractale
Slide: 03mori
Slide: Kaleidoscope
Lecture: 空間エネルギー制御論
Slide: 05siota_anzai
Slide: Fuerstenbrgs
Slide: knot
Slide: 14yamauchi
Slide: folding
Slide: Bertrand
Slide: 01maekawa
Slide: game
Slide: fractale
Slide: 03mori
Slide: Kaleidoscope
Lecture: 最終講義 - 電波で電離圏を探る
Slide: 05siota_anzai
Slide: Fuerstenbrgs
Slide: knot
Slide: 14yamauchi
Slide: folding
Slide: Bertrand
Slide: 01maekawa
Slide: game
Slide: fractale
Slide: 03mori
Slide: Kaleidoscope
Lecture: 最終講義 - お別れの言葉
Slide: 05siota_anzai
Slide: Fuerstenbrgs
Slide: knot
Slide: 14yamauchi
Slide: folding
Slide: Bertrand
Slide: 01maekawa
Slide: game
Slide: fractale
Slide: 03mori
Slide: Kaleidoscope
Lecture: 映像研究の方法I
Slide: 05siota_anzai
Slide: Fuerstenbrgs
Slide: knot
Slide: 14yamauchi
Slide: folding
Slide: Bertrand
Slide: 01maekawa
Slide: game
Slide: fractale
Slide: 03mori
Slide: Kaleidoscope
Lecture: 数理科学展望 I
Slide: 05siota_anzai
Slide: Fuerstenbrgs
Slide: knot
Slide: 14yamauchi
Slide: folding
Slide: Bertrand
Slide: 01maekawa
Slide: game
Slide: fractale
Slide: 03mori
Slide: Kaleidoscope
Lecture: B. エコロジーな発電装置を作ろう！ 
Slide: 05siota_anzai
Slide: Fuerstenbrgs
Slide: knot
Slide: 14yamauchi
Slide: folding
Slide: Bertrand
Slide: 01maekawa
Slide: game
Slide: fractale
Slide: 03mori
Slide: Kaleidoscope
Lecture: 最終講義 - 金属錯体の理論研究から還元系金属酵素活性中心の研究へ：出会いに恵まれて
Slide: 05siota_anzai
Slide: Fuerstenbrgs
Slide: knot
Slide: 14yamauchi
Slide: folding
Slide: Bertrand
Slide: 01maekawa
Slide: game
Slide: fractale
Slide: 03mori
Slide: Kaleidoscope
Lecture: 数学展望 I 
Slide: 05siota_anzai
Slide: Fuerstenbrgs
Slide: knot
Slide: 14yamauchi
Slide: folding
Slide: Bertrand
Slide: 01maekawa
Slide: game
Slide: fractale
Slide: 03mori
Slide: Kaleidoscope
Lecture: 教育社会学講義II
Slide: 05siota_anzai
Slide: Fuerstenbrgs
Slide: knot
Slide: 14yamauchi
Slide: folding
Slide: Bertrand
Slide: 01maekawa
Slide: game
Slide: fractale
Slide: 03mori
Slide: Kaleidoscope
Lecture: 最終講義 - 私の歩んできた道
Slide: 05siota_anzai
Slide: Fuerstenbrgs
Slide: knot
Slide: 14yamauchi
Slide: folding
Slide: Bertrand
Slide: 01maekawa
Slide: game
Slide: fractale
Slide: 03mori
Slide: Kaleidoscope
Lecture: 最終講義 - エミール・オルリクと浮世絵
Slide: 05siota_anzai
Slide: Fuerstenbrgs
Slide: knot
Slide: 14yamauchi
Slide: folding
Slide: Bertrand
Slide: 01maekawa
Slide: game
Slide: fractale
Slide: 03mori
Slide: Kaleidoscope
Lecture: 最終講義 - 二万人の視線を感じながら次の巨大地震に備える
Slide: 05siota_anzai
Slide: Fuerstenbrgs
Slide: knot
Slide: 14yamauchi
Slide: folding
Slide: Bertrand
Slide: 01maekawa
Slide: game
Slide: fractale
Slide: 03mori
Slide: Kaleidoscope
Lecture: 光・放射線化学
Slide: 05siota_anzai
Slide: Fuerstenbrgs
Slide: knot
Slide: 14yamauchi
Slide: folding
Slide: Bertrand
Slide: 01maekawa
Slide: game
Slide: fractale
Slide: 03mori
Slide: Kaleidoscope
Lecture: あたらしい学校建築—名大建築３年生が考える附属学校の校舎—
Slide: 05siota_anzai
Slide: Fuerstenbrgs
Slide: knot
Slide: 14yamauchi
Slide: folding
Slide: Bertrand
Slide: 01maekawa
Slide: game
Slide: fractale
Slide: 03mori
Slide: Kaleidoscope
Lecture: プレスリリース
Slide: 05siota_anzai
Slide: Fuerstenbrgs
Slide: knot
Slide: 14yamauchi
Slide: folding
Slide: Bertrand
Slide: 01maekawa
Slide: game
Slide: fractale
Slide: 03mori
Slide: Kaleidoscope
Lecture: 基礎セミナー - ボードゲームを究める
Slide: 05siota_anzai
Slide: Fuerstenbrgs
Slide: knot
Slide: 14yamauchi
Slide: folding
Slide: Bertrand
Slide: 01maekawa
Slide: game
Slide: fractale
Slide: 03mori
Slide: Kaleidoscope
Lecture: 最終講義 - Characters, character sheaves and beyond
Slide: 05siota_anzai
Slide: Fuerstenbrgs
Slide: knot
Slide: 14yamauchi
Slide: folding
Slide: Bertrand
Slide: 01maekawa
Slide: game
Slide: fractale
Slide: 03mori
Slide: Kaleidoscope
Lecture: 正多面体と群
Slide: 05siota_anzai
Slide: Fuerstenbrgs
Slide: knot
Slide: 14yamauchi
Slide: folding
Slide: Bertrand
Slide: 01maekawa
Slide: game
Slide: fractale
Slide: 03mori
Slide: Kaleidoscope
Lecture: 全学教養科目 - 名大の歴史をたどる
Slide: 05siota_anzai
Slide: Fuerstenbrgs
Slide: knot
Slide: 14yamauchi
Slide: folding
Slide: Bertrand
Slide: 01maekawa
Slide: game
Slide: fractale
Slide: 03mori
Slide: Kaleidoscope
Lecture: 最終講義 - 行動科学の隘路を探る道具としての眼球運動研究 
Slide: 05siota_anzai
Slide: Fuerstenbrgs
Slide: knot
Slide: 14yamauchi
Slide: folding
Slide: Bertrand
Slide: 01maekawa
Slide: game
Slide: fractale
Slide: 03mori
Slide: Kaleidoscope
Lecture: C. マイナスイオンでリフレッシュ！
Slide: 05siota_anzai
Slide: Fuerstenbrgs
Slide: knot
Slide: 14yamauchi
Slide: folding
Slide: Bertrand
Slide: 01maekawa
Slide: game
Slide: fractale
Slide: 03mori
Slide: Kaleidoscope
Lecture: 情報リテラシー
Slide: 05siota_anzai
Slide: Fuerstenbrgs
Slide: knot
Slide: 14yamauchi
Slide: folding
Slide: Bertrand
Slide: 01maekawa
Slide: game
Slide: fractale
Slide: 03mori
Slide: Kaleidoscope
Lecture: 地球環境学
Slide: 05siota_anzai
Slide: Fuerstenbrgs
Slide: knot
Slide: 14yamauchi
Slide: folding
Slide: Bertrand
Slide: 01maekawa
Slide: game
Slide: fractale
Slide: 03mori
Slide: Kaleidoscope
Lecture: ウイルス感染症と現代社会
Slide: 05siota_anzai
Slide: Fuerstenbrgs
Slide: knot
Slide: 14yamauchi
Slide: folding
Slide: Bertrand
Slide: 01maekawa
Slide: game
Slide: fractale
Slide: 03mori
Slide: Kaleidoscope
Lecture: 人体器官の構造（発生学）
Slide: 05siota_anzai
Slide: Fuerstenbrgs
Slide: knot
Slide: 14yamauchi
Slide: folding
Slide: Bertrand
Slide: 01maekawa
Slide: game
Slide: fractale
Slide: 03mori
Slide: Kaleidoscope
Lecture: 生物圏環境学1
Slide: 05siota_anzai
Slide: Fuerstenbrgs
Slide: knot
Slide: 14yamauchi
Slide: folding
Slide: Bertrand
Slide: 01maekawa
Slide: game
Slide: fractale
Slide: 03mori
Slide: Kaleidoscope
Lecture: メディア英語
Slide: 05siota_anzai
Slide: Fuerstenbrgs
Slide: knot
Slide: 14yamauchi
Slide: folding
Slide: Bertrand
Slide: 01maekawa
Slide: game
Slide: fractale
Slide: 03mori
Slide: Kaleidoscope
Lecture: 心理行動科学実験演習６（臨床事例研究法）
Slide: 05siota_anzai
Slide: Fuerstenbrgs
Slide: knot
Slide: 14yamauchi
Slide: folding
Slide: Bertrand
Slide: 01maekawa
Slide: game
Slide: fractale
Slide: 03mori
Slide: Kaleidoscope
Lecture: 最終講義 - 溶接ワイヤーから最新レーザ利用生産システムの開発まで40年
Slide: 05siota_anzai
Slide: Fuerstenbrgs
Slide: knot
Slide: 14yamauchi
Slide: folding
Slide: Bertrand
Slide: 01maekawa
Slide: game
Slide: fractale
Slide: 03mori
Slide: Kaleidoscope
Lecture: テクスト布置解釈学原論
Slide: 05siota_anzai
Slide: Fuerstenbrgs
Slide: knot
Slide: 14yamauchi
Slide: folding
Slide: Bertrand
Slide: 01maekawa
Slide: game
Slide: fractale
Slide: 03mori
Slide: Kaleidoscope
Lecture: 古代手工業生産史の考古学的研究—国分寺瓦を題材として—
Slide: 05siota_anzai
Slide: Fuerstenbrgs
Slide: knot
Slide: 14yamauchi
Slide: folding
Slide: Bertrand
Slide: 01maekawa
Slide: game
Slide: fractale
Slide: 03mori
Slide: Kaleidoscope
Lecture: 医工連携セミナー
Slide: 05siota_anzai
Slide: Fuerstenbrgs
Slide: knot
Slide: 14yamauchi
Slide: folding
Slide: Bertrand
Slide: 01maekawa
Slide: game
Slide: fractale
Slide: 03mori
Slide: Kaleidoscope
Lecture: 物理学実験
Slide: 05siota_anzai
Slide: Fuerstenbrgs
Slide: knot
Slide: 14yamauchi
Slide: folding
Slide: Bertrand
Slide: 01maekawa
Slide: game
Slide: fractale
Slide: 03mori
Slide: Kaleidoscope
Lecture: 情報と法
Slide: 05siota_anzai
Slide: Fuerstenbrgs
Slide: knot
Slide: 14yamauchi
Slide: folding
Slide: Bertrand
Slide: 01maekawa
Slide: game
Slide: fractale
Slide: 03mori
Slide: Kaleidoscope
Lecture: 情報リテラシー（文系）
Slide: 05siota_anzai
Slide: Fuerstenbrgs
Slide: knot
Slide: 14yamauchi
Slide: folding
Slide: Bertrand
Slide: 01maekawa
Slide: game
Slide: fractale
Slide: 03mori
Slide: Kaleidoscope
Lecture: 最終講義 - 火山植生の遷移とブナ科の比較生態の研究−八方美人とあぶはち取らずの人生−
Slide: 05siota_anzai
Slide: Fuerstenbrgs
Slide: knot
Slide: 14yamauchi
Slide: folding
Slide: Bertrand
Slide: 01maekawa
Slide: game
Slide: fractale
Slide: 03mori
Slide: Kaleidoscope
Lecture: 日本経済のこの一年間と今後の見通し
Slide: 05siota_anzai
Slide: Fuerstenbrgs
Slide: knot
Slide: 14yamauchi
Slide: folding
Slide: Bertrand
Slide: 01maekawa
Slide: game
Slide: fractale
Slide: 03mori
Slide: Kaleidoscope
Lecture: 最終講義 - 私の通信簿—大学人たり得たか—
Slide: 05siota_anzai
Slide: Fuerstenbrgs
Slide: knot
Slide: 14yamauchi
Slide: folding
Slide: Bertrand
Slide: 01maekawa
Slide: game
Slide: fractale
Slide: 03mori
Slide: Kaleidoscope
Lecture: 最終講義 - 健やかな老年期のために−住民検診からの提言−
Slide: 05siota_anzai
Slide: Fuerstenbrgs
Slide: knot
Slide: 14yamauchi
Slide: folding
Slide: Bertrand
Slide: 01maekawa
Slide: game
Slide: fractale
Slide: 03mori
Slide: Kaleidoscope
Lecture: 最終講義 - 「出会い　そして　数学」−微分方程式のNewton図形をめぐって−
Slide: 05siota_anzai
Slide: Fuerstenbrgs
Slide: knot
Slide: 14yamauchi
Slide: folding
Slide: Bertrand
Slide: 01maekawa
Slide: game
Slide: fractale
Slide: 03mori
Slide: Kaleidoscope
Lecture: 最終講義 - 十五年一睡の夢　未だ知らず一滴の水
Slide: 05siota_anzai
Slide: Fuerstenbrgs
Slide: knot
Slide: 14yamauchi
Slide: folding
Slide: Bertrand
Slide: 01maekawa
Slide: game
Slide: fractale
Slide: 03mori
Slide: Kaleidoscope
Lecture: 生物化学2
Slide: 05siota_anzai
Slide: Fuerstenbrgs
Slide: knot
Slide: 14yamauchi
Slide: folding
Slide: Bertrand
Slide: 01maekawa
Slide: game
Slide: fractale
Slide: 03mori
Slide: Kaleidoscope
Lecture: 遺伝と遺伝子
Slide: 05siota_anzai
Slide: Fuerstenbrgs
Slide: knot
Slide: 14yamauchi
Slide: folding
Slide: Bertrand
Slide: 01maekawa
Slide: game
Slide: fractale
Slide: 03mori
Slide: Kaleidoscope
Lecture: 実験音声学基礎
Slide: 05siota_anzai
Slide: Fuerstenbrgs
Slide: knot
Slide: 14yamauchi
Slide: folding
Slide: Bertrand
Slide: 01maekawa
Slide: game
Slide: fractale
Slide: 03mori
Slide: Kaleidoscope
Lecture: 連分数の不思議な世界
Slide: 05siota_anzai
Slide: Fuerstenbrgs
Slide: knot
Slide: 14yamauchi
Slide: folding
Slide: Bertrand
Slide: 01maekawa
Slide: game
Slide: fractale
Slide: 03mori
Slide: Kaleidoscope
Lecture: 最終講義 - メダカに明け、メダカに暮れ
Slide: 05siota_anzai
Slide: Fuerstenbrgs
Slide: knot
Slide: 14yamauchi
Slide: folding
Slide: Bertrand
Slide: 01maekawa
Slide: game
Slide: fractale
Slide: 03mori
Slide: Kaleidoscope
Lecture: 図形をドミノで敷き詰める
Slide: 05siota_anzai
Slide: Fuerstenbrgs
Slide: knot
Slide: 14yamauchi
Slide: folding
Slide: Bertrand
Slide: 01maekawa
Slide: game
Slide: fractale
Slide: 03mori
Slide: Kaleidoscope
Lecture: 計算情報学 I
Slide: 05siota_anzai
Slide: Fuerstenbrgs
Slide: knot
Slide: 14yamauchi
Slide: folding
Slide: Bertrand
Slide: 01maekawa
Slide: game
Slide: fractale
Slide: 03mori
Slide: Kaleidoscope
Lecture: 心理行動科学実験演習3（検査・測定法）
Slide: 05siota_anzai
Slide: Fuerstenbrgs
Slide: knot
Slide: 14yamauchi
Slide: folding
Slide: Bertrand
Slide: 01maekawa
Slide: game
Slide: fractale
Slide: 03mori
Slide: Kaleidoscope
Lecture: 基礎セミナーA
Slide: 05siota_anzai
Slide: Fuerstenbrgs
Slide: knot
Slide: 14yamauchi
Slide: folding
Slide: Bertrand
Slide: 01maekawa
Slide: game
Slide: fractale
Slide: 03mori
Slide: Kaleidoscope
Lecture: 資源植物環境学
Slide: 05siota_anzai
Slide: Fuerstenbrgs
Slide: knot
Slide: 14yamauchi
Slide: folding
Slide: Bertrand
Slide: 01maekawa
Slide: game
Slide: fractale
Slide: 03mori
Slide: Kaleidoscope
Lecture: 物理学基礎 I 
Slide: 05siota_anzai
Slide: Fuerstenbrgs
Slide: knot
Slide: 14yamauchi
Slide: folding
Slide: Bertrand
Slide: 01maekawa
Slide: game
Slide: fractale
Slide: 03mori
Slide: Kaleidoscope
Lecture: 最終講義 - モジュラスの花園−巨人の肩の上で−
Slide: 05siota_anzai
Slide: Fuerstenbrgs
Slide: knot
Slide: 14yamauchi
Slide: folding
Slide: Bertrand
Slide: 01maekawa
Slide: game
Slide: fractale
Slide: 03mori
Slide: Kaleidoscope
Lecture: 地球環境学2
Slide: 05siota_anzai
Slide: Fuerstenbrgs
Slide: knot
Slide: 14yamauchi
Slide: folding
Slide: Bertrand
Slide: 01maekawa
Slide: game
Slide: fractale
Slide: 03mori
Slide: Kaleidoscope
Lecture: 最終講義 - 麻薬学への道しるべ
Slide: 05siota_anzai
Slide: Fuerstenbrgs
Slide: knot
Slide: 14yamauchi
Slide: folding
Slide: Bertrand
Slide: 01maekawa
Slide: game
Slide: fractale
Slide: 03mori
Slide: Kaleidoscope
Lecture: 海外実地研修
Slide: 05siota_anzai
Slide: Fuerstenbrgs
Slide: knot
Slide: 14yamauchi
Slide: folding
Slide: Bertrand
Slide: 01maekawa
Slide: game
Slide: fractale
Slide: 03mori
Slide: Kaleidoscope
Lecture: ジェンダーと経済a,b
Slide: 05siota_anzai
Slide: Fuerstenbrgs
Slide: knot
Slide: 14yamauchi
Slide: folding
Slide: Bertrand
Slide: 01maekawa
Slide: game
Slide: fractale
Slide: 03mori
Slide: Kaleidoscope
Lecture: 最終講義 - 我々に求められるprofessionalismとは？
Slide: 05siota_anzai
Slide: Fuerstenbrgs
Slide: knot
Slide: 14yamauchi
Slide: folding
Slide: Bertrand
Slide: 01maekawa
Slide: game
Slide: fractale
Slide: 03mori
Slide: Kaleidoscope
Lecture: 刑事訴訟法
Slide: 05siota_anzai
Slide: Fuerstenbrgs
Slide: knot
Slide: 14yamauchi
Slide: folding
Slide: Bertrand
Slide: 01maekawa
Slide: game
Slide: fractale
Slide: 03mori
Slide: Kaleidoscope
Lecture: 英語(アカデミック・ライティング) II
Slide: 05siota_anzai
Slide: Fuerstenbrgs
Slide: knot
Slide: 14yamauchi
Slide: folding
Slide: Bertrand
Slide: 01maekawa
Slide: game
Slide: fractale
Slide: 03mori
Slide: Kaleidoscope
Lecture: 離散数学及び演習
Slide: 05siota_anzai
Slide: Fuerstenbrgs
Slide: knot
Slide: 14yamauchi
Slide: folding
Slide: Bertrand
Slide: 01maekawa
Slide: game
Slide: fractale
Slide: 03mori
Slide: Kaleidoscope
Lecture: 豊かに年をとっていくための知識：医療、栄養、運動
Slide: 05siota_anzai
Slide: Fuerstenbrgs
Slide: knot
Slide: 14yamauchi
Slide: folding
Slide: Bertrand
Slide: 01maekawa
Slide: game
Slide: fractale
Slide: 03mori
Slide: Kaleidoscope
Lecture: マイクロマシン〜ミリ・マイクロ・ナノ世界のためのものつくり
Slide: 05siota_anzai
Slide: Fuerstenbrgs
Slide: knot
Slide: 14yamauchi
Slide: folding
Slide: Bertrand
Slide: 01maekawa
Slide: game
Slide: fractale
Slide: 03mori
Slide: Kaleidoscope
Lecture: 日中比較文化論ab—古代日本と外来文化
Slide: 05siota_anzai
Slide: Fuerstenbrgs
Slide: knot
Slide: 14yamauchi
Slide: folding
Slide: Bertrand
Slide: 01maekawa
Slide: game
Slide: fractale
Slide: 03mori
Slide: Kaleidoscope
Lecture: 宇宙物理学γ (宇宙論)
Slide: 05siota_anzai
Slide: Fuerstenbrgs
Slide: knot
Slide: 14yamauchi
Slide: folding
Slide: Bertrand
Slide: 01maekawa
Slide: game
Slide: fractale
Slide: 03mori
Slide: Kaleidoscope
Lecture: 電磁気学 I
Slide: 05siota_anzai
Slide: Fuerstenbrgs
Slide: knot
Slide: 14yamauchi
Slide: folding
Slide: Bertrand
Slide: 01maekawa
Slide: game
Slide: fractale
Slide: 03mori
Slide: Kaleidoscope
Lecture: 物理環境設計学
Slide: 05siota_anzai
Slide: Fuerstenbrgs
Slide: knot
Slide: 14yamauchi
Slide: folding
Slide: Bertrand
Slide: 01maekawa
Slide: game
Slide: fractale
Slide: 03mori
Slide: Kaleidoscope
Lecture: 先端分野総合研究(外国人と法)
Slide: 05siota_anzai
Slide: Fuerstenbrgs
Slide: knot
Slide: 14yamauchi
Slide: folding
Slide: Bertrand
Slide: 01maekawa
Slide: game
Slide: fractale
Slide: 03mori
Slide: Kaleidoscope
Lecture: 医療事故対応と医療安全管理
Slide: 05siota_anzai
Slide: Fuerstenbrgs
Slide: knot
Slide: 14yamauchi
Slide: folding
Slide: Bertrand
Slide: 01maekawa
Slide: game
Slide: fractale
Slide: 03mori
Slide: Kaleidoscope
Lecture: 最終講義 - 免疫応答とトリプトファン代謝
Slide: 05siota_anzai
Slide: Fuerstenbrgs
Slide: knot
Slide: 14yamauchi
Slide: folding
Slide: Bertrand
Slide: 01maekawa
Slide: game
Slide: fractale
Slide: 03mori
Slide: Kaleidoscope
Lecture: 比較文化論
Slide: 05siota_anzai
Slide: Fuerstenbrgs
Slide: knot
Slide: 14yamauchi
Slide: folding
