filename: economics2b6_02
xmlFile: /Users/admin/ocwslidedata/ocw.kyoto-u.ac.jp/005-002-（〜2010年）経済学IIB/economics2b6_02/slide.xml
dir: /Users/admin/ocwslidedata/ocw.kyoto-u.ac.jp/005-002-（〜2010年）経済学IIB/economics2b6_02
XML:
<presentation language="ja"><slide page="1"><body><p></p></body></slide><slide page="2"><body><p></p></body></slide><slide page="3"><body><p></p></body></slide><slide page="4"><body><p></p></body></slide><slide page="5"><body><p></p></body></slide><slide page="6"><body><p></p></body></slide><slide page="7"><body><p></p></body></slide><slide page="8"><body><p></p></body></slide><slide page="9"><body><p></p></body></slide><slide page="10"><body><p></p></body></slide><slide page="11"><body><p></p></body></slide><slide page="12"><body><p></p></body></slide><slide page="13"><body><p></p></body></slide></presentation>
ページ: 1 -----
<slide page="1"><body><p></p></body></slide>
in Sheet Class, page: 1
title = ""
body = "<p></p>"
makeWordArrayJp
paragraph: 
ページ: 2 -----
<slide page="2"><body><p></p></body></slide>
in Sheet Class, page: 2
title = ""
body = "<p></p>"
makeWordArrayJp
paragraph: 
ページ: 3 -----
<slide page="3"><body><p></p></body></slide>
in Sheet Class, page: 3
title = ""
body = "<p></p>"
makeWordArrayJp
paragraph: 
ページ: 4 -----
<slide page="4"><body><p></p></body></slide>
in Sheet Class, page: 4
title = ""
body = "<p></p>"
makeWordArrayJp
paragraph: 
ページ: 5 -----
<slide page="5"><body><p></p></body></slide>
in Sheet Class, page: 5
title = ""
body = "<p></p>"
makeWordArrayJp
paragraph: 
ページ: 6 -----
<slide page="6"><body><p></p></body></slide>
in Sheet Class, page: 6
title = ""
body = "<p></p>"
makeWordArrayJp
paragraph: 
ページ: 7 -----
<slide page="7"><body><p></p></body></slide>
in Sheet Class, page: 7
title = ""
body = "<p></p>"
makeWordArrayJp
paragraph: 
ページ: 8 -----
<slide page="8"><body><p></p></body></slide>
in Sheet Class, page: 8
title = ""
body = "<p></p>"
makeWordArrayJp
paragraph: 
ページ: 9 -----
<slide page="9"><body><p></p></body></slide>
in Sheet Class, page: 9
title = ""
body = "<p></p>"
makeWordArrayJp
paragraph: 
ページ: 10 -----
<slide page="10"><body><p></p></body></slide>
in Sheet Class, page: 10
title = ""
body = "<p></p>"
makeWordArrayJp
paragraph: 
ページ: 11 -----
<slide page="11"><body><p></p></body></slide>
in Sheet Class, page: 11
title = ""
body = "<p></p>"
makeWordArrayJp
paragraph: 
ページ: 12 -----
<slide page="12"><body><p></p></body></slide>
in Sheet Class, page: 12
title = ""
body = "<p></p>"
makeWordArrayJp
paragraph: 
ページ: 13 -----
<slide page="13"><body><p></p></body></slide>
in Sheet Class, page: 13
title = ""
body = "<p></p>"
makeWordArrayJp
paragraph: 
