Webブラウザ(3)
参照モデル(1)
通信プロトコル(3)
メールソフト(2)
USBメモリ(1)
Webサーバ(2)
電子メール(3)
Webサイト(1)
電子メールアドレス(1)
FTPサーバ(2)
FTPクライアント(2)
情報技術(2)
{ 1 } { 2 } { 3 } { 4 } { 5 } { 6 } { 7 } { 8 } { 9 } { 10 } { 11 } 
Segment{ 2 }, Segment{ 3 }
コサイン類似度: 0.0
Segment{ 3 }, Segment{ 4 }
コサイン類似度: 0.0
Segment{ 4 }, Segment{ 5 }
コサイン類似度: 0.0
Segment{ 5 }, Segment{ 6 }
コサイン類似度: 0.4504233036389041
Segment{ 6 }, Segment{ 7 }
コサイン類似度: 0.0
Segment{ 7 }, Segment{ 8 }
コサイン類似度: 0.4082482904638631
Segment{ 8 }, Segment{ 9 }
コサイン類似度: 0.0
Segment{ 9 }, Segment{ 10 }
コサイン類似度: 0.4073065399812784
Segment{ 10 }, Segment{ 11 }
コサイン類似度: 0.0
Webブラウザ(2)
参照モデル(1)
通信プロトコル(3)
メールソフト(2)
USBメモリ(1)
Webサーバ(1)
電子メール(3)
Webサイト(1)
電子メールアドレス(1)
FTPサーバ(2)
FTPクライアント(2)
情報技術(2)
{ 1 } { 2 } { 3 } { 4 } { 5 6 } { 7 } { 8 } { 9 } { 10 } { 11 } 
Segment{ 2 }, Segment{ 3 }
コサイン類似度: 0.0
Segment{ 3 }, Segment{ 4 }
コサイン類似度: 0.0
Segment{ 4 }, Segment{ 5 6 }
コサイン類似度: 0.0
Segment{ 5 6 }, Segment{ 7 }
コサイン類似度: 0.0
Segment{ 7 }, Segment{ 8 }
コサイン類似度: 0.4082482904638631
Segment{ 8 }, Segment{ 9 }
コサイン類似度: 0.0
Segment{ 9 }, Segment{ 10 }
コサイン類似度: 0.4073065399812784
Segment{ 10 }, Segment{ 11 }
コサイン類似度: 0.0
Webブラウザ(2)
参照モデル(1)
通信プロトコル(3)
メールソフト(2)
USBメモリ(1)
Webサーバ(1)
電子メール(3)
Webサイト(1)
電子メールアドレス(1)
FTPサーバ(1)
FTPクライアント(2)
情報技術(2)
{ 1 } { 2 } { 3 } { 4 } { 5 6 } { 7 8 } { 9 } { 10 } { 11 } 
Segment{ 2 }, Segment{ 3 }
コサイン類似度: 0.0
Segment{ 3 }, Segment{ 4 }
コサイン類似度: 0.0
Segment{ 4 }, Segment{ 5 6 }
コサイン類似度: 0.0
Segment{ 7 8 }, Segment{ 9 }
コサイン類似度: 0.0
Segment{ 9 }, Segment{ 10 }
コサイン類似度: 0.4073065399812784
Segment{ 10 }, Segment{ 11 }
コサイン類似度: 0.0
Webブラウザ(2)
参照モデル(1)
通信プロトコル(2)
メールソフト(2)
USBメモリ(1)
Webサーバ(1)
電子メール(3)
Webサイト(1)
電子メールアドレス(1)
FTPサーバ(1)
FTPクライアント(2)
情報技術(2)
{ 1 } { 2 } { 3 } { 4 } { 5 6 } { 7 8 } { 9 10 } { 11 } 
Segment{ 2 }, Segment{ 3 }
コサイン類似度: 0.0
Segment{ 3 }, Segment{ 4 }
コサイン類似度: 0.0
Segment{ 4 }, Segment{ 5 6 }
コサイン類似度: 0.0
Segment{ 9 10 }, Segment{ 11 }
コサイン類似度: 0.17541160386140583
Webブラウザ(2)
参照モデル(1)
通信プロトコル(2)
メールソフト(2)
USBメモリ(1)
Webサーバ(1)
電子メール(2)
Webサイト(1)
電子メールアドレス(1)
FTPサーバ(1)
FTPクライアント(2)
情報技術(2)
{ 1 } { 2 } { 3 } { 4 } { 5 6 } { 7 8 } { 9 10 11 } 
Segment{ 2 }, Segment{ 3 }
コサイン類似度: 0.0
Segment{ 3 }, Segment{ 4 }
コサイン類似度: 0.0
Segment{ 4 }, Segment{ 5 6 }
コサイン類似度: 0.0
awareness(1)
ソフトウエア(2)
swf(1)
info(2)
Mailz(1)
今回(1)
終了(1)
torao(1)
メッセージ(1)
セキュリティ(1)
ring(1)
参考(2)
services(1)
課題(1)
Hypertext(1)
or(1)
開始(1)
サーバ(3)
イメージ(1)
POP(1)
応用(1)
参加(1)
メモリ(1)
コンテンツ(1)
Active(1)
紹介(1)
参照(3)
基本(1)
http(4)
演習(3)
Access(1)
gr(1)
Internet(2)
go(1)
転送(2)
ソフト(2)
/~(3)
transware(1)
ファイル(3)
メールアドレス(2)
機能(1)
部分(1)
インターネット(4)
org(1)
net(1)
anonymous(1)
使用(3)
現代(1)
Post(1)
環境(1)
匿名(1)
リクエスト(1)
特定(1)
ブラウザ(2)
研究(1)
URL(1)
wiki(1)
FTP(3)
クライアント(3)
Message(1)
IMAP(1)
作業(1)
OS(1)
もの(2)
mots(1)
web(1)
アプリケーション(3)
管理(1)
ユーザ(1)
サイト(1)
product(1)
文化(1)
USB(1)
ne(1)
wikipedia(1)
申し訳(1)
Language(1)
複数(1)
いずれ(1)
引用(1)
notes(1)
各自(1)
Protocolz(1)
着席(1)
HTTP(2)
残念(1)
Explorer(1)
jp(5)
iyori(3)
Markup(1)
remote(1)
capter(1)
後方(1)
Wikipedia(1)
送信(1)
mbox(1)
メール(2)
クライアントソフト(1)
一つ(1)
同士(1)
インストール(1)
HTML(1)
dti(1)
提供(1)
ID(1)
su(2)
ipse(1)
Protocol(3)
受け渡し(1)
こと(1)
返答(1)
接続(1)
内容(1)
パスワード(1)
kyoto(3)
定義(1)
基礎(1)
収集(1)
やり取り(1)
pub(1)
Transfer(3)
コンピュータ(2)
技術(2)
Linux(1)
SMTP(1)
co(1)
ipa(1)
Simple(1)
提出(1)
mars(1)
可能(1)
sniffer(1)
Web(2)
program(1)
ftp(1)
確保(1)
モデル(1)
手法(1)
ため(4)
OSI(1)
レスポンス(1)
media(1)
Office(1)
皆さん(2)
通信(2)
前方(1)
www(4)
security(1)
アクセス(2)
いくつ(1)
Vine(1)
://(5)
配布(1)
Anonymous(1)
readmail(1)
文書(1)
下記(1)
目的(1)
メーラー(1)
Mail(1)
テーマ(1)
tokai(1)
htmlhttp(2)
情報(3)
mail(1)
前回(1)
protocol(1)
利用(2)
プロトコル(5)
通常(1)
File(1)
現在(1)
要求(1)
linux(1)
種類(1)
必要(1)
電子(3)
よう(1)
am(1)
administrator(1)
直接(1)
ac(3)
入力(1)
html(2)
自習(1)
認証(1)
ja(1)
{ 1 } { 2 } { 3 } { 4 } { 5 6 } { 7 8 } { 9 10 11 } 
Segment{ 2 }, Segment{ 3 }
コサイン類似度: 0.03158800313289941
Segment{ 3 }, Segment{ 4 }
コサイン類似度: 0.05296045538284858
Segment{ 4 }, Segment{ 5 6 }
コサイン類似度: 0.006842581392567332
awareness(1)
ソフトウエア(2)
swf(1)
info(2)
Mailz(1)
今回(1)
終了(1)
torao(1)
メッセージ(1)
セキュリティ(1)
ring(1)
参考(2)
services(1)
課題(1)
Hypertext(1)
or(1)
開始(1)
サーバ(3)
イメージ(1)
POP(1)
応用(1)
参加(1)
メモリ(1)
コンテンツ(1)
Active(1)
紹介(1)
参照(3)
基本(1)
http(4)
演習(3)
Access(1)
gr(1)
Internet(2)
go(1)
転送(2)
ソフト(2)
/~(3)
transware(1)
ファイル(3)
メールアドレス(2)
機能(1)
部分(1)
インターネット(3)
org(1)
net(1)
anonymous(1)
使用(3)
現代(1)
Post(1)
環境(1)
匿名(1)
リクエスト(1)
ブラウザ(2)
特定(1)
研究(1)
URL(1)
wiki(1)
クライアント(3)
FTP(3)
Message(1)
IMAP(1)
作業(1)
もの(2)
OS(1)
mots(1)
web(1)
アプリケーション(2)
管理(1)
ユーザ(1)
サイト(1)
product(1)
文化(1)
USB(1)
ne(1)
wikipedia(1)
申し訳(1)
Language(1)
複数(1)
いずれ(1)
引用(1)
notes(1)
各自(1)
Protocolz(1)
着席(1)
HTTP(2)
残念(1)
Explorer(1)
jp(5)
iyori(3)
Markup(1)
remote(1)
capter(1)
後方(1)
Wikipedia(1)
送信(1)
mbox(1)
メール(2)
クライアントソフト(1)
一つ(1)
同士(1)
インストール(1)
HTML(1)
dti(1)
提供(1)
ID(1)
su(2)
ipse(1)
Protocol(3)
受け渡し(1)
こと(1)
返答(1)
接続(1)
内容(1)
パスワード(1)
定義(1)
kyoto(3)
基礎(1)
収集(1)
やり取り(1)
pub(1)
Transfer(3)
コンピュータ(2)
技術(2)
Linux(1)
SMTP(1)
co(1)
ipa(1)
Simple(1)
提出(1)
mars(1)
可能(1)
sniffer(1)
Web(2)
program(1)
ftp(1)
確保(1)
モデル(1)
手法(1)
OSI(1)
ため(4)
レスポンス(1)
media(1)
Office(1)
皆さん(2)
通信(2)
前方(1)
www(4)
security(1)
アクセス(2)
いくつ(1)
Vine(1)
://(5)
配布(1)
Anonymous(1)
readmail(1)
文書(1)
下記(1)
目的(1)
メーラー(1)
Mail(1)
テーマ(1)
tokai(1)
htmlhttp(2)
情報(3)
mail(1)
前回(1)
protocol(1)
利用(2)
プロトコル(4)
通常(1)
File(1)
現在(1)
要求(1)
linux(1)
種類(1)
必要(1)
電子(3)
よう(1)
am(1)
administrator(1)
直接(1)
ac(3)
入力(1)
html(2)
自習(1)
認証(1)
ja(1)
{ 1 } { 2 } { 3 4 } { 5 6 } { 7 8 } { 9 10 11 } 
Segment{ 2 }, Segment{ 3 4 }
コサイン類似度: 0.10960575097123289
awareness(1)
ソフトウエア(2)
swf(1)
info(2)
Mailz(1)
今回(1)
終了(1)
torao(1)
メッセージ(1)
セキュリティ(1)
ring(1)
参考(2)
services(1)
課題(1)
Hypertext(1)
or(1)
開始(1)
サーバ(3)
イメージ(1)
POP(1)
応用(1)
参加(1)
メモリ(1)
コンテンツ(1)
Active(1)
紹介(1)
参照(3)
基本(1)
http(4)
演習(3)
Access(1)
gr(1)
Internet(2)
go(1)
転送(2)
/~(3)
ソフト(2)
transware(1)
ファイル(3)
メールアドレス(2)
機能(1)
部分(1)
インターネット(2)
org(1)
net(1)
anonymous(1)
使用(3)
現代(1)
Post(1)
環境(1)
匿名(1)
リクエスト(1)
特定(1)
ブラウザ(2)
研究(1)
URL(1)
wiki(1)
FTP(3)
クライアント(3)
Message(1)
IMAP(1)
作業(1)
OS(1)
もの(2)
mots(1)
web(1)
アプリケーション(1)
管理(1)
ユーザ(1)
サイト(1)
product(1)
文化(1)
USB(1)
ne(1)
wikipedia(1)
申し訳(1)
Language(1)
複数(1)
いずれ(1)
引用(1)
notes(1)
各自(1)
Protocolz(1)
着席(1)
HTTP(2)
残念(1)
Explorer(1)
jp(5)
iyori(3)
Markup(1)
remote(1)
capter(1)
後方(1)
Wikipedia(1)
送信(1)
mbox(1)
メール(2)
クライアントソフト(1)
一つ(1)
同士(1)
インストール(1)
HTML(1)
dti(1)
提供(1)
ID(1)
su(2)
ipse(1)
Protocol(3)
受け渡し(1)
こと(1)
返答(1)
接続(1)
内容(1)
パスワード(1)
定義(1)
kyoto(3)
基礎(1)
収集(1)
やり取り(1)
pub(1)
Transfer(3)
コンピュータ(2)
技術(2)
Linux(1)
SMTP(1)
co(1)
ipa(1)
Simple(1)
提出(1)
mars(1)
可能(1)
sniffer(1)
Web(2)
program(1)
ftp(1)
確保(1)
モデル(1)
手法(1)
ため(4)
OSI(1)
レスポンス(1)
media(1)
Office(1)
皆さん(2)
通信(2)
前方(1)
www(4)
security(1)
アクセス(2)
いくつ(1)
Vine(1)
://(5)
配布(1)
Anonymous(1)
readmail(1)
文書(1)
下記(1)
目的(1)
メーラー(1)
Mail(1)
テーマ(1)
tokai(1)
htmlhttp(2)
情報(3)
mail(1)
前回(1)
protocol(1)
利用(2)
プロトコル(4)
通常(1)
File(1)
現在(1)
要求(1)
linux(1)
種類(1)
必要(1)
電子(3)
よう(1)
am(1)
administrator(1)
直接(1)
ac(3)
入力(1)
html(2)
自習(1)
認証(1)
ja(1)
{ 1 } { 2 3 4 } { 5 6 } { 7 8 } { 9 10 11 } 
awareness(1)
ソフトウエア(2)
swf(1)
info(2)
Mailz(1)
今回(1)
終了(1)
torao(1)
メッセージ(1)
セキュリティ(1)
ring(1)
参考(2)
services(1)
課題(1)
Hypertext(1)
or(1)
開始(1)
サーバ(3)
イメージ(1)
POP(1)
応用(1)
参加(1)
メモリ(1)
コンテンツ(1)
Active(1)
紹介(1)
参照(3)
基本(1)
http(4)
演習(3)
Access(1)
gr(1)
Internet(2)
go(1)
転送(2)
/~(3)
ソフト(2)
transware(1)
ファイル(3)
メールアドレス(2)
機能(1)
部分(1)
インターネット(2)
org(1)
net(1)
anonymous(1)
使用(3)
現代(1)
Post(1)
環境(1)
匿名(1)
リクエスト(1)
特定(1)
ブラウザ(2)
研究(1)
URL(1)
wiki(1)
FTP(3)
クライアント(3)
Message(1)
IMAP(1)
作業(1)
OS(1)
もの(2)
mots(1)
web(1)
アプリケーション(1)
管理(1)
ユーザ(1)
サイト(1)
product(1)
文化(1)
USB(1)
ne(1)
wikipedia(1)
申し訳(1)
Language(1)
複数(1)
いずれ(1)
引用(1)
notes(1)
各自(1)
Protocolz(1)
着席(1)
HTTP(2)
残念(1)
Explorer(1)
jp(5)
iyori(3)
Markup(1)
remote(1)
capter(1)
後方(1)
Wikipedia(1)
送信(1)
mbox(1)
メール(2)
クライアントソフト(1)
一つ(1)
同士(1)
インストール(1)
HTML(1)
dti(1)
提供(1)
ID(1)
su(2)
ipse(1)
Protocol(3)
受け渡し(1)
こと(1)
返答(1)
接続(1)
内容(1)
パスワード(1)
定義(1)
kyoto(3)
基礎(1)
収集(1)
やり取り(1)
pub(1)
Transfer(3)
コンピュータ(2)
技術(2)
Linux(1)
SMTP(1)
co(1)
ipa(1)
Simple(1)
提出(1)
mars(1)
可能(1)
sniffer(1)
Web(2)
program(1)
ftp(1)
確保(1)
モデル(1)
手法(1)
ため(4)
OSI(1)
レスポンス(1)
media(1)
Office(1)
皆さん(2)
通信(2)
前方(1)
www(4)
security(1)
アクセス(2)
いくつ(1)
Vine(1)
://(5)
配布(1)
Anonymous(1)
readmail(1)
文書(1)
下記(1)
目的(1)
メーラー(1)
Mail(1)
テーマ(1)
tokai(1)
htmlhttp(2)
情報(3)
mail(1)
前回(1)
protocol(1)
利用(2)
プロトコル(4)
通常(1)
File(1)
現在(1)
要求(1)
linux(1)
種類(1)
必要(1)
電子(3)
よう(1)
am(1)
administrator(1)
直接(1)
ac(3)
入力(1)
html(2)
自習(1)
認証(1)
ja(1)
{ 1 } { 2 3 4 } { 5 6 } { 7 8 } { 9 10 11 } 
