経路(1)
記憶(2)
biglobe(1)
メディア(1)
コンピューター(1)
手続き(1)
網膜(1)
脆弱(3)
tsusin(2)
制度(1)
ソフトウエア(1)
行為(2)
基準(1)
対応(1)
変化(1)
金銭(1)
推進(1)
悪意(1)
shiryou(1)
生成(1)
発行(1)
セキュリティ(5)
被害(1)
課題(1)
機器(1)
送受信(1)
データベース(1)
美術(1)
gijutsu(1)
他人(3)
銀行(1)
コンテンツ(1)
推定(2)
不正(6)
アルファベット(1)
導入(2)
機密(2)
決済(1)
精度(1)
代表(1)
側面(1)
許可(2)
修正(1)
go(3)
理解(1)
ソフト(1)
/~(1)
明確(2)
発生(1)
自ら(1)
組み合わせ(2)
機能(1)
破壊(2)
net(1)
一定(3)
名前(1)
法律(2)
joho(2)
使用(4)
ミス(1)
sukashi(1)
視聴(1)
動作(1)
盗難(1)
数字(1)
sonota(1)
意図(1)
https(1)
一部(1)
システム(7)
権限(1)
ユーザ(3)
管理(2)
ATM(1)
サイト(3)
異常(1)
画面(1)
文化(1)
共通(2)
通商(1)
英数字(1)
自分(1)
番号(1)
本人(1)
iyori(1)
コピー(2)
ネット(1)
保護(3)
kiso(1)
ネットワーク(3)
su(1)
バイオメトリクス(1)
secomtrust(1)
禁止(2)
復号(1)
こと(5)
設計(1)
加工(1)
text(1)
index(2)
sp(1)
個人(4)
パスワード(3)
kyoto(1)
感染(1)
faq(1)
基礎(1)
技術(3)
国民(1)
co(1)
ipa(1)
softplaza(1)
箇所(1)
Web(2)
テキスト(1)
soumu(2)
長期(1)
周知(1)
ため(7)
暗証(1)
Update(1)
高速(1)
潜伏(1)
はじめ(1)
範囲(1)
www(5)
公開(2)
アクセス(3)
kantei(1)
場合(2)
近年(2)
時刻(1)
建物(1)
英単語(1)
repository(1)
方式(4)
虹彩(1)
ウイルス(2)
容易(1)
覚え(1)
htmhttp(1)
手順(1)
プログラム(2)
安全(2)
利用(4)
htmlz(1)
通常(2)
データ(5)
htmz(1)
本来(1)
送り(1)
判別(1)
必要(3)
思想(1)
意味(2)
産業(1)
ac(1)
閲覧(2)
(!,#,$,%,&,^,¥,@,:,;(1)
伝染(1)
コード(1)
暗号(2)
著作(2)
創作(1)
記号(1)
特徴(1)
info(1)
重要(2)
クレジット(1)
静脈(1)
ログイン(1)
万全(1)
症状(1)
発病(1)
変更(1)
処理(3)
参考(3)
資産(1)
サーバ(1)
privacy(1)
制定(1)
方策(1)
重視(1)
参照(1)
http(5)
感情(1)
演習(1)
画像(1)
houseika(1)
駆除(1)
Management(1)
ファイル(2)
年齢(1)
ユーザー(1)
リンク(1)
事前(1)
現代(1)
設定(1)
文字(1)
発見(1)
倫理(1)
以下(1)
特定(2)
ブラウザ(1)
以上(3)
完全(1)
文学(1)
２つ(1)
対策(3)
クライアント(1)
SSL(1)
透かし(1)
もの(7)
定期(2)
漏洩(1)
問題(1)
dwmark(1)
denshi(1)
制御(1)
Windows(1)
実行(1)
可用(1)
センター(1)
指紋(1)
権利(1)
ne(1)
開発(2)
入室(1)
jpo(1)
セット(1)
中心(1)
PC(1)
解読(1)
日本(1)
回数(2)
jp(5)
hourituan(1)
password(1)
所在(1)
メール(1)
一つ(1)
併用(1)
更新(2)
提供(1)
ID(1)
劣化(1)
複製(1)
hyoujun(1)
)②(1)
)④(1)
学生(1)
ホール(1)
ほう(1)
決定(1)
変換(1)
接続(1)
定義(4)
添付(1)
実践(1)
コンピュータ(4)
速やか(2)
可能(1)
機構(1)
音楽(1)
学術(1)
セコム(1)
確保(1)
ほか(1)
一致(1)
通信(2)
制限(2)
Socket(1)
時間(1)
整備(2)
security(2)
受け手(1)
強弱(1)
デジタル(1)
://(5)
下記(1)
規則(1)
)、(1)
診断(1)
htmlhttp(1)
Secure(1)
映像(1)
情報(9)
Rights(1)
様々(1)
生体(1)
トラスト(1)
it(1)
正規(1)
秘密(1)
特有(1)
条件(1)
DRM(1)
その後(1)
secword(1)
登録(1)
Layer(1)
表現(1)
電子(2)
随時(1)
自己(1)
よう(4)
verisign(1)
フロッピーディスク(1)
Digital(1)
認証(3)
{ 1 } { 2 } { 3 } { 4 } { 5 } { 6 } { 7 } { 8 } { 9 } { 10 } { 11 } { 12 } { 13 } { 14 } { 15 } 
Segment{ 2 }, Segment{ 3 }
コサイン類似度: 0.0043233745783859715
Segment{ 3 }, Segment{ 4 }
コサイン類似度: 0.0911461158856862
Segment{ 4 }, Segment{ 5 }
コサイン類似度: 0.013891179997377181
Segment{ 5 }, Segment{ 6 }
コサイン類似度: 0.005795737539035673
Segment{ 6 }, Segment{ 7 }
コサイン類似度: 0.07908842850325412
Segment{ 7 }, Segment{ 8 }
コサイン類似度: 0.0
Segment{ 8 }, Segment{ 9 }
コサイン類似度: 0.12358678395358333
Segment{ 9 }, Segment{ 10 }
コサイン類似度: 5.140299985899797E-4
Segment{ 10 }, Segment{ 11 }
コサイン類似度: 0.03662626982453297
Segment{ 11 }, Segment{ 12 }
コサイン類似度: 0.004705982917193531
Segment{ 12 }, Segment{ 13 }
コサイン類似度: 0.15362945458448832
Segment{ 13 }, Segment{ 14 }
コサイン類似度: 0.04317815742608838
Segment{ 14 }, Segment{ 15 }
コサイン類似度: 0.15605962893893935
経路(1)
記憶(2)
biglobe(1)
メディア(1)
コンピューター(1)
手続き(1)
網膜(1)
脆弱(3)
tsusin(1)
制度(1)
ソフトウエア(1)
行為(2)
基準(1)
対応(1)
変化(1)
金銭(1)
推進(1)
悪意(1)
shiryou(1)
生成(1)
発行(1)
セキュリティ(4)
被害(1)
課題(1)
機器(1)
送受信(1)
データベース(1)
美術(1)
gijutsu(1)
他人(3)
銀行(1)
コンテンツ(1)
推定(2)
不正(6)
アルファベット(1)
導入(2)
機密(2)
決済(1)
精度(1)
代表(1)
側面(1)
許可(2)
修正(1)
go(2)
理解(1)
ソフト(1)
/~(1)
明確(2)
発生(1)
自ら(1)
組み合わせ(2)
機能(1)
破壊(2)
net(1)
一定(3)
名前(1)
法律(2)
joho(1)
使用(4)
ミス(1)
sukashi(1)
視聴(1)
動作(1)
盗難(1)
数字(1)
sonota(1)
意図(1)
https(1)
一部(1)
システム(7)
権限(1)
ユーザ(3)
管理(2)
ATM(1)
サイト(3)
異常(1)
画面(1)
文化(1)
共通(2)
通商(1)
英数字(1)
自分(1)
番号(1)
本人(1)
iyori(1)
コピー(2)
ネット(1)
保護(3)
kiso(1)
ネットワーク(3)
su(1)
バイオメトリクス(1)
secomtrust(1)
禁止(2)
復号(1)
こと(5)
設計(1)
加工(1)
text(1)
index(2)
sp(1)
個人(4)
パスワード(3)
kyoto(1)
感染(1)
faq(1)
基礎(1)
技術(3)
国民(1)
co(1)
ipa(1)
softplaza(1)
箇所(1)
Web(2)
テキスト(1)
soumu(1)
長期(1)
周知(1)
ため(7)
暗証(1)
Update(1)
高速(1)
潜伏(1)
はじめ(1)
範囲(1)
www(4)
公開(2)
アクセス(3)
kantei(1)
場合(2)
近年(2)
時刻(1)
建物(1)
英単語(1)
repository(1)
方式(4)
虹彩(1)
ウイルス(2)
容易(1)
覚え(1)
htmhttp(1)
手順(1)
プログラム(2)
安全(2)
利用(4)
htmlz(1)
通常(2)
データ(5)
htmz(1)
本来(1)
送り(1)
判別(1)
必要(3)
思想(1)
意味(2)
産業(1)
ac(1)
閲覧(2)
(!,#,$,%,&,^,¥,@,:,;(1)
伝染(1)
コード(1)
暗号(2)
著作(2)
創作(1)
記号(1)
特徴(1)
info(1)
重要(2)
クレジット(1)
静脈(1)
ログイン(1)
万全(1)
症状(1)
発病(1)
変更(1)
処理(3)
参考(3)
資産(1)
サーバ(1)
privacy(1)
制定(1)
方策(1)
重視(1)
参照(1)
http(4)
感情(1)
演習(1)
画像(1)
houseika(1)
駆除(1)
Management(1)
ファイル(2)
年齢(1)
ユーザー(1)
リンク(1)
事前(1)
現代(1)
設定(1)
文字(1)
発見(1)
倫理(1)
以下(1)
特定(2)
ブラウザ(1)
以上(3)
完全(1)
文学(1)
２つ(1)
対策(3)
クライアント(1)
SSL(1)
透かし(1)
もの(7)
定期(2)
漏洩(1)
問題(1)
dwmark(1)
denshi(1)
制御(1)
Windows(1)
実行(1)
可用(1)
センター(1)
指紋(1)
権利(1)
ne(1)
開発(2)
入室(1)
jpo(1)
セット(1)
中心(1)
PC(1)
解読(1)
日本(1)
回数(2)
jp(4)
hourituan(1)
password(1)
所在(1)
メール(1)
一つ(1)
併用(1)
更新(2)
提供(1)
ID(1)
劣化(1)
複製(1)
hyoujun(1)
)②(1)
)④(1)
学生(1)
ホール(1)
ほう(1)
決定(1)
変換(1)
接続(1)
定義(4)
添付(1)
実践(1)
コンピュータ(4)
速やか(2)
可能(1)
機構(1)
音楽(1)
学術(1)
セコム(1)
確保(1)
ほか(1)
一致(1)
通信(2)
制限(2)
Socket(1)
時間(1)
整備(2)
security(1)
受け手(1)
強弱(1)
デジタル(1)
://(4)
下記(1)
規則(1)
)、(1)
診断(1)
htmlhttp(1)
Secure(1)
映像(1)
情報(8)
Rights(1)
様々(1)
生体(1)
トラスト(1)
it(1)
正規(1)
秘密(1)
特有(1)
条件(1)
DRM(1)
その後(1)
secword(1)
登録(1)
Layer(1)
表現(1)
電子(2)
随時(1)
自己(1)
よう(4)
verisign(1)
フロッピーディスク(1)
Digital(1)
認証(3)
{ 1 } { 2 } { 3 } { 4 } { 5 } { 6 } { 7 } { 8 } { 9 } { 10 } { 11 } { 12 } { 13 } { 14 15 } 
Segment{ 2 }, Segment{ 3 }
コサイン類似度: 0.004304714268698608
Segment{ 3 }, Segment{ 4 }
コサイン類似度: 0.0911461158856862
Segment{ 4 }, Segment{ 5 }
コサイン類似度: 0.013890384109391451
Segment{ 5 }, Segment{ 6 }
コサイン類似度: 0.005958421797674535
Segment{ 6 }, Segment{ 7 }
コサイン類似度: 0.07895465937092187
Segment{ 7 }, Segment{ 8 }
コサイン類似度: 0.0
Segment{ 8 }, Segment{ 9 }
コサイン類似度: 0.12418205880961117
Segment{ 9 }, Segment{ 10 }
コサイン類似度: 5.130740535245164E-4
Segment{ 10 }, Segment{ 11 }
コサイン類似度: 0.03662626982453297
Segment{ 11 }, Segment{ 12 }
コサイン類似度: 0.004705982917193531
Segment{ 12 }, Segment{ 13 }
コサイン類似度: 0.1526559003194633
Segment{ 13 }, Segment{ 14 15 }
コサイン類似度: 0.08734460859257301
経路(1)
記憶(2)
biglobe(1)
メディア(1)
コンピューター(1)
手続き(1)
網膜(1)
脆弱(3)
tsusin(1)
制度(1)
ソフトウエア(1)
行為(2)
基準(1)
対応(1)
変化(1)
金銭(1)
推進(1)
悪意(1)
shiryou(1)
生成(1)
発行(1)
セキュリティ(4)
被害(1)
課題(1)
機器(1)
送受信(1)
データベース(1)
美術(1)
gijutsu(1)
他人(3)
銀行(1)
コンテンツ(1)
推定(2)
不正(6)
アルファベット(1)
導入(2)
機密(2)
決済(1)
精度(1)
代表(1)
側面(1)
許可(2)
修正(1)
go(2)
理解(1)
ソフト(1)
/~(1)
明確(2)
発生(1)
自ら(1)
組み合わせ(2)
機能(1)
破壊(2)
net(1)
一定(3)
名前(1)
法律(2)
joho(1)
使用(4)
ミス(1)
sukashi(1)
視聴(1)
動作(1)
盗難(1)
数字(1)
sonota(1)
意図(1)
https(1)
一部(1)
システム(7)
権限(1)
ユーザ(3)
管理(2)
ATM(1)
サイト(3)
異常(1)
画面(1)
文化(1)
共通(2)
通商(1)
英数字(1)
自分(1)
番号(1)
本人(1)
iyori(1)
コピー(2)
ネット(1)
保護(2)
kiso(1)
ネットワーク(3)
su(1)
バイオメトリクス(1)
secomtrust(1)
禁止(2)
復号(1)
こと(5)
設計(1)
加工(1)
index(2)
text(1)
sp(1)
個人(4)
パスワード(3)
kyoto(1)
感染(1)
faq(1)
基礎(1)
技術(2)
国民(1)
co(1)
ipa(1)
softplaza(1)
箇所(1)
Web(2)
テキスト(1)
soumu(1)
長期(1)
周知(1)
ため(6)
暗証(1)
Update(1)
高速(1)
潜伏(1)
はじめ(1)
範囲(1)
www(4)
公開(2)
アクセス(3)
kantei(1)
場合(2)
近年(2)
時刻(1)
建物(1)
英単語(1)
repository(1)
方式(4)
虹彩(1)
ウイルス(2)
容易(1)
覚え(1)
htmhttp(1)
手順(1)
プログラム(2)
安全(2)
利用(4)
htmlz(1)
通常(2)
データ(4)
htmz(1)
本来(1)
送り(1)
判別(1)
必要(3)
思想(1)
意味(2)
産業(1)
ac(1)
閲覧(2)
(!,#,$,%,&,^,¥,@,:,;(1)
伝染(1)
コード(1)
暗号(2)
著作(1)
創作(1)
記号(1)
特徴(1)
info(1)
重要(2)
クレジット(1)
静脈(1)
ログイン(1)
万全(1)
症状(1)
発病(1)
変更(1)
処理(3)
参考(3)
資産(1)
サーバ(1)
privacy(1)
制定(1)
方策(1)
重視(1)
参照(1)
http(4)
感情(1)
演習(1)
画像(1)
houseika(1)
駆除(1)
Management(1)
ファイル(2)
年齢(1)
ユーザー(1)
リンク(1)
事前(1)
現代(1)
設定(1)
文字(1)
発見(1)
倫理(1)
以下(1)
特定(2)
ブラウザ(1)
以上(3)
完全(1)
文学(1)
２つ(1)
対策(3)
クライアント(1)
SSL(1)
透かし(1)
もの(7)
定期(2)
漏洩(1)
問題(1)
denshi(1)
dwmark(1)
制御(1)
Windows(1)
実行(1)
可用(1)
センター(1)
指紋(1)
権利(1)
ne(1)
開発(2)
入室(1)
jpo(1)
セット(1)
中心(1)
PC(1)
解読(1)
日本(1)
回数(2)
jp(4)
hourituan(1)
password(1)
所在(1)
メール(1)
一つ(1)
併用(1)
更新(2)
提供(1)
ID(1)
劣化(1)
複製(1)
hyoujun(1)
)②(1)
)④(1)
学生(1)
ホール(1)
ほう(1)
決定(1)
変換(1)
接続(1)
定義(4)
添付(1)
実践(1)
コンピュータ(4)
速やか(2)
可能(1)
機構(1)
音楽(1)
学術(1)
セコム(1)
確保(1)
ほか(1)
一致(1)
通信(2)
制限(2)
Socket(1)
時間(1)
整備(2)
security(1)
受け手(1)
強弱(1)
デジタル(1)
://(4)
下記(1)
規則(1)
)、(1)
診断(1)
htmlhttp(1)
Secure(1)
映像(1)
情報(8)
様々(1)
Rights(1)
生体(1)
トラスト(1)
it(1)
正規(1)
秘密(1)
特有(1)
条件(1)
DRM(1)
その後(1)
secword(1)
登録(1)
Layer(1)
表現(1)
電子(2)
随時(1)
自己(1)
よう(4)
verisign(1)
フロッピーディスク(1)
Digital(1)
認証(3)
{ 1 } { 2 } { 3 } { 4 } { 5 } { 6 } { 7 } { 8 } { 9 } { 10 } { 11 } { 12 13 } { 14 15 } 
Segment{ 2 }, Segment{ 3 }
コサイン類似度: 0.004299423914294392
Segment{ 3 }, Segment{ 4 }
コサイン類似度: 0.0911461158856862
Segment{ 4 }, Segment{ 5 }
コサイン類似度: 0.013890384109391451
Segment{ 5 }, Segment{ 6 }
コサイン類似度: 0.005958421797674535
Segment{ 6 }, Segment{ 7 }
コサイン類似度: 0.07895465937092187
Segment{ 7 }, Segment{ 8 }
コサイン類似度: 0.0
Segment{ 8 }, Segment{ 9 }
コサイン類似度: 0.12427754874483242
Segment{ 9 }, Segment{ 10 }
コサイン類似度: 6.055961602916349E-4
Segment{ 10 }, Segment{ 11 }
コサイン類似度: 0.036621920611924534
Segment{ 11 }, Segment{ 12 13 }
コサイン類似度: 0.008342906492634174
経路(1)
記憶(2)
biglobe(1)
メディア(1)
コンピューター(1)
手続き(1)
網膜(1)
脆弱(3)
tsusin(1)
制度(1)
ソフトウエア(1)
行為(2)
基準(1)
対応(1)
変化(1)
金銭(1)
推進(1)
悪意(1)
shiryou(1)
生成(1)
発行(1)
セキュリティ(4)
被害(1)
課題(1)
機器(1)
送受信(1)
データベース(1)
美術(1)
gijutsu(1)
他人(3)
銀行(1)
コンテンツ(1)
推定(2)
不正(6)
アルファベット(1)
導入(2)
機密(2)
決済(1)
精度(1)
代表(1)
側面(1)
許可(2)
修正(1)
go(2)
理解(1)
ソフト(1)
/~(1)
明確(2)
発生(1)
自ら(1)
組み合わせ(2)
機能(1)
破壊(2)
net(1)
一定(3)
名前(1)
法律(2)
joho(1)
使用(3)
ミス(1)
sukashi(1)
視聴(1)
動作(1)
盗難(1)
数字(1)
sonota(1)
意図(1)
https(1)
一部(1)
システム(7)
権限(1)
ユーザ(3)
管理(2)
ATM(1)
サイト(3)
異常(1)
画面(1)
文化(1)
共通(1)
通商(1)
英数字(1)
自分(1)
番号(1)
本人(1)
iyori(1)
コピー(2)
ネット(1)
保護(2)
kiso(1)
ネットワーク(3)
su(1)
バイオメトリクス(1)
secomtrust(1)
禁止(2)
復号(1)
こと(5)
設計(1)
加工(1)
index(2)
text(1)
sp(1)
個人(4)
パスワード(3)
kyoto(1)
感染(1)
faq(1)
基礎(1)
技術(2)
国民(1)
co(1)
ipa(1)
softplaza(1)
箇所(1)
Web(2)
テキスト(1)
soumu(1)
長期(1)
周知(1)
ため(5)
暗証(1)
Update(1)
高速(1)
潜伏(1)
はじめ(1)
範囲(1)
www(4)
公開(1)
アクセス(3)
kantei(1)
場合(2)
近年(2)
時刻(1)
建物(1)
英単語(1)
repository(1)
方式(3)
虹彩(1)
ウイルス(2)
容易(1)
覚え(1)
htmhttp(1)
手順(1)
プログラム(2)
安全(2)
利用(4)
htmlz(1)
通常(2)
データ(4)
htmz(1)
本来(1)
送り(1)
判別(1)
必要(3)
思想(1)
意味(2)
産業(1)
ac(1)
閲覧(2)
(!,#,$,%,&,^,¥,@,:,;(1)
伝染(1)
コード(1)
暗号(1)
著作(1)
創作(1)
記号(1)
特徴(1)
info(1)
重要(2)
クレジット(1)
静脈(1)
ログイン(1)
万全(1)
症状(1)
発病(1)
変更(1)
処理(3)
参考(3)
資産(1)
サーバ(1)
privacy(1)
制定(1)
方策(1)
重視(1)
参照(1)
http(4)
感情(1)
演習(1)
画像(1)
houseika(1)
駆除(1)
Management(1)
ファイル(2)
年齢(1)
ユーザー(1)
リンク(1)
事前(1)
現代(1)
設定(1)
文字(1)
発見(1)
倫理(1)
以下(1)
特定(2)
ブラウザ(1)
以上(3)
完全(1)
文学(1)
２つ(1)
対策(3)
クライアント(1)
SSL(1)
透かし(1)
もの(7)
定期(2)
漏洩(1)
問題(1)
denshi(1)
dwmark(1)
制御(1)
Windows(1)
実行(1)
可用(1)
センター(1)
指紋(1)
権利(1)
ne(1)
開発(2)
入室(1)
jpo(1)
セット(1)
中心(1)
PC(1)
解読(1)
日本(1)
回数(2)
jp(4)
hourituan(1)
password(1)
所在(1)
メール(1)
一つ(1)
併用(1)
更新(2)
提供(1)
ID(1)
劣化(1)
複製(1)
hyoujun(1)
)②(1)
)④(1)
学生(1)
ホール(1)
ほう(1)
決定(1)
変換(1)
接続(1)
定義(4)
添付(1)
実践(1)
コンピュータ(4)
速やか(2)
可能(1)
機構(1)
音楽(1)
学術(1)
セコム(1)
確保(1)
ほか(1)
一致(1)
通信(1)
制限(2)
Socket(1)
時間(1)
整備(2)
security(1)
受け手(1)
強弱(1)
デジタル(1)
://(4)
下記(1)
規則(1)
)、(1)
診断(1)
htmlhttp(1)
Secure(1)
映像(1)
情報(7)
様々(1)
Rights(1)
生体(1)
トラスト(1)
it(1)
正規(1)
秘密(1)
特有(1)
条件(1)
DRM(1)
その後(1)
secword(1)
登録(1)
Layer(1)
表現(1)
電子(2)
随時(1)
自己(1)
よう(4)
verisign(1)
フロッピーディスク(1)
Digital(1)
認証(3)
{ 1 } { 2 } { 3 } { 4 } { 5 } { 6 } { 7 } { 8 9 } { 10 } { 11 } { 12 13 } { 14 15 } 
Segment{ 2 }, Segment{ 3 }
コサイン類似度: 0.004264398975346533
Segment{ 3 }, Segment{ 4 }
コサイン類似度: 0.09243187352420537
Segment{ 4 }, Segment{ 5 }
コサイン類似度: 0.01387121229913166
Segment{ 5 }, Segment{ 6 }
コサイン類似度: 0.006190354540098763
Segment{ 6 }, Segment{ 7 }
コサイン類似度: 0.07894119757358123
Segment{ 7 }, Segment{ 8 9 }
コサイン類似度: 0.0
Segment{ 8 9 }, Segment{ 10 }
コサイン類似度: 0.003530703375699297
Segment{ 10 }, Segment{ 11 }
コサイン類似度: 0.036620141422506296
Segment{ 11 }, Segment{ 12 13 }
コサイン類似度: 0.008341595571251342
経路(1)
記憶(2)
biglobe(1)
メディア(1)
コンピューター(1)
手続き(1)
網膜(1)
脆弱(3)
tsusin(1)
制度(1)
ソフトウエア(1)
行為(2)
基準(1)
対応(1)
変化(1)
金銭(1)
推進(1)
悪意(1)
shiryou(1)
生成(1)
発行(1)
セキュリティ(4)
被害(1)
課題(1)
機器(1)
送受信(1)
データベース(1)
美術(1)
gijutsu(1)
他人(2)
銀行(1)
コンテンツ(1)
推定(1)
不正(6)
アルファベット(1)
導入(2)
機密(2)
決済(1)
精度(1)
代表(1)
側面(1)
許可(2)
修正(1)
go(2)
理解(1)
ソフト(1)
/~(1)
明確(2)
発生(1)
自ら(1)
組み合わせ(1)
機能(1)
破壊(2)
net(1)
一定(3)
名前(1)
法律(2)
joho(1)
使用(2)
ミス(1)
sukashi(1)
視聴(1)
動作(1)
盗難(1)
数字(1)
sonota(1)
意図(1)
https(1)
一部(1)
システム(6)
権限(1)
ユーザ(2)
管理(2)
ATM(1)
サイト(3)
異常(1)
画面(1)
文化(1)
共通(1)
通商(1)
英数字(1)
自分(1)
番号(1)
本人(1)
iyori(1)
コピー(2)
ネット(1)
保護(2)
kiso(1)
ネットワーク(3)
su(1)
バイオメトリクス(1)
secomtrust(1)
禁止(2)
復号(1)
こと(5)
設計(1)
加工(1)
index(2)
text(1)
sp(1)
個人(4)
パスワード(2)
kyoto(1)
感染(1)
faq(1)
基礎(1)
技術(2)
国民(1)
co(1)
ipa(1)
softplaza(1)
箇所(1)
Web(2)
テキスト(1)
soumu(1)
長期(1)
周知(1)
ため(5)
暗証(1)
Update(1)
高速(1)
潜伏(1)
はじめ(1)
範囲(1)
www(4)
公開(1)
アクセス(3)
kantei(1)
場合(2)
近年(2)
時刻(1)
建物(1)
英単語(1)
repository(1)
方式(3)
虹彩(1)
ウイルス(2)
容易(1)
覚え(1)
htmhttp(1)
手順(1)
プログラム(2)
安全(2)
利用(4)
htmlz(1)
通常(2)
データ(4)
htmz(1)
本来(1)
送り(1)
判別(1)
必要(3)
思想(1)
意味(2)
産業(1)
ac(1)
閲覧(2)
(!,#,$,%,&,^,¥,@,:,;(1)
伝染(1)
コード(1)
暗号(1)
著作(1)
創作(1)
記号(1)
特徴(1)
info(1)
重要(2)
クレジット(1)
静脈(1)
ログイン(1)
万全(1)
症状(1)
発病(1)
変更(1)
処理(3)
参考(3)
資産(1)
サーバ(1)
privacy(1)
制定(1)
方策(1)
重視(1)
参照(1)
http(4)
感情(1)
演習(1)
画像(1)
houseika(1)
駆除(1)
Management(1)
ファイル(2)
年齢(1)
ユーザー(1)
リンク(1)
事前(1)
現代(1)
設定(1)
文字(1)
発見(1)
倫理(1)
以下(1)
特定(2)
ブラウザ(1)
以上(3)
完全(1)
文学(1)
２つ(1)
対策(3)
クライアント(1)
SSL(1)
透かし(1)
もの(6)
定期(2)
漏洩(1)
問題(1)
denshi(1)
dwmark(1)
制御(1)
Windows(1)
実行(1)
可用(1)
センター(1)
指紋(1)
権利(1)
ne(1)
開発(2)
入室(1)
jpo(1)
セット(1)
中心(1)
PC(1)
解読(1)
日本(1)
回数(2)
jp(4)
hourituan(1)
password(1)
所在(1)
メール(1)
一つ(1)
併用(1)
更新(2)
提供(1)
ID(1)
劣化(1)
複製(1)
hyoujun(1)
)②(1)
)④(1)
学生(1)
ホール(1)
ほう(1)
決定(1)
変換(1)
接続(1)
定義(4)
添付(1)
実践(1)
コンピュータ(4)
速やか(2)
可能(1)
機構(1)
音楽(1)
学術(1)
セコム(1)
確保(1)
ほか(1)
一致(1)
通信(1)
制限(2)
Socket(1)
時間(1)
整備(2)
security(1)
受け手(1)
強弱(1)
デジタル(1)
://(4)
下記(1)
規則(1)
)、(1)
診断(1)
htmlhttp(1)
Secure(1)
映像(1)
情報(7)
様々(1)
Rights(1)
生体(1)
トラスト(1)
it(1)
正規(1)
秘密(1)
特有(1)
条件(1)
DRM(1)
その後(1)
secword(1)
登録(1)
Layer(1)
表現(1)
電子(2)
随時(1)
自己(1)
よう(4)
verisign(1)
フロッピーディスク(1)
Digital(1)
認証(3)
{ 1 } { 2 } { 3 4 } { 5 } { 6 } { 7 } { 8 9 } { 10 } { 11 } { 12 13 } { 14 15 } 
Segment{ 2 }, Segment{ 3 4 }
コサイン類似度: 0.00904053616707161
Segment{ 3 4 }, Segment{ 5 }
コサイン類似度: 0.07957079134313369
Segment{ 5 }, Segment{ 6 }
コサイン類似度: 0.006490870994124389
Segment{ 6 }, Segment{ 7 }
コサイン類似度: 0.08010537217052571
Segment{ 7 }, Segment{ 8 9 }
コサイン類似度: 0.0
Segment{ 8 9 }, Segment{ 10 }
コサイン類似度: 0.003555332098966273
Segment{ 10 }, Segment{ 11 }
コサイン類似度: 0.03690378773193193
Segment{ 11 }, Segment{ 12 13 }
コサイン類似度: 0.008340175634122152
経路(1)
記憶(2)
biglobe(1)
メディア(1)
コンピューター(1)
手続き(1)
網膜(1)
脆弱(2)
tsusin(1)
制度(1)
ソフトウエア(1)
行為(1)
基準(1)
対応(1)
変化(1)
金銭(1)
推進(1)
悪意(1)
shiryou(1)
生成(1)
発行(1)
セキュリティ(4)
被害(1)
課題(1)
機器(1)
送受信(1)
データベース(1)
美術(1)
gijutsu(1)
他人(2)
銀行(1)
コンテンツ(1)
推定(1)
不正(5)
アルファベット(1)
導入(2)
機密(2)
決済(1)
精度(1)
代表(1)
側面(1)
修正(1)
許可(2)
go(2)
理解(1)
ソフト(1)
/~(1)
明確(2)
発生(1)
自ら(1)
組み合わせ(1)
機能(1)
破壊(2)
net(1)
一定(3)
名前(1)
法律(2)
joho(1)
使用(2)
ミス(1)
sukashi(1)
視聴(1)
動作(1)
盗難(1)
数字(1)
sonota(1)
意図(1)
https(1)
一部(1)
システム(5)
権限(1)
ユーザ(2)
管理(2)
ATM(1)
サイト(3)
異常(1)
画面(1)
文化(1)
共通(1)
通商(1)
英数字(1)
自分(1)
番号(1)
本人(1)
iyori(1)
コピー(2)
ネット(1)
保護(2)
kiso(1)
ネットワーク(3)
su(1)
バイオメトリクス(1)
secomtrust(1)
禁止(2)
復号(1)
こと(5)
設計(1)
加工(1)
index(2)
text(1)
sp(1)
個人(4)
パスワード(2)
kyoto(1)
感染(1)
faq(1)
基礎(1)
技術(2)
国民(1)
co(1)
ipa(1)
softplaza(1)
箇所(1)
Web(2)
テキスト(1)
soumu(1)
長期(1)
周知(1)
ため(5)
暗証(1)
Update(1)
高速(1)
潜伏(1)
はじめ(1)
範囲(1)
www(4)
公開(1)
アクセス(3)
kantei(1)
場合(2)
近年(2)
時刻(1)
建物(1)
英単語(1)
repository(1)
方式(3)
虹彩(1)
ウイルス(2)
容易(1)
覚え(1)
htmhttp(1)
手順(1)
プログラム(2)
安全(2)
利用(3)
htmlz(1)
通常(2)
データ(4)
htmz(1)
本来(1)
送り(1)
判別(1)
必要(3)
思想(1)
意味(2)
産業(1)
ac(1)
閲覧(2)
(!,#,$,%,&,^,¥,@,:,;(1)
伝染(1)
コード(1)
暗号(1)
著作(1)
創作(1)
記号(1)
特徴(1)
info(1)
重要(2)
クレジット(1)
静脈(1)
ログイン(1)
万全(1)
症状(1)
発病(1)
変更(1)
処理(3)
参考(3)
資産(1)
サーバ(1)
privacy(1)
制定(1)
方策(1)
重視(1)
参照(1)
http(4)
感情(1)
演習(1)
画像(1)
houseika(1)
駆除(1)
Management(1)
ファイル(2)
年齢(1)
ユーザー(1)
リンク(1)
事前(1)
現代(1)
設定(1)
文字(1)
発見(1)
倫理(1)
以下(1)
特定(2)
ブラウザ(1)
以上(3)
完全(1)
文学(1)
２つ(1)
対策(3)
クライアント(1)
SSL(1)
透かし(1)
もの(6)
定期(2)
漏洩(1)
問題(1)
denshi(1)
dwmark(1)
制御(1)
Windows(1)
実行(1)
可用(1)
センター(1)
指紋(1)
権利(1)
ne(1)
開発(2)
入室(1)
jpo(1)
セット(1)
中心(1)
PC(1)
解読(1)
日本(1)
回数(2)
jp(4)
hourituan(1)
password(1)
所在(1)
メール(1)
一つ(1)
併用(1)
更新(2)
提供(1)
ID(1)
劣化(1)
複製(1)
hyoujun(1)
)②(1)
)④(1)
学生(1)
ホール(1)
ほう(1)
決定(1)
変換(1)
接続(1)
定義(4)
添付(1)
実践(1)
コンピュータ(4)
速やか(2)
可能(1)
機構(1)
音楽(1)
学術(1)
セコム(1)
確保(1)
ほか(1)
一致(1)
通信(1)
制限(2)
Socket(1)
時間(1)
整備(2)
security(1)
受け手(1)
強弱(1)
デジタル(1)
://(4)
下記(1)
規則(1)
)、(1)
診断(1)
htmlhttp(1)
Secure(1)
映像(1)
情報(7)
様々(1)
Rights(1)
生体(1)
トラスト(1)
it(1)
正規(1)
秘密(1)
特有(1)
条件(1)
DRM(1)
その後(1)
secword(1)
登録(1)
Layer(1)
表現(1)
電子(2)
随時(1)
自己(1)
よう(4)
verisign(1)
フロッピーディスク(1)
Digital(1)
認証(3)
{ 1 } { 2 } { 3 4 } { 5 } { 6 7 } { 8 9 } { 10 } { 11 } { 12 13 } { 14 15 } 
Segment{ 2 }, Segment{ 3 4 }
コサイン類似度: 0.009012895161921202
Segment{ 3 4 }, Segment{ 5 }
コサイン類似度: 0.08048171606830187
Segment{ 5 }, Segment{ 6 7 }
コサイン類似度: 0.015711967577916913
Segment{ 8 9 }, Segment{ 10 }
コサイン類似度: 0.0035530940502444828
Segment{ 10 }, Segment{ 11 }
コサイン類似度: 0.03730937934290742
Segment{ 11 }, Segment{ 12 13 }
コサイン類似度: 0.00832555927015416
経路(1)
記憶(2)
biglobe(1)
メディア(1)
コンピューター(1)
手続き(1)
網膜(1)
脆弱(2)
tsusin(1)
制度(1)
ソフトウエア(1)
行為(1)
基準(1)
対応(1)
変化(1)
金銭(1)
推進(1)
悪意(1)
shiryou(1)
生成(1)
発行(1)
セキュリティ(4)
被害(1)
課題(1)
機器(1)
送受信(1)
データベース(1)
美術(1)
gijutsu(1)
他人(2)
銀行(1)
コンテンツ(1)
推定(1)
不正(5)
アルファベット(1)
導入(2)
機密(2)
決済(1)
精度(1)
代表(1)
側面(1)
修正(1)
許可(2)
go(2)
理解(1)
ソフト(1)
/~(1)
明確(2)
発生(1)
自ら(1)
組み合わせ(1)
機能(1)
破壊(2)
net(1)
一定(3)
名前(1)
法律(2)
joho(1)
使用(2)
ミス(1)
sukashi(1)
視聴(1)
動作(1)
盗難(1)
数字(1)
sonota(1)
意図(1)
https(1)
一部(1)
システム(4)
権限(1)
管理(2)
ユーザ(1)
ATM(1)
サイト(3)
異常(1)
画面(1)
文化(1)
共通(1)
通商(1)
英数字(1)
自分(1)
番号(1)
本人(1)
iyori(1)
コピー(2)
ネット(1)
保護(2)
kiso(1)
ネットワーク(3)
バイオメトリクス(1)
su(1)
secomtrust(1)
禁止(2)
復号(1)
こと(5)
設計(1)
加工(1)
index(2)
text(1)
sp(1)
個人(4)
パスワード(1)
kyoto(1)
感染(1)
faq(1)
基礎(1)
技術(2)
国民(1)
co(1)
ipa(1)
softplaza(1)
箇所(1)
Web(2)
テキスト(1)
soumu(1)
長期(1)
周知(1)
ため(5)
暗証(1)
Update(1)
高速(1)
潜伏(1)
はじめ(1)
範囲(1)
www(4)
公開(1)
アクセス(3)
kantei(1)
場合(2)
近年(2)
時刻(1)
英単語(1)
建物(1)
repository(1)
方式(2)
虹彩(1)
ウイルス(2)
容易(1)
覚え(1)
htmhttp(1)
手順(1)
プログラム(2)
安全(1)
利用(3)
htmlz(1)
通常(2)
データ(4)
htmz(1)
本来(1)
送り(1)
判別(1)
必要(3)
思想(1)
意味(2)
産業(1)
ac(1)
閲覧(2)
(!,#,$,%,&,^,¥,@,:,;(1)
伝染(1)
コード(1)
暗号(1)
著作(1)
創作(1)
記号(1)
特徴(1)
info(1)
重要(2)
クレジット(1)
静脈(1)
ログイン(1)
万全(1)
症状(1)
発病(1)
変更(1)
処理(3)
参考(3)
資産(1)
サーバ(1)
privacy(1)
制定(1)
方策(1)
重視(1)
参照(1)
http(4)
感情(1)
演習(1)
画像(1)
houseika(1)
駆除(1)
Management(1)
ファイル(2)
年齢(1)
ユーザー(1)
リンク(1)
事前(1)
現代(1)
設定(1)
文字(1)
発見(1)
倫理(1)
以下(1)
特定(2)
ブラウザ(1)
以上(3)
完全(1)
文学(1)
２つ(1)
対策(3)
クライアント(1)
SSL(1)
透かし(1)
もの(5)
定期(2)
漏洩(1)
問題(1)
denshi(1)
dwmark(1)
制御(1)
Windows(1)
実行(1)
可用(1)
センター(1)
指紋(1)
権利(1)
ne(1)
入室(1)
開発(2)
jpo(1)
セット(1)
中心(1)
PC(1)
解読(1)
日本(1)
回数(2)
jp(4)
hourituan(1)
password(1)
所在(1)
メール(1)
一つ(1)
併用(1)
更新(2)
提供(1)
ID(1)
劣化(1)
複製(1)
hyoujun(1)
)②(1)
)④(1)
学生(1)
ホール(1)
ほう(1)
決定(1)
変換(1)
接続(1)
定義(4)
添付(1)
実践(1)
コンピュータ(4)
速やか(2)
可能(1)
機構(1)
音楽(1)
学術(1)
セコム(1)
確保(1)
ほか(1)
一致(1)
通信(1)
制限(2)
Socket(1)
時間(1)
整備(2)
security(1)
受け手(1)
強弱(1)
デジタル(1)
://(4)
下記(1)
規則(1)
)、(1)
診断(1)
htmlhttp(1)
Secure(1)
映像(1)
情報(7)
様々(1)
Rights(1)
生体(1)
トラスト(1)
it(1)
正規(1)
秘密(1)
特有(1)
条件(1)
DRM(1)
その後(1)
secword(1)
登録(1)
Layer(1)
表現(1)
電子(2)
随時(1)
自己(1)
よう(4)
verisign(1)
フロッピーディスク(1)
Digital(1)
認証(2)
{ 1 } { 2 } { 3 4 5 } { 6 7 } { 8 9 } { 10 } { 11 } { 12 13 } { 14 15 } 
Segment{ 2 }, Segment{ 3 4 5 }
コサイン類似度: 0.0139692468052225
Segment{ 8 9 }, Segment{ 10 }
コサイン類似度: 0.0035557623279635726
Segment{ 10 }, Segment{ 11 }
コサイン類似度: 0.03817309987165635
Segment{ 11 }, Segment{ 12 13 }
コサイン類似度: 0.008322242991772123
