普通名詞(1)
参照モデル(1)
通信プロトコル(1)
USBメモリ(1)
DNSサーバー(2)
MACアドレス(1)
インターネットワーキング(2)
IPアドレス(5)
固有名詞(1)
情報技術(1)
{ 1 } { 2 } { 3 } { 4 } { 5 } { 6 } { 7 } { 8 } { 9 } { 10 } { 11 } { 12 } 
Segment{ 2 }, Segment{ 3 }
コサイン類似度: 0.5773502691896258
Segment{ 3 }, Segment{ 4 }
コサイン類似度: 0.0
Segment{ 4 }, Segment{ 5 }
コサイン類似度: 0.0
Segment{ 5 }, Segment{ 6 }
コサイン類似度: 0.0
Segment{ 6 }, Segment{ 7 }
コサイン類似度: 1.0
Segment{ 7 }, Segment{ 8 }
コサイン類似度: 0.1760901812651248
Segment{ 8 }, Segment{ 9 }
コサイン類似度: NaN
Segment{ 9 }, Segment{ 10 }
コサイン類似度: NaN
Segment{ 10 }, Segment{ 11 }
コサイン類似度: NaN
Segment{ 11 }, Segment{ 12 }
コサイン類似度: NaN
普通名詞(1)
参照モデル(1)
通信プロトコル(1)
USBメモリ(1)
DNSサーバー(2)
MACアドレス(1)
インターネットワーキング(2)
IPアドレス(4)
固有名詞(1)
情報技術(1)
{ 1 } { 2 } { 3 } { 4 } { 5 } { 6 7 } { 8 } { 9 } { 10 } { 11 } { 12 } 
Segment{ 2 }, Segment{ 3 }
コサイン類似度: 0.5773502691896258
Segment{ 3 }, Segment{ 4 }
コサイン類似度: 0.0
Segment{ 4 }, Segment{ 5 }
コサイン類似度: 0.0
Segment{ 5 }, Segment{ 6 7 }
コサイン類似度: 0.0
Segment{ 6 7 }, Segment{ 8 }
コサイン類似度: 0.2182178902359924
Segment{ 8 }, Segment{ 9 }
コサイン類似度: NaN
Segment{ 9 }, Segment{ 10 }
コサイン類似度: NaN
Segment{ 10 }, Segment{ 11 }
コサイン類似度: NaN
Segment{ 11 }, Segment{ 12 }
コサイン類似度: NaN
普通名詞(1)
参照モデル(1)
通信プロトコル(1)
USBメモリ(1)
DNSサーバー(2)
MACアドレス(1)
インターネットワーキング(1)
IPアドレス(4)
固有名詞(1)
情報技術(1)
{ 1 } { 2 3 } { 4 } { 5 } { 6 7 } { 8 } { 9 } { 10 } { 11 } { 12 } 
Segment{ 2 3 }, Segment{ 4 }
コサイン類似度: 0.0
Segment{ 4 }, Segment{ 5 }
コサイン類似度: 0.0
Segment{ 5 }, Segment{ 6 7 }
コサイン類似度: 0.0
Segment{ 6 7 }, Segment{ 8 }
コサイン類似度: 0.2182178902359924
Segment{ 8 }, Segment{ 9 }
コサイン類似度: NaN
Segment{ 9 }, Segment{ 10 }
コサイン類似度: NaN
Segment{ 10 }, Segment{ 11 }
コサイン類似度: NaN
Segment{ 11 }, Segment{ 12 }
コサイン類似度: NaN
普通名詞(1)
参照モデル(1)
通信プロトコル(1)
USBメモリ(1)
DNSサーバー(2)
MACアドレス(1)
インターネットワーキング(1)
IPアドレス(3)
固有名詞(1)
情報技術(1)
{ 1 } { 2 3 } { 4 } { 5 } { 6 7 8 } { 9 } { 10 } { 11 } { 12 } 
Segment{ 2 3 }, Segment{ 4 }
コサイン類似度: 0.0
Segment{ 4 }, Segment{ 5 }
コサイン類似度: 0.0
Segment{ 5 }, Segment{ 6 7 8 }
コサイン類似度: 0.0
Segment{ 6 7 8 }, Segment{ 9 }
コサイン類似度: NaN
Segment{ 9 }, Segment{ 10 }
コサイン類似度: NaN
Segment{ 10 }, Segment{ 11 }
コサイン類似度: NaN
Segment{ 11 }, Segment{ 12 }
コサイン類似度: NaN
User(1)
構成(2)
ソフトウエア(1)
付加(2)
info(1)
容量(2)
一般(1)
ＭＡＣ(1)
分割(2)
今回(1)
終了(1)
任意(1)
Net(1)
トランスポート(1)
複雑(1)
ping(1)
担当(1)
参考(1)
課題(1)
サーバー(2)
開始(1)
送受信(3)
それぞれ(1)
練習(1)
確認(3)
メモリ(1)
Server(1)
IPhttp(1)
イーサネット(1)
参照(2)
http(4)
普通(1)
演習(2)
Internet(2)
慣習(1)
/~(1)
名詞(1)
UDP(1)
相当(1)
ファイル(1)
メールアドレス(1)
役割(1)
)：(1)
規約(2)
net(2)
org(2)
インターネット(4)
コマンドプロンプト(2)
Control(1)
使用(1)
現代(1)
newbie(1)
The(1)
先ほど(1)
頻繁(1)
特定(1)
無線(1)
研究(1)
ＩＰ(1)
wiki(2)
アドレス(4)
要綱(1)
状態(1)
Transmission(1)
モニタ(1)
実施(1)
システム(1)
もの(3)
問題(1)
管理(1)
制御(2)
ケーブル(1)
TCP(5)
専用(2)
文化(1)
tsukaeru(1)
USB(1)
Address(1)
wikipedia(2)
ワーキング(1)
相互(1)
複数(1)
引用(1)
各自(1)
儀礼(1)
相手(1)
old(1)
com(1)
具体(1)
jp(4)
iyori(2)
/)(1)
Wikipedia(2)
送信(2)
mbox(1)
起動(1)
メール(1)
ipconfig(1)
確実(1)
ヘッダ(1)
ネットワーク(6)
su(1)
発信(1)
DNS(2)
Protocol(1)
受け渡し(1)
こと(4)
調べ(1)
srumiko(1)
接続(2)
定義(1)
kyoto(2)
IP(7)
アクセサリ(1)
基礎(1)
収集(1)
se(1)
やり取り(1)
簡単(1)
コンピュータ(2)
技術(2)
co(1)
提出(1)
識別(1)
標準(3)
議定(1)
tfiles(1)
パケット(5)
悪用(1)
全体(1)
モデル(1)
ため(2)
OSI(1)
media(1)
internet(1)
その他(1)
通信(3)
固有(1)
Datagram(1)
通り(1)
狭義(1)
結構(1)
www(3)
広義(1)
ファミリ(1)
tcpip(1)
場合(2)
コマンド(2)
://(4)
vector(1)
中身(1)
規則(1)
目的(1)
)。(1)
テーマ(1)
)、(1)
htmhttp(1)
all(1)
手順(2)
プログラム(1)
情報(5)
様々(3)
protocol(1)
プロトコル(5)
通常(1)
htmlz(1)
データ(1)
表示(3)
現在(1)
本来(1)
win(1)
非常(1)
soft(1)
ip(1)
Physical(1)
よう(1)
宛先(1)
address(1)
意味(2)
an(1)
ac(2)
総称(1)
html(1)
単位(2)
MAC(1)
ja(2)
{ 1 } { 2 3 } { 4 } { 5 } { 6 7 8 } { 9 } { 10 } { 11 } { 12 } 
Segment{ 2 3 }, Segment{ 4 }
コサイン類似度: 0.09591251604327755
Segment{ 4 }, Segment{ 5 }
コサイン類似度: 0.08570812081187815
Segment{ 5 }, Segment{ 6 7 8 }
コサイン類似度: 0.03472541970654968
Segment{ 6 7 8 }, Segment{ 9 }
コサイン類似度: 0.10217555124000001
Segment{ 9 }, Segment{ 10 }
コサイン類似度: 0.03139762905526323
Segment{ 10 }, Segment{ 11 }
コサイン類似度: 0.03134426055723713
Segment{ 11 }, Segment{ 12 }
コサイン類似度: 0.005819107309894797
User(1)
構成(2)
ソフトウエア(1)
付加(1)
info(1)
容量(1)
一般(1)
分割(1)
ＭＡＣ(1)
今回(1)
終了(1)
任意(1)
Net(1)
トランスポート(1)
複雑(1)
ping(1)
担当(1)
参考(1)
課題(1)
サーバー(2)
開始(1)
送受信(2)
それぞれ(1)
練習(1)
確認(3)
メモリ(1)
Server(1)
IPhttp(1)
イーサネット(1)
参照(2)
http(4)
普通(1)
演習(2)
Internet(2)
慣習(1)
/~(1)
名詞(1)
UDP(1)
相当(1)
ファイル(1)
メールアドレス(1)
役割(1)
)：(1)
規約(2)
net(2)
org(2)
インターネット(4)
コマンドプロンプト(2)
Control(1)
使用(1)
現代(1)
newbie(1)
The(1)
先ほど(1)
頻繁(1)
特定(1)
無線(1)
研究(1)
ＩＰ(1)
wiki(2)
アドレス(3)
要綱(1)
状態(1)
Transmission(1)
モニタ(1)
実施(1)
システム(1)
もの(2)
問題(1)
管理(1)
制御(1)
ケーブル(1)
TCP(4)
専用(2)
文化(1)
tsukaeru(1)
USB(1)
Address(1)
wikipedia(2)
ワーキング(1)
相互(1)
複数(1)
引用(1)
各自(1)
儀礼(1)
相手(1)
old(1)
com(1)
具体(1)
jp(4)
iyori(2)
/)(1)
Wikipedia(2)
送信(1)
mbox(1)
起動(1)
メール(1)
ipconfig(1)
確実(1)
ヘッダ(1)
ネットワーク(5)
su(1)
発信(1)
DNS(2)
Protocol(1)
受け渡し(1)
こと(4)
調べ(1)
srumiko(1)
接続(2)
定義(1)
kyoto(2)
IP(6)
アクセサリ(1)
基礎(1)
収集(1)
se(1)
やり取り(1)
簡単(1)
コンピュータ(2)
技術(2)
co(1)
提出(1)
識別(1)
標準(3)
議定(1)
tfiles(1)
パケット(4)
悪用(1)
全体(1)
モデル(1)
ため(2)
OSI(1)
media(1)
internet(1)
その他(1)
通信(3)
固有(1)
Datagram(1)
通り(1)
狭義(1)
結構(1)
www(3)
広義(1)
ファミリ(1)
tcpip(1)
場合(2)
コマンド(2)
://(4)
vector(1)
中身(1)
規則(1)
目的(1)
)。(1)
テーマ(1)
)、(1)
htmhttp(1)
all(1)
手順(2)
プログラム(1)
情報(4)
様々(2)
protocol(1)
プロトコル(5)
通常(1)
htmlz(1)
表示(3)
データ(1)
現在(1)
本来(1)
win(1)
非常(1)
soft(1)
ip(1)
Physical(1)
よう(1)
宛先(1)
address(1)
意味(2)
an(1)
ac(2)
総称(1)
html(1)
単位(1)
MAC(1)
ja(2)
{ 1 } { 2 3 } { 4 } { 5 } { 6 7 8 9 } { 10 } { 11 } { 12 } 
Segment{ 2 3 }, Segment{ 4 }
コサイン類似度: 0.09957140294803347
Segment{ 4 }, Segment{ 5 }
コサイン類似度: 0.08981001612899897
Segment{ 5 }, Segment{ 6 7 8 9 }
コサイン類似度: 0.04115932820248531
Segment{ 6 7 8 9 }, Segment{ 10 }
コサイン類似度: 0.09338229168816761
Segment{ 10 }, Segment{ 11 }
コサイン類似度: 0.034994905779840574
Segment{ 11 }, Segment{ 12 }
コサイン類似度: 0.007514616692852217
User(1)
構成(2)
ソフトウエア(1)
付加(1)
info(1)
容量(1)
一般(1)
分割(1)
ＭＡＣ(1)
今回(1)
終了(1)
任意(1)
Net(1)
トランスポート(1)
複雑(1)
ping(1)
担当(1)
参考(1)
課題(1)
サーバー(2)
開始(1)
送受信(2)
それぞれ(1)
練習(1)
確認(3)
メモリ(1)
Server(1)
IPhttp(1)
イーサネット(1)
参照(2)
http(4)
普通(1)
演習(2)
Internet(2)
慣習(1)
名詞(1)
/~(1)
UDP(1)
相当(1)
ファイル(1)
メールアドレス(1)
役割(1)
)：(1)
規約(2)
net(2)
org(2)
インターネット(3)
コマンドプロンプト(2)
Control(1)
使用(1)
現代(1)
newbie(1)
The(1)
先ほど(1)
頻繁(1)
特定(1)
無線(1)
研究(1)
ＩＰ(1)
wiki(2)
アドレス(3)
要綱(1)
状態(1)
Transmission(1)
モニタ(1)
実施(1)
もの(2)
システム(1)
問題(1)
管理(1)
制御(1)
ケーブル(1)
TCP(3)
文化(1)
専用(2)
tsukaeru(1)
USB(1)
Address(1)
ワーキング(1)
wikipedia(2)
相互(1)
複数(1)
引用(1)
各自(1)
儀礼(1)
相手(1)
old(1)
com(1)
具体(1)
jp(4)
iyori(2)
/)(1)
Wikipedia(2)
送信(1)
mbox(1)
起動(1)
メール(1)
ipconfig(1)
確実(1)
ヘッダ(1)
ネットワーク(4)
su(1)
発信(1)
DNS(2)
Protocol(1)
受け渡し(1)
こと(4)
調べ(1)
srumiko(1)
接続(2)
定義(1)
kyoto(2)
IP(5)
アクセサリ(1)
基礎(1)
収集(1)
se(1)
やり取り(1)
簡単(1)
コンピュータ(1)
技術(2)
co(1)
提出(1)
識別(1)
標準(2)
議定(1)
tfiles(1)
パケット(4)
悪用(1)
全体(1)
モデル(1)
ため(2)
OSI(1)
media(1)
internet(1)
その他(1)
通信(3)
固有(1)
Datagram(1)
通り(1)
狭義(1)
結構(1)
広義(1)
www(3)
ファミリ(1)
tcpip(1)
場合(2)
コマンド(2)
://(4)
vector(1)
中身(1)
規則(1)
目的(1)
)。(1)
テーマ(1)
)、(1)
htmhttp(1)
all(1)
手順(2)
プログラム(1)
情報(4)
様々(2)
protocol(1)
プロトコル(4)
通常(1)
htmlz(1)
表示(3)
データ(1)
現在(1)
本来(1)
win(1)
非常(1)
soft(1)
ip(1)
Physical(1)
よう(1)
宛先(1)
address(1)
意味(2)
an(1)
ac(2)
総称(1)
html(1)
単位(1)
MAC(1)
ja(2)
{ 1 } { 2 3 4 } { 5 } { 6 7 8 9 } { 10 } { 11 } { 12 } 
Segment{ 2 3 4 }, Segment{ 5 }
コサイン類似度: 0.0961556513682899
Segment{ 5 }, Segment{ 6 7 8 9 }
コサイン類似度: 0.059934771881407285
Segment{ 6 7 8 9 }, Segment{ 10 }
コサイン類似度: 0.09815562532064837
Segment{ 10 }, Segment{ 11 }
コサイン類似度: 0.03488209293137591
Segment{ 11 }, Segment{ 12 }
コサイン類似度: 0.007513207397930331
User(1)
構成(2)
ソフトウエア(1)
付加(1)
info(1)
容量(1)
一般(1)
分割(1)
ＭＡＣ(1)
今回(1)
終了(1)
任意(1)
Net(1)
トランスポート(1)
複雑(1)
担当(1)
ping(1)
参考(1)
課題(1)
サーバー(1)
開始(1)
送受信(2)
それぞれ(1)
練習(1)
確認(2)
メモリ(1)
Server(1)
IPhttp(1)
イーサネット(1)
参照(2)
http(4)
普通(1)
演習(2)
Internet(2)
慣習(1)
名詞(1)
/~(1)
UDP(1)
相当(1)
ファイル(1)
メールアドレス(1)
役割(1)
)：(1)
規約(2)
net(2)
org(2)
インターネット(3)
コマンドプロンプト(1)
Control(1)
使用(1)
現代(1)
newbie(1)
The(1)
先ほど(1)
頻繁(1)
特定(1)
無線(1)
研究(1)
ＩＰ(1)
wiki(2)
アドレス(2)
要綱(1)
状態(1)
Transmission(1)
モニタ(1)
実施(1)
もの(2)
システム(1)
管理(1)
問題(1)
制御(1)
ケーブル(1)
TCP(3)
文化(1)
専用(2)
tsukaeru(1)
USB(1)
Address(1)
ワーキング(1)
wikipedia(2)
相互(1)
複数(1)
引用(1)
各自(1)
儀礼(1)
相手(1)
old(1)
com(1)
具体(1)
jp(4)
iyori(2)
/)(1)
Wikipedia(2)
送信(1)
mbox(1)
起動(1)
メール(1)
ipconfig(1)
確実(1)
ヘッダ(1)
ネットワーク(3)
su(1)
発信(1)
DNS(1)
Protocol(1)
受け渡し(1)
こと(3)
調べ(1)
srumiko(1)
接続(2)
定義(1)
kyoto(2)
IP(4)
アクセサリ(1)
基礎(1)
収集(1)
se(1)
やり取り(1)
簡単(1)
コンピュータ(1)
技術(2)
co(1)
提出(1)
識別(1)
標準(2)
議定(1)
tfiles(1)
パケット(3)
悪用(1)
全体(1)
モデル(1)
ため(1)
OSI(1)
media(1)
internet(1)
その他(1)
通信(3)
固有(1)
Datagram(1)
通り(1)
狭義(1)
結構(1)
広義(1)
www(3)
ファミリ(1)
tcpip(1)
場合(2)
コマンド(1)
://(4)
vector(1)
中身(1)
規則(1)
目的(1)
)。(1)
テーマ(1)
)、(1)
htmhttp(1)
all(1)
手順(2)
プログラム(1)
情報(4)
様々(2)
protocol(1)
プロトコル(4)
htmlz(1)
通常(1)
表示(2)
データ(1)
現在(1)
本来(1)
win(1)
非常(1)
soft(1)
ip(1)
Physical(1)
よう(1)
宛先(1)
address(1)
意味(2)
an(1)
ac(2)
総称(1)
html(1)
単位(1)
MAC(1)
ja(2)
{ 1 } { 2 3 4 } { 5 } { 6 7 8 9 10 } { 11 } { 12 } 
Segment{ 2 3 4 }, Segment{ 5 }
コサイン類似度: 0.10097956633571667
Segment{ 5 }, Segment{ 6 7 8 9 10 }
コサイン類似度: 0.06510770509935877
Segment{ 6 7 8 9 10 }, Segment{ 11 }
コサイン類似度: 0.08838543513205702
Segment{ 11 }, Segment{ 12 }
コサイン類似度: 0.01110328511576338
User(1)
構成(2)
ソフトウエア(1)
付加(1)
info(1)
容量(1)
一般(1)
分割(1)
ＭＡＣ(1)
今回(1)
終了(1)
任意(1)
Net(1)
トランスポート(1)
複雑(1)
担当(1)
ping(1)
参考(1)
課題(1)
サーバー(1)
開始(1)
送受信(2)
それぞれ(1)
練習(1)
確認(2)
メモリ(1)
Server(1)
IPhttp(1)
イーサネット(1)
参照(2)
http(4)
普通(1)
演習(2)
Internet(1)
慣習(1)
名詞(1)
UDP(1)
/~(1)
相当(1)
ファイル(1)
メールアドレス(1)
役割(1)
)：(1)
規約(1)
net(2)
インターネット(2)
org(2)
コマンドプロンプト(1)
Control(1)
使用(1)
現代(1)
newbie(1)
The(1)
先ほど(1)
頻繁(1)
特定(1)
無線(1)
研究(1)
ＩＰ(1)
wiki(2)
アドレス(2)
要綱(1)
状態(1)
Transmission(1)
モニタ(1)
実施(1)
もの(2)
システム(1)
管理(1)
問題(1)
制御(1)
ケーブル(1)
TCP(2)
文化(1)
専用(2)
tsukaeru(1)
USB(1)
Address(1)
ワーキング(1)
wikipedia(2)
相互(1)
複数(1)
引用(1)
各自(1)
儀礼(1)
相手(1)
old(1)
com(1)
具体(1)
jp(4)
iyori(2)
/)(1)
Wikipedia(1)
送信(1)
mbox(1)
起動(1)
メール(1)
ipconfig(1)
確実(1)
ヘッダ(1)
ネットワーク(2)
su(1)
発信(1)
DNS(1)
Protocol(1)
受け渡し(1)
こと(3)
調べ(1)
srumiko(1)
接続(2)
定義(1)
kyoto(2)
IP(3)
アクセサリ(1)
基礎(1)
収集(1)
se(1)
やり取り(1)
簡単(1)
コンピュータ(1)
技術(2)
co(1)
提出(1)
識別(1)
標準(1)
議定(1)
tfiles(1)
パケット(3)
悪用(1)
全体(1)
モデル(1)
ため(1)
OSI(1)
media(1)
internet(1)
その他(1)
通信(3)
固有(1)
Datagram(1)
狭義(1)
通り(1)
結構(1)
www(3)
ファミリ(1)
広義(1)
tcpip(1)
場合(2)
コマンド(1)
://(4)
vector(1)
中身(1)
規則(1)
目的(1)
)。(1)
テーマ(1)
)、(1)
htmhttp(1)
all(1)
手順(1)
プログラム(1)
情報(4)
様々(2)
protocol(1)
プロトコル(3)
htmlz(1)
通常(1)
表示(2)
データ(1)
現在(1)
本来(1)
win(1)
非常(1)
soft(1)
ip(1)
Physical(1)
よう(1)
宛先(1)
address(1)
意味(2)
an(1)
ac(2)
総称(1)
html(1)
単位(1)
MAC(1)
ja(2)
{ 1 } { 2 3 4 5 } { 6 7 8 9 10 } { 11 } { 12 } 
Segment{ 6 7 8 9 10 }, Segment{ 11 }
コサイン類似度: 0.08619573981367742
Segment{ 11 }, Segment{ 12 }
コサイン類似度: 0.011095066112277818
User(1)
構成(2)
付加(1)
ソフトウエア(1)
info(1)
容量(1)
一般(1)
分割(1)
ＭＡＣ(1)
今回(1)
終了(1)
任意(1)
Net(1)
トランスポート(1)
複雑(1)
ping(1)
担当(1)
参考(1)
課題(1)
サーバー(1)
開始(1)
送受信(1)
それぞれ(1)
練習(1)
確認(1)
メモリ(1)
Server(1)
IPhttp(1)
イーサネット(1)
参照(2)
http(3)
普通(1)
演習(2)
Internet(1)
慣習(1)
名詞(1)
UDP(1)
/~(1)
相当(1)
ファイル(1)
メールアドレス(1)
役割(1)
)：(1)
規約(1)
net(1)
インターネット(2)
org(2)
コマンドプロンプト(1)
Control(1)
使用(1)
現代(1)
newbie(1)
The(1)
先ほど(1)
頻繁(1)
特定(1)
無線(1)
研究(1)
ＩＰ(1)
wiki(2)
アドレス(2)
要綱(1)
状態(1)
Transmission(1)
モニタ(1)
実施(1)
もの(2)
システム(1)
問題(1)
管理(1)
制御(1)
ケーブル(1)
TCP(2)
文化(1)
専用(2)
tsukaeru(1)
USB(1)
Address(1)
ワーキング(1)
wikipedia(2)
相互(1)
複数(1)
引用(1)
各自(1)
儀礼(1)
相手(1)
old(1)
com(1)
具体(1)
jp(3)
iyori(2)
/)(1)
送信(1)
Wikipedia(1)
mbox(1)
起動(1)
メール(1)
ipconfig(1)
確実(1)
ヘッダ(1)
ネットワーク(2)
su(1)
発信(1)
DNS(1)
Protocol(1)
受け渡し(1)
こと(2)
調べ(1)
srumiko(1)
接続(2)
定義(1)
kyoto(2)
IP(3)
アクセサリ(1)
基礎(1)
収集(1)
se(1)
やり取り(1)
簡単(1)
コンピュータ(1)
技術(2)
co(1)
提出(1)
識別(1)
標準(1)
議定(1)
パケット(2)
tfiles(1)
悪用(1)
全体(1)
モデル(1)
ため(1)
OSI(1)
media(1)
internet(1)
その他(1)
通信(2)
固有(1)
Datagram(1)
狭義(1)
通り(1)
結構(1)
www(2)
ファミリ(1)
広義(1)
tcpip(1)
場合(2)
コマンド(1)
://(3)
vector(1)
中身(1)
規則(1)
目的(1)
)。(1)
テーマ(1)
)、(1)
all(1)
htmhttp(1)
手順(1)
プログラム(1)
情報(4)
様々(2)
protocol(1)
プロトコル(3)
通常(1)
htmlz(1)
データ(1)
表示(1)
現在(1)
本来(1)
win(1)
非常(1)
ip(1)
soft(1)
Physical(1)
よう(1)
宛先(1)
address(1)
意味(2)
an(1)
ac(2)
総称(1)
単位(1)
html(1)
MAC(1)
ja(2)
{ 1 } { 2 3 4 5 } { 6 7 8 9 10 11 } { 12 } 
Segment{ 6 7 8 9 10 11 }, Segment{ 12 }
コサイン類似度: 0.06744524964935203
User(1)
構成(1)
付加(1)
ソフトウエア(1)
info(1)
容量(1)
一般(1)
分割(1)
ＭＡＣ(1)
今回(1)
終了(1)
任意(1)
Net(1)
トランスポート(1)
複雑(1)
ping(1)
担当(1)
参考(1)
課題(1)
サーバー(1)
送受信(1)
開始(1)
それぞれ(1)
練習(1)
確認(1)
Server(1)
メモリ(1)
IPhttp(1)
イーサネット(1)
参照(2)
http(3)
普通(1)
演習(2)
Internet(1)
慣習(1)
名詞(1)
UDP(1)
/~(1)
相当(1)
ファイル(1)
メールアドレス(1)
役割(1)
)：(1)
規約(1)
net(1)
インターネット(2)
org(2)
コマンドプロンプト(1)
Control(1)
使用(1)
現代(1)
newbie(1)
The(1)
先ほど(1)
頻繁(1)
特定(1)
無線(1)
研究(1)
ＩＰ(1)
wiki(2)
アドレス(1)
要綱(1)
状態(1)
Transmission(1)
モニタ(1)
実施(1)
もの(2)
システム(1)
問題(1)
管理(1)
制御(1)
ケーブル(1)
TCP(2)
文化(1)
専用(2)
tsukaeru(1)
USB(1)
Address(1)
ワーキング(1)
wikipedia(2)
相互(1)
複数(1)
引用(1)
各自(1)
儀礼(1)
相手(1)
old(1)
com(1)
具体(1)
jp(2)
iyori(2)
/)(1)
送信(1)
Wikipedia(1)
mbox(1)
起動(1)
ipconfig(1)
メール(1)
確実(1)
ヘッダ(1)
ネットワーク(2)
su(1)
発信(1)
DNS(1)
Protocol(1)
受け渡し(1)
こと(2)
srumiko(1)
調べ(1)
接続(2)
定義(1)
kyoto(2)
IP(2)
アクセサリ(1)
基礎(1)
収集(1)
se(1)
やり取り(1)
簡単(1)
コンピュータ(1)
技術(2)
co(1)
識別(1)
提出(1)
標準(1)
議定(1)
パケット(1)
tfiles(1)
悪用(1)
全体(1)
モデル(1)
ため(1)
OSI(1)
media(1)
internet(1)
その他(1)
通信(2)
固有(1)
Datagram(1)
狭義(1)
通り(1)
結構(1)
www(2)
ファミリ(1)
広義(1)
tcpip(1)
場合(2)
コマンド(1)
://(3)
vector(1)
中身(1)
規則(1)
目的(1)
)。(1)
テーマ(1)
)、(1)
all(1)
htmhttp(1)
手順(1)
プログラム(1)
情報(3)
様々(2)
protocol(1)
プロトコル(3)
通常(1)
htmlz(1)
データ(1)
表示(1)
現在(1)
本来(1)
win(1)
非常(1)
ip(1)
soft(1)
Physical(1)
宛先(1)
よう(1)
address(1)
意味(2)
an(1)
ac(2)
総称(1)
単位(1)
html(1)
MAC(1)
ja(2)
{ 1 } { 2 3 4 5 } { 6 7 8 9 10 11 12 } 
User(1)
構成(1)
付加(1)
ソフトウエア(1)
info(1)
容量(1)
一般(1)
分割(1)
ＭＡＣ(1)
今回(1)
終了(1)
任意(1)
Net(1)
トランスポート(1)
複雑(1)
ping(1)
担当(1)
参考(1)
課題(1)
サーバー(1)
送受信(1)
開始(1)
それぞれ(1)
練習(1)
確認(1)
Server(1)
メモリ(1)
IPhttp(1)
イーサネット(1)
参照(2)
http(3)
普通(1)
演習(2)
Internet(1)
慣習(1)
名詞(1)
UDP(1)
/~(1)
相当(1)
ファイル(1)
メールアドレス(1)
役割(1)
)：(1)
規約(1)
net(1)
インターネット(2)
org(2)
コマンドプロンプト(1)
Control(1)
使用(1)
現代(1)
newbie(1)
The(1)
先ほど(1)
頻繁(1)
特定(1)
無線(1)
研究(1)
ＩＰ(1)
wiki(2)
アドレス(1)
要綱(1)
状態(1)
Transmission(1)
モニタ(1)
実施(1)
もの(2)
システム(1)
問題(1)
管理(1)
制御(1)
ケーブル(1)
TCP(2)
文化(1)
専用(2)
tsukaeru(1)
USB(1)
Address(1)
ワーキング(1)
wikipedia(2)
相互(1)
複数(1)
引用(1)
各自(1)
儀礼(1)
相手(1)
old(1)
com(1)
具体(1)
jp(2)
iyori(2)
/)(1)
送信(1)
Wikipedia(1)
mbox(1)
起動(1)
ipconfig(1)
メール(1)
確実(1)
ヘッダ(1)
ネットワーク(2)
su(1)
発信(1)
DNS(1)
Protocol(1)
受け渡し(1)
こと(2)
srumiko(1)
調べ(1)
接続(2)
定義(1)
kyoto(2)
IP(2)
アクセサリ(1)
基礎(1)
収集(1)
se(1)
やり取り(1)
簡単(1)
コンピュータ(1)
技術(2)
co(1)
識別(1)
提出(1)
標準(1)
議定(1)
パケット(1)
tfiles(1)
悪用(1)
全体(1)
モデル(1)
ため(1)
OSI(1)
media(1)
internet(1)
その他(1)
通信(2)
固有(1)
Datagram(1)
狭義(1)
通り(1)
結構(1)
www(2)
ファミリ(1)
広義(1)
tcpip(1)
場合(2)
コマンド(1)
://(3)
vector(1)
中身(1)
規則(1)
目的(1)
)。(1)
テーマ(1)
)、(1)
all(1)
htmhttp(1)
手順(1)
プログラム(1)
情報(3)
様々(2)
protocol(1)
プロトコル(3)
通常(1)
htmlz(1)
データ(1)
表示(1)
現在(1)
本来(1)
win(1)
非常(1)
ip(1)
soft(1)
Physical(1)
宛先(1)
よう(1)
address(1)
意味(2)
an(1)
ac(2)
総称(1)
単位(1)
html(1)
MAC(1)
ja(2)
{ 1 } { 2 3 4 5 } { 6 7 8 9 10 11 12 } 
