filename: ensyu08
xmlFile: /home/sakamoto/OCWData/ocw.kyoto-u.ac.jp/05-情報技術演習,2005/ensyu08/slide.xml
dir: /home/sakamoto/OCWData/ocw.kyoto-u.ac.jp/05-情報技術演習,2005/ensyu08
XML:
<presentation language="ja"><slide page="1"><body><p>z 「情報技術演習」に参加される方は、前方（３列目まで）に着席してください。z 自習の方は申し訳ないですが後方をご利用ください。z http://www.kyoto-su.ac.jp/~iyori/info/</p></body></slide><slide page="2"><body><p>基礎現代文化学情報技術演習 第8回インターネット･アプリケーションhttp://www.kyoto-su.ac.jp/~iyori/info/</p></body></slide><slide page="3"><body><p>アプリケーション･ソフトウエアz アプリケーション･ソフトウエア：コンピュータ上での特定の作業をおこなったり、機能を提供するためのソフトウエア。z OSを基本ソフトウエアと呼ぶのに対して「応用ソフトウエア」とも呼ばれる。z インターネット・プロトコルを利用するものとして◆Webブラウザ◆メーラー（電子メールソフト）◆FTPクライアントなどがある。</p></body></slide><slide page="4"><body><p>アプリケーション層のプロトコルz インターネット･アプリケーションで使用されるプロトコルは、前回述べた「OSI参照モデル」の第7層「アプリケーション層」で主に定義されている。OSI参照モデル（Wikipediaより引用）</p></body></slide><slide page="5"><body><p>HTTP (Hypertext Transfer Protocol)z HTTP：Webサーバとクライアント（Webブラウザ等）の間でHTML (Hypertext Markup Language)文書、ファイル等のコンテンツをやり取りするための通信プロトコル。z クライアントからサーバに対して要求（リクエスト）を送信し、サーバがそのリクエスト内容に応じた返答（レスポンス）を返す形で通信が行われる。z HTTPの通信イメージhttp://www.mars.dti.ne.jp/~torao/program/protocol/http.htmlhttp://www.mars.dti.ne.jp/~torao/program/protocol/http.swf</p></body></slide><slide page="6"><body><p>HTTPリクエストとレスポンスz クライアント（Webブラウザ）とWebサーバの間で実際にやり取りされるメッセージは？【参考】http://ja.wikipedia.org/wiki/Hypertext_Transfer_Protocolz 下記のWebサイトを用いて、実際のHTTPリクエスト、HTTPレスポンスを見てみようhttp://web-sniffer.net/z HTTPリクエスト、レスポンスの内容については下記参照。http://www3.tokai.or.jp/mots/notes/http.html</p></body></slide><slide page="7"><body><p>FTP (File Transfer Protocol)z FTP：サーバとクライアントの間でファイルを転送するためのプロトコル。通常はID、パスワードによる認証を必要とする。z ただし、ファイル配布などの目的で匿名アクセスが可能なAnonymous FTPサーバなどもある。ユーザ名として「anonymous」、パスワードとして（仮のものでも）電子メールアドレスを使用することが多い。FTPクライアント・ソフトウエアの一例</p></body></slide><slide page="8"><body><p>FTPサーバに接続してみるz 残念ながら皆さんが使用している環境にはFTPクライアントソフトはインストールされていませんが、Internet Explorer でもFTPサーバに接続が可能です。z 例：Vine Linuxの配布サーバに接続してみる（Anonymous FTPサーバ）URL部分に ftp://ftp.ring.gr.jp/pub/linux/Vine/ と入力してみて下さい。FTPサーバへの接続例</p></body></slide><slide page="9"><body><p>電子メールz 電子メール（e-mail）で使用されるプロトコルには、「POP」「SMTP」「IMAP」などいくつかの種類がある。z POP (Post Office Protocol) ：電子メールソフトがサーバからメールを取り出す際の通信プロトコル。現在は第3版の「POP3」が用いられている。z SMTP (Simple Mail Transfer Protocol) ：インターネット上でメールを転送するための通信プロトコル。電子メールソフトからサーバ、サーバ同士の通信いずれにも使用されている。z IMAP (Internet Message Access Protocol) ：電子メールソフトでサーバ上のメールを管理する通信プロトコル。POPと異なり、サーバ上のメールを直接管理するので複数のコンピュータからのアクセスに適している。現在は第4版の「IMAP4」が用いられている。【参照】http://www.ipa.go.jp/security/awareness/administrator/remote/capter4/1.htmlhttp://www.ipse.media.kyoto-u.ac.jp/services/mail/readmail.html</p></body></slide><slide page="10"><body><p>参考：Active! Mailz 皆さんが使用している（であろう）Active! Mailについて、どのような通信プロトコルを用いているか調べてみましょう。http://www.transware.co.jp/product/am/</p></body></slide><slide page="11"><body><p>今回の課題z 今回紹介したHTTP、FTP、電子メール（POP、FTP、IMAP）で使用されているセキュリティ確保のための手法について、一つ例を挙げて調べてみてください。z 課題が終了したら、各自演習での研究テーマについての情報収集を開始してください。z 課題の提出はメールもしくはUSBメモリによるファイル受け渡しでおこないます。提出先メールアドレス：iyori@z05.mbox.media.kyoto-u.ac.jp</p></body></slide></presentation>
ページ: 1 -----
<slide page="1"><body><p>z 「情報技術演習」に参加される方は、前方（３列目まで）に着席してください。z 自習の方は申し訳ないですが後方をご利用ください。z http://www.kyoto-su.ac.jp/~iyori/info/</p></body></slide>
in Sheet Class, page: 1
title = ""
body = "<p>z 「情報技術演習」に参加される方は、前方（３列目まで）に着席してください。z 自習の方は申し訳ないですが後方をご利用ください。z http://www.kyoto-su.ac.jp/~iyori/info/</p>"
makeWordArrayJp
paragraph: z 「情報技術演習」に参加される方は、前方（３列目まで）に着席してください。z 自習の方は申し訳ないですが後方をご利用ください。z http://www.kyoto-su.ac.jp/~iyori/info/
情報 :	名詞,一般,*,*,*,*,情報,ジョウホウ,ジョーホー	true	1
技術 :	名詞,一般,*,*,*,*,技術,ギジュツ,ギジュツ	true	1
演習 :	名詞,サ変接続,*,*,*,*,演習,エンシュウ,エンシュー	true	1
参加 :	名詞,サ変接続,*,*,*,*,参加,サンカ,サンカ	true	1
前方 :	名詞,一般,*,*,*,*,前方,ゼンポウ,ゼンポー	true	1
着席 :	名詞,サ変接続,*,*,*,*,着席,チャクセキ,チャクセキ	true	1
自習 :	名詞,サ変接続,*,*,*,*,自習,ジシュウ,ジシュー	true	1
申し訳 :	名詞,ナイ形容詞語幹,*,*,*,*,申し訳,モウシワケ,モーシワケ	true	1
後方 :	名詞,一般,*,*,*,*,後方,コウホウ,コーホー	true	1
利用 :	名詞,サ変接続,*,*,*,*,利用,リヨウ,リヨー	true	1
http :	名詞,固有名詞,組織,*,*,*,*	false	1
:// :	名詞,サ変接続,*,*,*,*,*	false	1
www :	名詞,一般,*,*,*,*,*	false	1
kyoto :	名詞,一般,*,*,*,*,*	false	1
su :	名詞,一般,*,*,*,*,*	false	1
ac :	名詞,一般,*,*,*,*,*	false	1
jp :	名詞,一般,*,*,*,*,*	false	1
/~ :	名詞,サ変接続,*,*,*,*,*	false	1
iyori :	名詞,一般,*,*,*,*,*	false	1
info :	名詞,一般,*,*,*,*,*	false	1
ページ: 2 -----
<slide page="2"><body><p>基礎現代文化学情報技術演習 第8回インターネット･アプリケーションhttp://www.kyoto-su.ac.jp/~iyori/info/</p></body></slide>
in Sheet Class, page: 2
title = ""
body = "<p>基礎現代文化学情報技術演習 第8回インターネット･アプリケーションhttp://www.kyoto-su.ac.jp/~iyori/info/</p>"
makeWordArrayJp
paragraph: 基礎現代文化学情報技術演習 第8回インターネット･アプリケーションhttp://www.kyoto-su.ac.jp/~iyori/info/
基礎 :	名詞,一般,*,*,*,*,基礎,キソ,キソ	true	1
現代 :	名詞,一般,*,*,*,*,現代,ゲンダイ,ゲンダイ	true	1
文化 :	名詞,一般,*,*,*,*,文化,ブンカ,ブンカ	true	1
情報 :	名詞,一般,*,*,*,*,情報,ジョウホウ,ジョーホー	true	1
技術 :	名詞,一般,*,*,*,*,技術,ギジュツ,ギジュツ	true	1
演習 :	名詞,サ変接続,*,*,*,*,演習,エンシュウ,エンシュー	true	1
インターネット :	名詞,一般,*,*,*,*,インターネット,インターネット,インターネット	true	1
アプリケーション :	名詞,一般,*,*,*,*,アプリケーション,アプリケーション,アプリケーション	true	1
http :	名詞,一般,*,*,*,*,*	false	1
:// :	名詞,サ変接続,*,*,*,*,*	false	1
www :	名詞,一般,*,*,*,*,*	false	1
kyoto :	名詞,一般,*,*,*,*,*	false	1
su :	名詞,一般,*,*,*,*,*	false	1
ac :	名詞,一般,*,*,*,*,*	false	1
jp :	名詞,一般,*,*,*,*,*	false	1
/~ :	名詞,サ変接続,*,*,*,*,*	false	1
iyori :	名詞,一般,*,*,*,*,*	false	1
info :	名詞,一般,*,*,*,*,*	false	1
ページ: 3 -----
<slide page="3"><body><p>アプリケーション･ソフトウエアz アプリケーション･ソフトウエア：コンピュータ上での特定の作業をおこなったり、機能を提供するためのソフトウエア。z OSを基本ソフトウエアと呼ぶのに対して「応用ソフトウエア」とも呼ばれる。z インターネット・プロトコルを利用するものとして◆Webブラウザ◆メーラー（電子メールソフト）◆FTPクライアントなどがある。</p></body></slide>
in Sheet Class, page: 3
title = ""
body = "<p>アプリケーション･ソフトウエアz アプリケーション･ソフトウエア：コンピュータ上での特定の作業をおこなったり、機能を提供するためのソフトウエア。z OSを基本ソフトウエアと呼ぶのに対して「応用ソフトウエア」とも呼ばれる。z インターネット・プロトコルを利用するものとして◆Webブラウザ◆メーラー（電子メールソフト）◆FTPクライアントなどがある。</p>"
makeWordArrayJp
paragraph: アプリケーション･ソフトウエアz アプリケーション･ソフトウエア：コンピュータ上での特定の作業をおこなったり、機能を提供するためのソフトウエア。z OSを基本ソフトウエアと呼ぶのに対して「応用ソフトウエア」とも呼ばれる。z インターネット・プロトコルを利用するものとして◆Webブラウザ◆メーラー（電子メールソフト）◆FTPクライアントなどがある。
アプリケーション :	名詞,一般,*,*,*,*,アプリケーション,アプリケーション,アプリケーション	true	1
ソフトウエア :	名詞,一般,*,*,*,*,ソフトウエア,ソフトウエア,ソフトウエア	true	1
アプリケーション :	名詞,一般,*,*,*,*,アプリケーション,アプリケーション,アプリケーション	true	2
ソフトウエア :	名詞,一般,*,*,*,*,ソフトウエア,ソフトウエア,ソフトウエア	true	2
コンピュータ :	名詞,一般,*,*,*,*,コンピュータ,コンピュータ,コンピュータ	true	1
特定 :	名詞,サ変接続,*,*,*,*,特定,トクテイ,トクテイ	true	1
作業 :	名詞,サ変接続,*,*,*,*,作業,サギョウ,サギョー	true	1
機能 :	名詞,サ変接続,*,*,*,*,機能,キノウ,キノー	true	1
提供 :	名詞,サ変接続,*,*,*,*,提供,テイキョウ,テイキョー	true	1
ため :	名詞,非自立,副詞可能,*,*,*,ため,タメ,タメ	true	1
ソフトウエア :	名詞,一般,*,*,*,*,ソフトウエア,ソフトウエア,ソフトウエア	true	3
OS :	名詞,一般,*,*,*,*,*	false	1
基本 :	名詞,一般,*,*,*,*,基本,キホン,キホン	true	1
ソフトウエア :	名詞,一般,*,*,*,*,ソフトウエア,ソフトウエア,ソフトウエア	true	4
応用 :	名詞,サ変接続,*,*,*,*,応用,オウヨウ,オーヨー	true	1
ソフトウエア :	名詞,一般,*,*,*,*,ソフトウエア,ソフトウエア,ソフトウエア	true	5
インターネット :	名詞,一般,*,*,*,*,インターネット,インターネット,インターネット	true	1
プロトコル :	名詞,一般,*,*,*,*,プロトコル,プロトコル,プロトコル	true	1
利用 :	名詞,サ変接続,*,*,*,*,利用,リヨウ,リヨー	true	1
もの :	名詞,非自立,一般,*,*,*,もの,モノ,モノ	true	1
Web :	名詞,固有名詞,組織,*,*,*,*	false	1
ブラウザ :	名詞,一般,*,*,*,*,*	false	1
メーラー :	名詞,一般,*,*,*,*,*	false	1
電子 :	名詞,一般,*,*,*,*,電子,デンシ,デンシ	true	1
メール :	名詞,サ変接続,*,*,*,*,メール,メール,メール	true	1
ソフト :	名詞,一般,*,*,*,*,ソフト,ソフト,ソフト	true	1
FTP :	名詞,固有名詞,組織,*,*,*,*	false	1
クライアント :	名詞,一般,*,*,*,*,*	false	1
ページ: 4 -----
<slide page="4"><body><p>アプリケーション層のプロトコルz インターネット･アプリケーションで使用されるプロトコルは、前回述べた「OSI参照モデル」の第7層「アプリケーション層」で主に定義されている。OSI参照モデル（Wikipediaより引用）</p></body></slide>
in Sheet Class, page: 4
title = ""
body = "<p>アプリケーション層のプロトコルz インターネット･アプリケーションで使用されるプロトコルは、前回述べた「OSI参照モデル」の第7層「アプリケーション層」で主に定義されている。OSI参照モデル（Wikipediaより引用）</p>"
makeWordArrayJp
paragraph: アプリケーション層のプロトコルz インターネット･アプリケーションで使用されるプロトコルは、前回述べた「OSI参照モデル」の第7層「アプリケーション層」で主に定義されている。OSI参照モデル（Wikipediaより引用）
アプリケーション :	名詞,一般,*,*,*,*,アプリケーション,アプリケーション,アプリケーション	true	1
プロトコル :	名詞,一般,*,*,*,*,プロトコル,プロトコル,プロトコル	true	1
インターネット :	名詞,一般,*,*,*,*,インターネット,インターネット,インターネット	true	1
アプリケーション :	名詞,一般,*,*,*,*,アプリケーション,アプリケーション,アプリケーション	true	2
使用 :	名詞,サ変接続,*,*,*,*,使用,シヨウ,シヨー	true	1
プロトコル :	名詞,一般,*,*,*,*,プロトコル,プロトコル,プロトコル	true	2
前回 :	名詞,一般,*,*,*,*,前回,ゼンカイ,ゼンカイ	true	1
OSI :	名詞,固有名詞,組織,*,*,*,*	false	1
参照 :	名詞,サ変接続,*,*,*,*,参照,サンショウ,サンショー	true	1
モデル :	名詞,一般,*,*,*,*,モデル,モデル,モデル	true	1
アプリケーション :	名詞,一般,*,*,*,*,アプリケーション,アプリケーション,アプリケーション	true	3
定義 :	名詞,サ変接続,*,*,*,*,定義,テイギ,テイギ	true	1
OSI :	名詞,固有名詞,組織,*,*,*,*	false	2
参照 :	名詞,サ変接続,*,*,*,*,参照,サンショウ,サンショー	true	2
モデル :	名詞,一般,*,*,*,*,モデル,モデル,モデル	true	2
Wikipedia :	名詞,固有名詞,組織,*,*,*,*	false	1
引用 :	名詞,サ変接続,*,*,*,*,引用,インヨウ,インヨー	true	1
ページ: 5 -----
<slide page="5"><body><p>HTTP (Hypertext Transfer Protocol)z HTTP：Webサーバとクライアント（Webブラウザ等）の間でHTML (Hypertext Markup Language)文書、ファイル等のコンテンツをやり取りするための通信プロトコル。z クライアントからサーバに対して要求（リクエスト）を送信し、サーバがそのリクエスト内容に応じた返答（レスポンス）を返す形で通信が行われる。z HTTPの通信イメージhttp://www.mars.dti.ne.jp/~torao/program/protocol/http.htmlhttp://www.mars.dti.ne.jp/~torao/program/protocol/http.swf</p></body></slide>
in Sheet Class, page: 5
title = ""
body = "<p>HTTP (Hypertext Transfer Protocol)z HTTP：Webサーバとクライアント（Webブラウザ等）の間でHTML (Hypertext Markup Language)文書、ファイル等のコンテンツをやり取りするための通信プロトコル。z クライアントからサーバに対して要求（リクエスト）を送信し、サーバがそのリクエスト内容に応じた返答（レスポンス）を返す形で通信が行われる。z HTTPの通信イメージhttp://www.mars.dti.ne.jp/~torao/program/protocol/http.htmlhttp://www.mars.dti.ne.jp/~torao/program/protocol/http.swf</p>"
makeWordArrayJp
paragraph: HTTP (Hypertext Transfer Protocol)z HTTP：Webサーバとクライアント（Webブラウザ等）の間でHTML (Hypertext Markup Language)文書、ファイル等のコンテンツをやり取りするための通信プロトコル。z クライアントからサーバに対して要求（リクエスト）を送信し、サーバがそのリクエスト内容に応じた返答（レスポンス）を返す形で通信が行われる。z HTTPの通信イメージhttp://www.mars.dti.ne.jp/~torao/program/protocol/http.htmlhttp://www.mars.dti.ne.jp/~torao/program/protocol/http.swf
HTTP :	名詞,固有名詞,組織,*,*,*,*	false	1
Hypertext :	名詞,固有名詞,組織,*,*,*,*	false	1
Transfer :	名詞,固有名詞,組織,*,*,*,*	false	1
Protocol :	名詞,固有名詞,組織,*,*,*,*	false	1
HTTP :	名詞,固有名詞,組織,*,*,*,*	false	2
Web :	名詞,固有名詞,組織,*,*,*,*	false	1
サーバ :	名詞,一般,*,*,*,*,サーバ,サーバ,サーバ	true	1
クライアント :	名詞,一般,*,*,*,*,*	false	1
Web :	名詞,固有名詞,組織,*,*,*,*	false	2
ブラウザ :	名詞,一般,*,*,*,*,*	false	1
HTML :	名詞,固有名詞,組織,*,*,*,*	false	1
Hypertext :	名詞,固有名詞,組織,*,*,*,*	false	2
Markup :	名詞,固有名詞,組織,*,*,*,*	false	1
Language :	名詞,固有名詞,組織,*,*,*,*	false	1
文書 :	名詞,一般,*,*,*,*,文書,ブンショ,ブンショ	true	1
ファイル :	名詞,一般,*,*,*,*,ファイル,ファイル,ファイル	true	1
コンテンツ :	名詞,一般,*,*,*,*,コンテンツ,コンテンツ,コンテンツ	true	1
やり取り :	名詞,サ変接続,*,*,*,*,やり取り,ヤリトリ,ヤリトリ	true	1
ため :	名詞,非自立,副詞可能,*,*,*,ため,タメ,タメ	true	1
通信 :	名詞,サ変接続,*,*,*,*,通信,ツウシン,ツーシン	true	1
プロトコル :	名詞,一般,*,*,*,*,プロトコル,プロトコル,プロトコル	true	1
クライアント :	名詞,一般,*,*,*,*,*	false	2
サーバ :	名詞,一般,*,*,*,*,サーバ,サーバ,サーバ	true	2
要求 :	名詞,サ変接続,*,*,*,*,要求,ヨウキュウ,ヨーキュー	true	1
リクエスト :	名詞,一般,*,*,*,*,リクエスト,リクエスト,リクエスト	true	1
送信 :	名詞,サ変接続,*,*,*,*,送信,ソウシン,ソーシン	true	1
サーバ :	名詞,一般,*,*,*,*,サーバ,サーバ,サーバ	true	3
リクエスト :	名詞,一般,*,*,*,*,リクエスト,リクエスト,リクエスト	true	2
内容 :	名詞,一般,*,*,*,*,内容,ナイヨウ,ナイヨー	true	1
返答 :	名詞,サ変接続,*,*,*,*,返答,ヘントウ,ヘントー	true	1
レスポンス :	名詞,一般,*,*,*,*,レスポンス,レスポンス,レスポンス	true	1
通信 :	名詞,サ変接続,*,*,*,*,通信,ツウシン,ツーシン	true	2
HTTP :	名詞,固有名詞,組織,*,*,*,*	false	3
通信 :	名詞,サ変接続,*,*,*,*,通信,ツウシン,ツーシン	true	3
イメージ :	名詞,サ変接続,*,*,*,*,イメージ,イメージ,イメージ	true	1
http :	名詞,一般,*,*,*,*,*	false	1
:// :	名詞,サ変接続,*,*,*,*,*	false	1
www :	名詞,一般,*,*,*,*,*	false	1
mars :	名詞,一般,*,*,*,*,*	false	1
dti :	名詞,一般,*,*,*,*,*	false	1
ne :	名詞,一般,*,*,*,*,*	false	1
jp :	名詞,一般,*,*,*,*,*	false	1
/~ :	名詞,サ変接続,*,*,*,*,*	false	1
torao :	名詞,一般,*,*,*,*,*	false	1
program :	名詞,一般,*,*,*,*,*	false	1
protocol :	名詞,一般,*,*,*,*,*	false	1
http :	名詞,一般,*,*,*,*,*	false	2
htmlhttp :	名詞,一般,*,*,*,*,*	false	1
:// :	名詞,サ変接続,*,*,*,*,*	false	2
www :	名詞,一般,*,*,*,*,*	false	2
mars :	名詞,一般,*,*,*,*,*	false	2
dti :	名詞,一般,*,*,*,*,*	false	2
ne :	名詞,一般,*,*,*,*,*	false	2
jp :	名詞,一般,*,*,*,*,*	false	2
/~ :	名詞,サ変接続,*,*,*,*,*	false	2
torao :	名詞,一般,*,*,*,*,*	false	2
program :	名詞,一般,*,*,*,*,*	false	2
protocol :	名詞,一般,*,*,*,*,*	false	2
http :	名詞,一般,*,*,*,*,*	false	3
swf :	名詞,固有名詞,組織,*,*,*,*	false	1
ページ: 6 -----
<slide page="6"><body><p>HTTPリクエストとレスポンスz クライアント（Webブラウザ）とWebサーバの間で実際にやり取りされるメッセージは？【参考】http://ja.wikipedia.org/wiki/Hypertext_Transfer_Protocolz 下記のWebサイトを用いて、実際のHTTPリクエスト、HTTPレスポンスを見てみようhttp://web-sniffer.net/z HTTPリクエスト、レスポンスの内容については下記参照。http://www3.tokai.or.jp/mots/notes/http.html</p></body></slide>
in Sheet Class, page: 6
title = ""
body = "<p>HTTPリクエストとレスポンスz クライアント（Webブラウザ）とWebサーバの間で実際にやり取りされるメッセージは？【参考】http://ja.wikipedia.org/wiki/Hypertext_Transfer_Protocolz 下記のWebサイトを用いて、実際のHTTPリクエスト、HTTPレスポンスを見てみようhttp://web-sniffer.net/z HTTPリクエスト、レスポンスの内容については下記参照。http://www3.tokai.or.jp/mots/notes/http.html</p>"
makeWordArrayJp
paragraph: HTTPリクエストとレスポンスz クライアント（Webブラウザ）とWebサーバの間で実際にやり取りされるメッセージは？【参考】http://ja.wikipedia.org/wiki/Hypertext_Transfer_Protocolz 下記のWebサイトを用いて、実際のHTTPリクエスト、HTTPレスポンスを見てみようhttp://web-sniffer.net/z HTTPリクエスト、レスポンスの内容については下記参照。http://www3.tokai.or.jp/mots/notes/http.html
HTTP :	名詞,固有名詞,組織,*,*,*,*	false	1
リクエスト :	名詞,一般,*,*,*,*,リクエスト,リクエスト,リクエスト	true	1
レスポンス :	名詞,一般,*,*,*,*,レスポンス,レスポンス,レスポンス	true	1
クライアント :	名詞,一般,*,*,*,*,*	false	1
Web :	名詞,固有名詞,組織,*,*,*,*	false	1
ブラウザ :	名詞,一般,*,*,*,*,*	false	1
Web :	名詞,一般,*,*,*,*,*	false	2
サーバ :	名詞,一般,*,*,*,*,サーバ,サーバ,サーバ	true	1
やり取り :	名詞,サ変接続,*,*,*,*,やり取り,ヤリトリ,ヤリトリ	true	1
メッセージ :	名詞,一般,*,*,*,*,メッセージ,メッセージ,メッセージ	true	1
参考 :	名詞,サ変接続,*,*,*,*,参考,サンコウ,サンコー	true	1
http :	名詞,固有名詞,組織,*,*,*,*	false	1
:// :	名詞,サ変接続,*,*,*,*,*	false	1
ja :	名詞,一般,*,*,*,*,*	false	1
wikipedia :	名詞,一般,*,*,*,*,*	false	1
org :	名詞,一般,*,*,*,*,*	false	1
wiki :	名詞,一般,*,*,*,*,*	false	1
Hypertext :	名詞,一般,*,*,*,*,*	false	1
Transfer :	名詞,一般,*,*,*,*,*	false	1
Protocolz :	名詞,固有名詞,組織,*,*,*,*	false	1
下記 :	名詞,一般,*,*,*,*,下記,カキ,カキ	true	1
Web :	名詞,一般,*,*,*,*,*	false	3
サイト :	名詞,一般,*,*,*,*,サイト,サイト,サイト	true	1
HTTP :	名詞,一般,*,*,*,*,*	false	2
リクエスト :	名詞,サ変接続,*,*,*,*,リクエスト,リクエスト,リクエスト	true	2
HTTP :	名詞,固有名詞,組織,*,*,*,*	false	3
レスポンス :	名詞,一般,*,*,*,*,レスポンス,レスポンス,レスポンス	true	2
http :	名詞,固有名詞,組織,*,*,*,*	false	2
:// :	名詞,サ変接続,*,*,*,*,*	false	2
web :	名詞,一般,*,*,*,*,*	false	1
sniffer :	名詞,一般,*,*,*,*,*	false	1
net :	名詞,一般,*,*,*,*,*	false	1
HTTP :	名詞,固有名詞,組織,*,*,*,*	false	4
リクエスト :	名詞,一般,*,*,*,*,リクエスト,リクエスト,リクエスト	true	3
レスポンス :	名詞,一般,*,*,*,*,レスポンス,レスポンス,レスポンス	true	3
内容 :	名詞,一般,*,*,*,*,内容,ナイヨウ,ナイヨー	true	1
下記 :	名詞,一般,*,*,*,*,下記,カキ,カキ	true	2
参照 :	名詞,サ変接続,*,*,*,*,参照,サンショウ,サンショー	true	1
http :	名詞,固有名詞,組織,*,*,*,*	false	3
:// :	名詞,サ変接続,*,*,*,*,*	false	3
www :	名詞,一般,*,*,*,*,*	false	1
tokai :	名詞,一般,*,*,*,*,*	false	1
or :	名詞,一般,*,*,*,*,*	false	1
jp :	名詞,一般,*,*,*,*,*	false	1
mots :	名詞,一般,*,*,*,*,*	false	1
notes :	名詞,一般,*,*,*,*,*	false	1
http :	名詞,一般,*,*,*,*,*	false	4
html :	名詞,固有名詞,組織,*,*,*,*	false	1
ページ: 7 -----
<slide page="7"><body><p>FTP (File Transfer Protocol)z FTP：サーバとクライアントの間でファイルを転送するためのプロトコル。通常はID、パスワードによる認証を必要とする。z ただし、ファイル配布などの目的で匿名アクセスが可能なAnonymous FTPサーバなどもある。ユーザ名として「anonymous」、パスワードとして（仮のものでも）電子メールアドレスを使用することが多い。FTPクライアント・ソフトウエアの一例</p></body></slide>
in Sheet Class, page: 7
title = ""
body = "<p>FTP (File Transfer Protocol)z FTP：サーバとクライアントの間でファイルを転送するためのプロトコル。通常はID、パスワードによる認証を必要とする。z ただし、ファイル配布などの目的で匿名アクセスが可能なAnonymous FTPサーバなどもある。ユーザ名として「anonymous」、パスワードとして（仮のものでも）電子メールアドレスを使用することが多い。FTPクライアント・ソフトウエアの一例</p>"
makeWordArrayJp
paragraph: FTP (File Transfer Protocol)z FTP：サーバとクライアントの間でファイルを転送するためのプロトコル。通常はID、パスワードによる認証を必要とする。z ただし、ファイル配布などの目的で匿名アクセスが可能なAnonymous FTPサーバなどもある。ユーザ名として「anonymous」、パスワードとして（仮のものでも）電子メールアドレスを使用することが多い。FTPクライアント・ソフトウエアの一例
FTP :	名詞,固有名詞,組織,*,*,*,*	false	1
File :	名詞,固有名詞,組織,*,*,*,*	false	1
Transfer :	名詞,固有名詞,組織,*,*,*,*	false	1
Protocol :	名詞,固有名詞,組織,*,*,*,*	false	1
FTP :	名詞,固有名詞,組織,*,*,*,*	false	2
サーバ :	名詞,一般,*,*,*,*,サーバ,サーバ,サーバ	true	1
クライアント :	名詞,一般,*,*,*,*,*	false	1
ファイル :	名詞,一般,*,*,*,*,ファイル,ファイル,ファイル	true	1
転送 :	名詞,サ変接続,*,*,*,*,転送,テンソウ,テンソー	true	1
ため :	名詞,非自立,副詞可能,*,*,*,ため,タメ,タメ	true	1
プロトコル :	名詞,一般,*,*,*,*,プロトコル,プロトコル,プロトコル	true	1
通常 :	名詞,一般,*,*,*,*,通常,ツウジョウ,ツージョー	true	1
ID :	名詞,固有名詞,組織,*,*,*,*	false	1
パスワード :	名詞,一般,*,*,*,*,パスワード,パスワード,パスワード	true	1
認証 :	名詞,サ変接続,*,*,*,*,認証,ニンショウ,ニンショー	true	1
必要 :	名詞,形容動詞語幹,*,*,*,*,必要,ヒツヨウ,ヒツヨー	true	1
ファイル :	名詞,一般,*,*,*,*,ファイル,ファイル,ファイル	true	2
配布 :	名詞,サ変接続,*,*,*,*,配布,ハイフ,ハイフ	true	1
目的 :	名詞,一般,*,*,*,*,目的,モクテキ,モクテキ	true	1
匿名 :	名詞,一般,*,*,*,*,匿名,トクメイ,トクメイ	true	1
アクセス :	名詞,サ変接続,*,*,*,*,アクセス,アクセス,アクセス	true	1
可能 :	名詞,形容動詞語幹,*,*,*,*,可能,カノウ,カノー	true	1
Anonymous :	名詞,一般,*,*,*,*,*	false	1
FTP :	名詞,固有名詞,組織,*,*,*,*	false	3
サーバ :	名詞,一般,*,*,*,*,サーバ,サーバ,サーバ	true	2
ユーザ :	名詞,一般,*,*,*,*,ユーザ,ユーザ,ユーザ	true	1
anonymous :	名詞,固有名詞,組織,*,*,*,*	false	1
パスワード :	名詞,一般,*,*,*,*,パスワード,パスワード,パスワード	true	2
もの :	名詞,非自立,一般,*,*,*,もの,モノ,モノ	true	1
電子 :	名詞,一般,*,*,*,*,電子,デンシ,デンシ	true	1
メールアドレス :	名詞,一般,*,*,*,*,メールアドレス,メールアドレス,メールアドレス	true	1
使用 :	名詞,サ変接続,*,*,*,*,使用,シヨウ,シヨー	true	1
こと :	名詞,非自立,一般,*,*,*,こと,コト,コト	true	1
FTP :	名詞,固有名詞,組織,*,*,*,*	false	4
クライアント :	名詞,一般,*,*,*,*,*	false	2
ソフトウエア :	名詞,一般,*,*,*,*,ソフトウエア,ソフトウエア,ソフトウエア	true	1
ページ: 8 -----
<slide page="8"><body><p>FTPサーバに接続してみるz 残念ながら皆さんが使用している環境にはFTPクライアントソフトはインストールされていませんが、Internet Explorer でもFTPサーバに接続が可能です。z 例：Vine Linuxの配布サーバに接続してみる（Anonymous FTPサーバ）URL部分に ftp://ftp.ring.gr.jp/pub/linux/Vine/ と入力してみて下さい。FTPサーバへの接続例</p></body></slide>
in Sheet Class, page: 8
title = ""
body = "<p>FTPサーバに接続してみるz 残念ながら皆さんが使用している環境にはFTPクライアントソフトはインストールされていませんが、Internet Explorer でもFTPサーバに接続が可能です。z 例：Vine Linuxの配布サーバに接続してみる（Anonymous FTPサーバ）URL部分に ftp://ftp.ring.gr.jp/pub/linux/Vine/ と入力してみて下さい。FTPサーバへの接続例</p>"
makeWordArrayJp
paragraph: FTPサーバに接続してみるz 残念ながら皆さんが使用している環境にはFTPクライアントソフトはインストールされていませんが、Internet Explorer でもFTPサーバに接続が可能です。z 例：Vine Linuxの配布サーバに接続してみる（Anonymous FTPサーバ）URL部分に ftp://ftp.ring.gr.jp/pub/linux/Vine/ と入力してみて下さい。FTPサーバへの接続例
FTP :	名詞,固有名詞,組織,*,*,*,*	false	1
サーバ :	名詞,一般,*,*,*,*,サーバ,サーバ,サーバ	true	1
接続 :	名詞,サ変接続,*,*,*,*,接続,セツゾク,セツゾク	true	1
残念 :	名詞,形容動詞語幹,*,*,*,*,残念,ザンネン,ザンネン	true	1
皆さん :	名詞,一般,*,*,*,*,皆さん,ミナサン,ミナサン	true	1
使用 :	名詞,サ変接続,*,*,*,*,使用,シヨウ,シヨー	true	1
環境 :	名詞,一般,*,*,*,*,環境,カンキョウ,カンキョー	true	1
FTP :	名詞,固有名詞,組織,*,*,*,*	false	2
クライアントソフト :	名詞,一般,*,*,*,*,*	false	1
インストール :	名詞,一般,*,*,*,*,インストール,インストール,インストール	true	1
Internet :	名詞,固有名詞,組織,*,*,*,*	false	1
Explorer :	名詞,固有名詞,組織,*,*,*,*	false	1
FTP :	名詞,一般,*,*,*,*,*	false	3
サーバ :	名詞,一般,*,*,*,*,サーバ,サーバ,サーバ	true	2
接続 :	名詞,サ変接続,*,*,*,*,接続,セツゾク,セツゾク	true	2
可能 :	名詞,形容動詞語幹,*,*,*,*,可能,カノウ,カノー	true	1
Vine :	名詞,固有名詞,組織,*,*,*,*	false	1
Linux :	名詞,固有名詞,組織,*,*,*,*	false	1
配布 :	名詞,サ変接続,*,*,*,*,配布,ハイフ,ハイフ	true	1
サーバ :	名詞,一般,*,*,*,*,サーバ,サーバ,サーバ	true	3
接続 :	名詞,サ変接続,*,*,*,*,接続,セツゾク,セツゾク	true	3
Anonymous :	名詞,固有名詞,組織,*,*,*,*	false	1
FTP :	名詞,固有名詞,組織,*,*,*,*	false	4
サーバ :	名詞,一般,*,*,*,*,サーバ,サーバ,サーバ	true	4
URL :	名詞,固有名詞,組織,*,*,*,*	false	1
部分 :	名詞,一般,*,*,*,*,部分,ブブン,ブブン	true	1
ftp :	名詞,固有名詞,組織,*,*,*,*	false	1
:// :	名詞,サ変接続,*,*,*,*,*	false	1
ftp :	名詞,一般,*,*,*,*,*	false	2
ring :	名詞,一般,*,*,*,*,*	false	1
gr :	名詞,一般,*,*,*,*,*	false	1
jp :	名詞,一般,*,*,*,*,*	false	1
pub :	名詞,一般,*,*,*,*,*	false	1
linux :	名詞,一般,*,*,*,*,*	false	1
Vine :	名詞,一般,*,*,*,*,*	false	2
入力 :	名詞,サ変接続,*,*,*,*,入力,ニュウリョク,ニューリョク	true	1
FTP :	名詞,固有名詞,組織,*,*,*,*	false	5
サーバ :	名詞,一般,*,*,*,*,サーバ,サーバ,サーバ	true	5
接続 :	名詞,サ変接続,*,*,*,*,接続,セツゾク,セツゾク	true	4
ページ: 9 -----
<slide page="9"><body><p>電子メールz 電子メール（e-mail）で使用されるプロトコルには、「POP」「SMTP」「IMAP」などいくつかの種類がある。z POP (Post Office Protocol) ：電子メールソフトがサーバからメールを取り出す際の通信プロトコル。現在は第3版の「POP3」が用いられている。z SMTP (Simple Mail Transfer Protocol) ：インターネット上でメールを転送するための通信プロトコル。電子メールソフトからサーバ、サーバ同士の通信いずれにも使用されている。z IMAP (Internet Message Access Protocol) ：電子メールソフトでサーバ上のメールを管理する通信プロトコル。POPと異なり、サーバ上のメールを直接管理するので複数のコンピュータからのアクセスに適している。現在は第4版の「IMAP4」が用いられている。【参照】http://www.ipa.go.jp/security/awareness/administrator/remote/capter4/1.htmlhttp://www.ipse.media.kyoto-u.ac.jp/services/mail/readmail.html</p></body></slide>
in Sheet Class, page: 9
title = ""
body = "<p>電子メールz 電子メール（e-mail）で使用されるプロトコルには、「POP」「SMTP」「IMAP」などいくつかの種類がある。z POP (Post Office Protocol) ：電子メールソフトがサーバからメールを取り出す際の通信プロトコル。現在は第3版の「POP3」が用いられている。z SMTP (Simple Mail Transfer Protocol) ：インターネット上でメールを転送するための通信プロトコル。電子メールソフトからサーバ、サーバ同士の通信いずれにも使用されている。z IMAP (Internet Message Access Protocol) ：電子メールソフトでサーバ上のメールを管理する通信プロトコル。POPと異なり、サーバ上のメールを直接管理するので複数のコンピュータからのアクセスに適している。現在は第4版の「IMAP4」が用いられている。【参照】http://www.ipa.go.jp/security/awareness/administrator/remote/capter4/1.htmlhttp://www.ipse.media.kyoto-u.ac.jp/services/mail/readmail.html</p>"
makeWordArrayJp
paragraph: 電子メールz 電子メール（e-mail）で使用されるプロトコルには、「POP」「SMTP」「IMAP」などいくつかの種類がある。z POP (Post Office Protocol) ：電子メールソフトがサーバからメールを取り出す際の通信プロトコル。現在は第3版の「POP3」が用いられている。z SMTP (Simple Mail Transfer Protocol) ：インターネット上でメールを転送するための通信プロトコル。電子メールソフトからサーバ、サーバ同士の通信いずれにも使用されている。z IMAP (Internet Message Access Protocol) ：電子メールソフトでサーバ上のメールを管理する通信プロトコル。POPと異なり、サーバ上のメールを直接管理するので複数のコンピュータからのアクセスに適している。現在は第4版の「IMAP4」が用いられている。【参照】http://www.ipa.go.jp/security/awareness/administrator/remote/capter4/1.htmlhttp://www.ipse.media.kyoto-u.ac.jp/services/mail/readmail.html
電子 :	名詞,一般,*,*,*,*,電子,デンシ,デンシ	true	1
メール :	名詞,サ変接続,*,*,*,*,メール,メール,メール	true	1
電子 :	名詞,一般,*,*,*,*,電子,デンシ,デンシ	true	2
メール :	名詞,サ変接続,*,*,*,*,メール,メール,メール	true	2
mail :	名詞,固有名詞,組織,*,*,*,*	false	1
使用 :	名詞,サ変接続,*,*,*,*,使用,シヨウ,シヨー	true	1
プロトコル :	名詞,一般,*,*,*,*,プロトコル,プロトコル,プロトコル	true	1
POP :	名詞,固有名詞,組織,*,*,*,*	false	1
SMTP :	名詞,固有名詞,組織,*,*,*,*	false	1
IMAP :	名詞,固有名詞,組織,*,*,*,*	false	1
いくつ :	名詞,代名詞,一般,*,*,*,いくつ,イクツ,イクツ	true	1
種類 :	名詞,一般,*,*,*,*,種類,シュルイ,シュルイ	true	1
POP :	名詞,固有名詞,組織,*,*,*,*	false	2
Post :	名詞,固有名詞,組織,*,*,*,*	false	1
Office :	名詞,固有名詞,組織,*,*,*,*	false	1
Protocol :	名詞,固有名詞,組織,*,*,*,*	false	1
電子 :	名詞,一般,*,*,*,*,電子,デンシ,デンシ	true	3
メール :	名詞,サ変接続,*,*,*,*,メール,メール,メール	true	3
ソフト :	名詞,一般,*,*,*,*,ソフト,ソフト,ソフト	true	1
サーバ :	名詞,一般,*,*,*,*,サーバ,サーバ,サーバ	true	1
メール :	名詞,サ変接続,*,*,*,*,メール,メール,メール	true	4
通信 :	名詞,サ変接続,*,*,*,*,通信,ツウシン,ツーシン	true	1
プロトコル :	名詞,一般,*,*,*,*,プロトコル,プロトコル,プロトコル	true	2
現在 :	名詞,副詞可能,*,*,*,*,現在,ゲンザイ,ゲンザイ	true	1
POP :	名詞,一般,*,*,*,*,*	false	3
SMTP :	名詞,固有名詞,組織,*,*,*,*	false	2
Simple :	名詞,固有名詞,組織,*,*,*,*	false	1
Mail :	名詞,固有名詞,組織,*,*,*,*	false	1
Transfer :	名詞,固有名詞,組織,*,*,*,*	false	1
Protocol :	名詞,固有名詞,組織,*,*,*,*	false	2
インターネット :	名詞,一般,*,*,*,*,インターネット,インターネット,インターネット	true	1
メール :	名詞,サ変接続,*,*,*,*,メール,メール,メール	true	5
転送 :	名詞,サ変接続,*,*,*,*,転送,テンソウ,テンソー	true	1
ため :	名詞,非自立,副詞可能,*,*,*,ため,タメ,タメ	true	1
通信 :	名詞,サ変接続,*,*,*,*,通信,ツウシン,ツーシン	true	2
プロトコル :	名詞,一般,*,*,*,*,プロトコル,プロトコル,プロトコル	true	3
電子 :	名詞,一般,*,*,*,*,電子,デンシ,デンシ	true	4
メール :	名詞,サ変接続,*,*,*,*,メール,メール,メール	true	6
ソフト :	名詞,一般,*,*,*,*,ソフト,ソフト,ソフト	true	2
サーバ :	名詞,一般,*,*,*,*,サーバ,サーバ,サーバ	true	2
サーバ :	名詞,一般,*,*,*,*,サーバ,サーバ,サーバ	true	3
同士 :	名詞,一般,*,*,*,*,同士,ドウシ,ドーシ	true	1
通信 :	名詞,サ変接続,*,*,*,*,通信,ツウシン,ツーシン	true	3
いずれ :	名詞,代名詞,一般,*,*,*,いずれ,イズレ,イズレ	true	1
使用 :	名詞,サ変接続,*,*,*,*,使用,シヨウ,シヨー	true	2
IMAP :	名詞,固有名詞,組織,*,*,*,*	false	2
Internet :	名詞,固有名詞,組織,*,*,*,*	false	1
Message :	名詞,固有名詞,組織,*,*,*,*	false	1
Access :	名詞,固有名詞,組織,*,*,*,*	false	1
Protocol :	名詞,固有名詞,組織,*,*,*,*	false	3
電子 :	名詞,一般,*,*,*,*,電子,デンシ,デンシ	true	5
メール :	名詞,サ変接続,*,*,*,*,メール,メール,メール	true	7
ソフト :	名詞,一般,*,*,*,*,ソフト,ソフト,ソフト	true	3
サーバ :	名詞,一般,*,*,*,*,サーバ,サーバ,サーバ	true	4
メール :	名詞,サ変接続,*,*,*,*,メール,メール,メール	true	8
管理 :	名詞,サ変接続,*,*,*,*,管理,カンリ,カンリ	true	1
通信 :	名詞,サ変接続,*,*,*,*,通信,ツウシン,ツーシン	true	4
プロトコル :	名詞,一般,*,*,*,*,プロトコル,プロトコル,プロトコル	true	4
POP :	名詞,固有名詞,組織,*,*,*,*	false	4
サーバ :	名詞,一般,*,*,*,*,サーバ,サーバ,サーバ	true	5
メール :	名詞,サ変接続,*,*,*,*,メール,メール,メール	true	9
直接 :	名詞,副詞可能,*,*,*,*,直接,チョクセツ,チョクセツ	true	1
管理 :	名詞,サ変接続,*,*,*,*,管理,カンリ,カンリ	true	2
複数 :	名詞,一般,*,*,*,*,複数,フクスウ,フクスー	true	1
コンピュータ :	名詞,一般,*,*,*,*,コンピュータ,コンピュータ,コンピュータ	true	1
アクセス :	名詞,サ変接続,*,*,*,*,アクセス,アクセス,アクセス	true	1
現在 :	名詞,副詞可能,*,*,*,*,現在,ゲンザイ,ゲンザイ	true	2
IMAP :	名詞,一般,*,*,*,*,*	false	3
参照 :	名詞,サ変接続,*,*,*,*,参照,サンショウ,サンショー	true	1
http :	名詞,固有名詞,組織,*,*,*,*	false	1
:// :	名詞,サ変接続,*,*,*,*,*	false	1
www :	名詞,一般,*,*,*,*,*	false	1
ipa :	名詞,一般,*,*,*,*,*	false	1
go :	名詞,一般,*,*,*,*,*	false	1
jp :	名詞,一般,*,*,*,*,*	false	1
security :	名詞,一般,*,*,*,*,*	false	1
awareness :	名詞,一般,*,*,*,*,*	false	1
administrator :	名詞,一般,*,*,*,*,*	false	1
remote :	名詞,一般,*,*,*,*,*	false	1
capter :	名詞,一般,*,*,*,*,*	false	1
htmlhttp :	名詞,一般,*,*,*,*,*	false	1
:// :	名詞,サ変接続,*,*,*,*,*	false	2
www :	名詞,一般,*,*,*,*,*	false	2
ipse :	名詞,一般,*,*,*,*,*	false	1
media :	名詞,一般,*,*,*,*,*	false	1
kyoto :	名詞,一般,*,*,*,*,*	false	1
ac :	名詞,一般,*,*,*,*,*	false	1
jp :	名詞,一般,*,*,*,*,*	false	2
services :	名詞,一般,*,*,*,*,*	false	1
mail :	名詞,一般,*,*,*,*,*	false	2
readmail :	名詞,一般,*,*,*,*,*	false	1
html :	名詞,固有名詞,組織,*,*,*,*	false	1
ページ: 10 -----
<slide page="10"><body><p>参考：Active! Mailz 皆さんが使用している（であろう）Active! Mailについて、どのような通信プロトコルを用いているか調べてみましょう。http://www.transware.co.jp/product/am/</p></body></slide>
in Sheet Class, page: 10
title = ""
body = "<p>参考：Active! Mailz 皆さんが使用している（であろう）Active! Mailについて、どのような通信プロトコルを用いているか調べてみましょう。http://www.transware.co.jp/product/am/</p>"
makeWordArrayJp
paragraph: 参考：Active! Mailz 皆さんが使用している（であろう）Active! Mailについて、どのような通信プロトコルを用いているか調べてみましょう。http://www.transware.co.jp/product/am/
参考 :	名詞,サ変接続,*,*,*,*,参考,サンコウ,サンコー	true	1
Active :	名詞,固有名詞,組織,*,*,*,*	false	1
Mailz :	名詞,固有名詞,組織,*,*,*,*	false	1
皆さん :	名詞,一般,*,*,*,*,皆さん,ミナサン,ミナサン	true	1
使用 :	名詞,サ変接続,*,*,*,*,使用,シヨウ,シヨー	true	1
Active :	名詞,固有名詞,組織,*,*,*,*	false	2
Mail :	名詞,固有名詞,組織,*,*,*,*	false	1
よう :	名詞,非自立,助動詞語幹,*,*,*,よう,ヨウ,ヨー	true	1
通信 :	名詞,サ変接続,*,*,*,*,通信,ツウシン,ツーシン	true	1
プロトコル :	名詞,一般,*,*,*,*,プロトコル,プロトコル,プロトコル	true	1
http :	名詞,固有名詞,組織,*,*,*,*	false	1
:// :	名詞,サ変接続,*,*,*,*,*	false	1
www :	名詞,一般,*,*,*,*,*	false	1
transware :	名詞,一般,*,*,*,*,*	false	1
co :	名詞,一般,*,*,*,*,*	false	1
jp :	名詞,一般,*,*,*,*,*	false	1
product :	名詞,一般,*,*,*,*,*	false	1
am :	名詞,一般,*,*,*,*,*	false	1
ページ: 11 -----
<slide page="11"><body><p>今回の課題z 今回紹介したHTTP、FTP、電子メール（POP、FTP、IMAP）で使用されているセキュリティ確保のための手法について、一つ例を挙げて調べてみてください。z 課題が終了したら、各自演習での研究テーマについての情報収集を開始してください。z 課題の提出はメールもしくはUSBメモリによるファイル受け渡しでおこないます。提出先メールアドレス：iyori@z05.mbox.media.kyoto-u.ac.jp</p></body></slide>
in Sheet Class, page: 11
title = ""
body = "<p>今回の課題z 今回紹介したHTTP、FTP、電子メール（POP、FTP、IMAP）で使用されているセキュリティ確保のための手法について、一つ例を挙げて調べてみてください。z 課題が終了したら、各自演習での研究テーマについての情報収集を開始してください。z 課題の提出はメールもしくはUSBメモリによるファイル受け渡しでおこないます。提出先メールアドレス：iyori@z05.mbox.media.kyoto-u.ac.jp</p>"
makeWordArrayJp
paragraph: 今回の課題z 今回紹介したHTTP、FTP、電子メール（POP、FTP、IMAP）で使用されているセキュリティ確保のための手法について、一つ例を挙げて調べてみてください。z 課題が終了したら、各自演習での研究テーマについての情報収集を開始してください。z 課題の提出はメールもしくはUSBメモリによるファイル受け渡しでおこないます。提出先メールアドレス：iyori@z05.mbox.media.kyoto-u.ac.jp
今回 :	名詞,副詞可能,*,*,*,*,今回,コンカイ,コンカイ	true	1
課題 :	名詞,一般,*,*,*,*,課題,カダイ,カダイ	true	1
今回 :	名詞,副詞可能,*,*,*,*,今回,コンカイ,コンカイ	true	2
紹介 :	名詞,サ変接続,*,*,*,*,紹介,ショウカイ,ショーカイ	true	1
HTTP :	名詞,固有名詞,組織,*,*,*,*	false	1
FTP :	名詞,固有名詞,組織,*,*,*,*	false	1
電子 :	名詞,一般,*,*,*,*,電子,デンシ,デンシ	true	1
メール :	名詞,サ変接続,*,*,*,*,メール,メール,メール	true	1
POP :	名詞,固有名詞,組織,*,*,*,*	false	1
FTP :	名詞,固有名詞,組織,*,*,*,*	false	2
IMAP :	名詞,固有名詞,組織,*,*,*,*	false	1
使用 :	名詞,サ変接続,*,*,*,*,使用,シヨウ,シヨー	true	1
セキュリティ :	名詞,一般,*,*,*,*,セキュリティ,セキュリティ,セキュリティ	true	1
確保 :	名詞,サ変接続,*,*,*,*,確保,カクホ,カクホ	true	1
ため :	名詞,非自立,副詞可能,*,*,*,ため,タメ,タメ	true	1
手法 :	名詞,一般,*,*,*,*,手法,シュホウ,シュホー	true	1
一つ :	名詞,一般,*,*,*,*,一つ,ヒトツ,ヒトツ	true	1
課題 :	名詞,一般,*,*,*,*,課題,カダイ,カダイ	true	2
終了 :	名詞,サ変接続,*,*,*,*,終了,シュウリョウ,シューリョー	true	1
各自 :	名詞,副詞可能,*,*,*,*,各自,カクジ,カクジ	true	1
演習 :	名詞,サ変接続,*,*,*,*,演習,エンシュウ,エンシュー	true	1
研究 :	名詞,サ変接続,*,*,*,*,研究,ケンキュウ,ケンキュー	true	1
テーマ :	名詞,一般,*,*,*,*,テーマ,テーマ,テーマ	true	1
情報 :	名詞,一般,*,*,*,*,情報,ジョウホウ,ジョーホー	true	1
収集 :	名詞,サ変接続,*,*,*,*,収集,シュウシュウ,シューシュー	true	1
開始 :	名詞,サ変接続,*,*,*,*,開始,カイシ,カイシ	true	1
課題 :	名詞,一般,*,*,*,*,課題,カダイ,カダイ	true	3
提出 :	名詞,サ変接続,*,*,*,*,提出,テイシュツ,テイシュツ	true	1
メール :	名詞,一般,*,*,*,*,メール,メール,メール	true	2
USB :	名詞,一般,*,*,*,*,*	false	1
メモリ :	名詞,一般,*,*,*,*,メモリ,メモリ,メモリ	true	1
ファイル :	名詞,一般,*,*,*,*,ファイル,ファイル,ファイル	true	1
受け渡し :	名詞,サ変接続,*,*,*,*,受け渡し,ウケワタシ,ウケワタシ	true	1
提出 :	名詞,サ変接続,*,*,*,*,提出,テイシュツ,テイシュツ	true	2
メールアドレス :	名詞,一般,*,*,*,*,メールアドレス,メールアドレス,メールアドレス	true	1
iyori :	名詞,固有名詞,組織,*,*,*,*	false	1
mbox :	名詞,一般,*,*,*,*,*	false	1
media :	名詞,一般,*,*,*,*,*	false	1
kyoto :	名詞,一般,*,*,*,*,*	false	1
ac :	名詞,一般,*,*,*,*,*	false	1
jp :	名詞,固有名詞,組織,*,*,*,*	false	1
