ソフトウエア(1)
運用(2)
フィールド(5)
今回(2)
終了(1)
マネジメント(1)
kit(1)
物理(1)
セキュリティ(1)
網目(1)
books(1)
課題(1)
構造(1)
データベース(10)
それぞれ(2)
参加(1)
スタンドアロン(2)
形式(2)
活用(1)
採用(1)
導入(1)
削除(1)
DBMS(1)
書籍(3)
修正(2)
ホームページ(2)
/~(3)
RDBMS(2)
メールアドレス(1)
日付(1)
機能(1)
シートビュー(1)
完了(1)
規約(1)
レコード(3)
関連(1)
net(1)
各行(1)
論理(1)
ごと(2)
大量(1)
とき(1)
vb(1)
研究(1)
集計(1)
システム(3)
管理(2)
画面(3)
文化(1)
住所(1)
使い方(1)
申し訳(1)
複数(3)
番号(1)
lecture(1)
akademeia(1)
pcdn(1)
多く(1)
重複(1)
リレーショナル(4)
iyori(3)
起動(2)
basic(1)
tokubetu(1)
ネットワーク(2)
su(2)
htm(2)
こと(3)
受け渡し(1)
kyoto(3)
基礎(1)
収集(1)
次元(1)
Microsoft(4)
ダウンロード(1)
技術(2)
co(2)
提出(1)
販売(2)
作成(7)
ため(5)
その他(1)
計算(1)
分類(1)
Query(1)
www(4)
前方(1)
場合(1)
規定(1)
方式(1)
edu(1)
テーマ(1)
htmhttp(2)
プログラム(2)
テーブル(10)
利用(5)
shuwasystem(1)
現在(2)
データ(11)
表示(1)
要求(1)
追加(1)
ツール(1)
ツリー(1)
蓄積(1)
main(1)
売上(1)
項目(4)
必要(1)
単体(1)
抽出(4)
階層(1)
ac(4)
html(1)
キー(1)
自由(1)
演算(2)
Accesshttp(1)
info(3)
page(1)
ISDN(1)
mailsrv(1)
処理(1)
変更(1)
商用(1)
仕組み(1)
参考(3)
開始(1)
サーバ(1)
練習(1)
データモデル(1)
メモリ(1)
新規(1)
visual(1)
http(3)
inet(1)
演習(3)
秀和(1)
Access(8)
asait(1)
ファイル(2)
現代(1)
設定(4)
データシートビュー(1)
特定(1)
主流(1)
クライアント(1)
nara(1)
もの(5)
access(1)
関係(3)
格納(3)
murun(1)
フォーム(1)
USB(1)
開発(1)
各自(1)
着席(1)
整理(1)
デザインビュー(3)
noriolib(1)
親子(1)
jp(5)
HP(1)
まとまり(1)
後方(1)
書名(1)
Accessz(1)
mbox(1)
メール(1)
クエリ(4)
一つ(1)
同士(2)
保守(1)
vbmag(1)
決定(1)
配置(1)
構築(3)
int(1)
定義(2)
コンピュータ(1)
可能(1)
確保(1)
成績(1)
media(1)
リレーションシップ(1)
サンプル(2)
無料(1)
保存(3)
://(4)
情報(3)
様々(1)
条件(1)
下図(1)
database(1)
rdbms(1)
種類(1)
表現(1)
よう(3)
入力(2)
選択(2)
自習(1)
{ 1 } { 2 } { 3 } { 4 } { 5 } { 6 } { 7 } { 8 } { 9 } { 10 } { 11 } { 12 } { 13 } { 14 } { 15 } { 16 } { 17 } { 18 } 
Segment{ 2 }, Segment{ 3 }
コサイン類似度: 0.002764486662466289
Segment{ 3 }, Segment{ 4 }
コサイン類似度: 0.005370491354436228
Segment{ 4 }, Segment{ 5 }
コサイン類似度: 0.009708997120300008
Segment{ 5 }, Segment{ 6 }
コサイン類似度: 0.0021055958290829443
Segment{ 6 }, Segment{ 7 }
コサイン類似度: 0.0011518470186312746
Segment{ 7 }, Segment{ 8 }
コサイン類似度: 0.005569993816686869
Segment{ 8 }, Segment{ 9 }
コサイン類似度: 0.06578431049989263
Segment{ 9 }, Segment{ 10 }
コサイン類似度: 0.09986342264922432
Segment{ 10 }, Segment{ 11 }
コサイン類似度: 0.05169201298458471
Segment{ 11 }, Segment{ 12 }
コサイン類似度: 0.20523255466178408
Segment{ 12 }, Segment{ 13 }
コサイン類似度: 0.013185381758506682
Segment{ 13 }, Segment{ 14 }
コサイン類似度: 0.02520584113044486
Segment{ 14 }, Segment{ 15 }
コサイン類似度: 0.13085092396472534
Segment{ 15 }, Segment{ 16 }
コサイン類似度: 0.09175243921366288
Segment{ 16 }, Segment{ 17 }
コサイン類似度: 0.0
Segment{ 17 }, Segment{ 18 }
コサイン類似度: 0.02248501635270669
ソフトウエア(1)
運用(2)
フィールド(5)
今回(2)
終了(1)
マネジメント(1)
kit(1)
物理(1)
セキュリティ(1)
網目(1)
books(1)
課題(1)
構造(1)
データベース(10)
それぞれ(2)
参加(1)
スタンドアロン(2)
形式(2)
活用(1)
採用(1)
導入(1)
削除(1)
DBMS(1)
書籍(3)
修正(2)
ホームページ(2)
/~(3)
RDBMS(2)
メールアドレス(1)
日付(1)
機能(1)
完了(1)
シートビュー(1)
規約(1)
レコード(3)
関連(1)
net(1)
各行(1)
論理(1)
ごと(2)
大量(1)
とき(1)
vb(1)
研究(1)
集計(1)
システム(3)
管理(2)
画面(3)
文化(1)
住所(1)
使い方(1)
申し訳(1)
複数(3)
番号(1)
lecture(1)
akademeia(1)
pcdn(1)
多く(1)
重複(1)
リレーショナル(4)
iyori(3)
起動(2)
basic(1)
tokubetu(1)
ネットワーク(2)
su(2)
htm(2)
こと(3)
受け渡し(1)
kyoto(3)
基礎(1)
収集(1)
次元(1)
Microsoft(4)
ダウンロード(1)
技術(2)
co(2)
提出(1)
販売(2)
作成(6)
ため(5)
その他(1)
計算(1)
分類(1)
Query(1)
www(4)
前方(1)
場合(1)
規定(1)
方式(1)
edu(1)
テーマ(1)
htmhttp(2)
プログラム(2)
テーブル(9)
利用(5)
shuwasystem(1)
現在(2)
データ(10)
表示(1)
要求(1)
追加(1)
ツール(1)
ツリー(1)
蓄積(1)
main(1)
売上(1)
項目(4)
必要(1)
単体(1)
抽出(4)
階層(1)
ac(4)
html(1)
キー(1)
自由(1)
演算(2)
Accesshttp(1)
info(3)
page(1)
ISDN(1)
mailsrv(1)
処理(1)
変更(1)
商用(1)
仕組み(1)
参考(3)
開始(1)
サーバ(1)
練習(1)
データモデル(1)
メモリ(1)
新規(1)
visual(1)
http(3)
inet(1)
演習(3)
秀和(1)
Access(8)
asait(1)
ファイル(2)
現代(1)
設定(4)
データシートビュー(1)
特定(1)
主流(1)
クライアント(1)
nara(1)
もの(5)
access(1)
関係(3)
格納(3)
murun(1)
フォーム(1)
USB(1)
開発(1)
各自(1)
着席(1)
整理(1)
デザインビュー(3)
noriolib(1)
親子(1)
jp(5)
HP(1)
まとまり(1)
後方(1)
書名(1)
Accessz(1)
mbox(1)
メール(1)
クエリ(4)
一つ(1)
同士(2)
保守(1)
vbmag(1)
決定(1)
配置(1)
構築(3)
int(1)
定義(2)
コンピュータ(1)
可能(1)
確保(1)
成績(1)
media(1)
リレーションシップ(1)
サンプル(2)
無料(1)
保存(3)
://(4)
情報(3)
様々(1)
条件(1)
下図(1)
database(1)
rdbms(1)
種類(1)
表現(1)
よう(3)
入力(1)
選択(2)
自習(1)
{ 1 } { 2 } { 3 } { 4 } { 5 } { 6 } { 7 } { 8 } { 9 } { 10 } { 11 12 } { 13 } { 14 } { 15 } { 16 } { 17 } { 18 } 
Segment{ 2 }, Segment{ 3 }
コサイン類似度: 0.002760486417660132
Segment{ 3 }, Segment{ 4 }
コサイン類似度: 0.005871911943665057
Segment{ 4 }, Segment{ 5 }
コサイン類似度: 0.009708355630072819
Segment{ 5 }, Segment{ 6 }
コサイン類似度: 0.0021055958290829443
Segment{ 6 }, Segment{ 7 }
コサイン類似度: 0.0011518470186312746
Segment{ 7 }, Segment{ 8 }
コサイン類似度: 0.005552855965199224
Segment{ 8 }, Segment{ 9 }
コサイン類似度: 0.0698617327569392
Segment{ 9 }, Segment{ 10 }
コサイン類似度: 0.10435734422249672
Segment{ 10 }, Segment{ 11 12 }
コサイン類似度: 0.029872778894203224
Segment{ 11 12 }, Segment{ 13 }
コサイン類似度: 0.02559697093119686
Segment{ 13 }, Segment{ 14 }
コサイン類似度: 0.02600996104109496
Segment{ 14 }, Segment{ 15 }
コサイン類似度: 0.13133949416771287
Segment{ 15 }, Segment{ 16 }
コサイン類似度: 0.09254210946352058
Segment{ 16 }, Segment{ 17 }
コサイン類似度: 0.0
Segment{ 17 }, Segment{ 18 }
コサイン類似度: 0.022482044930867952
ソフトウエア(1)
運用(2)
フィールド(4)
今回(2)
終了(1)
マネジメント(1)
kit(1)
物理(1)
セキュリティ(1)
網目(1)
books(1)
課題(1)
構造(1)
データベース(10)
それぞれ(2)
参加(1)
スタンドアロン(2)
形式(2)
活用(1)
採用(1)
導入(1)
削除(1)
DBMS(1)
書籍(3)
修正(2)
ホームページ(2)
/~(3)
RDBMS(2)
メールアドレス(1)
日付(1)
機能(1)
完了(1)
シートビュー(1)
規約(1)
レコード(2)
関連(1)
net(1)
各行(1)
論理(1)
ごと(2)
大量(1)
とき(1)
vb(1)
研究(1)
集計(1)
システム(3)
管理(2)
画面(3)
文化(1)
住所(1)
使い方(1)
申し訳(1)
複数(3)
番号(1)
lecture(1)
akademeia(1)
pcdn(1)
多く(1)
重複(1)
リレーショナル(4)
iyori(3)
起動(2)
basic(1)
tokubetu(1)
ネットワーク(2)
su(2)
htm(2)
こと(3)
受け渡し(1)
kyoto(3)
基礎(1)
収集(1)
次元(1)
Microsoft(4)
ダウンロード(1)
技術(2)
co(2)
提出(1)
販売(2)
作成(6)
ため(5)
その他(1)
計算(1)
分類(1)
Query(1)
www(4)
前方(1)
場合(1)
規定(1)
方式(1)
edu(1)
テーマ(1)
htmhttp(2)
プログラム(2)
テーブル(8)
利用(5)
shuwasystem(1)
現在(2)
データ(9)
表示(1)
要求(1)
追加(1)
ツール(1)
ツリー(1)
蓄積(1)
main(1)
売上(1)
項目(4)
必要(1)
単体(1)
抽出(3)
階層(1)
ac(4)
html(1)
キー(1)
自由(1)
演算(2)
Accesshttp(1)
info(3)
page(1)
ISDN(1)
mailsrv(1)
処理(1)
変更(1)
商用(1)
仕組み(1)
参考(3)
開始(1)
サーバ(1)
練習(1)
データモデル(1)
メモリ(1)
新規(1)
visual(1)
http(3)
inet(1)
演習(3)
秀和(1)
Access(8)
asait(1)
ファイル(2)
現代(1)
設定(4)
データシートビュー(1)
特定(1)
主流(1)
クライアント(1)
nara(1)
もの(5)
access(1)
関係(3)
格納(3)
murun(1)
フォーム(1)
USB(1)
開発(1)
各自(1)
着席(1)
整理(1)
デザインビュー(3)
noriolib(1)
親子(1)
jp(5)
HP(1)
まとまり(1)
後方(1)
書名(1)
Accessz(1)
mbox(1)
メール(1)
クエリ(3)
一つ(1)
同士(2)
保守(1)
vbmag(1)
決定(1)
配置(1)
構築(3)
int(1)
定義(2)
コンピュータ(1)
可能(1)
確保(1)
成績(1)
media(1)
リレーションシップ(1)
サンプル(2)
無料(1)
保存(3)
://(4)
情報(3)
様々(1)
条件(1)
下図(1)
database(1)
rdbms(1)
種類(1)
表現(1)
よう(3)
入力(1)
選択(2)
自習(1)
{ 1 } { 2 } { 3 } { 4 } { 5 } { 6 } { 7 } { 8 } { 9 } { 10 } { 11 12 } { 13 } { 14 15 } { 16 } { 17 } { 18 } 
Segment{ 2 }, Segment{ 3 }
コサイン類似度: 0.002752025069024928
Segment{ 3 }, Segment{ 4 }
コサイン類似度: 0.006540086884662797
Segment{ 4 }, Segment{ 5 }
コサイン類似度: 0.009707766664370926
Segment{ 5 }, Segment{ 6 }
コサイン類似度: 0.0021055958290829443
Segment{ 6 }, Segment{ 7 }
コサイン類似度: 0.0011518470186312746
Segment{ 7 }, Segment{ 8 }
コサイン類似度: 0.00496377665584829
Segment{ 8 }, Segment{ 9 }
コサイン類似度: 0.08129114098536849
Segment{ 9 }, Segment{ 10 }
コサイン類似度: 0.10684621193874234
Segment{ 10 }, Segment{ 11 12 }
コサイン類似度: 0.03158375129181739
Segment{ 11 12 }, Segment{ 13 }
コサイン類似度: 0.026770181074644996
Segment{ 13 }, Segment{ 14 15 }
コサイン類似度: 0.023742449619216354
Segment{ 14 15 }, Segment{ 16 }
コサイン類似度: 0.11989251391026448
Segment{ 16 }, Segment{ 17 }
コサイン類似度: 0.0
Segment{ 17 }, Segment{ 18 }
コサイン類似度: 0.022466194170652588
ソフトウエア(1)
運用(2)
フィールド(4)
今回(2)
終了(1)
マネジメント(1)
kit(1)
物理(1)
セキュリティ(1)
網目(1)
books(1)
課題(1)
構造(1)
データベース(10)
それぞれ(2)
参加(1)
スタンドアロン(2)
形式(2)
活用(1)
採用(1)
導入(1)
削除(1)
DBMS(1)
書籍(2)
修正(2)
ホームページ(2)
/~(3)
RDBMS(2)
メールアドレス(1)
日付(1)
機能(1)
完了(1)
シートビュー(1)
規約(1)
レコード(2)
関連(1)
net(1)
各行(1)
論理(1)
ごと(2)
大量(1)
とき(1)
vb(1)
研究(1)
集計(1)
システム(3)
管理(2)
画面(3)
文化(1)
住所(1)
使い方(1)
申し訳(1)
複数(3)
番号(1)
lecture(1)
akademeia(1)
pcdn(1)
多く(1)
重複(1)
リレーショナル(4)
iyori(3)
起動(2)
basic(1)
tokubetu(1)
ネットワーク(2)
su(2)
htm(2)
こと(3)
受け渡し(1)
kyoto(3)
基礎(1)
収集(1)
次元(1)
Microsoft(4)
ダウンロード(1)
技術(2)
co(2)
提出(1)
販売(2)
作成(6)
ため(5)
その他(1)
計算(1)
分類(1)
Query(1)
www(4)
前方(1)
場合(1)
規定(1)
方式(1)
edu(1)
テーマ(1)
htmhttp(2)
プログラム(2)
テーブル(7)
利用(5)
shuwasystem(1)
現在(2)
データ(8)
表示(1)
要求(1)
追加(1)
ツール(1)
ツリー(1)
蓄積(1)
main(1)
売上(1)
項目(4)
必要(1)
単体(1)
抽出(2)
階層(1)
ac(4)
html(1)
キー(1)
自由(1)
演算(1)
Accesshttp(1)
info(3)
page(1)
ISDN(1)
mailsrv(1)
処理(1)
変更(1)
商用(1)
仕組み(1)
参考(3)
開始(1)
サーバ(1)
練習(1)
データモデル(1)
メモリ(1)
新規(1)
visual(1)
http(3)
inet(1)
演習(3)
秀和(1)
Access(8)
asait(1)
ファイル(2)
現代(1)
設定(4)
データシートビュー(1)
特定(1)
主流(1)
クライアント(1)
nara(1)
もの(5)
access(1)
関係(3)
格納(3)
murun(1)
フォーム(1)
USB(1)
開発(1)
各自(1)
着席(1)
整理(1)
デザインビュー(3)
noriolib(1)
親子(1)
jp(5)
HP(1)
まとまり(1)
後方(1)
書名(1)
Accessz(1)
mbox(1)
メール(1)
クエリ(2)
一つ(1)
同士(2)
保守(1)
vbmag(1)
決定(1)
配置(1)
構築(3)
int(1)
定義(2)
コンピュータ(1)
可能(1)
確保(1)
成績(1)
media(1)
リレーションシップ(1)
サンプル(2)
無料(1)
保存(3)
://(4)
情報(3)
様々(1)
条件(1)
下図(1)
database(1)
rdbms(1)
種類(1)
表現(1)
よう(3)
入力(1)
選択(2)
自習(1)
{ 1 } { 2 } { 3 } { 4 } { 5 } { 6 } { 7 } { 8 } { 9 } { 10 } { 11 12 } { 13 } { 14 15 16 } { 17 } { 18 } 
Segment{ 2 }, Segment{ 3 }
コサイン類似度: 0.0027359031364440236
Segment{ 3 }, Segment{ 4 }
コサイン類似度: 0.007455303676866182
Segment{ 4 }, Segment{ 5 }
コサイン類似度: 0.00970694345446955
Segment{ 5 }, Segment{ 6 }
コサイン類似度: 0.0021055958290829443
Segment{ 6 }, Segment{ 7 }
コサイン類似度: 0.0011518470186312746
Segment{ 7 }, Segment{ 8 }
コサイン類似度: 0.004939878140453832
Segment{ 8 }, Segment{ 9 }
コサイン類似度: 0.09011669385643954
Segment{ 9 }, Segment{ 10 }
コサイン類似度: 0.11083986133405688
Segment{ 10 }, Segment{ 11 12 }
コサイン類似度: 0.03394782535520994
Segment{ 11 12 }, Segment{ 13 }
コサイン類似度: 0.028403333194131315
Segment{ 13 }, Segment{ 14 15 16 }
コサイン類似度: 0.0252121335560974
Segment{ 14 15 16 }, Segment{ 17 }
コサイン類似度: 4.1929786568050634E-4
Segment{ 17 }, Segment{ 18 }
コサイン類似度: 0.022422481562339457
ソフトウエア(1)
運用(2)
フィールド(4)
今回(2)
終了(1)
マネジメント(1)
kit(1)
物理(1)
セキュリティ(1)
網目(1)
books(1)
課題(1)
構造(1)
データベース(9)
それぞれ(2)
参加(1)
スタンドアロン(2)
形式(1)
活用(1)
採用(1)
導入(1)
削除(1)
DBMS(1)
書籍(2)
修正(2)
ホームページ(2)
/~(3)
RDBMS(2)
メールアドレス(1)
日付(1)
機能(1)
完了(1)
シートビュー(1)
規約(1)
レコード(2)
関連(1)
net(1)
各行(1)
論理(1)
ごと(2)
大量(1)
とき(1)
vb(1)
研究(1)
集計(1)
システム(3)
管理(2)
画面(3)
文化(1)
住所(1)
使い方(1)
申し訳(1)
複数(3)
番号(1)
lecture(1)
akademeia(1)
pcdn(1)
多く(1)
重複(1)
リレーショナル(4)
iyori(3)
起動(2)
basic(1)
tokubetu(1)
ネットワーク(2)
su(2)
htm(2)
こと(3)
受け渡し(1)
kyoto(3)
基礎(1)
収集(1)
次元(1)
Microsoft(4)
ダウンロード(1)
技術(2)
co(2)
提出(1)
販売(2)
作成(5)
ため(5)
その他(1)
計算(1)
分類(1)
Query(1)
www(4)
前方(1)
場合(1)
規定(1)
方式(1)
edu(1)
テーマ(1)
htmhttp(2)
プログラム(2)
テーブル(6)
利用(5)
shuwasystem(1)
現在(2)
データ(7)
表示(1)
要求(1)
追加(1)
ツール(1)
ツリー(1)
蓄積(1)
main(1)
売上(1)
項目(3)
必要(1)
単体(1)
抽出(2)
階層(1)
ac(4)
html(1)
キー(1)
自由(1)
演算(1)
Accesshttp(1)
info(3)
page(1)
ISDN(1)
mailsrv(1)
処理(1)
変更(1)
商用(1)
仕組み(1)
参考(3)
開始(1)
サーバ(1)
練習(1)
データモデル(1)
メモリ(1)
新規(1)
visual(1)
http(3)
inet(1)
演習(3)
秀和(1)
Access(8)
asait(1)
ファイル(2)
現代(1)
設定(3)
データシートビュー(1)
特定(1)
主流(1)
クライアント(1)
nara(1)
もの(5)
access(1)
関係(3)
格納(3)
murun(1)
フォーム(1)
USB(1)
開発(1)
各自(1)
着席(1)
整理(1)
デザインビュー(2)
noriolib(1)
親子(1)
jp(5)
HP(1)
まとまり(1)
後方(1)
書名(1)
Accessz(1)
mbox(1)
メール(1)
クエリ(2)
一つ(1)
同士(2)
保守(1)
vbmag(1)
決定(1)
配置(1)
構築(3)
int(1)
定義(2)
コンピュータ(1)
可能(1)
確保(1)
成績(1)
media(1)
リレーションシップ(1)
サンプル(2)
無料(1)
保存(3)
://(4)
情報(3)
様々(1)
条件(1)
下図(1)
database(1)
rdbms(1)
種類(1)
表現(1)
よう(3)
入力(1)
選択(2)
自習(1)
{ 1 } { 2 } { 3 } { 4 } { 5 } { 6 } { 7 } { 8 } { 9 10 } { 11 12 } { 13 } { 14 15 16 } { 17 } { 18 } 
Segment{ 2 }, Segment{ 3 }
コサイン類似度: 0.003362191447241198
Segment{ 3 }, Segment{ 4 }
コサイン類似度: 0.009033100901662495
Segment{ 4 }, Segment{ 5 }
コサイン類似度: 0.010025272221450334
Segment{ 5 }, Segment{ 6 }
コサイン類似度: 0.002596717902785676
Segment{ 6 }, Segment{ 7 }
コサイン類似度: 0.0014215172443976971
Segment{ 7 }, Segment{ 8 }
コサイン類似度: 0.0055369061786747905
Segment{ 8 }, Segment{ 9 10 }
コサイン類似度: 0.07941950406010523
Segment{ 11 12 }, Segment{ 13 }
コサイン類似度: 0.03560749935141066
Segment{ 13 }, Segment{ 14 15 16 }
コサイン類似度: 0.028354989528100855
Segment{ 14 15 16 }, Segment{ 17 }
コサイン類似度: 4.183745688579855E-4
Segment{ 17 }, Segment{ 18 }
コサイン類似度: 0.022416540441277444
ソフトウエア(1)
運用(2)
フィールド(3)
今回(2)
終了(1)
マネジメント(1)
kit(1)
物理(1)
セキュリティ(1)
網目(1)
books(1)
課題(1)
構造(1)
データベース(8)
それぞれ(2)
参加(1)
スタンドアロン(2)
形式(1)
活用(1)
採用(1)
導入(1)
削除(1)
DBMS(1)
書籍(2)
修正(2)
ホームページ(2)
/~(3)
RDBMS(2)
メールアドレス(1)
日付(1)
機能(1)
完了(1)
シートビュー(1)
規約(1)
レコード(2)
関連(1)
net(1)
各行(1)
論理(1)
ごと(2)
大量(1)
とき(1)
vb(1)
研究(1)
集計(1)
システム(3)
管理(2)
画面(3)
文化(1)
住所(1)
使い方(1)
申し訳(1)
複数(3)
番号(1)
lecture(1)
akademeia(1)
pcdn(1)
多く(1)
重複(1)
リレーショナル(4)
iyori(3)
起動(2)
basic(1)
tokubetu(1)
ネットワーク(2)
su(2)
htm(2)
こと(3)
受け渡し(1)
kyoto(3)
基礎(1)
収集(1)
次元(1)
Microsoft(4)
ダウンロード(1)
技術(2)
co(2)
提出(1)
販売(2)
作成(5)
ため(5)
その他(1)
計算(1)
分類(1)
Query(1)
www(4)
前方(1)
場合(1)
規定(1)
方式(1)
edu(1)
テーマ(1)
htmhttp(2)
プログラム(2)
テーブル(5)
利用(5)
shuwasystem(1)
現在(2)
データ(6)
表示(1)
要求(1)
追加(1)
ツール(1)
ツリー(1)
蓄積(1)
main(1)
売上(1)
項目(2)
必要(1)
単体(1)
抽出(2)
階層(1)
ac(4)
html(1)
キー(1)
自由(1)
演算(1)
Accesshttp(1)
info(3)
page(1)
ISDN(1)
mailsrv(1)
処理(1)
変更(1)
商用(1)
仕組み(1)
参考(3)
開始(1)
サーバ(1)
練習(1)
データモデル(1)
メモリ(1)
新規(1)
visual(1)
http(3)
inet(1)
演習(3)
秀和(1)
Access(7)
asait(1)
ファイル(2)
現代(1)
設定(3)
データシートビュー(1)
特定(1)
主流(1)
クライアント(1)
nara(1)
もの(5)
access(1)
関係(3)
格納(3)
murun(1)
フォーム(1)
USB(1)
開発(1)
各自(1)
着席(1)
整理(1)
デザインビュー(2)
noriolib(1)
親子(1)
jp(5)
HP(1)
まとまり(1)
後方(1)
書名(1)
Accessz(1)
mbox(1)
メール(1)
クエリ(2)
一つ(1)
同士(2)
保守(1)
vbmag(1)
決定(1)
配置(1)
構築(3)
int(1)
定義(2)
コンピュータ(1)
可能(1)
確保(1)
成績(1)
media(1)
リレーションシップ(1)
サンプル(2)
無料(1)
保存(2)
://(4)
情報(3)
様々(1)
条件(1)
下図(1)
database(1)
rdbms(1)
種類(1)
表現(1)
よう(3)
入力(1)
選択(2)
自習(1)
{ 1 } { 2 } { 3 } { 4 } { 5 } { 6 } { 7 } { 8 9 10 } { 11 12 } { 13 } { 14 15 16 } { 17 } { 18 } 
Segment{ 2 }, Segment{ 3 }
コサイン類似度: 0.00422601474208569
Segment{ 3 }, Segment{ 4 }
コサイン類似度: 0.011405883785188165
Segment{ 4 }, Segment{ 5 }
コサイン類似度: 0.010468932059846598
Segment{ 5 }, Segment{ 6 }
コサイン類似度: 0.003281426759859971
Segment{ 6 }, Segment{ 7 }
コサイン類似度: 0.0017970877407491878
Segment{ 7 }, Segment{ 8 9 10 }
コサイン類似度: 0.0161589269731501
Segment{ 11 12 }, Segment{ 13 }
コサイン類似度: 0.039519350569654374
Segment{ 13 }, Segment{ 14 15 16 }
コサイン類似度: 0.033955658982258746
Segment{ 14 15 16 }, Segment{ 17 }
コサイン類似度: 5.428807328168763E-4
Segment{ 17 }, Segment{ 18 }
コサイン類似度: 0.022410424266476756
