filename: ensyu04
xmlFile: /Users/admin/ocwslidedata/ocw.kyoto-u.ac.jp/002-003-(〜2010年)情報技術演習（2005年度）/ensyu04/slide.xml
dir: /Users/admin/ocwslidedata/ocw.kyoto-u.ac.jp/002-003-(〜2010年)情報技術演習（2005年度）/ensyu04
XML:
<presentation language="ja"><slide page="1"><body><p>基礎現代文化学情報技術演習 第4回関数とプログラミングの基礎http://www.kyoto-su.ac.jp/~iyori/info/ensyu04.ppt</p></body></slide><slide page="2"><body><p>Excelでの数式入力z Microsoft Excelでは、セルに文字列や数値を入力するだけでなく「数式」を入力して計算をおこなわせることができる。z セルに数式（計算式）を入力する場合、セル内の最初の部分に「=」を入力する。z 計算に使用する記号（計算演算子）のうち、最も基本的な「算術演算子」には「+」（加算）、「-」（減算）、 「*」（乗算）、 「/」（除算）、「^」（べき乗）などがある。これらの記号は、多くのプログラミング言語でも同様に使用されている。z 計算式の入力の際には必ず「半角英数字」を使用することに注意。</p></body></slide><slide page="3"><body><p>計算式とセル参照z 数式の入力の際には、「=100+30*2」といったように数値を直接入力する方法と、計算に利用したいセルの場所（縦横の英字・数字で指定）を入力して「参照」する方法がある。直接入力の例 セル参照の例</p></body></slide><slide page="4"><body><p>練習z Microsoft Excelを起動し、直接入力とセル参照を用いて適当な数式を計算させてみましょう。z セル参照の場合に「参照されている」セルの数値を変更し、計算結果が変わることを確かめましょう。</p></body></slide><slide page="5"><body><p>関数（組み込み関数）の利用z よく利用される数式や複雑な計算式など、あらかじめソフトウエアに用意されている数式セットを関数という。Excelでの関数は「挿入」→「関数」タブまたは関数ボタン「fx」をクリックして使用する（直接入力も可能）。関数の挿入ウインドウ SUM（総和）関数の使用例</p></body></slide><slide page="6"><body><p>練習z Excelに用意されている様々な関数を使用し、計算をおこなってみましょう。z その際に、マウスによる参照セルの指定や複数のセル範囲の指定方法を試してみましょう。</p></body></slide><slide page="7"><body><p>論理関数と比較演算子（1）z 数値計算をこなす関数とは異なり、与えられた条件を調査・判断して結果を返したり処理をおこなう関数として論理関数と呼ばれるものがある。z よく使用されるものとしてIF関数、AND関数、OR関数、NOT関数などがある。z 関数の引数（入力される数値）として関数を使用することもでき、関数のネスト（入れ子）という。</p></body></slide><slide page="8"><body><p>論理関数と比較演算子（2）z 論理関数でよく使用される演算子として、比較演算子がある。z 比較演算子は2つの数式を比較して結果を返すもので、「=」「>」「<」「>=」「<=」「<>」などがある。関数の入力ウインドウ IF関数の例</p></body></slide><slide page="9"><body><p>練習z さまざまな論理関数・比較演算子を使用してみましょう。z 関数のネストを試してみましょう。</p></body></slide><slide page="10"><body><p>簡単なプログラミング –Script言語-z スクリプト言語は、簡易的なプログラムを記述する言語の総称であり、スクリプト言語で書かれたプログラムをスクリプトと呼ぶ。z 一般のプログラミング言語より機能が少ない場合もあるが簡単で小規模・軽量なプログラムを作成しやすい。z Webページに組み込んで使用されるJavaScriptやPerlなどのほか、特定のアプリケーションでのみ使用できるマクロ言語（Microsoft Officeで使用されるVBAなど）もスクリプト言語の一種である。</p></body></slide><slide page="11"><body><p>JavaScriptz JavaScriptはNetscape社が開発したスクリプト言語で、Webページ（htmlファイル）に埋め込んで動作させることができる。記述方式などはプログラミング言語のJavaと似ているが、Javaとは別のものである。z HTML内に埋め込む形で記述したスクリプトを、ブラウザがインタプリタとなって逐次実行する形式をとる。z 主にWebページに動的な変化を与えたり、入力された数値などを処理する用途などに用いられる。z 使用するブラウザの種類やバージョンによって、対応状況が異なることに注意する（ブラウザが変わると実行できない場合もある）。</p></body></slide><slide page="12"><body><p>JavaScriptの基礎z htmlファイル内に以下のようなタグを挿入し、その間にスクリプト（JavaScriptで実行させたい動作など）を書き込む。<SCRIPT language=“JavaScript”><!--実行するスクリプト// --> </SCRIPT>z 下記URLを参考に、htmlファイルにJavaScriptを埋め込んで実際に動作させてみてください。http://www.sumnet.ne.jp/domp/jsbs/http://www.ueda.info.waseda.ac.jp/~gaku/js/http://www.hajimeteno.ne.jp/dhtml/</p></body></slide><slide page="13"><body><p>今回の課題z JavaScriptを埋め込んだWebページを作成してみてください。z JavaScriptの各部分が何を指し、どのような処理をしているのかを考えてコメントを入れてみましょう。コメントのつけ方は下記参照。http://www.sumnet.ne.jp/domp/jsbs/kihon/kihon.htm</p></body></slide></presentation>
ページ: 1 -----
<slide page="1"><body><p>基礎現代文化学情報技術演習 第4回関数とプログラミングの基礎http://www.kyoto-su.ac.jp/~iyori/info/ensyu04.ppt</p></body></slide>
in Sheet Class, page: 1
title = ""
body = "<p>基礎現代文化学情報技術演習 第4回関数とプログラミングの基礎http://www.kyoto-su.ac.jp/~iyori/info/ensyu04.ppt</p>"
makeWordArrayJp
paragraph: 基礎現代文化学情報技術演習 第4回関数とプログラミングの基礎http://www.kyoto-su.ac.jp/~iyori/info/ensyu04.ppt
基礎 :	名詞,一般,*,*,*,*,基礎,キソ,キソ	true	1
現代 :	名詞,一般,*,*,*,*,現代,ゲンダイ,ゲンダイ	true	1
文化 :	名詞,一般,*,*,*,*,文化,ブンカ,ブンカ	true	1
情報 :	名詞,一般,*,*,*,*,情報,ジョウホウ,ジョーホー	true	1
技術 :	名詞,一般,*,*,*,*,技術,ギジュツ,ギジュツ	true	1
演習 :	名詞,サ変接続,*,*,*,*,演習,エンシュウ,エンシュー	true	1
関数 :	名詞,一般,*,*,*,*,関数,カンスウ,カンスー	true	1
プログラミング :	名詞,サ変接続,*,*,*,*,プログラミング,プログラミング,プログラミング	true	1
基礎 :	名詞,一般,*,*,*,*,基礎,キソ,キソ	true	2
http :	名詞,一般,*,*,*,*,*	false	1
:// :	名詞,サ変接続,*,*,*,*,*	false	1
www :	名詞,一般,*,*,*,*,*	false	1
kyoto :	名詞,一般,*,*,*,*,*	false	1
su :	名詞,一般,*,*,*,*,*	false	1
ac :	名詞,一般,*,*,*,*,*	false	1
jp :	名詞,一般,*,*,*,*,*	false	1
/~ :	名詞,サ変接続,*,*,*,*,*	false	1
iyori :	名詞,一般,*,*,*,*,*	false	1
info :	名詞,一般,*,*,*,*,*	false	1
ensyu :	名詞,一般,*,*,*,*,*	false	1
ppt :	名詞,固有名詞,組織,*,*,*,*	false	1
ページ: 2 -----
<slide page="2"><body><p>Excelでの数式入力z Microsoft Excelでは、セルに文字列や数値を入力するだけでなく「数式」を入力して計算をおこなわせることができる。z セルに数式（計算式）を入力する場合、セル内の最初の部分に「=」を入力する。z 計算に使用する記号（計算演算子）のうち、最も基本的な「算術演算子」には「+」（加算）、「-」（減算）、 「*」（乗算）、 「/」（除算）、「^」（べき乗）などがある。これらの記号は、多くのプログラミング言語でも同様に使用されている。z 計算式の入力の際には必ず「半角英数字」を使用することに注意。</p></body></slide>
in Sheet Class, page: 2
title = ""
body = "<p>Excelでの数式入力z Microsoft Excelでは、セルに文字列や数値を入力するだけでなく「数式」を入力して計算をおこなわせることができる。z セルに数式（計算式）を入力する場合、セル内の最初の部分に「=」を入力する。z 計算に使用する記号（計算演算子）のうち、最も基本的な「算術演算子」には「+」（加算）、「-」（減算）、 「*」（乗算）、 「/」（除算）、「^」（べき乗）などがある。これらの記号は、多くのプログラミング言語でも同様に使用されている。z 計算式の入力の際には必ず「半角英数字」を使用することに注意。</p>"
makeWordArrayJp
paragraph: Excelでの数式入力z Microsoft Excelでは、セルに文字列や数値を入力するだけでなく「数式」を入力して計算をおこなわせることができる。z セルに数式（計算式）を入力する場合、セル内の最初の部分に「=」を入力する。z 計算に使用する記号（計算演算子）のうち、最も基本的な「算術演算子」には「+」（加算）、「-」（減算）、 「*」（乗算）、 「/」（除算）、「^」（べき乗）などがある。これらの記号は、多くのプログラミング言語でも同様に使用されている。z 計算式の入力の際には必ず「半角英数字」を使用することに注意。
Excel :	名詞,一般,*,*,*,*,*	false	1
数式 :	名詞,一般,*,*,*,*,数式,スウシキ,スーシキ	true	1
入力 :	名詞,サ変接続,*,*,*,*,入力,ニュウリョク,ニューリョク	true	1
Microsoft :	名詞,固有名詞,組織,*,*,*,*	false	1
Excel :	名詞,一般,*,*,*,*,*	false	2
セル :	名詞,一般,*,*,*,*,セル,セル,セル	true	1
文字 :	名詞,一般,*,*,*,*,文字,モジ,モジ	true	1
数値 :	名詞,一般,*,*,*,*,数値,スウチ,スーチ	true	1
入力 :	名詞,サ変接続,*,*,*,*,入力,ニュウリョク,ニューリョク	true	2
数式 :	名詞,一般,*,*,*,*,数式,スウシキ,スーシキ	true	2
入力 :	名詞,サ変接続,*,*,*,*,入力,ニュウリョク,ニューリョク	true	3
計算 :	名詞,サ変接続,*,*,*,*,計算,ケイサン,ケイサン	true	1
こと :	名詞,非自立,一般,*,*,*,こと,コト,コト	true	1
セル :	名詞,一般,*,*,*,*,セル,セル,セル	true	2
数式 :	名詞,一般,*,*,*,*,数式,スウシキ,スーシキ	true	3
計算 :	名詞,サ変接続,*,*,*,*,計算,ケイサン,ケイサン	true	2
入力 :	名詞,サ変接続,*,*,*,*,入力,ニュウリョク,ニューリョク	true	4
場合 :	名詞,副詞可能,*,*,*,*,場合,バアイ,バアイ	true	1
セル :	名詞,一般,*,*,*,*,セル,セル,セル	true	3
最初 :	名詞,一般,*,*,*,*,最初,サイショ,サイショ	true	1
部分 :	名詞,一般,*,*,*,*,部分,ブブン,ブブン	true	1
「=」 :	名詞,サ変接続,*,*,*,*,*	false	1
入力 :	名詞,サ変接続,*,*,*,*,入力,ニュウリョク,ニューリョク	true	5
計算 :	名詞,サ変接続,*,*,*,*,計算,ケイサン,ケイサン	true	3
使用 :	名詞,サ変接続,*,*,*,*,使用,シヨウ,シヨー	true	1
記号 :	名詞,一般,*,*,*,*,記号,キゴウ,キゴー	true	1
計算 :	名詞,サ変接続,*,*,*,*,計算,ケイサン,ケイサン	true	4
演算 :	名詞,サ変接続,*,*,*,*,演算,エンザン,エンザン	true	1
うち :	名詞,非自立,副詞可能,*,*,*,うち,ウチ,ウチ	true	1
基本 :	名詞,一般,*,*,*,*,基本,キホン,キホン	true	1
算術 :	名詞,一般,*,*,*,*,算術,サンジュツ,サンジュツ	true	1
演算 :	名詞,サ変接続,*,*,*,*,演算,エンザン,エンザン	true	2
+」（ :	名詞,サ変接続,*,*,*,*,*	false	1
加算 :	名詞,サ変接続,*,*,*,*,加算,カサン,カサン	true	1
-」（ :	名詞,サ変接続,*,*,*,*,*	false	1
減算 :	名詞,サ変接続,*,*,*,*,減算,ゲンザン,ゲンザン	true	1
「*」（ :	名詞,サ変接続,*,*,*,*,*	false	1
乗算 :	名詞,サ変接続,*,*,*,*,乗算,ジョウザン,ジョーザン	true	1
「/」（ :	名詞,サ変接続,*,*,*,*,*	false	1
除算 :	名詞,サ変接続,*,*,*,*,除算,ジョザン,ジョザン	true	1
^」（ :	名詞,サ変接続,*,*,*,*,*	false	1
べき乗 :	名詞,サ変接続,*,*,*,*,べき乗,ベキジョウ,ベキジョー	true	1
これら :	名詞,代名詞,一般,*,*,*,これら,コレラ,コレラ	true	1
記号 :	名詞,一般,*,*,*,*,記号,キゴウ,キゴー	true	2
多く :	名詞,副詞可能,*,*,*,*,多く,オオク,オーク	true	1
プログラミング :	名詞,サ変接続,*,*,*,*,プログラミング,プログラミング,プログラミング	true	1
言語 :	名詞,一般,*,*,*,*,言語,ゲンゴ,ゲンゴ	true	1
同様 :	名詞,形容動詞語幹,*,*,*,*,同様,ドウヨウ,ドーヨー	true	1
使用 :	名詞,サ変接続,*,*,*,*,使用,シヨウ,シヨー	true	2
計算 :	名詞,サ変接続,*,*,*,*,計算,ケイサン,ケイサン	true	5
入力 :	名詞,サ変接続,*,*,*,*,入力,ニュウリョク,ニューリョク	true	6
半角 :	名詞,一般,*,*,*,*,半角,ハンカク,ハンカク	true	1
英数字 :	名詞,一般,*,*,*,*,英数字,エイスウジ,エイスージ	true	1
使用 :	名詞,サ変接続,*,*,*,*,使用,シヨウ,シヨー	true	3
こと :	名詞,非自立,一般,*,*,*,こと,コト,コト	true	2
注意 :	名詞,サ変接続,*,*,*,*,注意,チュウイ,チューイ	true	1
ページ: 3 -----
<slide page="3"><body><p>計算式とセル参照z 数式の入力の際には、「=100+30*2」といったように数値を直接入力する方法と、計算に利用したいセルの場所（縦横の英字・数字で指定）を入力して「参照」する方法がある。直接入力の例 セル参照の例</p></body></slide>
in Sheet Class, page: 3
title = ""
body = "<p>計算式とセル参照z 数式の入力の際には、「=100+30*2」といったように数値を直接入力する方法と、計算に利用したいセルの場所（縦横の英字・数字で指定）を入力して「参照」する方法がある。直接入力の例 セル参照の例</p>"
makeWordArrayJp
paragraph: 計算式とセル参照z 数式の入力の際には、「=100+30*2」といったように数値を直接入力する方法と、計算に利用したいセルの場所（縦横の英字・数字で指定）を入力して「参照」する方法がある。直接入力の例 セル参照の例
計算 :	名詞,サ変接続,*,*,*,*,計算,ケイサン,ケイサン	true	1
セル :	名詞,固有名詞,一般,*,*,*,セル,セル,セル	true	1
参照 :	名詞,サ変接続,*,*,*,*,参照,サンショウ,サンショー	true	1
数式 :	名詞,一般,*,*,*,*,数式,スウシキ,スーシキ	true	1
入力 :	名詞,サ変接続,*,*,*,*,入力,ニュウリョク,ニューリョク	true	1
よう :	名詞,非自立,助動詞語幹,*,*,*,よう,ヨウ,ヨー	true	1
数値 :	名詞,一般,*,*,*,*,数値,スウチ,スーチ	true	1
直接 :	名詞,副詞可能,*,*,*,*,直接,チョクセツ,チョクセツ	true	1
入力 :	名詞,サ変接続,*,*,*,*,入力,ニュウリョク,ニューリョク	true	2
方法 :	名詞,一般,*,*,*,*,方法,ホウホウ,ホーホー	true	1
計算 :	名詞,サ変接続,*,*,*,*,計算,ケイサン,ケイサン	true	2
利用 :	名詞,サ変接続,*,*,*,*,利用,リヨウ,リヨー	true	1
セル :	名詞,一般,*,*,*,*,セル,セル,セル	true	2
場所 :	名詞,一般,*,*,*,*,場所,バショ,バショ	true	1
縦横 :	名詞,一般,*,*,*,*,縦横,ジュウオウ,ジューオー	true	1
英字 :	名詞,一般,*,*,*,*,英字,エイジ,エイジ	true	1
数字 :	名詞,一般,*,*,*,*,数字,スウジ,スージ	true	1
指定 :	名詞,サ変接続,*,*,*,*,指定,シテイ,シテイ	true	1
入力 :	名詞,サ変接続,*,*,*,*,入力,ニュウリョク,ニューリョク	true	3
参照 :	名詞,サ変接続,*,*,*,*,参照,サンショウ,サンショー	true	2
方法 :	名詞,一般,*,*,*,*,方法,ホウホウ,ホーホー	true	2
直接 :	名詞,副詞可能,*,*,*,*,直接,チョクセツ,チョクセツ	true	2
入力 :	名詞,サ変接続,*,*,*,*,入力,ニュウリョク,ニューリョク	true	4
セル :	名詞,一般,*,*,*,*,セル,セル,セル	true	3
参照 :	名詞,サ変接続,*,*,*,*,参照,サンショウ,サンショー	true	3
ページ: 4 -----
<slide page="4"><body><p>練習z Microsoft Excelを起動し、直接入力とセル参照を用いて適当な数式を計算させてみましょう。z セル参照の場合に「参照されている」セルの数値を変更し、計算結果が変わることを確かめましょう。</p></body></slide>
in Sheet Class, page: 4
title = ""
body = "<p>練習z Microsoft Excelを起動し、直接入力とセル参照を用いて適当な数式を計算させてみましょう。z セル参照の場合に「参照されている」セルの数値を変更し、計算結果が変わることを確かめましょう。</p>"
makeWordArrayJp
paragraph: 練習z Microsoft Excelを起動し、直接入力とセル参照を用いて適当な数式を計算させてみましょう。z セル参照の場合に「参照されている」セルの数値を変更し、計算結果が変わることを確かめましょう。
練習 :	名詞,サ変接続,*,*,*,*,練習,レンシュウ,レンシュー	true	1
Microsoft :	名詞,固有名詞,組織,*,*,*,*	false	1
Excel :	名詞,一般,*,*,*,*,*	false	1
起動 :	名詞,サ変接続,*,*,*,*,起動,キドウ,キドー	true	1
直接 :	名詞,副詞可能,*,*,*,*,直接,チョクセツ,チョクセツ	true	1
入力 :	名詞,サ変接続,*,*,*,*,入力,ニュウリョク,ニューリョク	true	1
セル :	名詞,固有名詞,一般,*,*,*,セル,セル,セル	true	1
参照 :	名詞,サ変接続,*,*,*,*,参照,サンショウ,サンショー	true	1
適当 :	名詞,形容動詞語幹,*,*,*,*,適当,テキトウ,テキトー	true	1
数式 :	名詞,一般,*,*,*,*,数式,スウシキ,スーシキ	true	1
計算 :	名詞,サ変接続,*,*,*,*,計算,ケイサン,ケイサン	true	1
セル :	名詞,一般,*,*,*,*,セル,セル,セル	true	2
参照 :	名詞,サ変接続,*,*,*,*,参照,サンショウ,サンショー	true	2
場合 :	名詞,副詞可能,*,*,*,*,場合,バアイ,バアイ	true	1
参照 :	名詞,サ変接続,*,*,*,*,参照,サンショウ,サンショー	true	3
セル :	名詞,一般,*,*,*,*,セル,セル,セル	true	3
数値 :	名詞,一般,*,*,*,*,数値,スウチ,スーチ	true	1
変更 :	名詞,サ変接続,*,*,*,*,変更,ヘンコウ,ヘンコー	true	1
計算 :	名詞,サ変接続,*,*,*,*,計算,ケイサン,ケイサン	true	2
結果 :	名詞,副詞可能,*,*,*,*,結果,ケッカ,ケッカ	true	1
こと :	名詞,非自立,一般,*,*,*,こと,コト,コト	true	1
ページ: 5 -----
<slide page="5"><body><p>関数（組み込み関数）の利用z よく利用される数式や複雑な計算式など、あらかじめソフトウエアに用意されている数式セットを関数という。Excelでの関数は「挿入」→「関数」タブまたは関数ボタン「fx」をクリックして使用する（直接入力も可能）。関数の挿入ウインドウ SUM（総和）関数の使用例</p></body></slide>
in Sheet Class, page: 5
title = ""
body = "<p>関数（組み込み関数）の利用z よく利用される数式や複雑な計算式など、あらかじめソフトウエアに用意されている数式セットを関数という。Excelでの関数は「挿入」→「関数」タブまたは関数ボタン「fx」をクリックして使用する（直接入力も可能）。関数の挿入ウインドウ SUM（総和）関数の使用例</p>"
makeWordArrayJp
paragraph: 関数（組み込み関数）の利用z よく利用される数式や複雑な計算式など、あらかじめソフトウエアに用意されている数式セットを関数という。Excelでの関数は「挿入」→「関数」タブまたは関数ボタン「fx」をクリックして使用する（直接入力も可能）。関数の挿入ウインドウ SUM（総和）関数の使用例
関数 :	名詞,一般,*,*,*,*,関数,カンスウ,カンスー	true	1
組み込み :	名詞,一般,*,*,*,*,組み込み,クミコミ,クミコミ	true	1
関数 :	名詞,一般,*,*,*,*,関数,カンスウ,カンスー	true	2
利用 :	名詞,サ変接続,*,*,*,*,利用,リヨウ,リヨー	true	1
利用 :	名詞,サ変接続,*,*,*,*,利用,リヨウ,リヨー	true	2
数式 :	名詞,一般,*,*,*,*,数式,スウシキ,スーシキ	true	1
複雑 :	名詞,形容動詞語幹,*,*,*,*,複雑,フクザツ,フクザツ	true	1
計算 :	名詞,サ変接続,*,*,*,*,計算,ケイサン,ケイサン	true	1
ソフトウエア :	名詞,一般,*,*,*,*,ソフトウエア,ソフトウエア,ソフトウエア	true	1
用意 :	名詞,サ変接続,*,*,*,*,用意,ヨウイ,ヨーイ	true	1
数式 :	名詞,一般,*,*,*,*,数式,スウシキ,スーシキ	true	2
セット :	名詞,一般,*,*,*,*,セット,セット,セット	true	1
関数 :	名詞,一般,*,*,*,*,関数,カンスウ,カンスー	true	3
Excel :	名詞,一般,*,*,*,*,*	false	1
関数 :	名詞,一般,*,*,*,*,関数,カンスウ,カンスー	true	4
挿入 :	名詞,サ変接続,*,*,*,*,挿入,ソウニュウ,ソーニュー	true	1
関数 :	名詞,一般,*,*,*,*,関数,カンスウ,カンスー	true	5
タブ :	名詞,一般,*,*,*,*,タブ,タブ,タブ	true	1
関数 :	名詞,一般,*,*,*,*,関数,カンスウ,カンスー	true	6
ボタン :	名詞,一般,*,*,*,*,ボタン,ボタン,ボタン	true	1
fx :	名詞,固有名詞,組織,*,*,*,*	false	1
クリック :	名詞,一般,*,*,*,*,クリック,クリック,クリック	true	1
使用 :	名詞,サ変接続,*,*,*,*,使用,シヨウ,シヨー	true	1
直接 :	名詞,副詞可能,*,*,*,*,直接,チョクセツ,チョクセツ	true	1
入力 :	名詞,サ変接続,*,*,*,*,入力,ニュウリョク,ニューリョク	true	1
可能 :	名詞,形容動詞語幹,*,*,*,*,可能,カノウ,カノー	true	1
関数 :	名詞,一般,*,*,*,*,関数,カンスウ,カンスー	true	7
挿入 :	名詞,サ変接続,*,*,*,*,挿入,ソウニュウ,ソーニュー	true	2
ウインドウ :	名詞,一般,*,*,*,*,ウインドウ,ウインドウ,ウインドウ	true	1
SUM :	名詞,固有名詞,組織,*,*,*,*	false	1
総和 :	名詞,サ変接続,*,*,*,*,総和,ソウワ,ソーワ	true	1
関数 :	名詞,一般,*,*,*,*,関数,カンスウ,カンスー	true	8
使用 :	名詞,サ変接続,*,*,*,*,使用,シヨウ,シヨー	true	2
ページ: 6 -----
<slide page="6"><body><p>練習z Excelに用意されている様々な関数を使用し、計算をおこなってみましょう。z その際に、マウスによる参照セルの指定や複数のセル範囲の指定方法を試してみましょう。</p></body></slide>
in Sheet Class, page: 6
title = ""
body = "<p>練習z Excelに用意されている様々な関数を使用し、計算をおこなってみましょう。z その際に、マウスによる参照セルの指定や複数のセル範囲の指定方法を試してみましょう。</p>"
makeWordArrayJp
paragraph: 練習z Excelに用意されている様々な関数を使用し、計算をおこなってみましょう。z その際に、マウスによる参照セルの指定や複数のセル範囲の指定方法を試してみましょう。
練習 :	名詞,サ変接続,*,*,*,*,練習,レンシュウ,レンシュー	true	1
Excel :	名詞,一般,*,*,*,*,*	false	1
用意 :	名詞,サ変接続,*,*,*,*,用意,ヨウイ,ヨーイ	true	1
様々 :	名詞,形容動詞語幹,*,*,*,*,様々,サマザマ,サマザマ	true	1
関数 :	名詞,一般,*,*,*,*,関数,カンスウ,カンスー	true	1
使用 :	名詞,サ変接続,*,*,*,*,使用,シヨウ,シヨー	true	1
計算 :	名詞,サ変接続,*,*,*,*,計算,ケイサン,ケイサン	true	1
マウス :	名詞,一般,*,*,*,*,マウス,マウス,マウス	true	1
参照 :	名詞,サ変接続,*,*,*,*,参照,サンショウ,サンショー	true	1
セル :	名詞,一般,*,*,*,*,セル,セル,セル	true	1
指定 :	名詞,サ変接続,*,*,*,*,指定,シテイ,シテイ	true	1
複数 :	名詞,一般,*,*,*,*,複数,フクスウ,フクスー	true	1
セル :	名詞,一般,*,*,*,*,セル,セル,セル	true	2
範囲 :	名詞,一般,*,*,*,*,範囲,ハンイ,ハンイ	true	1
指定 :	名詞,サ変接続,*,*,*,*,指定,シテイ,シテイ	true	2
方法 :	名詞,一般,*,*,*,*,方法,ホウホウ,ホーホー	true	1
ページ: 7 -----
<slide page="7"><body><p>論理関数と比較演算子（1）z 数値計算をこなす関数とは異なり、与えられた条件を調査・判断して結果を返したり処理をおこなう関数として論理関数と呼ばれるものがある。z よく使用されるものとしてIF関数、AND関数、OR関数、NOT関数などがある。z 関数の引数（入力される数値）として関数を使用することもでき、関数のネスト（入れ子）という。</p></body></slide>
in Sheet Class, page: 7
title = ""
body = "<p>論理関数と比較演算子（1）z 数値計算をこなす関数とは異なり、与えられた条件を調査・判断して結果を返したり処理をおこなう関数として論理関数と呼ばれるものがある。z よく使用されるものとしてIF関数、AND関数、OR関数、NOT関数などがある。z 関数の引数（入力される数値）として関数を使用することもでき、関数のネスト（入れ子）という。</p>"
makeWordArrayJp
paragraph: 論理関数と比較演算子（1）z 数値計算をこなす関数とは異なり、与えられた条件を調査・判断して結果を返したり処理をおこなう関数として論理関数と呼ばれるものがある。z よく使用されるものとしてIF関数、AND関数、OR関数、NOT関数などがある。z 関数の引数（入力される数値）として関数を使用することもでき、関数のネスト（入れ子）という。
論理 :	名詞,一般,*,*,*,*,論理,ロンリ,ロンリ	true	1
関数 :	名詞,一般,*,*,*,*,関数,カンスウ,カンスー	true	1
比較 :	名詞,サ変接続,*,*,*,*,比較,ヒカク,ヒカク	true	1
演算 :	名詞,サ変接続,*,*,*,*,演算,エンザン,エンザン	true	1
数値 :	名詞,一般,*,*,*,*,数値,スウチ,スーチ	true	1
計算 :	名詞,サ変接続,*,*,*,*,計算,ケイサン,ケイサン	true	1
関数 :	名詞,一般,*,*,*,*,関数,カンスウ,カンスー	true	2
条件 :	名詞,一般,*,*,*,*,条件,ジョウケン,ジョーケン	true	1
調査 :	名詞,サ変接続,*,*,*,*,調査,チョウサ,チョーサ	true	1
判断 :	名詞,サ変接続,*,*,*,*,判断,ハンダン,ハンダン	true	1
結果 :	名詞,副詞可能,*,*,*,*,結果,ケッカ,ケッカ	true	1
処理 :	名詞,サ変接続,*,*,*,*,処理,ショリ,ショリ	true	1
関数 :	名詞,一般,*,*,*,*,関数,カンスウ,カンスー	true	3
論理 :	名詞,一般,*,*,*,*,論理,ロンリ,ロンリ	true	2
関数 :	名詞,一般,*,*,*,*,関数,カンスウ,カンスー	true	4
もの :	名詞,非自立,一般,*,*,*,もの,モノ,モノ	true	1
使用 :	名詞,サ変接続,*,*,*,*,使用,シヨウ,シヨー	true	1
もの :	名詞,非自立,一般,*,*,*,もの,モノ,モノ	true	2
IF :	名詞,固有名詞,組織,*,*,*,*	false	1
関数 :	名詞,一般,*,*,*,*,関数,カンスウ,カンスー	true	5
AND :	名詞,固有名詞,組織,*,*,*,*	false	1
関数 :	名詞,一般,*,*,*,*,関数,カンスウ,カンスー	true	6
OR :	名詞,固有名詞,組織,*,*,*,*	false	1
関数 :	名詞,一般,*,*,*,*,関数,カンスウ,カンスー	true	7
NOT :	名詞,固有名詞,組織,*,*,*,*	false	1
関数 :	名詞,一般,*,*,*,*,関数,カンスウ,カンスー	true	8
関数 :	名詞,一般,*,*,*,*,関数,カンスウ,カンスー	true	9
引数 :	名詞,一般,*,*,*,*,引数,ヒキスウ,ヒキスー	true	1
入力 :	名詞,サ変接続,*,*,*,*,入力,ニュウリョク,ニューリョク	true	1
数値 :	名詞,一般,*,*,*,*,数値,スウチ,スーチ	true	2
関数 :	名詞,一般,*,*,*,*,関数,カンスウ,カンスー	true	10
使用 :	名詞,サ変接続,*,*,*,*,使用,シヨウ,シヨー	true	2
こと :	名詞,非自立,一般,*,*,*,こと,コト,コト	true	1
関数 :	名詞,一般,*,*,*,*,関数,カンスウ,カンスー	true	11
ネスト :	名詞,一般,*,*,*,*,ネスト,ネスト,ネスト	true	1
入れ子 :	名詞,一般,*,*,*,*,入れ子,イレコ,イレコ	true	1
ページ: 8 -----
<slide page="8"><body><p>論理関数と比較演算子（2）z 論理関数でよく使用される演算子として、比較演算子がある。z 比較演算子は2つの数式を比較して結果を返すもので、「=」「>」「<」「>=」「<=」「<>」などがある。関数の入力ウインドウ IF関数の例</p></body></slide>
in Sheet Class, page: 8
title = ""
body = "<p>論理関数と比較演算子（2）z 論理関数でよく使用される演算子として、比較演算子がある。z 比較演算子は2つの数式を比較して結果を返すもので、「=」「>」「<」「>=」「<=」「<>」などがある。関数の入力ウインドウ IF関数の例</p>"
makeWordArrayJp
paragraph: 論理関数と比較演算子（2）z 論理関数でよく使用される演算子として、比較演算子がある。z 比較演算子は2つの数式を比較して結果を返すもので、「=」「>」「<」「>=」「<=」「<>」などがある。関数の入力ウインドウ IF関数の例
論理 :	名詞,一般,*,*,*,*,論理,ロンリ,ロンリ	true	1
関数 :	名詞,一般,*,*,*,*,関数,カンスウ,カンスー	true	1
比較 :	名詞,サ変接続,*,*,*,*,比較,ヒカク,ヒカク	true	1
演算 :	名詞,サ変接続,*,*,*,*,演算,エンザン,エンザン	true	1
論理 :	名詞,一般,*,*,*,*,論理,ロンリ,ロンリ	true	2
関数 :	名詞,一般,*,*,*,*,関数,カンスウ,カンスー	true	2
使用 :	名詞,サ変接続,*,*,*,*,使用,シヨウ,シヨー	true	1
演算 :	名詞,サ変接続,*,*,*,*,演算,エンザン,エンザン	true	2
比較 :	名詞,サ変接続,*,*,*,*,比較,ヒカク,ヒカク	true	2
演算 :	名詞,サ変接続,*,*,*,*,演算,エンザン,エンザン	true	3
比較 :	名詞,サ変接続,*,*,*,*,比較,ヒカク,ヒカク	true	3
演算 :	名詞,サ変接続,*,*,*,*,演算,エンザン,エンザン	true	4
数式 :	名詞,一般,*,*,*,*,数式,スウシキ,スーシキ	true	1
比較 :	名詞,サ変接続,*,*,*,*,比較,ヒカク,ヒカク	true	4
結果 :	名詞,副詞可能,*,*,*,*,結果,ケッカ,ケッカ	true	1
もの :	名詞,非自立,一般,*,*,*,もの,モノ,モノ	true	1
=」「>」「<」「>=」「<=」「<>」 :	名詞,サ変接続,*,*,*,*,*	false	1
関数 :	名詞,一般,*,*,*,*,関数,カンスウ,カンスー	true	3
入力 :	名詞,サ変接続,*,*,*,*,入力,ニュウリョク,ニューリョク	true	1
ウインドウ :	名詞,一般,*,*,*,*,ウインドウ,ウインドウ,ウインドウ	true	1
IF :	名詞,固有名詞,組織,*,*,*,*	false	1
関数 :	名詞,一般,*,*,*,*,関数,カンスウ,カンスー	true	4
ページ: 9 -----
<slide page="9"><body><p>練習z さまざまな論理関数・比較演算子を使用してみましょう。z 関数のネストを試してみましょう。</p></body></slide>
in Sheet Class, page: 9
title = ""
body = "<p>練習z さまざまな論理関数・比較演算子を使用してみましょう。z 関数のネストを試してみましょう。</p>"
makeWordArrayJp
paragraph: 練習z さまざまな論理関数・比較演算子を使用してみましょう。z 関数のネストを試してみましょう。
練習 :	名詞,サ変接続,*,*,*,*,練習,レンシュウ,レンシュー	true	1
さまざま :	名詞,形容動詞語幹,*,*,*,*,さまざま,サマザマ,サマザマ	true	1
論理 :	名詞,一般,*,*,*,*,論理,ロンリ,ロンリ	true	1
関数 :	名詞,一般,*,*,*,*,関数,カンスウ,カンスー	true	1
比較 :	名詞,サ変接続,*,*,*,*,比較,ヒカク,ヒカク	true	1
演算 :	名詞,サ変接続,*,*,*,*,演算,エンザン,エンザン	true	1
使用 :	名詞,サ変接続,*,*,*,*,使用,シヨウ,シヨー	true	1
関数 :	名詞,一般,*,*,*,*,関数,カンスウ,カンスー	true	2
ネスト :	名詞,一般,*,*,*,*,ネスト,ネスト,ネスト	true	1
ページ: 10 -----
<slide page="10"><body><p>簡単なプログラミング –Script言語-z スクリプト言語は、簡易的なプログラムを記述する言語の総称であり、スクリプト言語で書かれたプログラムをスクリプトと呼ぶ。z 一般のプログラミング言語より機能が少ない場合もあるが簡単で小規模・軽量なプログラムを作成しやすい。z Webページに組み込んで使用されるJavaScriptやPerlなどのほか、特定のアプリケーションでのみ使用できるマクロ言語（Microsoft Officeで使用されるVBAなど）もスクリプト言語の一種である。</p></body></slide>
in Sheet Class, page: 10
title = ""
body = "<p>簡単なプログラミング –Script言語-z スクリプト言語は、簡易的なプログラムを記述する言語の総称であり、スクリプト言語で書かれたプログラムをスクリプトと呼ぶ。z 一般のプログラミング言語より機能が少ない場合もあるが簡単で小規模・軽量なプログラムを作成しやすい。z Webページに組み込んで使用されるJavaScriptやPerlなどのほか、特定のアプリケーションでのみ使用できるマクロ言語（Microsoft Officeで使用されるVBAなど）もスクリプト言語の一種である。</p>"
makeWordArrayJp
paragraph: 簡単なプログラミング –Script言語-z スクリプト言語は、簡易的なプログラムを記述する言語の総称であり、スクリプト言語で書かれたプログラムをスクリプトと呼ぶ。z 一般のプログラミング言語より機能が少ない場合もあるが簡単で小規模・軽量なプログラムを作成しやすい。z Webページに組み込んで使用されるJavaScriptやPerlなどのほか、特定のアプリケーションでのみ使用できるマクロ言語（Microsoft Officeで使用されるVBAなど）もスクリプト言語の一種である。
簡単 :	名詞,形容動詞語幹,*,*,*,*,簡単,カンタン,カンタン	true	1
プログラミング :	名詞,サ変接続,*,*,*,*,プログラミング,プログラミング,プログラミング	true	1
Script :	名詞,一般,*,*,*,*,*	false	1
言語 :	名詞,一般,*,*,*,*,言語,ゲンゴ,ゲンゴ	true	1
スクリプト :	名詞,一般,*,*,*,*,スクリプト,スクリプト,スクリプト	true	1
言語 :	名詞,一般,*,*,*,*,言語,ゲンゴ,ゲンゴ	true	2
簡易 :	名詞,一般,*,*,*,*,簡易,カンイ,カンイ	true	1
プログラム :	名詞,サ変接続,*,*,*,*,プログラム,プログラム,プログラム	true	1
記述 :	名詞,サ変接続,*,*,*,*,記述,キジュツ,キジュツ	true	1
言語 :	名詞,一般,*,*,*,*,言語,ゲンゴ,ゲンゴ	true	3
総称 :	名詞,サ変接続,*,*,*,*,総称,ソウショウ,ソーショー	true	1
スクリプト :	名詞,一般,*,*,*,*,スクリプト,スクリプト,スクリプト	true	2
言語 :	名詞,一般,*,*,*,*,言語,ゲンゴ,ゲンゴ	true	4
プログラム :	名詞,サ変接続,*,*,*,*,プログラム,プログラム,プログラム	true	2
スクリプト :	名詞,一般,*,*,*,*,スクリプト,スクリプト,スクリプト	true	3
一般 :	名詞,一般,*,*,*,*,一般,イッパン,イッパン	true	1
プログラミング :	名詞,サ変接続,*,*,*,*,プログラミング,プログラミング,プログラミング	true	2
言語 :	名詞,一般,*,*,*,*,言語,ゲンゴ,ゲンゴ	true	5
機能 :	名詞,サ変接続,*,*,*,*,機能,キノウ,キノー	true	1
場合 :	名詞,副詞可能,*,*,*,*,場合,バアイ,バアイ	true	1
簡単 :	名詞,形容動詞語幹,*,*,*,*,簡単,カンタン,カンタン	true	2
小規模 :	名詞,形容動詞語幹,*,*,*,*,小規模,ショウキボ,ショーキボ	true	1
軽量 :	名詞,一般,*,*,*,*,軽量,ケイリョウ,ケイリョー	true	1
プログラム :	名詞,サ変接続,*,*,*,*,プログラム,プログラム,プログラム	true	3
作成 :	名詞,サ変接続,*,*,*,*,作成,サクセイ,サクセイ	true	1
Web :	名詞,固有名詞,組織,*,*,*,*	false	1
ページ :	名詞,一般,*,*,*,*,ページ,ページ,ページ	true	1
使用 :	名詞,サ変接続,*,*,*,*,使用,シヨウ,シヨー	true	1
JavaScript :	名詞,一般,*,*,*,*,*	false	1
Perl :	名詞,一般,*,*,*,*,*	false	1
ほか :	名詞,副詞可能,*,*,*,*,ほか,ホカ,ホカ	true	1
特定 :	名詞,サ変接続,*,*,*,*,特定,トクテイ,トクテイ	true	1
アプリケーション :	名詞,一般,*,*,*,*,アプリケーション,アプリケーション,アプリケーション	true	1
使用 :	名詞,サ変接続,*,*,*,*,使用,シヨウ,シヨー	true	2
マクロ :	名詞,一般,*,*,*,*,マクロ,マクロ,マクロ	true	1
言語 :	名詞,一般,*,*,*,*,言語,ゲンゴ,ゲンゴ	true	6
Microsoft :	名詞,固有名詞,組織,*,*,*,*	false	1
Office :	名詞,一般,*,*,*,*,*	false	1
使用 :	名詞,サ変接続,*,*,*,*,使用,シヨウ,シヨー	true	3
VBA :	名詞,一般,*,*,*,*,*	false	1
スクリプト :	名詞,一般,*,*,*,*,スクリプト,スクリプト,スクリプト	true	4
言語 :	名詞,一般,*,*,*,*,言語,ゲンゴ,ゲンゴ	true	7
ページ: 11 -----
<slide page="11"><body><p>JavaScriptz JavaScriptはNetscape社が開発したスクリプト言語で、Webページ（htmlファイル）に埋め込んで動作させることができる。記述方式などはプログラミング言語のJavaと似ているが、Javaとは別のものである。z HTML内に埋め込む形で記述したスクリプトを、ブラウザがインタプリタとなって逐次実行する形式をとる。z 主にWebページに動的な変化を与えたり、入力された数値などを処理する用途などに用いられる。z 使用するブラウザの種類やバージョンによって、対応状況が異なることに注意する（ブラウザが変わると実行できない場合もある）。</p></body></slide>
in Sheet Class, page: 11
title = ""
body = "<p>JavaScriptz JavaScriptはNetscape社が開発したスクリプト言語で、Webページ（htmlファイル）に埋め込んで動作させることができる。記述方式などはプログラミング言語のJavaと似ているが、Javaとは別のものである。z HTML内に埋め込む形で記述したスクリプトを、ブラウザがインタプリタとなって逐次実行する形式をとる。z 主にWebページに動的な変化を与えたり、入力された数値などを処理する用途などに用いられる。z 使用するブラウザの種類やバージョンによって、対応状況が異なることに注意する（ブラウザが変わると実行できない場合もある）。</p>"
makeWordArrayJp
paragraph: JavaScriptz JavaScriptはNetscape社が開発したスクリプト言語で、Webページ（htmlファイル）に埋め込んで動作させることができる。記述方式などはプログラミング言語のJavaと似ているが、Javaとは別のものである。z HTML内に埋め込む形で記述したスクリプトを、ブラウザがインタプリタとなって逐次実行する形式をとる。z 主にWebページに動的な変化を与えたり、入力された数値などを処理する用途などに用いられる。z 使用するブラウザの種類やバージョンによって、対応状況が異なることに注意する（ブラウザが変わると実行できない場合もある）。
JavaScriptz :	名詞,固有名詞,組織,*,*,*,*	false	1
JavaScript :	名詞,固有名詞,組織,*,*,*,*	false	1
Netscape :	名詞,一般,*,*,*,*,*	false	1
開発 :	名詞,サ変接続,*,*,*,*,開発,カイハツ,カイハツ	true	1
スクリプト :	名詞,一般,*,*,*,*,スクリプト,スクリプト,スクリプト	true	1
言語 :	名詞,一般,*,*,*,*,言語,ゲンゴ,ゲンゴ	true	1
Web :	名詞,固有名詞,組織,*,*,*,*	false	1
ページ :	名詞,一般,*,*,*,*,ページ,ページ,ページ	true	1
html :	名詞,固有名詞,組織,*,*,*,*	false	1
ファイル :	名詞,一般,*,*,*,*,ファイル,ファイル,ファイル	true	1
動作 :	名詞,サ変接続,*,*,*,*,動作,ドウサ,ドーサ	true	1
こと :	名詞,非自立,一般,*,*,*,こと,コト,コト	true	1
記述 :	名詞,サ変接続,*,*,*,*,記述,キジュツ,キジュツ	true	1
方式 :	名詞,一般,*,*,*,*,方式,ホウシキ,ホーシキ	true	1
プログラミング :	名詞,サ変接続,*,*,*,*,プログラミング,プログラミング,プログラミング	true	1
言語 :	名詞,一般,*,*,*,*,言語,ゲンゴ,ゲンゴ	true	2
Java :	名詞,一般,*,*,*,*,*	false	1
Java :	名詞,固有名詞,組織,*,*,*,*	false	2
もの :	名詞,非自立,一般,*,*,*,もの,モノ,モノ	true	1
HTML :	名詞,一般,*,*,*,*,*	false	1
記述 :	名詞,サ変接続,*,*,*,*,記述,キジュツ,キジュツ	true	2
スクリプト :	名詞,一般,*,*,*,*,スクリプト,スクリプト,スクリプト	true	2
ブラウザ :	名詞,一般,*,*,*,*,*	false	1
インタプリタ :	名詞,一般,*,*,*,*,インタプリタ,インタプリタ,インタプリタ	true	1
実行 :	名詞,サ変接続,*,*,*,*,実行,ジッコウ,ジッコー	true	1
形式 :	名詞,一般,*,*,*,*,形式,ケイシキ,ケイシキ	true	1
Web :	名詞,一般,*,*,*,*,*	false	2
ページ :	名詞,一般,*,*,*,*,ページ,ページ,ページ	true	2
動的 :	名詞,形容動詞語幹,*,*,*,*,動的,ドウテキ,ドーテキ	true	1
変化 :	名詞,サ変接続,*,*,*,*,変化,ヘンカ,ヘンカ	true	1
入力 :	名詞,サ変接続,*,*,*,*,入力,ニュウリョク,ニューリョク	true	1
数値 :	名詞,一般,*,*,*,*,数値,スウチ,スーチ	true	1
処理 :	名詞,サ変接続,*,*,*,*,処理,ショリ,ショリ	true	1
用途 :	名詞,一般,*,*,*,*,用途,ヨウト,ヨート	true	1
使用 :	名詞,サ変接続,*,*,*,*,使用,シヨウ,シヨー	true	1
ブラウザ :	名詞,一般,*,*,*,*,*	false	2
種類 :	名詞,一般,*,*,*,*,種類,シュルイ,シュルイ	true	1
バージョン :	名詞,一般,*,*,*,*,バージョン,バージョン,バージョン	true	1
対応 :	名詞,サ変接続,*,*,*,*,対応,タイオウ,タイオー	true	1
状況 :	名詞,一般,*,*,*,*,状況,ジョウキョウ,ジョーキョー	true	1
こと :	名詞,非自立,一般,*,*,*,こと,コト,コト	true	2
注意 :	名詞,サ変接続,*,*,*,*,注意,チュウイ,チューイ	true	1
ブラウザ :	名詞,一般,*,*,*,*,*	false	3
実行 :	名詞,サ変接続,*,*,*,*,実行,ジッコウ,ジッコー	true	2
場合 :	名詞,副詞可能,*,*,*,*,場合,バアイ,バアイ	true	1
ページ: 12 -----
<slide page="12"><body><p>JavaScriptの基礎z htmlファイル内に以下のようなタグを挿入し、その間にスクリプト（JavaScriptで実行させたい動作など）を書き込む。<SCRIPT language=“JavaScript”><!--実行するスクリプト// --> </SCRIPT>z 下記URLを参考に、htmlファイルにJavaScriptを埋め込んで実際に動作させてみてください。http://www.sumnet.ne.jp/domp/jsbs/http://www.ueda.info.waseda.ac.jp/~gaku/js/http://www.hajimeteno.ne.jp/dhtml/</p></body></slide>
in Sheet Class, page: 12
title = ""
body = "<p>JavaScriptの基礎z htmlファイル内に以下のようなタグを挿入し、その間にスクリプト（JavaScriptで実行させたい動作など）を書き込む。<SCRIPT language=“JavaScript”><!--実行するスクリプト// --> </SCRIPT>z 下記URLを参考に、htmlファイルにJavaScriptを埋め込んで実際に動作させてみてください。http://www.sumnet.ne.jp/domp/jsbs/http://www.ueda.info.waseda.ac.jp/~gaku/js/http://www.hajimeteno.ne.jp/dhtml/</p>"
makeWordArrayJp
paragraph: JavaScriptの基礎z htmlファイル内に以下のようなタグを挿入し、その間にスクリプト（JavaScriptで実行させたい動作など）を書き込む。<SCRIPT language=“JavaScript”><!--実行するスクリプト// --> </SCRIPT>z 下記URLを参考に、htmlファイルにJavaScriptを埋め込んで実際に動作させてみてください。http://www.sumnet.ne.jp/domp/jsbs/http://www.ueda.info.waseda.ac.jp/~gaku/js/http://www.hajimeteno.ne.jp/dhtml/
JavaScript :	名詞,固有名詞,組織,*,*,*,*	false	1
基礎 :	名詞,一般,*,*,*,*,基礎,キソ,キソ	true	1
html :	名詞,固有名詞,組織,*,*,*,*	false	1
ファイル :	名詞,一般,*,*,*,*,ファイル,ファイル,ファイル	true	1
以下 :	名詞,非自立,副詞可能,*,*,*,以下,イカ,イカ	true	1
よう :	名詞,非自立,助動詞語幹,*,*,*,よう,ヨウ,ヨー	true	1
タグ :	名詞,一般,*,*,*,*,タグ,タグ,タグ	true	1
挿入 :	名詞,サ変接続,*,*,*,*,挿入,ソウニュウ,ソーニュー	true	1
その間 :	名詞,副詞可能,*,*,*,*,その間,ソノカン,ソノカン	true	1
スクリプト :	名詞,一般,*,*,*,*,スクリプト,スクリプト,スクリプト	true	1
JavaScript :	名詞,一般,*,*,*,*,*	false	2
実行 :	名詞,サ変接続,*,*,*,*,実行,ジッコウ,ジッコー	true	1
動作 :	名詞,サ変接続,*,*,*,*,動作,ドウサ,ドーサ	true	1
SCRIPT :	名詞,固有名詞,組織,*,*,*,*	false	1
language :	名詞,固有名詞,組織,*,*,*,*	false	1
=“ :	名詞,サ変接続,*,*,*,*,*	false	1
JavaScript :	名詞,固有名詞,組織,*,*,*,*	false	3
><!-- :	名詞,サ変接続,*,*,*,*,*	false	1
実行 :	名詞,サ変接続,*,*,*,*,実行,ジッコウ,ジッコー	true	2
スクリプト :	名詞,一般,*,*,*,*,スクリプト,スクリプト,スクリプト	true	2
// :	名詞,サ変接続,*,*,*,*,*	false	1
--> :	名詞,サ変接続,*,*,*,*,*	false	1
</ :	名詞,サ変接続,*,*,*,*,*	false	1
SCRIPT :	名詞,一般,*,*,*,*,*	false	2
下記 :	名詞,一般,*,*,*,*,下記,カキ,カキ	true	1
URL :	名詞,一般,*,*,*,*,*	false	1
参考 :	名詞,サ変接続,*,*,*,*,参考,サンコウ,サンコー	true	1
html :	名詞,固有名詞,組織,*,*,*,*	false	2
ファイル :	名詞,一般,*,*,*,*,ファイル,ファイル,ファイル	true	2
JavaScript :	名詞,一般,*,*,*,*,*	false	4
動作 :	名詞,サ変接続,*,*,*,*,動作,ドウサ,ドーサ	true	2
http :	名詞,固有名詞,組織,*,*,*,*	false	1
:// :	名詞,サ変接続,*,*,*,*,*	false	1
www :	名詞,一般,*,*,*,*,*	false	1
sumnet :	名詞,一般,*,*,*,*,*	false	1
ne :	名詞,一般,*,*,*,*,*	false	1
jp :	名詞,一般,*,*,*,*,*	false	1
domp :	名詞,一般,*,*,*,*,*	false	1
jsbs :	名詞,一般,*,*,*,*,*	false	1
http :	名詞,一般,*,*,*,*,*	false	2
:// :	名詞,サ変接続,*,*,*,*,*	false	2
www :	名詞,一般,*,*,*,*,*	false	2
ueda :	名詞,一般,*,*,*,*,*	false	1
info :	名詞,一般,*,*,*,*,*	false	1
waseda :	名詞,一般,*,*,*,*,*	false	1
ac :	名詞,一般,*,*,*,*,*	false	1
jp :	名詞,一般,*,*,*,*,*	false	2
/~ :	名詞,サ変接続,*,*,*,*,*	false	1
gaku :	名詞,一般,*,*,*,*,*	false	1
js :	名詞,一般,*,*,*,*,*	false	1
http :	名詞,一般,*,*,*,*,*	false	3
:// :	名詞,サ変接続,*,*,*,*,*	false	3
www :	名詞,一般,*,*,*,*,*	false	3
hajimeteno :	名詞,一般,*,*,*,*,*	false	1
ne :	名詞,一般,*,*,*,*,*	false	2
jp :	名詞,一般,*,*,*,*,*	false	3
dhtml :	名詞,一般,*,*,*,*,*	false	1
ページ: 13 -----
<slide page="13"><body><p>今回の課題z JavaScriptを埋め込んだWebページを作成してみてください。z JavaScriptの各部分が何を指し、どのような処理をしているのかを考えてコメントを入れてみましょう。コメントのつけ方は下記参照。http://www.sumnet.ne.jp/domp/jsbs/kihon/kihon.htm</p></body></slide>
in Sheet Class, page: 13
title = ""
body = "<p>今回の課題z JavaScriptを埋め込んだWebページを作成してみてください。z JavaScriptの各部分が何を指し、どのような処理をしているのかを考えてコメントを入れてみましょう。コメントのつけ方は下記参照。http://www.sumnet.ne.jp/domp/jsbs/kihon/kihon.htm</p>"
makeWordArrayJp
paragraph: 今回の課題z JavaScriptを埋め込んだWebページを作成してみてください。z JavaScriptの各部分が何を指し、どのような処理をしているのかを考えてコメントを入れてみましょう。コメントのつけ方は下記参照。http://www.sumnet.ne.jp/domp/jsbs/kihon/kihon.htm
今回 :	名詞,副詞可能,*,*,*,*,今回,コンカイ,コンカイ	true	1
課題 :	名詞,一般,*,*,*,*,課題,カダイ,カダイ	true	1
JavaScript :	名詞,一般,*,*,*,*,*	false	1
Web :	名詞,固有名詞,組織,*,*,*,*	false	1
ページ :	名詞,一般,*,*,*,*,ページ,ページ,ページ	true	1
作成 :	名詞,サ変接続,*,*,*,*,作成,サクセイ,サクセイ	true	1
JavaScript :	名詞,固有名詞,組織,*,*,*,*	false	2
部分 :	名詞,一般,*,*,*,*,部分,ブブン,ブブン	true	1
よう :	名詞,非自立,助動詞語幹,*,*,*,よう,ヨウ,ヨー	true	1
処理 :	名詞,サ変接続,*,*,*,*,処理,ショリ,ショリ	true	1
コメント :	名詞,サ変接続,*,*,*,*,コメント,コメント,コメント	true	1
コメント :	名詞,サ変接続,*,*,*,*,コメント,コメント,コメント	true	2
つけ :	名詞,一般,*,*,*,*,つけ,ツケ,ツケ	true	1
下記 :	名詞,一般,*,*,*,*,下記,カキ,カキ	true	1
参照 :	名詞,サ変接続,*,*,*,*,参照,サンショウ,サンショー	true	1
http :	名詞,固有名詞,組織,*,*,*,*	false	1
:// :	名詞,サ変接続,*,*,*,*,*	false	1
www :	名詞,一般,*,*,*,*,*	false	1
sumnet :	名詞,一般,*,*,*,*,*	false	1
ne :	名詞,一般,*,*,*,*,*	false	1
jp :	名詞,一般,*,*,*,*,*	false	1
domp :	名詞,一般,*,*,*,*,*	false	1
jsbs :	名詞,一般,*,*,*,*,*	false	1
kihon :	名詞,一般,*,*,*,*,*	false	1
kihon :	名詞,一般,*,*,*,*,*	false	2
htm :	名詞,固有名詞,組織,*,*,*,*	false	1
