数値計算(1)
Webページ(3)
論理関数(3)
プログラミング言語(3)
マクロ言語(1)
スクリプト言語(2)
情報技術(1)
{ 1 } { 2 } { 3 } { 4 } { 5 } { 6 } { 7 } { 8 } { 9 } { 10 } { 11 } { 12 } { 13 } 
Segment{ 2 }, Segment{ 3 }
コサイン類似度: NaN
Segment{ 3 }, Segment{ 4 }
コサイン類似度: NaN
Segment{ 4 }, Segment{ 5 }
コサイン類似度: NaN
Segment{ 5 }, Segment{ 6 }
コサイン類似度: NaN
Segment{ 6 }, Segment{ 7 }
コサイン類似度: NaN
Segment{ 7 }, Segment{ 8 }
コサイン類似度: 0.5547001962252291
Segment{ 8 }, Segment{ 9 }
コサイン類似度: 1.0
Segment{ 9 }, Segment{ 10 }
コサイン類似度: 0.0
Segment{ 10 }, Segment{ 11 }
コサイン類似度: 0.6477547428591718
Segment{ 11 }, Segment{ 12 }
コサイン類似度: NaN
Segment{ 12 }, Segment{ 13 }
コサイン類似度: NaN
数値計算(1)
Webページ(3)
論理関数(2)
プログラミング言語(3)
マクロ言語(1)
スクリプト言語(2)
情報技術(1)
{ 1 } { 2 } { 3 } { 4 } { 5 } { 6 } { 7 } { 8 9 } { 10 } { 11 } { 12 } { 13 } 
Segment{ 2 }, Segment{ 3 }
コサイン類似度: NaN
Segment{ 3 }, Segment{ 4 }
コサイン類似度: NaN
Segment{ 4 }, Segment{ 5 }
コサイン類似度: NaN
Segment{ 5 }, Segment{ 6 }
コサイン類似度: NaN
Segment{ 6 }, Segment{ 7 }
コサイン類似度: NaN
Segment{ 7 }, Segment{ 8 9 }
コサイン類似度: 0.7071067811865475
Segment{ 8 9 }, Segment{ 10 }
コサイン類似度: 0.0
Segment{ 10 }, Segment{ 11 }
コサイン類似度: 0.6477547428591718
Segment{ 11 }, Segment{ 12 }
コサイン類似度: NaN
Segment{ 12 }, Segment{ 13 }
コサイン類似度: NaN
数値計算(1)
Webページ(3)
論理関数(1)
プログラミング言語(3)
マクロ言語(1)
スクリプト言語(2)
情報技術(1)
{ 1 } { 2 } { 3 } { 4 } { 5 } { 6 } { 7 8 9 } { 10 } { 11 } { 12 } { 13 } 
Segment{ 2 }, Segment{ 3 }
コサイン類似度: NaN
Segment{ 3 }, Segment{ 4 }
コサイン類似度: NaN
Segment{ 4 }, Segment{ 5 }
コサイン類似度: NaN
Segment{ 5 }, Segment{ 6 }
コサイン類似度: NaN
Segment{ 6 }, Segment{ 7 8 9 }
コサイン類似度: NaN
Segment{ 7 8 9 }, Segment{ 10 }
コサイン類似度: 0.0
Segment{ 10 }, Segment{ 11 }
コサイン類似度: 0.6477547428591718
Segment{ 11 }, Segment{ 12 }
コサイン類似度: NaN
Segment{ 12 }, Segment{ 13 }
コサイン類似度: NaN
数値計算(1)
Webページ(2)
論理関数(1)
プログラミング言語(2)
マクロ言語(1)
スクリプト言語(1)
情報技術(1)
{ 1 } { 2 } { 3 } { 4 } { 5 } { 6 } { 7 8 9 } { 10 11 } { 12 } { 13 } 
Segment{ 2 }, Segment{ 3 }
コサイン類似度: NaN
Segment{ 3 }, Segment{ 4 }
コサイン類似度: NaN
Segment{ 4 }, Segment{ 5 }
コサイン類似度: NaN
Segment{ 5 }, Segment{ 6 }
コサイン類似度: NaN
Segment{ 6 }, Segment{ 7 8 9 }
コサイン類似度: NaN
Segment{ 10 11 }, Segment{ 12 }
コサイン類似度: NaN
Segment{ 12 }, Segment{ 13 }
コサイン類似度: NaN
入れ子(1)
挿入(2)
プログラミング(3)
fx(1)
記号(1)
</(1)
ソフトウエア(1)
コメント(1)
Netscape(1)
info(2)
言語(2)
一般(1)
引数(1)
変化(1)
対応(1)
jsbs(2)
今回(1)
NOT(1)
sumnet(2)
小規模(1)
処理(3)
変更(1)
複雑(1)
場所(1)
-->(1)
参考(1)
うち(1)
JavaScriptz(1)
課題(1)
調査(1)
VBA(1)
マウス(1)
練習(3)
ppt(1)
用意(2)
形式(1)
参照(4)
基本(1)
「*」（(1)
http(3)
クリック(1)
=」「>」「<」「>=」「<=」「<>」(1)
演習(1)
language(1)
SCRIPT(1)
/~(2)
総和(1)
=“(1)
ファイル(2)
機能(1)
ueda(1)
部分(2)
論理(1)
使用(5)
現代(1)
文字(1)
動作(2)
以下(1)
ブラウザ(1)
特定(1)
数字(1)
URL(1)
縦横(1)
さまざま(1)
「/」（(1)
Script(1)
その間(1)
算術(1)
これら(1)
方法(2)
べき乗(1)
もの(2)
組み込み(1)
アプリケーション(1)
加算(1)
OR(1)
数式(5)
文化(1)
実行(2)
ne(2)
開発(1)
英数字(1)
dhtml(1)
セット(1)
複数(1)
マクロ(1)
適当(1)
関数(4)
多く(1)
^」（(1)
js(1)
jp(3)
用途(1)
iyori(1)
状況(1)
Java(1)
起動(1)
バージョン(1)
-」（(1)
英字(1)
ボタン(1)
HTML(1)
判断(1)
su(1)
SUM(1)
AND(1)
比較(1)
軽量(1)
htm(1)
IF(1)
指定(2)
こと(4)
減算(1)
セル(4)
kyoto(1)
半角(1)
基礎(2)
Microsoft(3)
kihon(1)
簡単(1)
技術(1)
+」（(1)
同様(1)
可能(1)
//(1)
Web(2)
ほか(1)
作成(2)
Office(1)
JavaScript(3)
タブ(1)
記述(1)
注意(2)
計算(6)
domp(2)
乗算(1)
ensyu(1)
www(3)
範囲(1)
数値(5)
Perl(1)
場合(3)
://(3)
waseda(1)
ネスト(1)
つけ(1)
下記(2)
方式(1)
簡易(1)
結果(2)
hajimeteno(1)
gaku(1)
プログラム(1)
情報(1)
様々(1)
利用(2)
タグ(1)
ウインドウ(2)
条件(1)
種類(1)
スクリプト(2)
除算(1)
インタプリタ(1)
「=」(1)
よう(3)
ページ(2)
直接(3)
><!--(1)
総称(1)
ac(2)
入力(6)
html(2)
動的(1)
最初(1)
Excel(4)
演算(2)
{ 1 } { 2 } { 3 } { 4 } { 5 } { 6 } { 7 8 9 } { 10 11 } { 12 } { 13 } 
Segment{ 2 }, Segment{ 3 }
コサイン類似度: 0.10778617968573387
Segment{ 3 }, Segment{ 4 }
コサイン類似度: 0.25964337678803917
Segment{ 4 }, Segment{ 5 }
コサイン類似度: 0.034903151387606496
Segment{ 5 }, Segment{ 6 }
コサイン類似度: 0.08758763747220882
Segment{ 6 }, Segment{ 7 8 9 }
コサイン類似度: 0.052289394081552525
Segment{ 10 11 }, Segment{ 12 }
コサイン類似度: 0.10654999046751713
Segment{ 12 }, Segment{ 13 }
コサイン類似度: 0.1646605417818512
入れ子(1)
挿入(2)
プログラミング(3)
fx(1)
記号(1)
</(1)
ソフトウエア(1)
コメント(1)
Netscape(1)
info(2)
言語(2)
一般(1)
引数(1)
変化(1)
対応(1)
jsbs(2)
今回(1)
NOT(1)
sumnet(2)
小規模(1)
処理(3)
変更(1)
複雑(1)
場所(1)
-->(1)
参考(1)
うち(1)
JavaScriptz(1)
課題(1)
調査(1)
VBA(1)
マウス(1)
練習(3)
ppt(1)
用意(2)
形式(1)
参照(3)
基本(1)
「*」（(1)
http(3)
クリック(1)
=」「>」「<」「>=」「<=」「<>」(1)
演習(1)
language(1)
SCRIPT(1)
/~(2)
総和(1)
=“(1)
ファイル(2)
機能(1)
ueda(1)
部分(2)
論理(1)
使用(5)
現代(1)
文字(1)
動作(2)
以下(1)
ブラウザ(1)
特定(1)
数字(1)
URL(1)
縦横(1)
さまざま(1)
「/」（(1)
Script(1)
その間(1)
算術(1)
これら(1)
方法(2)
べき乗(1)
もの(2)
組み込み(1)
アプリケーション(1)
加算(1)
OR(1)
数式(4)
文化(1)
実行(2)
ne(2)
開発(1)
英数字(1)
dhtml(1)
セット(1)
複数(1)
マクロ(1)
適当(1)
関数(4)
多く(1)
^」（(1)
js(1)
jp(3)
用途(1)
iyori(1)
状況(1)
Java(1)
起動(1)
バージョン(1)
-」（(1)
英字(1)
ボタン(1)
HTML(1)
判断(1)
su(1)
SUM(1)
AND(1)
比較(1)
軽量(1)
htm(1)
IF(1)
指定(2)
こと(4)
減算(1)
セル(3)
kyoto(1)
半角(1)
基礎(2)
Microsoft(3)
kihon(1)
簡単(1)
技術(1)
+」（(1)
同様(1)
可能(1)
//(1)
Web(2)
ほか(1)
作成(2)
Office(1)
JavaScript(3)
タブ(1)
記述(1)
注意(2)
計算(5)
domp(2)
乗算(1)
ensyu(1)
www(3)
範囲(1)
数値(4)
Perl(1)
場合(3)
://(3)
waseda(1)
ネスト(1)
つけ(1)
下記(2)
方式(1)
簡易(1)
結果(2)
hajimeteno(1)
gaku(1)
プログラム(1)
情報(1)
様々(1)
利用(2)
タグ(1)
ウインドウ(2)
条件(1)
種類(1)
スクリプト(2)
除算(1)
インタプリタ(1)
「=」(1)
よう(3)
ページ(2)
直接(2)
><!--(1)
総称(1)
ac(2)
入力(5)
html(2)
動的(1)
最初(1)
Excel(4)
演算(2)
{ 1 } { 2 } { 3 4 } { 5 } { 6 } { 7 8 9 } { 10 11 } { 12 } { 13 } 
Segment{ 2 }, Segment{ 3 4 }
コサイン類似度: 0.1886229986311659
Segment{ 3 4 }, Segment{ 5 }
コサイン類似度: 0.09644656971068703
Segment{ 5 }, Segment{ 6 }
コサイン類似度: 0.08635094781870783
Segment{ 6 }, Segment{ 7 8 9 }
コサイン類似度: 0.05165071351794553
Segment{ 10 11 }, Segment{ 12 }
コサイン類似度: 0.10653191603797124
Segment{ 12 }, Segment{ 13 }
コサイン類似度: 0.16440167047241674
入れ子(1)
挿入(2)
プログラミング(3)
fx(1)
記号(1)
</(1)
ソフトウエア(1)
コメント(1)
Netscape(1)
info(2)
言語(2)
一般(1)
引数(1)
変化(1)
対応(1)
jsbs(2)
今回(1)
NOT(1)
sumnet(2)
小規模(1)
処理(3)
変更(1)
複雑(1)
場所(1)
-->(1)
参考(1)
うち(1)
JavaScriptz(1)
課題(1)
調査(1)
VBA(1)
マウス(1)
練習(3)
ppt(1)
用意(2)
形式(1)
参照(3)
基本(1)
「*」（(1)
http(3)
クリック(1)
=」「>」「<」「>=」「<=」「<>」(1)
演習(1)
language(1)
SCRIPT(1)
/~(2)
総和(1)
=“(1)
ファイル(2)
機能(1)
ueda(1)
部分(2)
論理(1)
現代(1)
使用(5)
文字(1)
動作(2)
以下(1)
ブラウザ(1)
特定(1)
数字(1)
URL(1)
縦横(1)
さまざま(1)
「/」（(1)
Script(1)
その間(1)
算術(1)
これら(1)
方法(2)
べき乗(1)
もの(2)
組み込み(1)
アプリケーション(1)
加算(1)
OR(1)
数式(3)
文化(1)
実行(2)
ne(2)
開発(1)
英数字(1)
dhtml(1)
セット(1)
複数(1)
マクロ(1)
適当(1)
関数(4)
多く(1)
^」（(1)
js(1)
jp(3)
用途(1)
iyori(1)
状況(1)
Java(1)
起動(1)
バージョン(1)
英字(1)
-」（(1)
ボタン(1)
HTML(1)
判断(1)
su(1)
SUM(1)
AND(1)
比較(1)
軽量(1)
htm(1)
IF(1)
指定(2)
こと(3)
セル(2)
減算(1)
kyoto(1)
半角(1)
基礎(2)
Microsoft(2)
kihon(1)
簡単(1)
技術(1)
+」（(1)
同様(1)
可能(1)
//(1)
Web(2)
ほか(1)
作成(2)
Office(1)
JavaScript(3)
タブ(1)
記述(1)
注意(2)
計算(4)
domp(2)
乗算(1)
ensyu(1)
www(3)
範囲(1)
数値(3)
Perl(1)
場合(2)
://(3)
waseda(1)
ネスト(1)
つけ(1)
下記(2)
方式(1)
簡易(1)
結果(2)
hajimeteno(1)
gaku(1)
プログラム(1)
情報(1)
様々(1)
利用(2)
タグ(1)
ウインドウ(2)
条件(1)
種類(1)
スクリプト(2)
除算(1)
インタプリタ(1)
「=」(1)
よう(3)
ページ(2)
直接(2)
><!--(1)
総称(1)
ac(2)
入力(4)
html(2)
動的(1)
最初(1)
Excel(3)
演算(2)
{ 1 } { 2 3 4 } { 5 } { 6 } { 7 8 9 } { 10 11 } { 12 } { 13 } 
Segment{ 2 3 4 }, Segment{ 5 }
コサイン類似度: 0.1064636306280248
Segment{ 5 }, Segment{ 6 }
コサイン類似度: 0.08798769982434967
Segment{ 6 }, Segment{ 7 8 9 }
コサイン類似度: 0.050000286821791425
Segment{ 10 11 }, Segment{ 12 }
コサイン類似度: 0.10603580847918566
Segment{ 12 }, Segment{ 13 }
コサイン類似度: 0.16440167047241674
入れ子(1)
挿入(2)
プログラミング(3)
fx(1)
記号(1)
</(1)
ソフトウエア(1)
コメント(1)
Netscape(1)
info(2)
言語(2)
一般(1)
引数(1)
変化(1)
対応(1)
jsbs(1)
今回(1)
NOT(1)
sumnet(1)
小規模(1)
処理(3)
変更(1)
複雑(1)
場所(1)
-->(1)
参考(1)
うち(1)
JavaScriptz(1)
課題(1)
調査(1)
VBA(1)
マウス(1)
練習(3)
ppt(1)
用意(2)
形式(1)
参照(3)
基本(1)
「*」（(1)
http(2)
クリック(1)
=」「>」「<」「>=」「<=」「<>」(1)
演習(1)
language(1)
SCRIPT(1)
/~(2)
総和(1)
=“(1)
ファイル(2)
機能(1)
ueda(1)
部分(2)
論理(1)
現代(1)
使用(5)
文字(1)
動作(2)
以下(1)
ブラウザ(1)
特定(1)
数字(1)
URL(1)
縦横(1)
さまざま(1)
「/」（(1)
Script(1)
その間(1)
算術(1)
これら(1)
方法(2)
べき乗(1)
もの(2)
組み込み(1)
アプリケーション(1)
加算(1)
OR(1)
数式(3)
文化(1)
実行(2)
ne(1)
開発(1)
英数字(1)
dhtml(1)
セット(1)
複数(1)
マクロ(1)
適当(1)
関数(4)
多く(1)
^」（(1)
js(1)
jp(2)
用途(1)
iyori(1)
状況(1)
Java(1)
起動(1)
バージョン(1)
英字(1)
-」（(1)
ボタン(1)
HTML(1)
判断(1)
su(1)
SUM(1)
AND(1)
比較(1)
軽量(1)
htm(1)
IF(1)
指定(2)
こと(3)
セル(2)
減算(1)
kyoto(1)
半角(1)
基礎(2)
Microsoft(2)
kihon(1)
簡単(1)
技術(1)
+」（(1)
同様(1)
可能(1)
//(1)
Web(2)
ほか(1)
作成(2)
Office(1)
JavaScript(2)
タブ(1)
記述(1)
注意(2)
計算(4)
domp(1)
乗算(1)
ensyu(1)
www(2)
範囲(1)
数値(3)
Perl(1)
場合(2)
://(2)
waseda(1)
ネスト(1)
つけ(1)
下記(1)
方式(1)
簡易(1)
結果(2)
hajimeteno(1)
gaku(1)
プログラム(1)
情報(1)
様々(1)
利用(2)
タグ(1)
ウインドウ(2)
条件(1)
種類(1)
スクリプト(2)
除算(1)
インタプリタ(1)
「=」(1)
よう(2)
ページ(2)
直接(2)
><!--(1)
総称(1)
ac(2)
入力(4)
html(2)
動的(1)
最初(1)
Excel(3)
演算(2)
{ 1 } { 2 3 4 } { 5 } { 6 } { 7 8 9 } { 10 11 } { 12 13 } 
Segment{ 2 3 4 }, Segment{ 5 }
コサイン類似度: 0.10637476903803762
Segment{ 5 }, Segment{ 6 }
コサイン類似度: 0.08798769982434967
Segment{ 6 }, Segment{ 7 8 9 }
コサイン類似度: 0.050000286821791425
入れ子(1)
挿入(2)
プログラミング(3)
fx(1)
記号(1)
</(1)
ソフトウエア(1)
コメント(1)
Netscape(1)
info(2)
言語(2)
一般(1)
引数(1)
変化(1)
対応(1)
jsbs(1)
今回(1)
NOT(1)
sumnet(1)
小規模(1)
処理(3)
変更(1)
複雑(1)
場所(1)
-->(1)
参考(1)
うち(1)
JavaScriptz(1)
課題(1)
調査(1)
VBA(1)
マウス(1)
練習(3)
ppt(1)
用意(2)
形式(1)
参照(3)
基本(1)
「*」（(1)
http(2)
クリック(1)
=」「>」「<」「>=」「<=」「<>」(1)
演習(1)
language(1)
SCRIPT(1)
/~(2)
総和(1)
=“(1)
ファイル(2)
機能(1)
ueda(1)
部分(2)
論理(1)
現代(1)
使用(4)
文字(1)
動作(2)
以下(1)
ブラウザ(1)
特定(1)
数字(1)
URL(1)
縦横(1)
さまざま(1)
「/」（(1)
Script(1)
その間(1)
算術(1)
これら(1)
方法(2)
べき乗(1)
もの(2)
組み込み(1)
アプリケーション(1)
加算(1)
OR(1)
数式(2)
文化(1)
実行(2)
ne(1)
開発(1)
英数字(1)
dhtml(1)
セット(1)
複数(1)
マクロ(1)
適当(1)
関数(4)
多く(1)
^」（(1)
js(1)
jp(2)
用途(1)
iyori(1)
状況(1)
Java(1)
起動(1)
バージョン(1)
英字(1)
-」（(1)
ボタン(1)
HTML(1)
判断(1)
SUM(1)
su(1)
AND(1)
比較(1)
軽量(1)
htm(1)
IF(1)
指定(2)
こと(3)
セル(2)
減算(1)
kyoto(1)
半角(1)
基礎(2)
Microsoft(2)
kihon(1)
簡単(1)
技術(1)
+」（(1)
可能(1)
同様(1)
//(1)
Web(2)
ほか(1)
作成(2)
Office(1)
JavaScript(2)
タブ(1)
記述(1)
注意(2)
計算(3)
domp(1)
乗算(1)
ensyu(1)
www(2)
範囲(1)
数値(3)
Perl(1)
場合(2)
://(2)
waseda(1)
ネスト(1)
つけ(1)
下記(1)
方式(1)
簡易(1)
結果(2)
hajimeteno(1)
gaku(1)
プログラム(1)
情報(1)
様々(1)
利用(1)
タグ(1)
ウインドウ(2)
条件(1)
種類(1)
スクリプト(2)
除算(1)
インタプリタ(1)
「=」(1)
よう(2)
ページ(2)
直接(1)
><!--(1)
総称(1)
ac(2)
入力(3)
html(2)
動的(1)
最初(1)
Excel(2)
演算(2)
{ 1 } { 2 3 4 5 } { 6 } { 7 8 9 } { 10 11 } { 12 13 } 
Segment{ 2 3 4 5 }, Segment{ 6 }
コサイン類似度: 0.28705181696146537
Segment{ 6 }, Segment{ 7 8 9 }
コサイン類似度: 0.05397849599956347
入れ子(1)
挿入(2)
プログラミング(3)
fx(1)
記号(1)
</(1)
ソフトウエア(1)
コメント(1)
Netscape(1)
info(2)
言語(2)
一般(1)
引数(1)
変化(1)
対応(1)
jsbs(1)
今回(1)
NOT(1)
sumnet(1)
小規模(1)
処理(3)
変更(1)
複雑(1)
場所(1)
-->(1)
参考(1)
うち(1)
JavaScriptz(1)
課題(1)
調査(1)
VBA(1)
マウス(1)
練習(2)
ppt(1)
用意(1)
形式(1)
参照(2)
「*」（(1)
基本(1)
http(2)
クリック(1)
=」「>」「<」「>=」「<=」「<>」(1)
演習(1)
language(1)
SCRIPT(1)
/~(2)
総和(1)
=“(1)
ファイル(2)
機能(1)
ueda(1)
部分(2)
論理(1)
現代(1)
使用(3)
文字(1)
動作(2)
以下(1)
ブラウザ(1)
特定(1)
数字(1)
URL(1)
縦横(1)
さまざま(1)
「/」（(1)
Script(1)
その間(1)
算術(1)
これら(1)
方法(1)
べき乗(1)
もの(2)
組み込み(1)
アプリケーション(1)
加算(1)
OR(1)
数式(2)
文化(1)
実行(2)
ne(1)
開発(1)
英数字(1)
dhtml(1)
複数(1)
セット(1)
マクロ(1)
適当(1)
関数(3)
多く(1)
^」（(1)
js(1)
jp(2)
用途(1)
iyori(1)
状況(1)
Java(1)
起動(1)
バージョン(1)
英字(1)
-」（(1)
ボタン(1)
HTML(1)
判断(1)
SUM(1)
su(1)
AND(1)
比較(1)
軽量(1)
htm(1)
IF(1)
指定(1)
こと(3)
セル(1)
減算(1)
kyoto(1)
半角(1)
基礎(2)
Microsoft(2)
kihon(1)
簡単(1)
技術(1)
+」（(1)
可能(1)
同様(1)
//(1)
Web(2)
ほか(1)
作成(2)
Office(1)
JavaScript(2)
タブ(1)
記述(1)
注意(2)
計算(2)
domp(1)
乗算(1)
ensyu(1)
www(2)
範囲(1)
数値(3)
Perl(1)
場合(2)
://(2)
waseda(1)
ネスト(1)
つけ(1)
下記(1)
方式(1)
簡易(1)
結果(2)
hajimeteno(1)
gaku(1)
プログラム(1)
情報(1)
様々(1)
利用(1)
タグ(1)
ウインドウ(2)
条件(1)
種類(1)
スクリプト(2)
除算(1)
インタプリタ(1)
「=」(1)
よう(2)
ページ(2)
直接(1)
><!--(1)
総称(1)
ac(2)
入力(3)
html(2)
動的(1)
最初(1)
Excel(1)
演算(2)
{ 1 } { 2 3 4 5 6 } { 7 8 9 } { 10 11 } { 12 13 } 
入れ子(1)
挿入(2)
プログラミング(3)
fx(1)
記号(1)
</(1)
ソフトウエア(1)
コメント(1)
Netscape(1)
info(2)
言語(2)
一般(1)
引数(1)
変化(1)
対応(1)
jsbs(1)
今回(1)
NOT(1)
sumnet(1)
小規模(1)
処理(3)
変更(1)
複雑(1)
場所(1)
-->(1)
参考(1)
うち(1)
JavaScriptz(1)
課題(1)
調査(1)
VBA(1)
マウス(1)
練習(2)
ppt(1)
用意(1)
形式(1)
参照(2)
「*」（(1)
基本(1)
http(2)
クリック(1)
=」「>」「<」「>=」「<=」「<>」(1)
演習(1)
language(1)
SCRIPT(1)
/~(2)
総和(1)
=“(1)
ファイル(2)
機能(1)
ueda(1)
部分(2)
論理(1)
現代(1)
使用(3)
文字(1)
動作(2)
以下(1)
ブラウザ(1)
特定(1)
数字(1)
URL(1)
縦横(1)
さまざま(1)
「/」（(1)
Script(1)
その間(1)
算術(1)
これら(1)
方法(1)
べき乗(1)
もの(2)
組み込み(1)
アプリケーション(1)
加算(1)
OR(1)
数式(2)
文化(1)
実行(2)
ne(1)
開発(1)
英数字(1)
dhtml(1)
複数(1)
セット(1)
マクロ(1)
適当(1)
関数(3)
多く(1)
^」（(1)
js(1)
jp(2)
用途(1)
iyori(1)
状況(1)
Java(1)
起動(1)
バージョン(1)
英字(1)
-」（(1)
ボタン(1)
HTML(1)
判断(1)
SUM(1)
su(1)
AND(1)
比較(1)
軽量(1)
htm(1)
IF(1)
指定(1)
こと(3)
セル(1)
減算(1)
kyoto(1)
半角(1)
基礎(2)
Microsoft(2)
kihon(1)
簡単(1)
技術(1)
+」（(1)
可能(1)
同様(1)
//(1)
Web(2)
ほか(1)
作成(2)
Office(1)
JavaScript(2)
タブ(1)
記述(1)
注意(2)
計算(2)
domp(1)
乗算(1)
ensyu(1)
www(2)
範囲(1)
数値(3)
Perl(1)
場合(2)
://(2)
waseda(1)
ネスト(1)
つけ(1)
下記(1)
方式(1)
簡易(1)
結果(2)
hajimeteno(1)
gaku(1)
プログラム(1)
情報(1)
様々(1)
利用(1)
タグ(1)
ウインドウ(2)
条件(1)
種類(1)
スクリプト(2)
除算(1)
インタプリタ(1)
「=」(1)
よう(2)
ページ(2)
直接(1)
><!--(1)
総称(1)
ac(2)
入力(3)
html(2)
動的(1)
最初(1)
Excel(1)
演算(2)
{ 1 } { 2 3 4 5 6 } { 7 8 9 } { 10 11 } { 12 13 } 
