文書作成(1)
オープンソース(1)
箇条書き(1)
USBメモリ(1)
情報技術(1)
{ 1 } { 2 } { 3 } { 4 } { 5 } { 6 } { 7 } { 8 } { 9 } 
Segment{ 2 }, Segment{ 3 }
コサイン類似度: NaN
Segment{ 3 }, Segment{ 4 }
コサイン類似度: NaN
Segment{ 4 }, Segment{ 5 }
コサイン類似度: NaN
Segment{ 5 }, Segment{ 6 }
コサイン類似度: NaN
Segment{ 6 }, Segment{ 7 }
コサイン類似度: NaN
Segment{ 7 }, Segment{ 8 }
コサイン類似度: NaN
Segment{ 8 }, Segment{ 9 }
コサイン類似度: NaN
要点(1)
挿入(3)
構成(2)
OpenOffice(1)
拘束(1)
グラフ(1)
明瞭(1)
ソフトウエア(3)
info(1)
大まか(1)
重要(1)
程度(1)
今回(2)
終了(1)
文章(2)
製品(1)
メニュー(1)
Keynote(1)
変更(2)
場所(1)
発表(2)
あり方(1)
ibi(1)
タイトル(1)
課題(1)
スライドレイアウト(1)
開始(1)
ポイントー(2)
Apple(1)
練習(1)
メモリ(1)
簡潔(2)
参照(1)
箇条(1)
基本(1)
PowerPoint(3)
http(1)
演習(2)
講義(1)
レイアウト(1)
動き(1)
/~(1)
明確(1)
ファイル(1)
表記(1)
メールアドレス(1)
書き(1)
概念(1)
部分(1)
資料(6)
連携(1)
現代(1)
使用(2)
文字(3)
Word(1)
研究(3)
余分(1)
結論(1)
方法(1)
ーアニメーション(1)
文化(1)
印象(1)
使い方(1)
プレゼンテーション(8)
USB(1)
bun(1)
本論(1)
各自(1)
サイズ(1)
動画(1)
jp(3)
コピー(1)
iyori(2)
説明(1)
ペースト(1)
図表(3)
mbox(1)
起動(1)
メール(1)
最近(1)
提供(1)
su(1)
実演(1)
テンプレート(1)
書類(1)
受け渡し(1)
操作(1)
こと(5)
PowerPointz(1)
決定(1)
Impress(1)
報告(2)
内容(1)
強調(1)
kyoto(3)
ソース(1)
PowerPointhttp(1)
添付(1)
基礎(1)
収集(1)
Microsoft(3)
OSX(1)
コンピュータ(1)
技術(1)
提出(1)
Mac(1)
同様(1)
考察(1)
presentation(1)
効果(2)
ほか(1)
手法(2)
作成(5)
ため(1)
media(1)
注意(1)
記述(1)
曖昧(1)
時間(1)
www(2)
オープン(1)
数値(1)
場合(2)
://(2)
流れ(1)
下記(1)
文書(1)
目的(1)
テーマ(1)
背景(2)
手順(1)
情報(3)
本文(1)
利用(4)
考慮(1)
表示(1)
データ(1)
視認(1)
音声(1)
冗長(1)
ポイント(2)
意味(1)
ac(3)
入力(1)
会議(1)
Excel(1)
OHP(1)
{ 1 } { 2 } { 3 } { 4 } { 5 } { 6 } { 7 } { 8 } { 9 } 
Segment{ 2 }, Segment{ 3 }
コサイン類似度: 0.07202126373250935
Segment{ 3 }, Segment{ 4 }
コサイン類似度: 0.03896242780143119
Segment{ 4 }, Segment{ 5 }
コサイン類似度: 0.015179282503506092
Segment{ 5 }, Segment{ 6 }
コサイン類似度: 0.054177163684666144
Segment{ 6 }, Segment{ 7 }
コサイン類似度: 0.06439671450535632
Segment{ 7 }, Segment{ 8 }
コサイン類似度: 0.03714771807182066
Segment{ 8 }, Segment{ 9 }
コサイン類似度: 0.010272707494732981
要点(1)
挿入(3)
構成(2)
OpenOffice(1)
拘束(1)
グラフ(1)
明瞭(1)
ソフトウエア(2)
info(1)
大まか(1)
重要(1)
程度(1)
今回(2)
終了(1)
文章(2)
製品(1)
メニュー(1)
Keynote(1)
変更(2)
場所(1)
あり方(1)
発表(2)
ibi(1)
タイトル(1)
課題(1)
スライドレイアウト(1)
開始(1)
ポイントー(2)
Apple(1)
練習(1)
メモリ(1)
簡潔(2)
参照(1)
箇条(1)
基本(1)
http(1)
PowerPoint(2)
演習(2)
講義(1)
レイアウト(1)
動き(1)
/~(1)
明確(1)
ファイル(1)
表記(1)
メールアドレス(1)
書き(1)
概念(1)
部分(1)
資料(5)
連携(1)
現代(1)
使用(2)
文字(3)
Word(1)
研究(3)
余分(1)
結論(1)
方法(1)
ーアニメーション(1)
文化(1)
印象(1)
使い方(1)
プレゼンテーション(7)
USB(1)
bun(1)
本論(1)
各自(1)
サイズ(1)
動画(1)
jp(3)
コピー(1)
iyori(2)
説明(1)
ペースト(1)
図表(3)
mbox(1)
起動(1)
メール(1)
最近(1)
提供(1)
su(1)
実演(1)
テンプレート(1)
書類(1)
受け渡し(1)
操作(1)
PowerPointz(1)
こと(4)
決定(1)
内容(1)
報告(2)
Impress(1)
強調(1)
kyoto(3)
添付(1)
ソース(1)
PowerPointhttp(1)
基礎(1)
収集(1)
Microsoft(2)
OSX(1)
コンピュータ(1)
技術(1)
提出(1)
Mac(1)
同様(1)
考察(1)
presentation(1)
効果(2)
手法(2)
ほか(1)
作成(5)
ため(1)
media(1)
注意(1)
記述(1)
曖昧(1)
時間(1)
www(2)
オープン(1)
数値(1)
場合(2)
://(2)
流れ(1)
下記(1)
文書(1)
目的(1)
テーマ(1)
背景(2)
手順(1)
情報(3)
本文(1)
利用(4)
考慮(1)
表示(1)
データ(1)
視認(1)
音声(1)
冗長(1)
ポイント(2)
意味(1)
ac(3)
入力(1)
会議(1)
Excel(1)
OHP(1)
{ 1 } { 2 3 } { 4 } { 5 } { 6 } { 7 } { 8 } { 9 } 
Segment{ 2 3 }, Segment{ 4 }
コサイン類似度: 0.06615809221098086
Segment{ 4 }, Segment{ 5 }
コサイン類似度: 0.014917803831156557
Segment{ 5 }, Segment{ 6 }
コサイン類似度: 0.0533381775927572
Segment{ 6 }, Segment{ 7 }
コサイン類似度: 0.06523067070537271
Segment{ 7 }, Segment{ 8 }
コサイン類似度: 0.03988240240363974
Segment{ 8 }, Segment{ 9 }
コサイン類似度: 0.011937474225558234
要点(1)
挿入(3)
構成(1)
OpenOffice(1)
拘束(1)
グラフ(1)
明瞭(1)
ソフトウエア(2)
大まか(1)
info(1)
重要(1)
程度(1)
今回(2)
終了(1)
文章(2)
製品(1)
メニュー(1)
Keynote(1)
変更(2)
場所(1)
あり方(1)
発表(1)
ibi(1)
タイトル(1)
課題(1)
スライドレイアウト(1)
開始(1)
ポイントー(2)
Apple(1)
練習(1)
メモリ(1)
簡潔(2)
参照(1)
箇条(1)
基本(1)
http(1)
PowerPoint(2)
演習(2)
講義(1)
レイアウト(1)
動き(1)
/~(1)
明確(1)
ファイル(1)
表記(1)
メールアドレス(1)
書き(1)
概念(1)
部分(1)
資料(5)
連携(1)
現代(1)
使用(2)
文字(3)
Word(1)
研究(2)
余分(1)
結論(1)
方法(1)
ーアニメーション(1)
文化(1)
印象(1)
使い方(1)
プレゼンテーション(6)
USB(1)
本論(1)
bun(1)
各自(1)
サイズ(1)
動画(1)
jp(3)
コピー(1)
iyori(2)
説明(1)
ペースト(1)
図表(3)
mbox(1)
起動(1)
メール(1)
最近(1)
提供(1)
su(1)
実演(1)
テンプレート(1)
書類(1)
受け渡し(1)
操作(1)
PowerPointz(1)
こと(3)
決定(1)
内容(1)
報告(1)
Impress(1)
強調(1)
kyoto(3)
添付(1)
ソース(1)
PowerPointhttp(1)
基礎(1)
収集(1)
Microsoft(2)
OSX(1)
技術(1)
コンピュータ(1)
提出(1)
考察(1)
同様(1)
Mac(1)
presentation(1)
効果(2)
手法(1)
ほか(1)
ため(1)
作成(4)
media(1)
注意(1)
記述(1)
曖昧(1)
時間(1)
www(2)
オープン(1)
数値(1)
場合(2)
://(2)
流れ(1)
文書(1)
下記(1)
目的(1)
テーマ(1)
手順(1)
背景(2)
情報(3)
本文(1)
利用(4)
考慮(1)
表示(1)
データ(1)
視認(1)
音声(1)
冗長(1)
ポイント(2)
意味(1)
ac(3)
入力(1)
会議(1)
Excel(1)
OHP(1)
{ 1 } { 2 3 4 } { 5 } { 6 } { 7 } { 8 } { 9 } 
Segment{ 2 3 4 }, Segment{ 5 }
コサイン類似度: 0.08172471329625233
Segment{ 5 }, Segment{ 6 }
コサイン類似度: 0.05323267513302733
Segment{ 6 }, Segment{ 7 }
コサイン類似度: 0.06730282573132465
Segment{ 7 }, Segment{ 8 }
コサイン類似度: 0.04289949346124142
Segment{ 8 }, Segment{ 9 }
コサイン類似度: 0.012448499173875126
要点(1)
挿入(2)
構成(1)
OpenOffice(1)
拘束(1)
グラフ(1)
明瞭(1)
ソフトウエア(2)
大まか(1)
info(1)
重要(1)
程度(1)
今回(2)
終了(1)
文章(2)
製品(1)
メニュー(1)
Keynote(1)
変更(2)
場所(1)
あり方(1)
発表(1)
ibi(1)
タイトル(1)
課題(1)
スライドレイアウト(1)
開始(1)
ポイントー(2)
Apple(1)
練習(1)
メモリ(1)
簡潔(2)
参照(1)
箇条(1)
基本(1)
http(1)
PowerPoint(1)
演習(2)
講義(1)
レイアウト(1)
動き(1)
/~(1)
明確(1)
ファイル(1)
表記(1)
メールアドレス(1)
書き(1)
概念(1)
部分(1)
資料(5)
連携(1)
現代(1)
使用(2)
文字(3)
Word(1)
研究(2)
余分(1)
結論(1)
方法(1)
ーアニメーション(1)
文化(1)
印象(1)
使い方(1)
プレゼンテーション(6)
USB(1)
bun(1)
本論(1)
各自(1)
サイズ(1)
動画(1)
jp(3)
コピー(1)
iyori(2)
説明(1)
ペースト(1)
図表(2)
mbox(1)
起動(1)
メール(1)
最近(1)
提供(1)
su(1)
実演(1)
書類(1)
テンプレート(1)
受け渡し(1)
操作(1)
PowerPointz(1)
こと(3)
決定(1)
Impress(1)
報告(1)
内容(1)
強調(1)
kyoto(3)
PowerPointhttp(1)
ソース(1)
添付(1)
基礎(1)
収集(1)
Microsoft(1)
OSX(1)
技術(1)
コンピュータ(1)
提出(1)
考察(1)
同様(1)
Mac(1)
presentation(1)
効果(2)
手法(1)
ほか(1)
ため(1)
作成(4)
media(1)
注意(1)
記述(1)
曖昧(1)
時間(1)
www(2)
オープン(1)
数値(1)
場合(2)
://(2)
流れ(1)
文書(1)
下記(1)
目的(1)
テーマ(1)
手順(1)
背景(1)
情報(3)
本文(1)
利用(4)
考慮(1)
表示(1)
データ(1)
視認(1)
音声(1)
冗長(1)
ポイント(2)
意味(1)
ac(3)
入力(1)
会議(1)
Excel(1)
OHP(1)
{ 1 } { 2 3 4 5 } { 6 } { 7 } { 8 } { 9 } 
Segment{ 2 3 4 5 }, Segment{ 6 }
コサイン類似度: 0.05279509439105142
Segment{ 6 }, Segment{ 7 }
コサイン類似度: 0.05861696544340999
Segment{ 7 }, Segment{ 8 }
コサイン類似度: 0.037363039343933466
Segment{ 8 }, Segment{ 9 }
コサイン類似度: 0.012448499173875126
要点(1)
挿入(2)
構成(1)
OpenOffice(1)
拘束(1)
グラフ(1)
明瞭(1)
ソフトウエア(2)
大まか(1)
info(1)
重要(1)
程度(1)
今回(2)
終了(1)
文章(1)
製品(1)
メニュー(1)
Keynote(1)
変更(2)
場所(1)
あり方(1)
発表(1)
ibi(1)
タイトル(1)
課題(1)
スライドレイアウト(1)
開始(1)
ポイントー(1)
Apple(1)
練習(1)
メモリ(1)
簡潔(2)
参照(1)
箇条(1)
基本(1)
http(1)
PowerPoint(1)
演習(2)
講義(1)
レイアウト(1)
動き(1)
/~(1)
明確(1)
ファイル(1)
表記(1)
メールアドレス(1)
書き(1)
概念(1)
部分(1)
資料(4)
連携(1)
現代(1)
使用(2)
文字(3)
Word(1)
研究(2)
余分(1)
結論(1)
方法(1)
ーアニメーション(1)
文化(1)
印象(1)
使い方(1)
プレゼンテーション(5)
USB(1)
bun(1)
本論(1)
各自(1)
サイズ(1)
動画(1)
jp(3)
コピー(1)
iyori(2)
説明(1)
ペースト(1)
図表(2)
mbox(1)
起動(1)
メール(1)
最近(1)
提供(1)
su(1)
実演(1)
書類(1)
テンプレート(1)
受け渡し(1)
操作(1)
PowerPointz(1)
こと(3)
決定(1)
Impress(1)
報告(1)
内容(1)
強調(1)
kyoto(3)
PowerPointhttp(1)
ソース(1)
添付(1)
基礎(1)
収集(1)
Microsoft(1)
OSX(1)
技術(1)
コンピュータ(1)
提出(1)
考察(1)
同様(1)
Mac(1)
presentation(1)
効果(2)
手法(1)
ほか(1)
ため(1)
作成(3)
media(1)
注意(1)
記述(1)
曖昧(1)
時間(1)
www(2)
オープン(1)
数値(1)
場合(2)
://(2)
流れ(1)
文書(1)
下記(1)
目的(1)
テーマ(1)
手順(1)
背景(1)
情報(3)
本文(1)
利用(3)
考慮(1)
表示(1)
データ(1)
視認(1)
音声(1)
冗長(1)
ポイント(2)
意味(1)
ac(3)
入力(1)
会議(1)
Excel(1)
OHP(1)
{ 1 } { 2 3 4 5 } { 6 7 } { 8 } { 9 } 
Segment{ 6 7 }, Segment{ 8 }
コサイン類似度: 0.14199585062577472
Segment{ 8 }, Segment{ 9 }
コサイン類似度: 0.015650031271744386
要点(1)
挿入(2)
構成(1)
OpenOffice(1)
拘束(1)
グラフ(1)
明瞭(1)
ソフトウエア(2)
大まか(1)
info(1)
重要(1)
程度(1)
今回(2)
終了(1)
文章(1)
製品(1)
メニュー(1)
Keynote(1)
変更(2)
場所(1)
あり方(1)
発表(1)
ibi(1)
タイトル(1)
課題(1)
スライドレイアウト(1)
開始(1)
ポイントー(1)
Apple(1)
練習(1)
メモリ(1)
簡潔(2)
参照(1)
箇条(1)
基本(1)
http(1)
PowerPoint(1)
演習(2)
講義(1)
レイアウト(1)
動き(1)
/~(1)
明確(1)
ファイル(1)
表記(1)
メールアドレス(1)
書き(1)
概念(1)
部分(1)
資料(3)
連携(1)
現代(1)
使用(2)
文字(2)
Word(1)
研究(2)
余分(1)
結論(1)
方法(1)
ーアニメーション(1)
文化(1)
印象(1)
使い方(1)
プレゼンテーション(4)
USB(1)
bun(1)
本論(1)
各自(1)
サイズ(1)
動画(1)
jp(3)
コピー(1)
iyori(2)
説明(1)
ペースト(1)
図表(2)
mbox(1)
起動(1)
メール(1)
最近(1)
提供(1)
su(1)
実演(1)
書類(1)
テンプレート(1)
受け渡し(1)
操作(1)
PowerPointz(1)
こと(2)
決定(1)
Impress(1)
報告(1)
内容(1)
強調(1)
kyoto(3)
PowerPointhttp(1)
ソース(1)
添付(1)
基礎(1)
収集(1)
Microsoft(1)
OSX(1)
技術(1)
コンピュータ(1)
提出(1)
考察(1)
同様(1)
Mac(1)
presentation(1)
効果(2)
手法(1)
ほか(1)
ため(1)
作成(2)
media(1)
記述(1)
注意(1)
曖昧(1)
時間(1)
www(2)
オープン(1)
数値(1)
場合(2)
://(2)
流れ(1)
文書(1)
下記(1)
目的(1)
テーマ(1)
手順(1)
背景(1)
情報(3)
本文(1)
利用(2)
考慮(1)
表示(1)
データ(1)
視認(1)
音声(1)
冗長(1)
ポイント(1)
意味(1)
ac(3)
入力(1)
会議(1)
Excel(1)
OHP(1)
{ 1 } { 2 3 4 5 } { 6 7 8 } { 9 } 
Segment{ 6 7 8 }, Segment{ 9 }
コサイン類似度: 0.01238547234975158
要点(1)
挿入(2)
構成(1)
OpenOffice(1)
拘束(1)
グラフ(1)
明瞭(1)
ソフトウエア(2)
大まか(1)
info(1)
重要(1)
程度(1)
今回(2)
終了(1)
文章(1)
製品(1)
メニュー(1)
Keynote(1)
変更(2)
場所(1)
あり方(1)
発表(1)
ibi(1)
タイトル(1)
課題(1)
スライドレイアウト(1)
開始(1)
ポイントー(1)
Apple(1)
練習(1)
メモリ(1)
簡潔(2)
参照(1)
箇条(1)
基本(1)
http(1)
PowerPoint(1)
演習(2)
講義(1)
レイアウト(1)
動き(1)
/~(1)
明確(1)
ファイル(1)
表記(1)
メールアドレス(1)
書き(1)
概念(1)
部分(1)
資料(3)
連携(1)
現代(1)
使用(2)
文字(2)
Word(1)
研究(2)
余分(1)
結論(1)
方法(1)
ーアニメーション(1)
文化(1)
印象(1)
使い方(1)
プレゼンテーション(4)
USB(1)
bun(1)
本論(1)
各自(1)
サイズ(1)
動画(1)
jp(3)
コピー(1)
iyori(2)
説明(1)
ペースト(1)
図表(2)
mbox(1)
起動(1)
メール(1)
最近(1)
提供(1)
su(1)
実演(1)
書類(1)
テンプレート(1)
受け渡し(1)
操作(1)
PowerPointz(1)
こと(2)
決定(1)
Impress(1)
報告(1)
内容(1)
強調(1)
kyoto(3)
PowerPointhttp(1)
ソース(1)
添付(1)
基礎(1)
収集(1)
Microsoft(1)
OSX(1)
技術(1)
コンピュータ(1)
提出(1)
考察(1)
同様(1)
Mac(1)
presentation(1)
効果(2)
手法(1)
ほか(1)
ため(1)
作成(2)
media(1)
記述(1)
注意(1)
曖昧(1)
時間(1)
www(2)
オープン(1)
数値(1)
場合(2)
://(2)
流れ(1)
文書(1)
下記(1)
目的(1)
テーマ(1)
手順(1)
背景(1)
情報(3)
本文(1)
利用(2)
考慮(1)
表示(1)
データ(1)
視認(1)
音声(1)
冗長(1)
ポイント(1)
意味(1)
ac(3)
入力(1)
会議(1)
Excel(1)
OHP(1)
{ 1 } { 2 3 4 5 } { 6 7 8 } { 9 } 
