参考文献(1)
Web検索(1)
文書作成(1)
ファイル形式(1)
Webブラウザ(2)
箇条書き(1)
構成要素(1)
HTMLファイル(2)
文字化け(1)
関連付け(1)
ユニコード(1)
情報公開(1)
改行コード(2)
リッチテキスト(3)
世界標準(1)
文字コード(2)
ソースファイル(1)
情報技術(1)
画像ファイル(1)
{ 1 } { 2 } { 3 } { 4 } { 5 } { 6 } { 7 } { 8 } { 9 } { 10 } { 11 } { 12 } { 13 } { 14 } { 15 } { 16 } 
Segment{ 2 }, Segment{ 3 }
コサイン類似度: 0.0
Segment{ 3 }, Segment{ 4 }
コサイン類似度: 0.0
Segment{ 4 }, Segment{ 5 }
コサイン類似度: 0.0
Segment{ 5 }, Segment{ 6 }
コサイン類似度: 0.7375067434373956
Segment{ 6 }, Segment{ 7 }
コサイン類似度: 0.0
Segment{ 7 }, Segment{ 8 }
コサイン類似度: 0.0
Segment{ 8 }, Segment{ 9 }
コサイン類似度: 0.0
Segment{ 9 }, Segment{ 10 }
コサイン類似度: NaN
Segment{ 10 }, Segment{ 11 }
コサイン類似度: NaN
Segment{ 11 }, Segment{ 12 }
コサイン類似度: 0.0
Segment{ 12 }, Segment{ 13 }
コサイン類似度: 0.7071067811865475
Segment{ 13 }, Segment{ 14 }
コサイン類似度: 0.0
Segment{ 14 }, Segment{ 15 }
コサイン類似度: NaN
Segment{ 15 }, Segment{ 16 }
コサイン類似度: NaN
参考文献(1)
Web検索(1)
文書作成(1)
ファイル形式(1)
Webブラウザ(2)
箇条書き(1)
構成要素(1)
HTMLファイル(2)
文字化け(1)
関連付け(1)
ユニコード(1)
情報公開(1)
改行コード(1)
リッチテキスト(3)
世界標準(1)
文字コード(1)
ソースファイル(1)
情報技術(1)
画像ファイル(1)
{ 1 } { 2 } { 3 } { 4 } { 5 6 } { 7 } { 8 } { 9 } { 10 } { 11 } { 12 } { 13 } { 14 } { 15 } { 16 } 
Segment{ 2 }, Segment{ 3 }
コサイン類似度: 0.0
Segment{ 3 }, Segment{ 4 }
コサイン類似度: 0.0
Segment{ 4 }, Segment{ 5 6 }
コサイン類似度: 0.0
Segment{ 5 6 }, Segment{ 7 }
コサイン類似度: 0.0
Segment{ 7 }, Segment{ 8 }
コサイン類似度: 0.0
Segment{ 8 }, Segment{ 9 }
コサイン類似度: 0.0
Segment{ 9 }, Segment{ 10 }
コサイン類似度: NaN
Segment{ 10 }, Segment{ 11 }
コサイン類似度: NaN
Segment{ 11 }, Segment{ 12 }
コサイン類似度: 0.0
Segment{ 12 }, Segment{ 13 }
コサイン類似度: 0.7071067811865475
Segment{ 13 }, Segment{ 14 }
コサイン類似度: 0.0
Segment{ 14 }, Segment{ 15 }
コサイン類似度: NaN
Segment{ 15 }, Segment{ 16 }
コサイン類似度: NaN
参考文献(1)
Web検索(1)
文書作成(1)
ファイル形式(1)
Webブラウザ(2)
箇条書き(1)
構成要素(1)
HTMLファイル(1)
文字化け(1)
関連付け(1)
ユニコード(1)
情報公開(1)
改行コード(1)
リッチテキスト(3)
世界標準(1)
文字コード(1)
ソースファイル(1)
情報技術(1)
画像ファイル(1)
{ 1 } { 2 } { 3 } { 4 } { 5 6 } { 7 } { 8 } { 9 } { 10 } { 11 } { 12 13 } { 14 } { 15 } { 16 } 
Segment{ 2 }, Segment{ 3 }
コサイン類似度: 0.0
Segment{ 3 }, Segment{ 4 }
コサイン類似度: 0.0
Segment{ 4 }, Segment{ 5 6 }
コサイン類似度: 0.0
Segment{ 5 6 }, Segment{ 7 }
コサイン類似度: 0.0
Segment{ 7 }, Segment{ 8 }
コサイン類似度: 0.0
Segment{ 8 }, Segment{ 9 }
コサイン類似度: 0.0
Segment{ 9 }, Segment{ 10 }
コサイン類似度: NaN
Segment{ 10 }, Segment{ 11 }
コサイン類似度: NaN
Segment{ 11 }, Segment{ 12 13 }
コサイン類似度: 0.0
Segment{ 12 13 }, Segment{ 14 }
コサイン類似度: 0.0
Segment{ 14 }, Segment{ 15 }
コサイン類似度: NaN
Segment{ 15 }, Segment{ 16 }
コサイン類似度: NaN
構成(2)
手書き(1)
Acrobat(1)
ソフトウエア(4)
ＪＩＳ(1)
容量(1)
段落(1)
対応(1)
今回(1)
フォーマット(1)
課題(1)
それぞれ(3)
構造(2)
今日(1)
Hyper(1)
世界(2)
用意(1)
NotePad(1)
形式(9)
（.(1)
基本(1)
採用(1)
ホームページ(3)
理解(2)
ソフト(3)
指示(1)
日付(1)
機能(1)
関連(1)
インターネット(1)
検索(2)
題目(1)
使用(4)
Word(4)
付け(1)
ＥＵＣ(1)
Macintosh(1)
一部(2)
想定(1)
テキストエディタ(3)
文化(1)
外観(1)
共通(1)
使い方(1)
doc(1)
相互(1)
Language(1)
フォント(5)
伝達(1)
小節(1)
サイズ(5)
多く(1)
Reader(1)
pdf(1)
詳細(1)
やりとり(1)
視覚(1)
入手(1)
シフト(1)
特別(1)
起動(1)
ワープロソフト(2)
こと(5)
辞典(1)
正常(1)
index(1)
マイクロソフト(2)
ソース(2)
基礎(1)
Microsoft(3)
code(1)
rtf(2)
意味合い(1)
簡単(1)
技術(1)
Web(5)
テキスト(3)
事実(1)
作成(8)
ため(1)
その他(1)
固有(1)
要素(1)
等々(1)
適切(3)
www(1)
公開(1)
数値(1)
排除(1)
Ｕｎｉｃｏｄｅ(1)
場合(2)
化け(1)
文献(1)
文書(9)
中身(1)
hajimeteno(1)
テーマ(1)
プログラム(1)
見た目(1)
前回(1)
利用(2)
タグ(1)
考慮(1)
通常(1)
表示(4)
データ(2)
講座(1)
認識(1)
著者(1)
必要(4)
脚注(1)
抽出(1)
意味(3)
閲覧(3)
CR(1)
html(2)
わけ(1)
Excel(1)
コード(1)
自体(1)
書式(1)
欠点(1)
特徴(2)
グラフ(2)
命令(1)
重要(1)
体系(1)
念頭(1)
文章(2)
メニュー(1)
変更(1)
参考(2)
タイトル(1)
制定(1)
練習(5)
確認(2)
ユニ(1)
紹介(1)
参照(2)
ash(1)
箇条(1)
http(2)
演習(2)
画像(1)
Internet(1)
取捨(1)
統一(1)
ファイル(6)
書き(1)
リンク(2)
現代(1)
文字(6)
特定(1)
ブラウザ(2)
もの(3)
OS(2)
問題(2)
UNIX(1)
Windows(1)
ne(1)
テキストファイル(2)
日本(1)
レポート(1)
Explorer(1)
jp(2)
Markup(1)
用途(1)
拡張(2)
手段(1)
図表(1)
Wikipedia(1)
コンソーシアム(1)
一つ(1)
同士(1)
HTML(5)
[.(2)
操作(1)
世界中(1)
内容(1)
ワード(1)
カタチ(1)
コンピュータ(3)
標準(1)
リッチ(3)
可能(1)
ほか(2)
注意(1)
記述(2)
改行(1)
ドキュメント(1)
依存(1)
サンプル(1)
txt(1)
無料(1)
保存(1)
://(2)
把握(1)
活字(1)
編集(1)
情報(7)
アドビ(1)
利点(3)
様々(5)
PDF(1)
非常(1)
冗長(1)
種類(1)
Text(1)
すべて(1)
--(1)
電子(1)
表現(1)
よう(4)
<>(1)
ページ(1)
選択(4)
全て(1)
LF(1)
{ 1 } { 2 } { 3 } { 4 } { 5 6 } { 7 } { 8 } { 9 } { 10 } { 11 } { 12 13 } { 14 } { 15 } { 16 } 
Segment{ 2 }, Segment{ 3 }
コサイン類似度: 0.14594267401139546
Segment{ 3 }, Segment{ 4 }
コサイン類似度: 0.04566624993560592
Segment{ 4 }, Segment{ 5 6 }
コサイン類似度: 0.014327752928072868
Segment{ 5 6 }, Segment{ 7 }
コサイン類似度: 0.024459719626626044
Segment{ 7 }, Segment{ 8 }
コサイン類似度: 0.006266866457972247
Segment{ 8 }, Segment{ 9 }
コサイン類似度: 0.01652189136372229
Segment{ 9 }, Segment{ 10 }
コサイン類似度: 0.004845254285489372
Segment{ 10 }, Segment{ 11 }
コサイン類似度: 0.1897648230895342
Segment{ 11 }, Segment{ 12 13 }
コサイン類似度: 0.007320247795652495
Segment{ 12 13 }, Segment{ 14 }
コサイン類似度: 0.11980976896078595
Segment{ 14 }, Segment{ 15 }
コサイン類似度: 0.06757855954160946
Segment{ 15 }, Segment{ 16 }
コサイン類似度: 0.008090928270996878
構成(2)
手書き(1)
Acrobat(1)
ソフトウエア(4)
ＪＩＳ(1)
容量(1)
段落(1)
対応(1)
今回(1)
フォーマット(1)
課題(1)
それぞれ(3)
構造(2)
今日(1)
Hyper(1)
世界(2)
用意(1)
NotePad(1)
形式(9)
（.(1)
基本(1)
採用(1)
ホームページ(3)
理解(2)
ソフト(3)
指示(1)
日付(1)
機能(1)
関連(1)
インターネット(1)
検索(2)
題目(1)
使用(4)
Word(4)
付け(1)
ＥＵＣ(1)
Macintosh(1)
一部(2)
想定(1)
テキストエディタ(3)
文化(1)
外観(1)
共通(1)
使い方(1)
doc(1)
相互(1)
Language(1)
フォント(5)
伝達(1)
小節(1)
サイズ(5)
多く(1)
Reader(1)
pdf(1)
詳細(1)
やりとり(1)
視覚(1)
入手(1)
シフト(1)
特別(1)
起動(1)
ワープロソフト(2)
こと(5)
辞典(1)
正常(1)
index(1)
マイクロソフト(2)
ソース(2)
基礎(1)
Microsoft(3)
code(1)
rtf(2)
意味合い(1)
簡単(1)
技術(1)
Web(5)
テキスト(3)
事実(1)
作成(8)
ため(1)
その他(1)
固有(1)
要素(1)
等々(1)
適切(2)
www(1)
公開(1)
数値(1)
排除(1)
Ｕｎｉｃｏｄｅ(1)
場合(2)
化け(1)
文献(1)
文書(9)
中身(1)
hajimeteno(1)
テーマ(1)
プログラム(1)
見た目(1)
前回(1)
利用(2)
タグ(1)
考慮(1)
通常(1)
表示(4)
データ(2)
講座(1)
認識(1)
著者(1)
必要(4)
脚注(1)
抽出(1)
意味(3)
閲覧(3)
CR(1)
html(2)
わけ(1)
Excel(1)
コード(1)
自体(1)
書式(1)
欠点(1)
特徴(2)
グラフ(1)
命令(1)
重要(1)
体系(1)
念頭(1)
文章(2)
メニュー(1)
変更(1)
参考(2)
タイトル(1)
制定(1)
練習(5)
確認(2)
ユニ(1)
紹介(1)
参照(2)
ash(1)
箇条(1)
http(2)
演習(2)
画像(1)
Internet(1)
取捨(1)
統一(1)
ファイル(6)
書き(1)
リンク(2)
現代(1)
文字(6)
特定(1)
ブラウザ(2)
もの(3)
OS(2)
問題(2)
UNIX(1)
Windows(1)
ne(1)
テキストファイル(2)
日本(1)
レポート(1)
Explorer(1)
jp(2)
Markup(1)
用途(1)
拡張(2)
手段(1)
図表(1)
Wikipedia(1)
コンソーシアム(1)
一つ(1)
同士(1)
HTML(5)
[.(2)
操作(1)
世界中(1)
内容(1)
ワード(1)
カタチ(1)
コンピュータ(3)
標準(1)
リッチ(3)
可能(1)
ほか(2)
注意(1)
記述(2)
改行(1)
ドキュメント(1)
依存(1)
サンプル(1)
txt(1)
無料(1)
保存(1)
://(2)
把握(1)
活字(1)
編集(1)
情報(6)
アドビ(1)
利点(3)
様々(5)
PDF(1)
非常(1)
冗長(1)
種類(1)
Text(1)
すべて(1)
--(1)
電子(1)
表現(1)
よう(4)
<>(1)
ページ(1)
選択(3)
全て(1)
LF(1)
{ 1 } { 2 } { 3 } { 4 } { 5 6 } { 7 } { 8 } { 9 } { 10 11 } { 12 13 } { 14 } { 15 } { 16 } 
Segment{ 2 }, Segment{ 3 }
コサイン類似度: 0.14512182299807372
Segment{ 3 }, Segment{ 4 }
コサイン類似度: 0.04539999541611395
Segment{ 4 }, Segment{ 5 6 }
コサイン類似度: 0.014298022828659322
Segment{ 5 6 }, Segment{ 7 }
コサイン類似度: 0.024446264418798172
Segment{ 7 }, Segment{ 8 }
コサイン類似度: 0.006257273351167947
Segment{ 8 }, Segment{ 9 }
コサイン類似度: 0.016505679930198115
Segment{ 9 }, Segment{ 10 11 }
コサイン類似度: 0.005478273134289479
Segment{ 12 13 }, Segment{ 14 }
コサイン類似度: 0.11980308537124479
Segment{ 14 }, Segment{ 15 }
コサイン類似度: 0.06757855954160946
Segment{ 15 }, Segment{ 16 }
コサイン類似度: 0.008090928270996878
構成(2)
手書き(1)
Acrobat(1)
ソフトウエア(3)
ＪＩＳ(1)
容量(1)
段落(1)
対応(1)
今回(1)
フォーマット(1)
課題(1)
構造(2)
それぞれ(3)
今日(1)
Hyper(1)
世界(2)
用意(1)
NotePad(1)
形式(8)
（.(1)
基本(1)
採用(1)
理解(2)
ホームページ(3)
ソフト(3)
指示(1)
日付(1)
機能(1)
関連(1)
インターネット(1)
検索(2)
題目(1)
使用(4)
Word(4)
付け(1)
ＥＵＣ(1)
Macintosh(1)
一部(2)
想定(1)
テキストエディタ(3)
文化(1)
外観(1)
共通(1)
使い方(1)
doc(1)
フォント(5)
Language(1)
相互(1)
伝達(1)
小節(1)
サイズ(5)
多く(1)
pdf(1)
Reader(1)
詳細(1)
やりとり(1)
視覚(1)
入手(1)
シフト(1)
特別(1)
起動(1)
ワープロソフト(2)
こと(5)
辞典(1)
正常(1)
index(1)
マイクロソフト(1)
ソース(2)
基礎(1)
Microsoft(3)
code(1)
rtf(2)
意味合い(1)
簡単(1)
技術(1)
Web(4)
テキスト(3)
事実(1)
作成(8)
ため(1)
その他(1)
固有(1)
要素(1)
等々(1)
適切(2)
www(1)
公開(1)
数値(1)
排除(1)
Ｕｎｉｃｏｄｅ(1)
場合(2)
化け(1)
文献(1)
文書(8)
中身(1)
hajimeteno(1)
テーマ(1)
プログラム(1)
見た目(1)
前回(1)
利用(2)
タグ(1)
考慮(1)
通常(1)
表示(4)
データ(2)
講座(1)
認識(1)
著者(1)
必要(4)
脚注(1)
抽出(1)
意味(3)
閲覧(3)
CR(1)
html(2)
わけ(1)
Excel(1)
コード(1)
自体(1)
書式(1)
欠点(1)
特徴(2)
グラフ(1)
命令(1)
重要(1)
体系(1)
念頭(1)
文章(2)
メニュー(1)
変更(1)
参考(2)
タイトル(1)
制定(1)
練習(5)
確認(2)
ユニ(1)
紹介(1)
参照(2)
ash(1)
箇条(1)
http(2)
演習(2)
画像(1)
Internet(1)
取捨(1)
統一(1)
ファイル(5)
書き(1)
リンク(2)
現代(1)
文字(6)
特定(1)
ブラウザ(2)
OS(2)
もの(3)
問題(2)
UNIX(1)
Windows(1)
ne(1)
テキストファイル(2)
日本(1)
レポート(1)
Explorer(1)
jp(2)
Markup(1)
用途(1)
拡張(1)
手段(1)
図表(1)
Wikipedia(1)
コンソーシアム(1)
一つ(1)
同士(1)
HTML(5)
[.(1)
操作(1)
世界中(1)
内容(1)
ワード(1)
カタチ(1)
コンピュータ(2)
標準(1)
リッチ(3)
可能(1)
ほか(2)
注意(1)
記述(2)
改行(1)
ドキュメント(1)
依存(1)
サンプル(1)
無料(1)
txt(1)
保存(1)
://(2)
把握(1)
活字(1)
編集(1)
アドビ(1)
情報(6)
利点(2)
様々(5)
PDF(1)
非常(1)
冗長(1)
種類(1)
Text(1)
すべて(1)
--(1)
電子(1)
表現(1)
よう(4)
<>(1)
ページ(1)
選択(3)
全て(1)
LF(1)
{ 1 } { 2 3 } { 4 } { 5 6 } { 7 } { 8 } { 9 } { 10 11 } { 12 13 } { 14 } { 15 } { 16 } 
Segment{ 2 3 }, Segment{ 4 }
コサイン類似度: 0.10815446451879654
Segment{ 4 }, Segment{ 5 6 }
コサイン類似度: 0.01425689456549457
Segment{ 5 6 }, Segment{ 7 }
コサイン類似度: 0.024387086559156713
Segment{ 7 }, Segment{ 8 }
コサイン類似度: 0.00724049733212163
Segment{ 8 }, Segment{ 9 }
コサイン類似度: 0.017942794701986696
Segment{ 9 }, Segment{ 10 11 }
コサイン類似度: 0.005510223562009495
Segment{ 12 13 }, Segment{ 14 }
コサイン類似度: 0.1303004474498588
Segment{ 14 }, Segment{ 15 }
コサイン類似度: 0.06631529750693252
Segment{ 15 }, Segment{ 16 }
コサイン類似度: 0.008089731692356683
構成(2)
手書き(1)
Acrobat(1)
ソフトウエア(3)
ＪＩＳ(1)
容量(1)
段落(1)
対応(1)
今回(1)
フォーマット(1)
課題(1)
構造(2)
それぞれ(3)
今日(1)
Hyper(1)
世界(2)
用意(1)
NotePad(1)
形式(8)
（.(1)
基本(1)
採用(1)
理解(2)
ホームページ(3)
ソフト(3)
指示(1)
日付(1)
機能(1)
関連(1)
インターネット(1)
検索(2)
題目(1)
使用(4)
Word(4)
付け(1)
ＥＵＣ(1)
Macintosh(1)
一部(2)
想定(1)
テキストエディタ(3)
文化(1)
外観(1)
共通(1)
使い方(1)
doc(1)
フォント(5)
Language(1)
相互(1)
伝達(1)
小節(1)
サイズ(5)
多く(1)
pdf(1)
Reader(1)
詳細(1)
やりとり(1)
視覚(1)
入手(1)
シフト(1)
特別(1)
起動(1)
ワープロソフト(2)
こと(5)
辞典(1)
正常(1)
index(1)
マイクロソフト(1)
ソース(1)
基礎(1)
Microsoft(3)
code(1)
rtf(2)
意味合い(1)
簡単(1)
技術(1)
Web(4)
テキスト(3)
事実(1)
作成(8)
ため(1)
その他(1)
固有(1)
要素(1)
等々(1)
適切(2)
www(1)
公開(1)
数値(1)
排除(1)
Ｕｎｉｃｏｄｅ(1)
場合(2)
化け(1)
文献(1)
文書(8)
中身(1)
hajimeteno(1)
テーマ(1)
プログラム(1)
見た目(1)
前回(1)
利用(2)
タグ(1)
考慮(1)
通常(1)
表示(4)
データ(2)
講座(1)
認識(1)
著者(1)
必要(4)
脚注(1)
抽出(1)
意味(3)
閲覧(3)
CR(1)
html(2)
わけ(1)
Excel(1)
コード(1)
自体(1)
書式(1)
欠点(1)
特徴(2)
グラフ(1)
命令(1)
重要(1)
体系(1)
念頭(1)
文章(2)
メニュー(1)
変更(1)
参考(2)
タイトル(1)
制定(1)
練習(5)
確認(2)
ユニ(1)
紹介(1)
参照(2)
ash(1)
箇条(1)
http(2)
演習(2)
画像(1)
Internet(1)
取捨(1)
統一(1)
ファイル(4)
書き(1)
リンク(2)
現代(1)
文字(6)
特定(1)
ブラウザ(2)
OS(2)
もの(3)
問題(2)
UNIX(1)
Windows(1)
ne(1)
テキストファイル(2)
日本(1)
レポート(1)
Explorer(1)
jp(2)
Markup(1)
用途(1)
拡張(1)
手段(1)
図表(1)
Wikipedia(1)
コンソーシアム(1)
一つ(1)
同士(1)
HTML(4)
[.(1)
操作(1)
世界中(1)
内容(1)
ワード(1)
カタチ(1)
コンピュータ(2)
標準(1)
リッチ(3)
可能(1)
ほか(2)
注意(1)
記述(2)
改行(1)
ドキュメント(1)
依存(1)
サンプル(1)
無料(1)
txt(1)
保存(1)
://(2)
把握(1)
活字(1)
編集(1)
アドビ(1)
情報(6)
利点(2)
様々(5)
PDF(1)
非常(1)
冗長(1)
種類(1)
Text(1)
すべて(1)
--(1)
電子(1)
表現(1)
よう(4)
<>(1)
ページ(1)
選択(3)
全て(1)
LF(1)
{ 1 } { 2 3 } { 4 } { 5 6 } { 7 } { 8 } { 9 } { 10 11 } { 12 13 14 } { 15 } { 16 } 
Segment{ 2 3 }, Segment{ 4 }
コサイン類似度: 0.12270037080105767
Segment{ 4 }, Segment{ 5 6 }
コサイン類似度: 0.01406152299701052
Segment{ 5 6 }, Segment{ 7 }
コサイン類似度: 0.024226249914719312
Segment{ 7 }, Segment{ 8 }
コサイン類似度: 0.007192745121453432
Segment{ 8 }, Segment{ 9 }
コサイン類似度: 0.017942794701986696
Segment{ 9 }, Segment{ 10 11 }
コサイン類似度: 0.005510223562009495
Segment{ 12 13 14 }, Segment{ 15 }
コサイン類似度: 0.041569891156522126
Segment{ 15 }, Segment{ 16 }
コサイン類似度: 0.012506821986929555
構成(2)
手書き(1)
Acrobat(1)
ソフトウエア(3)
ＪＩＳ(1)
容量(1)
段落(1)
対応(1)
今回(1)
フォーマット(1)
課題(1)
構造(2)
それぞれ(3)
今日(1)
Hyper(1)
世界(2)
用意(1)
NotePad(1)
形式(7)
（.(1)
基本(1)
採用(1)
理解(2)
ホームページ(3)
ソフト(2)
指示(1)
日付(1)
機能(1)
関連(1)
インターネット(1)
検索(2)
題目(1)
使用(4)
Word(4)
付け(1)
ＥＵＣ(1)
Macintosh(1)
一部(2)
想定(1)
テキストエディタ(3)
文化(1)
外観(1)
共通(1)
使い方(1)
doc(1)
フォント(4)
Language(1)
相互(1)
伝達(1)
小節(1)
サイズ(4)
多く(1)
pdf(1)
Reader(1)
詳細(1)
やりとり(1)
視覚(1)
入手(1)
シフト(1)
特別(1)
起動(1)
ワープロソフト(2)
こと(4)
辞典(1)
正常(1)
index(1)
マイクロソフト(1)
ソース(1)
基礎(1)
Microsoft(3)
code(1)
rtf(1)
意味合い(1)
簡単(1)
技術(1)
Web(4)
テキスト(2)
事実(1)
作成(8)
ため(1)
その他(1)
固有(1)
要素(1)
等々(1)
適切(2)
www(1)
公開(1)
数値(1)
排除(1)
Ｕｎｉｃｏｄｅ(1)
場合(2)
化け(1)
文献(1)
文書(7)
中身(1)
hajimeteno(1)
テーマ(1)
プログラム(1)
見た目(1)
前回(1)
利用(2)
タグ(1)
考慮(1)
通常(1)
データ(2)
表示(4)
講座(1)
認識(1)
著者(1)
必要(4)
脚注(1)
抽出(1)
意味(3)
閲覧(2)
CR(1)
html(2)
わけ(1)
Excel(1)
コード(1)
自体(1)
書式(1)
欠点(1)
特徴(2)
グラフ(1)
命令(1)
重要(1)
体系(1)
念頭(1)
文章(2)
メニュー(1)
変更(1)
参考(2)
タイトル(1)
制定(1)
練習(5)
確認(2)
ユニ(1)
紹介(1)
参照(2)
ash(1)
箇条(1)
http(2)
演習(2)
画像(1)
Internet(1)
取捨(1)
統一(1)
ファイル(3)
書き(1)
リンク(2)
現代(1)
文字(5)
特定(1)
ブラウザ(2)
OS(2)
もの(3)
問題(2)
UNIX(1)
Windows(1)
ne(1)
テキストファイル(2)
日本(1)
レポート(1)
Explorer(1)
jp(2)
Markup(1)
用途(1)
拡張(1)
手段(1)
図表(1)
Wikipedia(1)
コンソーシアム(1)
一つ(1)
同士(1)
HTML(4)
[.(1)
操作(1)
世界中(1)
内容(1)
ワード(1)
カタチ(1)
コンピュータ(2)
標準(1)
リッチ(2)
可能(1)
ほか(2)
注意(1)
記述(2)
改行(1)
ドキュメント(1)
依存(1)
サンプル(1)
無料(1)
txt(1)
保存(1)
://(2)
把握(1)
活字(1)
編集(1)
アドビ(1)
情報(5)
利点(2)
様々(4)
PDF(1)
非常(1)
冗長(1)
種類(1)
Text(1)
すべて(1)
--(1)
電子(1)
表現(1)
よう(4)
<>(1)
ページ(1)
選択(3)
全て(1)
LF(1)
{ 1 } { 2 3 4 } { 5 6 } { 7 } { 8 } { 9 } { 10 11 } { 12 13 14 } { 15 } { 16 } 
Segment{ 5 6 }, Segment{ 7 }
コサイン類似度: 0.03301152596461943
Segment{ 7 }, Segment{ 8 }
コサイン類似度: 0.008210238562226206
Segment{ 8 }, Segment{ 9 }
コサイン類似度: 0.020020840615040336
Segment{ 9 }, Segment{ 10 11 }
コサイン類似度: 0.005582269735214757
Segment{ 12 13 14 }, Segment{ 15 }
コサイン類似度: 0.04088709871629606
Segment{ 15 }, Segment{ 16 }
コサイン類似度: 0.012504127920780901
構成(2)
手書き(1)
Acrobat(1)
ソフトウエア(3)
ＪＩＳ(1)
容量(1)
段落(1)
対応(1)
今回(1)
フォーマット(1)
課題(1)
構造(2)
それぞれ(3)
今日(1)
Hyper(1)
世界(2)
用意(1)
NotePad(1)
形式(7)
（.(1)
基本(1)
採用(1)
理解(2)
ホームページ(3)
ソフト(2)
指示(1)
日付(1)
機能(1)
関連(1)
インターネット(1)
検索(2)
題目(1)
使用(4)
Word(4)
付け(1)
ＥＵＣ(1)
Macintosh(1)
一部(2)
想定(1)
テキストエディタ(3)
文化(1)
外観(1)
共通(1)
使い方(1)
doc(1)
フォント(4)
Language(1)
相互(1)
伝達(1)
小節(1)
サイズ(4)
多く(1)
pdf(1)
Reader(1)
詳細(1)
やりとり(1)
視覚(1)
入手(1)
シフト(1)
特別(1)
起動(1)
ワープロソフト(2)
こと(4)
辞典(1)
正常(1)
index(1)
マイクロソフト(1)
ソース(1)
基礎(1)
Microsoft(3)
code(1)
rtf(1)
意味合い(1)
簡単(1)
技術(1)
Web(4)
テキスト(2)
事実(1)
作成(8)
ため(1)
その他(1)
固有(1)
要素(1)
等々(1)
適切(2)
www(1)
公開(1)
数値(1)
排除(1)
Ｕｎｉｃｏｄｅ(1)
場合(2)
化け(1)
文献(1)
文書(7)
中身(1)
hajimeteno(1)
テーマ(1)
プログラム(1)
見た目(1)
前回(1)
利用(2)
タグ(1)
考慮(1)
通常(1)
データ(2)
表示(4)
講座(1)
認識(1)
著者(1)
必要(4)
脚注(1)
抽出(1)
意味(3)
閲覧(2)
CR(1)
html(2)
わけ(1)
Excel(1)
コード(1)
自体(1)
書式(1)
欠点(1)
特徴(2)
グラフ(1)
命令(1)
重要(1)
体系(1)
念頭(1)
文章(2)
メニュー(1)
変更(1)
参考(2)
タイトル(1)
制定(1)
練習(5)
確認(2)
ユニ(1)
紹介(1)
参照(2)
ash(1)
箇条(1)
http(2)
演習(2)
画像(1)
Internet(1)
取捨(1)
統一(1)
ファイル(3)
書き(1)
リンク(2)
現代(1)
文字(5)
特定(1)
ブラウザ(2)
OS(2)
もの(3)
問題(2)
UNIX(1)
Windows(1)
ne(1)
テキストファイル(2)
日本(1)
レポート(1)
Explorer(1)
jp(2)
Markup(1)
用途(1)
拡張(1)
手段(1)
図表(1)
Wikipedia(1)
コンソーシアム(1)
一つ(1)
同士(1)
HTML(4)
[.(1)
操作(1)
世界中(1)
内容(1)
ワード(1)
カタチ(1)
コンピュータ(2)
標準(1)
リッチ(2)
可能(1)
ほか(2)
注意(1)
記述(2)
改行(1)
ドキュメント(1)
依存(1)
サンプル(1)
無料(1)
txt(1)
保存(1)
://(2)
把握(1)
活字(1)
編集(1)
アドビ(1)
情報(5)
利点(2)
様々(4)
PDF(1)
非常(1)
冗長(1)
種類(1)
Text(1)
すべて(1)
--(1)
電子(1)
表現(1)
よう(4)
<>(1)
ページ(1)
選択(3)
全て(1)
LF(1)
{ 1 } { 2 3 4 } { 5 6 } { 7 } { 8 } { 9 } { 10 11 } { 12 13 14 } { 15 } { 16 } 
前後のスライドを見るSegment{ 7 }, Segment{ 8 }
コサイン類似度: 0.00102865523857824
前後のスライドを見るSegment{ 8 }, Segment{ 9 }
コサイン類似度: 0.03753797689410424
前後のスライドを見るSegment{ 9 }, Segment{ 10 11 }
コサイン類似度: 0.007351694503303608
前後のスライドを見るSegment{ 15 }, Segment{ 16 }
コサイン類似度: 0.025575883136971664
