挿入(1)
構成(1)
最終(1)
移行(1)
運用(1)
フィールド(1)
info(2)
schema(1)
一般(1)
今回(1)
終了(1)
個々(1)
変更(2)
kobe(1)
発表(1)
物理(2)
参考(1)
SQL(4)
CREATE(1)
課題(1)
shinshu(2)
or(1)
INSERT(1)
調査(1)
開始(1)
データベース(6)
構造(1)
練習(1)
独立(1)
確認(1)
参加(1)
ppt(1)
メモリ(1)
概念的(1)
vis(1)
形式(2)
外部(3)
基本(2)
kaiunix(2)
SQLhttp(1)
http(4)
plala(1)
削除(1)
ビュー(1)
講義(1)
演習(3)
Access(3)
SELECT(1)
３つ(1)
/~(3)
ファイル(2)
メールアドレス(1)
概要(1)
影響(1)
レコード(1)
概念(3)
部分(1)
net(1)
視点(1)
論理(1)
ごと(1)
PPT(1)
内部(3)
使用(2)
現代(1)
DataBaseIT(2)
文字(1)
左端(1)
手間(1)
DELETE(1)
以下(2)
特定(1)
研究(2)
方法(1)
hijk(1)
mt(1)
Schema(1)
もの(3)
アプリケーション(2)
access(1)
ユーザ(2)
管理(1)
サイト(1)
格納(1)
文化(1)
図式(1)
sql(1)
USB(1)
応答(1)
ne(1)
申し訳(1)
各自(3)
着席(1)
answerhttp(1)
レポート(1)
jp(6)
iyori(3)
kiyomitu(1)
study(1)
スキーマ(3)
後方(1)
mbox(1)
メール(1)
UPDATE(1)
クエリ(3)
sundaysoftware(1)
su(2)
htm(1)
受け渡し(1)
こと(2)
db(1)
index(1)
配置(1)
報告(1)
kyoto(3)
定義(2)
基礎(1)
収集(1)
Microsoft(1)
簡単(1)
技術(2)
cs(2)
膨大(1)
提出(2)
可能(1)
ここ(1)
確保(1)
質疑(1)
全体(1)
事実(1)
モデル(1)
インスタンス(1)
作成(3)
media(1)
ADFE(1)
Instance(1)
記述(3)
実例(1)
時間(1)
データファイル(1)
範囲(1)
www(4)
前方(1)
netlaputa(1)
場合(1)
://(5)
geocities(1)
インデックス(1)
下記(1)
予定(1)
テーマ(1)
Lesson(2)
htmlhttp(2)
情報(5)
今後(1)
テーブル(1)
前回(2)
様々(1)
mail(1)
is(1)
利用(3)
表示(2)
DROP(1)
データ(4)
対象(1)
必要(1)
よう(1)
抽出(1)
意味(1)
直接(2)
ac(5)
入力(2)
studyhall(1)
html(2)
選択(2)
自習(1)
自由(1)
{ 1 } { 2 } { 3 } { 4 } { 5 } { 6 } { 7 } { 8 } { 9 } { 10 } 
Segment{ 2 }, Segment{ 3 }
コサイン類似度: 0.0
Segment{ 3 }, Segment{ 4 }
コサイン類似度: 0.01010821106718281
Segment{ 4 }, Segment{ 5 }
コサイン類似度: 0.12580321263181757
Segment{ 5 }, Segment{ 6 }
コサイン類似度: 0.11063648630872376
Segment{ 6 }, Segment{ 7 }
コサイン類似度: 0.05002913387993452
Segment{ 7 }, Segment{ 8 }
コサイン類似度: 0.020885916756072775
Segment{ 8 }, Segment{ 9 }
コサイン類似度: 0.12061434961065895
Segment{ 9 }, Segment{ 10 }
コサイン類似度: 0.053361612873185124
挿入(1)
構成(1)
最終(1)
移行(1)
運用(1)
フィールド(1)
info(2)
schema(1)
一般(1)
今回(1)
終了(1)
個々(1)
変更(2)
kobe(1)
発表(1)
物理(2)
参考(1)
SQL(4)
CREATE(1)
課題(1)
shinshu(2)
or(1)
INSERT(1)
調査(1)
開始(1)
データベース(5)
構造(1)
練習(1)
独立(1)
確認(1)
参加(1)
ppt(1)
メモリ(1)
概念的(1)
vis(1)
形式(1)
外部(2)
基本(2)
kaiunix(2)
SQLhttp(1)
http(4)
plala(1)
削除(1)
ビュー(1)
講義(1)
演習(3)
Access(3)
SELECT(1)
/~(3)
３つ(1)
ファイル(2)
メールアドレス(1)
概要(1)
影響(1)
レコード(1)
概念(2)
部分(1)
net(1)
視点(1)
論理(1)
ごと(1)
PPT(1)
内部(2)
使用(2)
現代(1)
DataBaseIT(2)
文字(1)
左端(1)
手間(1)
DELETE(1)
以下(2)
特定(1)
研究(2)
方法(1)
mt(1)
hijk(1)
Schema(1)
もの(2)
アプリケーション(2)
access(1)
管理(1)
ユーザ(2)
サイト(1)
格納(1)
文化(1)
図式(1)
sql(1)
USB(1)
応答(1)
ne(1)
申し訳(1)
各自(3)
着席(1)
answerhttp(1)
レポート(1)
jp(6)
iyori(3)
study(1)
kiyomitu(1)
スキーマ(2)
後方(1)
mbox(1)
メール(1)
UPDATE(1)
クエリ(3)
sundaysoftware(1)
su(2)
htm(1)
受け渡し(1)
こと(2)
db(1)
index(1)
配置(1)
報告(1)
kyoto(3)
定義(2)
基礎(1)
収集(1)
Microsoft(1)
簡単(1)
技術(2)
cs(2)
膨大(1)
提出(2)
可能(1)
ここ(1)
確保(1)
質疑(1)
全体(1)
モデル(1)
事実(1)
インスタンス(1)
作成(3)
media(1)
ADFE(1)
Instance(1)
記述(2)
実例(1)
時間(1)
データファイル(1)
範囲(1)
www(4)
前方(1)
netlaputa(1)
場合(1)
://(5)
geocities(1)
インデックス(1)
下記(1)
予定(1)
テーマ(1)
Lesson(2)
htmlhttp(2)
情報(4)
今後(1)
テーブル(1)
前回(2)
様々(1)
mail(1)
is(1)
利用(3)
表示(2)
DROP(1)
データ(3)
対象(1)
必要(1)
よう(1)
抽出(1)
意味(1)
直接(2)
ac(5)
入力(2)
studyhall(1)
html(2)
選択(2)
自習(1)
自由(1)
{ 1 } { 2 } { 3 } { 4 5 } { 6 } { 7 } { 8 } { 9 } { 10 } 
Segment{ 2 }, Segment{ 3 }
コサイン類似度: 0.0
Segment{ 3 }, Segment{ 4 5 }
コサイン類似度: 0.0429412354908223
Segment{ 4 5 }, Segment{ 6 }
コサイン類似度: 0.2789336934521768
Segment{ 6 }, Segment{ 7 }
コサイン類似度: 0.06316926692186008
Segment{ 7 }, Segment{ 8 }
コサイン類似度: 0.020618177192567123
Segment{ 8 }, Segment{ 9 }
コサイン類似度: 0.1196988677197429
Segment{ 9 }, Segment{ 10 }
コサイン類似度: 0.05333512421383941
挿入(1)
構成(1)
最終(1)
移行(1)
運用(1)
フィールド(1)
info(2)
schema(1)
一般(1)
今回(1)
終了(1)
個々(1)
変更(2)
kobe(1)
発表(1)
物理(1)
参考(1)
SQL(4)
CREATE(1)
課題(1)
shinshu(2)
or(1)
INSERT(1)
調査(1)
開始(1)
データベース(4)
構造(1)
練習(1)
独立(1)
確認(1)
参加(1)
ppt(1)
メモリ(1)
概念的(1)
vis(1)
形式(1)
外部(1)
基本(2)
kaiunix(2)
SQLhttp(1)
http(4)
plala(1)
削除(1)
ビュー(1)
講義(1)
演習(3)
Access(3)
SELECT(1)
/~(3)
３つ(1)
ファイル(2)
メールアドレス(1)
概要(1)
影響(1)
レコード(1)
概念(1)
部分(1)
net(1)
視点(1)
論理(1)
ごと(1)
PPT(1)
内部(1)
使用(2)
現代(1)
DataBaseIT(2)
文字(1)
左端(1)
手間(1)
DELETE(1)
以下(2)
特定(1)
研究(2)
方法(1)
hijk(1)
mt(1)
Schema(1)
もの(1)
アプリケーション(1)
access(1)
管理(1)
ユーザ(1)
サイト(1)
格納(1)
文化(1)
図式(1)
sql(1)
USB(1)
応答(1)
ne(1)
申し訳(1)
各自(3)
着席(1)
answerhttp(1)
レポート(1)
jp(6)
iyori(3)
study(1)
kiyomitu(1)
スキーマ(1)
後方(1)
mbox(1)
メール(1)
UPDATE(1)
クエリ(3)
sundaysoftware(1)
su(2)
htm(1)
受け渡し(1)
こと(2)
db(1)
index(1)
配置(1)
報告(1)
kyoto(3)
定義(2)
基礎(1)
収集(1)
Microsoft(1)
簡単(1)
技術(2)
cs(2)
提出(2)
膨大(1)
可能(1)
ここ(1)
質疑(1)
確保(1)
全体(1)
モデル(1)
事実(1)
インスタンス(1)
作成(3)
media(1)
ADFE(1)
Instance(1)
記述(2)
実例(1)
時間(1)
データファイル(1)
www(4)
前方(1)
範囲(1)
netlaputa(1)
場合(1)
://(5)
geocities(1)
インデックス(1)
下記(1)
予定(1)
テーマ(1)
Lesson(2)
htmlhttp(2)
情報(4)
今後(1)
テーブル(1)
前回(2)
mail(1)
様々(1)
is(1)
利用(2)
表示(2)
DROP(1)
データ(2)
対象(1)
必要(1)
よう(1)
抽出(1)
意味(1)
直接(2)
ac(5)
入力(2)
studyhall(1)
html(2)
選択(2)
自習(1)
自由(1)
{ 1 } { 2 } { 3 } { 4 5 6 } { 7 } { 8 } { 9 } { 10 } 
Segment{ 2 }, Segment{ 3 }
コサイン類似度: 0.0
Segment{ 3 }, Segment{ 4 5 6 }
コサイン類似度: 0.023098744003230403
Segment{ 4 5 6 }, Segment{ 7 }
コサイン類似度: 0.10553527528078767
Segment{ 7 }, Segment{ 8 }
コサイン類似度: 0.020242179566118984
Segment{ 8 }, Segment{ 9 }
コサイン類似度: 0.11926741347292615
Segment{ 9 }, Segment{ 10 }
コサイン類似度: 0.05331798061053808
挿入(1)
構成(1)
最終(1)
移行(1)
運用(1)
フィールド(1)
info(2)
schema(1)
一般(1)
今回(1)
終了(1)
個々(1)
変更(2)
kobe(1)
発表(1)
物理(1)
参考(1)
SQL(3)
CREATE(1)
課題(1)
shinshu(2)
or(1)
INSERT(1)
調査(1)
開始(1)
データベース(4)
構造(1)
練習(1)
独立(1)
確認(1)
参加(1)
ppt(1)
メモリ(1)
概念的(1)
vis(1)
形式(1)
外部(1)
基本(2)
kaiunix(2)
SQLhttp(1)
http(4)
plala(1)
削除(1)
ビュー(1)
講義(1)
演習(3)
Access(2)
SELECT(1)
/~(3)
３つ(1)
ファイル(2)
メールアドレス(1)
概要(1)
影響(1)
レコード(1)
概念(1)
部分(1)
net(1)
視点(1)
論理(1)
ごと(1)
PPT(1)
内部(1)
使用(1)
現代(1)
DataBaseIT(2)
文字(1)
左端(1)
手間(1)
DELETE(1)
以下(2)
特定(1)
研究(2)
方法(1)
hijk(1)
mt(1)
Schema(1)
もの(1)
アプリケーション(1)
access(1)
管理(1)
ユーザ(1)
サイト(1)
格納(1)
文化(1)
図式(1)
sql(1)
USB(1)
応答(1)
ne(1)
申し訳(1)
各自(3)
着席(1)
answerhttp(1)
レポート(1)
jp(6)
iyori(3)
study(1)
kiyomitu(1)
スキーマ(1)
後方(1)
mbox(1)
メール(1)
UPDATE(1)
クエリ(2)
sundaysoftware(1)
su(2)
htm(1)
受け渡し(1)
こと(2)
db(1)
index(1)
配置(1)
報告(1)
kyoto(3)
定義(2)
基礎(1)
収集(1)
Microsoft(1)
簡単(1)
技術(2)
cs(2)
提出(2)
膨大(1)
可能(1)
ここ(1)
質疑(1)
確保(1)
全体(1)
モデル(1)
事実(1)
インスタンス(1)
作成(2)
media(1)
ADFE(1)
Instance(1)
記述(2)
実例(1)
時間(1)
データファイル(1)
www(4)
前方(1)
範囲(1)
netlaputa(1)
場合(1)
://(5)
geocities(1)
インデックス(1)
下記(1)
予定(1)
テーマ(1)
Lesson(2)
htmlhttp(2)
情報(4)
今後(1)
テーブル(1)
前回(2)
mail(1)
様々(1)
is(1)
利用(2)
表示(2)
DROP(1)
データ(2)
対象(1)
必要(1)
よう(1)
抽出(1)
意味(1)
直接(2)
ac(5)
入力(2)
studyhall(1)
html(2)
選択(2)
自習(1)
自由(1)
{ 1 } { 2 } { 3 } { 4 5 6 } { 7 } { 8 9 } { 10 } 
Segment{ 2 }, Segment{ 3 }
コサイン類似度: 0.0
Segment{ 3 }, Segment{ 4 5 6 }
コサイン類似度: 0.023098744003230403
Segment{ 4 5 6 }, Segment{ 7 }
コサイン類似度: 0.10540092487060333
Segment{ 7 }, Segment{ 8 9 }
コサイン類似度: 0.050370830293185724
Segment{ 8 9 }, Segment{ 10 }
コサイン類似度: 0.15800438609296716
挿入(1)
構成(1)
最終(1)
移行(1)
運用(1)
フィールド(1)
info(2)
schema(1)
一般(1)
今回(1)
終了(1)
個々(1)
変更(2)
kobe(1)
発表(1)
物理(1)
参考(1)
SQL(2)
CREATE(1)
課題(1)
shinshu(2)
or(1)
INSERT(1)
調査(1)
開始(1)
データベース(3)
構造(1)
練習(1)
独立(1)
確認(1)
参加(1)
ppt(1)
メモリ(1)
概念的(1)
vis(1)
形式(1)
外部(1)
基本(2)
kaiunix(2)
SQLhttp(1)
http(4)
plala(1)
削除(1)
ビュー(1)
講義(1)
演習(3)
Access(1)
SELECT(1)
/~(3)
３つ(1)
ファイル(1)
メールアドレス(1)
概要(1)
影響(1)
レコード(1)
概念(1)
部分(1)
net(1)
視点(1)
論理(1)
ごと(1)
PPT(1)
内部(1)
使用(1)
現代(1)
DataBaseIT(2)
文字(1)
左端(1)
手間(1)
DELETE(1)
以下(2)
特定(1)
研究(2)
方法(1)
hijk(1)
mt(1)
Schema(1)
もの(1)
アプリケーション(1)
access(1)
管理(1)
ユーザ(1)
サイト(1)
格納(1)
文化(1)
図式(1)
sql(1)
USB(1)
応答(1)
ne(1)
申し訳(1)
各自(2)
着席(1)
answerhttp(1)
レポート(1)
jp(5)
iyori(3)
study(1)
kiyomitu(1)
スキーマ(1)
後方(1)
mbox(1)
メール(1)
UPDATE(1)
クエリ(1)
sundaysoftware(1)
su(2)
htm(1)
受け渡し(1)
こと(2)
db(1)
index(1)
配置(1)
報告(1)
kyoto(3)
定義(2)
基礎(1)
Microsoft(1)
収集(1)
簡単(1)
技術(2)
cs(2)
提出(2)
膨大(1)
可能(1)
ここ(1)
質疑(1)
確保(1)
全体(1)
モデル(1)
事実(1)
インスタンス(1)
作成(1)
media(1)
ADFE(1)
Instance(1)
記述(2)
実例(1)
時間(1)
データファイル(1)
www(4)
前方(1)
範囲(1)
netlaputa(1)
場合(1)
://(5)
geocities(1)
インデックス(1)
下記(1)
予定(1)
テーマ(1)
Lesson(2)
htmlhttp(2)
情報(4)
今後(1)
前回(1)
テーブル(1)
mail(1)
様々(1)
is(1)
利用(2)
表示(1)
DROP(1)
データ(2)
対象(1)
必要(1)
よう(1)
抽出(1)
意味(1)
直接(1)
ac(5)
入力(1)
studyhall(1)
html(2)
選択(2)
自習(1)
自由(1)
{ 1 } { 2 } { 3 } { 4 5 6 } { 7 } { 8 9 10 } 
Segment{ 2 }, Segment{ 3 }
コサイン類似度: 0.0
Segment{ 3 }, Segment{ 4 5 6 }
コサイン類似度: 0.02966350888610095
Segment{ 4 5 6 }, Segment{ 7 }
コサイン類似度: 0.1055698272300281
Segment{ 7 }, Segment{ 8 9 10 }
コサイン類似度: 0.052992112865061676
挿入(1)
構成(1)
最終(1)
移行(1)
運用(1)
フィールド(1)
info(2)
schema(1)
一般(1)
今回(1)
終了(1)
個々(1)
変更(1)
kobe(1)
発表(1)
物理(1)
参考(1)
SQL(2)
CREATE(1)
課題(1)
shinshu(1)
or(1)
調査(1)
INSERT(1)
開始(1)
データベース(3)
構造(1)
練習(1)
独立(1)
確認(1)
参加(1)
ppt(1)
メモリ(1)
vis(1)
概念的(1)
形式(1)
外部(1)
基本(1)
kaiunix(1)
SQLhttp(1)
http(3)
plala(1)
削除(1)
ビュー(1)
講義(1)
演習(3)
Access(1)
SELECT(1)
/~(3)
３つ(1)
ファイル(1)
メールアドレス(1)
概要(1)
影響(1)
レコード(1)
概念(1)
部分(1)
net(1)
視点(1)
ごと(1)
論理(1)
PPT(1)
内部(1)
使用(1)
現代(1)
DataBaseIT(1)
文字(1)
左端(1)
手間(1)
DELETE(1)
以下(2)
特定(1)
研究(2)
方法(1)
hijk(1)
mt(1)
Schema(1)
もの(1)
アプリケーション(1)
access(1)
管理(1)
ユーザ(1)
サイト(1)
文化(1)
格納(1)
図式(1)
sql(1)
USB(1)
応答(1)
ne(1)
申し訳(1)
各自(2)
着席(1)
answerhttp(1)
レポート(1)
jp(4)
iyori(3)
study(1)
kiyomitu(1)
スキーマ(1)
後方(1)
mbox(1)
メール(1)
UPDATE(1)
クエリ(1)
sundaysoftware(1)
su(2)
htm(1)
受け渡し(1)
こと(2)
db(1)
index(1)
配置(1)
報告(1)
定義(1)
kyoto(3)
基礎(1)
Microsoft(1)
収集(1)
簡単(1)
cs(1)
技術(2)
膨大(1)
提出(2)
可能(1)
ここ(1)
確保(1)
質疑(1)
全体(1)
モデル(1)
事実(1)
インスタンス(1)
作成(1)
media(1)
ADFE(1)
Instance(1)
記述(2)
実例(1)
時間(1)
データファイル(1)
範囲(1)
www(4)
前方(1)
netlaputa(1)
場合(1)
://(4)
geocities(1)
インデックス(1)
下記(1)
予定(1)
テーマ(1)
Lesson(1)
htmlhttp(1)
情報(4)
今後(1)
前回(1)
テーブル(1)
様々(1)
mail(1)
is(1)
利用(2)
表示(1)
DROP(1)
データ(1)
対象(1)
必要(1)
よう(1)
抽出(1)
意味(1)
直接(1)
ac(4)
入力(1)
studyhall(1)
選択(2)
html(2)
自習(1)
自由(1)
{ 1 } { 2 } { 3 } { 4 5 6 7 } { 8 9 10 } 
Segment{ 2 }, Segment{ 3 }
コサイン類似度: 0.0
Segment{ 3 }, Segment{ 4 5 6 7 }
コサイン類似度: 0.03357994543275366
