filename: ensyu10
xmlFile: /Users/admin/ocwslidedata/ocw.kyoto-u.ac.jp/002-003-(〜2010年)情報技術演習（2005年度）/ensyu10/slide.xml
dir: /Users/admin/ocwslidedata/ocw.kyoto-u.ac.jp/002-003-(〜2010年)情報技術演習（2005年度）/ensyu10
XML:
<presentation language="ja"><slide page="1"><body><p>z 「情報技術演習」に参加される方は、前方（３列目まで）に着席してください。z 自習の方は申し訳ないですが後方をご利用ください。z http://www.kyoto-su.ac.jp/~iyori/info/</p></body></slide><slide page="2"><body><p>今後の講義予定z 12/13 : PPTによる発表各自20分（質疑応答の時間を含む）z 1/10 : 最終講義、レポート提出各自が調査研究したことを報告書にまとめて提出してください。</p></body></slide><slide page="3"><body><p>基礎現代文化学情報技術演習 第10回データベースとSQLhttp://www.kyoto-su.ac.jp/~iyori/info/</p></body></slide><slide page="4"><body><p>データベースの基本構成：３層スキーマz スキーマ（Schema）：図式、概要、式形などの意味。ここではデータの形式に関する一般的な情報を示したもの。z インスタンス（Instance）：場合、事実、実例などの意味で、ここではデータに対して、スキーマに従って記述された個々の情報の値を指す。z ３層スキーマ：データベースのモデルとして、基本的な構造を３つの層に分けて記述したモデル。「外部スキーマ」「概念スキーマ」「内部スキーマ」の３層からなる。</p></body></slide><slide page="5"><body><p>３層スキーマz 外部スキーマ：データベース利用者に必要なデータの定義。アプリケーションやユーザ視点で必要な情報と形式を記述したもの。z 概念スキーマ：データベースで管理する対象の定義。 データベース全体を概念的に記述する。z 内部スキーマ：データの物理的な格納方法。インデックスやデータファイルの配置などを記述する。http://www.netlaputa.ne.jp/~hijk/study/db/schema.htmlhttp://mt-net.vis.ne.jp/ADFE_mail/0319.htm#answerhttp://kaiunix.cs.shinshu-u.ac.jp/Lesson/DataBaseIT/2004/c_01-09.htmlhttp://www2.kobe-u.ac.jp/~kiyomitu/is1/is1-6.ppt</p></body></slide><slide page="6"><body><p>スキーマとデータ独立性z ユーザが利用するアプリケーションは様々なものが考えられるが、アプリケーションが変わるごとにデータベースを作り直していたのでは膨大な手間がかかる。そこで、アプリケーションとデータを切り離して考え、運用することをデータの独立性を確保する、という。データ独立性には以下のようなものが考えられている。z 論理的データ独立性：外部スキーマに影響しない範囲で概念スキーマの変更が可能であるということ。つまりアプリケーションを変更することなく概念スキーマを変更できるということになる。z 物理的データ独立性：概念スキーマに影響しない範囲で内部スキーマの変更が可能であるということ。例えば異なる内部スキーマを持つデータベース間でのデータ移行などを可能とする。</p></body></slide><slide page="7"><body><p>基本的なSQL文z 表の定義等：CREATE文z 表へのデータの挿入：INSERT文z 表からのデータの選択：SELECT文z 表の値の変更：UPDATE文z 表から行の削除：DELETE文z 表の削除他：DROP文http://kaiunix.cs.shinshu-u.ac.jp/Lesson/DataBaseIT/2004/c_05-02.htmlhttp://kaiunix.cs.shinshu-u.ac.jp/Lesson/DataBaseIT/2004/c_05-03.html</p></body></slide><slide page="8"><body><p>AccessでのSQL文z Microsoft AccessでもSQL文が使用できる。と言うより、Accessのデータベースにおいて、「クエリ」の部分はSQLを用いて記述されている。前回各自が作成したデータベースファイルから「クエリ」を開き、「表示」→「SQLビュー」で確認できる。AccessでのSQLビュー</p></body></slide><slide page="9"><body><p>練習：AccessでSQL文を使用してみようz 下記サイトを参考に、簡単なクエリをSQL文を直接入力して作成してみましょう。http://www.geocities.jp/sundaysoftware/sql/http://www11.plala.or.jp/studyhall/access/index.html</p></body></slide><slide page="10"><body><p>今回の課題z 前回作成したAccessデータベースファイルで、直接SQL文を入力して以下の選択クエリを作成してください。１．テーブルの左端のフィールドを表示する２．特定の文字列を含むレコードを抽出する３．各自で自由に作成してくださいz 課題が終了したら、各自演習での研究テーマについての情報収集を開始してください。z 課題の提出はメールもしくはUSBメモリによるファイル受け渡しでおこないます。提出先メールアドレス：iyori@z05.mbox.media.kyoto-u.ac.jp</p></body></slide></presentation>
ページ: 1 -----
<slide page="1"><body><p>z 「情報技術演習」に参加される方は、前方（３列目まで）に着席してください。z 自習の方は申し訳ないですが後方をご利用ください。z http://www.kyoto-su.ac.jp/~iyori/info/</p></body></slide>
in Sheet Class, page: 1
title = ""
body = "<p>z 「情報技術演習」に参加される方は、前方（３列目まで）に着席してください。z 自習の方は申し訳ないですが後方をご利用ください。z http://www.kyoto-su.ac.jp/~iyori/info/</p>"
makeWordArrayJp
paragraph: z 「情報技術演習」に参加される方は、前方（３列目まで）に着席してください。z 自習の方は申し訳ないですが後方をご利用ください。z http://www.kyoto-su.ac.jp/~iyori/info/
情報 :	名詞,一般,*,*,*,*,情報,ジョウホウ,ジョーホー	true	1
技術 :	名詞,一般,*,*,*,*,技術,ギジュツ,ギジュツ	true	1
演習 :	名詞,サ変接続,*,*,*,*,演習,エンシュウ,エンシュー	true	1
参加 :	名詞,サ変接続,*,*,*,*,参加,サンカ,サンカ	true	1
前方 :	名詞,一般,*,*,*,*,前方,ゼンポウ,ゼンポー	true	1
着席 :	名詞,サ変接続,*,*,*,*,着席,チャクセキ,チャクセキ	true	1
自習 :	名詞,サ変接続,*,*,*,*,自習,ジシュウ,ジシュー	true	1
申し訳 :	名詞,ナイ形容詞語幹,*,*,*,*,申し訳,モウシワケ,モーシワケ	true	1
後方 :	名詞,一般,*,*,*,*,後方,コウホウ,コーホー	true	1
利用 :	名詞,サ変接続,*,*,*,*,利用,リヨウ,リヨー	true	1
http :	名詞,固有名詞,組織,*,*,*,*	false	1
:// :	名詞,サ変接続,*,*,*,*,*	false	1
www :	名詞,一般,*,*,*,*,*	false	1
kyoto :	名詞,一般,*,*,*,*,*	false	1
su :	名詞,一般,*,*,*,*,*	false	1
ac :	名詞,一般,*,*,*,*,*	false	1
jp :	名詞,一般,*,*,*,*,*	false	1
/~ :	名詞,サ変接続,*,*,*,*,*	false	1
iyori :	名詞,一般,*,*,*,*,*	false	1
info :	名詞,一般,*,*,*,*,*	false	1
ページ: 2 -----
<slide page="2"><body><p>今後の講義予定z 12/13 : PPTによる発表各自20分（質疑応答の時間を含む）z 1/10 : 最終講義、レポート提出各自が調査研究したことを報告書にまとめて提出してください。</p></body></slide>
in Sheet Class, page: 2
title = ""
body = "<p>今後の講義予定z 12/13 : PPTによる発表各自20分（質疑応答の時間を含む）z 1/10 : 最終講義、レポート提出各自が調査研究したことを報告書にまとめて提出してください。</p>"
makeWordArrayJp
paragraph: 今後の講義予定z 12/13 : PPTによる発表各自20分（質疑応答の時間を含む）z 1/10 : 最終講義、レポート提出各自が調査研究したことを報告書にまとめて提出してください。
今後 :	名詞,副詞可能,*,*,*,*,今後,コンゴ,コンゴ	true	1
講義 :	名詞,サ変接続,*,*,*,*,講義,コウギ,コーギ	true	1
予定 :	名詞,サ変接続,*,*,*,*,予定,ヨテイ,ヨテイ	true	1
PPT :	名詞,固有名詞,組織,*,*,*,*	false	1
発表 :	名詞,サ変接続,*,*,*,*,発表,ハッピョウ,ハッピョー	true	1
各自 :	名詞,副詞可能,*,*,*,*,各自,カクジ,カクジ	true	1
質疑 :	名詞,サ変接続,*,*,*,*,質疑,シツギ,シツギ	true	1
応答 :	名詞,サ変接続,*,*,*,*,応答,オウトウ,オートー	true	1
時間 :	名詞,副詞可能,*,*,*,*,時間,ジカン,ジカン	true	1
最終 :	名詞,一般,*,*,*,*,最終,サイシュウ,サイシュー	true	1
講義 :	名詞,サ変接続,*,*,*,*,講義,コウギ,コーギ	true	2
レポート :	名詞,サ変接続,*,*,*,*,レポート,レポート,レポート	true	1
提出 :	名詞,サ変接続,*,*,*,*,提出,テイシュツ,テイシュツ	true	1
各自 :	名詞,副詞可能,*,*,*,*,各自,カクジ,カクジ	true	2
調査 :	名詞,サ変接続,*,*,*,*,調査,チョウサ,チョーサ	true	1
研究 :	名詞,サ変接続,*,*,*,*,研究,ケンキュウ,ケンキュー	true	1
こと :	名詞,非自立,一般,*,*,*,こと,コト,コト	true	1
報告 :	名詞,サ変接続,*,*,*,*,報告,ホウコク,ホーコク	true	1
提出 :	名詞,サ変接続,*,*,*,*,提出,テイシュツ,テイシュツ	true	2
ページ: 3 -----
<slide page="3"><body><p>基礎現代文化学情報技術演習 第10回データベースとSQLhttp://www.kyoto-su.ac.jp/~iyori/info/</p></body></slide>
in Sheet Class, page: 3
title = ""
body = "<p>基礎現代文化学情報技術演習 第10回データベースとSQLhttp://www.kyoto-su.ac.jp/~iyori/info/</p>"
makeWordArrayJp
paragraph: 基礎現代文化学情報技術演習 第10回データベースとSQLhttp://www.kyoto-su.ac.jp/~iyori/info/
基礎 :	名詞,一般,*,*,*,*,基礎,キソ,キソ	true	1
現代 :	名詞,一般,*,*,*,*,現代,ゲンダイ,ゲンダイ	true	1
文化 :	名詞,一般,*,*,*,*,文化,ブンカ,ブンカ	true	1
情報 :	名詞,一般,*,*,*,*,情報,ジョウホウ,ジョーホー	true	1
技術 :	名詞,一般,*,*,*,*,技術,ギジュツ,ギジュツ	true	1
演習 :	名詞,サ変接続,*,*,*,*,演習,エンシュウ,エンシュー	true	1
データベース :	名詞,一般,*,*,*,*,データベース,データベース,データベース	true	1
SQLhttp :	名詞,固有名詞,組織,*,*,*,*	false	1
:// :	名詞,サ変接続,*,*,*,*,*	false	1
www :	名詞,一般,*,*,*,*,*	false	1
kyoto :	名詞,一般,*,*,*,*,*	false	1
su :	名詞,一般,*,*,*,*,*	false	1
ac :	名詞,一般,*,*,*,*,*	false	1
jp :	名詞,一般,*,*,*,*,*	false	1
/~ :	名詞,サ変接続,*,*,*,*,*	false	1
iyori :	名詞,一般,*,*,*,*,*	false	1
info :	名詞,一般,*,*,*,*,*	false	1
ページ: 4 -----
<slide page="4"><body><p>データベースの基本構成：３層スキーマz スキーマ（Schema）：図式、概要、式形などの意味。ここではデータの形式に関する一般的な情報を示したもの。z インスタンス（Instance）：場合、事実、実例などの意味で、ここではデータに対して、スキーマに従って記述された個々の情報の値を指す。z ３層スキーマ：データベースのモデルとして、基本的な構造を３つの層に分けて記述したモデル。「外部スキーマ」「概念スキーマ」「内部スキーマ」の３層からなる。</p></body></slide>
in Sheet Class, page: 4
title = ""
body = "<p>データベースの基本構成：３層スキーマz スキーマ（Schema）：図式、概要、式形などの意味。ここではデータの形式に関する一般的な情報を示したもの。z インスタンス（Instance）：場合、事実、実例などの意味で、ここではデータに対して、スキーマに従って記述された個々の情報の値を指す。z ３層スキーマ：データベースのモデルとして、基本的な構造を３つの層に分けて記述したモデル。「外部スキーマ」「概念スキーマ」「内部スキーマ」の３層からなる。</p>"
makeWordArrayJp
paragraph: データベースの基本構成：３層スキーマz スキーマ（Schema）：図式、概要、式形などの意味。ここではデータの形式に関する一般的な情報を示したもの。z インスタンス（Instance）：場合、事実、実例などの意味で、ここではデータに対して、スキーマに従って記述された個々の情報の値を指す。z ３層スキーマ：データベースのモデルとして、基本的な構造を３つの層に分けて記述したモデル。「外部スキーマ」「概念スキーマ」「内部スキーマ」の３層からなる。
データベース :	名詞,一般,*,*,*,*,データベース,データベース,データベース	true	1
基本 :	名詞,一般,*,*,*,*,基本,キホン,キホン	true	1
構成 :	名詞,サ変接続,*,*,*,*,構成,コウセイ,コーセイ	true	1
スキーマ :	名詞,一般,*,*,*,*,スキーマ,スキーマ,スキーマ	true	1
スキーマ :	名詞,一般,*,*,*,*,スキーマ,スキーマ,スキーマ	true	2
Schema :	名詞,固有名詞,組織,*,*,*,*	false	1
図式 :	名詞,一般,*,*,*,*,図式,ズシキ,ズシキ	true	1
概要 :	名詞,一般,*,*,*,*,概要,ガイヨウ,ガイヨー	true	1
意味 :	名詞,サ変接続,*,*,*,*,意味,イミ,イミ	true	1
ここ :	名詞,代名詞,一般,*,*,*,ここ,ココ,ココ	true	1
データ :	名詞,一般,*,*,*,*,データ,データ,データ	true	1
形式 :	名詞,一般,*,*,*,*,形式,ケイシキ,ケイシキ	true	1
一般 :	名詞,一般,*,*,*,*,一般,イッパン,イッパン	true	1
情報 :	名詞,一般,*,*,*,*,情報,ジョウホウ,ジョーホー	true	1
もの :	名詞,非自立,一般,*,*,*,もの,モノ,モノ	true	1
インスタンス :	名詞,一般,*,*,*,*,インスタンス,インスタンス,インスタンス	true	1
Instance :	名詞,固有名詞,組織,*,*,*,*	false	1
場合 :	名詞,副詞可能,*,*,*,*,場合,バアイ,バアイ	true	1
事実 :	名詞,副詞可能,*,*,*,*,事実,ジジツ,ジジツ	true	1
実例 :	名詞,一般,*,*,*,*,実例,ジツレイ,ジツレイ	true	1
意味 :	名詞,サ変接続,*,*,*,*,意味,イミ,イミ	true	2
ここ :	名詞,代名詞,一般,*,*,*,ここ,ココ,ココ	true	2
データ :	名詞,一般,*,*,*,*,データ,データ,データ	true	2
スキーマ :	名詞,一般,*,*,*,*,スキーマ,スキーマ,スキーマ	true	3
記述 :	名詞,サ変接続,*,*,*,*,記述,キジュツ,キジュツ	true	1
個々 :	名詞,一般,*,*,*,*,個々,ココ,ココ	true	1
情報 :	名詞,一般,*,*,*,*,情報,ジョウホウ,ジョーホー	true	2
スキーマ :	名詞,一般,*,*,*,*,スキーマ,スキーマ,スキーマ	true	4
データベース :	名詞,一般,*,*,*,*,データベース,データベース,データベース	true	2
モデル :	名詞,一般,*,*,*,*,モデル,モデル,モデル	true	1
基本 :	名詞,一般,*,*,*,*,基本,キホン,キホン	true	2
構造 :	名詞,一般,*,*,*,*,構造,コウゾウ,コーゾー	true	1
３つ :	名詞,一般,*,*,*,*,３つ,ミッツ,ミッツ	true	1
記述 :	名詞,サ変接続,*,*,*,*,記述,キジュツ,キジュツ	true	2
モデル :	名詞,一般,*,*,*,*,モデル,モデル,モデル	true	2
外部 :	名詞,一般,*,*,*,*,外部,ガイブ,ガイブ	true	1
スキーマ :	名詞,一般,*,*,*,*,スキーマ,スキーマ,スキーマ	true	5
概念 :	名詞,一般,*,*,*,*,概念,ガイネン,ガイネン	true	1
スキーマ :	名詞,一般,*,*,*,*,スキーマ,スキーマ,スキーマ	true	6
内部 :	名詞,一般,*,*,*,*,内部,ナイブ,ナイブ	true	1
スキーマ :	名詞,一般,*,*,*,*,スキーマ,スキーマ,スキーマ	true	7
ページ: 5 -----
<slide page="5"><body><p>３層スキーマz 外部スキーマ：データベース利用者に必要なデータの定義。アプリケーションやユーザ視点で必要な情報と形式を記述したもの。z 概念スキーマ：データベースで管理する対象の定義。 データベース全体を概念的に記述する。z 内部スキーマ：データの物理的な格納方法。インデックスやデータファイルの配置などを記述する。http://www.netlaputa.ne.jp/~hijk/study/db/schema.htmlhttp://mt-net.vis.ne.jp/ADFE_mail/0319.htm#answerhttp://kaiunix.cs.shinshu-u.ac.jp/Lesson/DataBaseIT/2004/c_01-09.htmlhttp://www2.kobe-u.ac.jp/~kiyomitu/is1/is1-6.ppt</p></body></slide>
in Sheet Class, page: 5
title = ""
body = "<p>３層スキーマz 外部スキーマ：データベース利用者に必要なデータの定義。アプリケーションやユーザ視点で必要な情報と形式を記述したもの。z 概念スキーマ：データベースで管理する対象の定義。 データベース全体を概念的に記述する。z 内部スキーマ：データの物理的な格納方法。インデックスやデータファイルの配置などを記述する。http://www.netlaputa.ne.jp/~hijk/study/db/schema.htmlhttp://mt-net.vis.ne.jp/ADFE_mail/0319.htm#answerhttp://kaiunix.cs.shinshu-u.ac.jp/Lesson/DataBaseIT/2004/c_01-09.htmlhttp://www2.kobe-u.ac.jp/~kiyomitu/is1/is1-6.ppt</p>"
makeWordArrayJp
paragraph: ３層スキーマz 外部スキーマ：データベース利用者に必要なデータの定義。アプリケーションやユーザ視点で必要な情報と形式を記述したもの。z 概念スキーマ：データベースで管理する対象の定義。 データベース全体を概念的に記述する。z 内部スキーマ：データの物理的な格納方法。インデックスやデータファイルの配置などを記述する。http://www.netlaputa.ne.jp/~hijk/study/db/schema.htmlhttp://mt-net.vis.ne.jp/ADFE_mail/0319.htm#answerhttp://kaiunix.cs.shinshu-u.ac.jp/Lesson/DataBaseIT/2004/c_01-09.htmlhttp://www2.kobe-u.ac.jp/~kiyomitu/is1/is1-6.ppt
スキーマ :	名詞,一般,*,*,*,*,スキーマ,スキーマ,スキーマ	true	1
外部 :	名詞,一般,*,*,*,*,外部,ガイブ,ガイブ	true	1
スキーマ :	名詞,一般,*,*,*,*,スキーマ,スキーマ,スキーマ	true	2
データベース :	名詞,一般,*,*,*,*,データベース,データベース,データベース	true	1
利用 :	名詞,サ変接続,*,*,*,*,利用,リヨウ,リヨー	true	1
必要 :	名詞,形容動詞語幹,*,*,*,*,必要,ヒツヨウ,ヒツヨー	true	1
データ :	名詞,一般,*,*,*,*,データ,データ,データ	true	1
定義 :	名詞,サ変接続,*,*,*,*,定義,テイギ,テイギ	true	1
アプリケーション :	名詞,一般,*,*,*,*,アプリケーション,アプリケーション,アプリケーション	true	1
ユーザ :	名詞,一般,*,*,*,*,ユーザ,ユーザ,ユーザ	true	1
視点 :	名詞,一般,*,*,*,*,視点,シテン,シテン	true	1
必要 :	名詞,形容動詞語幹,*,*,*,*,必要,ヒツヨウ,ヒツヨー	true	2
情報 :	名詞,一般,*,*,*,*,情報,ジョウホウ,ジョーホー	true	1
形式 :	名詞,一般,*,*,*,*,形式,ケイシキ,ケイシキ	true	1
記述 :	名詞,サ変接続,*,*,*,*,記述,キジュツ,キジュツ	true	1
もの :	名詞,非自立,一般,*,*,*,もの,モノ,モノ	true	1
概念 :	名詞,一般,*,*,*,*,概念,ガイネン,ガイネン	true	1
スキーマ :	名詞,一般,*,*,*,*,スキーマ,スキーマ,スキーマ	true	3
データベース :	名詞,一般,*,*,*,*,データベース,データベース,データベース	true	2
管理 :	名詞,サ変接続,*,*,*,*,管理,カンリ,カンリ	true	1
対象 :	名詞,一般,*,*,*,*,対象,タイショウ,タイショー	true	1
定義 :	名詞,サ変接続,*,*,*,*,定義,テイギ,テイギ	true	2
データベース :	名詞,一般,*,*,*,*,データベース,データベース,データベース	true	3
全体 :	名詞,副詞可能,*,*,*,*,全体,ゼンタイ,ゼンタイ	true	1
概念的 :	名詞,形容動詞語幹,*,*,*,*,概念的,ガイネンテキ,ガイネンテキ	true	1
記述 :	名詞,サ変接続,*,*,*,*,記述,キジュツ,キジュツ	true	2
内部 :	名詞,一般,*,*,*,*,内部,ナイブ,ナイブ	true	1
スキーマ :	名詞,一般,*,*,*,*,スキーマ,スキーマ,スキーマ	true	4
データ :	名詞,一般,*,*,*,*,データ,データ,データ	true	2
物理 :	名詞,一般,*,*,*,*,物理,ブツリ,ブツリ	true	1
格納 :	名詞,サ変接続,*,*,*,*,格納,カクノウ,カクノー	true	1
方法 :	名詞,一般,*,*,*,*,方法,ホウホウ,ホーホー	true	1
インデックス :	名詞,一般,*,*,*,*,インデックス,インデックス,インデックス	true	1
データファイル :	名詞,一般,*,*,*,*,データファイル,データファイル,データファイル	true	1
配置 :	名詞,サ変接続,*,*,*,*,配置,ハイチ,ハイチ	true	1
記述 :	名詞,サ変接続,*,*,*,*,記述,キジュツ,キジュツ	true	3
http :	名詞,固有名詞,組織,*,*,*,*	false	1
:// :	名詞,サ変接続,*,*,*,*,*	false	1
www :	名詞,一般,*,*,*,*,*	false	1
netlaputa :	名詞,一般,*,*,*,*,*	false	1
ne :	名詞,一般,*,*,*,*,*	false	1
jp :	名詞,一般,*,*,*,*,*	false	1
/~ :	名詞,サ変接続,*,*,*,*,*	false	1
hijk :	名詞,一般,*,*,*,*,*	false	1
study :	名詞,一般,*,*,*,*,*	false	1
db :	名詞,一般,*,*,*,*,*	false	1
schema :	名詞,一般,*,*,*,*,*	false	1
htmlhttp :	名詞,一般,*,*,*,*,*	false	1
:// :	名詞,サ変接続,*,*,*,*,*	false	2
mt :	名詞,一般,*,*,*,*,*	false	1
net :	名詞,一般,*,*,*,*,*	false	1
vis :	名詞,一般,*,*,*,*,*	false	1
ne :	名詞,一般,*,*,*,*,*	false	2
jp :	名詞,一般,*,*,*,*,*	false	2
ADFE :	名詞,一般,*,*,*,*,*	false	1
mail :	名詞,一般,*,*,*,*,*	false	1
htm :	名詞,一般,*,*,*,*,*	false	1
answerhttp :	名詞,一般,*,*,*,*,*	false	1
:// :	名詞,サ変接続,*,*,*,*,*	false	3
kaiunix :	名詞,一般,*,*,*,*,*	false	1
cs :	名詞,一般,*,*,*,*,*	false	1
shinshu :	名詞,一般,*,*,*,*,*	false	1
ac :	名詞,一般,*,*,*,*,*	false	1
jp :	名詞,一般,*,*,*,*,*	false	3
Lesson :	名詞,一般,*,*,*,*,*	false	1
DataBaseIT :	名詞,一般,*,*,*,*,*	false	1
htmlhttp :	名詞,一般,*,*,*,*,*	false	2
:// :	名詞,サ変接続,*,*,*,*,*	false	4
www :	名詞,一般,*,*,*,*,*	false	2
kobe :	名詞,一般,*,*,*,*,*	false	1
ac :	名詞,一般,*,*,*,*,*	false	2
jp :	名詞,一般,*,*,*,*,*	false	4
/~ :	名詞,サ変接続,*,*,*,*,*	false	2
kiyomitu :	名詞,一般,*,*,*,*,*	false	1
is :	名詞,一般,*,*,*,*,*	false	1
is :	名詞,一般,*,*,*,*,*	false	2
ppt :	名詞,固有名詞,組織,*,*,*,*	false	1
ページ: 6 -----
<slide page="6"><body><p>スキーマとデータ独立性z ユーザが利用するアプリケーションは様々なものが考えられるが、アプリケーションが変わるごとにデータベースを作り直していたのでは膨大な手間がかかる。そこで、アプリケーションとデータを切り離して考え、運用することをデータの独立性を確保する、という。データ独立性には以下のようなものが考えられている。z 論理的データ独立性：外部スキーマに影響しない範囲で概念スキーマの変更が可能であるということ。つまりアプリケーションを変更することなく概念スキーマを変更できるということになる。z 物理的データ独立性：概念スキーマに影響しない範囲で内部スキーマの変更が可能であるということ。例えば異なる内部スキーマを持つデータベース間でのデータ移行などを可能とする。</p></body></slide>
in Sheet Class, page: 6
title = ""
body = "<p>スキーマとデータ独立性z ユーザが利用するアプリケーションは様々なものが考えられるが、アプリケーションが変わるごとにデータベースを作り直していたのでは膨大な手間がかかる。そこで、アプリケーションとデータを切り離して考え、運用することをデータの独立性を確保する、という。データ独立性には以下のようなものが考えられている。z 論理的データ独立性：外部スキーマに影響しない範囲で概念スキーマの変更が可能であるということ。つまりアプリケーションを変更することなく概念スキーマを変更できるということになる。z 物理的データ独立性：概念スキーマに影響しない範囲で内部スキーマの変更が可能であるということ。例えば異なる内部スキーマを持つデータベース間でのデータ移行などを可能とする。</p>"
makeWordArrayJp
paragraph: スキーマとデータ独立性z ユーザが利用するアプリケーションは様々なものが考えられるが、アプリケーションが変わるごとにデータベースを作り直していたのでは膨大な手間がかかる。そこで、アプリケーションとデータを切り離して考え、運用することをデータの独立性を確保する、という。データ独立性には以下のようなものが考えられている。z 論理的データ独立性：外部スキーマに影響しない範囲で概念スキーマの変更が可能であるということ。つまりアプリケーションを変更することなく概念スキーマを変更できるということになる。z 物理的データ独立性：概念スキーマに影響しない範囲で内部スキーマの変更が可能であるということ。例えば異なる内部スキーマを持つデータベース間でのデータ移行などを可能とする。
スキーマ :	名詞,一般,*,*,*,*,スキーマ,スキーマ,スキーマ	true	1
データ :	名詞,一般,*,*,*,*,データ,データ,データ	true	1
独立 :	名詞,サ変接続,*,*,*,*,独立,ドクリツ,ドクリツ	true	1
ユーザ :	名詞,一般,*,*,*,*,ユーザ,ユーザ,ユーザ	true	1
利用 :	名詞,サ変接続,*,*,*,*,利用,リヨウ,リヨー	true	1
アプリケーション :	名詞,一般,*,*,*,*,アプリケーション,アプリケーション,アプリケーション	true	1
様々 :	名詞,形容動詞語幹,*,*,*,*,様々,サマザマ,サマザマ	true	1
もの :	名詞,非自立,一般,*,*,*,もの,モノ,モノ	true	1
アプリケーション :	名詞,一般,*,*,*,*,アプリケーション,アプリケーション,アプリケーション	true	2
ごと :	名詞,非自立,副詞可能,*,*,*,ごと,ゴト,ゴト	true	1
データベース :	名詞,一般,*,*,*,*,データベース,データベース,データベース	true	1
膨大 :	名詞,形容動詞語幹,*,*,*,*,膨大,ボウダイ,ボーダイ	true	1
手間 :	名詞,一般,*,*,*,*,手間,テマ,テマ	true	1
アプリケーション :	名詞,一般,*,*,*,*,アプリケーション,アプリケーション,アプリケーション	true	3
データ :	名詞,一般,*,*,*,*,データ,データ,データ	true	2
運用 :	名詞,サ変接続,*,*,*,*,運用,ウンヨウ,ウンヨー	true	1
こと :	名詞,非自立,一般,*,*,*,こと,コト,コト	true	1
データ :	名詞,一般,*,*,*,*,データ,データ,データ	true	3
独立 :	名詞,サ変接続,*,*,*,*,独立,ドクリツ,ドクリツ	true	2
確保 :	名詞,サ変接続,*,*,*,*,確保,カクホ,カクホ	true	1
データ :	名詞,一般,*,*,*,*,データ,データ,データ	true	4
独立 :	名詞,サ変接続,*,*,*,*,独立,ドクリツ,ドクリツ	true	3
以下 :	名詞,非自立,副詞可能,*,*,*,以下,イカ,イカ	true	1
よう :	名詞,非自立,助動詞語幹,*,*,*,よう,ヨウ,ヨー	true	1
もの :	名詞,非自立,一般,*,*,*,もの,モノ,モノ	true	2
論理 :	名詞,一般,*,*,*,*,論理,ロンリ,ロンリ	true	1
データ :	名詞,一般,*,*,*,*,データ,データ,データ	true	5
独立 :	名詞,サ変接続,*,*,*,*,独立,ドクリツ,ドクリツ	true	4
外部 :	名詞,一般,*,*,*,*,外部,ガイブ,ガイブ	true	1
スキーマ :	名詞,一般,*,*,*,*,スキーマ,スキーマ,スキーマ	true	2
影響 :	名詞,サ変接続,*,*,*,*,影響,エイキョウ,エイキョー	true	1
範囲 :	名詞,一般,*,*,*,*,範囲,ハンイ,ハンイ	true	1
概念 :	名詞,一般,*,*,*,*,概念,ガイネン,ガイネン	true	1
スキーマ :	名詞,一般,*,*,*,*,スキーマ,スキーマ,スキーマ	true	3
変更 :	名詞,サ変接続,*,*,*,*,変更,ヘンコウ,ヘンコー	true	1
可能 :	名詞,形容動詞語幹,*,*,*,*,可能,カノウ,カノー	true	1
こと :	名詞,非自立,一般,*,*,*,こと,コト,コト	true	2
アプリケーション :	名詞,一般,*,*,*,*,アプリケーション,アプリケーション,アプリケーション	true	4
変更 :	名詞,サ変接続,*,*,*,*,変更,ヘンコウ,ヘンコー	true	2
こと :	名詞,非自立,一般,*,*,*,こと,コト,コト	true	3
概念 :	名詞,一般,*,*,*,*,概念,ガイネン,ガイネン	true	2
スキーマ :	名詞,一般,*,*,*,*,スキーマ,スキーマ,スキーマ	true	4
変更 :	名詞,サ変接続,*,*,*,*,変更,ヘンコウ,ヘンコー	true	3
こと :	名詞,非自立,一般,*,*,*,こと,コト,コト	true	4
物理 :	名詞,一般,*,*,*,*,物理,ブツリ,ブツリ	true	1
データ :	名詞,一般,*,*,*,*,データ,データ,データ	true	6
独立 :	名詞,サ変接続,*,*,*,*,独立,ドクリツ,ドクリツ	true	5
概念 :	名詞,一般,*,*,*,*,概念,ガイネン,ガイネン	true	3
スキーマ :	名詞,一般,*,*,*,*,スキーマ,スキーマ,スキーマ	true	5
影響 :	名詞,サ変接続,*,*,*,*,影響,エイキョウ,エイキョー	true	2
範囲 :	名詞,一般,*,*,*,*,範囲,ハンイ,ハンイ	true	2
内部 :	名詞,一般,*,*,*,*,内部,ナイブ,ナイブ	true	1
スキーマ :	名詞,一般,*,*,*,*,スキーマ,スキーマ,スキーマ	true	6
変更 :	名詞,サ変接続,*,*,*,*,変更,ヘンコウ,ヘンコー	true	4
可能 :	名詞,形容動詞語幹,*,*,*,*,可能,カノウ,カノー	true	2
こと :	名詞,非自立,一般,*,*,*,こと,コト,コト	true	5
内部 :	名詞,一般,*,*,*,*,内部,ナイブ,ナイブ	true	2
スキーマ :	名詞,一般,*,*,*,*,スキーマ,スキーマ,スキーマ	true	7
データベース :	名詞,一般,*,*,*,*,データベース,データベース,データベース	true	2
データ :	名詞,一般,*,*,*,*,データ,データ,データ	true	7
移行 :	名詞,サ変接続,*,*,*,*,移行,イコウ,イコー	true	1
可能 :	名詞,形容動詞語幹,*,*,*,*,可能,カノウ,カノー	true	3
ページ: 7 -----
<slide page="7"><body><p>基本的なSQL文z 表の定義等：CREATE文z 表へのデータの挿入：INSERT文z 表からのデータの選択：SELECT文z 表の値の変更：UPDATE文z 表から行の削除：DELETE文z 表の削除他：DROP文http://kaiunix.cs.shinshu-u.ac.jp/Lesson/DataBaseIT/2004/c_05-02.htmlhttp://kaiunix.cs.shinshu-u.ac.jp/Lesson/DataBaseIT/2004/c_05-03.html</p></body></slide>
in Sheet Class, page: 7
title = ""
body = "<p>基本的なSQL文z 表の定義等：CREATE文z 表へのデータの挿入：INSERT文z 表からのデータの選択：SELECT文z 表の値の変更：UPDATE文z 表から行の削除：DELETE文z 表の削除他：DROP文http://kaiunix.cs.shinshu-u.ac.jp/Lesson/DataBaseIT/2004/c_05-02.htmlhttp://kaiunix.cs.shinshu-u.ac.jp/Lesson/DataBaseIT/2004/c_05-03.html</p>"
makeWordArrayJp
paragraph: 基本的なSQL文z 表の定義等：CREATE文z 表へのデータの挿入：INSERT文z 表からのデータの選択：SELECT文z 表の値の変更：UPDATE文z 表から行の削除：DELETE文z 表の削除他：DROP文http://kaiunix.cs.shinshu-u.ac.jp/Lesson/DataBaseIT/2004/c_05-02.htmlhttp://kaiunix.cs.shinshu-u.ac.jp/Lesson/DataBaseIT/2004/c_05-03.html
基本 :	名詞,一般,*,*,*,*,基本,キホン,キホン	true	1
SQL :	名詞,一般,*,*,*,*,*	false	1
定義 :	名詞,サ変接続,*,*,*,*,定義,テイギ,テイギ	true	1
CREATE :	名詞,固有名詞,組織,*,*,*,*	false	1
データ :	名詞,一般,*,*,*,*,データ,データ,データ	true	1
挿入 :	名詞,サ変接続,*,*,*,*,挿入,ソウニュウ,ソーニュー	true	1
INSERT :	名詞,固有名詞,組織,*,*,*,*	false	1
データ :	名詞,一般,*,*,*,*,データ,データ,データ	true	2
選択 :	名詞,サ変接続,*,*,*,*,選択,センタク,センタク	true	1
SELECT :	名詞,固有名詞,組織,*,*,*,*	false	1
変更 :	名詞,サ変接続,*,*,*,*,変更,ヘンコウ,ヘンコー	true	1
UPDATE :	名詞,固有名詞,組織,*,*,*,*	false	1
削除 :	名詞,サ変接続,*,*,*,*,削除,サクジョ,サクジョ	true	1
DELETE :	名詞,固有名詞,組織,*,*,*,*	false	1
削除 :	名詞,サ変接続,*,*,*,*,削除,サクジョ,サクジョ	true	2
DROP :	名詞,固有名詞,組織,*,*,*,*	false	1
http :	名詞,一般,*,*,*,*,*	false	1
:// :	名詞,サ変接続,*,*,*,*,*	false	1
kaiunix :	名詞,一般,*,*,*,*,*	false	1
cs :	名詞,一般,*,*,*,*,*	false	1
shinshu :	名詞,一般,*,*,*,*,*	false	1
ac :	名詞,一般,*,*,*,*,*	false	1
jp :	名詞,一般,*,*,*,*,*	false	1
Lesson :	名詞,一般,*,*,*,*,*	false	1
DataBaseIT :	名詞,一般,*,*,*,*,*	false	1
htmlhttp :	名詞,一般,*,*,*,*,*	false	1
:// :	名詞,サ変接続,*,*,*,*,*	false	2
kaiunix :	名詞,一般,*,*,*,*,*	false	2
cs :	名詞,一般,*,*,*,*,*	false	2
shinshu :	名詞,一般,*,*,*,*,*	false	2
ac :	名詞,一般,*,*,*,*,*	false	2
jp :	名詞,一般,*,*,*,*,*	false	2
Lesson :	名詞,一般,*,*,*,*,*	false	2
DataBaseIT :	名詞,一般,*,*,*,*,*	false	2
html :	名詞,固有名詞,組織,*,*,*,*	false	1
ページ: 8 -----
<slide page="8"><body><p>AccessでのSQL文z Microsoft AccessでもSQL文が使用できる。と言うより、Accessのデータベースにおいて、「クエリ」の部分はSQLを用いて記述されている。前回各自が作成したデータベースファイルから「クエリ」を開き、「表示」→「SQLビュー」で確認できる。AccessでのSQLビュー</p></body></slide>
in Sheet Class, page: 8
title = ""
body = "<p>AccessでのSQL文z Microsoft AccessでもSQL文が使用できる。と言うより、Accessのデータベースにおいて、「クエリ」の部分はSQLを用いて記述されている。前回各自が作成したデータベースファイルから「クエリ」を開き、「表示」→「SQLビュー」で確認できる。AccessでのSQLビュー</p>"
makeWordArrayJp
paragraph: AccessでのSQL文z Microsoft AccessでもSQL文が使用できる。と言うより、Accessのデータベースにおいて、「クエリ」の部分はSQLを用いて記述されている。前回各自が作成したデータベースファイルから「クエリ」を開き、「表示」→「SQLビュー」で確認できる。AccessでのSQLビュー
Access :	名詞,一般,*,*,*,*,*	false	1
SQL :	名詞,一般,*,*,*,*,*	false	1
Microsoft :	名詞,固有名詞,組織,*,*,*,*	false	1
Access :	名詞,一般,*,*,*,*,*	false	2
SQL :	名詞,一般,*,*,*,*,*	false	2
使用 :	名詞,サ変接続,*,*,*,*,使用,シヨウ,シヨー	true	1
Access :	名詞,固有名詞,組織,*,*,*,*	false	3
データベース :	名詞,一般,*,*,*,*,データベース,データベース,データベース	true	1
クエリ :	名詞,固有名詞,一般,*,*,*,*	false	1
部分 :	名詞,一般,*,*,*,*,部分,ブブン,ブブン	true	1
SQL :	名詞,一般,*,*,*,*,*	false	3
記述 :	名詞,サ変接続,*,*,*,*,記述,キジュツ,キジュツ	true	1
前回 :	名詞,一般,*,*,*,*,前回,ゼンカイ,ゼンカイ	true	1
各自 :	名詞,副詞可能,*,*,*,*,各自,カクジ,カクジ	true	1
作成 :	名詞,サ変接続,*,*,*,*,作成,サクセイ,サクセイ	true	1
データベース :	名詞,一般,*,*,*,*,データベース,データベース,データベース	true	2
ファイル :	名詞,一般,*,*,*,*,ファイル,ファイル,ファイル	true	1
クエリ :	名詞,固有名詞,一般,*,*,*,*	false	2
表示 :	名詞,サ変接続,*,*,*,*,表示,ヒョウジ,ヒョージ	true	1
SQL :	名詞,固有名詞,組織,*,*,*,*	false	4
ビュー :	名詞,一般,*,*,*,*,*	false	1
確認 :	名詞,サ変接続,*,*,*,*,確認,カクニン,カクニン	true	1
Access :	名詞,一般,*,*,*,*,*	false	4
SQL :	名詞,一般,*,*,*,*,*	false	5
ビュー :	名詞,一般,*,*,*,*,*	false	2
ページ: 9 -----
<slide page="9"><body><p>練習：AccessでSQL文を使用してみようz 下記サイトを参考に、簡単なクエリをSQL文を直接入力して作成してみましょう。http://www.geocities.jp/sundaysoftware/sql/http://www11.plala.or.jp/studyhall/access/index.html</p></body></slide>
in Sheet Class, page: 9
title = ""
body = "<p>練習：AccessでSQL文を使用してみようz 下記サイトを参考に、簡単なクエリをSQL文を直接入力して作成してみましょう。http://www.geocities.jp/sundaysoftware/sql/http://www11.plala.or.jp/studyhall/access/index.html</p>"
makeWordArrayJp
paragraph: 練習：AccessでSQL文を使用してみようz 下記サイトを参考に、簡単なクエリをSQL文を直接入力して作成してみましょう。http://www.geocities.jp/sundaysoftware/sql/http://www11.plala.or.jp/studyhall/access/index.html
練習 :	名詞,サ変接続,*,*,*,*,練習,レンシュウ,レンシュー	true	1
Access :	名詞,一般,*,*,*,*,*	false	1
SQL :	名詞,一般,*,*,*,*,*	false	1
使用 :	名詞,サ変接続,*,*,*,*,使用,シヨウ,シヨー	true	1
下記 :	名詞,一般,*,*,*,*,下記,カキ,カキ	true	1
サイト :	名詞,一般,*,*,*,*,サイト,サイト,サイト	true	1
参考 :	名詞,サ変接続,*,*,*,*,参考,サンコウ,サンコー	true	1
簡単 :	名詞,形容動詞語幹,*,*,*,*,簡単,カンタン,カンタン	true	1
クエリ :	名詞,一般,*,*,*,*,*	false	1
SQL :	名詞,固有名詞,組織,*,*,*,*	false	2
直接 :	名詞,副詞可能,*,*,*,*,直接,チョクセツ,チョクセツ	true	1
入力 :	名詞,サ変接続,*,*,*,*,入力,ニュウリョク,ニューリョク	true	1
作成 :	名詞,サ変接続,*,*,*,*,作成,サクセイ,サクセイ	true	1
http :	名詞,固有名詞,組織,*,*,*,*	false	1
:// :	名詞,サ変接続,*,*,*,*,*	false	1
www :	名詞,一般,*,*,*,*,*	false	1
geocities :	名詞,一般,*,*,*,*,*	false	1
jp :	名詞,一般,*,*,*,*,*	false	1
sundaysoftware :	名詞,一般,*,*,*,*,*	false	1
sql :	名詞,一般,*,*,*,*,*	false	1
http :	名詞,一般,*,*,*,*,*	false	2
:// :	名詞,サ変接続,*,*,*,*,*	false	2
www :	名詞,一般,*,*,*,*,*	false	2
plala :	名詞,一般,*,*,*,*,*	false	1
or :	名詞,一般,*,*,*,*,*	false	1
jp :	名詞,一般,*,*,*,*,*	false	2
studyhall :	名詞,一般,*,*,*,*,*	false	1
access :	名詞,一般,*,*,*,*,*	false	1
index :	名詞,一般,*,*,*,*,*	false	1
html :	名詞,固有名詞,組織,*,*,*,*	false	1
ページ: 10 -----
<slide page="10"><body><p>今回の課題z 前回作成したAccessデータベースファイルで、直接SQL文を入力して以下の選択クエリを作成してください。１．テーブルの左端のフィールドを表示する２．特定の文字列を含むレコードを抽出する３．各自で自由に作成してくださいz 課題が終了したら、各自演習での研究テーマについての情報収集を開始してください。z 課題の提出はメールもしくはUSBメモリによるファイル受け渡しでおこないます。提出先メールアドレス：iyori@z05.mbox.media.kyoto-u.ac.jp</p></body></slide>
in Sheet Class, page: 10
title = ""
body = "<p>今回の課題z 前回作成したAccessデータベースファイルで、直接SQL文を入力して以下の選択クエリを作成してください。１．テーブルの左端のフィールドを表示する２．特定の文字列を含むレコードを抽出する３．各自で自由に作成してくださいz 課題が終了したら、各自演習での研究テーマについての情報収集を開始してください。z 課題の提出はメールもしくはUSBメモリによるファイル受け渡しでおこないます。提出先メールアドレス：iyori@z05.mbox.media.kyoto-u.ac.jp</p>"
makeWordArrayJp
paragraph: 今回の課題z 前回作成したAccessデータベースファイルで、直接SQL文を入力して以下の選択クエリを作成してください。１．テーブルの左端のフィールドを表示する２．特定の文字列を含むレコードを抽出する３．各自で自由に作成してくださいz 課題が終了したら、各自演習での研究テーマについての情報収集を開始してください。z 課題の提出はメールもしくはUSBメモリによるファイル受け渡しでおこないます。提出先メールアドレス：iyori@z05.mbox.media.kyoto-u.ac.jp
今回 :	名詞,副詞可能,*,*,*,*,今回,コンカイ,コンカイ	true	1
課題 :	名詞,一般,*,*,*,*,課題,カダイ,カダイ	true	1
前回 :	名詞,一般,*,*,*,*,前回,ゼンカイ,ゼンカイ	true	1
作成 :	名詞,サ変接続,*,*,*,*,作成,サクセイ,サクセイ	true	1
Access :	名詞,一般,*,*,*,*,*	false	1
データベース :	名詞,一般,*,*,*,*,データベース,データベース,データベース	true	1
ファイル :	名詞,一般,*,*,*,*,ファイル,ファイル,ファイル	true	1
直接 :	名詞,副詞可能,*,*,*,*,直接,チョクセツ,チョクセツ	true	1
SQL :	名詞,一般,*,*,*,*,*	false	1
入力 :	名詞,サ変接続,*,*,*,*,入力,ニュウリョク,ニューリョク	true	1
以下 :	名詞,非自立,副詞可能,*,*,*,以下,イカ,イカ	true	1
選択 :	名詞,サ変接続,*,*,*,*,選択,センタク,センタク	true	1
クエリ :	名詞,一般,*,*,*,*,*	false	1
作成 :	名詞,サ変接続,*,*,*,*,作成,サクセイ,サクセイ	true	2
テーブル :	名詞,一般,*,*,*,*,テーブル,テーブル,テーブル	true	1
左端 :	名詞,一般,*,*,*,*,左端,ヒダリハシ,ヒダリハシ	true	1
フィールド :	名詞,一般,*,*,*,*,フィールド,フィールド,フィールド	true	1
表示 :	名詞,サ変接続,*,*,*,*,表示,ヒョウジ,ヒョージ	true	1
特定 :	名詞,サ変接続,*,*,*,*,特定,トクテイ,トクテイ	true	1
文字 :	名詞,一般,*,*,*,*,文字,モジ,モジ	true	1
レコード :	名詞,一般,*,*,*,*,レコード,レコード,レコード	true	1
抽出 :	名詞,サ変接続,*,*,*,*,抽出,チュウシュツ,チューシュツ	true	1
各自 :	名詞,副詞可能,*,*,*,*,各自,カクジ,カクジ	true	1
自由 :	名詞,形容動詞語幹,*,*,*,*,自由,ジユウ,ジユー	true	1
作成 :	名詞,サ変接続,*,*,*,*,作成,サクセイ,サクセイ	true	3
課題 :	名詞,一般,*,*,*,*,課題,カダイ,カダイ	true	2
終了 :	名詞,サ変接続,*,*,*,*,終了,シュウリョウ,シューリョー	true	1
各自 :	名詞,副詞可能,*,*,*,*,各自,カクジ,カクジ	true	2
演習 :	名詞,サ変接続,*,*,*,*,演習,エンシュウ,エンシュー	true	1
研究 :	名詞,サ変接続,*,*,*,*,研究,ケンキュウ,ケンキュー	true	1
テーマ :	名詞,一般,*,*,*,*,テーマ,テーマ,テーマ	true	1
情報 :	名詞,一般,*,*,*,*,情報,ジョウホウ,ジョーホー	true	1
収集 :	名詞,サ変接続,*,*,*,*,収集,シュウシュウ,シューシュー	true	1
開始 :	名詞,サ変接続,*,*,*,*,開始,カイシ,カイシ	true	1
課題 :	名詞,一般,*,*,*,*,課題,カダイ,カダイ	true	3
提出 :	名詞,サ変接続,*,*,*,*,提出,テイシュツ,テイシュツ	true	1
メール :	名詞,一般,*,*,*,*,メール,メール,メール	true	1
USB :	名詞,一般,*,*,*,*,*	false	1
メモリ :	名詞,一般,*,*,*,*,メモリ,メモリ,メモリ	true	1
ファイル :	名詞,一般,*,*,*,*,ファイル,ファイル,ファイル	true	2
受け渡し :	名詞,サ変接続,*,*,*,*,受け渡し,ウケワタシ,ウケワタシ	true	1
提出 :	名詞,サ変接続,*,*,*,*,提出,テイシュツ,テイシュツ	true	2
メールアドレス :	名詞,一般,*,*,*,*,メールアドレス,メールアドレス,メールアドレス	true	1
iyori :	名詞,固有名詞,組織,*,*,*,*	false	1
mbox :	名詞,一般,*,*,*,*,*	false	1
media :	名詞,一般,*,*,*,*,*	false	1
kyoto :	名詞,一般,*,*,*,*,*	false	1
ac :	名詞,一般,*,*,*,*,*	false	1
jp :	名詞,固有名詞,組織,*,*,*,*	false	1
