User(3)
自体(1)
欠点(1)
mycom(1)
CUIz(2)
ソフトウエア(1)
dos(1)
:」(1)
info(1)
今回(1)
終了(1)
Notepad(1)
変更(1)
処理(3)
複雑(2)
URLhttp(1)
参考(2)
ykr(1)
課題(1)
開始(1)
マウス(2)
それぞれ(1)
構造(1)
今日(1)
練習(1)
デスク(2)
確認(1)
ppt(1)
メモリ(1)
homepage(1)
MS(5)
新規(1)
エクスプローラ(1)
参照(1)
基本(2)
http(1)
クリック(2)
削除(1)
演習(2)
bat(4)
反面(1)
/~(1)
消費(1)
明確(1)
これ(1)
表記(1)
ファイル(6)
メールアドレス(1)
プロンプト(1)
指示(1)
)：(1)
インターフェース(1)
ユーザー(1)
名前(2)
コマンドプロンプト(3)
現代(1)
使用(2)
普段(1)
文字(2)
トップ(2)
直感(1)
md(1)
未定(1)
以下(1)
研究(1)
一切(1)
２つ(1)
SiliconValley(1)
これら(1)
nifty(1)
ポインティングデバイス(1)
ms(1)
仕掛け(1)
フォルダ(4)
もの(2)
システム(1)
OS(1)
mkdir(1)
ダブル(2)
CUI(5)
管理(1)
msdos(1)
Character(2)
人間(1)
画面(1)
UNIX(1)
GUI(4)
Windows(2)
文化(1)
格納(1)
pcdos(1)
:）(1)
実行(1)
USB(1)
不便(1)
ドライブ(1)
移動(2)
GUIz(1)
各自(1)
ディレクトリ(5)
pcweb(1)
自分(1)
多く(1)
com(1)
jp(3)
PaloAlto(1)
iyori(2)
拡張(1)
mbox(1)
起動(2)
特別(1)
メール(1)
区切り(1)
su(1)
chdir(1)
比較(1)
受け渡し(1)
操作(6)
こと(4)
–.(1)
kyoto(2)
アクセサリ(1)
基礎(1)
収集(1)
簡単(1)
コンピュータ(1)
技術(1)
Interface(3)
co(1)
ディスプレイ(1)
提出(1)
DOS(5)
キーボード(1)
メモ(1)
作成(6)
ため(1)
media(1)
cd(1)
Graphical(2)
マーク(1)
注意(1)
記述(1)
要素(1)
位置(1)
自動(4)
ensyu(1)
www(2)
:][(1)
サンプル(2)
いくつ(1)
面倒(1)
知識(1)
保存(1)
場合(1)
コマンド(6)
://(2)
geocities(1)
dir(2)
アイコ(2)
テーマ(1)
htmlhttp(1)
TA(1)
情報(2)
プログラム(2)
利点(1)
masawat(1)
利用(1)
相談(1)
ウインドウ(1)
リソース(2)
表示(3)
ツリー(1)
種類(1)
--(1)
表現(1)
教員(1)
よう(2)
ac(2)
階層(3)
dosmap(1)
入力(3)
html(1)
special(1)
最初(1)
sen(1)
ディスク(1)
{ 1 } { 2 } { 3 } { 4 } { 5 } { 6 } { 7 } { 8 } { 9 } { 10 } { 11 } { 12 } 
Segment{ 2 }, Segment{ 3 }
コサイン類似度: 0.11110935394903261
Segment{ 3 }, Segment{ 4 }
コサイン類似度: 0.09281911494627439
Segment{ 4 }, Segment{ 5 }
コサイン類似度: 0.0
Segment{ 5 }, Segment{ 6 }
コサイン類似度: 0.03152342847392952
Segment{ 6 }, Segment{ 7 }
コサイン類似度: 0.02064538260241448
Segment{ 7 }, Segment{ 8 }
コサイン類似度: 0.02877744748052632
Segment{ 8 }, Segment{ 9 }
コサイン類似度: 0.02053135228795516
Segment{ 9 }, Segment{ 10 }
コサイン類似度: 0.1501144996688923
Segment{ 10 }, Segment{ 11 }
コサイン類似度: 0.11715026337387584
Segment{ 11 }, Segment{ 12 }
コサイン類似度: 0.027029460752406687
User(3)
自体(1)
欠点(1)
mycom(1)
CUIz(2)
ソフトウエア(1)
dos(1)
:」(1)
info(1)
今回(1)
終了(1)
Notepad(1)
変更(1)
処理(3)
複雑(2)
URLhttp(1)
参考(2)
ykr(1)
課題(1)
開始(1)
マウス(2)
それぞれ(1)
構造(1)
今日(1)
練習(1)
デスク(2)
確認(1)
ppt(1)
メモリ(1)
homepage(1)
MS(5)
新規(1)
エクスプローラ(1)
参照(1)
基本(2)
http(1)
クリック(2)
削除(1)
演習(2)
bat(3)
反面(1)
/~(1)
消費(1)
明確(1)
これ(1)
表記(1)
ファイル(5)
メールアドレス(1)
プロンプト(1)
指示(1)
)：(1)
インターフェース(1)
ユーザー(1)
名前(2)
コマンドプロンプト(3)
現代(1)
使用(2)
普段(1)
文字(2)
トップ(2)
直感(1)
md(1)
未定(1)
以下(1)
研究(1)
一切(1)
２つ(1)
SiliconValley(1)
これら(1)
nifty(1)
ポインティングデバイス(1)
ms(1)
仕掛け(1)
フォルダ(4)
もの(2)
システム(1)
OS(1)
mkdir(1)
ダブル(2)
CUI(5)
管理(1)
msdos(1)
Character(2)
人間(1)
画面(1)
UNIX(1)
GUI(4)
Windows(2)
文化(1)
格納(1)
pcdos(1)
:）(1)
実行(1)
USB(1)
不便(1)
ドライブ(1)
移動(2)
GUIz(1)
各自(1)
ディレクトリ(5)
pcweb(1)
自分(1)
多く(1)
com(1)
jp(3)
PaloAlto(1)
iyori(2)
拡張(1)
mbox(1)
起動(2)
特別(1)
メール(1)
区切り(1)
su(1)
chdir(1)
比較(1)
受け渡し(1)
操作(6)
こと(4)
–.(1)
kyoto(2)
アクセサリ(1)
基礎(1)
収集(1)
簡単(1)
コンピュータ(1)
技術(1)
Interface(3)
co(1)
ディスプレイ(1)
提出(1)
DOS(5)
キーボード(1)
メモ(1)
作成(5)
ため(1)
media(1)
cd(1)
Graphical(2)
マーク(1)
注意(1)
記述(1)
要素(1)
位置(1)
自動(4)
ensyu(1)
www(2)
:][(1)
サンプル(2)
いくつ(1)
面倒(1)
知識(1)
保存(1)
場合(1)
コマンド(6)
://(2)
geocities(1)
dir(2)
アイコ(2)
テーマ(1)
htmlhttp(1)
TA(1)
情報(2)
プログラム(2)
利点(1)
masawat(1)
利用(1)
相談(1)
ウインドウ(1)
リソース(2)
表示(3)
ツリー(1)
種類(1)
--(1)
表現(1)
教員(1)
よう(2)
ac(2)
階層(3)
dosmap(1)
入力(3)
html(1)
special(1)
最初(1)
sen(1)
ディスク(1)
{ 1 } { 2 } { 3 } { 4 } { 5 } { 6 } { 7 } { 8 } { 9 10 } { 11 } { 12 } 
Segment{ 2 }, Segment{ 3 }
コサイン類似度: 0.11110935394903261
Segment{ 3 }, Segment{ 4 }
コサイン類似度: 0.09281911494627439
Segment{ 4 }, Segment{ 5 }
コサイン類似度: 0.0
Segment{ 5 }, Segment{ 6 }
コサイン類似度: 0.031372339033254926
Segment{ 6 }, Segment{ 7 }
コサイン類似度: 0.020641098742190833
Segment{ 7 }, Segment{ 8 }
コサイン類似度: 0.030091736304453463
Segment{ 8 }, Segment{ 9 10 }
コサイン類似度: 0.12223406514320788
Segment{ 9 10 }, Segment{ 11 }
コサイン類似度: 0.19960841455086326
Segment{ 11 }, Segment{ 12 }
コサイン類似度: 0.04383327344738097
User(3)
自体(1)
欠点(1)
mycom(1)
CUIz(2)
ソフトウエア(1)
dos(1)
:」(1)
info(1)
今回(1)
終了(1)
Notepad(1)
変更(1)
処理(3)
複雑(2)
URLhttp(1)
参考(2)
ykr(1)
課題(1)
開始(1)
マウス(2)
それぞれ(1)
構造(1)
今日(1)
練習(1)
デスク(2)
確認(1)
ppt(1)
メモリ(1)
homepage(1)
MS(5)
新規(1)
エクスプローラ(1)
参照(1)
基本(2)
http(1)
クリック(1)
削除(1)
演習(2)
bat(2)
反面(1)
/~(1)
消費(1)
明確(1)
これ(1)
表記(1)
ファイル(4)
メールアドレス(1)
プロンプト(1)
指示(1)
)：(1)
インターフェース(1)
ユーザー(1)
名前(2)
コマンドプロンプト(3)
現代(1)
使用(2)
普段(1)
文字(2)
トップ(2)
直感(1)
md(1)
未定(1)
以下(1)
研究(1)
一切(1)
２つ(1)
SiliconValley(1)
これら(1)
nifty(1)
ポインティングデバイス(1)
ms(1)
仕掛け(1)
フォルダ(4)
もの(2)
システム(1)
OS(1)
mkdir(1)
ダブル(1)
CUI(5)
管理(1)
msdos(1)
Character(2)
人間(1)
画面(1)
UNIX(1)
GUI(4)
Windows(2)
文化(1)
格納(1)
pcdos(1)
:）(1)
実行(1)
USB(1)
不便(1)
ドライブ(1)
移動(2)
GUIz(1)
各自(1)
ディレクトリ(4)
pcweb(1)
自分(1)
多く(1)
com(1)
jp(3)
PaloAlto(1)
iyori(2)
拡張(1)
mbox(1)
起動(2)
特別(1)
メール(1)
区切り(1)
su(1)
chdir(1)
比較(1)
受け渡し(1)
操作(6)
こと(4)
–.(1)
kyoto(2)
アクセサリ(1)
基礎(1)
収集(1)
簡単(1)
コンピュータ(1)
技術(1)
Interface(3)
co(1)
ディスプレイ(1)
提出(1)
DOS(5)
キーボード(1)
メモ(1)
作成(4)
ため(1)
media(1)
cd(1)
Graphical(2)
マーク(1)
注意(1)
記述(1)
要素(1)
位置(1)
自動(4)
ensyu(1)
www(2)
:][(1)
サンプル(1)
いくつ(1)
面倒(1)
知識(1)
保存(1)
場合(1)
コマンド(6)
://(2)
geocities(1)
dir(2)
アイコ(2)
テーマ(1)
htmlhttp(1)
TA(1)
情報(2)
プログラム(2)
利点(1)
masawat(1)
利用(1)
相談(1)
ウインドウ(1)
リソース(2)
表示(3)
ツリー(1)
種類(1)
--(1)
表現(1)
教員(1)
よう(2)
ac(2)
階層(3)
dosmap(1)
入力(3)
html(1)
special(1)
最初(1)
sen(1)
ディスク(1)
{ 1 } { 2 } { 3 } { 4 } { 5 } { 6 } { 7 } { 8 } { 9 10 11 } { 12 } 
Segment{ 2 }, Segment{ 3 }
コサイン類似度: 0.11110935394903261
Segment{ 3 }, Segment{ 4 }
コサイン類似度: 0.09281911494627439
Segment{ 4 }, Segment{ 5 }
コサイン類似度: 0.0
Segment{ 5 }, Segment{ 6 }
コサイン類似度: 0.033536685524563806
Segment{ 6 }, Segment{ 7 }
コサイン類似度: 0.02283555724636277
Segment{ 7 }, Segment{ 8 }
コサイン類似度: 0.03242071898815165
Segment{ 8 }, Segment{ 9 10 11 }
コサイン類似度: 0.09377742114770805
Segment{ 9 10 11 }, Segment{ 12 }
コサイン類似度: 0.1830234399305241
User(3)
自体(1)
欠点(1)
mycom(1)
CUIz(2)
ソフトウエア(1)
dos(1)
:」(1)
info(1)
今回(1)
終了(1)
Notepad(1)
変更(1)
処理(2)
複雑(2)
URLhttp(1)
参考(2)
ykr(1)
課題(1)
開始(1)
マウス(2)
それぞれ(1)
構造(1)
今日(1)
練習(1)
デスク(2)
確認(1)
ppt(1)
メモリ(1)
homepage(1)
MS(4)
新規(1)
エクスプローラ(1)
参照(1)
基本(2)
http(1)
クリック(1)
削除(1)
演習(2)
bat(1)
反面(1)
/~(1)
消費(1)
明確(1)
これ(1)
表記(1)
ファイル(3)
メールアドレス(1)
プロンプト(1)
指示(1)
)：(1)
インターフェース(1)
ユーザー(1)
名前(2)
コマンドプロンプト(3)
現代(1)
使用(2)
普段(1)
文字(2)
トップ(2)
直感(1)
md(1)
未定(1)
以下(1)
研究(1)
一切(1)
２つ(1)
SiliconValley(1)
これら(1)
nifty(1)
ポインティングデバイス(1)
ms(1)
仕掛け(1)
フォルダ(4)
もの(2)
システム(1)
OS(1)
mkdir(1)
ダブル(1)
CUI(5)
管理(1)
msdos(1)
Character(2)
人間(1)
画面(1)
UNIX(1)
GUI(4)
Windows(2)
文化(1)
格納(1)
pcdos(1)
:）(1)
実行(1)
USB(1)
不便(1)
ドライブ(1)
移動(2)
GUIz(1)
各自(1)
ディレクトリ(4)
pcweb(1)
自分(1)
多く(1)
com(1)
jp(3)
PaloAlto(1)
iyori(2)
拡張(1)
mbox(1)
起動(2)
特別(1)
メール(1)
区切り(1)
su(1)
chdir(1)
比較(1)
受け渡し(1)
操作(6)
こと(3)
–.(1)
kyoto(2)
アクセサリ(1)
基礎(1)
収集(1)
簡単(1)
コンピュータ(1)
技術(1)
Interface(3)
co(1)
ディスプレイ(1)
提出(1)
DOS(4)
キーボード(1)
メモ(1)
作成(3)
ため(1)
media(1)
cd(1)
Graphical(2)
マーク(1)
注意(1)
記述(1)
要素(1)
位置(1)
自動(3)
ensyu(1)
www(2)
:][(1)
サンプル(1)
いくつ(1)
面倒(1)
知識(1)
保存(1)
場合(1)
コマンド(5)
://(2)
geocities(1)
dir(2)
アイコ(2)
テーマ(1)
htmlhttp(1)
TA(1)
情報(2)
プログラム(2)
利点(1)
masawat(1)
利用(1)
相談(1)
ウインドウ(1)
リソース(2)
表示(3)
ツリー(1)
種類(1)
--(1)
表現(1)
よう(1)
教員(1)
ac(2)
階層(3)
dosmap(1)
入力(3)
html(1)
special(1)
最初(1)
sen(1)
ディスク(1)
{ 1 } { 2 } { 3 } { 4 } { 5 } { 6 } { 7 } { 8 } { 9 10 11 12 } 
Segment{ 2 }, Segment{ 3 }
コサイン類似度: 0.11090274851654996
Segment{ 3 }, Segment{ 4 }
コサイン類似度: 0.0921145388700346
Segment{ 4 }, Segment{ 5 }
コサイン類似度: 0.0
Segment{ 5 }, Segment{ 6 }
コサイン類似度: 0.032845444686449045
Segment{ 6 }, Segment{ 7 }
コサイン類似度: 0.02359041632154427
Segment{ 7 }, Segment{ 8 }
コサイン類似度: 0.03736661801940291
Segment{ 8 }, Segment{ 9 10 11 12 }
コサイン類似度: 0.07870781568356826
User(2)
自体(1)
欠点(1)
mycom(1)
CUIz(2)
ソフトウエア(1)
dos(1)
:」(1)
info(1)
今回(1)
終了(1)
Notepad(1)
変更(1)
複雑(2)
処理(2)
URLhttp(1)
参考(2)
ykr(1)
課題(1)
開始(1)
マウス(1)
それぞれ(1)
構造(1)
今日(1)
練習(1)
デスク(2)
確認(1)
ppt(1)
メモリ(1)
homepage(1)
MS(4)
新規(1)
エクスプローラ(1)
参照(1)
基本(2)
http(1)
クリック(1)
削除(1)
演習(2)
bat(1)
反面(1)
/~(1)
消費(1)
明確(1)
これ(1)
表記(1)
ファイル(3)
メールアドレス(1)
プロンプト(1)
指示(1)
)：(1)
インターフェース(1)
ユーザー(1)
名前(2)
コマンドプロンプト(3)
使用(2)
現代(1)
普段(1)
文字(2)
トップ(2)
直感(1)
md(1)
未定(1)
以下(1)
研究(1)
一切(1)
２つ(1)
SiliconValley(1)
これら(1)
nifty(1)
ポインティングデバイス(1)
ms(1)
仕掛け(1)
フォルダ(4)
もの(2)
システム(1)
OS(1)
mkdir(1)
ダブル(1)
CUI(5)
管理(1)
msdos(1)
人間(1)
Character(2)
画面(1)
UNIX(1)
GUI(3)
Windows(2)
文化(1)
格納(1)
pcdos(1)
:）(1)
実行(1)
USB(1)
不便(1)
ドライブ(1)
移動(2)
GUIz(1)
各自(1)
ディレクトリ(4)
pcweb(1)
自分(1)
多く(1)
com(1)
jp(3)
PaloAlto(1)
iyori(2)
拡張(1)
mbox(1)
起動(2)
特別(1)
メール(1)
区切り(1)
su(1)
chdir(1)
比較(1)
受け渡し(1)
操作(5)
こと(3)
–.(1)
kyoto(2)
アクセサリ(1)
基礎(1)
収集(1)
簡単(1)
技術(1)
コンピュータ(1)
Interface(2)
co(1)
ディスプレイ(1)
提出(1)
DOS(4)
キーボード(1)
メモ(1)
作成(3)
ため(1)
media(1)
cd(1)
Graphical(1)
マーク(1)
注意(1)
記述(1)
要素(1)
位置(1)
自動(3)
ensyu(1)
www(2)
:][(1)
サンプル(1)
いくつ(1)
面倒(1)
知識(1)
保存(1)
場合(1)
コマンド(5)
://(2)
geocities(1)
dir(2)
アイコ(1)
テーマ(1)
htmlhttp(1)
TA(1)
情報(2)
プログラム(2)
利点(1)
masawat(1)
利用(1)
相談(1)
ウインドウ(1)
リソース(2)
表示(3)
ツリー(1)
種類(1)
--(1)
表現(1)
よう(1)
教員(1)
ac(2)
階層(3)
dosmap(1)
入力(3)
html(1)
special(1)
最初(1)
sen(1)
ディスク(1)
{ 1 } { 2 3 } { 4 } { 5 } { 6 } { 7 } { 8 } { 9 10 11 12 } 
Segment{ 2 3 }, Segment{ 4 }
コサイン類似度: 0.18989671324913665
Segment{ 4 }, Segment{ 5 }
コサイン類似度: 0.0
Segment{ 5 }, Segment{ 6 }
コサイン類似度: 0.03277985466228915
Segment{ 6 }, Segment{ 7 }
コサイン類似度: 0.023946923241581725
Segment{ 7 }, Segment{ 8 }
コサイン類似度: 0.03773427125244098
Segment{ 8 }, Segment{ 9 10 11 12 }
コサイン類似度: 0.07849479308319213
User(1)
自体(1)
欠点(1)
mycom(1)
CUIz(1)
ソフトウエア(1)
dos(1)
:」(1)
info(1)
今回(1)
終了(1)
Notepad(1)
変更(1)
複雑(1)
処理(2)
URLhttp(1)
参考(2)
ykr(1)
課題(1)
開始(1)
マウス(1)
それぞれ(1)
構造(1)
今日(1)
練習(1)
デスク(2)
確認(1)
ppt(1)
メモリ(1)
homepage(1)
MS(4)
新規(1)
エクスプローラ(1)
参照(1)
基本(1)
http(1)
クリック(1)
削除(1)
演習(2)
bat(1)
反面(1)
消費(1)
/~(1)
明確(1)
これ(1)
表記(1)
ファイル(3)
メールアドレス(1)
プロンプト(1)
指示(1)
インターフェース(1)
)：(1)
ユーザー(1)
名前(2)
コマンドプロンプト(3)
現代(1)
使用(2)
普段(1)
文字(1)
トップ(2)
直感(1)
md(1)
未定(1)
以下(1)
研究(1)
一切(1)
２つ(1)
SiliconValley(1)
これら(1)
nifty(1)
ポインティングデバイス(1)
ms(1)
仕掛け(1)
フォルダ(4)
もの(2)
システム(1)
OS(1)
mkdir(1)
ダブル(1)
CUI(4)
管理(1)
msdos(1)
Character(1)
人間(1)
画面(1)
UNIX(1)
GUI(3)
Windows(2)
文化(1)
格納(1)
pcdos(1)
:）(1)
実行(1)
USB(1)
不便(1)
ドライブ(1)
移動(2)
GUIz(1)
各自(1)
ディレクトリ(4)
pcweb(1)
自分(1)
多く(1)
com(1)
jp(3)
PaloAlto(1)
iyori(2)
拡張(1)
mbox(1)
起動(2)
特別(1)
メール(1)
区切り(1)
su(1)
chdir(1)
比較(1)
受け渡し(1)
こと(3)
操作(4)
–.(1)
kyoto(2)
アクセサリ(1)
基礎(1)
収集(1)
簡単(1)
コンピュータ(1)
技術(1)
Interface(1)
co(1)
ディスプレイ(1)
提出(1)
キーボード(1)
DOS(4)
メモ(1)
作成(3)
ため(1)
media(1)
cd(1)
Graphical(1)
マーク(1)
注意(1)
記述(1)
要素(1)
位置(1)
自動(3)
ensyu(1)
www(2)
:][(1)
サンプル(1)
いくつ(1)
知識(1)
面倒(1)
保存(1)
場合(1)
コマンド(5)
://(2)
geocities(1)
dir(2)
アイコ(1)
テーマ(1)
htmlhttp(1)
TA(1)
情報(2)
プログラム(2)
利点(1)
masawat(1)
利用(1)
相談(1)
ウインドウ(1)
リソース(1)
表示(3)
ツリー(1)
種類(1)
--(1)
表現(1)
よう(1)
教員(1)
ac(2)
階層(3)
dosmap(1)
入力(2)
html(1)
special(1)
最初(1)
sen(1)
ディスク(1)
{ 1 } { 2 3 4 } { 5 } { 6 } { 7 } { 8 } { 9 10 11 12 } 
Segment{ 2 3 4 }, Segment{ 5 }
コサイン類似度: 0.001968977184654382
Segment{ 5 }, Segment{ 6 }
コサイン類似度: 0.032659586276513344
Segment{ 6 }, Segment{ 7 }
コサイン類似度: 0.026083390248406762
Segment{ 7 }, Segment{ 8 }
コサイン類似度: 0.039380771018082135
Segment{ 8 }, Segment{ 9 10 11 12 }
コサイン類似度: 0.07831724152796112
User(1)
自体(1)
欠点(1)
mycom(1)
CUIz(1)
ソフトウエア(1)
dos(1)
:」(1)
info(1)
今回(1)
終了(1)
Notepad(1)
変更(1)
複雑(1)
処理(2)
URLhttp(1)
参考(2)
ykr(1)
課題(1)
開始(1)
マウス(1)
それぞれ(1)
構造(1)
今日(1)
練習(1)
デスク(1)
確認(1)
ppt(1)
メモリ(1)
homepage(1)
MS(4)
新規(1)
エクスプローラ(1)
参照(1)
基本(1)
http(1)
クリック(1)
削除(1)
演習(2)
bat(1)
反面(1)
消費(1)
/~(1)
明確(1)
これ(1)
表記(1)
ファイル(3)
メールアドレス(1)
プロンプト(1)
指示(1)
インターフェース(1)
)：(1)
ユーザー(1)
名前(1)
コマンドプロンプト(3)
現代(1)
使用(2)
普段(1)
文字(1)
トップ(1)
直感(1)
md(1)
以下(1)
未定(1)
研究(1)
一切(1)
２つ(1)
SiliconValley(1)
これら(1)
nifty(1)
ポインティングデバイス(1)
ms(1)
仕掛け(1)
フォルダ(3)
もの(2)
システム(1)
OS(1)
mkdir(1)
ダブル(1)
CUI(4)
管理(1)
msdos(1)
Character(1)
人間(1)
画面(1)
UNIX(1)
GUI(3)
Windows(2)
文化(1)
格納(1)
pcdos(1)
:）(1)
実行(1)
USB(1)
不便(1)
ドライブ(1)
移動(2)
GUIz(1)
各自(1)
ディレクトリ(4)
pcweb(1)
自分(1)
多く(1)
com(1)
jp(3)
PaloAlto(1)
iyori(2)
拡張(1)
mbox(1)
起動(2)
特別(1)
メール(1)
区切り(1)
su(1)
chdir(1)
比較(1)
受け渡し(1)
こと(3)
操作(4)
–.(1)
kyoto(2)
アクセサリ(1)
基礎(1)
収集(1)
簡単(1)
コンピュータ(1)
技術(1)
Interface(1)
co(1)
ディスプレイ(1)
提出(1)
キーボード(1)
DOS(4)
メモ(1)
作成(2)
ため(1)
media(1)
cd(1)
Graphical(1)
マーク(1)
注意(1)
記述(1)
要素(1)
位置(1)
自動(3)
ensyu(1)
www(2)
:][(1)
サンプル(1)
いくつ(1)
知識(1)
面倒(1)
保存(1)
場合(1)
コマンド(5)
://(2)
geocities(1)
dir(2)
アイコ(1)
テーマ(1)
htmlhttp(1)
TA(1)
情報(2)
プログラム(2)
利点(1)
masawat(1)
利用(1)
相談(1)
ウインドウ(1)
リソース(1)
表示(3)
ツリー(1)
種類(1)
--(1)
表現(1)
教員(1)
よう(1)
ac(2)
階層(3)
dosmap(1)
入力(2)
html(1)
special(1)
最初(1)
sen(1)
ディスク(1)
{ 1 } { 2 3 4 } { 5 } { 6 } { 7 } { 8 9 10 11 12 } 
Segment{ 2 3 4 }, Segment{ 5 }
コサイン類似度: 0.001949486475800681
Segment{ 5 }, Segment{ 6 }
コサイン類似度: 0.032336292287959804
Segment{ 6 }, Segment{ 7 }
コサイン類似度: 0.02604237043357709
Segment{ 7 }, Segment{ 8 9 10 11 12 }
コサイン類似度: 0.051668393933902476
User(1)
自体(1)
欠点(1)
mycom(1)
CUIz(1)
ソフトウエア(1)
dos(1)
:」(1)
info(1)
今回(1)
終了(1)
Notepad(1)
変更(1)
複雑(1)
処理(2)
URLhttp(1)
参考(1)
ykr(1)
課題(1)
開始(1)
マウス(1)
それぞれ(1)
構造(1)
今日(1)
練習(1)
デスク(1)
確認(1)
ppt(1)
メモリ(1)
homepage(1)
MS(3)
新規(1)
エクスプローラ(1)
参照(1)
基本(1)
http(1)
クリック(1)
削除(1)
演習(2)
bat(1)
反面(1)
消費(1)
/~(1)
明確(1)
これ(1)
表記(1)
ファイル(2)
メールアドレス(1)
プロンプト(1)
指示(1)
インターフェース(1)
)：(1)
ユーザー(1)
名前(1)
コマンドプロンプト(2)
現代(1)
使用(2)
普段(1)
文字(1)
トップ(1)
直感(1)
md(1)
以下(1)
未定(1)
研究(1)
一切(1)
２つ(1)
SiliconValley(1)
これら(1)
nifty(1)
ポインティングデバイス(1)
ms(1)
仕掛け(1)
フォルダ(2)
もの(2)
システム(1)
OS(1)
mkdir(1)
ダブル(1)
CUI(3)
管理(1)
msdos(1)
Character(1)
人間(1)
画面(1)
UNIX(1)
GUI(3)
Windows(2)
文化(1)
格納(1)
pcdos(1)
:）(1)
実行(1)
USB(1)
不便(1)
ドライブ(1)
移動(1)
GUIz(1)
各自(1)
ディレクトリ(3)
pcweb(1)
自分(1)
多く(1)
com(1)
jp(2)
PaloAlto(1)
iyori(2)
拡張(1)
mbox(1)
起動(2)
特別(1)
メール(1)
区切り(1)
su(1)
chdir(1)
比較(1)
受け渡し(1)
こと(3)
操作(3)
–.(1)
kyoto(2)
アクセサリ(1)
基礎(1)
収集(1)
簡単(1)
コンピュータ(1)
技術(1)
Interface(1)
co(1)
ディスプレイ(1)
提出(1)
キーボード(1)
DOS(3)
メモ(1)
作成(1)
ため(1)
media(1)
cd(1)
Graphical(1)
マーク(1)
注意(1)
記述(1)
要素(1)
位置(1)
自動(3)
ensyu(1)
www(2)
:][(1)
サンプル(1)
いくつ(1)
知識(1)
面倒(1)
保存(1)
場合(1)
コマンド(4)
://(2)
geocities(1)
dir(1)
アイコ(1)
テーマ(1)
htmlhttp(1)
TA(1)
情報(2)
プログラム(2)
利点(1)
masawat(1)
利用(1)
相談(1)
ウインドウ(1)
リソース(1)
表示(3)
ツリー(1)
種類(1)
--(1)
表現(1)
よう(1)
教員(1)
ac(2)
階層(3)
dosmap(1)
入力(2)
html(1)
special(1)
sen(1)
最初(1)
ディスク(1)
{ 1 } { 2 3 4 } { 5 } { 6 } { 7 8 9 10 11 12 } 
Segment{ 2 3 4 }, Segment{ 5 }
コサイン類似度: 0.001778671290453203
Segment{ 5 }, Segment{ 6 }
コサイン類似度: 0.034267520684234894
Segment{ 6 }, Segment{ 7 8 9 10 11 12 }
コサイン類似度: 0.03104235406513714
