filename: ensyu05
xmlFile: /home/sakamoto/OCWData/ocw.kyoto-u.ac.jp/05-情報技術演習,2005/ensyu05/slide.xml
dir: /home/sakamoto/OCWData/ocw.kyoto-u.ac.jp/05-情報技術演習,2005/ensyu05
XML:
<presentation language="ja"><slide page="1"><body><p>基礎現代文化学情報技術演習 第5回プレゼンテーションとPowerPointhttp://www.kyoto-su.ac.jp/~iyori/info/</p></body></slide><slide page="2"><body><p>コンピュータを用いたプレゼンテーションz プレゼンテーション（presentation）：実演、報告、発表などの意味。製品の説明や研究内容の報告などを会議などで行うことを指す。z 実際の製品、書類などの資料、OHPなどが用いられているが、最近ではプレゼンテーション用のソフトウエアを用いてコンピュータで行うことも多い。z プレゼンテーション用ソフトウエアの例：◆ Microsoft PowerPoint：Microsoft社製のプレゼンテーション用ソフトウエア。◆ Impress：オープンソースで提供されているOpenOfficeに含まれるプレゼンテーション用ソフトウエア。◆ Keynote：Apple社製のMac OSX用プレゼンテーション用ソフトウエア。</p></body></slide><slide page="3"><body><p>Microsoft PowerPointz Microsoft PowerPoint：Microsoft社製のプレゼンテーション用ソフトウエア。この講義資料もPowerPointで作成されている。z 資料の作成、図表の添付、音声や動画の挿入のほか、WordやExcelとの連携も考慮されている。z 今回はPowerPointの基本的な使用方法を学びながら、プレゼンテーションの手法や構成、効果的なプレゼンテーションのあり方について考える。z PowerPointの基本的な使い方については下記も参照のこと。http://www.ibi.bun.kyoto-u.ac.jp/10/</p></body></slide><slide page="4"><body><p>プレゼンテーションの構成z 目的によって異なるが、プレゼンテーションの場合も、文書作成の場合と同様の構成を持つ。z 研究報告の場合のプレゼンテーションの大まかな流れ：◆ タイトル◆ 研究の背景・目的◆ 本論（研究の手法・手順・分かったこと・考察など）◆ 結論z プレゼンテーションの場合は本文の長さや発表時間の拘束を受けるため、要点を明確に、簡潔で分かりやすい表記を心がけることが重要。</p></body></slide><slide page="5"><body><p>練習z Microsoft PowerPointを起動し、色々と試してみましょう。◆ スライドレイアウトの決定◆ 背景・テンプレートの利用◆ 文字入力・文字レイアウト変更◆ 図表・グラフなどの挿入</p></body></slide><slide page="6"><body><p>プレゼンテーション資料作成のポイントー文章のまとめ方ーz プレゼンテーションの場合、あまり長い文章を書いても読みづらく、伝えたいポイントが曖昧になる。z 箇条書き、文字色、サイズ変更などをうまく利用して明瞭・簡潔に記述する。→冗長な文章をなるべく削って簡潔に！z プレゼンテーションを行う場所の大きさなどにもよるが、文字サイズは視認しやすい大きさにすることを心がける。z 文字サイズの例３６ポイント ２４ポイント ２０ポイント１６ポイント １２ポイント １０ポイント</p></body></slide><slide page="7"><body><p>プレゼンテーション資料作成のポイントー図表の利用ーz 文章では長く分かりにくくなってしまう概念や数値データの表示などに図表を利用すると分かりやすくなる。z 図表の挿入は他のソフトウエアからのコピー＆ペースト、「挿入」メニューなどからおこなう。図表の挿入</p></body></slide><slide page="8"><body><p>プレゼンテーション資料作成のポイントーアニメーションの利用ーz プレゼンテーション資料の文字を操作したり動きをつけるなどの効果を与えることができる。z ただし、使用しすぎると余分な情報を与えたり誤った印象を与えたりしてしまうので注意すること。z 特に強調したい部分などに絞って、うまく利用するとよい。</p></body></slide><slide page="9"><body><p>今回の課題z 各自の研究課題について、5枚程度のプレゼンテーション資料にまとめてください。z 課題が終了したら、各自演習での研究テーマについての情報収集を開始してください。z 課題の提出はメールもしくはUSBメモリによるファイル受け渡しでおこないます。提出先メールアドレス：iyori@z05.mbox.media.kyoto-u.ac.jp</p></body></slide></presentation>
ページ: 1 -----
<slide page="1"><body><p>基礎現代文化学情報技術演習 第5回プレゼンテーションとPowerPointhttp://www.kyoto-su.ac.jp/~iyori/info/</p></body></slide>
in Sheet Class, page: 1
title = ""
body = "<p>基礎現代文化学情報技術演習 第5回プレゼンテーションとPowerPointhttp://www.kyoto-su.ac.jp/~iyori/info/</p>"
makeWordArrayJp
paragraph: 基礎現代文化学情報技術演習 第5回プレゼンテーションとPowerPointhttp://www.kyoto-su.ac.jp/~iyori/info/
基礎 :	名詞,一般,*,*,*,*,基礎,キソ,キソ	true	1
現代 :	名詞,一般,*,*,*,*,現代,ゲンダイ,ゲンダイ	true	1
文化 :	名詞,一般,*,*,*,*,文化,ブンカ,ブンカ	true	1
情報 :	名詞,一般,*,*,*,*,情報,ジョウホウ,ジョーホー	true	1
技術 :	名詞,一般,*,*,*,*,技術,ギジュツ,ギジュツ	true	1
演習 :	名詞,サ変接続,*,*,*,*,演習,エンシュウ,エンシュー	true	1
プレゼンテーション :	名詞,一般,*,*,*,*,プレゼンテーション,プレゼンテーション,プレゼンテーション	true	1
PowerPointhttp :	名詞,固有名詞,組織,*,*,*,*	false	1
:// :	名詞,サ変接続,*,*,*,*,*	false	1
www :	名詞,一般,*,*,*,*,*	false	1
kyoto :	名詞,一般,*,*,*,*,*	false	1
su :	名詞,一般,*,*,*,*,*	false	1
ac :	名詞,一般,*,*,*,*,*	false	1
jp :	名詞,一般,*,*,*,*,*	false	1
/~ :	名詞,サ変接続,*,*,*,*,*	false	1
iyori :	名詞,一般,*,*,*,*,*	false	1
info :	名詞,一般,*,*,*,*,*	false	1
ページ: 2 -----
<slide page="2"><body><p>コンピュータを用いたプレゼンテーションz プレゼンテーション（presentation）：実演、報告、発表などの意味。製品の説明や研究内容の報告などを会議などで行うことを指す。z 実際の製品、書類などの資料、OHPなどが用いられているが、最近ではプレゼンテーション用のソフトウエアを用いてコンピュータで行うことも多い。z プレゼンテーション用ソフトウエアの例：◆ Microsoft PowerPoint：Microsoft社製のプレゼンテーション用ソフトウエア。◆ Impress：オープンソースで提供されているOpenOfficeに含まれるプレゼンテーション用ソフトウエア。◆ Keynote：Apple社製のMac OSX用プレゼンテーション用ソフトウエア。</p></body></slide>
in Sheet Class, page: 2
title = ""
body = "<p>コンピュータを用いたプレゼンテーションz プレゼンテーション（presentation）：実演、報告、発表などの意味。製品の説明や研究内容の報告などを会議などで行うことを指す。z 実際の製品、書類などの資料、OHPなどが用いられているが、最近ではプレゼンテーション用のソフトウエアを用いてコンピュータで行うことも多い。z プレゼンテーション用ソフトウエアの例：◆ Microsoft PowerPoint：Microsoft社製のプレゼンテーション用ソフトウエア。◆ Impress：オープンソースで提供されているOpenOfficeに含まれるプレゼンテーション用ソフトウエア。◆ Keynote：Apple社製のMac OSX用プレゼンテーション用ソフトウエア。</p>"
makeWordArrayJp
paragraph: コンピュータを用いたプレゼンテーションz プレゼンテーション（presentation）：実演、報告、発表などの意味。製品の説明や研究内容の報告などを会議などで行うことを指す。z 実際の製品、書類などの資料、OHPなどが用いられているが、最近ではプレゼンテーション用のソフトウエアを用いてコンピュータで行うことも多い。z プレゼンテーション用ソフトウエアの例：◆ Microsoft PowerPoint：Microsoft社製のプレゼンテーション用ソフトウエア。◆ Impress：オープンソースで提供されているOpenOfficeに含まれるプレゼンテーション用ソフトウエア。◆ Keynote：Apple社製のMac OSX用プレゼンテーション用ソフトウエア。
コンピュータ :	名詞,一般,*,*,*,*,コンピュータ,コンピュータ,コンピュータ	true	1
プレゼンテーション :	名詞,一般,*,*,*,*,プレゼンテーション,プレゼンテーション,プレゼンテーション	true	1
プレゼンテーション :	名詞,一般,*,*,*,*,プレゼンテーション,プレゼンテーション,プレゼンテーション	true	2
presentation :	名詞,固有名詞,組織,*,*,*,*	false	1
実演 :	名詞,サ変接続,*,*,*,*,実演,ジツエン,ジツエン	true	1
報告 :	名詞,サ変接続,*,*,*,*,報告,ホウコク,ホーコク	true	1
発表 :	名詞,サ変接続,*,*,*,*,発表,ハッピョウ,ハッピョー	true	1
意味 :	名詞,サ変接続,*,*,*,*,意味,イミ,イミ	true	1
製品 :	名詞,一般,*,*,*,*,製品,セイヒン,セイヒン	true	1
説明 :	名詞,サ変接続,*,*,*,*,説明,セツメイ,セツメイ	true	1
研究 :	名詞,サ変接続,*,*,*,*,研究,ケンキュウ,ケンキュー	true	1
内容 :	名詞,一般,*,*,*,*,内容,ナイヨウ,ナイヨー	true	1
報告 :	名詞,サ変接続,*,*,*,*,報告,ホウコク,ホーコク	true	2
会議 :	名詞,サ変接続,*,*,*,*,会議,カイギ,カイギ	true	1
こと :	名詞,非自立,一般,*,*,*,こと,コト,コト	true	1
製品 :	名詞,一般,*,*,*,*,製品,セイヒン,セイヒン	true	2
書類 :	名詞,一般,*,*,*,*,書類,ショルイ,ショルイ	true	1
資料 :	名詞,一般,*,*,*,*,資料,シリョウ,シリョー	true	1
OHP :	名詞,固有名詞,組織,*,*,*,*	false	1
最近 :	名詞,副詞可能,*,*,*,*,最近,サイキン,サイキン	true	1
プレゼンテーション :	名詞,一般,*,*,*,*,プレゼンテーション,プレゼンテーション,プレゼンテーション	true	3
ソフトウエア :	名詞,一般,*,*,*,*,ソフトウエア,ソフトウエア,ソフトウエア	true	1
コンピュータ :	名詞,一般,*,*,*,*,コンピュータ,コンピュータ,コンピュータ	true	2
こと :	名詞,非自立,一般,*,*,*,こと,コト,コト	true	2
プレゼンテーション :	名詞,一般,*,*,*,*,プレゼンテーション,プレゼンテーション,プレゼンテーション	true	4
ソフトウエア :	名詞,一般,*,*,*,*,ソフトウエア,ソフトウエア,ソフトウエア	true	2
Microsoft :	名詞,固有名詞,組織,*,*,*,*	false	1
PowerPoint :	名詞,固有名詞,組織,*,*,*,*	false	1
Microsoft :	名詞,固有名詞,組織,*,*,*,*	false	2
プレゼンテーション :	名詞,一般,*,*,*,*,プレゼンテーション,プレゼンテーション,プレゼンテーション	true	5
ソフトウエア :	名詞,一般,*,*,*,*,ソフトウエア,ソフトウエア,ソフトウエア	true	3
Impress :	名詞,固有名詞,組織,*,*,*,*	false	1
オープン :	名詞,サ変接続,*,*,*,*,オープン,オープン,オープン	true	1
ソース :	名詞,一般,*,*,*,*,ソース,ソース,ソース	true	1
提供 :	名詞,サ変接続,*,*,*,*,提供,テイキョウ,テイキョー	true	1
OpenOffice :	名詞,一般,*,*,*,*,*	false	1
プレゼンテーション :	名詞,一般,*,*,*,*,プレゼンテーション,プレゼンテーション,プレゼンテーション	true	6
ソフトウエア :	名詞,一般,*,*,*,*,ソフトウエア,ソフトウエア,ソフトウエア	true	4
Keynote :	名詞,固有名詞,組織,*,*,*,*	false	1
Apple :	名詞,固有名詞,組織,*,*,*,*	false	1
Mac :	名詞,一般,*,*,*,*,*	false	1
OSX :	名詞,一般,*,*,*,*,*	false	1
プレゼンテーション :	名詞,一般,*,*,*,*,プレゼンテーション,プレゼンテーション,プレゼンテーション	true	7
ソフトウエア :	名詞,一般,*,*,*,*,ソフトウエア,ソフトウエア,ソフトウエア	true	5
ページ: 3 -----
<slide page="3"><body><p>Microsoft PowerPointz Microsoft PowerPoint：Microsoft社製のプレゼンテーション用ソフトウエア。この講義資料もPowerPointで作成されている。z 資料の作成、図表の添付、音声や動画の挿入のほか、WordやExcelとの連携も考慮されている。z 今回はPowerPointの基本的な使用方法を学びながら、プレゼンテーションの手法や構成、効果的なプレゼンテーションのあり方について考える。z PowerPointの基本的な使い方については下記も参照のこと。http://www.ibi.bun.kyoto-u.ac.jp/10/</p></body></slide>
in Sheet Class, page: 3
title = ""
body = "<p>Microsoft PowerPointz Microsoft PowerPoint：Microsoft社製のプレゼンテーション用ソフトウエア。この講義資料もPowerPointで作成されている。z 資料の作成、図表の添付、音声や動画の挿入のほか、WordやExcelとの連携も考慮されている。z 今回はPowerPointの基本的な使用方法を学びながら、プレゼンテーションの手法や構成、効果的なプレゼンテーションのあり方について考える。z PowerPointの基本的な使い方については下記も参照のこと。http://www.ibi.bun.kyoto-u.ac.jp/10/</p>"
makeWordArrayJp
paragraph: Microsoft PowerPointz Microsoft PowerPoint：Microsoft社製のプレゼンテーション用ソフトウエア。この講義資料もPowerPointで作成されている。z 資料の作成、図表の添付、音声や動画の挿入のほか、WordやExcelとの連携も考慮されている。z 今回はPowerPointの基本的な使用方法を学びながら、プレゼンテーションの手法や構成、効果的なプレゼンテーションのあり方について考える。z PowerPointの基本的な使い方については下記も参照のこと。http://www.ibi.bun.kyoto-u.ac.jp/10/
Microsoft :	名詞,固有名詞,組織,*,*,*,*	false	1
PowerPointz :	名詞,固有名詞,組織,*,*,*,*	false	1
Microsoft :	名詞,固有名詞,組織,*,*,*,*	false	2
PowerPoint :	名詞,固有名詞,組織,*,*,*,*	false	1
Microsoft :	名詞,固有名詞,組織,*,*,*,*	false	3
プレゼンテーション :	名詞,一般,*,*,*,*,プレゼンテーション,プレゼンテーション,プレゼンテーション	true	1
ソフトウエア :	名詞,一般,*,*,*,*,ソフトウエア,ソフトウエア,ソフトウエア	true	1
講義 :	名詞,サ変接続,*,*,*,*,講義,コウギ,コーギ	true	1
資料 :	名詞,一般,*,*,*,*,資料,シリョウ,シリョー	true	1
PowerPoint :	名詞,一般,*,*,*,*,*	false	2
作成 :	名詞,サ変接続,*,*,*,*,作成,サクセイ,サクセイ	true	1
資料 :	名詞,一般,*,*,*,*,資料,シリョウ,シリョー	true	2
作成 :	名詞,サ変接続,*,*,*,*,作成,サクセイ,サクセイ	true	2
図表 :	名詞,一般,*,*,*,*,図表,ズヒョウ,ズヒョー	true	1
添付 :	名詞,サ変接続,*,*,*,*,添付,テンプ,テンプ	true	1
音声 :	名詞,一般,*,*,*,*,音声,オンセイ,オンセイ	true	1
動画 :	名詞,一般,*,*,*,*,動画,ドウガ,ドーガ	true	1
挿入 :	名詞,サ変接続,*,*,*,*,挿入,ソウニュウ,ソーニュー	true	1
ほか :	名詞,副詞可能,*,*,*,*,ほか,ホカ,ホカ	true	1
Word :	名詞,固有名詞,組織,*,*,*,*	false	1
Excel :	名詞,固有名詞,組織,*,*,*,*	false	1
連携 :	名詞,サ変接続,*,*,*,*,連携,レンケイ,レンケイ	true	1
考慮 :	名詞,サ変接続,*,*,*,*,考慮,コウリョ,コーリョ	true	1
今回 :	名詞,副詞可能,*,*,*,*,今回,コンカイ,コンカイ	true	1
PowerPoint :	名詞,固有名詞,組織,*,*,*,*	false	3
基本 :	名詞,一般,*,*,*,*,基本,キホン,キホン	true	1
使用 :	名詞,サ変接続,*,*,*,*,使用,シヨウ,シヨー	true	1
方法 :	名詞,一般,*,*,*,*,方法,ホウホウ,ホーホー	true	1
プレゼンテーション :	名詞,一般,*,*,*,*,プレゼンテーション,プレゼンテーション,プレゼンテーション	true	2
手法 :	名詞,一般,*,*,*,*,手法,シュホウ,シュホー	true	1
構成 :	名詞,サ変接続,*,*,*,*,構成,コウセイ,コーセイ	true	1
効果 :	名詞,一般,*,*,*,*,効果,コウカ,コーカ	true	1
プレゼンテーション :	名詞,一般,*,*,*,*,プレゼンテーション,プレゼンテーション,プレゼンテーション	true	3
あり方 :	名詞,一般,*,*,*,*,あり方,アリカタ,アリカタ	true	1
PowerPoint :	名詞,固有名詞,組織,*,*,*,*	false	4
基本 :	名詞,一般,*,*,*,*,基本,キホン,キホン	true	2
使い方 :	名詞,一般,*,*,*,*,使い方,ツカイカタ,ツカイカタ	true	1
下記 :	名詞,一般,*,*,*,*,下記,カキ,カキ	true	1
参照 :	名詞,サ変接続,*,*,*,*,参照,サンショウ,サンショー	true	1
こと :	名詞,非自立,一般,*,*,*,こと,コト,コト	true	1
http :	名詞,固有名詞,組織,*,*,*,*	false	1
:// :	名詞,サ変接続,*,*,*,*,*	false	1
www :	名詞,一般,*,*,*,*,*	false	1
ibi :	名詞,一般,*,*,*,*,*	false	1
bun :	名詞,一般,*,*,*,*,*	false	1
kyoto :	名詞,一般,*,*,*,*,*	false	1
ac :	名詞,一般,*,*,*,*,*	false	1
jp :	名詞,一般,*,*,*,*,*	false	1
ページ: 4 -----
<slide page="4"><body><p>プレゼンテーションの構成z 目的によって異なるが、プレゼンテーションの場合も、文書作成の場合と同様の構成を持つ。z 研究報告の場合のプレゼンテーションの大まかな流れ：◆ タイトル◆ 研究の背景・目的◆ 本論（研究の手法・手順・分かったこと・考察など）◆ 結論z プレゼンテーションの場合は本文の長さや発表時間の拘束を受けるため、要点を明確に、簡潔で分かりやすい表記を心がけることが重要。</p></body></slide>
in Sheet Class, page: 4
title = ""
body = "<p>プレゼンテーションの構成z 目的によって異なるが、プレゼンテーションの場合も、文書作成の場合と同様の構成を持つ。z 研究報告の場合のプレゼンテーションの大まかな流れ：◆ タイトル◆ 研究の背景・目的◆ 本論（研究の手法・手順・分かったこと・考察など）◆ 結論z プレゼンテーションの場合は本文の長さや発表時間の拘束を受けるため、要点を明確に、簡潔で分かりやすい表記を心がけることが重要。</p>"
makeWordArrayJp
paragraph: プレゼンテーションの構成z 目的によって異なるが、プレゼンテーションの場合も、文書作成の場合と同様の構成を持つ。z 研究報告の場合のプレゼンテーションの大まかな流れ：◆ タイトル◆ 研究の背景・目的◆ 本論（研究の手法・手順・分かったこと・考察など）◆ 結論z プレゼンテーションの場合は本文の長さや発表時間の拘束を受けるため、要点を明確に、簡潔で分かりやすい表記を心がけることが重要。
プレゼンテーション :	名詞,一般,*,*,*,*,プレゼンテーション,プレゼンテーション,プレゼンテーション	true	1
構成 :	名詞,サ変接続,*,*,*,*,構成,コウセイ,コーセイ	true	1
目的 :	名詞,一般,*,*,*,*,目的,モクテキ,モクテキ	true	1
プレゼンテーション :	名詞,一般,*,*,*,*,プレゼンテーション,プレゼンテーション,プレゼンテーション	true	2
場合 :	名詞,副詞可能,*,*,*,*,場合,バアイ,バアイ	true	1
文書 :	名詞,一般,*,*,*,*,文書,ブンショ,ブンショ	true	1
作成 :	名詞,サ変接続,*,*,*,*,作成,サクセイ,サクセイ	true	1
場合 :	名詞,副詞可能,*,*,*,*,場合,バアイ,バアイ	true	2
同様 :	名詞,形容動詞語幹,*,*,*,*,同様,ドウヨウ,ドーヨー	true	1
構成 :	名詞,サ変接続,*,*,*,*,構成,コウセイ,コーセイ	true	2
研究 :	名詞,サ変接続,*,*,*,*,研究,ケンキュウ,ケンキュー	true	1
報告 :	名詞,サ変接続,*,*,*,*,報告,ホウコク,ホーコク	true	1
場合 :	名詞,副詞可能,*,*,*,*,場合,バアイ,バアイ	true	3
プレゼンテーション :	名詞,一般,*,*,*,*,プレゼンテーション,プレゼンテーション,プレゼンテーション	true	3
大まか :	名詞,形容動詞語幹,*,*,*,*,大まか,オオマカ,オーマカ	true	1
流れ :	名詞,一般,*,*,*,*,流れ,ナガレ,ナガレ	true	1
タイトル :	名詞,一般,*,*,*,*,タイトル,タイトル,タイトル	true	1
研究 :	名詞,サ変接続,*,*,*,*,研究,ケンキュウ,ケンキュー	true	2
背景 :	名詞,一般,*,*,*,*,背景,ハイケイ,ハイケイ	true	1
目的 :	名詞,一般,*,*,*,*,目的,モクテキ,モクテキ	true	2
本論 :	名詞,一般,*,*,*,*,本論,ホンロン,ホンロン	true	1
研究 :	名詞,サ変接続,*,*,*,*,研究,ケンキュウ,ケンキュー	true	3
手法 :	名詞,一般,*,*,*,*,手法,シュホウ,シュホー	true	1
手順 :	名詞,一般,*,*,*,*,手順,テジュン,テジュン	true	1
こと :	名詞,非自立,一般,*,*,*,こと,コト,コト	true	1
考察 :	名詞,サ変接続,*,*,*,*,考察,コウサツ,コーサツ	true	1
結論 :	名詞,サ変接続,*,*,*,*,結論,ケツロン,ケツロン	true	1
プレゼンテーション :	名詞,一般,*,*,*,*,プレゼンテーション,プレゼンテーション,プレゼンテーション	true	4
場合 :	名詞,副詞可能,*,*,*,*,場合,バアイ,バアイ	true	4
本文 :	名詞,一般,*,*,*,*,本文,ホンブン,ホンブン	true	1
発表 :	名詞,サ変接続,*,*,*,*,発表,ハッピョウ,ハッピョー	true	1
時間 :	名詞,副詞可能,*,*,*,*,時間,ジカン,ジカン	true	1
拘束 :	名詞,サ変接続,*,*,*,*,拘束,コウソク,コーソク	true	1
ため :	名詞,非自立,副詞可能,*,*,*,ため,タメ,タメ	true	1
要点 :	名詞,一般,*,*,*,*,要点,ヨウテン,ヨーテン	true	1
明確 :	名詞,形容動詞語幹,*,*,*,*,明確,メイカク,メイカク	true	1
簡潔 :	名詞,一般,*,*,*,*,簡潔,カンケツ,カンケツ	true	1
表記 :	名詞,サ変接続,*,*,*,*,表記,ヒョウキ,ヒョーキ	true	1
こと :	名詞,非自立,一般,*,*,*,こと,コト,コト	true	2
重要 :	名詞,形容動詞語幹,*,*,*,*,重要,ジュウヨウ,ジューヨー	true	1
ページ: 5 -----
<slide page="5"><body><p>練習z Microsoft PowerPointを起動し、色々と試してみましょう。◆ スライドレイアウトの決定◆ 背景・テンプレートの利用◆ 文字入力・文字レイアウト変更◆ 図表・グラフなどの挿入</p></body></slide>
in Sheet Class, page: 5
title = ""
body = "<p>練習z Microsoft PowerPointを起動し、色々と試してみましょう。◆ スライドレイアウトの決定◆ 背景・テンプレートの利用◆ 文字入力・文字レイアウト変更◆ 図表・グラフなどの挿入</p>"
makeWordArrayJp
paragraph: 練習z Microsoft PowerPointを起動し、色々と試してみましょう。◆ スライドレイアウトの決定◆ 背景・テンプレートの利用◆ 文字入力・文字レイアウト変更◆ 図表・グラフなどの挿入
練習 :	名詞,サ変接続,*,*,*,*,練習,レンシュウ,レンシュー	true	1
Microsoft :	名詞,固有名詞,組織,*,*,*,*	false	1
PowerPoint :	名詞,一般,*,*,*,*,*	false	1
起動 :	名詞,サ変接続,*,*,*,*,起動,キドウ,キドー	true	1
スライドレイアウト :	名詞,一般,*,*,*,*,*	false	1
決定 :	名詞,サ変接続,*,*,*,*,決定,ケッテイ,ケッテイ	true	1
背景 :	名詞,一般,*,*,*,*,背景,ハイケイ,ハイケイ	true	1
テンプレート :	名詞,一般,*,*,*,*,テンプレート,テンプレート,テンプレート	true	1
利用 :	名詞,サ変接続,*,*,*,*,利用,リヨウ,リヨー	true	1
文字 :	名詞,一般,*,*,*,*,文字,モジ,モジ	true	1
入力 :	名詞,サ変接続,*,*,*,*,入力,ニュウリョク,ニューリョク	true	1
文字 :	名詞,一般,*,*,*,*,文字,モジ,モジ	true	2
レイアウト :	名詞,サ変接続,*,*,*,*,レイアウト,レイアウト,レイアウト	true	1
変更 :	名詞,サ変接続,*,*,*,*,変更,ヘンコウ,ヘンコー	true	1
図表 :	名詞,一般,*,*,*,*,図表,ズヒョウ,ズヒョー	true	1
グラフ :	名詞,一般,*,*,*,*,グラフ,グラフ,グラフ	true	1
挿入 :	名詞,サ変接続,*,*,*,*,挿入,ソウニュウ,ソーニュー	true	1
ページ: 6 -----
<slide page="6"><body><p>プレゼンテーション資料作成のポイントー文章のまとめ方ーz プレゼンテーションの場合、あまり長い文章を書いても読みづらく、伝えたいポイントが曖昧になる。z 箇条書き、文字色、サイズ変更などをうまく利用して明瞭・簡潔に記述する。→冗長な文章をなるべく削って簡潔に！z プレゼンテーションを行う場所の大きさなどにもよるが、文字サイズは視認しやすい大きさにすることを心がける。z 文字サイズの例３６ポイント ２４ポイント ２０ポイント１６ポイント １２ポイント １０ポイント</p></body></slide>
in Sheet Class, page: 6
title = ""
body = "<p>プレゼンテーション資料作成のポイントー文章のまとめ方ーz プレゼンテーションの場合、あまり長い文章を書いても読みづらく、伝えたいポイントが曖昧になる。z 箇条書き、文字色、サイズ変更などをうまく利用して明瞭・簡潔に記述する。→冗長な文章をなるべく削って簡潔に！z プレゼンテーションを行う場所の大きさなどにもよるが、文字サイズは視認しやすい大きさにすることを心がける。z 文字サイズの例３６ポイント ２４ポイント ２０ポイント１６ポイント １２ポイント １０ポイント</p>"
makeWordArrayJp
paragraph: プレゼンテーション資料作成のポイントー文章のまとめ方ーz プレゼンテーションの場合、あまり長い文章を書いても読みづらく、伝えたいポイントが曖昧になる。z 箇条書き、文字色、サイズ変更などをうまく利用して明瞭・簡潔に記述する。→冗長な文章をなるべく削って簡潔に！z プレゼンテーションを行う場所の大きさなどにもよるが、文字サイズは視認しやすい大きさにすることを心がける。z 文字サイズの例３６ポイント ２４ポイント ２０ポイント１６ポイント １２ポイント １０ポイント
プレゼンテーション :	名詞,一般,*,*,*,*,プレゼンテーション,プレゼンテーション,プレゼンテーション	true	1
資料 :	名詞,一般,*,*,*,*,資料,シリョウ,シリョー	true	1
作成 :	名詞,サ変接続,*,*,*,*,作成,サクセイ,サクセイ	true	1
ポイントー :	名詞,一般,*,*,*,*,*	false	1
文章 :	名詞,一般,*,*,*,*,文章,ブンショウ,ブンショー	true	1
プレゼンテーション :	名詞,一般,*,*,*,*,プレゼンテーション,プレゼンテーション,プレゼンテーション	true	2
場合 :	名詞,副詞可能,*,*,*,*,場合,バアイ,バアイ	true	1
文章 :	名詞,一般,*,*,*,*,文章,ブンショウ,ブンショー	true	2
ポイント :	名詞,一般,*,*,*,*,ポイント,ポイント,ポイント	true	1
曖昧 :	名詞,形容動詞語幹,*,*,*,*,曖昧,アイマイ,アイマイ	true	1
箇条 :	名詞,一般,*,*,*,*,箇条,カジョウ,カジョー	true	1
書き :	名詞,接尾,一般,*,*,*,書き,ガキ,ガキ	true	1
文字 :	名詞,一般,*,*,*,*,文字,モジ,モジ	true	1
サイズ :	名詞,一般,*,*,*,*,サイズ,サイズ,サイズ	true	1
変更 :	名詞,サ変接続,*,*,*,*,変更,ヘンコウ,ヘンコー	true	1
利用 :	名詞,サ変接続,*,*,*,*,利用,リヨウ,リヨー	true	1
明瞭 :	名詞,形容動詞語幹,*,*,*,*,明瞭,メイリョウ,メイリョー	true	1
簡潔 :	名詞,形容動詞語幹,*,*,*,*,簡潔,カンケツ,カンケツ	true	1
記述 :	名詞,サ変接続,*,*,*,*,記述,キジュツ,キジュツ	true	1
冗長 :	名詞,形容動詞語幹,*,*,*,*,冗長,ジョウチョウ,ジョーチョー	true	1
文章 :	名詞,一般,*,*,*,*,文章,ブンショウ,ブンショー	true	3
簡潔 :	名詞,形容動詞語幹,*,*,*,*,簡潔,カンケツ,カンケツ	true	2
プレゼンテーション :	名詞,一般,*,*,*,*,プレゼンテーション,プレゼンテーション,プレゼンテーション	true	3
場所 :	名詞,一般,*,*,*,*,場所,バショ,バショ	true	1
文字 :	名詞,一般,*,*,*,*,文字,モジ,モジ	true	2
サイズ :	名詞,一般,*,*,*,*,サイズ,サイズ,サイズ	true	2
視認 :	名詞,サ変接続,*,*,*,*,視認,シニン,シニン	true	1
こと :	名詞,非自立,一般,*,*,*,こと,コト,コト	true	1
文字 :	名詞,一般,*,*,*,*,文字,モジ,モジ	true	3
サイズ :	名詞,一般,*,*,*,*,サイズ,サイズ,サイズ	true	3
ポイント :	名詞,接尾,助数詞,*,*,*,ポイント,ポイント,ポイント	true	2
ポイント :	名詞,接尾,助数詞,*,*,*,ポイント,ポイント,ポイント	true	3
ポイント :	名詞,接尾,助数詞,*,*,*,ポイント,ポイント,ポイント	true	4
ポイント :	名詞,接尾,助数詞,*,*,*,ポイント,ポイント,ポイント	true	5
ポイント :	名詞,接尾,助数詞,*,*,*,ポイント,ポイント,ポイント	true	6
ポイント :	名詞,接尾,助数詞,*,*,*,ポイント,ポイント,ポイント	true	7
ページ: 7 -----
<slide page="7"><body><p>プレゼンテーション資料作成のポイントー図表の利用ーz 文章では長く分かりにくくなってしまう概念や数値データの表示などに図表を利用すると分かりやすくなる。z 図表の挿入は他のソフトウエアからのコピー＆ペースト、「挿入」メニューなどからおこなう。図表の挿入</p></body></slide>
in Sheet Class, page: 7
title = ""
body = "<p>プレゼンテーション資料作成のポイントー図表の利用ーz 文章では長く分かりにくくなってしまう概念や数値データの表示などに図表を利用すると分かりやすくなる。z 図表の挿入は他のソフトウエアからのコピー＆ペースト、「挿入」メニューなどからおこなう。図表の挿入</p>"
makeWordArrayJp
paragraph: プレゼンテーション資料作成のポイントー図表の利用ーz 文章では長く分かりにくくなってしまう概念や数値データの表示などに図表を利用すると分かりやすくなる。z 図表の挿入は他のソフトウエアからのコピー＆ペースト、「挿入」メニューなどからおこなう。図表の挿入
プレゼンテーション :	名詞,一般,*,*,*,*,プレゼンテーション,プレゼンテーション,プレゼンテーション	true	1
資料 :	名詞,一般,*,*,*,*,資料,シリョウ,シリョー	true	1
作成 :	名詞,サ変接続,*,*,*,*,作成,サクセイ,サクセイ	true	1
ポイントー :	名詞,一般,*,*,*,*,*	false	1
図表 :	名詞,一般,*,*,*,*,図表,ズヒョウ,ズヒョー	true	1
利用 :	名詞,サ変接続,*,*,*,*,利用,リヨウ,リヨー	true	1
文章 :	名詞,一般,*,*,*,*,文章,ブンショウ,ブンショー	true	1
概念 :	名詞,一般,*,*,*,*,概念,ガイネン,ガイネン	true	1
数値 :	名詞,一般,*,*,*,*,数値,スウチ,スーチ	true	1
データ :	名詞,一般,*,*,*,*,データ,データ,データ	true	1
表示 :	名詞,サ変接続,*,*,*,*,表示,ヒョウジ,ヒョージ	true	1
図表 :	名詞,一般,*,*,*,*,図表,ズヒョウ,ズヒョー	true	2
利用 :	名詞,サ変接続,*,*,*,*,利用,リヨウ,リヨー	true	2
図表 :	名詞,一般,*,*,*,*,図表,ズヒョウ,ズヒョー	true	3
挿入 :	名詞,サ変接続,*,*,*,*,挿入,ソウニュウ,ソーニュー	true	1
ソフトウエア :	名詞,一般,*,*,*,*,ソフトウエア,ソフトウエア,ソフトウエア	true	1
コピー :	名詞,サ変接続,*,*,*,*,コピー,コピー,コピー	true	1
ペースト :	名詞,一般,*,*,*,*,ペースト,ペースト,ペースト	true	1
挿入 :	名詞,サ変接続,*,*,*,*,挿入,ソウニュウ,ソーニュー	true	2
メニュー :	名詞,一般,*,*,*,*,メニュー,メニュー,メニュー	true	1
図表 :	名詞,一般,*,*,*,*,図表,ズヒョウ,ズヒョー	true	4
挿入 :	名詞,サ変接続,*,*,*,*,挿入,ソウニュウ,ソーニュー	true	3
ページ: 8 -----
<slide page="8"><body><p>プレゼンテーション資料作成のポイントーアニメーションの利用ーz プレゼンテーション資料の文字を操作したり動きをつけるなどの効果を与えることができる。z ただし、使用しすぎると余分な情報を与えたり誤った印象を与えたりしてしまうので注意すること。z 特に強調したい部分などに絞って、うまく利用するとよい。</p></body></slide>
in Sheet Class, page: 8
title = ""
body = "<p>プレゼンテーション資料作成のポイントーアニメーションの利用ーz プレゼンテーション資料の文字を操作したり動きをつけるなどの効果を与えることができる。z ただし、使用しすぎると余分な情報を与えたり誤った印象を与えたりしてしまうので注意すること。z 特に強調したい部分などに絞って、うまく利用するとよい。</p>"
makeWordArrayJp
paragraph: プレゼンテーション資料作成のポイントーアニメーションの利用ーz プレゼンテーション資料の文字を操作したり動きをつけるなどの効果を与えることができる。z ただし、使用しすぎると余分な情報を与えたり誤った印象を与えたりしてしまうので注意すること。z 特に強調したい部分などに絞って、うまく利用するとよい。
プレゼンテーション :	名詞,一般,*,*,*,*,プレゼンテーション,プレゼンテーション,プレゼンテーション	true	1
資料 :	名詞,一般,*,*,*,*,資料,シリョウ,シリョー	true	1
作成 :	名詞,サ変接続,*,*,*,*,作成,サクセイ,サクセイ	true	1
ポイント :	名詞,一般,*,*,*,*,ポイント,ポイント,ポイント	true	1
ーアニメーション :	名詞,一般,*,*,*,*,*	false	1
利用 :	名詞,サ変接続,*,*,*,*,利用,リヨウ,リヨー	true	1
プレゼンテーション :	名詞,一般,*,*,*,*,プレゼンテーション,プレゼンテーション,プレゼンテーション	true	2
資料 :	名詞,一般,*,*,*,*,資料,シリョウ,シリョー	true	2
文字 :	名詞,一般,*,*,*,*,文字,モジ,モジ	true	1
操作 :	名詞,サ変接続,*,*,*,*,操作,ソウサ,ソーサ	true	1
動き :	名詞,一般,*,*,*,*,動き,ウゴキ,ウゴキ	true	1
効果 :	名詞,一般,*,*,*,*,効果,コウカ,コーカ	true	1
こと :	名詞,非自立,一般,*,*,*,こと,コト,コト	true	1
使用 :	名詞,サ変接続,*,*,*,*,使用,シヨウ,シヨー	true	1
余分 :	名詞,形容動詞語幹,*,*,*,*,余分,ヨブン,ヨブン	true	1
情報 :	名詞,一般,*,*,*,*,情報,ジョウホウ,ジョーホー	true	1
印象 :	名詞,一般,*,*,*,*,印象,インショウ,インショー	true	1
注意 :	名詞,サ変接続,*,*,*,*,注意,チュウイ,チューイ	true	1
こと :	名詞,非自立,一般,*,*,*,こと,コト,コト	true	2
強調 :	名詞,サ変接続,*,*,*,*,強調,キョウチョウ,キョーチョー	true	1
部分 :	名詞,一般,*,*,*,*,部分,ブブン,ブブン	true	1
利用 :	名詞,サ変接続,*,*,*,*,利用,リヨウ,リヨー	true	2
ページ: 9 -----
<slide page="9"><body><p>今回の課題z 各自の研究課題について、5枚程度のプレゼンテーション資料にまとめてください。z 課題が終了したら、各自演習での研究テーマについての情報収集を開始してください。z 課題の提出はメールもしくはUSBメモリによるファイル受け渡しでおこないます。提出先メールアドレス：iyori@z05.mbox.media.kyoto-u.ac.jp</p></body></slide>
in Sheet Class, page: 9
title = ""
body = "<p>今回の課題z 各自の研究課題について、5枚程度のプレゼンテーション資料にまとめてください。z 課題が終了したら、各自演習での研究テーマについての情報収集を開始してください。z 課題の提出はメールもしくはUSBメモリによるファイル受け渡しでおこないます。提出先メールアドレス：iyori@z05.mbox.media.kyoto-u.ac.jp</p>"
makeWordArrayJp
paragraph: 今回の課題z 各自の研究課題について、5枚程度のプレゼンテーション資料にまとめてください。z 課題が終了したら、各自演習での研究テーマについての情報収集を開始してください。z 課題の提出はメールもしくはUSBメモリによるファイル受け渡しでおこないます。提出先メールアドレス：iyori@z05.mbox.media.kyoto-u.ac.jp
今回 :	名詞,副詞可能,*,*,*,*,今回,コンカイ,コンカイ	true	1
課題 :	名詞,一般,*,*,*,*,課題,カダイ,カダイ	true	1
各自 :	名詞,副詞可能,*,*,*,*,各自,カクジ,カクジ	true	1
研究 :	名詞,サ変接続,*,*,*,*,研究,ケンキュウ,ケンキュー	true	1
課題 :	名詞,一般,*,*,*,*,課題,カダイ,カダイ	true	2
程度 :	名詞,接尾,一般,*,*,*,程度,テイド,テイド	true	1
プレゼンテーション :	名詞,一般,*,*,*,*,プレゼンテーション,プレゼンテーション,プレゼンテーション	true	1
資料 :	名詞,一般,*,*,*,*,資料,シリョウ,シリョー	true	1
課題 :	名詞,一般,*,*,*,*,課題,カダイ,カダイ	true	3
終了 :	名詞,サ変接続,*,*,*,*,終了,シュウリョウ,シューリョー	true	1
各自 :	名詞,副詞可能,*,*,*,*,各自,カクジ,カクジ	true	2
演習 :	名詞,サ変接続,*,*,*,*,演習,エンシュウ,エンシュー	true	1
研究 :	名詞,サ変接続,*,*,*,*,研究,ケンキュウ,ケンキュー	true	2
テーマ :	名詞,一般,*,*,*,*,テーマ,テーマ,テーマ	true	1
情報 :	名詞,一般,*,*,*,*,情報,ジョウホウ,ジョーホー	true	1
収集 :	名詞,サ変接続,*,*,*,*,収集,シュウシュウ,シューシュー	true	1
開始 :	名詞,サ変接続,*,*,*,*,開始,カイシ,カイシ	true	1
課題 :	名詞,一般,*,*,*,*,課題,カダイ,カダイ	true	4
提出 :	名詞,サ変接続,*,*,*,*,提出,テイシュツ,テイシュツ	true	1
メール :	名詞,一般,*,*,*,*,メール,メール,メール	true	1
USB :	名詞,一般,*,*,*,*,*	false	1
メモリ :	名詞,一般,*,*,*,*,メモリ,メモリ,メモリ	true	1
ファイル :	名詞,一般,*,*,*,*,ファイル,ファイル,ファイル	true	1
受け渡し :	名詞,サ変接続,*,*,*,*,受け渡し,ウケワタシ,ウケワタシ	true	1
提出 :	名詞,サ変接続,*,*,*,*,提出,テイシュツ,テイシュツ	true	2
メールアドレス :	名詞,一般,*,*,*,*,メールアドレス,メールアドレス,メールアドレス	true	1
iyori :	名詞,固有名詞,組織,*,*,*,*	false	1
mbox :	名詞,一般,*,*,*,*,*	false	1
media :	名詞,一般,*,*,*,*,*	false	1
kyoto :	名詞,一般,*,*,*,*,*	false	1
ac :	名詞,一般,*,*,*,*,*	false	1
jp :	名詞,固有名詞,組織,*,*,*,*	false	1
