"/(1)
ETCOQJ(1)
"*(1)
"#(2)
QFPRB(1)
search(2)
":(1)
advanced(1)
aBGQD(1)
Tq(1)
GED(1)
#/(1)
$\•(1)
-"&)(3)
KBVCFJMV(1)
SIQLD(1)
!•(2)
ist(2)
#&(1)
!:'(1)
flickr(1)
TXPSL(1)
PowerPoint(1)
CGM(2)
MJNH(1)
!]'(1)
PFI(1)
EF(1)
rPDF(1)
)-,+,.(1)
!+;:(1)
GC(1)
/~(1)
UIW(1)
XV(1)
",!(1)
YKX(1)
):/(1)
vs(1)
-&:(1)
net(1)
Wa(1)
:"*(1)
TOGz(1)
dk(1)
:=$*(1)
eT(1)
yahoo(1)
#–(1)
OISYTCP(1)
:&•(1)
!.(1)
us(1)
kubota(2)
NPO(1)
jphttp(1)
WF(1)
<@=(1)
hvlqtwx(1)
en(1)
&,$(1)
&-(1)
cb(1)
com(1)
dB(1)
RE(1)
!'=.@(1)
ATq(1)
RB(1)
&((1)
VCUDUsH(1)
tf(1)
%–(1)
cS(1)
*#),!/&((1)
&=(1)
IjemaV(1)
'%(1)
KXV(1)
&>(1)
%^(1)
DZOXTz(1)
QJN(1)
Media(1)
AQ(1)
hatena(2)
kyoto(2)
KNyWRI(1)
/%$=(1)
co(3)
';(1)
dFJS(1)
Web(1)
PQ(1)
':(1)
FOAF(1)
($(1)
LBLA(1)
AI(1)
$'&'%#(1)
UOVRJIA(1)
$%(1)
BW(1)
-\–(1)
$&(1)
BR(1)
BU(1)
$+(1)
$*(1)
www(4)
TO(1)
UETCOQKGALTAV(1)
;?<(1)
TWKNYM(1)
Generated(1)
BYMbk(1)
Atom(1)
SW(1)
*<–(1)
Ad(1)
fviwo(1)
feed(1)
#](1)
#^(1)
#_(1)
%"(1)
'•(1)
%#(1)
TA(1)
%((1)
SPCN(1)
SF(1)
KGALTA(1)
SWA(1)
arWord(1)
./<)(1)
AUGQCDPU(1)
idf(1)
%:(1)
ac(2)
$\(1)
Google(1)
Excel(1)
)•(1)
SemanticWeb(1)
+<((1)
@,*(1)
+&(1)
/&-(1)
+%(1)
Bulkfeeds(1)
<:(1)
,.<(1)
MH(1)
^](1)
jemaOdjml(1)
<)(1)
Wiki(2)
$'.–(1)
#\\(1)
#\[(1)
&%•(1)
:^(1)
KVTDS(1)
,+(1)
*•(1)
op(1)
CSCW(1)
,!(1)
RSSXZQZ(1)
;,(2)
MO(1)
icio(1)
Nature(1)
MEGKN(1)
]=(1)
;%(3)
;:<(1)
>[$(1)
Sdifa(1)
*–(1)
http(5)
*"')((1)
:=(1)
UQBRjNV(1)
SKGALTA(1)
google(2)
PYahoo(1)
FLNI(1)
NPKUF(1)
XCb(1)
org(1)
@;<?(1)
=–(1)
NP(1)
OL(1)
(*(1)
(((1)
del(1)
()(1)
Blog(2)
(-(1)
*#(1)
MKMENAND(1)
HYLEIV(1)
*)(1)
)<(1)
cgY(1)
OR(2)
*–+'*(1)
fmiM(1)
/)•(1)
/$%"<'(1)
ne(2)
wikipedia(1)
)-(1)
)/(1)
/%(2)
/#(1)
/!(1)
Ajax(1)
YMbk(1)
jp(6)
TAEIMTX(1)
[#(1)
SYDFGTN(1)
/)(2)
@=(1)
Wikipedia(1)
/'(1)
@>(1)
MJNHD(1)
ZO(1)
,-;@(1)
HTML(1)
./(1)
[;:(1)
AND(1)
@((1)
.:(1)
#)•(1)
>–(1)
.•(1)
–,(1)
IP(1)
puwG(1)
"!#"'($(1)
Kjcgie(1)
/),(1)
{•(1)
EGIOp(1)
?=(1)
DEHNRLTAE(1)
–$(1)
TAEIMTU(1)
DOM(1)
bulkfeeds(1)
?$(1)
KRGPJBk(1)
^,,[(1)
UQBR(1)
KYLk(1)
/=(1)
OSI(1)
JavaScript(1)
bXi(1)
RSS(2)
(),(1)
/•(2)
>;(1)
-&(1)
(*!$.#(3)
-)(1)
Wdel(1)
hl(2)
/–(1)
://(6)
IRC(1)
,-(1)
LDH(1)
>-(1)
SNS(1)
Nhttp(1)
WRIjkmrYz(1)
>'(1)
jA(1)
[;(1)
KR(1)
Yz(1)
CDHN(1)
\&(1)
ii(2)
=<(1)
?$:(1)
=:(2)
.*(1)
/+-(1)
.,(1)
amazon(1)
.-(1)
?•(1)
-/(2)
TYLZMZVsngf(1)
Consumer(1)
:<+&;(1)
Kj(1)
*;((1)
Amazon(1)
(:,=(1)
,[(1)
ja(2)
,%+.#(3)
{ 1 } { 2 } { 3 } { 4 } { 5 } { 6 } { 7 } { 8 } { 9 } { 10 } { 11 } { 12 } { 13 } { 15 } { 16 } { 17 } { 18 } { 19 } { 20 } { 21 } { 22 } { 23 } { 24 } 
Segment{ 2 }, Segment{ 3 }
コサイン類似度: 0.0
Segment{ 3 }, Segment{ 4 }
コサイン類似度: 0.014418745018211814
Segment{ 4 }, Segment{ 5 }
コサイン類似度: 0.0
Segment{ 5 }, Segment{ 6 }
コサイン類似度: 0.0
Segment{ 6 }, Segment{ 7 }
コサイン類似度: 0.0
Segment{ 7 }, Segment{ 8 }
コサイン類似度: 0.0
Segment{ 8 }, Segment{ 9 }
コサイン類似度: 0.0
Segment{ 9 }, Segment{ 10 }
コサイン類似度: 0.0
Segment{ 10 }, Segment{ 11 }
コサイン類似度: 0.0
Segment{ 11 }, Segment{ 12 }
コサイン類似度: 0.0
Segment{ 12 }, Segment{ 13 }
コサイン類似度: 0.0
Segment{ 13 }, Segment{ 15 }
コサイン類似度: 0.0
Segment{ 15 }, Segment{ 16 }
コサイン類似度: 0.0
Segment{ 16 }, Segment{ 17 }
コサイン類似度: 0.0
Segment{ 17 }, Segment{ 18 }
コサイン類似度: 0.0
Segment{ 18 }, Segment{ 19 }
コサイン類似度: 0.05775429184908712
Segment{ 19 }, Segment{ 20 }
コサイン類似度: 0.018079710661412052
Segment{ 20 }, Segment{ 21 }
コサイン類似度: 0.039685315097988394
Segment{ 21 }, Segment{ 22 }
コサイン類似度: 0.007736387501782407
Segment{ 22 }, Segment{ 23 }
コサイン類似度: 0.0
Segment{ 23 }, Segment{ 24 }
コサイン類似度: 0.0
"/(1)
ETCOQJ(1)
"*(1)
"#(2)
QFPRB(1)
search(1)
":(1)
advanced(1)
aBGQD(1)
Tq(1)
GED(1)
#/(1)
$\•(1)
-"&)(3)
KBVCFJMV(1)
SIQLD(1)
!•(2)
ist(2)
#&(1)
!:'(1)
flickr(1)
TXPSL(1)
PowerPoint(1)
CGM(2)
MJNH(1)
!]'(1)
PFI(1)
EF(1)
rPDF(1)
)-,+,.(1)
!+;:(1)
GC(1)
/~(1)
UIW(1)
XV(1)
",!(1)
YKX(1)
):/(1)
vs(1)
-&:(1)
net(1)
Wa(1)
:"*(1)
TOGz(1)
dk(1)
:=$*(1)
eT(1)
yahoo(1)
#–(1)
OISYTCP(1)
:&•(1)
!.(1)
us(1)
kubota(2)
NPO(1)
jphttp(1)
WF(1)
<@=(1)
hvlqtwx(1)
en(1)
&,$(1)
&-(1)
cb(1)
com(1)
dB(1)
RE(1)
!'=.@(1)
ATq(1)
RB(1)
&((1)
VCUDUsH(1)
tf(1)
%–(1)
cS(1)
*#),!/&((1)
&=(1)
IjemaV(1)
'%(1)
KXV(1)
&>(1)
%^(1)
DZOXTz(1)
QJN(1)
Media(1)
AQ(1)
hatena(2)
kyoto(2)
KNyWRI(1)
/%$=(1)
co(2)
';(1)
dFJS(1)
Web(1)
PQ(1)
':(1)
FOAF(1)
($(1)
LBLA(1)
AI(1)
$'&'%#(1)
UOVRJIA(1)
$%(1)
BW(1)
-\–(1)
$&(1)
BR(1)
BU(1)
$+(1)
$*(1)
www(3)
TO(1)
UETCOQKGALTAV(1)
;?<(1)
TWKNYM(1)
Generated(1)
BYMbk(1)
Atom(1)
SW(1)
*<–(1)
Ad(1)
fviwo(1)
feed(1)
#](1)
#^(1)
#_(1)
%"(1)
'•(1)
%#(1)
TA(1)
%((1)
SPCN(1)
SF(1)
KGALTA(1)
SWA(1)
arWord(1)
./<)(1)
AUGQCDPU(1)
idf(1)
%:(1)
ac(2)
$\(1)
Google(1)
Excel(1)
SemanticWeb(1)
)•(1)
+<((1)
@,*(1)
+&(1)
/&-(1)
+%(1)
Bulkfeeds(1)
<:(1)
,.<(1)
MH(1)
^](1)
jemaOdjml(1)
<)(1)
Wiki(2)
$'.–(1)
#\\(1)
#\[(1)
&%•(1)
:^(1)
KVTDS(1)
,+(1)
*•(1)
op(1)
CSCW(1)
,!(1)
RSSXZQZ(1)
;,(2)
MO(1)
icio(1)
Nature(1)
MEGKN(1)
]=(1)
;%(3)
;:<(1)
>[$(1)
Sdifa(1)
*–(1)
http(4)
*"')((1)
:=(1)
UQBRjNV(1)
SKGALTA(1)
google(1)
PYahoo(1)
FLNI(1)
NPKUF(1)
XCb(1)
org(1)
@;<?(1)
=–(1)
NP(1)
OL(1)
(*(1)
(((1)
del(1)
()(1)
Blog(2)
(-(1)
*#(1)
MKMENAND(1)
HYLEIV(1)
*)(1)
)<(1)
cgY(1)
OR(1)
*–+'*(1)
fmiM(1)
/)•(1)
/$%"<'(1)
ne(2)
wikipedia(1)
)-(1)
)/(1)
/%(2)
/#(1)
/!(1)
Ajax(1)
YMbk(1)
jp(5)
TAEIMTX(1)
[#(1)
SYDFGTN(1)
/)(2)
@=(1)
Wikipedia(1)
/'(1)
@>(1)
MJNHD(1)
ZO(1)
,-;@(1)
HTML(1)
./(1)
[;:(1)
AND(1)
@((1)
.:(1)
#)•(1)
>–(1)
.•(1)
–,(1)
IP(1)
puwG(1)
"!#"'($(1)
Kjcgie(1)
/),(1)
{•(1)
EGIOp(1)
?=(1)
DEHNRLTAE(1)
–$(1)
TAEIMTU(1)
DOM(1)
bulkfeeds(1)
?$(1)
KRGPJBk(1)
^,,[(1)
UQBR(1)
KYLk(1)
/=(1)
OSI(1)
JavaScript(1)
bXi(1)
RSS(2)
(),(1)
/•(2)
>;(1)
-&(1)
(*!$.#(3)
-)(1)
Wdel(1)
hl(2)
/–(1)
://(5)
IRC(1)
,-(1)
LDH(1)
>-(1)
SNS(1)
Nhttp(1)
WRIjkmrYz(1)
>'(1)
jA(1)
[;(1)
KR(1)
Yz(1)
CDHN(1)
\&(1)
ii(2)
=<(1)
?$:(1)
=:(2)
.*(1)
/+-(1)
.,(1)
amazon(1)
.-(1)
?•(1)
-/(2)
TYLZMZVsngf(1)
Consumer(1)
:<+&;(1)
Kj(1)
*;((1)
Amazon(1)
(:,=(1)
,[(1)
ja(2)
,%+.#(3)
{ 1 } { 2 } { 3 } { 4 } { 5 } { 6 } { 7 } { 8 } { 9 } { 10 } { 11 } { 12 } { 13 } { 15 } { 16 } { 17 } { 18 19 } { 20 } { 21 } { 22 } { 23 } { 24 } 
Segment{ 2 }, Segment{ 3 }
コサイン類似度: 0.0
Segment{ 3 }, Segment{ 4 }
コサイン類似度: 0.014418745018211814
Segment{ 4 }, Segment{ 5 }
コサイン類似度: 0.0
Segment{ 5 }, Segment{ 6 }
コサイン類似度: 0.0
Segment{ 6 }, Segment{ 7 }
コサイン類似度: 0.0
Segment{ 7 }, Segment{ 8 }
コサイン類似度: 0.0
Segment{ 8 }, Segment{ 9 }
コサイン類似度: 0.0
Segment{ 9 }, Segment{ 10 }
コサイン類似度: 0.0
Segment{ 10 }, Segment{ 11 }
コサイン類似度: 0.0
Segment{ 11 }, Segment{ 12 }
コサイン類似度: 0.0
Segment{ 12 }, Segment{ 13 }
コサイン類似度: 0.0
Segment{ 13 }, Segment{ 15 }
コサイン類似度: 0.0
Segment{ 15 }, Segment{ 16 }
コサイン類似度: 0.0
Segment{ 16 }, Segment{ 17 }
コサイン類似度: 0.0
Segment{ 17 }, Segment{ 18 19 }
コサイン類似度: 0.0
Segment{ 18 19 }, Segment{ 20 }
コサイン類似度: 0.044478534472472596
Segment{ 20 }, Segment{ 21 }
コサイン類似度: 0.04698812156067827
Segment{ 21 }, Segment{ 22 }
コサイン類似度: 0.011644208445327561
Segment{ 22 }, Segment{ 23 }
コサイン類似度: 0.0
Segment{ 23 }, Segment{ 24 }
コサイン類似度: 0.0
