User(3)
:<"?(1)
ECMAScript(1)
!%,•(2)
<;•(1)
>"-(1)
"@(1)
LanguageHGMozilla(1)
Shell(1)
Why(1)
Apple(1)
#*(1)
!•(3)
ist(2)
kuee(1)
ECNW(1)
#%(2)
EOS(1)
#$(2)
EP(1)
$#(1)
$!(1)
+-)(1)
JScriptBJavaScript(1)
AIMDKJND(1)
sourceforge(2)
CGM(1)
SWebAPI(1)
bin(2)
GD(1)
chasen(1)
/~(1)
HFJ(1)
LanguageH(1)
HTMLC(1)
LIO(1)
,*,*,*,*,$((,-(1)
ACC(1)
#•(1)
CJavaScript(1)
FU(1)
KmorphemeL(1)
Konfabulator(1)
Scripting(1)
World(1)
EGWindows(1)
#–(1)
&+)(1)
news(1)
,@/•(1)
Gadget(1)
HGF(1)
CUI(4)
!"(1)
!((1)
Character(1)
CGUIGLH(1)
juman(1)
kubota(2)
GUI(2)
jphttp(1)
%*•(1)
!=(1)
Language(1)
KwordL(1)
XML(1)
/!•(1)
bash(1)
FPNQMB(1)
DFHG(1)
Open(1)
ARASRBSA(1)
com(1)
,*,*,*,*,&,(1)
MeCabQ(2)
&'(1)
PGoogle(1)
change(1)
CGUIPTQ(1)
AssociationC(1)
,*,*,*,#%,+.,+.(1)
*->&+(1)
PHTMLSXHTMLSRSS(1)
WUO(1)
^^^(1)
Suggest(1)
,@/(1)
'&(1)
&?(1)
%•(1)
QZX(1)
AT(1)
',(1)
da(1)
Media(1)
Binary(1)
MeCab(6)
kyoto(3)
KphraseL(1)
QC(1)
Microsoft(1)
@;/<(1)
SWeb(1)
&–(1)
Interface(3)
AD(1)
'>(1)
co(1)
$((((((((&#%$(((1)
Application(1)
(&(2)
Gadgets(1)
cd(1)
$%(1)
result(1)
IJavaScriptH(1)
TD(1)
DHJ(1)
RGUI(1)
.$/"(1)
BT(1)
ProcessingO(1)
www(2)
Widgets(1)
$/(1)
EWindows(1)
Yahoo(2)
TS(1)
Generated(1)
+>,(1)
#"'(1)
GKC(1)
BP(1)
nri(1)
ComputerManufacturer(1)
%*(1)
SI(1)
];=(1)
DA(2)
%.(1)
EOHF(1)
Hello(1)
CI(1)
CF(1)
;@)(1)
Bc(1)
RY(1)
=&'(1)
ac(3)
%@(1)
html(2)
%>(1)
Google(2)
!@-(1)
(•(1)
)•(1)
AppleScript(1)
for(1)
<;(1)
<:(1)
package(1)
BCEJ(2)
*=(1)
)–(1)
MI(1)
MJ(1)
:\(2)
GOL(1)
COMMAND(1)
,((1)
*•(1)
:–(1)
;.(2)
COM(1)
\_(1)
bGUIC(1)
XMLCXHTML(1)
MS(2)
mecab(5)
WPF(1)
PNQM(1)
TBH(1)
ECMABEuropean(1)
"!('(1)
;#(1)
http(3)
+-,)*((1)
Enter(1)
NA(1)
:;(1)
+,(1)
+-(2)
)$(1)
KsentenceL(1)
)!(1)
)((1)
Dashboard(1)
NW(1)
:/(1)
-+?/(1)
'[(1)
OM(1)
,*,*(1)
GMAKINA(2)
WSH(1)
command(2)
Foundation(1)
RASPNQM(1)
(((1)
GHTML(1)
(,(1)
HDashboard(1)
JKLOI(1)
LHPF(2)
XMLQ(1)
Opera(1)
PAsynchronous(1)
OS(1)
NNatural(1)
EFU(1)
UNIX(1)
+-@;/<(1)
Windows(1)
GMPDQCGUIR(2)
XULGXML(1)
directory(1)
,+.(1)
)*(2)
hiki(1)
VBScript(1)
),(1)
'&((1)
,*,*,*,*,(,(1)
nl(1)
PC(1)
lzh(1)
,*,*,*,*,((,(1)
Ajax(1)
jp(5)
KphonemeL(1)
Architecture(1)
Markup(1)
)+*(1)
Maps(1)
/*(1)
bJavaScript(1)
@>(1)
@!(1)
CGUI(2)
HTML(2)
ActiveX(1)
@)(1)
.=(1)
IC(1)
nlp(1)
ChaSen(1)
CSP(1)
ALT(1)
IN(1)
$:/(1)
/)*(1)
Ctrl(1)
=•(3)
–!(1)
YM(1)
comecho(1)
URBS(1)
/<(1)
NRI(1)
-)+(1)
DOS(1)
/>(2)
JG(1)
JavaScript(1)
?,(3)
Graphical(1)
Bourne(1)
/<*(1)
>.(1)
GWindows(1)
"'((1)
-,(1)
txt(2)
>"(1)
://(4)
KCGM(1)
,-(1)
EverywhereHIXAMLGeXtensible(1)
=?(1)
Vista(1)
/+@(1)
naist(1)
JScript(1)
KC(1)
sumomo(2)
-=(1)
zip(1)
KP(1)
-@(1)
KM(1)
resource(1)
ii(2)
.((1)
\*(1)
JUMAN(1)
/+-(1)
Jscript(1)
.-(1)
KtextL(1)
=#(1)
?•(1)
/<;(1)
<>(3)
Consumer(1)
Presentation(1)
LJ(1)
tgz(1)
{ 1 } { 2 } { 3 } { 4 } { 5 } { 6 } { 7 } { 8 } { 9 } { 10 } { 11 } { 12 } { 13 } { 14 } { 15 } { 16 } { 17 } { 18 } { 19 } { 20 } { 21 } 
Segment{ 2 }, Segment{ 3 }
コサイン類似度: 0.0
Segment{ 3 }, Segment{ 4 }
コサイン類似度: 0.006503993390645274
Segment{ 4 }, Segment{ 5 }
コサイン類似度: 0.002740166623468563
Segment{ 5 }, Segment{ 6 }
コサイン類似度: 0.006072425055652739
Segment{ 6 }, Segment{ 7 }
コサイン類似度: 0.00949692254342833
Segment{ 7 }, Segment{ 8 }
コサイン類似度: 0.016727013134508292
Segment{ 8 }, Segment{ 9 }
コサイン類似度: 0.0
Segment{ 9 }, Segment{ 10 }
コサイン類似度: 0.0
Segment{ 10 }, Segment{ 11 }
コサイン類似度: 0.0
Segment{ 11 }, Segment{ 12 }
コサイン類似度: 0.0
Segment{ 12 }, Segment{ 13 }
コサイン類似度: 0.018563675300254743
Segment{ 13 }, Segment{ 14 }
コサイン類似度: 0.008823311121473562
Segment{ 14 }, Segment{ 15 }
コサイン類似度: 0.004279076342922322
Segment{ 15 }, Segment{ 16 }
コサイン類似度: 0.0
Segment{ 16 }, Segment{ 17 }
コサイン類似度: 0.0
Segment{ 17 }, Segment{ 18 }
コサイン類似度: 0.3675358835067219
Segment{ 18 }, Segment{ 19 }
コサイン類似度: 0.0
Segment{ 19 }, Segment{ 20 }
コサイン類似度: 0.0
Segment{ 20 }, Segment{ 21 }
コサイン類似度: 0.0
User(3)
:<"?(1)
ECMAScript(1)
!%,•(2)
<;•(1)
>"-(1)
"@(1)
LanguageHGMozilla(1)
Shell(1)
Why(1)
Apple(1)
#*(1)
!•(3)
ist(2)
kuee(1)
ECNW(1)
#%(2)
EOS(1)
#$(2)
EP(1)
$#(1)
$!(1)
+-)(1)
JScriptBJavaScript(1)
AIMDKJND(1)
sourceforge(2)
CGM(1)
SWebAPI(1)
bin(2)
GD(1)
chasen(1)
/~(1)
HFJ(1)
LanguageH(1)
HTMLC(1)
LIO(1)
,*,*,*,*,$((,-(1)
ACC(1)
#•(1)
CJavaScript(1)
FU(1)
KmorphemeL(1)
Konfabulator(1)
Scripting(1)
World(1)
EGWindows(1)
#–(1)
&+)(1)
news(1)
,@/•(1)
Gadget(1)
HGF(1)
CUI(4)
!"(1)
!((1)
Character(1)
CGUIGLH(1)
juman(1)
kubota(2)
GUI(2)
jphttp(1)
%*•(1)
!=(1)
Language(1)
KwordL(1)
XML(1)
/!•(1)
bash(1)
FPNQMB(1)
DFHG(1)
Open(1)
ARASRBSA(1)
com(1)
,*,*,*,*,&,(1)
MeCabQ(2)
&'(1)
PGoogle(1)
change(1)
CGUIPTQ(1)
AssociationC(1)
,*,*,*,#%,+.,+.(1)
*->&+(1)
PHTMLSXHTMLSRSS(1)
WUO(1)
^^^(1)
Suggest(1)
,@/(1)
'&(1)
&?(1)
%•(1)
QZX(1)
AT(1)
',(1)
da(1)
Media(1)
Binary(1)
MeCab(5)
kyoto(3)
KphraseL(1)
QC(1)
Microsoft(1)
@;/<(1)
SWeb(1)
&–(1)
Interface(3)
AD(1)
'>(1)
co(1)
$((((((((&#%$(((1)
Application(1)
(&(2)
Gadgets(1)
cd(1)
$%(1)
result(1)
IJavaScriptH(1)
TD(1)
DHJ(1)
RGUI(1)
.$/"(1)
BT(1)
ProcessingO(1)
www(2)
Widgets(1)
$/(1)
EWindows(1)
Yahoo(2)
TS(1)
Generated(1)
+>,(1)
#"'(1)
GKC(1)
BP(1)
nri(1)
ComputerManufacturer(1)
%*(1)
SI(1)
];=(1)
DA(2)
%.(1)
EOHF(1)
Hello(1)
CI(1)
CF(1)
;@)(1)
Bc(1)
RY(1)
=&'(1)
ac(3)
%@(1)
html(2)
%>(1)
Google(2)
!@-(1)
(•(1)
)•(1)
AppleScript(1)
for(1)
<;(1)
<:(1)
package(1)
BCEJ(2)
*=(1)
)–(1)
MI(1)
MJ(1)
:\(2)
GOL(1)
COMMAND(1)
,((1)
*•(1)
:–(1)
;.(2)
COM(1)
\_(1)
bGUIC(1)
XMLCXHTML(1)
MS(2)
mecab(4)
WPF(1)
PNQM(1)
TBH(1)
ECMABEuropean(1)
"!('(1)
;#(1)
http(3)
+-,)*((1)
Enter(1)
NA(1)
:;(1)
+,(1)
+-(2)
)$(1)
KsentenceL(1)
)!(1)
)((1)
Dashboard(1)
NW(1)
:/(1)
-+?/(1)
'[(1)
OM(1)
,*,*(1)
GMAKINA(2)
WSH(1)
command(2)
Foundation(1)
RASPNQM(1)
(((1)
GHTML(1)
(,(1)
HDashboard(1)
JKLOI(1)
LHPF(2)
XMLQ(1)
Opera(1)
PAsynchronous(1)
OS(1)
NNatural(1)
EFU(1)
UNIX(1)
+-@;/<(1)
Windows(1)
GMPDQCGUIR(2)
XULGXML(1)
directory(1)
,+.(1)
)*(2)
hiki(1)
VBScript(1)
),(1)
'&((1)
,*,*,*,*,(,(1)
nl(1)
PC(1)
lzh(1)
,*,*,*,*,((,(1)
Ajax(1)
jp(5)
KphonemeL(1)
Architecture(1)
Markup(1)
)+*(1)
Maps(1)
/*(1)
bJavaScript(1)
@>(1)
@!(1)
CGUI(2)
HTML(2)
ActiveX(1)
@)(1)
.=(1)
IC(1)
nlp(1)
ChaSen(1)
CSP(1)
ALT(1)
IN(1)
$:/(1)
/)*(1)
Ctrl(1)
=•(3)
–!(1)
YM(1)
comecho(1)
URBS(1)
/<(1)
NRI(1)
-)+(1)
DOS(1)
/>(2)
JG(1)
JavaScript(1)
?,(3)
Graphical(1)
Bourne(1)
/<*(1)
>.(1)
GWindows(1)
"'((1)
-,(1)
txt(1)
>"(1)
://(4)
KCGM(1)
,-(1)
EverywhereHIXAMLGeXtensible(1)
=?(1)
Vista(1)
/+@(1)
naist(1)
JScript(1)
KC(1)
sumomo(1)
-=(1)
zip(1)
KP(1)
-@(1)
KM(1)
resource(1)
ii(2)
.((1)
\*(1)
JUMAN(1)
/+-(1)
Jscript(1)
.-(1)
KtextL(1)
=#(1)
?•(1)
/<;(1)
<>(3)
Consumer(1)
Presentation(1)
LJ(1)
tgz(1)
{ 1 } { 2 } { 3 } { 4 } { 5 } { 6 } { 7 } { 8 } { 9 } { 10 } { 11 } { 12 } { 13 } { 14 } { 15 } { 16 } { 17 18 } { 19 } { 20 } { 21 } 
Segment{ 2 }, Segment{ 3 }
コサイン類似度: 0.0
Segment{ 3 }, Segment{ 4 }
コサイン類似度: 0.006503993390645274
Segment{ 4 }, Segment{ 5 }
コサイン類似度: 0.002740166623468563
Segment{ 5 }, Segment{ 6 }
コサイン類似度: 0.006072425055652739
Segment{ 6 }, Segment{ 7 }
コサイン類似度: 0.00949692254342833
Segment{ 7 }, Segment{ 8 }
コサイン類似度: 0.016727013134508292
Segment{ 8 }, Segment{ 9 }
コサイン類似度: 0.0
Segment{ 9 }, Segment{ 10 }
コサイン類似度: 0.0
Segment{ 10 }, Segment{ 11 }
コサイン類似度: 0.0
Segment{ 11 }, Segment{ 12 }
コサイン類似度: 0.0
Segment{ 12 }, Segment{ 13 }
コサイン類似度: 0.02740284791644996
Segment{ 13 }, Segment{ 14 }
コサイン類似度: 0.012398050497841394
Segment{ 14 }, Segment{ 15 }
コサイン類似度: 0.006138257581806556
Segment{ 15 }, Segment{ 16 }
コサイン類似度: 0.0
Segment{ 16 }, Segment{ 17 18 }
コサイン類似度: 0.0
Segment{ 17 18 }, Segment{ 19 }
コサイン類似度: 0.0
Segment{ 19 }, Segment{ 20 }
コサイン類似度: 0.0
Segment{ 20 }, Segment{ 21 }
コサイン類似度: 0.0
