TitleSection(1)
"-(1)
encyclopaedias(1)
"'(1)
""(1)
DX(1)
"#(1)
ABBB(1)
">(1)
britannica(1)
%=>@?(1)
WYRTVK(1)
DF(1)
fn(1)
/"><(1)
DJ(1)
#/(1)
Wide(1)
#)(2)
hosting(1)
Semantic(1)
#((3)
#$(1)
WikiWikiWeb(1)
$!(1)
#?(1)
sourceforge(2)
"(*)(1)
xfn(1)
bin(1)
go(1)
eU(1)
MNJGHL(1)
RDFL(1)
;/!:(1)
net(2)
eb(1)
GOPSXa(1)
entries(1)
FJ(1)
eT(1)
!+(1)
readable(1)
.,-(1)
HB(1)
JHIDJ(1)
.#"/(1)
\\`(1)
jphttp(1)
fswiki(1)
"!(1)
what(1)
quickstart(1)
EBZM(1)
NIKKI(1)
en(1)
XML(5)
rel(1)
"#–(1)
&*(1)
resources(1)
&'(1)
pdf(1)
docs(2)
&((1)
by(2)
%!#/(1)
close(1)
/></(1)
Qkizasi(1)
'$(1)
reviewer(1)
'&(1)
&>(1)
embedding(1)
IHG(1)
'"(1)
AT(1)
Microformat(2)
XFN(1)
get(1)
kyoto(10)
cz(1)
dZ(1)
abbr(1)
GHg(1)
)#–(1)
and(2)
'>(1)
AA(1)
AB(1)
EditMode(1)
':(1)
Web(5)
AF(1)
('(1)
(%(1)
span(2)
HJI(1)
$'(1)
$((2)
$+(1)
existing(1)
hReview(1)
CA(1)
OOOfolksonomy(1)
eacQSUW(1)
Friends(1)
CZQ(1)
./,(1)
response(1)
normalize(1)
met(1)
Main(1)
style(1)
alt(1)
$>(1)
semantic(1)
colleague(1)
photo(1)
!>•(1)
see(1)
CE(1)
%<(1)
ac(10)
Bo(2)
namesoften(1)
&#(1)
+%>(1)
+'(1)
+&(1)
no(1)
spritetime(1)
gmpg(1)
*>(1)
*:(1)
of(1)
TEOKMd(1)
Wiki(8)
?:=(1)
php(1)
DMicroformats(1)
on(2)
*/(1)
border(1)
*-(1)
final(1)
,+(1)
hatenadiary(1)
services(1)
%*,"'(1)
+@(1)
,"(1)
`•(1)
RUMVhttp(1)
Nature(1)
+=(1)
Lee(1)
UFF(1)
http(15)
MediaWiki(1)
domainin(1)
)#(1)
HTMLdXMLdSemanticWebdRS(1)
(@(1)
=“(1)
IFL(1)
)%(1)
spriteinfo(1)
_•(1)
&-/.(1)
NO(1)
reStructuredText(1)
Way(3)
JSONDJavaScript(1)
veryreadable(1)
kuis(6)
>-<(1)
DYAML(1)
wiki(4)
(/(1)
(-(1)
%&$"(1)
IXeV(1)
CaHTML(1)
NRdQ(1)
"$&#(2)
machines(1)
+'.(1)
PN(1)
item(1)
ne(2)
wikipedia(1)
HTMLDXMLDRDF(1)
accuracy(1)
Definition(1)
/%(1)
markup(3)
FreeStyleWiki(1)
second(1)
spritecontents(1)
/"(1)
)'<*(1)
finds(1)
/-(1)
reliability(1)
jp(12)
Wikipedia(4)
^–(1)
HTML(11)
\^](1)
PQIHMO(1)
none(1)
useful(1)
investigation(1)
[^](1)
conventionsfor(1)
IE(1)
positlog(7)
>–(2)
TitleChapter(1)
\•(1)
jbar(1)
Wales(1)
QPUTC(1)
=•(1)
li(1)
corporate(1)
ld(1)
Network(1)
/<(2)
#&#(1)
HTMLDF(1)
Ih(1)
Nucleus(1)
storybook(2)
iQ(1)
mediawiki(1)
/<,(1)
-"(1)
-%(1)
It(1)
-)(1)
Ja(1)
id(2)
jD(1)
@•(1)
Chapter(1)
YAML(2)
NotationE(1)
,:(1)
is(2)
worst(1)
ii(4)
problem(1)
.)(1)
.*(1)
in(2)
human(1)
@:)(1)
MLcYK(1)
rating(1)
feeds(1)
itp(3)
its(1)
-</(2)
poi(1)
"><(1)
nature(1)
markupfor(1)
Page(1)
Lightweight(3)
PythonLQKJQN(1)
href(2)
microformats(2)
*=.(1)
!•(1)
EMNPKS(1)
ist(4)
immy(1)
UE(1)
WikiM(1)
Hyper(1)
UG(1)
content(1)
OPSX(1)
load(3)
Posted(1)
/~(3)
yaml(2)
advert(1)
Ward(3)
simple(1)
Humans(1)
$&,(1)
hnf(1)
easy(1)
best(1)
LanguageE(1)
World(1)
+!/.),(1)
+'*#!(1)
#–(2)
$–(1)
documents(2)
Title(1)
kubota(3)
BEH(1)
HTMLBXMLCDAR(1)
XMLthat(1)
standardsto(1)
admin(1)
documentation(1)
Tim(1)
'*#–(1)
decentralized(1)
to(2)
+?@(1)
quickref(1)
com(2)
terms(1)
Qp(1)
sprite(2)
docutils(2)
science(1)
Berners(1)
DFW(1)
rst(2)
eUf(1)
='./(1)
'=<(1)
ViewMode(1)
QA(1)
+-'()*,(1)
hatena(2)
Pc(1)
spriteauthor(1)
+"'(1)
'#=(1)
humans(1)
:>;(1)
spritepositlink(1)
url(1)
;:=>(1)
!&*.(1)
FOAF(1)
patternsusing(1)
'><(1)
blogimg(1)
#";(1)
>](<(1)
www(10)
Microformats(4)
journal(1)
ATEOL(1)
blosxom(1)
json(1)
Atom(1)
Cunningham(3)
implement(1)
plain(1)
System(1)
></(2)
qo(1)
XHTML(1)
/">(1)
$@*(1)
you(1)
IXZ(1)
usage(1)
html(9)
Leuf(2)
interoperable(1)
(•(1)
brief(1)
)•(1)
SemanticWeb(4)
for(1)
</(2)
<$(1)
HBWebK(1)
)–(5)
are(1)
&$!#'(1)
;<(1)
ATNHK(1)
*•(1)
McXeV(1)
aBlogOPSXa(1)
Ain(1)
\`(1)
">...–(1)
htmlWCOUNHIX(1)
start(1)
conventions(1)
language(3)
;!(1)
;"(1)
Internet(1)
hreview(1)
,#.>"!?(1)
link(1)
line(1)
+•(1)
org(7)
:*(1)
developmentof(1)
mode(2)
title(1)
theaccuracy(1)
-=<–(1)
URL(1)
Object(1)
(:!/.),(1)
based(1)
enable(1)
Markup(1)
&'=(1)
@?(1)
cresta(6)
?@(1)
eigaseikatu(1)
tools(1)
@"(1)
cgi(3)
head(1)
@.(1)
XZ(1)
KRT(1)
.•(1)
ahref(1)
tDiary(1)
class(3)
comes(1)
?>(1)
dCUDUL(1)
–!(1)
powered(1)
@&'(1)
Cclass(1)
SLPT(1)
program(1)
.–(1)
imgsrc(1)
RHTML(1)
?((1)
rest(1)
?.(1)
JavaScript(1)
friend(1)
RSS(2)
specific(1)
/•(2)
>:(1)
div(2)
()"(1)
><(2)
>=(1)
$?:.+–(1)
dtreviewed(1)
FXML(1)
://(17)
/–(4)
xxx(1)
Britannica(1)
full(1)
XclassLSP(1)
>+(1)
PositLog(8)
>,(1)
descriptive(1)
>)(1)
with(1)
[<(1)
keyword(1)
vcard(1)
aclass(1)
Not(3)
KPd(1)
="(2)
WebAPIC(1)
BWikiQbec(1)
=@((1)
user(1)
first(1)
='(1)
=&(1)
TitleSubsection(1)
{ 1 } { 2 } { 3 } { 4 } { 5 } { 6 } { 7 } { 8 } { 9 } { 10 } { 11 } { 12 } { 13 } { 14 } { 15 } { 16 } { 17 } { 18 } { 19 } { 20 } { 21 } { 22 } { 23 } { 24 } { 25 } { 26 } 
Segment{ 2 }, Segment{ 3 }
コサイン類似度: 0.01722574841143821
Segment{ 3 }, Segment{ 4 }
コサイン類似度: 2.4810342001354234E-4
Segment{ 4 }, Segment{ 5 }
コサイン類似度: 0.011574198132394378
Segment{ 5 }, Segment{ 6 }
コサイン類似度: 0.002479053740161931
Segment{ 6 }, Segment{ 7 }
コサイン類似度: 0.012935002147291234
Segment{ 7 }, Segment{ 8 }
コサイン類似度: 0.007499611732586884
Segment{ 8 }, Segment{ 9 }
コサイン類似度: 0.005646608125001365
Segment{ 9 }, Segment{ 10 }
コサイン類似度: 0.06866660878958158
Segment{ 10 }, Segment{ 11 }
コサイン類似度: 0.026723325198384464
Segment{ 11 }, Segment{ 12 }
コサイン類似度: 0.004492430410556305
Segment{ 12 }, Segment{ 13 }
コサイン類似度: 0.09257452587989251
Segment{ 13 }, Segment{ 14 }
コサイン類似度: 0.01584691780846228
Segment{ 14 }, Segment{ 15 }
コサイン類似度: 0.009307468508314857
Segment{ 15 }, Segment{ 16 }
コサイン類似度: 0.0021632484692675523
Segment{ 16 }, Segment{ 17 }
コサイン類似度: 0.15279859294853046
Segment{ 17 }, Segment{ 18 }
コサイン類似度: 0.0
Segment{ 18 }, Segment{ 19 }
コサイン類似度: 0.004740797844306138
Segment{ 19 }, Segment{ 20 }
コサイン類似度: 0.005204895887169468
Segment{ 20 }, Segment{ 21 }
コサイン類似度: 0.009947272670378387
Segment{ 21 }, Segment{ 22 }
コサイン類似度: 0.10550301996521774
Segment{ 22 }, Segment{ 23 }
コサイン類似度: 0.027406031169704307
Segment{ 23 }, Segment{ 24 }
コサイン類似度: 0.060228707232691504
Segment{ 24 }, Segment{ 25 }
コサイン類似度: 0.00981132543713857
Segment{ 25 }, Segment{ 26 }
コサイン類似度: 0.0
TitleSection(1)
"-(1)
encyclopaedias(1)
"'(1)
""(1)
DX(1)
"#(1)
ABBB(1)
">(1)
britannica(1)
%=>@?(1)
WYRTVK(1)
DF(1)
/"><(1)
fn(1)
DJ(1)
#/(1)
Wide(1)
#)(2)
hosting(1)
Semantic(1)
#((3)
#$(1)
WikiWikiWeb(1)
$!(1)
#?(1)
sourceforge(2)
"(*)(1)
xfn(1)
bin(1)
go(1)
eU(1)
MNJGHL(1)
RDFL(1)
;/!:(1)
net(2)
eb(1)
GOPSXa(1)
entries(1)
FJ(1)
eT(1)
!+(1)
readable(1)
.,-(1)
HB(1)
JHIDJ(1)
.#"/(1)
\\`(1)
jphttp(1)
fswiki(1)
"!(1)
what(1)
quickstart(1)
EBZM(1)
NIKKI(1)
en(1)
rel(1)
XML(5)
"#–(1)
&*(1)
resources(1)
&'(1)
pdf(1)
docs(2)
&((1)
by(2)
%!#/(1)
close(1)
/></(1)
Qkizasi(1)
'$(1)
reviewer(1)
'&(1)
&>(1)
embedding(1)
IHG(1)
'"(1)
XFN(1)
AT(1)
Microformat(2)
get(1)
kyoto(9)
cz(1)
dZ(1)
abbr(1)
GHg(1)
)#–(1)
and(2)
'>(1)
AA(1)
AB(1)
EditMode(1)
':(1)
Web(5)
AF(1)
('(1)
(%(1)
span(2)
HJI(1)
$'(1)
$((2)
$+(1)
existing(1)
hReview(1)
CA(1)
Friends(1)
OOOfolksonomy(1)
eacQSUW(1)
CZQ(1)
./,(1)
response(1)
met(1)
normalize(1)
Main(1)
style(1)
alt(1)
$>(1)
colleague(1)
semantic(1)
photo(1)
!>•(1)
see(1)
CE(1)
%<(1)
ac(9)
Bo(2)
namesoften(1)
&#(1)
+%>(1)
+'(1)
+&(1)
no(1)
spritetime(1)
gmpg(1)
*>(1)
*:(1)
of(1)
TEOKMd(1)
Wiki(8)
?:=(1)
php(1)
DMicroformats(1)
on(2)
*/(1)
border(1)
*-(1)
final(1)
,+(1)
hatenadiary(1)
services(1)
%*,"'(1)
+@(1)
,"(1)
`•(1)
RUMVhttp(1)
Nature(1)
+=(1)
Lee(1)
UFF(1)
http(14)
MediaWiki(1)
domainin(1)
)#(1)
HTMLdXMLdSemanticWebdRS(1)
(@(1)
=“(1)
IFL(1)
)%(1)
spriteinfo(1)
_•(1)
&-/.(1)
NO(1)
reStructuredText(1)
Way(3)
JSONDJavaScript(1)
veryreadable(1)
kuis(6)
>-<(1)
DYAML(1)
wiki(4)
(/(1)
(-(1)
%&$"(1)
IXeV(1)
CaHTML(1)
NRdQ(1)
"$&#(2)
machines(1)
+'.(1)
PN(1)
item(1)
ne(2)
wikipedia(1)
HTMLDXMLDRDF(1)
accuracy(1)
Definition(1)
/%(1)
markup(3)
FreeStyleWiki(1)
second(1)
/"(1)
)'<*(1)
spritecontents(1)
finds(1)
/-(1)
reliability(1)
jp(11)
Wikipedia(4)
^–(1)
HTML(11)
\^](1)
PQIHMO(1)
none(1)
useful(1)
investigation(1)
[^](1)
conventionsfor(1)
IE(1)
positlog(7)
>–(2)
TitleChapter(1)
\•(1)
jbar(1)
Wales(1)
QPUTC(1)
=•(1)
li(1)
corporate(1)
Network(1)
ld(1)
/<(2)
#&#(1)
HTMLDF(1)
Ih(1)
Nucleus(1)
storybook(2)
iQ(1)
mediawiki(1)
/<,(1)
-"(1)
-%(1)
It(1)
-)(1)
Ja(1)
id(2)
jD(1)
@•(1)
Chapter(1)
YAML(2)
NotationE(1)
,:(1)
is(2)
worst(1)
ii(4)
problem(1)
.)(1)
.*(1)
in(2)
human(1)
@:)(1)
MLcYK(1)
rating(1)
feeds(1)
itp(3)
its(1)
-</(2)
poi(1)
"><(1)
nature(1)
markupfor(1)
Page(1)
Lightweight(3)
PythonLQKJQN(1)
href(1)
microformats(2)
*=.(1)
!•(1)
EMNPKS(1)
ist(4)
immy(1)
UE(1)
WikiM(1)
Hyper(1)
UG(1)
content(1)
OPSX(1)
load(3)
Posted(1)
/~(3)
yaml(2)
advert(1)
Ward(3)
simple(1)
Humans(1)
$&,(1)
hnf(1)
easy(1)
best(1)
LanguageE(1)
World(1)
+!/.),(1)
+'*#!(1)
#–(2)
$–(1)
documents(2)
Title(1)
kubota(3)
BEH(1)
HTMLBXMLCDAR(1)
XMLthat(1)
standardsto(1)
admin(1)
documentation(1)
Tim(1)
'*#–(1)
decentralized(1)
to(2)
+?@(1)
quickref(1)
com(2)
terms(1)
Qp(1)
sprite(2)
docutils(2)
science(1)
Berners(1)
DFW(1)
rst(2)
eUf(1)
='./(1)
'=<(1)
ViewMode(1)
QA(1)
+-'()*,(1)
hatena(2)
Pc(1)
spriteauthor(1)
+"'(1)
'#=(1)
humans(1)
:>;(1)
spritepositlink(1)
url(1)
;:=>(1)
!&*.(1)
FOAF(1)
patternsusing(1)
'><(1)
blogimg(1)
#";(1)
>](<(1)
www(9)
Microformats(3)
journal(1)
ATEOL(1)
blosxom(1)
json(1)
Atom(1)
Cunningham(3)
implement(1)
plain(1)
System(1)
></(2)
qo(1)
XHTML(1)
/">(1)
$@*(1)
you(1)
IXZ(1)
usage(1)
html(9)
Leuf(2)
interoperable(1)
(•(1)
brief(1)
)•(1)
SemanticWeb(4)
for(1)
</(2)
<$(1)
HBWebK(1)
)–(5)
are(1)
&$!#'(1)
;<(1)
ATNHK(1)
*•(1)
McXeV(1)
aBlogOPSXa(1)
Ain(1)
\`(1)
">...–(1)
htmlWCOUNHIX(1)
start(1)
conventions(1)
language(3)
;!(1)
;"(1)
Internet(1)
,#.>"!?(1)
hreview(1)
link(1)
line(1)
+•(1)
org(6)
:*(1)
developmentof(1)
mode(2)
title(1)
theaccuracy(1)
-=<–(1)
URL(1)
Object(1)
(:!/.),(1)
based(1)
enable(1)
Markup(1)
&'=(1)
@?(1)
cresta(6)
?@(1)
eigaseikatu(1)
tools(1)
@"(1)
cgi(3)
head(1)
@.(1)
XZ(1)
KRT(1)
.•(1)
ahref(1)
tDiary(1)
class(3)
comes(1)
?>(1)
dCUDUL(1)
–!(1)
powered(1)
@&'(1)
Cclass(1)
SLPT(1)
program(1)
.–(1)
imgsrc(1)
RHTML(1)
?((1)
rest(1)
?.(1)
JavaScript(1)
friend(1)
RSS(2)
specific(1)
/•(2)
>:(1)
div(2)
()"(1)
><(2)
>=(1)
$?:.+–(1)
dtreviewed(1)
FXML(1)
xxx(1)
://(16)
/–(4)
Britannica(1)
full(1)
XclassLSP(1)
>+(1)
PositLog(8)
>,(1)
descriptive(1)
>)(1)
with(1)
[<(1)
keyword(1)
vcard(1)
aclass(1)
Not(3)
="(1)
KPd(1)
WebAPIC(1)
BWikiQbec(1)
=@((1)
user(1)
first(1)
='(1)
=&(1)
TitleSubsection(1)
{ 1 } { 2 } { 3 } { 4 } { 5 } { 6 } { 7 } { 8 } { 9 } { 10 } { 11 } { 12 } { 13 } { 14 } { 15 } { 16 17 } { 18 } { 19 } { 20 } { 21 } { 22 } { 23 } { 24 } { 25 } { 26 } 
Segment{ 2 }, Segment{ 3 }
コサイン類似度: 0.01722574841143821
Segment{ 3 }, Segment{ 4 }
コサイン類似度: 2.4810342001354234E-4
Segment{ 4 }, Segment{ 5 }
コサイン類似度: 0.011574198132394378
Segment{ 5 }, Segment{ 6 }
コサイン類似度: 0.002475860080162041
Segment{ 6 }, Segment{ 7 }
コサイン類似度: 0.013872984317545195
Segment{ 7 }, Segment{ 8 }
コサイン類似度: 0.0078117817656925955
Segment{ 8 }, Segment{ 9 }
コサイン類似度: 0.005703282419255159
Segment{ 9 }, Segment{ 10 }
コサイン類似度: 0.0687592869108552
Segment{ 10 }, Segment{ 11 }
コサイン類似度: 0.027109007401135074
Segment{ 11 }, Segment{ 12 }
コサイン類似度: 0.005643573004148421
Segment{ 12 }, Segment{ 13 }
コサイン類似度: 0.09476219612748572
Segment{ 13 }, Segment{ 14 }
コサイン類似度: 0.01706861929037552
Segment{ 14 }, Segment{ 15 }
コサイン類似度: 0.009916235558412515
Segment{ 15 }, Segment{ 16 17 }
コサイン類似度: 0.0817850027578167
Segment{ 16 17 }, Segment{ 18 }
コサイン類似度: 6.088140944507989E-4
Segment{ 18 }, Segment{ 19 }
コサイン類似度: 0.004740797844306138
Segment{ 19 }, Segment{ 20 }
コサイン類似度: 0.005202682678884334
Segment{ 20 }, Segment{ 21 }
コサイン類似度: 0.010654434941127671
Segment{ 21 }, Segment{ 22 }
コサイン類似度: 0.1054607935220294
Segment{ 22 }, Segment{ 23 }
コサイン類似度: 0.027379377516465245
Segment{ 23 }, Segment{ 24 }
コサイン類似度: 0.061315184562794035
Segment{ 24 }, Segment{ 25 }
コサイン類似度: 0.011233622615671596
Segment{ 25 }, Segment{ 26 }
コサイン類似度: 0.0
TitleSection(1)
"-(1)
encyclopaedias(1)
"'(1)
""(1)
DX(1)
"#(1)
ABBB(1)
">(1)
britannica(1)
%=>@?(1)
WYRTVK(1)
DF(1)
/"><(1)
fn(1)
DJ(1)
#/(1)
Wide(1)
#)(2)
hosting(1)
Semantic(1)
#((3)
#$(1)
WikiWikiWeb(1)
$!(1)
#?(1)
sourceforge(2)
"(*)(1)
xfn(1)
bin(1)
go(1)
eU(1)
MNJGHL(1)
RDFL(1)
;/!:(1)
net(2)
eb(1)
GOPSXa(1)
entries(1)
FJ(1)
eT(1)
!+(1)
readable(1)
.,-(1)
HB(1)
JHIDJ(1)
.#"/(1)
\\`(1)
jphttp(1)
fswiki(1)
"!(1)
what(1)
quickstart(1)
EBZM(1)
NIKKI(1)
en(1)
rel(1)
XML(5)
"#–(1)
&*(1)
resources(1)
&'(1)
pdf(1)
docs(2)
&((1)
by(2)
%!#/(1)
close(1)
/></(1)
Qkizasi(1)
'$(1)
reviewer(1)
'&(1)
&>(1)
embedding(1)
IHG(1)
'"(1)
XFN(1)
AT(1)
Microformat(2)
get(1)
kyoto(9)
cz(1)
dZ(1)
abbr(1)
GHg(1)
)#–(1)
and(2)
'>(1)
AA(1)
AB(1)
EditMode(1)
':(1)
Web(5)
AF(1)
('(1)
(%(1)
span(2)
HJI(1)
$'(1)
$((2)
$+(1)
existing(1)
hReview(1)
CA(1)
Friends(1)
OOOfolksonomy(1)
eacQSUW(1)
CZQ(1)
./,(1)
response(1)
met(1)
normalize(1)
Main(1)
style(1)
alt(1)
$>(1)
colleague(1)
semantic(1)
photo(1)
!>•(1)
see(1)
CE(1)
%<(1)
ac(9)
Bo(2)
namesoften(1)
&#(1)
+%>(1)
+'(1)
+&(1)
no(1)
spritetime(1)
gmpg(1)
*>(1)
*:(1)
of(1)
TEOKMd(1)
Wiki(8)
?:=(1)
php(1)
DMicroformats(1)
on(2)
*/(1)
border(1)
*-(1)
final(1)
,+(1)
hatenadiary(1)
services(1)
%*,"'(1)
+@(1)
,"(1)
`•(1)
RUMVhttp(1)
Nature(1)
+=(1)
Lee(1)
UFF(1)
http(14)
MediaWiki(1)
domainin(1)
)#(1)
HTMLdXMLdSemanticWebdRS(1)
(@(1)
=“(1)
IFL(1)
)%(1)
spriteinfo(1)
_•(1)
&-/.(1)
NO(1)
reStructuredText(1)
Way(3)
JSONDJavaScript(1)
veryreadable(1)
kuis(6)
>-<(1)
DYAML(1)
wiki(4)
(/(1)
(-(1)
%&$"(1)
IXeV(1)
CaHTML(1)
NRdQ(1)
"$&#(2)
machines(1)
+'.(1)
PN(1)
item(1)
ne(2)
wikipedia(1)
HTMLDXMLDRDF(1)
accuracy(1)
Definition(1)
/%(1)
markup(3)
FreeStyleWiki(1)
second(1)
/"(1)
)'<*(1)
spritecontents(1)
finds(1)
/-(1)
reliability(1)
jp(11)
Wikipedia(4)
^–(1)
HTML(10)
\^](1)
PQIHMO(1)
none(1)
useful(1)
investigation(1)
[^](1)
conventionsfor(1)
IE(1)
positlog(7)
>–(2)
TitleChapter(1)
\•(1)
jbar(1)
Wales(1)
QPUTC(1)
=•(1)
li(1)
corporate(1)
Network(1)
ld(1)
/<(2)
#&#(1)
HTMLDF(1)
Ih(1)
Nucleus(1)
storybook(2)
iQ(1)
mediawiki(1)
/<,(1)
-"(1)
-%(1)
It(1)
-)(1)
Ja(1)
id(2)
jD(1)
@•(1)
Chapter(1)
YAML(2)
NotationE(1)
,:(1)
is(2)
worst(1)
ii(4)
problem(1)
.)(1)
.*(1)
in(2)
human(1)
@:)(1)
MLcYK(1)
rating(1)
feeds(1)
itp(3)
its(1)
-</(2)
poi(1)
"><(1)
nature(1)
markupfor(1)
Page(1)
Lightweight(3)
PythonLQKJQN(1)
href(1)
microformats(2)
*=.(1)
!•(1)
EMNPKS(1)
ist(4)
immy(1)
UE(1)
WikiM(1)
Hyper(1)
UG(1)
content(1)
OPSX(1)
load(3)
Posted(1)
/~(3)
yaml(2)
advert(1)
Ward(3)
simple(1)
Humans(1)
$&,(1)
hnf(1)
easy(1)
best(1)
LanguageE(1)
World(1)
+!/.),(1)
+'*#!(1)
#–(2)
$–(1)
documents(2)
Title(1)
kubota(3)
BEH(1)
HTMLBXMLCDAR(1)
XMLthat(1)
standardsto(1)
admin(1)
documentation(1)
Tim(1)
'*#–(1)
decentralized(1)
to(2)
+?@(1)
quickref(1)
com(2)
terms(1)
Qp(1)
sprite(2)
docutils(2)
science(1)
Berners(1)
DFW(1)
rst(2)
eUf(1)
='./(1)
'=<(1)
ViewMode(1)
QA(1)
+-'()*,(1)
hatena(2)
Pc(1)
spriteauthor(1)
+"'(1)
'#=(1)
humans(1)
:>;(1)
spritepositlink(1)
url(1)
;:=>(1)
!&*.(1)
FOAF(1)
patternsusing(1)
'><(1)
blogimg(1)
#";(1)
>](<(1)
www(9)
Microformats(3)
journal(1)
ATEOL(1)
blosxom(1)
json(1)
Atom(1)
Cunningham(3)
implement(1)
plain(1)
System(1)
></(2)
qo(1)
XHTML(1)
/">(1)
$@*(1)
you(1)
IXZ(1)
usage(1)
html(9)
Leuf(2)
interoperable(1)
(•(1)
brief(1)
)•(1)
SemanticWeb(4)
for(1)
</(2)
<$(1)
HBWebK(1)
)–(5)
are(1)
&$!#'(1)
;<(1)
ATNHK(1)
*•(1)
McXeV(1)
aBlogOPSXa(1)
Ain(1)
\`(1)
">...–(1)
htmlWCOUNHIX(1)
start(1)
conventions(1)
language(3)
;!(1)
;"(1)
Internet(1)
,#.>"!?(1)
hreview(1)
link(1)
line(1)
+•(1)
org(6)
:*(1)
developmentof(1)
mode(2)
title(1)
theaccuracy(1)
-=<–(1)
URL(1)
Object(1)
(:!/.),(1)
based(1)
enable(1)
Markup(1)
&'=(1)
@?(1)
cresta(6)
?@(1)
eigaseikatu(1)
tools(1)
@"(1)
cgi(3)
head(1)
@.(1)
XZ(1)
KRT(1)
.•(1)
ahref(1)
tDiary(1)
class(3)
comes(1)
?>(1)
dCUDUL(1)
–!(1)
powered(1)
@&'(1)
Cclass(1)
SLPT(1)
program(1)
.–(1)
imgsrc(1)
RHTML(1)
?((1)
rest(1)
?.(1)
JavaScript(1)
friend(1)
RSS(2)
specific(1)
/•(2)
>:(1)
div(2)
()"(1)
><(2)
>=(1)
$?:.+–(1)
dtreviewed(1)
FXML(1)
xxx(1)
://(16)
/–(4)
Britannica(1)
full(1)
XclassLSP(1)
>+(1)
PositLog(7)
>,(1)
descriptive(1)
>)(1)
with(1)
[<(1)
keyword(1)
vcard(1)
aclass(1)
Not(3)
="(1)
KPd(1)
WebAPIC(1)
BWikiQbec(1)
=@((1)
user(1)
first(1)
='(1)
=&(1)
TitleSubsection(1)
{ 1 } { 2 } { 3 } { 4 } { 5 } { 6 } { 7 } { 8 } { 9 } { 10 } { 11 } { 12 } { 13 } { 14 } { 15 } { 16 17 } { 18 } { 19 } { 20 } { 21 22 } { 23 } { 24 } { 25 } { 26 } 
Segment{ 2 }, Segment{ 3 }
コサイン類似度: 0.017442592160410303
Segment{ 3 }, Segment{ 4 }
コサイン類似度: 3.001893417570302E-4
Segment{ 4 }, Segment{ 5 }
コサイン類似度: 0.011573850917142348
Segment{ 5 }, Segment{ 6 }
コサイン類似度: 0.002475860080162041
Segment{ 6 }, Segment{ 7 }
コサイン類似度: 0.013872984317545195
Segment{ 7 }, Segment{ 8 }
コサイン類似度: 0.0078117817656925955
Segment{ 8 }, Segment{ 9 }
コサイン類似度: 0.005703139604769645
Segment{ 9 }, Segment{ 10 }
コサイン類似度: 0.06881287039144403
Segment{ 10 }, Segment{ 11 }
コサイン類似度: 0.027108110008224596
Segment{ 11 }, Segment{ 12 }
コサイン類似度: 0.005643573004148421
Segment{ 12 }, Segment{ 13 }
コサイン類似度: 0.09476219612748572
Segment{ 13 }, Segment{ 14 }
コサイン類似度: 0.01706832780953251
Segment{ 14 }, Segment{ 15 }
コサイン類似度: 0.00993767649987417
Segment{ 15 }, Segment{ 16 17 }
コサイン類似度: 0.08178915103360464
Segment{ 16 17 }, Segment{ 18 }
コサイン類似度: 6.088135892346914E-4
Segment{ 18 }, Segment{ 19 }
コサイン類似度: 0.00472652664258352
Segment{ 19 }, Segment{ 20 }
コサイン類似度: 0.0067729492491543156
Segment{ 20 }, Segment{ 21 22 }
コサイン類似度: 0.013546311062648178
Segment{ 21 22 }, Segment{ 23 }
コサイン類似度: 0.015239417345847925
Segment{ 23 }, Segment{ 24 }
コサイン類似度: 0.06158715708584641
Segment{ 24 }, Segment{ 25 }
コサイン類似度: 0.012154791988664692
Segment{ 25 }, Segment{ 26 }
コサイン類似度: 0.0
TitleSection(1)
"-(1)
encyclopaedias(1)
"'(1)
""(1)
DX(1)
"#(1)
ABBB(1)
">(1)
britannica(1)
%=>@?(1)
WYRTVK(1)
DF(1)
/"><(1)
fn(1)
DJ(1)
#/(1)
Wide(1)
#)(2)
hosting(1)
Semantic(1)
#((3)
#$(1)
WikiWikiWeb(1)
$!(1)
#?(1)
sourceforge(2)
"(*)(1)
xfn(1)
bin(1)
go(1)
eU(1)
MNJGHL(1)
RDFL(1)
;/!:(1)
net(2)
eb(1)
GOPSXa(1)
entries(1)
FJ(1)
eT(1)
!+(1)
readable(1)
.,-(1)
HB(1)
JHIDJ(1)
.#"/(1)
\\`(1)
jphttp(1)
fswiki(1)
"!(1)
what(1)
quickstart(1)
EBZM(1)
NIKKI(1)
en(1)
rel(1)
XML(5)
"#–(1)
&*(1)
resources(1)
&'(1)
pdf(1)
docs(2)
&((1)
by(2)
%!#/(1)
close(1)
/></(1)
Qkizasi(1)
'$(1)
reviewer(1)
'&(1)
&>(1)
embedding(1)
IHG(1)
'"(1)
XFN(1)
AT(1)
Microformat(2)
get(1)
kyoto(9)
cz(1)
dZ(1)
abbr(1)
GHg(1)
)#–(1)
and(2)
'>(1)
AA(1)
AB(1)
EditMode(1)
':(1)
Web(5)
AF(1)
('(1)
(%(1)
span(2)
HJI(1)
$'(1)
$((2)
$+(1)
existing(1)
hReview(1)
CA(1)
Friends(1)
OOOfolksonomy(1)
eacQSUW(1)
CZQ(1)
./,(1)
response(1)
met(1)
normalize(1)
Main(1)
style(1)
alt(1)
$>(1)
colleague(1)
semantic(1)
photo(1)
!>•(1)
see(1)
CE(1)
%<(1)
ac(9)
Bo(2)
namesoften(1)
&#(1)
+%>(1)
+'(1)
+&(1)
no(1)
spritetime(1)
gmpg(1)
*>(1)
*:(1)
of(1)
TEOKMd(1)
Wiki(8)
?:=(1)
php(1)
DMicroformats(1)
on(2)
*/(1)
border(1)
*-(1)
final(1)
,+(1)
hatenadiary(1)
services(1)
%*,"'(1)
+@(1)
,"(1)
`•(1)
RUMVhttp(1)
Nature(1)
+=(1)
Lee(1)
UFF(1)
http(13)
MediaWiki(1)
domainin(1)
)#(1)
HTMLdXMLdSemanticWebdRS(1)
(@(1)
=“(1)
IFL(1)
)%(1)
spriteinfo(1)
_•(1)
&-/.(1)
NO(1)
reStructuredText(1)
Way(3)
veryreadable(1)
JSONDJavaScript(1)
kuis(6)
>-<(1)
DYAML(1)
wiki(4)
(/(1)
(-(1)
%&$"(1)
IXeV(1)
CaHTML(1)
NRdQ(1)
"$&#(2)
machines(1)
+'.(1)
PN(1)
item(1)
ne(2)
wikipedia(1)
HTMLDXMLDRDF(1)
accuracy(1)
Definition(1)
/%(1)
markup(3)
FreeStyleWiki(1)
second(1)
/"(1)
)'<*(1)
spritecontents(1)
finds(1)
/-(1)
reliability(1)
jp(11)
Wikipedia(4)
^–(1)
HTML(10)
\^](1)
PQIHMO(1)
none(1)
useful(1)
investigation(1)
[^](1)
conventionsfor(1)
IE(1)
positlog(7)
>–(2)
TitleChapter(1)
\•(1)
jbar(1)
Wales(1)
QPUTC(1)
=•(1)
li(1)
corporate(1)
Network(1)
ld(1)
/<(2)
#&#(1)
HTMLDF(1)
Ih(1)
Nucleus(1)
storybook(2)
iQ(1)
mediawiki(1)
/<,(1)
-"(1)
-%(1)
It(1)
-)(1)
Ja(1)
id(2)
jD(1)
@•(1)
Chapter(1)
YAML(1)
NotationE(1)
,:(1)
is(2)
worst(1)
ii(4)
problem(1)
.)(1)
.*(1)
in(2)
human(1)
@:)(1)
MLcYK(1)
rating(1)
feeds(1)
itp(3)
its(1)
-</(2)
poi(1)
"><(1)
nature(1)
markupfor(1)
Page(1)
Lightweight(3)
PythonLQKJQN(1)
href(1)
microformats(2)
*=.(1)
!•(1)
EMNPKS(1)
ist(4)
immy(1)
UE(1)
WikiM(1)
Hyper(1)
UG(1)
content(1)
OPSX(1)
load(3)
Posted(1)
/~(3)
yaml(1)
advert(1)
Ward(3)
simple(1)
Humans(1)
$&,(1)
hnf(1)
easy(1)
best(1)
LanguageE(1)
World(1)
+!/.),(1)
+'*#!(1)
#–(2)
$–(1)
documents(2)
Title(1)
kubota(3)
BEH(1)
HTMLBXMLCDAR(1)
XMLthat(1)
standardsto(1)
admin(1)
documentation(1)
Tim(1)
'*#–(1)
decentralized(1)
to(2)
+?@(1)
quickref(1)
com(2)
terms(1)
Qp(1)
sprite(2)
docutils(2)
science(1)
Berners(1)
DFW(1)
rst(2)
eUf(1)
='./(1)
'=<(1)
ViewMode(1)
QA(1)
+-'()*,(1)
hatena(2)
Pc(1)
spriteauthor(1)
+"'(1)
'#=(1)
humans(1)
:>;(1)
spritepositlink(1)
url(1)
;:=>(1)
!&*.(1)
FOAF(1)
patternsusing(1)
'><(1)
blogimg(1)
#";(1)
>](<(1)
www(8)
Microformats(3)
journal(1)
ATEOL(1)
blosxom(1)
json(1)
Atom(1)
Cunningham(3)
implement(1)
plain(1)
System(1)
></(2)
qo(1)
XHTML(1)
/">(1)
$@*(1)
you(1)
IXZ(1)
usage(1)
html(9)
Leuf(2)
interoperable(1)
(•(1)
brief(1)
)•(1)
SemanticWeb(4)
for(1)
</(2)
<$(1)
HBWebK(1)
)–(5)
are(1)
&$!#'(1)
;<(1)
ATNHK(1)
*•(1)
McXeV(1)
aBlogOPSXa(1)
Ain(1)
\`(1)
">...–(1)
htmlWCOUNHIX(1)
start(1)
conventions(1)
language(3)
;!(1)
;"(1)
Internet(1)
,#.>"!?(1)
hreview(1)
link(1)
line(1)
+•(1)
org(5)
:*(1)
developmentof(1)
mode(2)
title(1)
theaccuracy(1)
-=<–(1)
URL(1)
Object(1)
(:!/.),(1)
based(1)
enable(1)
Markup(1)
&'=(1)
@?(1)
cresta(6)
?@(1)
eigaseikatu(1)
tools(1)
@"(1)
cgi(3)
head(1)
@.(1)
XZ(1)
KRT(1)
.•(1)
ahref(1)
tDiary(1)
class(3)
comes(1)
?>(1)
dCUDUL(1)
–!(1)
powered(1)
@&'(1)
Cclass(1)
SLPT(1)
program(1)
.–(1)
imgsrc(1)
RHTML(1)
?((1)
rest(1)
?.(1)
JavaScript(1)
friend(1)
RSS(2)
specific(1)
/•(2)
>:(1)
div(2)
()"(1)
><(2)
>=(1)
$?:.+–(1)
dtreviewed(1)
FXML(1)
xxx(1)
://(15)
/–(4)
Britannica(1)
full(1)
XclassLSP(1)
>+(1)
PositLog(7)
>,(1)
descriptive(1)
>)(1)
with(1)
[<(1)
keyword(1)
vcard(1)
aclass(1)
Not(3)
="(1)
KPd(1)
WebAPIC(1)
BWikiQbec(1)
=@((1)
user(1)
first(1)
='(1)
=&(1)
TitleSubsection(1)
{ 1 } { 2 } { 3 } { 4 } { 5 } { 6 } { 7 } { 8 } { 9 } { 10 } { 11 } { 12 13 } { 14 } { 15 } { 16 17 } { 18 } { 19 } { 20 } { 21 22 } { 23 } { 24 } { 25 } { 26 } 
Segment{ 2 }, Segment{ 3 }
コサイン類似度: 0.017442592160410303
Segment{ 3 }, Segment{ 4 }
コサイン類似度: 3.001893417570302E-4
Segment{ 4 }, Segment{ 5 }
コサイン類似度: 0.011573850917142348
Segment{ 5 }, Segment{ 6 }
コサイン類似度: 0.0024749038908126074
Segment{ 6 }, Segment{ 7 }
コサイン類似度: 0.014506644192630378
Segment{ 7 }, Segment{ 8 }
コサイン類似度: 0.008209905574048083
Segment{ 8 }, Segment{ 9 }
コサイン類似度: 0.005772567252158487
Segment{ 9 }, Segment{ 10 }
コサイン類似度: 0.06892590380516
Segment{ 10 }, Segment{ 11 }
コサイン類似度: 0.027596794837025877
Segment{ 11 }, Segment{ 12 13 }
コサイン類似度: 0.008998128439064201
Segment{ 12 13 }, Segment{ 14 }
コサイン類似度: 0.014966541620569896
Segment{ 14 }, Segment{ 15 }
コサイン類似度: 0.009945787700101502
Segment{ 15 }, Segment{ 16 17 }
コサイン類似度: 0.08179232690036277
Segment{ 16 17 }, Segment{ 18 }
コサイン類似度: 6.08750289448849E-4
Segment{ 18 }, Segment{ 19 }
コサイン類似度: 0.00472652664258352
Segment{ 19 }, Segment{ 20 }
コサイン類似度: 0.0067724019592256286
Segment{ 20 }, Segment{ 21 22 }
コサイン類似度: 0.01367742599915157
Segment{ 21 22 }, Segment{ 23 }
コサイン類似度: 0.015546477951013995
Segment{ 23 }, Segment{ 24 }
コサイン類似度: 0.06204347099314747
Segment{ 24 }, Segment{ 25 }
コサイン類似度: 0.012153142182011288
Segment{ 25 }, Segment{ 26 }
コサイン類似度: 0.0
TitleSection(1)
"-(1)
encyclopaedias(1)
"'(1)
""(1)
DX(1)
"#(1)
ABBB(1)
">(1)
britannica(1)
%=>@?(1)
WYRTVK(1)
DF(1)
/"><(1)
fn(1)
DJ(1)
#/(1)
Wide(1)
#)(2)
hosting(1)
Semantic(1)
#((3)
#$(1)
WikiWikiWeb(1)
$!(1)
#?(1)
sourceforge(2)
"(*)(1)
xfn(1)
bin(1)
go(1)
eU(1)
MNJGHL(1)
RDFL(1)
;/!:(1)
net(2)
eb(1)
GOPSXa(1)
entries(1)
FJ(1)
eT(1)
!+(1)
readable(1)
.,-(1)
HB(1)
JHIDJ(1)
.#"/(1)
\\`(1)
jphttp(1)
fswiki(1)
"!(1)
what(1)
quickstart(1)
EBZM(1)
NIKKI(1)
en(1)
XML(5)
rel(1)
"#–(1)
&*(1)
resources(1)
&'(1)
pdf(1)
docs(2)
&((1)
by(2)
%!#/(1)
close(1)
Qkizasi(1)
/></(1)
'$(1)
reviewer(1)
'&(1)
&>(1)
embedding(1)
IHG(1)
'"(1)
AT(1)
Microformat(2)
XFN(1)
get(1)
kyoto(8)
cz(1)
dZ(1)
abbr(1)
GHg(1)
)#–(1)
and(2)
'>(1)
AA(1)
AB(1)
EditMode(1)
':(1)
Web(5)
AF(1)
('(1)
(%(1)
span(1)
HJI(1)
$'(1)
$((2)
$+(1)
existing(1)
hReview(1)
CA(1)
Friends(1)
OOOfolksonomy(1)
eacQSUW(1)
CZQ(1)
./,(1)
response(1)
met(1)
normalize(1)
Main(1)
style(1)
alt(1)
$>(1)
colleague(1)
semantic(1)
photo(1)
!>•(1)
CE(1)
see(1)
%<(1)
ac(8)
Bo(2)
namesoften(1)
&#(1)
+%>(1)
+'(1)
+&(1)
no(1)
spritetime(1)
gmpg(1)
*>(1)
*:(1)
of(1)
TEOKMd(1)
Wiki(8)
?:=(1)
php(1)
DMicroformats(1)
on(2)
*/(1)
border(1)
*-(1)
final(1)
,+(1)
hatenadiary(1)
services(1)
%*,"'(1)
+@(1)
,"(1)
`•(1)
RUMVhttp(1)
Nature(1)
+=(1)
Lee(1)
UFF(1)
http(13)
MediaWiki(1)
domainin(1)
)#(1)
HTMLdXMLdSemanticWebdRS(1)
(@(1)
=“(1)
IFL(1)
)%(1)
spriteinfo(1)
_•(1)
&-/.(1)
NO(1)
reStructuredText(1)
Way(3)
veryreadable(1)
JSONDJavaScript(1)
kuis(5)
DYAML(1)
>-<(1)
wiki(4)
(/(1)
(-(1)
%&$"(1)
IXeV(1)
CaHTML(1)
NRdQ(1)
"$&#(2)
machines(1)
+'.(1)
PN(1)
ne(2)
item(1)
wikipedia(1)
HTMLDXMLDRDF(1)
accuracy(1)
Definition(1)
/%(1)
markup(3)
FreeStyleWiki(1)
second(1)
spritecontents(1)
)'<*(1)
/"(1)
finds(1)
/-(1)
reliability(1)
jp(10)
Wikipedia(4)
^–(1)
HTML(9)
\^](1)
PQIHMO(1)
useful(1)
none(1)
investigation(1)
[^](1)
conventionsfor(1)
IE(1)
positlog(6)
>–(2)
TitleChapter(1)
\•(1)
jbar(1)
Wales(1)
QPUTC(1)
=•(1)
li(1)
corporate(1)
Network(1)
ld(1)
/<(2)
#&#(1)
HTMLDF(1)
Ih(1)
Nucleus(1)
storybook(2)
iQ(1)
mediawiki(1)
/<,(1)
-"(1)
-%(1)
It(1)
-)(1)
Ja(1)
id(2)
jD(1)
@•(1)
Chapter(1)
YAML(1)
NotationE(1)
,:(1)
is(2)
worst(1)
ii(4)
problem(1)
.)(1)
.*(1)
in(2)
human(1)
@:)(1)
MLcYK(1)
rating(1)
feeds(1)
itp(2)
its(1)
-</(1)
poi(1)
"><(1)
nature(1)
markupfor(1)
Page(1)
Lightweight(3)
PythonLQKJQN(1)
href(1)
microformats(2)
*=.(1)
!•(1)
EMNPKS(1)
ist(4)
immy(1)
UE(1)
WikiM(1)
Hyper(1)
UG(1)
content(1)
OPSX(1)
load(3)
Posted(1)
/~(3)
yaml(1)
advert(1)
Ward(3)
simple(1)
Humans(1)
$&,(1)
hnf(1)
easy(1)
best(1)
LanguageE(1)
World(1)
+!/.),(1)
+'*#!(1)
#–(2)
$–(1)
documents(2)
Title(1)
kubota(3)
BEH(1)
HTMLBXMLCDAR(1)
XMLthat(1)
standardsto(1)
admin(1)
documentation(1)
Tim(1)
'*#–(1)
decentralized(1)
to(2)
+?@(1)
quickref(1)
com(2)
terms(1)
Qp(1)
sprite(2)
docutils(2)
science(1)
Berners(1)
DFW(1)
rst(2)
eUf(1)
='./(1)
'=<(1)
ViewMode(1)
QA(1)
+-'()*,(1)
hatena(2)
Pc(1)
spriteauthor(1)
+"'(1)
'#=(1)
humans(1)
:>;(1)
spritepositlink(1)
url(1)
;:=>(1)
!&*.(1)
FOAF(1)
'><(1)
patternsusing(1)
blogimg(1)
#";(1)
>](<(1)
www(8)
Microformats(2)
journal(1)
ATEOL(1)
blosxom(1)
json(1)
Atom(1)
Cunningham(3)
implement(1)
plain(1)
></(1)
System(1)
qo(1)
XHTML(1)
/">(1)
$@*(1)
you(1)
IXZ(1)
usage(1)
html(9)
Leuf(2)
interoperable(1)
(•(1)
brief(1)
)•(1)
SemanticWeb(4)
for(1)
</(1)
<$(1)
HBWebK(1)
)–(5)
are(1)
&$!#'(1)
;<(1)
ATNHK(1)
*•(1)
McXeV(1)
aBlogOPSXa(1)
Ain(1)
\`(1)
">...–(1)
htmlWCOUNHIX(1)
start(1)
conventions(1)
language(3)
;!(1)
;"(1)
Internet(1)
,#.>"!?(1)
hreview(1)
link(1)
line(1)
+•(1)
org(5)
:*(1)
developmentof(1)
mode(2)
title(1)
theaccuracy(1)
-=<–(1)
URL(1)
Object(1)
(:!/.),(1)
based(1)
enable(1)
Markup(1)
&'=(1)
@?(1)
cresta(5)
?@(1)
eigaseikatu(1)
tools(1)
@"(1)
cgi(3)
head(1)
@.(1)
XZ(1)
KRT(1)
.•(1)
ahref(1)
tDiary(1)
class(2)
comes(1)
?>(1)
dCUDUL(1)
–!(1)
powered(1)
Cclass(1)
@&'(1)
SLPT(1)
program(1)
.–(1)
imgsrc(1)
RHTML(1)
?((1)
rest(1)
?.(1)
JavaScript(1)
friend(1)
RSS(2)
specific(1)
/•(2)
div(1)
>:(1)
()"(1)
><(1)
>=(1)
$?:.+–(1)
dtreviewed(1)
FXML(1)
xxx(1)
://(14)
/–(4)
Britannica(1)
XclassLSP(1)
full(1)
>+(1)
PositLog(7)
>,(1)
descriptive(1)
>)(1)
with(1)
[<(1)
keyword(1)
aclass(1)
vcard(1)
Not(3)
="(1)
KPd(1)
WebAPIC(1)
BWikiQbec(1)
=@((1)
='(1)
user(1)
first(1)
=&(1)
TitleSubsection(1)
{ 1 } { 2 } { 3 } { 4 } { 5 } { 6 } { 7 } { 8 } { 9 } { 10 } { 11 } { 12 13 } { 14 } { 15 16 17 } { 18 } { 19 } { 20 } { 21 22 } { 23 } { 24 } { 25 } { 26 } 
Segment{ 2 }, Segment{ 3 }
コサイン類似度: 0.017786506914733713
Segment{ 3 }, Segment{ 4 }
コサイン類似度: 3.7057777110495254E-4
Segment{ 4 }, Segment{ 5 }
コサイン類似度: 0.011573381685277042
Segment{ 5 }, Segment{ 6 }
コサイン類似度: 0.002461284273245773
Segment{ 6 }, Segment{ 7 }
コサイン類似度: 0.015301934636012114
Segment{ 7 }, Segment{ 8 }
コサイン類似度: 0.008336912145720791
Segment{ 8 }, Segment{ 9 }
コサイン類似度: 0.005806291411010523
Segment{ 9 }, Segment{ 10 }
コサイン類似度: 0.06905526616855596
Segment{ 10 }, Segment{ 11 }
コサイン類似度: 0.027766315508835727
Segment{ 11 }, Segment{ 12 13 }
コサイン類似度: 0.009145324596663961
Segment{ 12 13 }, Segment{ 14 }
コサイン類似度: 0.015014534915678364
Segment{ 14 }, Segment{ 15 16 17 }
コサイン類似度: 0.024919072233759658
Segment{ 15 16 17 }, Segment{ 18 }
コサイン類似度: 5.015257199928153E-4
Segment{ 18 }, Segment{ 19 }
コサイン類似度: 0.004721422759575164
Segment{ 19 }, Segment{ 20 }
コサイン類似度: 0.0066936695144897695
Segment{ 20 }, Segment{ 21 22 }
コサイン類似度: 0.01510803674150297
Segment{ 21 22 }, Segment{ 23 }
コサイン類似度: 0.01711762039973768
Segment{ 23 }, Segment{ 24 }
コサイン類似度: 0.06581211299455178
Segment{ 24 }, Segment{ 25 }
コサイン類似度: 0.014048172477312167
Segment{ 25 }, Segment{ 26 }
コサイン類似度: 0.0
TitleSection(1)
"-(1)
encyclopaedias(1)
"'(1)
""(1)
DX(1)
"#(1)
ABBB(1)
">(1)
britannica(1)
%=>@?(1)
WYRTVK(1)
DF(1)
/"><(1)
fn(1)
DJ(1)
#/(1)
Wide(1)
#)(2)
hosting(1)
Semantic(1)
#((3)
#$(1)
WikiWikiWeb(1)
$!(1)
#?(1)
sourceforge(1)
"(*)(1)
xfn(1)
bin(1)
go(1)
eU(1)
MNJGHL(1)
RDFL(1)
;/!:(1)
net(1)
eb(1)
GOPSXa(1)
entries(1)
FJ(1)
eT(1)
!+(1)
readable(1)
.,-(1)
HB(1)
JHIDJ(1)
.#"/(1)
\\`(1)
jphttp(1)
fswiki(1)
"!(1)
what(1)
quickstart(1)
EBZM(1)
NIKKI(1)
en(1)
XML(5)
rel(1)
"#–(1)
&*(1)
resources(1)
&'(1)
pdf(1)
docs(2)
&((1)
by(2)
%!#/(1)
close(1)
Qkizasi(1)
/></(1)
'$(1)
reviewer(1)
'&(1)
&>(1)
embedding(1)
IHG(1)
'"(1)
AT(1)
Microformat(2)
XFN(1)
get(1)
kyoto(8)
cz(1)
dZ(1)
abbr(1)
GHg(1)
)#–(1)
and(2)
'>(1)
AA(1)
AB(1)
EditMode(1)
':(1)
Web(5)
AF(1)
('(1)
(%(1)
span(1)
HJI(1)
$'(1)
$((2)
$+(1)
existing(1)
hReview(1)
CA(1)
Friends(1)
OOOfolksonomy(1)
eacQSUW(1)
CZQ(1)
./,(1)
response(1)
met(1)
normalize(1)
Main(1)
style(1)
alt(1)
$>(1)
colleague(1)
semantic(1)
photo(1)
!>•(1)
CE(1)
see(1)
%<(1)
ac(8)
Bo(2)
namesoften(1)
&#(1)
+%>(1)
+'(1)
+&(1)
no(1)
spritetime(1)
gmpg(1)
*>(1)
*:(1)
of(1)
TEOKMd(1)
Wiki(8)
?:=(1)
php(1)
DMicroformats(1)
on(2)
*/(1)
border(1)
*-(1)
final(1)
,+(1)
hatenadiary(1)
services(1)
%*,"'(1)
+@(1)
,"(1)
`•(1)
RUMVhttp(1)
Nature(1)
+=(1)
Lee(1)
UFF(1)
http(12)
MediaWiki(1)
domainin(1)
)#(1)
HTMLdXMLdSemanticWebdRS(1)
(@(1)
=“(1)
IFL(1)
)%(1)
spriteinfo(1)
_•(1)
&-/.(1)
NO(1)
reStructuredText(1)
Way(3)
veryreadable(1)
JSONDJavaScript(1)
kuis(5)
DYAML(1)
>-<(1)
wiki(4)
(/(1)
(-(1)
%&$"(1)
IXeV(1)
CaHTML(1)
NRdQ(1)
"$&#(2)
machines(1)
+'.(1)
PN(1)
ne(2)
item(1)
wikipedia(1)
HTMLDXMLDRDF(1)
accuracy(1)
Definition(1)
/%(1)
markup(3)
FreeStyleWiki(1)
second(1)
spritecontents(1)
)'<*(1)
/"(1)
finds(1)
/-(1)
reliability(1)
jp(10)
Wikipedia(4)
^–(1)
HTML(8)
\^](1)
PQIHMO(1)
useful(1)
none(1)
investigation(1)
[^](1)
conventionsfor(1)
IE(1)
positlog(6)
>–(2)
TitleChapter(1)
\•(1)
jbar(1)
Wales(1)
QPUTC(1)
=•(1)
li(1)
corporate(1)
Network(1)
ld(1)
/<(2)
#&#(1)
HTMLDF(1)
Ih(1)
Nucleus(1)
storybook(2)
iQ(1)
mediawiki(1)
/<,(1)
-"(1)
-%(1)
It(1)
-)(1)
Ja(1)
id(2)
jD(1)
@•(1)
Chapter(1)
YAML(1)
NotationE(1)
,:(1)
is(2)
worst(1)
ii(4)
problem(1)
.)(1)
.*(1)
in(2)
human(1)
@:)(1)
MLcYK(1)
rating(1)
feeds(1)
itp(2)
its(1)
-</(1)
poi(1)
"><(1)
nature(1)
markupfor(1)
Page(1)
Lightweight(3)
PythonLQKJQN(1)
href(1)
microformats(2)
*=.(1)
!•(1)
EMNPKS(1)
ist(4)
immy(1)
UE(1)
WikiM(1)
Hyper(1)
UG(1)
content(1)
OPSX(1)
load(3)
Posted(1)
/~(3)
yaml(1)
advert(1)
Ward(3)
simple(1)
Humans(1)
$&,(1)
hnf(1)
easy(1)
best(1)
LanguageE(1)
World(1)
+!/.),(1)
+'*#!(1)
#–(2)
$–(1)
documents(2)
Title(1)
kubota(3)
BEH(1)
HTMLBXMLCDAR(1)
XMLthat(1)
standardsto(1)
admin(1)
documentation(1)
Tim(1)
'*#–(1)
decentralized(1)
to(2)
+?@(1)
quickref(1)
com(2)
terms(1)
Qp(1)
sprite(2)
docutils(1)
science(1)
Berners(1)
DFW(1)
rst(1)
eUf(1)
='./(1)
'=<(1)
ViewMode(1)
QA(1)
+-'()*,(1)
hatena(2)
Pc(1)
spriteauthor(1)
+"'(1)
'#=(1)
humans(1)
:>;(1)
spritepositlink(1)
url(1)
;:=>(1)
!&*.(1)
FOAF(1)
'><(1)
patternsusing(1)
blogimg(1)
#";(1)
>](<(1)
www(8)
Microformats(2)
journal(1)
ATEOL(1)
blosxom(1)
json(1)
Atom(1)
Cunningham(3)
implement(1)
plain(1)
></(1)
System(1)
qo(1)
XHTML(1)
/">(1)
$@*(1)
you(1)
IXZ(1)
usage(1)
html(8)
Leuf(2)
interoperable(1)
(•(1)
brief(1)
)•(1)
SemanticWeb(4)
for(1)
</(1)
<$(1)
HBWebK(1)
)–(5)
are(1)
&$!#'(1)
;<(1)
ATNHK(1)
*•(1)
McXeV(1)
aBlogOPSXa(1)
Ain(1)
\`(1)
">...–(1)
htmlWCOUNHIX(1)
start(1)
conventions(1)
language(3)
;!(1)
;"(1)
Internet(1)
,#.>"!?(1)
hreview(1)
link(1)
line(1)
+•(1)
org(5)
:*(1)
developmentof(1)
mode(2)
title(1)
theaccuracy(1)
-=<–(1)
URL(1)
Object(1)
(:!/.),(1)
based(1)
enable(1)
Markup(1)
&'=(1)
@?(1)
cresta(5)
?@(1)
eigaseikatu(1)
tools(1)
@"(1)
cgi(3)
head(1)
@.(1)
XZ(1)
KRT(1)
.•(1)
ahref(1)
tDiary(1)
class(2)
comes(1)
?>(1)
dCUDUL(1)
–!(1)
powered(1)
Cclass(1)
@&'(1)
SLPT(1)
program(1)
.–(1)
imgsrc(1)
RHTML(1)
?((1)
rest(1)
?.(1)
JavaScript(1)
friend(1)
RSS(2)
specific(1)
/•(2)
div(1)
>:(1)
()"(1)
><(1)
>=(1)
$?:.+–(1)
dtreviewed(1)
FXML(1)
xxx(1)
://(13)
/–(4)
Britannica(1)
XclassLSP(1)
full(1)
>+(1)
PositLog(7)
>,(1)
descriptive(1)
>)(1)
with(1)
[<(1)
keyword(1)
aclass(1)
vcard(1)
Not(3)
="(1)
KPd(1)
WebAPIC(1)
BWikiQbec(1)
=@((1)
='(1)
user(1)
first(1)
=&(1)
TitleSubsection(1)
{ 1 } { 2 } { 3 } { 4 } { 5 } { 6 } { 7 } { 8 } { 9 10 } { 11 } { 12 13 } { 14 } { 15 16 17 } { 18 } { 19 } { 20 } { 21 22 } { 23 } { 24 } { 25 } { 26 } 
Segment{ 2 }, Segment{ 3 }
コサイン類似度: 0.018266064144832162
Segment{ 3 }, Segment{ 4 }
コサイン類似度: 4.6896586849922594E-4
Segment{ 4 }, Segment{ 5 }
コサイン類似度: 0.011572725782436821
Segment{ 5 }, Segment{ 6 }
コサイン類似度: 0.002460005626851664
Segment{ 6 }, Segment{ 7 }
コサイン類似度: 0.016180195822358346
Segment{ 7 }, Segment{ 8 }
コサイン類似度: 0.008696066036407896
Segment{ 8 }, Segment{ 9 10 }
コサイン類似度: 0.005711952635034024
Segment{ 9 10 }, Segment{ 11 }
コサイン類似度: 0.016301328678921388
Segment{ 11 }, Segment{ 12 13 }
コサイン類似度: 0.009650384414860413
Segment{ 12 13 }, Segment{ 14 }
コサイン類似度: 0.015263009010127476
Segment{ 14 }, Segment{ 15 16 17 }
コサイン類似度: 0.02504942411184229
Segment{ 15 16 17 }, Segment{ 18 }
コサイン類似度: 5.015016103455325E-4
Segment{ 18 }, Segment{ 19 }
コサイン類似度: 0.004714315032664762
Segment{ 19 }, Segment{ 20 }
コサイン類似度: 0.006681592697004499
Segment{ 20 }, Segment{ 21 22 }
コサイン類似度: 0.015570028796357296
Segment{ 21 22 }, Segment{ 23 }
コサイン類似度: 0.018237158180236586
Segment{ 23 }, Segment{ 24 }
コサイン類似度: 0.06635520825262868
Segment{ 24 }, Segment{ 25 }
コサイン類似度: 0.014045591282977287
Segment{ 25 }, Segment{ 26 }
コサイン類似度: 0.0
TitleSection(1)
"-(1)
encyclopaedias(1)
"'(1)
""(1)
DX(1)
"#(1)
ABBB(1)
">(1)
britannica(1)
%=>@?(1)
WYRTVK(1)
DF(1)
/"><(1)
fn(1)
DJ(1)
#/(1)
Wide(1)
#)(2)
hosting(1)
Semantic(1)
#((3)
#$(1)
WikiWikiWeb(1)
$!(1)
#?(1)
sourceforge(1)
"(*)(1)
xfn(1)
bin(1)
go(1)
eU(1)
MNJGHL(1)
RDFL(1)
;/!:(1)
net(1)
eb(1)
GOPSXa(1)
entries(1)
FJ(1)
eT(1)
!+(1)
readable(1)
.,-(1)
HB(1)
JHIDJ(1)
.#"/(1)
\\`(1)
jphttp(1)
fswiki(1)
"!(1)
what(1)
quickstart(1)
EBZM(1)
NIKKI(1)
en(1)
XML(5)
rel(1)
"#–(1)
&*(1)
resources(1)
&'(1)
pdf(1)
docs(2)
&((1)
by(2)
%!#/(1)
close(1)
Qkizasi(1)
/></(1)
'$(1)
reviewer(1)
'&(1)
&>(1)
embedding(1)
IHG(1)
'"(1)
AT(1)
Microformat(2)
XFN(1)
get(1)
kyoto(7)
cz(1)
dZ(1)
abbr(1)
GHg(1)
)#–(1)
and(2)
'>(1)
AA(1)
AB(1)
EditMode(1)
':(1)
Web(5)
AF(1)
('(1)
(%(1)
span(1)
HJI(1)
$'(1)
$((2)
$+(1)
existing(1)
hReview(1)
CA(1)
Friends(1)
OOOfolksonomy(1)
eacQSUW(1)
CZQ(1)
./,(1)
response(1)
met(1)
normalize(1)
Main(1)
style(1)
alt(1)
$>(1)
colleague(1)
semantic(1)
photo(1)
!>•(1)
CE(1)
see(1)
%<(1)
ac(7)
Bo(2)
namesoften(1)
&#(1)
+%>(1)
+'(1)
+&(1)
no(1)
spritetime(1)
gmpg(1)
*>(1)
*:(1)
of(1)
TEOKMd(1)
Wiki(8)
?:=(1)
php(1)
DMicroformats(1)
on(2)
*/(1)
border(1)
*-(1)
final(1)
,+(1)
hatenadiary(1)
services(1)
%*,"'(1)
+@(1)
,"(1)
`•(1)
RUMVhttp(1)
Nature(1)
+=(1)
Lee(1)
UFF(1)
http(11)
MediaWiki(1)
domainin(1)
)#(1)
HTMLdXMLdSemanticWebdRS(1)
(@(1)
=“(1)
IFL(1)
)%(1)
spriteinfo(1)
_•(1)
&-/.(1)
NO(1)
reStructuredText(1)
Way(3)
veryreadable(1)
JSONDJavaScript(1)
kuis(4)
DYAML(1)
>-<(1)
wiki(4)
(/(1)
(-(1)
%&$"(1)
IXeV(1)
CaHTML(1)
NRdQ(1)
"$&#(2)
machines(1)
+'.(1)
PN(1)
ne(2)
item(1)
wikipedia(1)
HTMLDXMLDRDF(1)
accuracy(1)
Definition(1)
/%(1)
markup(3)
FreeStyleWiki(1)
second(1)
spritecontents(1)
)'<*(1)
/"(1)
finds(1)
/-(1)
reliability(1)
jp(9)
Wikipedia(4)
^–(1)
HTML(8)
\^](1)
PQIHMO(1)
useful(1)
none(1)
investigation(1)
[^](1)
conventionsfor(1)
IE(1)
positlog(5)
>–(2)
TitleChapter(1)
\•(1)
jbar(1)
Wales(1)
QPUTC(1)
=•(1)
li(1)
corporate(1)
Network(1)
ld(1)
/<(2)
#&#(1)
HTMLDF(1)
Ih(1)
Nucleus(1)
storybook(1)
iQ(1)
mediawiki(1)
/<,(1)
-"(1)
-%(1)
It(1)
-)(1)
Ja(1)
id(2)
jD(1)
@•(1)
Chapter(1)
YAML(1)
NotationE(1)
,:(1)
is(2)
worst(1)
ii(4)
problem(1)
.)(1)
.*(1)
in(2)
human(1)
@:)(1)
MLcYK(1)
rating(1)
feeds(1)
itp(2)
its(1)
-</(1)
poi(1)
"><(1)
nature(1)
markupfor(1)
Page(1)
Lightweight(3)
PythonLQKJQN(1)
href(1)
microformats(2)
*=.(1)
!•(1)
EMNPKS(1)
ist(4)
immy(1)
UE(1)
WikiM(1)
Hyper(1)
UG(1)
content(1)
OPSX(1)
load(3)
Posted(1)
/~(3)
yaml(1)
advert(1)
Ward(3)
simple(1)
Humans(1)
$&,(1)
hnf(1)
easy(1)
best(1)
LanguageE(1)
World(1)
+!/.),(1)
+'*#!(1)
#–(2)
$–(1)
documents(2)
Title(1)
kubota(3)
BEH(1)
HTMLBXMLCDAR(1)
XMLthat(1)
standardsto(1)
admin(1)
documentation(1)
Tim(1)
'*#–(1)
decentralized(1)
to(2)
+?@(1)
quickref(1)
com(2)
terms(1)
Qp(1)
sprite(2)
docutils(1)
science(1)
Berners(1)
DFW(1)
rst(1)
eUf(1)
='./(1)
'=<(1)
ViewMode(1)
QA(1)
+-'()*,(1)
hatena(2)
Pc(1)
spriteauthor(1)
+"'(1)
'#=(1)
humans(1)
:>;(1)
spritepositlink(1)
url(1)
;:=>(1)
!&*.(1)
FOAF(1)
'><(1)
patternsusing(1)
blogimg(1)
#";(1)
>](<(1)
www(8)
Microformats(2)
journal(1)
ATEOL(1)
blosxom(1)
json(1)
Atom(1)
Cunningham(3)
implement(1)
plain(1)
></(1)
System(1)
qo(1)
XHTML(1)
/">(1)
$@*(1)
you(1)
IXZ(1)
usage(1)
html(8)
Leuf(2)
interoperable(1)
(•(1)
brief(1)
)•(1)
SemanticWeb(4)
for(1)
</(1)
<$(1)
HBWebK(1)
)–(5)
are(1)
&$!#'(1)
;<(1)
ATNHK(1)
*•(1)
McXeV(1)
aBlogOPSXa(1)
Ain(1)
\`(1)
">...–(1)
htmlWCOUNHIX(1)
start(1)
conventions(1)
language(3)
;!(1)
;"(1)
Internet(1)
,#.>"!?(1)
hreview(1)
link(1)
line(1)
+•(1)
org(5)
:*(1)
developmentof(1)
mode(1)
title(1)
theaccuracy(1)
-=<–(1)
URL(1)
Object(1)
(:!/.),(1)
based(1)
enable(1)
Markup(1)
&'=(1)
@?(1)
cresta(4)
?@(1)
eigaseikatu(1)
tools(1)
@"(1)
cgi(3)
head(1)
@.(1)
XZ(1)
KRT(1)
.•(1)
ahref(1)
tDiary(1)
class(2)
comes(1)
?>(1)
dCUDUL(1)
–!(1)
powered(1)
Cclass(1)
@&'(1)
SLPT(1)
program(1)
.–(1)
imgsrc(1)
RHTML(1)
?((1)
rest(1)
?.(1)
JavaScript(1)
friend(1)
RSS(2)
specific(1)
/•(2)
div(1)
>:(1)
()"(1)
><(1)
>=(1)
$?:.+–(1)
dtreviewed(1)
FXML(1)
xxx(1)
://(12)
/–(4)
Britannica(1)
XclassLSP(1)
full(1)
>+(1)
PositLog(6)
>,(1)
descriptive(1)
>)(1)
with(1)
[<(1)
keyword(1)
aclass(1)
vcard(1)
Not(3)
="(1)
KPd(1)
WebAPIC(1)
BWikiQbec(1)
=@((1)
='(1)
user(1)
first(1)
=&(1)
TitleSubsection(1)
{ 1 } { 2 } { 3 } { 4 } { 5 } { 6 } { 7 } { 8 } { 9 10 } { 11 } { 12 13 } { 14 } { 15 16 17 } { 18 } { 19 } { 20 } { 21 22 } { 23 24 } { 25 } { 26 } 
Segment{ 2 }, Segment{ 3 }
コサイン類似度: 0.01820462556242191
Segment{ 3 }, Segment{ 4 }
コサイン類似度: 4.6896586849922594E-4
Segment{ 4 }, Segment{ 5 }
コサイン類似度: 0.011572725782436821
Segment{ 5 }, Segment{ 6 }
コサイン類似度: 0.0024365074133122556
Segment{ 6 }, Segment{ 7 }
コサイン類似度: 0.017888652343039962
Segment{ 7 }, Segment{ 8 }
コサイン類似度: 0.009151356353554347
Segment{ 8 }, Segment{ 9 10 }
コサイン類似度: 0.006009075621090529
Segment{ 9 10 }, Segment{ 11 }
コサイン類似度: 0.016742224001100574
Segment{ 11 }, Segment{ 12 13 }
コサイン類似度: 0.010175740028577835
Segment{ 12 13 }, Segment{ 14 }
コサイン類似度: 0.015580452035917456
Segment{ 14 }, Segment{ 15 16 17 }
コサイン類似度: 0.025183564365697162
Segment{ 15 16 17 }, Segment{ 18 }
コサイン類似度: 5.01409722439018E-4
Segment{ 18 }, Segment{ 19 }
コサイン類似度: 0.004698458259670553
Segment{ 19 }, Segment{ 20 }
コサイン類似度: 0.009022336333512798
Segment{ 20 }, Segment{ 21 22 }
コサイン類似度: 0.020166111691531777
Segment{ 23 24 }, Segment{ 25 }
コサイン類似度: 0.02546547217745103
Segment{ 25 }, Segment{ 26 }
コサイン類似度: 0.0
