HHH(1)
",(1)
etc(1)
DT(1)
",•(1)
")(1)
yellow(1)
mystyle(3)
>"/(1)
!;&(1)
"?(1)
">(1)
innerHTML(1)
#"(1)
"@(1)
HTJIN(1)
"<(1)
NaInline(1)
href(1)
UV(1)
black(1)
%*:(1)
else(1)
getElementById(4)
US(1)
&-*(1)
Semantic(1)
styles(1)
(@#$(1)
ist(2)
colorBC(1)
Te(1)
#$(2)
".-(1)
/~(1)
ZLF(1)
"+=(1)
PowerPointD(1)
XN(1)
\]?(1)
"•(2)
#•(2)
Inline(1)
document(4)
ILJI(1)
BUT(1)
+/,•(1)
Header(1)
uv(1)
stylesheet(1)
PIN(1)
Ge(1)
Lstyle(1)
Ga(1)
Webt(1)
WT(1)
!.(1)
cICH(1)
^\_(1)
#'!&"(1)
OUT(1)
blockquote(1)
!-#(1)
!((1)
!</(1)
kubota(2)
dashed(1)
jphttp(1)
!:(1)
red(1)
$•(1)
"!(1)
DLSMBNT(1)
background(1)
!=(1)
Vd(1)
iobmjqbrrr(1)
rel(1)
XML(1)
RUTe(1)
variable(1)
&'(2)
uT(1)
backgroundColor(1)
GLWT(1)
Lif(1)
VOa(1)
padding(1)
@_(1)
height(1)
HHHp(1)
cM(1)
SMBNT(1)
*,•(1)
'.((2)
cI(1)
KJc(1)
&>(1)
&?(1)
/=<-(1)
text(2)
QA(1)
kyoto(5)
bbody(1)
JMS(1)
size(2)
'<(1)
example(3)
("(3)
propertycd(1)
!.<(1)
%}(1)
'@(1)
$)(1)
$((2)
BU(1)
var(3)
www(4)
$/(1)
CA(1)
TR(3)
Specificationhttp(1)
aX(1)
Ae(1)
style(7)
struct(1)
#")(1)
$<(1)
Kred(1)
BN(1)
Lisp(1)
$=(1)
);}(1)
></(1)
sample(3)
battribute(1)
CV(1)
%*(1)
%.(1)
SN(3)
ICHNd(1)
SILXTw(1)
SPTLEWebOTK(1)
px(1)
%;(1)
WURLE(1)
color(5)
#!'(1)
ac(5)
onclick(1)
html(5)
"><!–(1)
(•(1)
SA(1)
)•(1)
FrameworkT(1)
<;(1)
;–(1)
_$(1)
</(3)
^[(1)
<)(1)
#'(&)•(1)
button(1)
()">&'%)$(1)
&#$(1)
FCEGA(1)
border(2)
gefpsat(1)
(){(2)
bclass(1)
information(2)
alert(2)
LJavaScriptW(1)
,&(1)
GLWSU(1)
+<(1)
}--></(1)
bCM(1)
SResourceDescription(1)
+=(1)
present(1)
;)(1)
http(4)
;'(1)
then(1)
tagName(1)
;((1)
;!(1)
LPCVviodaclq(1)
`&'(1)
showStyle(3)
css(1)
IEM(1)
QTR(1)
tHTML(1)
=“(1)
}}(1)
)-,(1)
link(1)
click(1)
line(1)
+•(4)
MGIR(1)
org(3)
(<(1)
kuis(3)
:%(1)
`_(1)
(*(1)
OC(1)
()(2)
`–(1)
files(2)
*$(2)
*)(1)
pages(2)
,•(1)
OU(1)
<–(2)
)?(1)
External(1)
RMKM(1)
PK(2)
)+(1)
:*-;(1)
;•(1)
lzh(1)
/#(2)
('*(1)
/)-.(1)
LSU(1)
jp(5)
ZG(1)
").(3)
/+(1)
HP(1)
type(1)
function(2)
cresta(3)
HTML(6)
");(1)
Hstyle(1)
RQu(1)
.;(1)
head(1)
wHHOUPGS(1)
positlog(3)
font(2)
DNGKILJQT(1)
XY(1)
PHSU(1)
CSS(3)
YH(1)
class(1)
–((2)
lack(1)
Xb(1)
MURD(1)
DFOUR(1)
crimson(1)
/<(1)
Prolog(1)
xample(1)
/>(1)
JavaScript(3)
,=(1)
>/(1)
/<)(1)
/•(1)
;%*(1)
+,!(1)
><(1)
Iv(1)
iobmjqbT(1)
id(3)
/–(1)
://(6)
=>(1)
==(1)
if(1)
#')(1)
uvhnskvrrr(1)
-.•(1)
-=(1)
zip(1)
.$(1)
KM(1)
&)•(2)
ii(2)
=;(1)
DRM(1)
GQG(1)
.+(1)
sheets(1)
="(2)
'*,(1)
blue(1)
cLQFH(1)
=((1)
tgz(1)
[–(1)
=&(1)
{ 1 } { 2 } { 3 } { 4 } { 5 } { 6 } { 7 } { 8 } { 9 } { 10 } { 11 } { 12 } { 13 } { 14 } { 15 } { 16 } { 17 } { 18 } { 19 } 
Segment{ 2 }, Segment{ 3 }
コサイン類似度: 0.0
Segment{ 3 }, Segment{ 4 }
コサイン類似度: 0.0
Segment{ 4 }, Segment{ 5 }
コサイン類似度: 0.04366949900069774
Segment{ 5 }, Segment{ 6 }
コサイン類似度: 0.008021328264494604
Segment{ 6 }, Segment{ 7 }
コサイン類似度: 0.0
Segment{ 7 }, Segment{ 8 }
コサイン類似度: 0.0
Segment{ 8 }, Segment{ 9 }
コサイン類似度: 0.0
Segment{ 9 }, Segment{ 10 }
コサイン類似度: 0.027931651079965546
Segment{ 10 }, Segment{ 11 }
コサイン類似度: 0.0018401015856779283
Segment{ 11 }, Segment{ 12 }
コサイン類似度: 0.0
Segment{ 12 }, Segment{ 13 }
コサイン類似度: 0.04084323877028717
Segment{ 13 }, Segment{ 14 }
コサイン類似度: 0.1130825492101106
Segment{ 14 }, Segment{ 15 }
コサイン類似度: 0.10626015941121862
Segment{ 15 }, Segment{ 16 }
コサイン類似度: 0.0658396134326513
Segment{ 16 }, Segment{ 17 }
コサイン類似度: 0.0018657434071400372
Segment{ 17 }, Segment{ 18 }
コサイン類似度: 0.01584428803836338
Segment{ 18 }, Segment{ 19 }
コサイン類似度: 0.0
HHH(1)
",(1)
etc(1)
DT(1)
",•(1)
")(1)
yellow(1)
mystyle(3)
>"/(1)
!;&(1)
"?(1)
">(1)
innerHTML(1)
#"(1)
"@(1)
HTJIN(1)
"<(1)
NaInline(1)
href(1)
UV(1)
black(1)
%*:(1)
else(1)
getElementById(3)
US(1)
&-*(1)
Semantic(1)
styles(1)
(@#$(1)
ist(2)
colorBC(1)
Te(1)
#$(2)
".-(1)
/~(1)
ZLF(1)
"+=(1)
PowerPointD(1)
XN(1)
\]?(1)
"•(2)
#•(2)
Inline(1)
document(3)
ILJI(1)
BUT(1)
+/,•(1)
Header(1)
uv(1)
stylesheet(1)
PIN(1)
Ge(1)
Lstyle(1)
Ga(1)
Webt(1)
WT(1)
!.(1)
cICH(1)
^\_(1)
#'!&"(1)
OUT(1)
blockquote(1)
!-#(1)
!((1)
!</(1)
kubota(2)
dashed(1)
jphttp(1)
!:(1)
red(1)
$•(1)
"!(1)
DLSMBNT(1)
background(1)
!=(1)
Vd(1)
iobmjqbrrr(1)
rel(1)
XML(1)
RUTe(1)
variable(1)
&'(2)
uT(1)
backgroundColor(1)
GLWT(1)
Lif(1)
VOa(1)
padding(1)
@_(1)
height(1)
HHHp(1)
cM(1)
SMBNT(1)
*,•(1)
'.((2)
cI(1)
KJc(1)
&>(1)
&?(1)
/=<-(1)
text(2)
QA(1)
kyoto(5)
bbody(1)
JMS(1)
size(2)
'<(1)
example(2)
("(2)
propertycd(1)
!.<(1)
%}(1)
'@(1)
$)(1)
$((2)
BU(1)
var(3)
www(4)
$/(1)
CA(1)
TR(3)
Specificationhttp(1)
aX(1)
Ae(1)
style(6)
struct(1)
#")(1)
$<(1)
Kred(1)
BN(1)
Lisp(1)
$=(1)
);}(1)
></(1)
sample(3)
battribute(1)
CV(1)
%*(1)
%.(1)
SN(3)
ICHNd(1)
SILXTw(1)
SPTLEWebOTK(1)
px(1)
%;(1)
WURLE(1)
color(5)
#!'(1)
ac(5)
onclick(1)
html(5)
"><!–(1)
(•(1)
SA(1)
)•(1)
FrameworkT(1)
<;(1)
;–(1)
_$(1)
</(3)
^[(1)
<)(1)
#'(&)•(1)
button(1)
()">&'%)$(1)
&#$(1)
FCEGA(1)
border(2)
gefpsat(1)
(){(2)
bclass(1)
information(2)
alert(2)
LJavaScriptW(1)
,&(1)
GLWSU(1)
+<(1)
}--></(1)
bCM(1)
SResourceDescription(1)
+=(1)
present(1)
;)(1)
http(4)
;'(1)
then(1)
tagName(1)
;((1)
;!(1)
LPCVviodaclq(1)
`&'(1)
showStyle(3)
css(1)
IEM(1)
QTR(1)
tHTML(1)
=“(1)
}}(1)
)-,(1)
link(1)
click(1)
line(1)
+•(4)
MGIR(1)
org(3)
(<(1)
kuis(3)
:%(1)
`_(1)
(*(1)
OC(1)
()(2)
`–(1)
files(2)
*$(2)
*)(1)
pages(2)
,•(1)
OU(1)
<–(2)
)?(1)
External(1)
RMKM(1)
PK(2)
)+(1)
:*-;(1)
;•(1)
lzh(1)
/#(2)
('*(1)
/)-.(1)
LSU(1)
jp(5)
ZG(1)
").(2)
/+(1)
HP(1)
type(1)
function(2)
cresta(3)
HTML(6)
");(1)
Hstyle(1)
RQu(1)
.;(1)
head(1)
wHHOUPGS(1)
positlog(3)
font(2)
DNGKILJQT(1)
XY(1)
PHSU(1)
CSS(3)
YH(1)
class(1)
–((2)
lack(1)
Xb(1)
MURD(1)
DFOUR(1)
crimson(1)
/<(1)
Prolog(1)
xample(1)
/>(1)
JavaScript(3)
,=(1)
>/(1)
/<)(1)
/•(1)
;%*(1)
+,!(1)
><(1)
Iv(1)
iobmjqbT(1)
id(2)
/–(1)
://(6)
=>(1)
==(1)
if(1)
#')(1)
uvhnskvrrr(1)
-.•(1)
-=(1)
zip(1)
.$(1)
KM(1)
&)•(2)
ii(2)
=;(1)
DRM(1)
GQG(1)
.+(1)
sheets(1)
="(2)
'*,(1)
blue(1)
cLQFH(1)
=((1)
tgz(1)
[–(1)
=&(1)
{ 1 } { 2 } { 3 } { 4 } { 5 } { 6 } { 7 } { 8 } { 9 } { 10 } { 11 } { 12 } { 13 14 } { 15 } { 16 } { 17 } { 18 } { 19 } 
Segment{ 2 }, Segment{ 3 }
コサイン類似度: 0.0
Segment{ 3 }, Segment{ 4 }
コサイン類似度: 0.0
Segment{ 4 }, Segment{ 5 }
コサイン類似度: 0.04355764487701673
Segment{ 5 }, Segment{ 6 }
コサイン類似度: 0.008000782605297359
Segment{ 6 }, Segment{ 7 }
コサイン類似度: 0.0
Segment{ 7 }, Segment{ 8 }
コサイン類似度: 0.0
Segment{ 8 }, Segment{ 9 }
コサイン類似度: 0.0
Segment{ 9 }, Segment{ 10 }
コサイン類似度: 0.027891895966676114
Segment{ 10 }, Segment{ 11 }
コサイン類似度: 0.0018374825694660593
Segment{ 11 }, Segment{ 12 }
コサイン類似度: 0.0
Segment{ 12 }, Segment{ 13 14 }
コサイン類似度: 0.022747707278742917
Segment{ 13 14 }, Segment{ 15 }
コサイン類似度: 0.22486601680522006
Segment{ 15 }, Segment{ 16 }
コサイン類似度: 0.07358143912786078
Segment{ 16 }, Segment{ 17 }
コサイン類似度: 0.0024907373584054124
Segment{ 17 }, Segment{ 18 }
コサイン類似度: 0.015842991382399516
Segment{ 18 }, Segment{ 19 }
コサイン類似度: 0.0
HHH(1)
",(1)
etc(1)
DT(1)
",•(1)
")(1)
yellow(1)
mystyle(2)
>"/(1)
!;&(1)
"?(1)
">(1)
innerHTML(1)
#"(1)
"@(1)
HTJIN(1)
"<(1)
NaInline(1)
href(1)
UV(1)
black(1)
%*:(1)
else(1)
getElementById(2)
US(1)
&-*(1)
Semantic(1)
styles(1)
(@#$(1)
ist(2)
colorBC(1)
Te(1)
#$(2)
".-(1)
/~(1)
ZLF(1)
"+=(1)
PowerPointD(1)
XN(1)
\]?(1)
"•(2)
#•(2)
Inline(1)
document(2)
ILJI(1)
BUT(1)
+/,•(1)
Header(1)
uv(1)
stylesheet(1)
PIN(1)
Ge(1)
Lstyle(1)
Ga(1)
Webt(1)
WT(1)
!.(1)
cICH(1)
^\_(1)
#'!&"(1)
OUT(1)
blockquote(1)
!-#(1)
!((1)
!</(1)
kubota(2)
dashed(1)
jphttp(1)
!:(1)
red(1)
$•(1)
"!(1)
DLSMBNT(1)
background(1)
!=(1)
Vd(1)
iobmjqbrrr(1)
rel(1)
XML(1)
RUTe(1)
variable(1)
&'(2)
uT(1)
backgroundColor(1)
GLWT(1)
Lif(1)
VOa(1)
padding(1)
@_(1)
height(1)
HHHp(1)
cM(1)
SMBNT(1)
*,•(1)
'.((2)
cI(1)
KJc(1)
&>(1)
&?(1)
/=<-(1)
text(2)
QA(1)
kyoto(5)
bbody(1)
JMS(1)
size(2)
'<(1)
example(1)
("(1)
propertycd(1)
!.<(1)
%}(1)
'@(1)
$)(1)
$((2)
BU(1)
var(2)
www(4)
$/(1)
CA(1)
TR(3)
Specificationhttp(1)
aX(1)
Ae(1)
style(5)
struct(1)
#")(1)
$<(1)
Kred(1)
BN(1)
Lisp(1)
$=(1)
);}(1)
></(1)
sample(3)
battribute(1)
CV(1)
%*(1)
%.(1)
SN(3)
ICHNd(1)
SILXTw(1)
SPTLEWebOTK(1)
px(1)
%;(1)
WURLE(1)
color(4)
#!'(1)
ac(5)
onclick(1)
html(5)
"><!–(1)
(•(1)
SA(1)
)•(1)
FrameworkT(1)
<;(1)
;–(1)
_$(1)
</(3)
^[(1)
<)(1)
#'(&)•(1)
button(1)
()">&'%)$(1)
&#$(1)
FCEGA(1)
border(2)
gefpsat(1)
(){(1)
bclass(1)
information(2)
alert(1)
LJavaScriptW(1)
,&(1)
GLWSU(1)
+<(1)
}--></(1)
bCM(1)
SResourceDescription(1)
+=(1)
present(1)
;)(1)
http(4)
;'(1)
then(1)
tagName(1)
;((1)
;!(1)
LPCVviodaclq(1)
`&'(1)
showStyle(2)
css(1)
IEM(1)
QTR(1)
tHTML(1)
=“(1)
}}(1)
)-,(1)
link(1)
click(1)
line(1)
+•(4)
MGIR(1)
org(3)
(<(1)
kuis(3)
:%(1)
`_(1)
(*(1)
OC(1)
()(2)
`–(1)
files(2)
*$(2)
*)(1)
pages(2)
,•(1)
OU(1)
<–(2)
)?(1)
External(1)
RMKM(1)
PK(2)
)+(1)
:*-;(1)
;•(1)
lzh(1)
/#(2)
('*(1)
/)-.(1)
LSU(1)
jp(5)
ZG(1)
").(1)
/+(1)
HP(1)
type(1)
function(1)
cresta(3)
HTML(6)
");(1)
Hstyle(1)
RQu(1)
.;(1)
head(1)
wHHOUPGS(1)
positlog(3)
font(2)
DNGKILJQT(1)
XY(1)
PHSU(1)
CSS(3)
YH(1)
class(1)
–((2)
lack(1)
Xb(1)
MURD(1)
DFOUR(1)
crimson(1)
/<(1)
Prolog(1)
xample(1)
/>(1)
JavaScript(3)
,=(1)
>/(1)
/<)(1)
/•(1)
;%*(1)
+,!(1)
><(1)
Iv(1)
iobmjqbT(1)
id(2)
/–(1)
://(6)
=>(1)
==(1)
if(1)
#')(1)
uvhnskvrrr(1)
-.•(1)
-=(1)
zip(1)
.$(1)
KM(1)
&)•(2)
ii(2)
=;(1)
DRM(1)
GQG(1)
.+(1)
sheets(1)
="(2)
'*,(1)
blue(1)
cLQFH(1)
=((1)
tgz(1)
[–(1)
=&(1)
{ 1 } { 2 } { 3 } { 4 } { 5 } { 6 } { 7 } { 8 } { 9 } { 10 } { 11 } { 12 } { 13 14 15 } { 16 } { 17 } { 18 } { 19 } 
Segment{ 2 }, Segment{ 3 }
コサイン類似度: 0.0
Segment{ 3 }, Segment{ 4 }
コサイン類似度: 0.0
Segment{ 4 }, Segment{ 5 }
コサイン類似度: 0.04336716540167783
Segment{ 5 }, Segment{ 6 }
コサイン類似度: 0.00829625695441671
Segment{ 6 }, Segment{ 7 }
コサイン類似度: 0.0
Segment{ 7 }, Segment{ 8 }
コサイン類似度: 0.0
Segment{ 8 }, Segment{ 9 }
コサイン類似度: 0.0
Segment{ 9 }, Segment{ 10 }
コサイン類似度: 0.027888581475399934
Segment{ 10 }, Segment{ 11 }
コサイン類似度: 0.0018372642150037487
Segment{ 11 }, Segment{ 12 }
コサイン類似度: 0.0
Segment{ 12 }, Segment{ 13 14 15 }
コサイン類似度: 0.027880695074460532
Segment{ 13 14 15 }, Segment{ 16 }
コサイン類似度: 0.21510931326568256
Segment{ 16 }, Segment{ 17 }
コサイン類似度: 0.003255190483130813
Segment{ 17 }, Segment{ 18 }
コサイン類似度: 0.015840841629961598
Segment{ 18 }, Segment{ 19 }
コサイン類似度: 0.0
HHH(1)
",(1)
etc(1)
DT(1)
",•(1)
")(1)
yellow(1)
mystyle(1)
>"/(1)
!;&(1)
"?(1)
">(1)
innerHTML(1)
#"(1)
"@(1)
HTJIN(1)
"<(1)
NaInline(1)
href(1)
UV(1)
black(1)
%*:(1)
else(1)
getElementById(1)
US(1)
&-*(1)
Semantic(1)
styles(1)
(@#$(1)
ist(2)
colorBC(1)
Te(1)
#$(2)
".-(1)
/~(1)
ZLF(1)
"+=(1)
PowerPointD(1)
XN(1)
\]?(1)
"•(2)
#•(1)
Inline(1)
document(1)
ILJI(1)
BUT(1)
+/,•(1)
Header(1)
uv(1)
stylesheet(1)
PIN(1)
Ge(1)
Lstyle(1)
Ga(1)
Webt(1)
WT(1)
!.(1)
cICH(1)
^\_(1)
#'!&"(1)
OUT(1)
blockquote(1)
!-#(1)
!((1)
!</(1)
kubota(2)
dashed(1)
jphttp(1)
!:(1)
red(1)
$•(1)
"!(1)
DLSMBNT(1)
background(1)
!=(1)
Vd(1)
iobmjqbrrr(1)
rel(1)
XML(1)
RUTe(1)
variable(1)
&'(2)
uT(1)
backgroundColor(1)
GLWT(1)
Lif(1)
VOa(1)
padding(1)
@_(1)
height(1)
HHHp(1)
cM(1)
SMBNT(1)
*,•(1)
'.((2)
cI(1)
KJc(1)
&>(1)
&?(1)
/=<-(1)
text(2)
QA(1)
kyoto(5)
bbody(1)
JMS(1)
size(2)
'<(1)
example(1)
("(1)
propertycd(1)
!.<(1)
%}(1)
'@(1)
$)(1)
$((2)
BU(1)
var(1)
www(4)
$/(1)
CA(1)
TR(3)
Specificationhttp(1)
aX(1)
Ae(1)
style(4)
struct(1)
#")(1)
$<(1)
Kred(1)
BN(1)
Lisp(1)
$=(1)
);}(1)
></(1)
sample(3)
battribute(1)
CV(1)
%*(1)
%.(1)
SN(3)
ICHNd(1)
SILXTw(1)
SPTLEWebOTK(1)
px(1)
%;(1)
WURLE(1)
color(3)
#!'(1)
ac(5)
onclick(1)
html(5)
"><!–(1)
(•(1)
SA(1)
)•(1)
FrameworkT(1)
<;(1)
;–(1)
_$(1)
</(3)
^[(1)
<)(1)
#'(&)•(1)
button(1)
()">&'%)$(1)
&#$(1)
FCEGA(1)
border(2)
gefpsat(1)
(){(1)
bclass(1)
information(2)
alert(1)
LJavaScriptW(1)
,&(1)
GLWSU(1)
+<(1)
}--></(1)
bCM(1)
SResourceDescription(1)
+=(1)
present(1)
;)(1)
http(4)
;'(1)
then(1)
tagName(1)
;((1)
;!(1)
LPCVviodaclq(1)
`&'(1)
showStyle(2)
css(1)
IEM(1)
QTR(1)
tHTML(1)
=“(1)
}}(1)
)-,(1)
link(1)
click(1)
line(1)
+•(4)
MGIR(1)
org(3)
(<(1)
kuis(3)
:%(1)
`_(1)
(*(1)
OC(1)
()(2)
`–(1)
files(2)
*$(2)
*)(1)
pages(2)
,•(1)
OU(1)
<–(2)
)?(1)
External(1)
RMKM(1)
PK(2)
)+(1)
:*-;(1)
;•(1)
lzh(1)
/#(2)
('*(1)
/)-.(1)
LSU(1)
jp(5)
ZG(1)
").(1)
/+(1)
HP(1)
type(1)
function(1)
cresta(3)
HTML(6)
");(1)
Hstyle(1)
RQu(1)
.;(1)
head(1)
wHHOUPGS(1)
positlog(3)
font(2)
DNGKILJQT(1)
XY(1)
PHSU(1)
CSS(3)
YH(1)
class(1)
–((2)
lack(1)
Xb(1)
MURD(1)
DFOUR(1)
crimson(1)
/<(1)
Prolog(1)
xample(1)
/>(1)
JavaScript(3)
,=(1)
>/(1)
/<)(1)
/•(1)
;%*(1)
+,!(1)
><(1)
Iv(1)
iobmjqbT(1)
id(2)
/–(1)
://(6)
=>(1)
==(1)
if(1)
#')(1)
uvhnskvrrr(1)
-.•(1)
-=(1)
zip(1)
.$(1)
KM(1)
&)•(2)
ii(2)
=;(1)
DRM(1)
GQG(1)
.+(1)
sheets(1)
="(2)
'*,(1)
blue(1)
cLQFH(1)
=((1)
tgz(1)
[–(1)
=&(1)
{ 1 } { 2 } { 3 } { 4 } { 5 } { 6 } { 7 } { 8 } { 9 } { 10 } { 11 } { 12 } { 13 14 15 16 } { 17 } { 18 } { 19 } 
Segment{ 2 }, Segment{ 3 }
コサイン類似度: 0.0
Segment{ 3 }, Segment{ 4 }
コサイン類似度: 0.0
Segment{ 4 }, Segment{ 5 }
コサイン類似度: 0.04302081092534879
Segment{ 5 }, Segment{ 6 }
コサイン類似度: 0.008937868662215862
Segment{ 6 }, Segment{ 7 }
コサイン類似度: 0.0
Segment{ 7 }, Segment{ 8 }
コサイン類似度: 0.0
Segment{ 8 }, Segment{ 9 }
コサイン類似度: 0.0
Segment{ 9 }, Segment{ 10 }
コサイン類似度: 0.02788248288687422
Segment{ 10 }, Segment{ 11 }
コサイン類似度: 0.0018368624477618325
Segment{ 11 }, Segment{ 12 }
コサイン類似度: 0.0
Segment{ 12 }, Segment{ 13 14 15 16 }
コサイン類似度: 0.02177891987848187
Segment{ 13 14 15 16 }, Segment{ 17 }
コサイン類似度: 0.005314880846242617
Segment{ 17 }, Segment{ 18 }
コサイン類似度: 0.015836886418440273
Segment{ 18 }, Segment{ 19 }
コサイン類似度: 0.0
