filename: gijutsuenshu12
xmlFile: /home/sakamoto/OCWData/ocw.kyoto-u.ac.jp/04-情報技術演習,2006/gijutsuenshu12/slide.xml
dir: /home/sakamoto/OCWData/ocw.kyoto-u.ac.jp/04-情報技術演習,2006/gijutsuenshu12
XML:
<presentation language="ja"><slide page="1"><body><p>情報技術演習最終回「インタラクション技術」2007/1/9久保田秀和文学部／情報学研究科kubota@ii.ist.i.kyoto-u.ac.jphttp://www.ii.ist.i.kyoto-u.ac.jp/~kubota/</p></body></slide><slide page="2"><body><p>演習のまとめ• 基礎的な情報技術に関する実習を通じて，その背景にある情報の構造や処理の仕組みについて学習した–マークアップ言語とその周辺• HTML, CSS, RSS, RDF, microformats– JavaScript，自然言語処理，ネットワーク技術–応用として，グループウェア，情報可視化• Wiki, PositLog</p></body></slide><slide page="3"><body><p>今後の学習の指針• Webは人工システム＝人間の暮らしに新しいインタラクションをもたらす存在–人と人のコミュニケーションを媒介する–人と人工システムをつなぐ• インタラクションのデザインには，暮らしに寄り添ったシナリオと評価が必要</p></body></slide><slide page="4"><body><p>個人の主観的な情報（CGM）の表現• 個人の意見や日記を統一的に扱う仕組み– 配信手法• マイクロコンテンツ＋RSS– 記法の変化• Wiki記法，各種ブログ向け記法，軽量マークアップ言語• タグやmicroformatsを用いた，情報への主観的な意味づけ– Folksonomy– hReview, XFN⇒CGMが人工システムによって配信，利用される仕組みに注意を払い続けてほしい– Accuracy と Reliability の違い．「なぜ」を問えるか？ということ．– 主観情報を書くことの自分への影響，社会への影響</p></body></slide><slide page="5"><body><p>CGMを処理するための計算機的枠組み• JavaScript– HTML, RDF, microformats– WebAPI，Ajaxフレームワーク⇒デスクトップアプリケーションのプログラミングにも影響（CGUI）• タグを利用したマルチメディアデータの処理– 映像，画像，ポッドキャスティングなど⇒わたしたちの暮らしや趣味に関する情報を処理する際のハードルはどんどん低くなっている– ぜひともWebインタラクションのデザインに挑戦してほしい</p></body></slide><slide page="6"><body><p>実世界の知識とWeb（１）• 実世界の知識のうち，Webから手に入るものはごく僅かである–個人が見て，聞いて，操作した経験，没入した体験，体得されたノウハウを人工システムに載せる方法は？–現場で必要な知識を取り出したり，再現したりするには？</p></body></slide><slide page="7"><body><p>実世界の知識とWeb（２）• 道具立ては個人の手の届く範囲でも整えられつつある–マルチメディア情報の共有• YouTube, ポッドキャスティング–ウェアラブル，ユビキタス，ロボット，ゲーム技術• PCと簡単に接続できるセンサやアクチュエータのセット（Phidgets http://www.phidgets.com/ ）• GPSを用いない位置情報取得（http://www.placeengine.com/，http://locky.jp/）• 各種ロボットキット，LEGO MINDSTORMS，Roomba(http://www.irobot-jp.com/) ・・・ホビー用も登場• Wiiリモコン，XNA Game Studio（Microsoft）</p></body></slide><slide page="8"><body><p>おわりに• あなたの身近なところに人工システムが息づこうとしていることを感じてください．• 人工システムをつくりだすための道具も，あなたのすぐ傍にあります．• 講義の内容に質問などあれば，いつでもご連絡ください担当： 久保田秀和kubota@ii.ist.i.kyoto-u.ac.jphttp://www.ii.ist.i.kyoto-u.ac.jp/~kubota/</p></body></slide></presentation>
ページ: 1 -----
<slide page="1"><body><p>情報技術演習最終回「インタラクション技術」2007/1/9久保田秀和文学部／情報学研究科kubota@ii.ist.i.kyoto-u.ac.jphttp://www.ii.ist.i.kyoto-u.ac.jp/~kubota/</p></body></slide>
in Sheet Class, page: 1
title = ""
body = "<p>情報技術演習最終回「インタラクション技術」2007/1/9久保田秀和文学部／情報学研究科kubota@ii.ist.i.kyoto-u.ac.jphttp://www.ii.ist.i.kyoto-u.ac.jp/~kubota/</p>"
makeWordArrayJp
paragraph: 情報技術演習最終回「インタラクション技術」2007/1/9久保田秀和文学部／情報学研究科kubota@ii.ist.i.kyoto-u.ac.jphttp://www.ii.ist.i.kyoto-u.ac.jp/~kubota/
情報 :	名詞,一般,*,*,*,*,情報,ジョウホウ,ジョーホー	true	1
技術 :	名詞,一般,*,*,*,*,技術,ギジュツ,ギジュツ	true	1
演習 :	名詞,サ変接続,*,*,*,*,演習,エンシュウ,エンシュー	true	1
最終 :	名詞,一般,*,*,*,*,最終,サイシュウ,サイシュー	true	1
インタラクション :	名詞,固有名詞,一般,*,*,*,*	false	1
技術 :	名詞,一般,*,*,*,*,技術,ギジュツ,ギジュツ	true	2
久保田 :	名詞,固有名詞,人名,姓,*,*,久保田,クボタ,クボタ	true	1
秀和 :	名詞,固有名詞,人名,名,*,*,秀和,ヒデカズ,ヒデカズ	true	1
文学部 :	名詞,一般,*,*,*,*,文学部,ブンガクブ,ブンガクブ	true	1
情報 :	名詞,一般,*,*,*,*,情報,ジョウホウ,ジョーホー	true	2
研究 :	名詞,サ変接続,*,*,*,*,研究,ケンキュウ,ケンキュー	true	1
kubota :	名詞,一般,*,*,*,*,*	false	1
ii :	名詞,一般,*,*,*,*,*	false	1
ist :	名詞,一般,*,*,*,*,*	false	1
kyoto :	名詞,一般,*,*,*,*,*	false	1
ac :	名詞,一般,*,*,*,*,*	false	1
jphttp :	名詞,一般,*,*,*,*,*	false	1
:// :	名詞,サ変接続,*,*,*,*,*	false	1
www :	名詞,一般,*,*,*,*,*	false	1
ii :	名詞,一般,*,*,*,*,*	false	2
ist :	名詞,一般,*,*,*,*,*	false	2
kyoto :	名詞,一般,*,*,*,*,*	false	2
ac :	名詞,一般,*,*,*,*,*	false	2
jp :	名詞,一般,*,*,*,*,*	false	1
/~ :	名詞,サ変接続,*,*,*,*,*	false	1
kubota :	名詞,一般,*,*,*,*,*	false	2
ページ: 2 -----
<slide page="2"><body><p>演習のまとめ• 基礎的な情報技術に関する実習を通じて，その背景にある情報の構造や処理の仕組みについて学習した–マークアップ言語とその周辺• HTML, CSS, RSS, RDF, microformats– JavaScript，自然言語処理，ネットワーク技術–応用として，グループウェア，情報可視化• Wiki, PositLog</p></body></slide>
in Sheet Class, page: 2
title = ""
body = "<p>演習のまとめ• 基礎的な情報技術に関する実習を通じて，その背景にある情報の構造や処理の仕組みについて学習した–マークアップ言語とその周辺• HTML, CSS, RSS, RDF, microformats– JavaScript，自然言語処理，ネットワーク技術–応用として，グループウェア，情報可視化• Wiki, PositLog</p>"
makeWordArrayJp
paragraph: 演習のまとめ• 基礎的な情報技術に関する実習を通じて，その背景にある情報の構造や処理の仕組みについて学習した–マークアップ言語とその周辺• HTML, CSS, RSS, RDF, microformats– JavaScript，自然言語処理，ネットワーク技術–応用として，グループウェア，情報可視化• Wiki, PositLog
演習 :	名詞,サ変接続,*,*,*,*,演習,エンシュウ,エンシュー	true	1
まとめ :	名詞,一般,*,*,*,*,まとめ,マトメ,マトメ	true	1
基礎 :	名詞,一般,*,*,*,*,基礎,キソ,キソ	true	1
情報 :	名詞,一般,*,*,*,*,情報,ジョウホウ,ジョーホー	true	1
技術 :	名詞,一般,*,*,*,*,技術,ギジュツ,ギジュツ	true	1
実習 :	名詞,サ変接続,*,*,*,*,実習,ジッシュウ,ジッシュー	true	1
背景 :	名詞,一般,*,*,*,*,背景,ハイケイ,ハイケイ	true	1
情報 :	名詞,一般,*,*,*,*,情報,ジョウホウ,ジョーホー	true	2
構造 :	名詞,一般,*,*,*,*,構造,コウゾウ,コーゾー	true	1
処理 :	名詞,サ変接続,*,*,*,*,処理,ショリ,ショリ	true	1
仕組み :	名詞,一般,*,*,*,*,仕組み,シクミ,シクミ	true	1
学習 :	名詞,サ変接続,*,*,*,*,学習,ガクシュウ,ガクシュー	true	1
マーク :	名詞,サ変接続,*,*,*,*,マーク,マーク,マーク	true	1
アップ :	名詞,サ変接続,*,*,*,*,アップ,アップ,アップ	true	1
言語 :	名詞,一般,*,*,*,*,言語,ゲンゴ,ゲンゴ	true	1
周辺 :	名詞,一般,*,*,*,*,周辺,シュウヘン,シューヘン	true	1
HTML :	名詞,固有名詞,組織,*,*,*,*	false	1
CSS :	名詞,固有名詞,組織,*,*,*,*	false	1
RSS :	名詞,固有名詞,組織,*,*,*,*	false	1
RDF :	名詞,固有名詞,組織,*,*,*,*	false	1
microformats :	名詞,固有名詞,組織,*,*,*,*	false	1
JavaScript :	名詞,固有名詞,組織,*,*,*,*	false	1
自然 :	名詞,形容動詞語幹,*,*,*,*,自然,シゼン,シゼン	true	1
言語 :	名詞,一般,*,*,*,*,言語,ゲンゴ,ゲンゴ	true	2
処理 :	名詞,サ変接続,*,*,*,*,処理,ショリ,ショリ	true	2
ネットワーク :	名詞,一般,*,*,*,*,ネットワーク,ネットワーク,ネットワーク	true	1
技術 :	名詞,一般,*,*,*,*,技術,ギジュツ,ギジュツ	true	2
応用 :	名詞,サ変接続,*,*,*,*,応用,オウヨウ,オーヨー	true	1
グループ :	名詞,一般,*,*,*,*,グループ,グループ,グループ	true	1
ウェア :	名詞,一般,*,*,*,*,ウェア,ウェア,ウェア	true	1
情報 :	名詞,一般,*,*,*,*,情報,ジョウホウ,ジョーホー	true	3
可視 :	名詞,一般,*,*,*,*,可視,カシ,カシ	true	1
Wiki :	名詞,固有名詞,組織,*,*,*,*	false	1
PositLog :	名詞,固有名詞,組織,*,*,*,*	false	1
ページ: 3 -----
<slide page="3"><body><p>今後の学習の指針• Webは人工システム＝人間の暮らしに新しいインタラクションをもたらす存在–人と人のコミュニケーションを媒介する–人と人工システムをつなぐ• インタラクションのデザインには，暮らしに寄り添ったシナリオと評価が必要</p></body></slide>
in Sheet Class, page: 3
title = ""
body = "<p>今後の学習の指針• Webは人工システム＝人間の暮らしに新しいインタラクションをもたらす存在–人と人のコミュニケーションを媒介する–人と人工システムをつなぐ• インタラクションのデザインには，暮らしに寄り添ったシナリオと評価が必要</p>"
makeWordArrayJp
paragraph: 今後の学習の指針• Webは人工システム＝人間の暮らしに新しいインタラクションをもたらす存在–人と人のコミュニケーションを媒介する–人と人工システムをつなぐ• インタラクションのデザインには，暮らしに寄り添ったシナリオと評価が必要
今後 :	名詞,副詞可能,*,*,*,*,今後,コンゴ,コンゴ	true	1
学習 :	名詞,サ変接続,*,*,*,*,学習,ガクシュウ,ガクシュー	true	1
指針 :	名詞,一般,*,*,*,*,指針,シシン,シシン	true	1
Web :	名詞,固有名詞,組織,*,*,*,*	false	1
人工 :	名詞,一般,*,*,*,*,人工,ジンコウ,ジンコー	true	1
システム :	名詞,一般,*,*,*,*,システム,システム,システム	true	1
人間 :	名詞,一般,*,*,*,*,人間,ニンゲン,ニンゲン	true	1
暮らし :	名詞,一般,*,*,*,*,暮らし,クラシ,クラシ	true	1
インタラクション :	名詞,一般,*,*,*,*,*	false	1
存在 :	名詞,サ変接続,*,*,*,*,存在,ソンザイ,ソンザイ	true	1
コミュニケーション :	名詞,一般,*,*,*,*,コミュニケーション,コミュニケーション,コミュニケーション	true	1
媒介 :	名詞,サ変接続,*,*,*,*,媒介,バイカイ,バイカイ	true	1
人工 :	名詞,一般,*,*,*,*,人工,ジンコウ,ジンコー	true	2
システム :	名詞,一般,*,*,*,*,システム,システム,システム	true	2
インタラクション :	名詞,一般,*,*,*,*,*	false	2
デザイン :	名詞,サ変接続,*,*,*,*,デザイン,デザイン,デザイン	true	1
暮らし :	名詞,一般,*,*,*,*,暮らし,クラシ,クラシ	true	2
シナリオ :	名詞,一般,*,*,*,*,シナリオ,シナリオ,シナリオ	true	1
評価 :	名詞,サ変接続,*,*,*,*,評価,ヒョウカ,ヒョーカ	true	1
必要 :	名詞,形容動詞語幹,*,*,*,*,必要,ヒツヨウ,ヒツヨー	true	1
ページ: 4 -----
<slide page="4"><body><p>個人の主観的な情報（CGM）の表現• 個人の意見や日記を統一的に扱う仕組み– 配信手法• マイクロコンテンツ＋RSS– 記法の変化• Wiki記法，各種ブログ向け記法，軽量マークアップ言語• タグやmicroformatsを用いた，情報への主観的な意味づけ– Folksonomy– hReview, XFN⇒CGMが人工システムによって配信，利用される仕組みに注意を払い続けてほしい– Accuracy と Reliability の違い．「なぜ」を問えるか？ということ．– 主観情報を書くことの自分への影響，社会への影響</p></body></slide>
in Sheet Class, page: 4
title = ""
body = "<p>個人の主観的な情報（CGM）の表現• 個人の意見や日記を統一的に扱う仕組み– 配信手法• マイクロコンテンツ＋RSS– 記法の変化• Wiki記法，各種ブログ向け記法，軽量マークアップ言語• タグやmicroformatsを用いた，情報への主観的な意味づけ– Folksonomy– hReview, XFN⇒CGMが人工システムによって配信，利用される仕組みに注意を払い続けてほしい– Accuracy と Reliability の違い．「なぜ」を問えるか？ということ．– 主観情報を書くことの自分への影響，社会への影響</p>"
makeWordArrayJp
paragraph: 個人の主観的な情報（CGM）の表現• 個人の意見や日記を統一的に扱う仕組み– 配信手法• マイクロコンテンツ＋RSS– 記法の変化• Wiki記法，各種ブログ向け記法，軽量マークアップ言語• タグやmicroformatsを用いた，情報への主観的な意味づけ– Folksonomy– hReview, XFN⇒CGMが人工システムによって配信，利用される仕組みに注意を払い続けてほしい– Accuracy と Reliability の違い．「なぜ」を問えるか？ということ．– 主観情報を書くことの自分への影響，社会への影響
個人 :	名詞,一般,*,*,*,*,個人,コジン,コジン	true	1
主観 :	名詞,一般,*,*,*,*,主観,シュカン,シュカン	true	1
情報 :	名詞,一般,*,*,*,*,情報,ジョウホウ,ジョーホー	true	1
CGM :	名詞,固有名詞,組織,*,*,*,*	false	1
表現 :	名詞,サ変接続,*,*,*,*,表現,ヒョウゲン,ヒョーゲン	true	1
個人 :	名詞,一般,*,*,*,*,個人,コジン,コジン	true	2
意見 :	名詞,サ変接続,*,*,*,*,意見,イケン,イケン	true	1
日記 :	名詞,一般,*,*,*,*,日記,ニッキ,ニッキ	true	1
統一 :	名詞,サ変接続,*,*,*,*,統一,トウイツ,トーイツ	true	1
仕組み :	名詞,一般,*,*,*,*,仕組み,シクミ,シクミ	true	1
配信 :	名詞,サ変接続,*,*,*,*,配信,ハイシン,ハイシン	true	1
手法 :	名詞,一般,*,*,*,*,手法,シュホウ,シュホー	true	1
マイクロ :	名詞,一般,*,*,*,*,マイクロ,マイクロ,マイクロ	true	1
コンテンツ :	名詞,一般,*,*,*,*,コンテンツ,コンテンツ,コンテンツ	true	1
RSS :	名詞,固有名詞,組織,*,*,*,*	false	1
記法 :	名詞,一般,*,*,*,*,記法,キホウ,キホー	true	1
変化 :	名詞,サ変接続,*,*,*,*,変化,ヘンカ,ヘンカ	true	1
Wiki :	名詞,固有名詞,組織,*,*,*,*	false	1
記法 :	名詞,一般,*,*,*,*,記法,キホウ,キホー	true	2
各種 :	名詞,一般,*,*,*,*,各種,カクシュ,カクシュ	true	1
ブログ :	名詞,一般,*,*,*,*,*	false	1
向け :	名詞,接尾,一般,*,*,*,向け,ムケ,ムケ	true	1
記法 :	名詞,一般,*,*,*,*,記法,キホウ,キホー	true	3
軽量 :	名詞,一般,*,*,*,*,軽量,ケイリョウ,ケイリョー	true	1
マーク :	名詞,サ変接続,*,*,*,*,マーク,マーク,マーク	true	1
アップ :	名詞,サ変接続,*,*,*,*,アップ,アップ,アップ	true	1
言語 :	名詞,一般,*,*,*,*,言語,ゲンゴ,ゲンゴ	true	1
タグ :	名詞,一般,*,*,*,*,タグ,タグ,タグ	true	1
microformats :	名詞,一般,*,*,*,*,*	false	1
情報 :	名詞,一般,*,*,*,*,情報,ジョウホウ,ジョーホー	true	2
主観 :	名詞,一般,*,*,*,*,主観,シュカン,シュカン	true	2
意味 :	名詞,サ変接続,*,*,*,*,意味,イミ,イミ	true	1
Folksonomy :	名詞,固有名詞,組織,*,*,*,*	false	1
hReview :	名詞,固有名詞,組織,*,*,*,*	false	1
XFN :	名詞,固有名詞,組織,*,*,*,*	false	1
CGM :	名詞,一般,*,*,*,*,*	false	2
人工 :	名詞,一般,*,*,*,*,人工,ジンコウ,ジンコー	true	1
システム :	名詞,一般,*,*,*,*,システム,システム,システム	true	1
配信 :	名詞,サ変接続,*,*,*,*,配信,ハイシン,ハイシン	true	2
利用 :	名詞,サ変接続,*,*,*,*,利用,リヨウ,リヨー	true	1
仕組み :	名詞,一般,*,*,*,*,仕組み,シクミ,シクミ	true	2
注意 :	名詞,サ変接続,*,*,*,*,注意,チュウイ,チューイ	true	1
Accuracy :	名詞,固有名詞,組織,*,*,*,*	false	1
Reliability :	名詞,固有名詞,組織,*,*,*,*	false	1
違い :	名詞,ナイ形容詞語幹,*,*,*,*,違い,チガイ,チガイ	true	1
こと :	名詞,非自立,一般,*,*,*,こと,コト,コト	true	1
主観 :	名詞,一般,*,*,*,*,主観,シュカン,シュカン	true	3
情報 :	名詞,一般,*,*,*,*,情報,ジョウホウ,ジョーホー	true	3
こと :	名詞,非自立,一般,*,*,*,こと,コト,コト	true	2
自分 :	名詞,一般,*,*,*,*,自分,ジブン,ジブン	true	1
影響 :	名詞,サ変接続,*,*,*,*,影響,エイキョウ,エイキョー	true	1
社会 :	名詞,一般,*,*,*,*,社会,シャカイ,シャカイ	true	1
影響 :	名詞,サ変接続,*,*,*,*,影響,エイキョウ,エイキョー	true	2
ページ: 5 -----
<slide page="5"><body><p>CGMを処理するための計算機的枠組み• JavaScript– HTML, RDF, microformats– WebAPI，Ajaxフレームワーク⇒デスクトップアプリケーションのプログラミングにも影響（CGUI）• タグを利用したマルチメディアデータの処理– 映像，画像，ポッドキャスティングなど⇒わたしたちの暮らしや趣味に関する情報を処理する際のハードルはどんどん低くなっている– ぜひともWebインタラクションのデザインに挑戦してほしい</p></body></slide>
in Sheet Class, page: 5
title = ""
body = "<p>CGMを処理するための計算機的枠組み• JavaScript– HTML, RDF, microformats– WebAPI，Ajaxフレームワーク⇒デスクトップアプリケーションのプログラミングにも影響（CGUI）• タグを利用したマルチメディアデータの処理– 映像，画像，ポッドキャスティングなど⇒わたしたちの暮らしや趣味に関する情報を処理する際のハードルはどんどん低くなっている– ぜひともWebインタラクションのデザインに挑戦してほしい</p>"
makeWordArrayJp
paragraph: CGMを処理するための計算機的枠組み• JavaScript– HTML, RDF, microformats– WebAPI，Ajaxフレームワーク⇒デスクトップアプリケーションのプログラミングにも影響（CGUI）• タグを利用したマルチメディアデータの処理– 映像，画像，ポッドキャスティングなど⇒わたしたちの暮らしや趣味に関する情報を処理する際のハードルはどんどん低くなっている– ぜひともWebインタラクションのデザインに挑戦してほしい
CGM :	名詞,一般,*,*,*,*,*	false	1
処理 :	名詞,サ変接続,*,*,*,*,処理,ショリ,ショリ	true	1
ため :	名詞,非自立,副詞可能,*,*,*,ため,タメ,タメ	true	1
計算 :	名詞,サ変接続,*,*,*,*,計算,ケイサン,ケイサン	true	1
枠組み :	名詞,一般,*,*,*,*,枠組み,ワクグミ,ワクグミ	true	1
JavaScript :	名詞,固有名詞,組織,*,*,*,*	false	1
HTML :	名詞,固有名詞,組織,*,*,*,*	false	1
RDF :	名詞,固有名詞,組織,*,*,*,*	false	1
microformats :	名詞,固有名詞,組織,*,*,*,*	false	1
WebAPI :	名詞,固有名詞,組織,*,*,*,*	false	1
Ajax :	名詞,固有名詞,組織,*,*,*,*	false	1
フレーム :	名詞,一般,*,*,*,*,フレーム,フレーム,フレーム	true	1
ワーク :	名詞,一般,*,*,*,*,ワーク,ワーク,ワーク	true	1
デスク :	名詞,一般,*,*,*,*,デスク,デスク,デスク	true	1
トップ :	名詞,一般,*,*,*,*,トップ,トップ,トップ	true	1
アプリケーション :	名詞,一般,*,*,*,*,アプリケーション,アプリケーション,アプリケーション	true	1
プログラミング :	名詞,サ変接続,*,*,*,*,プログラミング,プログラミング,プログラミング	true	1
影響 :	名詞,サ変接続,*,*,*,*,影響,エイキョウ,エイキョー	true	1
CGUI :	名詞,固有名詞,組織,*,*,*,*	false	1
タグ :	名詞,一般,*,*,*,*,タグ,タグ,タグ	true	1
利用 :	名詞,サ変接続,*,*,*,*,利用,リヨウ,リヨー	true	1
マルチメディア :	名詞,一般,*,*,*,*,マルチメディア,マルチメディア,マルチメディア	true	1
データ :	名詞,一般,*,*,*,*,データ,データ,データ	true	1
処理 :	名詞,サ変接続,*,*,*,*,処理,ショリ,ショリ	true	2
映像 :	名詞,一般,*,*,*,*,映像,エイゾウ,エイゾー	true	1
画像 :	名詞,一般,*,*,*,*,画像,ガゾウ,ガゾー	true	1
ポッドキャスティング :	名詞,固有名詞,一般,*,*,*,*	false	1
わたし :	名詞,代名詞,一般,*,*,*,わたし,ワタシ,ワタシ	true	1
たち :	名詞,接尾,一般,*,*,*,たち,タチ,タチ	true	1
暮らし :	名詞,一般,*,*,*,*,暮らし,クラシ,クラシ	true	1
趣味 :	名詞,一般,*,*,*,*,趣味,シュミ,シュミ	true	1
情報 :	名詞,一般,*,*,*,*,情報,ジョウホウ,ジョーホー	true	1
処理 :	名詞,サ変接続,*,*,*,*,処理,ショリ,ショリ	true	3
ハードル :	名詞,一般,*,*,*,*,ハードル,ハードル,ハードル	true	1
Web :	名詞,一般,*,*,*,*,*	false	1
インタラクション :	名詞,一般,*,*,*,*,*	false	1
デザイン :	名詞,サ変接続,*,*,*,*,デザイン,デザイン,デザイン	true	1
挑戦 :	名詞,サ変接続,*,*,*,*,挑戦,チョウセン,チョーセン	true	1
ページ: 6 -----
<slide page="6"><body><p>実世界の知識とWeb（１）• 実世界の知識のうち，Webから手に入るものはごく僅かである–個人が見て，聞いて，操作した経験，没入した体験，体得されたノウハウを人工システムに載せる方法は？–現場で必要な知識を取り出したり，再現したりするには？</p></body></slide>
in Sheet Class, page: 6
title = ""
body = "<p>実世界の知識とWeb（１）• 実世界の知識のうち，Webから手に入るものはごく僅かである–個人が見て，聞いて，操作した経験，没入した体験，体得されたノウハウを人工システムに載せる方法は？–現場で必要な知識を取り出したり，再現したりするには？</p>"
makeWordArrayJp
paragraph: 実世界の知識とWeb（１）• 実世界の知識のうち，Webから手に入るものはごく僅かである–個人が見て，聞いて，操作した経験，没入した体験，体得されたノウハウを人工システムに載せる方法は？–現場で必要な知識を取り出したり，再現したりするには？
世界 :	名詞,一般,*,*,*,*,世界,セカイ,セカイ	true	1
知識 :	名詞,一般,*,*,*,*,知識,チシキ,チシキ	true	1
Web :	名詞,一般,*,*,*,*,*	false	1
）• :	名詞,サ変接続,*,*,*,*,*	false	1
世界 :	名詞,一般,*,*,*,*,世界,セカイ,セカイ	true	2
知識 :	名詞,一般,*,*,*,*,知識,チシキ,チシキ	true	2
うち :	名詞,非自立,副詞可能,*,*,*,うち,ウチ,ウチ	true	1
Web :	名詞,固有名詞,組織,*,*,*,*	false	2
もの :	名詞,非自立,一般,*,*,*,もの,モノ,モノ	true	1
僅か :	名詞,形容動詞語幹,*,*,*,*,僅か,ワズカ,ワズカ	true	1
個人 :	名詞,一般,*,*,*,*,個人,コジン,コジン	true	1
操作 :	名詞,サ変接続,*,*,*,*,操作,ソウサ,ソーサ	true	1
経験 :	名詞,サ変接続,*,*,*,*,経験,ケイケン,ケイケン	true	1
没入 :	名詞,サ変接続,*,*,*,*,没入,ボツニュウ,ボツニュー	true	1
体験 :	名詞,サ変接続,*,*,*,*,体験,タイケン,タイケン	true	1
体得 :	名詞,サ変接続,*,*,*,*,体得,タイトク,タイトク	true	1
ノウハウ :	名詞,一般,*,*,*,*,ノウハウ,ノウハウ,ノーハウ	true	1
人工 :	名詞,一般,*,*,*,*,人工,ジンコウ,ジンコー	true	1
システム :	名詞,一般,*,*,*,*,システム,システム,システム	true	1
方法 :	名詞,一般,*,*,*,*,方法,ホウホウ,ホーホー	true	1
？– :	名詞,サ変接続,*,*,*,*,*	false	1
現場 :	名詞,一般,*,*,*,*,現場,ゲンバ,ゲンバ	true	1
必要 :	名詞,形容動詞語幹,*,*,*,*,必要,ヒツヨウ,ヒツヨー	true	1
知識 :	名詞,一般,*,*,*,*,知識,チシキ,チシキ	true	3
再現 :	名詞,サ変接続,*,*,*,*,再現,サイゲン,サイゲン	true	1
ページ: 7 -----
<slide page="7"><body><p>実世界の知識とWeb（２）• 道具立ては個人の手の届く範囲でも整えられつつある–マルチメディア情報の共有• YouTube, ポッドキャスティング–ウェアラブル，ユビキタス，ロボット，ゲーム技術• PCと簡単に接続できるセンサやアクチュエータのセット（Phidgets http://www.phidgets.com/ ）• GPSを用いない位置情報取得（http://www.placeengine.com/，http://locky.jp/）• 各種ロボットキット，LEGO MINDSTORMS，Roomba(http://www.irobot-jp.com/) ・・・ホビー用も登場• Wiiリモコン，XNA Game Studio（Microsoft）</p></body></slide>
in Sheet Class, page: 7
title = ""
body = "<p>実世界の知識とWeb（２）• 道具立ては個人の手の届く範囲でも整えられつつある–マルチメディア情報の共有• YouTube, ポッドキャスティング–ウェアラブル，ユビキタス，ロボット，ゲーム技術• PCと簡単に接続できるセンサやアクチュエータのセット（Phidgets http://www.phidgets.com/ ）• GPSを用いない位置情報取得（http://www.placeengine.com/，http://locky.jp/）• 各種ロボットキット，LEGO MINDSTORMS，Roomba(http://www.irobot-jp.com/) ・・・ホビー用も登場• Wiiリモコン，XNA Game Studio（Microsoft）</p>"
makeWordArrayJp
paragraph: 実世界の知識とWeb（２）• 道具立ては個人の手の届く範囲でも整えられつつある–マルチメディア情報の共有• YouTube, ポッドキャスティング–ウェアラブル，ユビキタス，ロボット，ゲーム技術• PCと簡単に接続できるセンサやアクチュエータのセット（Phidgets http://www.phidgets.com/ ）• GPSを用いない位置情報取得（http://www.placeengine.com/，http://locky.jp/）• 各種ロボットキット，LEGO MINDSTORMS，Roomba(http://www.irobot-jp.com/) ・・・ホビー用も登場• Wiiリモコン，XNA Game Studio（Microsoft）
世界 :	名詞,一般,*,*,*,*,世界,セカイ,セカイ	true	1
知識 :	名詞,一般,*,*,*,*,知識,チシキ,チシキ	true	1
Web :	名詞,一般,*,*,*,*,*	false	1
）• :	名詞,サ変接続,*,*,*,*,*	false	1
道具立て :	名詞,一般,*,*,*,*,道具立て,ドウグダテ,ドーグダテ	true	1
個人 :	名詞,一般,*,*,*,*,個人,コジン,コジン	true	1
範囲 :	名詞,一般,*,*,*,*,範囲,ハンイ,ハンイ	true	1
マルチメディア :	名詞,一般,*,*,*,*,マルチメディア,マルチメディア,マルチメディア	true	1
情報 :	名詞,一般,*,*,*,*,情報,ジョウホウ,ジョーホー	true	1
共有 :	名詞,サ変接続,*,*,*,*,共有,キョウユウ,キョーユー	true	1
YouTube :	名詞,固有名詞,組織,*,*,*,*	false	1
ポッドキャスティング :	名詞,一般,*,*,*,*,*	false	1
ウェアラブル :	名詞,一般,*,*,*,*,*	false	1
ユビキタス :	名詞,一般,*,*,*,*,*	false	1
ロボット :	名詞,一般,*,*,*,*,ロボット,ロボット,ロボット	true	1
ゲーム :	名詞,一般,*,*,*,*,ゲーム,ゲーム,ゲーム	true	1
技術 :	名詞,一般,*,*,*,*,技術,ギジュツ,ギジュツ	true	1
PC :	名詞,固有名詞,組織,*,*,*,*	false	1
簡単 :	名詞,形容動詞語幹,*,*,*,*,簡単,カンタン,カンタン	true	1
接続 :	名詞,サ変接続,*,*,*,*,接続,セツゾク,セツゾク	true	1
センサ :	名詞,一般,*,*,*,*,*	false	1
アクチュエータ :	名詞,一般,*,*,*,*,アクチュエータ,アクチュエータ,アクチュエータ	true	1
セット :	名詞,一般,*,*,*,*,セット,セット,セット	true	1
Phidgets :	名詞,固有名詞,組織,*,*,*,*	false	1
http :	名詞,固有名詞,組織,*,*,*,*	false	1
:// :	名詞,サ変接続,*,*,*,*,*	false	1
www :	名詞,一般,*,*,*,*,*	false	1
phidgets :	名詞,一般,*,*,*,*,*	false	1
com :	名詞,一般,*,*,*,*,*	false	1
）• :	名詞,サ変接続,*,*,*,*,*	false	2
GPS :	名詞,一般,*,*,*,*,*	false	1
位置 :	名詞,サ変接続,*,*,*,*,位置,イチ,イチ	true	1
情報 :	名詞,一般,*,*,*,*,情報,ジョウホウ,ジョーホー	true	2
取得 :	名詞,サ変接続,*,*,*,*,取得,シュトク,シュトク	true	1
http :	名詞,固有名詞,組織,*,*,*,*	false	2
:// :	名詞,サ変接続,*,*,*,*,*	false	2
www :	名詞,一般,*,*,*,*,*	false	2
placeengine :	名詞,一般,*,*,*,*,*	false	1
com :	名詞,一般,*,*,*,*,*	false	2
/， :	名詞,サ変接続,*,*,*,*,*	false	1
http :	名詞,一般,*,*,*,*,*	false	3
:// :	名詞,サ変接続,*,*,*,*,*	false	3
locky :	名詞,一般,*,*,*,*,*	false	1
jp :	名詞,一般,*,*,*,*,*	false	1
/）• :	名詞,サ変接続,*,*,*,*,*	false	1
各種 :	名詞,一般,*,*,*,*,各種,カクシュ,カクシュ	true	1
ロボット :	名詞,一般,*,*,*,*,ロボット,ロボット,ロボット	true	2
キット :	名詞,一般,*,*,*,*,キット,キット,キット	true	1
LEGO :	名詞,固有名詞,組織,*,*,*,*	false	1
MINDSTORMS :	名詞,固有名詞,組織,*,*,*,*	false	1
Roomba :	名詞,固有名詞,組織,*,*,*,*	false	1
http :	名詞,一般,*,*,*,*,*	false	4
:// :	名詞,サ変接続,*,*,*,*,*	false	4
www :	名詞,一般,*,*,*,*,*	false	3
irobot :	名詞,一般,*,*,*,*,*	false	1
jp :	名詞,一般,*,*,*,*,*	false	2
com :	名詞,一般,*,*,*,*,*	false	3
/) :	名詞,サ変接続,*,*,*,*,*	false	1
ホビー :	名詞,一般,*,*,*,*,ホビー,ホビー,ホビー	true	1
登場 :	名詞,サ変接続,*,*,*,*,登場,トウジョウ,トージョー	true	1
Wii :	名詞,固有名詞,組織,*,*,*,*	false	1
リモコン :	名詞,一般,*,*,*,*,リモコン,リモコン,リモコン	true	1
XNA :	名詞,固有名詞,組織,*,*,*,*	false	1
Game :	名詞,固有名詞,組織,*,*,*,*	false	1
Studio :	名詞,固有名詞,組織,*,*,*,*	false	1
Microsoft :	名詞,固有名詞,組織,*,*,*,*	false	1
ページ: 8 -----
<slide page="8"><body><p>おわりに• あなたの身近なところに人工システムが息づこうとしていることを感じてください．• 人工システムをつくりだすための道具も，あなたのすぐ傍にあります．• 講義の内容に質問などあれば，いつでもご連絡ください担当： 久保田秀和kubota@ii.ist.i.kyoto-u.ac.jphttp://www.ii.ist.i.kyoto-u.ac.jp/~kubota/</p></body></slide>
in Sheet Class, page: 8
title = ""
body = "<p>おわりに• あなたの身近なところに人工システムが息づこうとしていることを感じてください．• 人工システムをつくりだすための道具も，あなたのすぐ傍にあります．• 講義の内容に質問などあれば，いつでもご連絡ください担当： 久保田秀和kubota@ii.ist.i.kyoto-u.ac.jphttp://www.ii.ist.i.kyoto-u.ac.jp/~kubota/</p>"
makeWordArrayJp
paragraph: おわりに• あなたの身近なところに人工システムが息づこうとしていることを感じてください．• 人工システムをつくりだすための道具も，あなたのすぐ傍にあります．• 講義の内容に質問などあれば，いつでもご連絡ください担当： 久保田秀和kubota@ii.ist.i.kyoto-u.ac.jphttp://www.ii.ist.i.kyoto-u.ac.jp/~kubota/
あなた :	名詞,代名詞,一般,*,*,*,あなた,アナタ,アナタ	true	1
身近 :	名詞,形容動詞語幹,*,*,*,*,身近,ミヂカ,ミジカ	true	1
ところ :	名詞,非自立,副詞可能,*,*,*,ところ,トコロ,トコロ	true	1
人工 :	名詞,一般,*,*,*,*,人工,ジンコウ,ジンコー	true	1
システム :	名詞,一般,*,*,*,*,システム,システム,システム	true	1
こと :	名詞,非自立,一般,*,*,*,こと,コト,コト	true	1
人工 :	名詞,一般,*,*,*,*,人工,ジンコウ,ジンコー	true	2
システム :	名詞,一般,*,*,*,*,システム,システム,システム	true	2
ため :	名詞,非自立,副詞可能,*,*,*,ため,タメ,タメ	true	1
道具 :	名詞,一般,*,*,*,*,道具,ドウグ,ドーグ	true	1
あなた :	名詞,代名詞,一般,*,*,*,あなた,アナタ,アナタ	true	2
講義 :	名詞,サ変接続,*,*,*,*,講義,コウギ,コーギ	true	1
内容 :	名詞,一般,*,*,*,*,内容,ナイヨウ,ナイヨー	true	1
質問 :	名詞,サ変接続,*,*,*,*,質問,シツモン,シツモン	true	1
いつ :	名詞,代名詞,一般,*,*,*,いつ,イツ,イツ	true	1
連絡 :	名詞,サ変接続,*,*,*,*,連絡,レンラク,レンラク	true	1
担当 :	名詞,サ変接続,*,*,*,*,担当,タントウ,タントー	true	1
久保田 :	名詞,固有名詞,人名,姓,*,*,久保田,クボタ,クボタ	true	1
秀和 :	名詞,固有名詞,人名,名,*,*,秀和,ヒデカズ,ヒデカズ	true	1
kubota :	名詞,固有名詞,組織,*,*,*,*	false	1
ii :	名詞,一般,*,*,*,*,*	false	1
ist :	名詞,一般,*,*,*,*,*	false	1
kyoto :	名詞,一般,*,*,*,*,*	false	1
ac :	名詞,一般,*,*,*,*,*	false	1
jphttp :	名詞,一般,*,*,*,*,*	false	1
:// :	名詞,サ変接続,*,*,*,*,*	false	1
www :	名詞,一般,*,*,*,*,*	false	1
ii :	名詞,一般,*,*,*,*,*	false	2
ist :	名詞,一般,*,*,*,*,*	false	2
kyoto :	名詞,一般,*,*,*,*,*	false	2
ac :	名詞,一般,*,*,*,*,*	false	2
jp :	名詞,一般,*,*,*,*,*	false	1
/~ :	名詞,サ変接続,*,*,*,*,*	false	1
kubota :	名詞,一般,*,*,*,*,*	false	2
