<@>?(1)
User(2)
robots(1)
EHBGFIB(1)
--><(1)
(&–(1)
Specification(2)
DV(1)
"-//(1)
">(1)
search(1)
YWebci(1)
"<(1)
"-:(1)
DK(1)
video(1)
.,*+(1)
&-.(1)
Retrieve(1)
Wide(1)
EW(1)
Plzh(1)
he(1)
ELEMENT(1)
EN(1)
Dr(1)
WUIGIX(1)
.).•(1)
EG(1)
Computing(1)
EI(1)
Publish(1)
knowledge(1)
behavior(1)
FPUZ(1)
readableP(1)
*,/(1)
FQ(1)
HCEc(1)
?.,*+(1)
Content(1)
FH(1)
may(1)
keyboard(1)
!*(1)
!-(1)
forinformation(1)
needs(1)
!'(1)
jphttp(1)
AgentCHTML(1)
&,%(1)
&+(2)
transactions(1)
body(1)
IAHL(1)
PCSSLHTMLY(1)
DefinitionH(1)
by(2)
?_(1)
&;(1)
%[(1)
'&(1)
:'–(1)
unordered(1)
da(1)
'+(1)
kyoto(4)
BWH(1)
and(3)
';(1)
Web(6)
DOCTYPE(1)
$+&*(1)
Application(1)
ci(1)
TXD(1)
DVm(1)
obtained(1)
through(1)
#/.(1)
],&^(1)
BG(1)
$:(1)
RNOZ(1)
gdi(1)
#^(1)
all(1)
%$(1)
%'(1)
CHMJKNI(1)
%&(1)
CX(1)
audio(1)
at(1)
universally(1)
Sinan(1)
understoodlanguage(1)
GKH(1)
reservations(1)
RLF(1)
photos(1)
CJ(1)
GUWNWIXKTR(1)
CF(1)
ac(4)
CR(1)
CO(1)
$\(1)
PUBLIC(1)
&$(1)
RFZ(1)
+"(1)
LM(1)
bCl(1)
of(2)
PGORR(1)
button(1)
Wiki(1)
graphical(1)
XFlA(1)
only(1)
Based(1)
AGUnorderd(1)
*+(1)
services(1)
:–(1)
searching(1)
?</(1)
FIB(1)
distribution(1)
#*)(1)
http(5)
NM(1)
+/(1)
KMGLI(1)
ND(1)
expert(1)
bLMPV(1)
)"(1)
"#$(1)
My(1)
EILLYQ(1)
(:(2)
click(1)
=–(1)
kuis(1)
(*(2)
>-<(1)
(.(2)
products(1)
*#(1)
!'))(1)
^•(1)
links(1)
);(1)
!$%(1)
!$&(1)
Braille(1)
PO(1)
ne(1)
)+(1)
),(3)
/&(1)
/()'(1)
Tacit(1)
jp(5)
/.(2)
/,(1)
Omachine(1)
HTML(8)
^–(2)
eifN(1)
applications(1)
eifK(1)
positlog(1)
IP(1)
means(1)
ClCSSY(1)
IX(1)
LCJ(1)
ClURLY(1)
li(1)
mother(1)
ld(1)
//(1)
/;(1)
.](1)
/=(1)
&+–(1)
JP(1)
,=(1)
-#(1)
JM(1)
Type(2)
from(1)
-+(1)
online(1)
,/(1)
@•(1)
,-(1)
implicitly(1)
Include(1)
,;(2)
,:(1)
,\(1)
zip(1)
->(1)
potentiallyunderstand(1)
is(2)
-@(1)
WQRY(1)
gives(1)
ii(2)
resource(1)
list(1)
clicking(1)
YHTMLY(1)
KS(1)
in(1)
.,(1)
.-(2)
,'+(1)
LMVT(1)
--(1)
?•(1)
-/(1)
!\*\,–(1)
LI(1)
spread(1)
Cascading(1)
ja(1)
MDIN(1)
)</(1)
itp(1)
etc(3)
"><(1)
CFN(1)
DJW(1)
!–(2)
NOZ(1)
Sheets(1)
.»(1)
To(1)
*(-.(1)
%'$(1)
Computer(1)
!•(1)
charset(1)
ist(2)
UL(1)
content(1)
UA(1)
kissy(1)
TU(1)
TT(1)
/~(2)
iscommonly(1)
(:*?((1)
use(1)
meta(1)
%&>(1)
The(2)
agentsinclude(1)
%&;(1)
publish(1)
World(1)
,…[–(1)
$–(1)
ul(1)
documents(1)
NDVm(1)
Vm(1)
kubota(2)
$•(1)
<@:(1)
Language(2)
YCIN(1)
publishing(1)
to(1)
QLIO(1)
>=@(1)
selecting(1)
loose(1)
MKL(1)
FeigenbaumG(1)
=:<+(1)
ordering(1)
hypertext(1)
dtd(1)
YORVBQ(1)
theretrieval(1)
htm(1)
index(2)
text(3)
EKL(1)
Knowledge(1)
Interface(1)
that(1)
input(1)
associated(1)
FOAF(1)
sound(1)
NJR(1)
browsers(1)
Transitional(1)
UML(1)
kanazawa(1)
ADC(1)
TG(1)
Si(1)
Extensible(1)
www(5)
TS(1)
TR(2)
lang(1)
Shortliffe(1)
-#,(1)
WWW(1)
System(1)
MedicalConsultations(1)
'•(1)
></(2)
Albir(1)
XHTML(1)
hassii(1)
SP(1)
Michael(1)
XAML(1)
DendralOPTY(1)
tables(1)
"!$(1)
html(5)
DJC(1)
>;/(1)
proxies(1)
)•(2)
SemanticWeb(1)
via(1)
(+&(1)
for(1)
_'(1)
equiv(1)
<:(1)
</(1)
PRSS(1)
authors(1)
)–(1)
^](1)
fuji(1)
XUL(1)
<!(2)
wind(1)
information(1)
+:+:%(1)
Kaze(1)
^#(1)
;,(1)
HyperText(1)
\_(1)
DTD(1)
non(1)
visual(1)
baseaOPTY(1)
language(1)
Management(1)
conducting(1)
GJNL(1)
link(1)
Polanyi(1)
PPP(1)
org(2)
This(1)
kind(1)
computers(1)
title(1)
:#(1)
–;(1)
Blog(1)
Opera(1)
&($+&(1)
GDTDLDocument(1)
.#+(1)
Edward(1)
bun(1)
Ogdi(1)
VXT(1)
JFMB(1)
-•(2)
Ajax(1)
DVALm(1)
Style(1)
What(1)
Markup(2)
remote(1)
used(1)
<=@(1)
?\(1)
@?(1)
HALQTCP(1)
cresta(1)
@'(1)
-–(1)
UTF(1)
)+:(1)
?!•(1)
directly(1)
head(1)
tongue(1)
CSS(3)
global(1)
MKMC(1)
?:(1)
Design(1)
ISF(1)
theirdocuments(1)
.)"(1)
default(1)
.–(2)
OSI(1)
&(*(1)
[](1)
other(1)
:/#(1)
one(1)
tgzO(1)
><(2)
>=(1)
clips(1)
UOPTY(1)
headings(1)
>#(1)
IRC(1)
://(6)
another(1)
Support(1)
=@(1)
JNHDCABOE(1)
making(1)
>-(1)
forms(1)
lists(1)
Community(1)
with(2)
listsH(1)
#'•(1)
Dimension(1)
the(2)
*)+'(1)
sheets(1)
="(1)
<>(1)
<<(1)
first(1)
{ 1 } { 2 } { 3 } { 4 } { 5 } { 6 } { 7 } { 9 } { 10 } { 11 } { 13 } { 14 } { 15 } { 16 } { 17 } { 18 } { 19 } { 20 } { 21 } { 22 } { 23 } 
Segment{ 2 }, Segment{ 3 }
コサイン類似度: 0.0
Segment{ 3 }, Segment{ 4 }
コサイン類似度: 0.0
Segment{ 4 }, Segment{ 5 }
コサイン類似度: 0.0
Segment{ 5 }, Segment{ 6 }
コサイン類似度: 0.0
Segment{ 6 }, Segment{ 7 }
コサイン類似度: 0.0
Segment{ 7 }, Segment{ 9 }
コサイン類似度: 0.0
Segment{ 9 }, Segment{ 10 }
コサイン類似度: 0.0
Segment{ 10 }, Segment{ 11 }
コサイン類似度: 0.02654160627690123
Segment{ 11 }, Segment{ 13 }
コサイン類似度: 0.0
Segment{ 13 }, Segment{ 14 }
コサイン類似度: 0.0
Segment{ 14 }, Segment{ 15 }
コサイン類似度: 0.012514658813002774
Segment{ 15 }, Segment{ 16 }
コサイン類似度: 0.0048693910062014715
Segment{ 16 }, Segment{ 17 }
コサイン類似度: 0.002215662750172154
Segment{ 17 }, Segment{ 18 }
コサイン類似度: 6.354459875973822E-4
Segment{ 18 }, Segment{ 19 }
コサイン類似度: 0.004783359943433195
Segment{ 19 }, Segment{ 20 }
コサイン類似度: 0.0035060190226677613
Segment{ 20 }, Segment{ 21 }
コサイン類似度: 0.030863949333673413
Segment{ 21 }, Segment{ 22 }
コサイン類似度: 0.007422501099839696
Segment{ 22 }, Segment{ 23 }
コサイン類似度: 0.0
