".(1)
BZCYK(1)
Rough(1)
",(1)
"'(2)
INTELLIGENT(1)
dYMXPqsrD(1)
IKDDII(1)
hIKH(1)
#"(1)
Ce(1)
ebD(1)
#-(1)
MXGT(1)
Wide(1)
UOdqm(1)
#,(1)
FC(1)
RSHd(1)
PObGF(1)
EV(1)
he(1)
ZTim(1)
EY(1)
Generalized(1)
ebI(1)
#@(1)
"^(1)
-'&+(1)
+.%(-/(1)
#=(1)
EQ(1)
IlifelogI(1)
EL(1)
go(2)
EI(1)
GC(1)
GF(1)
\_]•(1)
LanguageLQPO(1)
dl(1)
eu(1)
HB(1)
/?????/(1)
HA(2)
!#(1)
!$(1)
tDhttp(1)
!%(1)
+/$(1)
YMD(1)
jphttp(1)
eAU(1)
"!(2)
OdMUG(1)
YMI(1)
GP(1)
GO(1)
XML(6)
GK(1)
=?><(1)
$",$(1)
Leec(1)
@^(1)
!-.(1)
Harold(1)
eprints(1)
Rusty(1)
rdf(1)
GFdH(1)
LeeP(1)
SYSTEMS(1)
%!•(1)
'((1)
kyoto(1)
code(1)
and(1)
AG(1)
Web(3)
':(1)
AE(1)
Application(1)
AK(1)
AI(1)
("(1)
AP(1)
'@(1)
),*•(1)
Au(1)
consensus(1)
$/(1)
BCERN(1)
CA(1)
GJH(1)
Recommendation(2)
IUJNRE(1)
%"(1)
CERN(1)
.//)(1)
%'(1)
UOdP(1)
RFBSmedia(1)
%,(1)
SVT(1)
%*(1)
%)(1)
DB(1)
%.(1)
bS(1)
CI(1)
CF(2)
*"&#%(1)
CD(1)
ac(3)
bE(1)
&!(1)
%=(1)
ecs(1)
%>(1)
JNRE(1)
&#(1)
CL(1)
+*(1)
+)(1)
ns(1)
+&(1)
*<(1)
IVRZ(1)
of(1)
ML(1)
Lh(1)
fPaTWbdQCBg(1)
foaf(1)
UES(1)
:<>+(1)
+;(1)
asahi(1)
+=(1)
Lee(3)
+:(1)
NI(1)
http(7)
IETF(1)
+-(1)
gensen(1)
NP(2)
(=(1)
lprogniwyxs(1)
<“(1)
FGO(1)
(.(1)
*'(1)
_`[(1)
Nu(1)
OR(1)
Hall(1)
PH(1)
OdZcSefCycCBg(1)
Revisited(1)
ne(1)
Oc(1)
Od(1)
Ob(1)
Cact(1)
/%(2)
`[•(1)
/$(2)
/"(1)
jp(5)
HP(2)
*++$&(1)
/)(3)
HTML(2)
YaIW(1)
tokyo(1)
.;(1)
IE(2)
.:?(1)
Standard(1)
Xad(1)
xmlns(1)
HAGK(1)
/<(1)
JG(1)
newsU(1)
[•(1)
IJBKN(1)
,=(1)
-"(1)
:<>?(1)
-&(1)
IBE(1)
SGML(2)
-,(1)
online(2)
@•(1)
eDJKWQ(1)
-!,$(1)
Jb(1)
KR(1)
ii(1)
ForceO(1)
.-(1)
!(;(1)
Elliotte(1)
LK(1)
RDF(2)
Kd(1)
LG(1)
summary(1)
Working(1)
)<.(1)
WebY(1)
(#-(1)
DJG(1)
MNb(1)
soton(1)
+.,•(1)
RSSNFOAF(1)
Tu(1)
JNREC(1)
dYMXPqsr(1)
TbUW(1)
NePV(1)
!•(2)
ist(1)
UL(1)
;=#,(1)
flickr(1)
WebD(1)
HMNc(1)
fqsrl(1)
Task(1)
itc(1)
"–(1)
BQHQG(1)
/~(1)
-'((1)
)”<#(1)
aTim(1)
running(1)
-;'(1)
,•')&%*(/(1)
Wd(1)
nettv(2)
Shadbolt(1)
World(1)
LanguageA(1)
)^,(1)
site(1)
/](1)
uk(1)
$–(1)
WV(1)
@#=?(1)
')&%*("#+(1)
UNSY(1)
kubota(1)
Extensive(2)
YZG(1)
!;<(1)
CED(1)
Uu(1)
Language(1)
Tim(2)
”<(1)
Draft(2)
com(2)
KOdZcSeFh(1)
PUQRKJMLCFH(1)
Berners(6)
sw(1)
>[?(1)
hatena(1)
QP(1)
syntax(1)
PR(1)
FOAF(1)
)$%(1)
BGF(1)
gov(2)
YZabUc(1)
www(4)
about(3)
XVc(1)
fdeI(1)
'–(1)
IETFNInternet(1)
gensenweb(1)
Fpkr(1)
WWW(1)
POcZ(1)
qm(1)
Resource(1)
Description(1)
XHTML(1)
Framework(1)
LXVE(1)
html(1)
pp(1)
)&('(1)
SemanticWeb(1)
BTim(1)
tCG(1)
]`(1)
VTS(1)
]_(1)
*&-#(2)
Engineering(1)
-*(–(1)
;=(1)
sSemantictWeb(1)
*•(1)
;:(1)
;:((1)
jkondo(1)
LeeuBWebY(1)
HyperText(1)
\_(1)
\^(1)
'("(1)
RDFXT(1)
*–(1)
+<@(1)
Nigel(1)
UJNREC(1)
Internet(1)
:?(1)
.%;'(1)
Iblog(1)
sFhnjG(1)
org(2)
title(1)
`[(1)
URI(1)
IEEE(1)
"*'((1)
Friend(1)
wyxK(1)
PQK(1)
,–(2)
pnojOdZcSe(1)
IgpsID(1)
aXZD(1)
=<^(1)
YUJ(1)
cWNSHd(1)
Wendy(1)
WBmeanings(1)
Markup(2)
HOS(1)
)-'((1)
-–(1)
IRDFXT(1)
NXML(1)
Yu(1)
ORD(1)
@-(1)
EVPZ(1)
XKWD(1)
–*(1)
YH(2)
HNQ(1)
$(-–(2)
RAFKMR(1)
?;(1)
–#(1)
YP(1)
>@(1)
QXVJe(1)
',/(1)
[^(1)
BZKZJ(1)
/•(2)
><(1)
)))(1)
<`(1)
/–(1)
://(9)
=@<(1)
'+"(2)
=;(1)
=<(1)
=:(1)
="(1)
HNTim(1)
lprogniWeb(1)
<?(1)
BDFE(1)
{ 1 } { 2 } { 3 } { 4 } { 5 } { 6 } { 7 } { 8 } { 9 } { 10 } { 11 } { 12 } { 13 } { 14 } { 15 } { 16 } { 17 } { 18 } { 19 } { 20 } { 21 } 
Segment{ 2 }, Segment{ 3 }
コサイン類似度: 0.0
Segment{ 3 }, Segment{ 4 }
コサイン類似度: 0.0
Segment{ 4 }, Segment{ 5 }
コサイン類似度: 0.0
Segment{ 5 }, Segment{ 6 }
コサイン類似度: 0.00640962837569709
Segment{ 6 }, Segment{ 7 }
コサイン類似度: 0.008221669081746071
Segment{ 7 }, Segment{ 8 }
コサイン類似度: 0.0
Segment{ 8 }, Segment{ 9 }
コサイン類似度: 0.0
Segment{ 9 }, Segment{ 10 }
コサイン類似度: 7.609377319880726E-4
Segment{ 10 }, Segment{ 11 }
コサイン類似度: 0.17677530345826808
Segment{ 11 }, Segment{ 12 }
コサイン類似度: 0.009968835295820069
Segment{ 12 }, Segment{ 13 }
コサイン類似度: 0.0
Segment{ 13 }, Segment{ 14 }
コサイン類似度: 0.0
Segment{ 14 }, Segment{ 15 }
コサイン類似度: 0.0018087244530637847
Segment{ 15 }, Segment{ 16 }
コサイン類似度: 0.0
Segment{ 16 }, Segment{ 17 }
コサイン類似度: 0.0
Segment{ 17 }, Segment{ 18 }
コサイン類似度: 0.007053370426129699
Segment{ 18 }, Segment{ 19 }
コサイン類似度: 0.0
Segment{ 19 }, Segment{ 20 }
コサイン類似度: 6.986537902185768E-4
Segment{ 20 }, Segment{ 21 }
コサイン類似度: 0.009863618576280106
".(1)
BZCYK(1)
Rough(1)
",(1)
"'(2)
INTELLIGENT(1)
dYMXPqsrD(1)
IKDDII(1)
hIKH(1)
#"(1)
Ce(1)
ebD(1)
#-(1)
MXGT(1)
Wide(1)
UOdqm(1)
#,(1)
FC(1)
RSHd(1)
PObGF(1)
EV(1)
he(1)
ZTim(1)
EY(1)
Generalized(1)
ebI(1)
#@(1)
"^(1)
-'&+(1)
+.%(-/(1)
#=(1)
EQ(1)
IlifelogI(1)
EL(1)
go(2)
EI(1)
GC(1)
GF(1)
\_]•(1)
LanguageLQPO(1)
dl(1)
eu(1)
HB(1)
/?????/(1)
HA(2)
!#(1)
!$(1)
tDhttp(1)
!%(1)
+/$(1)
YMD(1)
jphttp(1)
eAU(1)
"!(2)
OdMUG(1)
YMI(1)
GP(1)
GO(1)
XML(6)
GK(1)
=?><(1)
$",$(1)
Leec(1)
@^(1)
!-.(1)
Harold(1)
eprints(1)
Rusty(1)
rdf(1)
GFdH(1)
LeeP(1)
SYSTEMS(1)
%!•(1)
'((1)
kyoto(1)
code(1)
and(1)
AG(1)
Web(3)
':(1)
AE(1)
Application(1)
AK(1)
AI(1)
("(1)
AP(1)
'@(1)
),*•(1)
Au(1)
consensus(1)
$/(1)
BCERN(1)
CA(1)
GJH(1)
Recommendation(1)
IUJNRE(1)
%"(1)
CERN(1)
.//)(1)
%'(1)
UOdP(1)
RFBSmedia(1)
%,(1)
SVT(1)
%*(1)
%)(1)
DB(1)
%.(1)
bS(1)
CI(1)
CF(2)
*"&#%(1)
CD(1)
ac(3)
bE(1)
&!(1)
%=(1)
ecs(1)
%>(1)
JNRE(1)
&#(1)
CL(1)
+*(1)
+)(1)
ns(1)
+&(1)
*<(1)
IVRZ(1)
of(1)
ML(1)
Lh(1)
fPaTWbdQCBg(1)
foaf(1)
UES(1)
:<>+(1)
+;(1)
asahi(1)
+=(1)
Lee(3)
+:(1)
NI(1)
http(7)
IETF(1)
+-(1)
gensen(1)
NP(2)
(=(1)
lprogniwyxs(1)
<“(1)
FGO(1)
(.(1)
*'(1)
_`[(1)
Nu(1)
OR(1)
Hall(1)
PH(1)
OdZcSefCycCBg(1)
Revisited(1)
ne(1)
Oc(1)
Od(1)
Ob(1)
Cact(1)
/%(2)
`[•(1)
/$(2)
/"(1)
jp(5)
HP(2)
*++$&(1)
/)(3)
HTML(2)
YaIW(1)
tokyo(1)
.;(1)
IE(2)
.:?(1)
Standard(1)
Xad(1)
xmlns(1)
HAGK(1)
/<(1)
JG(1)
newsU(1)
[•(1)
IJBKN(1)
,=(1)
-"(1)
:<>?(1)
-&(1)
IBE(1)
SGML(1)
-,(1)
online(2)
@•(1)
eDJKWQ(1)
-!,$(1)
Jb(1)
KR(1)
ii(1)
ForceO(1)
.-(1)
!(;(1)
Elliotte(1)
LK(1)
RDF(2)
Kd(1)
LG(1)
summary(1)
Working(1)
)<.(1)
WebY(1)
(#-(1)
DJG(1)
MNb(1)
soton(1)
+.,•(1)
RSSNFOAF(1)
Tu(1)
JNREC(1)
dYMXPqsr(1)
TbUW(1)
NePV(1)
!•(2)
ist(1)
UL(1)
;=#,(1)
flickr(1)
WebD(1)
HMNc(1)
fqsrl(1)
Task(1)
itc(1)
"–(1)
BQHQG(1)
/~(1)
-'((1)
)”<#(1)
aTim(1)
running(1)
-;'(1)
,•')&%*(/(1)
Wd(1)
nettv(2)
Shadbolt(1)
World(1)
LanguageA(1)
)^,(1)
site(1)
/](1)
uk(1)
$–(1)
WV(1)
@#=?(1)
')&%*("#+(1)
UNSY(1)
kubota(1)
Extensive(2)
YZG(1)
!;<(1)
CED(1)
Uu(1)
Language(1)
Tim(2)
”<(1)
Draft(1)
com(2)
KOdZcSeFh(1)
PUQRKJMLCFH(1)
Berners(6)
sw(1)
>[?(1)
hatena(1)
QP(1)
syntax(1)
PR(1)
FOAF(1)
)$%(1)
BGF(1)
gov(2)
YZabUc(1)
www(4)
about(3)
XVc(1)
fdeI(1)
'–(1)
IETFNInternet(1)
gensenweb(1)
Fpkr(1)
WWW(1)
POcZ(1)
qm(1)
Resource(1)
Description(1)
XHTML(1)
Framework(1)
LXVE(1)
html(1)
pp(1)
)&('(1)
SemanticWeb(1)
BTim(1)
tCG(1)
]`(1)
VTS(1)
]_(1)
*&-#(2)
Engineering(1)
-*(–(1)
;=(1)
sSemantictWeb(1)
*•(1)
;:(1)
;:((1)
jkondo(1)
LeeuBWebY(1)
HyperText(1)
\_(1)
\^(1)
'("(1)
RDFXT(1)
*–(1)
+<@(1)
Nigel(1)
UJNREC(1)
Internet(1)
:?(1)
.%;'(1)
Iblog(1)
sFhnjG(1)
org(2)
title(1)
`[(1)
URI(1)
IEEE(1)
"*'((1)
Friend(1)
wyxK(1)
PQK(1)
,–(2)
pnojOdZcSe(1)
IgpsID(1)
aXZD(1)
=<^(1)
YUJ(1)
cWNSHd(1)
Wendy(1)
WBmeanings(1)
Markup(1)
HOS(1)
)-'((1)
-–(1)
IRDFXT(1)
NXML(1)
Yu(1)
ORD(1)
@-(1)
EVPZ(1)
XKWD(1)
–*(1)
YH(2)
HNQ(1)
$(-–(2)
RAFKMR(1)
?;(1)
–#(1)
YP(1)
>@(1)
QXVJe(1)
',/(1)
[^(1)
BZKZJ(1)
/•(2)
><(1)
)))(1)
<`(1)
/–(1)
://(9)
=@<(1)
'+"(2)
=;(1)
=<(1)
=:(1)
="(1)
HNTim(1)
lprogniWeb(1)
<?(1)
BDFE(1)
{ 1 } { 2 } { 3 } { 4 } { 5 } { 6 } { 7 } { 8 } { 9 } { 10 11 } { 12 } { 13 } { 14 } { 15 } { 16 } { 17 } { 18 } { 19 } { 20 } { 21 } 
Segment{ 2 }, Segment{ 3 }
コサイン類似度: 0.0
Segment{ 3 }, Segment{ 4 }
コサイン類似度: 0.0
Segment{ 4 }, Segment{ 5 }
コサイン類似度: 0.0
Segment{ 5 }, Segment{ 6 }
コサイン類似度: 0.00640962837569709
Segment{ 6 }, Segment{ 7 }
コサイン類似度: 0.008221669081746071
Segment{ 7 }, Segment{ 8 }
コサイン類似度: 0.0
Segment{ 8 }, Segment{ 9 }
コサイン類似度: 0.0
Segment{ 9 }, Segment{ 10 11 }
コサイン類似度: 0.009805567784365143
Segment{ 10 11 }, Segment{ 12 }
コサイン類似度: 0.0024662598945191824
Segment{ 12 }, Segment{ 13 }
コサイン類似度: 0.0
Segment{ 13 }, Segment{ 14 }
コサイン類似度: 0.0
Segment{ 14 }, Segment{ 15 }
コサイン類似度: 0.0018087244530637847
Segment{ 15 }, Segment{ 16 }
コサイン類似度: 0.0
Segment{ 16 }, Segment{ 17 }
コサイン類似度: 0.0
Segment{ 17 }, Segment{ 18 }
コサイン類似度: 0.007053370426129699
Segment{ 18 }, Segment{ 19 }
コサイン類似度: 0.0
Segment{ 19 }, Segment{ 20 }
コサイン類似度: 6.986537902185768E-4
Segment{ 20 }, Segment{ 21 }
コサイン類似度: 0.009863618576280106
