+&(1)
IDF(3)
etc(1)
"((1)
*?(1)
<.(1)
of(2)
)–(1)
MK(1)
MJOH(1)
:•(1)
!–(1)
:\(1)
Frequency(1)
ONM(1)
DH(1)
KTO(1)
fKJe(1)
(#%(1)
)'$(1)
DJ(1)
ZQSRUXYT(1)
,)(1)
FA(1)
AIOL(1)
#-(1)
;:(1)
-&'(1)
crowds(1)
,'(2)
Inverse(1)
&[•(1)
!•(1)
KNM(1)
ist(2)
MQ(1)
GBECFDKN(1)
&?=–(1)
Term(1)
$"(1)
#>(1)
;'(1)
RPowerPoint(1)
TU(1)
/~(1)
&*%)!(1)
ZWVYS(1)
;=•(1)
:+(1)
–+,(1)
FR(1)
#+/(1)
folksN(1)
eN(1)
Thewisdom(1)
FG(1)
(-(1)
#–(2)
*"(1)
!)(1)
HD(1)
!/(1)
*&(2)
Bda(1)
.=/(1)
()+.(2)
!$(1)
Friend(1)
OQ(1)
kubota(2)
GV(1)
jphttp(1)
OPtaxonomyN(1)
)+(1)
XML(1)
/:=/&(1)
lzh(1)
BSUe(1)
&*(2)
&)(1)
]•(1)
jp(2)
@;(1)
WVYS(1)
/*(1)
;=&(1)
[/(1)
&=(1)
HTML(1)
-\(1)
@-(1)
KJe(1)
AEC(1)
II(1)
'.(1)
IM(1)
kyoto(2)
cBW(1)
DGK(1)
&–(1)
BA(1)
'/(1)
-"((1)
.:/(1)
BEHMNfolksonomyO(1)
BMIA(1)
"(@#(1)
BEHM(1)
.–(1)
FOAF(1)
AK(1)
(&(1)
/>(1)
.-–(1)
RSS(2)
[[(1)
TF(3)
JL(2)
MZX(1)
+,.(1)
$)(1)
-"(1)
$-(1)
www(1)
PageRank(1)
TS(1)
-,(1)
-)(1)
],(1)
MKEM(1)
'%(+.(1)
://(1)
,-(1)
.&•(1)
<\(1)
MPEG(1)
KJ(1)
#\(1)
$>(1)
&$!#(1)
,;(1)
>&(1)
%#(1)
DIDA(1)
zip(1)
%'(1)
Document(1)
-@(1)
,/-(1)
KM(1)
/>,(1)
ii(2)
DA(1)
%!/-(2)
HCV(1)
<@(1)
<?(1)
SUe(1)
ac(2)
&!(1)
$\(1)
tgz(1)
Google(1)
&%(1)
ZcbM(1)
&"(1)
{ 1 } { 2 } { 3 } { 4 } { 5 } { 6 } { 7 } { 8 } { 9 } { 10 } { 11 } { 12 } { 13 } { 14 } 
Segment{ 2 }, Segment{ 3 }
コサイン類似度: 0.0
Segment{ 3 }, Segment{ 4 }
コサイン類似度: 0.0
Segment{ 4 }, Segment{ 5 }
コサイン類似度: 0.0
Segment{ 5 }, Segment{ 6 }
コサイン類似度: 0.0
Segment{ 6 }, Segment{ 7 }
コサイン類似度: 0.0
Segment{ 7 }, Segment{ 8 }
コサイン類似度: 0.0
Segment{ 8 }, Segment{ 9 }
コサイン類似度: 0.0
Segment{ 9 }, Segment{ 10 }
コサイン類似度: 0.019138975058773815
Segment{ 10 }, Segment{ 11 }
コサイン類似度: 0.0
Segment{ 11 }, Segment{ 12 }
コサイン類似度: 0.0
Segment{ 12 }, Segment{ 13 }
コサイン類似度: 0.0
Segment{ 13 }, Segment{ 14 }
コサイン類似度: 0.0
