"/(1)
;<:/+(1)
LEMUTGXC(1)
"*(1)
IPEPWJ(1)
etc(1)
"#(1)
FNSJHRJ(1)
)'((1)
":(1)
%+#/;(1)
MNK(1)
PDFXUV(1)
UJ(1)
ist(2)
&-/(1)
system(1)
#:(1)
IHTMLXUV(1)
load(1)
EADIK(1)
-#)$(1)
/~(1)
$'.&<(1)
_&`–(1)
GF(1)
net(2)
Control(1)
#•(1)
ARFM(1)
TUYd(1)
#–(1)
Inter(1)
WJWebF(1)
);+(1)
Transmission(1)
interconnectionM(1)
WG(1)
Qkgjwy(1)
kubota(1)
jphttp(1)
!:(1)
"!(1)
QMOXZH(1)
NPa(1)
GI(1)
VZ(1)
KEAD(1)
rtvsu(1)
Open(1)
&-(1)
&,(1)
QPkgjwy(1)
Qp(1)
Qj(1)
"'&%)®(1)
:=+(1)
ipconfig(1)
nvexhybrx(1)
kgjwy(1)
!?)(1)
%•(3)
?.](1)
'$&(1)
LANRLocal(1)
kyoto(4)
><@(1)
QP(1)
jsxcoyj(1)
UFQDNV(1)
AD(1)
!=<(1)
-".(1)
AO(1)
(#(1)
ADC(1)
FHKJ(1)
$'(1)
www(2)
kkkcUZ(1)
VZiyfSz(1)
interconnection(1)
-/!.(1)
IYRUZLD(1)
BF(1)
BG(1)
-#,(1)
$:(1)
#@\(1)
BE(1)
$".(1)
cUZkkk(1)
%!(1)
%$(1)
%((1)
%&(1)
%,(1)
NLM(1)
%)(1)
DC(1)
Hkubota(1)
XZilO(1)
Rl(1)
(–(1)
%,#)$(1)
oRl(1)
)/&!.(1)
%:(1)
GLD(1)
Bp(1)
ac(4)
RqyaROJMS(1)
html(1)
NetworkS(1)
&/;(1)
ymuS(1)
nt(1)
FmPlbho(1)
(/*'((1)
ECGA(1)
+%(1)
*;(1)
IPFNSJ(1)
elW(1)
^[(1)
^\(1)
VZiyf(1)
Ikgjwy(1)
*.(1)
*,(1)
;?(1)
*+(1)
OSILOpen(1)
OiyfS(1)
>:–(1)
MANRMetropolitan(1)
*^(1)
CQTI(1)
+<(1)
]>(1)
;/(1)
ylc(1)
^<(1)
;&(2)
]\(1)
^;(1)
+%.(1)
http(2)
iyfS(1)
:<(1)
*;•(1)
;"(1)
oVaZMNK(1)
,-.(1)
Internet(1)
)"(1)
)((1)
iyfSWYOYz(1)
:/(1)
',)"•(1)
(?(1)
Skgjwy(1)
*.',)"•(1)
(<(1)
jpI(1)
KSkgjwy(1)
:((1)
,<](1)
IAEF(1)
kuis(1)
:$(1)
URL(1)
(,(1)
-<;•(1)
ORGPTMFNSJE(1)
`((1)
#.',)"(1)
LjWl(1)
,•(1)
HRJA(1)
JMFBK(1)
IFa(1)
TCP(2)
HRJZ(1)
NZL(1)
^)"(1)
WordXUV(1)
Fhlh(1)
HEFNQ(1)
KSOFGE(1)
/;–(1)
,|(1)
WHRJCY(1)
Area(1)
":;(1)
flS(1)
jp(3)
/+(1)
ISO(1)
/*(1)
/((2)
cresta(1)
KBT(1)
HZ(1)
cgi(1)
@&(1)
-–(1)
WHRJBY(1)
-\(1)
DNS(1)
dgbrx(1)
GLECO(1)
?'/(1)
DFA(1)
IF(1)
Protocol(1)
IE(1)
NEADIK(1)
systems(1)
positlog(1)
=>?(1)
KRQ(1)
XZ(1)
/@(1)
.)+(1)
IP(5)
.)-(1)
?:(1)
DocUZq(1)
DMiyf(1)
?&(1)
ybrx(1)
OSI(5)
?+(1)
Siyf(1)
,?(1)
JBG(1)
[_(1)
/•(1)
"/',)"(1)
>:(1)
\–(1)
@•(1)
FpOgLKjZ(1)
://(3)
IRC(1)
/–(1)
TNV(1)
:!%](1)
IAEFPPP(1)
EKGLE(1)
iyftx(1)
>*(1)
PositLog(3)
,;(1)
>)(1)
WHD(1)
jS(1)
JCE(1)
TIAEF(1)
ii(2)
{!(1)
\$(1)
.)(1)
*'((1)
KFKGLE(1)
.,(1)
-/(1)
#'$&(1)
,'((1)
FpRl(1)
GCH(1)
LK(1)
WANRWide(1)
IPFNSJUXV(1)
piu(1)
-<(1)
{ 1 } { 2 } { 3 } { 4 } { 5 } { 6 } { 7 } { 8 } { 9 } { 10 } { 11 } { 12 } { 13 } { 14 } { 15 } { 16 } 
Segment{ 2 }, Segment{ 3 }
コサイン類似度: 0.0
Segment{ 3 }, Segment{ 4 }
コサイン類似度: 0.0
Segment{ 4 }, Segment{ 5 }
コサイン類似度: 0.004554584156223506
Segment{ 5 }, Segment{ 6 }
コサイン類似度: 0.0011332346952120796
Segment{ 6 }, Segment{ 7 }
コサイン類似度: 0.0027112089980666143
Segment{ 7 }, Segment{ 8 }
コサイン類似度: 0.007395406138496606
Segment{ 8 }, Segment{ 9 }
コサイン類似度: 0.010747994603829747
Segment{ 9 }, Segment{ 10 }
コサイン類似度: 0.02291879992971446
Segment{ 10 }, Segment{ 11 }
コサイン類似度: 0.011560156762846127
Segment{ 11 }, Segment{ 12 }
コサイン類似度: 0.0
Segment{ 12 }, Segment{ 13 }
コサイン類似度: 0.0
Segment{ 13 }, Segment{ 14 }
コサイン類似度: 0.0
Segment{ 14 }, Segment{ 15 }
コサイン類似度: 0.004897402775682022
Segment{ 15 }, Segment{ 16 }
コサイン類似度: 0.0
