キット(1)
/）•(1)
ユビキタス(1)
プログラミング(1)
WebAPI(1)
最終(1)
自然(1)
評価(1)
言語(2)
実習(1)
変化(1)
ハードル(1)
Wiki(2)
マイクロ(1)
処理(2)
担当(1)
microformats(3)
仕組み(2)
うち(1)
わたし(1)
ロボット(1)
アップ(2)
ブログ(1)
構造(1)
デスク(1)
ist(2)
世界(2)
媒介(1)
各種(2)
たち(1)
応用(1)
ウェアラブル(1)
挑戦(1)
コンテンツ(1)
質問(1)
http(1)
デザイン(2)
CGM(2)
講義(1)
演習(2)
画像(1)
秀和(2)
まとめ(1)
Wii(1)
没入(1)
/~(2)
統一(1)
Studio(1)
ウェア(1)
影響(2)
取得(1)
ノウハウ(1)
身近(1)
phidgets(1)
YouTube(1)
トップ(1)
再現(1)
人工(4)
グループ(1)
研究(1)
主観(1)
いつ(1)
経験(1)
フレーム(1)
社会(1)
コミュニケーション(1)
方法(1)
連絡(1)
もの(1)
システム(4)
アプリケーション(1)
配信(1)
体得(1)
人間(1)
kubota(2)
Folksonomy(1)
趣味(1)
jphttp(2)
可視(1)
違い(1)
セット(1)
？–(1)
PC(1)
ポッドキャスティング(2)
自分(1)
文学部(1)
com(1)
暮らし(2)
Ajax(1)
jp(3)
ところ(1)
/)(1)
登場(1)
LEGO(1)
CGUI(1)
インタラクション(3)
向け(1)
ゲーム(1)
HTML(2)
ネットワーク(1)
指針(1)
placeengine(1)
軽量(1)
操作(1)
こと(2)
XFN(1)
枠組み(1)
内容(1)
接続(1)
意見(1)
個人(3)
道具(1)
kyoto(2)
CSS(1)
Game(1)
基礎(1)
Microsoft(1)
共有(1)
記法(1)
簡単(1)
学習(2)
技術(3)
Phidgets(1)
体験(1)
センサ(1)
Web(4)
ワーク(1)
手法(1)
ため(2)
locky(1)
JavaScript(2)
RSS(2)
MINDSTORMS(1)
マーク(2)
Roomba(1)
注意(1)
僅か(1)
計算(1)
位置(1)
あなた(1)
マルチメディア(2)
範囲(1)
www(3)
Accuracy(1)
hReview(1)
存在(1)
知識(2)
リモコン(1)
irobot(1)
://(3)
ホビー(1)
道具立て(1)
PositLog(1)
日記(1)
背景(1)
映像(1)
今後(1)
周辺(1)
情報(5)
久保田(2)
利用(2)
タグ(2)
シナリオ(1)
Reliability(1)
現場(1)
データ(1)
ii(2)
/，(1)
必要(2)
表現(1)
）•(2)
意味(1)
XNA(1)
アクチュエータ(1)
ac(2)
GPS(1)
RDF(2)
{ 1 } { 2 } { 3 } { 4 } { 5 } { 6 } { 7 } { 8 } 
Segment{ 2 }, Segment{ 3 }
コサイン類似度: 0.01729898550880862
Segment{ 3 }, Segment{ 4 }
コサイン類似度: 0.010775426887759855
Segment{ 4 }, Segment{ 5 }
コサイン類似度: 0.04936504915722502
Segment{ 5 }, Segment{ 6 }
コサイン類似度: 0.006073598256046525
Segment{ 6 }, Segment{ 7 }
コサイン類似度: 0.056807920376988744
Segment{ 7 }, Segment{ 8 }
コサイン類似度: 0.026334234727214655
/）•(1)
キット(1)
ユビキタス(1)
プログラミング(1)
WebAPI(1)
最終(1)
自然(1)
評価(1)
言語(2)
実習(1)
変化(1)
ハードル(1)
Wiki(2)
マイクロ(1)
処理(2)
担当(1)
microformats(3)
仕組み(2)
うち(1)
わたし(1)
ロボット(1)
アップ(2)
ブログ(1)
構造(1)
デスク(1)
ist(2)
世界(1)
媒介(1)
各種(2)
たち(1)
応用(1)
ウェアラブル(1)
挑戦(1)
コンテンツ(1)
質問(1)
http(1)
デザイン(2)
CGM(2)
講義(1)
演習(2)
画像(1)
秀和(2)
まとめ(1)
Wii(1)
没入(1)
/~(2)
統一(1)
Studio(1)
ウェア(1)
影響(2)
取得(1)
ノウハウ(1)
身近(1)
phidgets(1)
YouTube(1)
トップ(1)
再現(1)
人工(4)
グループ(1)
研究(1)
主観(1)
いつ(1)
経験(1)
フレーム(1)
社会(1)
コミュニケーション(1)
方法(1)
連絡(1)
もの(1)
システム(4)
アプリケーション(1)
配信(1)
体得(1)
人間(1)
kubota(2)
Folksonomy(1)
趣味(1)
jphttp(2)
可視(1)
違い(1)
セット(1)
？–(1)
PC(1)
ポッドキャスティング(2)
自分(1)
文学部(1)
com(1)
暮らし(2)
Ajax(1)
jp(3)
ところ(1)
/)(1)
登場(1)
LEGO(1)
CGUI(1)
インタラクション(3)
向け(1)
ゲーム(1)
HTML(2)
ネットワーク(1)
指針(1)
placeengine(1)
軽量(1)
操作(1)
こと(2)
XFN(1)
枠組み(1)
内容(1)
接続(1)
意見(1)
個人(2)
道具(1)
kyoto(2)
CSS(1)
Game(1)
基礎(1)
Microsoft(1)
共有(1)
記法(1)
簡単(1)
学習(2)
技術(3)
Phidgets(1)
体験(1)
センサ(1)
Web(3)
ワーク(1)
手法(1)
ため(2)
locky(1)
JavaScript(2)
RSS(2)
MINDSTORMS(1)
マーク(2)
Roomba(1)
注意(1)
僅か(1)
計算(1)
位置(1)
あなた(1)
マルチメディア(2)
範囲(1)
www(3)
Accuracy(1)
hReview(1)
存在(1)
知識(1)
irobot(1)
リモコン(1)
://(3)
ホビー(1)
道具立て(1)
PositLog(1)
日記(1)
背景(1)
映像(1)
今後(1)
周辺(1)
情報(5)
久保田(2)
利用(2)
タグ(2)
シナリオ(1)
Reliability(1)
現場(1)
データ(1)
ii(2)
/，(1)
必要(2)
表現(1)
）•(1)
意味(1)
XNA(1)
アクチュエータ(1)
ac(2)
GPS(1)
RDF(2)
{ 1 } { 2 } { 3 } { 4 } { 5 } { 6 7 } { 8 } 
Segment{ 2 }, Segment{ 3 }
コサイン類似度: 0.01726003004725132
Segment{ 3 }, Segment{ 4 }
コサイン類似度: 0.010691973891133183
Segment{ 4 }, Segment{ 5 }
コサイン類似度: 0.049044798313732825
Segment{ 5 }, Segment{ 6 7 }
コサイン類似度: 0.016899738211350983
Segment{ 6 7 }, Segment{ 8 }
コサイン類似度: 0.025452462957049955
