".(1)
CGB(1)
OVJ(1)
ED(1)
VO(1)
ebf(1)
UYO(1)
cVol(1)
")(1)
HGc(1)
"%(1)
"?(1)
CYMY(1)
aist(1)
WordKHINRMQN(1)
";(1)
"-.(1)
":(1)
chocoa(1)
CFH(1)
stefik(1)
abouthm(1)
!*,•(1)
colab(1)
SYDY(1)
(#&(1)
]`\_(1)
Cooperative(1)
Activating(1)
#-(1)
#!.–(1)
CLHBI(1)
#+(1)
#,(1)
Computer(1)
Relay(1)
ist(2)
GEG(1)
JVE(1)
#$(2)
$#(1)
HOCOA(1)
HMAJICF(1)
%("(1)
$.-–(1)
EF(1)
load(1)
EJ(1)
go(1)
/~(2)
!+?*(1)
EIKHCDB(1)
:=;?(1)
FZ(1)
XJ(1)
Work(1)
@<=;•(1)
enshu(1)
iWiki(1)
:@<(1)
Stefik(1)
!)(1)
.,((1)
dPQ(1)
!#(1)
web(1)
%+-(1)
parc(1)
MNKD(1)
+/@(1)
kubota(1)
!&(1)
!;(1)
jphttp(1)
BED(1)
osamu(1)
OWBTP(1)
.,/(1)
&*(1)
&,(1)
com(3)
OTGJPYQ(1)
&'(1)
WfbU(1)
&)(2)
HTMLKHINRMQN(1)
kousakusha(1)
):•(1)
fbi(1)
&;(1)
FOLQJ(1)
&!$((1)
*.(-)(1)
ClearBoard(1)
htm(2)
'.(1)
:*.(1)
index(1)
FPositLog(1)
'+(1)
kyoto(4)
><@(1)
%'")"$(*-.(1)
AC(1)
AD(1)
Web(2)
?=<(1)
AL(1)
-".(1)
hmsys(1)
Systemb(1)
cf(1)
:>)(1)
(@,(1)
XJDNJ(1)
XBEXJRGCXASYZIM(1)
www(3)
understanding(1)
$,(1)
CB(1)
morikawa(1)
'–(1)
BG(1)
WYSIWIS(1)
BC(1)
Movie(2)
BHQ(1)
$=(1)
$".(1)
OIM(1)
JUBHQ(1)
edu(1)
BJ(1)
@;@<(1)
members(1)
%$(1)
GRXLU(1)
You(1)
techinfo(1)
%)(1)
Hkubota(1)
provides(1)
you(1)
See(1)
which(1)
AFN(1)
GLD(1)
an(1)
irc(1)
[!)(1)
ac(4)
html(2)
QYU(1)
(•(1)
)•(1)
+((2)
ECGA(1)
oR(1)
+%(1)
for(1)
/&.(1)
<;(1)
*=(1)
of(1)
)–(1)
MI(1)
;<(1)
*.(1)
;?(1)
OEKNF(1)
YQR(1)
*+(1)
fujitsu(1)
,;•(1)
others(1)
CSCW(1)
YOX(1)
Chat(1)
.%+(1)
freeware(1)
+<(1)
+=(1)
+:(1)
;)(1)
%*@>)(1)
http(5)
;((1)
:@(1)
activitiesof(1)
ND(1)
IDGSU(1)
Internet(1)
:?(1)
(@(1)
)((1)
FSGJ(1)
)%(1)
',)"•(1)
Awareness(1)
hBA(1)
/:•(1)
:+(1)
(>(1)
:*(1)
*.',)"•(1)
;>'&>(1)
jpI(1)
ownactivity(1)
AJMAJIC(1)
XEIYU(1)
+–(1)
kuis(1)
(+(1)
()(1)
dfO(1)
(/(1)
*#(1)
istl(1)
QUM(1)
#.',)"(1)
*((1)
Ishii(1)
^`(1)
mit(1)
HuNeAS(1)
No(2)
HyperMirror(1)
<–(2)
#-#(1)
TCP(1)
KGJWY(1)
EUQ(1)
()"$(1)
LbTaePg(1)
EFYI(1)
TKPUC(1)
Pbf(1)
PC(2)
]•(1)
Supported(1)
":;(1)
aHuman(1)
What(1)
jp(4)
LBA(1)
GTH(1)
/'(1)
IRCAT(1)
/((1)
@?(1)
?@(1)
cresta(1)
DNJ(1)
cgi(1)
@'(1)
CHOCOA(3)
DNS(1)
.:(1)
<@–(1)
DFA(1)
!$+"(1)
IE(2)
positlog(1)
ks(1)
/@(1)
?;(1)
>@(1)
labs(1)
XIhttp(1)
YL(1)
Network(1)
]–(1)
QSX(1)
/<(2)
?((1)
JE(1)
",-#(1)
PDFKHINRMQN(1)
media(2)
/:(2)
IsWhat(1)
,?(1)
\=(1)
JBG(1)
Colab(1)
>/(1)
[`(1)
-"(1)
"/',)"(1)
Dourish(1)
,:-(1)
JX(1)
><(1)
ishii(1)
-,(1)
HVol(1)
YWX(1)
,.(1)
://(7)
IRC(1)
/–(3)
>%(1)
&'!.(1)
staff(1)
POLQJ(1)
Mark(1)
TLRUN(1)
()=(1)
PositLog(2)
JOIN(1)
,;(1)
[=(1)
:=@<(1)
jS(1)
is(1)
VZQSX(1)
:/#+&(1)
.'/(1)
ii(2)
,;+(1)
the(1)
%=>?(1)
OLQJ(1)
KHALYP(1)
-.(1)
HMabst(1)
'.#+&(1)
-/(1)
=!(2)
;>!%(1)
BCDBGF(1)
context(1)
group(1)
-;(1)
{ 1 } { 2 } { 3 } { 4 } { 5 } { 6 } { 7 } { 8 } { 9 } { 10 } { 11 } { 12 } { 13 } { 14 } { 15 } { 16 } { 17 } { 18 } { 19 } 
Segment{ 2 }, Segment{ 3 }
コサイン類似度: 0.0
Segment{ 3 }, Segment{ 4 }
コサイン類似度: 0.0
Segment{ 4 }, Segment{ 5 }
コサイン類似度: 0.0
Segment{ 5 }, Segment{ 6 }
コサイン類似度: 0.0
Segment{ 6 }, Segment{ 7 }
コサイン類似度: 0.0
Segment{ 7 }, Segment{ 8 }
コサイン類似度: 0.0
Segment{ 8 }, Segment{ 9 }
コサイン類似度: 0.007853239801977217
Segment{ 9 }, Segment{ 10 }
コサイン類似度: 0.00741200951141571
Segment{ 10 }, Segment{ 11 }
コサイン類似度: 0.021347956453956513
Segment{ 11 }, Segment{ 12 }
コサイン類似度: 0.0
Segment{ 12 }, Segment{ 13 }
コサイン類似度: 0.0
Segment{ 13 }, Segment{ 14 }
コサイン類似度: 0.0
Segment{ 14 }, Segment{ 15 }
コサイン類似度: 0.0
Segment{ 15 }, Segment{ 16 }
コサイン類似度: 0.0
Segment{ 16 }, Segment{ 17 }
コサイン類似度: 0.0
Segment{ 17 }, Segment{ 18 }
コサイン類似度: 0.023654977261035704
Segment{ 18 }, Segment{ 19 }
コサイン類似度: 0.01380777552555058
